[ 2015-09-29T10:56:06+08:00 ] 127.0.0.1 /wisdom/index.php/Home/Business/review.html
INFO: [ app_init ] --START--
INFO: Run Behavior\BuildLiteBehavior [ RunTime:0.000000s ]
INFO: [ app_init ] --END-- [ RunTime:0.032002s ]
INFO: [ app_begin ] --START--
INFO: Run Behavior\ReadHtmlCacheBehavior [ RunTime:0.001000s ]
INFO: [ app_begin ] --END-- [ RunTime:0.001000s ]

[ 2015-09-29T10:56:06+08:00 ] 127.0.0.1 /wisdom/index.php/Home/Login/login.html
INFO: [ app_init ] --START--
INFO: Run Behavior\BuildLiteBehavior [ RunTime:0.000000s ]
INFO: [ app_init ] --END-- [ RunTime:0.000000s ]
INFO: [ app_begin ] --START--
INFO: Run Behavior\ReadHtmlCacheBehavior [ RunTime:0.000000s ]
INFO: [ app_begin ] --END-- [ RunTime:0.001000s ]
INFO: [ view_parse ] --START--
INFO: [ template_filter ] --START--
INFO: Run Behavior\ContentReplaceBehavior [ RunTime:0.001000s ]
INFO: [ template_filter ] --END-- [ RunTime:0.001000s ]
INFO: Run Behavior\ParseTemplateBehavior [ RunTime:0.114007s ]
INFO: [ view_parse ] --END-- [ RunTime:0.115007s ]
INFO: [ view_filter ] --START--
INFO: Run Behavior\WriteHtmlCacheBehavior [ RunTime:0.001000s ]
INFO: [ view_filter ] --END-- [ RunTime:0.001000s ]
INFO: [ app_end ] --START--
INFO: Run Behavior\ShowPageTraceBehavior [ RunTime:0.010000s ]
INFO: [ app_end ] --END-- [ RunTime:0.010000s ]

[ 2015-09-29T10:56:07+08:00 ] 127.0.0.1 /wisdom/index.php/Home/Login/verify.html
INFO: [ app_init ] --START--
INFO: Run Behavior\BuildLiteBehavior [ RunTime:0.000000s ]
INFO: [ app_init ] --END-- [ RunTime:0.002001s ]
INFO: [ app_begin ] --START--
INFO: Run Behavior\ReadHtmlCacheBehavior [ RunTime:0.001000s ]
INFO: [ app_begin ] --END-- [ RunTime:0.001000s ]
INFO: [ app_end ] --START--
INFO: Run Behavior\ShowPageTraceBehavior [ RunTime:0.002000s ]
INFO: [ app_end ] --END-- [ RunTime:0.002000s ]

[ 2015-09-29T10:56:29+08:00 ] 127.0.0.1 /wisdom/index.php/Home/Login/check_verify
INFO: [ app_init ] --START--
INFO: Run Behavior\BuildLiteBehavior [ RunTime:0.000000s ]
INFO: [ app_init ] --END-- [ RunTime:0.001000s ]
INFO: [ app_begin ] --START--
INFO: Run Behavior\ReadHtmlCacheBehavior [ RunTime:0.001000s ]
INFO: [ app_begin ] --END-- [ RunTime:0.002000s ]
INFO: [ app_end ] --START--
INFO: Run Behavior\ShowPageTraceBehavior [ RunTime:0.001000s ]
INFO: [ app_end ] --END-- [ RunTime:0.001000s ]

[ 2015-09-29T10:56:30+08:00 ] 127.0.0.1 /wisdom/index.php/Home/Business/index
INFO: [ app_init ] --START--
INFO: Run Behavior\BuildLiteBehavior [ RunTime:0.000000s ]
INFO: [ app_init ] --END-- [ RunTime:0.001000s ]
INFO: [ app_begin ] --START--
INFO: Run Behavior\ReadHtmlCacheBehavior [ RunTime:0.001000s ]
INFO: [ app_begin ] --END-- [ RunTime:0.001000s ]
SQL: SHOW COLUMNS FROM `t_user_role` [ RunTime:0.0300s ]
SQL: SELECT * FROM `t_user_role` WHERE ( f_user_id=7062 ) LIMIT 1   [ RunTime:0.0100s ]
SQL: SHOW COLUMNS FROM `t_role` [ RunTime:0.0110s ]
SQL: SELECT * FROM `t_role` WHERE ( f_id=74 ) LIMIT 1   [ RunTime:0.0090s ]
SQL: SHOW COLUMNS FROM `t_syscolumn` [ RunTime:0.0100s ]
SQL: SELECT * FROM `t_syscolumn` WHERE ( F_SYS_COLUMN_PID=0 and F_SYS_COLUMN_STATE=1 ) ORDER BY F_SYS_COLUMN_SORT  [ RunTime:0.0100s ]
SQL: SELECT * FROM `t_syscolumn` WHERE ( F_SYS_COLUMN_PID=2 and F_SYS_COLUMN_STATE=1 ) ORDER BY F_SYS_COLUMN_SORT  [ RunTime:0.0100s ]
SQL: SELECT * FROM `t_syscolumn`  [ RunTime:0.0100s ]
INFO: [ view_parse ] --START--
INFO: [ template_filter ] --START--
INFO: Run Behavior\ContentReplaceBehavior [ RunTime:0.000000s ]
INFO: [ template_filter ] --END-- [ RunTime:0.000000s ]
INFO: Run Behavior\ParseTemplateBehavior [ RunTime:0.083005s ]
INFO: [ view_parse ] --END-- [ RunTime:0.083005s ]
INFO: [ view_filter ] --START--
INFO: Run Behavior\WriteHtmlCacheBehavior [ RunTime:0.001000s ]
INFO: [ view_filter ] --END-- [ RunTime:0.001000s ]
INFO: [ app_end ] --START--
INFO: Run Behavior\ShowPageTraceBehavior [ RunTime:0.001000s ]
INFO: [ app_end ] --END-- [ RunTime:0.001000s ]

[ 2015-09-29T10:57:14+08:00 ] ::1 /wisdom/Index.php
INFO: [ app_init ] --START--
INFO: Run Behavior\BuildLiteBehavior [ RunTime:0.000000s ]
INFO: [ app_init ] --END-- [ RunTime:0.000000s ]
INFO: [ app_begin ] --START--
INFO: Run Behavior\ReadHtmlCacheBehavior [ RunTime:0.002000s ]
INFO: [ app_begin ] --END-- [ RunTime:0.002000s ]

[ 2015-09-29T10:57:14+08:00 ] ::1 /wisdom/Index.php/Home/Login/login.html
INFO: [ app_init ] --START--
INFO: Run Behavior\BuildLiteBehavior [ RunTime:0.000000s ]
INFO: [ app_init ] --END-- [ RunTime:0.001000s ]
INFO: [ app_begin ] --START--
INFO: Run Behavior\ReadHtmlCacheBehavior [ RunTime:0.001000s ]
INFO: [ app_begin ] --END-- [ RunTime:0.001000s ]
INFO: [ view_parse ] --START--
INFO: [ template_filter ] --START--
INFO: Run Behavior\ContentReplaceBehavior [ RunTime:0.001000s ]
INFO: [ template_filter ] --END-- [ RunTime:0.001000s ]
INFO: Run Behavior\ParseTemplateBehavior [ RunTime:0.016001s ]
INFO: [ view_parse ] --END-- [ RunTime:0.016001s ]
INFO: [ view_filter ] --START--
INFO: Run Behavior\WriteHtmlCacheBehavior [ RunTime:0.001000s ]
INFO: [ view_filter ] --END-- [ RunTime:0.001000s ]
INFO: [ app_end ] --START--
INFO: Run Behavior\ShowPageTraceBehavior [ RunTime:0.001000s ]
INFO: [ app_end ] --END-- [ RunTime:0.001000s ]

[ 2015-09-29T10:57:15+08:00 ] ::1 /wisdom/Index.php/Home/Login/verify.html
INFO: [ app_init ] --START--
INFO: Run Behavior\BuildLiteBehavior [ RunTime:0.000000s ]
INFO: [ app_init ] --END-- [ RunTime:0.000000s ]
INFO: [ app_begin ] --START--
INFO: Run Behavior\ReadHtmlCacheBehavior [ RunTime:0.000000s ]
INFO: [ app_begin ] --END-- [ RunTime:0.001000s ]
INFO: [ app_end ] --START--
INFO: Run Behavior\ShowPageTraceBehavior [ RunTime:0.000000s ]
INFO: [ app_end ] --END-- [ RunTime:0.001000s ]

[ 2015-09-29T10:57:26+08:00 ] ::1 /wisdom/Index.php/Home/Login/check_verify
INFO: [ app_init ] --START--
INFO: Run Behavior\BuildLiteBehavior [ RunTime:0.000000s ]
INFO: [ app_init ] --END-- [ RunTime:0.000000s ]
INFO: [ app_begin ] --START--
INFO: Run Behavior\ReadHtmlCacheBehavior [ RunTime:0.001000s ]
INFO: [ app_begin ] --END-- [ RunTime:0.001000s ]
INFO: [ app_end ] --START--
INFO: Run Behavior\ShowPageTraceBehavior [ RunTime:0.001000s ]
INFO: [ app_end ] --END-- [ RunTime:0.002001s ]

[ 2015-09-29T10:57:26+08:00 ] ::1 /wisdom/Index.php/Home/Business/index
INFO: [ app_init ] --START--
INFO: Run Behavior\BuildLiteBehavior [ RunTime:0.000000s ]
INFO: [ app_init ] --END-- [ RunTime:0.001000s ]
INFO: [ app_begin ] --START--
INFO: Run Behavior\ReadHtmlCacheBehavior [ RunTime:0.000000s ]
INFO: [ app_begin ] --END-- [ RunTime:0.000000s ]
SQL: SHOW COLUMNS FROM `t_user_role` [ RunTime:0.0060s ]
SQL: SELECT * FROM `t_user_role` WHERE ( f_user_id=7062 ) LIMIT 1   [ RunTime:0.0060s ]
SQL: SHOW COLUMNS FROM `t_role` [ RunTime:0.0060s ]
SQL: SELECT * FROM `t_role` WHERE ( f_id=74 ) LIMIT 1   [ RunTime:0.0060s ]
SQL: SHOW COLUMNS FROM `t_syscolumn` [ RunTime:0.0060s ]
SQL: SELECT * FROM `t_syscolumn` WHERE ( F_SYS_COLUMN_PID=0 and F_SYS_COLUMN_STATE=1 ) ORDER BY F_SYS_COLUMN_SORT  [ RunTime:0.0060s ]
SQL: SELECT * FROM `t_syscolumn` WHERE ( F_SYS_COLUMN_PID=2 and F_SYS_COLUMN_STATE=1 ) ORDER BY F_SYS_COLUMN_SORT  [ RunTime:0.0070s ]
SQL: SELECT * FROM `t_syscolumn`  [ RunTime:0.0080s ]
INFO: [ view_parse ] --START--
INFO: [ template_filter ] --START--
INFO: Run Behavior\ContentReplaceBehavior [ RunTime:0.000000s ]
INFO: [ template_filter ] --END-- [ RunTime:0.000000s ]
INFO: Run Behavior\ParseTemplateBehavior [ RunTime:0.021001s ]
INFO: [ view_parse ] --END-- [ RunTime:0.021001s ]
INFO: [ view_filter ] --START--
INFO: Run Behavior\WriteHtmlCacheBehavior [ RunTime:0.000000s ]
INFO: [ view_filter ] --END-- [ RunTime:0.000000s ]
INFO: [ app_end ] --START--
INFO: Run Behavior\ShowPageTraceBehavior [ RunTime:0.002000s ]
INFO: [ app_end ] --END-- [ RunTime:0.002000s ]

[ 2015-09-29T10:57:38+08:00 ] 127.0.0.1 /wisdom/index.php/Home/Office/index
INFO: [ app_init ] --START--
INFO: Run Behavior\BuildLiteBehavior [ RunTime:0.000000s ]
INFO: [ app_init ] --END-- [ RunTime:0.001000s ]
INFO: [ app_begin ] --START--
INFO: Run Behavior\ReadHtmlCacheBehavior [ RunTime:0.001000s ]
INFO: [ app_begin ] --END-- [ RunTime:0.001000s ]
SQL: SHOW COLUMNS FROM `t_user_role` [ RunTime:0.0100s ]
SQL: SELECT * FROM `t_user_role` WHERE ( f_user_id=7062 ) LIMIT 1   [ RunTime:0.0090s ]
SQL: SHOW COLUMNS FROM `t_role` [ RunTime:0.0100s ]
SQL: SELECT * FROM `t_role` WHERE ( f_id=74 ) LIMIT 1   [ RunTime:0.0100s ]
SQL: SHOW COLUMNS FROM `t_syscolumn` [ RunTime:0.0110s ]
SQL: SELECT * FROM `t_syscolumn` WHERE ( F_SYS_COLUMN_PID=0 and F_SYS_COLUMN_STATE=1 ) ORDER BY F_SYS_COLUMN_SORT  [ RunTime:0.0110s ]
SQL: SELECT * FROM `t_syscolumn` WHERE ( F_SYS_COLUMN_PID=1 and F_SYS_COLUMN_STATE=1 ) ORDER BY F_SYS_COLUMN_SORT  [ RunTime:0.0110s ]
NOTIC: [8] Undefined variable: url D:\wamp\www\wisdom\App\Home\Controller\OfficeController.class.php 第 704 行.
NOTIC: [8] Undefined variable: url D:\wamp\www\wisdom\App\Home\Controller\OfficeController.class.php 第 559 行.
NOTIC: [8] Undefined index: page D:\wamp\www\wisdom\App\Home\Controller\OfficeController.class.php 第 561 行.
NOTIC: [8] Undefined index: subject D:\wamp\www\wisdom\App\Home\Controller\OfficeController.class.php 第 582 行.
NOTIC: [8] Undefined index: boardId D:\wamp\www\wisdom\App\Home\Controller\OfficeController.class.php 第 583 行.
NOTIC: [8] Undefined property: stdClass::$count D:\wamp\www\wisdom\App\Home\Controller\OfficeController.class.php 第 587 行.
NOTIC: [8] Undefined variable: url D:\wamp\www\wisdom\App\Home\Controller\OfficeController.class.php 第 536 行.
INFO: [ view_parse ] --START--
INFO: [ template_filter ] --START--
INFO: Run Behavior\ContentReplaceBehavior [ RunTime:0.001000s ]
INFO: [ template_filter ] --END-- [ RunTime:0.001000s ]
NOTIC: [8] Undefined variable: getWorkSet_userNames D:\wamp\www\wisdom\App\Runtime\Cache\Home\0b01e5905be889cb10a466b2c620d50c.php 第 404 行.
NOTIC: [8] Undefined variable: getWorkSet_userIds D:\wamp\www\wisdom\App\Runtime\Cache\Home\0b01e5905be889cb10a466b2c620d50c.php 第 416 行.
NOTIC: [8] Undefined variable: getNoticeList_list D:\wamp\www\wisdom\App\Runtime\Cache\Home\0b01e5905be889cb10a466b2c620d50c.php 第 704 行.
INFO: Run Behavior\ParseTemplateBehavior [ RunTime:0.040002s ]
INFO: [ view_parse ] --END-- [ RunTime:0.041002s ]
INFO: [ view_filter ] --START--
INFO: Run Behavior\WriteHtmlCacheBehavior [ RunTime:0.001000s ]
INFO: [ view_filter ] --END-- [ RunTime:0.001000s ]
INFO: [ app_end ] --START--
INFO: Run Behavior\ShowPageTraceBehavior [ RunTime:0.001000s ]
INFO: [ app_end ] --END-- [ RunTime:0.001000s ]

[ 2015-09-29T10:57:38+08:00 ] 127.0.0.1 /wisdom/index.php/Home/Business/index
INFO: [ app_init ] --START--
INFO: Run Behavior\BuildLiteBehavior [ RunTime:0.000000s ]
INFO: [ app_init ] --END-- [ RunTime:0.001000s ]
INFO: [ app_begin ] --START--
INFO: Run Behavior\ReadHtmlCacheBehavior [ RunTime:0.001000s ]
INFO: [ app_begin ] --END-- [ RunTime:0.001000s ]
SQL: SHOW COLUMNS FROM `t_user_role` [ RunTime:0.0040s ]
SQL: SELECT * FROM `t_user_role` WHERE ( f_user_id=7062 ) LIMIT 1   [ RunTime:0.0030s ]
SQL: SHOW COLUMNS FROM `t_role` [ RunTime:0.0040s ]
SQL: SELECT * FROM `t_role` WHERE ( f_id=74 ) LIMIT 1   [ RunTime:0.0050s ]
SQL: SHOW COLUMNS FROM `t_syscolumn` [ RunTime:0.0040s ]
SQL: SELECT * FROM `t_syscolumn` WHERE ( F_SYS_COLUMN_PID=0 and F_SYS_COLUMN_STATE=1 ) ORDER BY F_SYS_COLUMN_SORT  [ RunTime:0.0050s ]
SQL: SELECT * FROM `t_syscolumn` WHERE ( F_SYS_COLUMN_PID=2 and F_SYS_COLUMN_STATE=1 ) ORDER BY F_SYS_COLUMN_SORT  [ RunTime:0.0040s ]
SQL: SELECT * FROM `t_syscolumn`  [ RunTime:0.0050s ]
INFO: [ view_parse ] --START--
INFO: [ template_filter ] --START--
INFO: Run Behavior\ContentReplaceBehavior [ RunTime:0.000000s ]
INFO: [ template_filter ] --END-- [ RunTime:0.000000s ]
INFO: Run Behavior\ParseTemplateBehavior [ RunTime:0.017001s ]
INFO: [ view_parse ] --END-- [ RunTime:0.017001s ]
INFO: [ view_filter ] --START--
INFO: Run Behavior\WriteHtmlCacheBehavior [ RunTime:0.000000s ]
INFO: [ view_filter ] --END-- [ RunTime:0.000000s ]
INFO: [ app_end ] --START--
INFO: Run Behavior\ShowPageTraceBehavior [ RunTime:0.000000s ]
INFO: [ app_end ] --END-- [ RunTime:0.000000s ]

[ 2015-09-29T10:58:34+08:00 ] ::1 /wisdom/Index.php/Home/Office/index
INFO: [ app_init ] --START--
INFO: Run Behavior\BuildLiteBehavior [ RunTime:0.000000s ]
INFO: [ app_init ] --END-- [ RunTime:0.000000s ]
INFO: [ app_begin ] --START--
INFO: Run Behavior\ReadHtmlCacheBehavior [ RunTime:0.000000s ]
INFO: [ app_begin ] --END-- [ RunTime:0.000000s ]
SQL: SHOW COLUMNS FROM `t_user_role` [ RunTime:0.0040s ]
SQL: SELECT * FROM `t_user_role` WHERE ( f_user_id=7062 ) LIMIT 1   [ RunTime:0.0030s ]
SQL: SHOW COLUMNS FROM `t_role` [ RunTime:0.0040s ]
SQL: SELECT * FROM `t_role` WHERE ( f_id=74 ) LIMIT 1   [ RunTime:0.0040s ]
SQL: SHOW COLUMNS FROM `t_syscolumn` [ RunTime:0.0040s ]
SQL: SELECT * FROM `t_syscolumn` WHERE ( F_SYS_COLUMN_PID=0 and F_SYS_COLUMN_STATE=1 ) ORDER BY F_SYS_COLUMN_SORT  [ RunTime:0.0040s ]
SQL: SELECT * FROM `t_syscolumn` WHERE ( F_SYS_COLUMN_PID=1 and F_SYS_COLUMN_STATE=1 ) ORDER BY F_SYS_COLUMN_SORT  [ RunTime:0.0030s ]
NOTIC: [8] Undefined variable: url D:\wamp\www\wisdom\App\Home\Controller\OfficeController.class.php 第 704 行.
NOTIC: [8] Undefined variable: url D:\wamp\www\wisdom\App\Home\Controller\OfficeController.class.php 第 559 行.
NOTIC: [8] Undefined index: page D:\wamp\www\wisdom\App\Home\Controller\OfficeController.class.php 第 561 行.
NOTIC: [8] Undefined index: subject D:\wamp\www\wisdom\App\Home\Controller\OfficeController.class.php 第 582 行.
NOTIC: [8] Undefined index: boardId D:\wamp\www\wisdom\App\Home\Controller\OfficeController.class.php 第 583 行.
NOTIC: [8] Undefined property: stdClass::$count D:\wamp\www\wisdom\App\Home\Controller\OfficeController.class.php 第 587 行.
NOTIC: [8] Undefined variable: url D:\wamp\www\wisdom\App\Home\Controller\OfficeController.class.php 第 536 行.
INFO: [ view_parse ] --START--
INFO: [ template_filter ] --START--
INFO: Run Behavior\ContentReplaceBehavior [ RunTime:0.001000s ]
INFO: [ template_filter ] --END-- [ RunTime:0.001000s ]
NOTIC: [8] Undefined variable: getWorkSet_userNames D:\wamp\www\wisdom\App\Runtime\Cache\Home\0b01e5905be889cb10a466b2c620d50c.php 第 404 行.
NOTIC: [8] Undefined variable: getWorkSet_userIds D:\wamp\www\wisdom\App\Runtime\Cache\Home\0b01e5905be889cb10a466b2c620d50c.php 第 416 行.
NOTIC: [8] Undefined variable: getNoticeList_list D:\wamp\www\wisdom\App\Runtime\Cache\Home\0b01e5905be889cb10a466b2c620d50c.php 第 704 行.
INFO: Run Behavior\ParseTemplateBehavior [ RunTime:0.036002s ]
INFO: [ view_parse ] --END-- [ RunTime:0.036002s ]
INFO: [ view_filter ] --START--
INFO: Run Behavior\WriteHtmlCacheBehavior [ RunTime:0.000000s ]
INFO: [ view_filter ] --END-- [ RunTime:0.001000s ]
INFO: [ app_end ] --START--
INFO: Run Behavior\ShowPageTraceBehavior [ RunTime:0.001000s ]
INFO: [ app_end ] --END-- [ RunTime:0.001000s ]

[ 2015-09-29T10:58:42+08:00 ] 127.0.0.1 /wisdom/index.php/Home/Office/index
INFO: [ app_init ] --START--
INFO: Run Behavior\BuildLiteBehavior [ RunTime:0.000000s ]
INFO: [ app_init ] --END-- [ RunTime:0.000000s ]
INFO: [ app_begin ] --START--
INFO: Run Behavior\ReadHtmlCacheBehavior [ RunTime:0.002000s ]
INFO: [ app_begin ] --END-- [ RunTime:0.002000s ]
SQL: SHOW COLUMNS FROM `t_user_role` [ RunTime:0.0040s ]
SQL: SELECT * FROM `t_user_role` WHERE ( f_user_id=7062 ) LIMIT 1   [ RunTime:0.0030s ]
SQL: SHOW COLUMNS FROM `t_role` [ RunTime:0.0060s ]
SQL: SELECT * FROM `t_role` WHERE ( f_id=74 ) LIMIT 1   [ RunTime:0.0040s ]
SQL: SHOW COLUMNS FROM `t_syscolumn` [ RunTime:0.0040s ]
SQL: SELECT * FROM `t_syscolumn` WHERE ( F_SYS_COLUMN_PID=0 and F_SYS_COLUMN_STATE=1 ) ORDER BY F_SYS_COLUMN_SORT  [ RunTime:0.0030s ]
SQL: SELECT * FROM `t_syscolumn` WHERE ( F_SYS_COLUMN_PID=1 and F_SYS_COLUMN_STATE=1 ) ORDER BY F_SYS_COLUMN_SORT  [ RunTime:0.0050s ]
NOTIC: [8] Undefined variable: url D:\wamp\www\wisdom\App\Home\Controller\OfficeController.class.php 第 704 行.
NOTIC: [8] Undefined variable: url D:\wamp\www\wisdom\App\Home\Controller\OfficeController.class.php 第 559 行.
NOTIC: [8] Undefined index: page D:\wamp\www\wisdom\App\Home\Controller\OfficeController.class.php 第 561 行.
NOTIC: [8] Undefined index: subject D:\wamp\www\wisdom\App\Home\Controller\OfficeController.class.php 第 582 行.
NOTIC: [8] Undefined index: boardId D:\wamp\www\wisdom\App\Home\Controller\OfficeController.class.php 第 583 行.
NOTIC: [8] Undefined property: stdClass::$count D:\wamp\www\wisdom\App\Home\Controller\OfficeController.class.php 第 587 行.
NOTIC: [8] Undefined variable: url D:\wamp\www\wisdom\App\Home\Controller\OfficeController.class.php 第 536 行.
INFO: [ view_parse ] --START--
INFO: [ template_filter ] --START--
INFO: Run Behavior\ContentReplaceBehavior [ RunTime:0.001000s ]
INFO: [ template_filter ] --END-- [ RunTime:0.001000s ]
NOTIC: [8] Undefined variable: getWorkSet_userNames D:\wamp\www\wisdom\App\Runtime\Cache\Home\0b01e5905be889cb10a466b2c620d50c.php 第 404 行.
NOTIC: [8] Undefined variable: getWorkSet_userIds D:\wamp\www\wisdom\App\Runtime\Cache\Home\0b01e5905be889cb10a466b2c620d50c.php 第 416 行.
NOTIC: [8] Undefined variable: getNoticeList_list D:\wamp\www\wisdom\App\Runtime\Cache\Home\0b01e5905be889cb10a466b2c620d50c.php 第 704 行.
INFO: Run Behavior\ParseTemplateBehavior [ RunTime:0.033002s ]
INFO: [ view_parse ] --END-- [ RunTime:0.033002s ]
INFO: [ view_filter ] --START--
INFO: Run Behavior\WriteHtmlCacheBehavior [ RunTime:0.001000s ]
INFO: [ view_filter ] --END-- [ RunTime:0.001000s ]
INFO: [ app_end ] --START--
INFO: Run Behavior\ShowPageTraceBehavior [ RunTime:0.001000s ]
INFO: [ app_end ] --END-- [ RunTime:0.001000s ]

[ 2015-09-29T10:59:04+08:00 ] 127.0.0.1 /wisdom/index.php/Home/Office/index
INFO: [ app_init ] --START--
INFO: Run Behavior\BuildLiteBehavior [ RunTime:0.000000s ]
INFO: [ app_init ] --END-- [ RunTime:0.000000s ]
INFO: [ app_begin ] --START--
INFO: Run Behavior\ReadHtmlCacheBehavior [ RunTime:0.001000s ]
INFO: [ app_begin ] --END-- [ RunTime:0.001000s ]
SQL: SHOW COLUMNS FROM `t_user_role` [ RunTime:0.0070s ]
SQL: SELECT * FROM `t_user_role` WHERE ( f_user_id=7062 ) LIMIT 1   [ RunTime:0.0030s ]
SQL: SHOW COLUMNS FROM `t_role` [ RunTime:0.0040s ]
SQL: SELECT * FROM `t_role` WHERE ( f_id=74 ) LIMIT 1   [ RunTime:0.0030s ]
SQL: SHOW COLUMNS FROM `t_syscolumn` [ RunTime:0.0040s ]
SQL: SELECT * FROM `t_syscolumn` WHERE ( F_SYS_COLUMN_PID=0 and F_SYS_COLUMN_STATE=1 ) ORDER BY F_SYS_COLUMN_SORT  [ RunTime:0.0040s ]
SQL: SELECT * FROM `t_syscolumn` WHERE ( F_SYS_COLUMN_PID=1 and F_SYS_COLUMN_STATE=1 ) ORDER BY F_SYS_COLUMN_SORT  [ RunTime:0.0030s ]
NOTIC: [8] Undefined variable: url D:\wamp\www\wisdom\App\Home\Controller\OfficeController.class.php 第 704 行.

[ 2015-09-29T10:59:04+08:00 ] 127.0.0.1 /wisdom/index.php/Home/Office/index
INFO: [ app_init ] --START--
INFO: Run Behavior\BuildLiteBehavior [ RunTime:0.000000s ]
INFO: [ app_init ] --END-- [ RunTime:0.000000s ]
INFO: [ app_begin ] --START--
INFO: Run Behavior\ReadHtmlCacheBehavior [ RunTime:0.001000s ]
INFO: [ app_begin ] --END-- [ RunTime:0.001000s ]

[ 2015-09-29T10:59:25+08:00 ] 127.0.0.1 /wisdom/index.php/Home/Office/index
INFO: [ app_init ] --START--
INFO: Run Behavior\BuildLiteBehavior [ RunTime:0.000000s ]
INFO: [ app_init ] --END-- [ RunTime:0.002000s ]
INFO: [ app_begin ] --START--
INFO: Run Behavior\ReadHtmlCacheBehavior [ RunTime:0.000000s ]
INFO: [ app_begin ] --END-- [ RunTime:0.000000s ]
SQL: SHOW COLUMNS FROM `t_user_role` [ RunTime:0.0100s ]
SQL: SELECT * FROM `t_user_role` WHERE ( f_user_id=7062 ) LIMIT 1   [ RunTime:0.0120s ]
SQL: SHOW COLUMNS FROM `t_role` [ RunTime:0.0100s ]
SQL: SELECT * FROM `t_role` WHERE ( f_id=74 ) LIMIT 1   [ RunTime:0.0090s ]
SQL: SHOW COLUMNS FROM `t_syscolumn` [ RunTime:0.0110s ]
SQL: SELECT * FROM `t_syscolumn` WHERE ( F_SYS_COLUMN_PID=0 and F_SYS_COLUMN_STATE=1 ) ORDER BY F_SYS_COLUMN_SORT  [ RunTime:0.0100s ]
SQL: SELECT * FROM `t_syscolumn` WHERE ( F_SYS_COLUMN_PID=1 and F_SYS_COLUMN_STATE=1 ) ORDER BY F_SYS_COLUMN_SORT  [ RunTime:0.0100s ]
NOTIC: [8] Undefined variable: url D:\wamp\www\wisdom\App\Home\Controller\OfficeController.class.php 第 704 行.

[ 2015-09-29T10:59:38+08:00 ] ::1 /wisdom/Index.php/Home/Office/index
INFO: [ app_init ] --START--
INFO: Run Behavior\BuildLiteBehavior [ RunTime:0.000000s ]
INFO: [ app_init ] --END-- [ RunTime:0.000000s ]
INFO: [ app_begin ] --START--
INFO: Run Behavior\ReadHtmlCacheBehavior [ RunTime:0.000000s ]
INFO: [ app_begin ] --END-- [ RunTime:0.000000s ]
SQL: SHOW COLUMNS FROM `t_user_role` [ RunTime:0.0090s ]
SQL: SELECT * FROM `t_user_role` WHERE ( f_user_id=7062 ) LIMIT 1   [ RunTime:0.0090s ]
SQL: SHOW COLUMNS FROM `t_role` [ RunTime:0.0110s ]
SQL: SELECT * FROM `t_role` WHERE ( f_id=74 ) LIMIT 1   [ RunTime:0.0100s ]
SQL: SHOW COLUMNS FROM `t_syscolumn` [ RunTime:0.0100s ]
SQL: SELECT * FROM `t_syscolumn` WHERE ( F_SYS_COLUMN_PID=0 and F_SYS_COLUMN_STATE=1 ) ORDER BY F_SYS_COLUMN_SORT  [ RunTime:0.0090s ]
SQL: SELECT * FROM `t_syscolumn` WHERE ( F_SYS_COLUMN_PID=1 and F_SYS_COLUMN_STATE=1 ) ORDER BY F_SYS_COLUMN_SORT  [ RunTime:0.0090s ]
NOTIC: [8] Undefined variable: url D:\wamp\www\wisdom\App\Home\Controller\OfficeController.class.php 第 704 行.
NOTIC: [8] Undefined variable: url D:\wamp\www\wisdom\App\Home\Controller\OfficeController.class.php 第 559 行.
NOTIC: [8] Undefined index: page D:\wamp\www\wisdom\App\Home\Controller\OfficeController.class.php 第 561 行.
NOTIC: [8] Undefined index: subject D:\wamp\www\wisdom\App\Home\Controller\OfficeController.class.php 第 582 行.
NOTIC: [8] Undefined index: boardId D:\wamp\www\wisdom\App\Home\Controller\OfficeController.class.php 第 583 行.
NOTIC: [8] Undefined property: stdClass::$count D:\wamp\www\wisdom\App\Home\Controller\OfficeController.class.php 第 587 行.
NOTIC: [8] Undefined variable: url D:\wamp\www\wisdom\App\Home\Controller\OfficeController.class.php 第 536 行.
INFO: [ view_parse ] --START--
INFO: [ template_filter ] --START--
INFO: Run Behavior\ContentReplaceBehavior [ RunTime:0.001000s ]
INFO: [ template_filter ] --END-- [ RunTime:0.001000s ]
NOTIC: [8] Undefined variable: getWorkSet_userNames D:\wamp\www\wisdom\App\Runtime\Cache\Home\0b01e5905be889cb10a466b2c620d50c.php 第 404 行.
NOTIC: [8] Undefined variable: getWorkSet_userIds D:\wamp\www\wisdom\App\Runtime\Cache\Home\0b01e5905be889cb10a466b2c620d50c.php 第 416 行.
NOTIC: [8] Undefined variable: getNoticeList_list D:\wamp\www\wisdom\App\Runtime\Cache\Home\0b01e5905be889cb10a466b2c620d50c.php 第 704 行.
INFO: Run Behavior\ParseTemplateBehavior [ RunTime:0.025001s ]
INFO: [ view_parse ] --END-- [ RunTime:0.025001s ]
INFO: [ view_filter ] --START--
INFO: Run Behavior\WriteHtmlCacheBehavior [ RunTime:0.000000s ]
INFO: [ view_filter ] --END-- [ RunTime:0.001000s ]
INFO: [ app_end ] --START--
INFO: Run Behavior\ShowPageTraceBehavior [ RunTime:0.001000s ]
INFO: [ app_end ] --END-- [ RunTime:0.001000s ]

[ 2015-09-29T10:59:59+08:00 ] ::1 /wisdom/Index.php/Home/Office/index
INFO: [ app_init ] --START--
INFO: Run Behavior\BuildLiteBehavior [ RunTime:0.000000s ]
INFO: [ app_init ] --END-- [ RunTime:0.000000s ]
INFO: [ app_begin ] --START--
INFO: Run Behavior\ReadHtmlCacheBehavior [ RunTime:0.001000s ]
INFO: [ app_begin ] --END-- [ RunTime:0.001000s ]
SQL: SHOW COLUMNS FROM `t_user_role` [ RunTime:0.0080s ]
SQL: SELECT * FROM `t_user_role` WHERE ( f_user_id=7062 ) LIMIT 1   [ RunTime:0.0060s ]
SQL: SHOW COLUMNS FROM `t_role` [ RunTime:0.0070s ]
SQL: SELECT * FROM `t_role` WHERE ( f_id=74 ) LIMIT 1   [ RunTime:0.0060s ]
SQL: SHOW COLUMNS FROM `t_syscolumn` [ RunTime:0.0070s ]
SQL: SELECT * FROM `t_syscolumn` WHERE ( F_SYS_COLUMN_PID=0 and F_SYS_COLUMN_STATE=1 ) ORDER BY F_SYS_COLUMN_SORT  [ RunTime:0.0070s ]
SQL: SELECT * FROM `t_syscolumn` WHERE ( F_SYS_COLUMN_PID=1 and F_SYS_COLUMN_STATE=1 ) ORDER BY F_SYS_COLUMN_SORT  [ RunTime:0.0070s ]
NOTIC: [8] Undefined variable: url D:\wamp\www\wisdom\App\Home\Controller\OfficeController.class.php 第 704 行.

[ 2015-09-29T10:59:59+08:00 ] ::1 /wisdom/Index.php/Home/Office/index
INFO: [ app_init ] --START--
INFO: Run Behavior\BuildLiteBehavior [ RunTime:0.000000s ]
INFO: [ app_init ] --END-- [ RunTime:0.001000s ]
INFO: [ app_begin ] --START--
INFO: Run Behavior\ReadHtmlCacheBehavior [ RunTime:0.000000s ]
INFO: [ app_begin ] --END-- [ RunTime:0.000000s ]

[ 2015-09-29T10:59:59+08:00 ] ::1 /wisdom/Index.php/Home/Office/index
INFO: [ app_init ] --START--
INFO: Run Behavior\BuildLiteBehavior [ RunTime:0.000000s ]
INFO: [ app_init ] --END-- [ RunTime:0.000000s ]
INFO: [ app_begin ] --START--
INFO: Run Behavior\ReadHtmlCacheBehavior [ RunTime:0.000000s ]
INFO: [ app_begin ] --END-- [ RunTime:0.000000s ]

[ 2015-09-29T10:59:59+08:00 ] ::1 /wisdom/Index.php/Home/Office/index
INFO: [ app_init ] --START--
INFO: Run Behavior\BuildLiteBehavior [ RunTime:0.000000s ]
INFO: [ app_init ] --END-- [ RunTime:0.000000s ]
INFO: [ app_begin ] --START--
INFO: Run Behavior\ReadHtmlCacheBehavior [ RunTime:0.000000s ]
INFO: [ app_begin ] --END-- [ RunTime:0.001000s ]

[ 2015-09-29T10:59:59+08:00 ] ::1 /wisdom/Index.php/Home/Office/index
INFO: [ app_init ] --START--
INFO: Run Behavior\BuildLiteBehavior [ RunTime:0.000000s ]
INFO: [ app_init ] --END-- [ RunTime:0.000000s ]
INFO: [ app_begin ] --START--
INFO: Run Behavior\ReadHtmlCacheBehavior [ RunTime:0.000000s ]
INFO: [ app_begin ] --END-- [ RunTime:0.001000s ]

[ 2015-09-29T11:09:21+08:00 ] 127.0.0.1 /wisdom/index.php/Home/Office/index
INFO: [ app_init ] --START--
INFO: Run Behavior\BuildLiteBehavior [ RunTime:0.000000s ]
INFO: [ app_init ] --END-- [ RunTime:0.001000s ]
INFO: [ app_begin ] --START--
INFO: Run Behavior\ReadHtmlCacheBehavior [ RunTime:0.001001s ]
INFO: [ app_begin ] --END-- [ RunTime:0.001001s ]
SQL: SHOW COLUMNS FROM `t_user_role` [ RunTime:0.0110s ]
SQL: SELECT * FROM `t_user_role` WHERE ( f_user_id=7062 ) LIMIT 1   [ RunTime:0.0060s ]
SQL: SHOW COLUMNS FROM `t_role` [ RunTime:0.0060s ]
SQL: SELECT * FROM `t_role` WHERE ( f_id=74 ) LIMIT 1   [ RunTime:0.0070s ]
SQL: SHOW COLUMNS FROM `t_syscolumn` [ RunTime:0.0070s ]
SQL: SELECT * FROM `t_syscolumn` WHERE ( F_SYS_COLUMN_PID=0 and F_SYS_COLUMN_STATE=1 ) ORDER BY F_SYS_COLUMN_SORT  [ RunTime:0.0060s ]
SQL: SELECT * FROM `t_syscolumn` WHERE ( F_SYS_COLUMN_PID=1 and F_SYS_COLUMN_STATE=1 ) ORDER BY F_SYS_COLUMN_SORT  [ RunTime:0.0060s ]
NOTIC: [8] Undefined variable: url D:\wamp\www\wisdom\App\Home\Controller\OfficeController.class.php 第 704 行.
NOTIC: [2] array_keys() expects parameter 1 to be array, null given D:\wamp\www\wisdom\App\Home\Controller\OfficeController.class.php 第 425 行.
NOTIC: [8] Undefined variable: url D:\wamp\www\wisdom\App\Home\Controller\OfficeController.class.php 第 559 行.
NOTIC: [8] Undefined index: page D:\wamp\www\wisdom\App\Home\Controller\OfficeController.class.php 第 561 行.
NOTIC: [8] Undefined index: subject D:\wamp\www\wisdom\App\Home\Controller\OfficeController.class.php 第 582 行.
NOTIC: [8] Undefined index: boardId D:\wamp\www\wisdom\App\Home\Controller\OfficeController.class.php 第 583 行.
NOTIC: [8] Trying to get property of non-object D:\wamp\www\wisdom\App\Home\Controller\OfficeController.class.php 第 587 行.
NOTIC: [2] Creating default object from empty value D:\wamp\www\wisdom\App\Home\Controller\OfficeController.class.php 第 588 行.
NOTIC: [8] Undefined index: conf_auth D:\wamp\www\wisdom\App\Home\Controller\OfficeController.class.php 第 906 行.
NOTIC: [8] Undefined index: error_code D:\wamp\www\wisdom\App\Home\Controller\OfficeController.class.php 第 909 行.
NOTIC: [8] Undefined index: error_text D:\wamp\www\wisdom\App\Home\Controller\OfficeController.class.php 第 910 行.
NOTIC: [8] Undefined variable: url D:\wamp\www\wisdom\App\Home\Controller\OfficeController.class.php 第 536 行.
NOTIC: [2] array_keys() expects parameter 1 to be array, null given D:\wamp\www\wisdom\App\Home\Controller\OfficeController.class.php 第 425 行.
INFO: [ view_parse ] --START--
INFO: [ template_filter ] --START--
INFO: Run Behavior\ContentReplaceBehavior [ RunTime:0.000000s ]
INFO: [ template_filter ] --END-- [ RunTime:0.002000s ]
NOTIC: [8] Undefined variable: getWorkSet_userNames D:\wamp\www\wisdom\App\Runtime\Cache\Home\0b01e5905be889cb10a466b2c620d50c.php 第 404 行.
NOTIC: [8] Undefined variable: getWorkSet_userIds D:\wamp\www\wisdom\App\Runtime\Cache\Home\0b01e5905be889cb10a466b2c620d50c.php 第 416 行.
NOTIC: [8] Undefined variable: getNoticeList_list D:\wamp\www\wisdom\App\Runtime\Cache\Home\0b01e5905be889cb10a466b2c620d50c.php 第 704 行.
INFO: Run Behavior\ParseTemplateBehavior [ RunTime:0.036002s ]
INFO: [ view_parse ] --END-- [ RunTime:0.036002s ]
INFO: [ view_filter ] --START--
INFO: Run Behavior\WriteHtmlCacheBehavior [ RunTime:0.001000s ]
INFO: [ view_filter ] --END-- [ RunTime:0.001000s ]
INFO: [ app_end ] --START--
INFO: Run Behavior\ShowPageTraceBehavior [ RunTime:0.002001s ]
INFO: [ app_end ] --END-- [ RunTime:0.003001s ]

[ 2015-09-29T11:09:36+08:00 ] 127.0.0.1 /wisdom/index.php/Home/Office/notice
INFO: [ app_init ] --START--
INFO: Run Behavior\BuildLiteBehavior [ RunTime:0.000000s ]
INFO: [ app_init ] --END-- [ RunTime:0.000000s ]
INFO: [ app_begin ] --START--
INFO: Run Behavior\ReadHtmlCacheBehavior [ RunTime:0.001000s ]
INFO: [ app_begin ] --END-- [ RunTime:0.001000s ]
SQL: SHOW COLUMNS FROM `t_user_role` [ RunTime:0.0070s ]
SQL: SELECT * FROM `t_user_role` WHERE ( f_user_id=7062 ) LIMIT 1   [ RunTime:0.0060s ]
SQL: SHOW COLUMNS FROM `t_role` [ RunTime:0.0060s ]
SQL: SELECT * FROM `t_role` WHERE ( f_id=74 ) LIMIT 1   [ RunTime:0.0060s ]
SQL: SHOW COLUMNS FROM `t_syscolumn` [ RunTime:0.0070s ]
SQL: SELECT * FROM `t_syscolumn` WHERE ( F_SYS_COLUMN_PID=0 and F_SYS_COLUMN_STATE=1 ) ORDER BY F_SYS_COLUMN_SORT  [ RunTime:0.0060s ]
SQL: SELECT * FROM `t_syscolumn` WHERE ( F_SYS_COLUMN_PID=1 and F_SYS_COLUMN_STATE=1 ) ORDER BY F_SYS_COLUMN_SORT  [ RunTime:0.0060s ]
NOTIC: [8] Undefined variable: url D:\wamp\www\wisdom\App\Home\Controller\OfficeController.class.php 第 704 行.
NOTIC: [2] array_keys() expects parameter 1 to be array, null given D:\wamp\www\wisdom\App\Home\Controller\OfficeController.class.php 第 425 行.
NOTIC: [8] Undefined variable: url D:\wamp\www\wisdom\App\Home\Controller\OfficeController.class.php 第 559 行.
NOTIC: [8] Undefined index: page D:\wamp\www\wisdom\App\Home\Controller\OfficeController.class.php 第 561 行.
NOTIC: [8] Undefined index: subject D:\wamp\www\wisdom\App\Home\Controller\OfficeController.class.php 第 582 行.
NOTIC: [8] Undefined index: boardId D:\wamp\www\wisdom\App\Home\Controller\OfficeController.class.php 第 583 行.
NOTIC: [8] Trying to get property of non-object D:\wamp\www\wisdom\App\Home\Controller\OfficeController.class.php 第 587 行.
NOTIC: [2] Creating default object from empty value D:\wamp\www\wisdom\App\Home\Controller\OfficeController.class.php 第 588 行.
NOTIC: [8] Undefined index: conf_auth D:\wamp\www\wisdom\App\Home\Controller\OfficeController.class.php 第 906 行.
NOTIC: [8] Undefined index: error_code D:\wamp\www\wisdom\App\Home\Controller\OfficeController.class.php 第 909 行.
NOTIC: [8] Undefined index: error_text D:\wamp\www\wisdom\App\Home\Controller\OfficeController.class.php 第 910 行.
NOTIC: [8] Undefined variable: url D:\wamp\www\wisdom\App\Home\Controller\OfficeController.class.php 第 715 行.
NOTIC: [2] array_keys() expects parameter 1 to be array, null given D:\wamp\www\wisdom\App\Home\Controller\OfficeController.class.php 第 425 行.
INFO: [ view_parse ] --START--
INFO: [ template_filter ] --START--
INFO: Run Behavior\ContentReplaceBehavior [ RunTime:0.000000s ]
INFO: [ template_filter ] --END-- [ RunTime:0.001000s ]
NOTIC: [8] Undefined variable: queryAllNoticeBoard_list D:\wamp\www\wisdom\App\Runtime\Cache\Home\df8a267ada95d1bebcb9103fe6620657.php 第 212 行.
NOTIC: [8] Undefined variable: getNoticeList_list D:\wamp\www\wisdom\App\Runtime\Cache\Home\df8a267ada95d1bebcb9103fe6620657.php 第 246 行.
INFO: Run Behavior\ParseTemplateBehavior [ RunTime:0.063004s ]
INFO: [ view_parse ] --END-- [ RunTime:0.063004s ]
INFO: [ view_filter ] --START--
INFO: Run Behavior\WriteHtmlCacheBehavior [ RunTime:0.000000s ]
INFO: [ view_filter ] --END-- [ RunTime:0.000000s ]
INFO: [ app_end ] --START--
INFO: Run Behavior\ShowPageTraceBehavior [ RunTime:0.000000s ]
INFO: [ app_end ] --END-- [ RunTime:0.000000s ]

[ 2015-09-29T13:47:15+08:00 ] ::1 /wisdom/Index.php/Home/Office/index
INFO: [ app_init ] --START--
INFO: Run Behavior\BuildLiteBehavior [ RunTime:0.000000s ]
INFO: [ app_init ] --END-- [ RunTime:0.001000s ]
INFO: [ app_begin ] --START--
INFO: Run Behavior\ReadHtmlCacheBehavior [ RunTime:0.000000s ]
INFO: [ app_begin ] --END-- [ RunTime:0.000000s ]
SQL: SHOW COLUMNS FROM `t_user_role` [ RunTime:0.0100s ]
SQL: SELECT * FROM `t_user_role` WHERE ( f_user_id=7062 ) LIMIT 1   [ RunTime:0.0100s ]
SQL: SHOW COLUMNS FROM `t_role` [ RunTime:0.0100s ]
SQL: SELECT * FROM `t_role` WHERE ( f_id=74 ) LIMIT 1   [ RunTime:0.0100s ]
SQL: SHOW COLUMNS FROM `t_syscolumn` [ RunTime:0.0100s ]
SQL: SELECT * FROM `t_syscolumn` WHERE ( F_SYS_COLUMN_PID=0 and F_SYS_COLUMN_STATE=1 ) ORDER BY F_SYS_COLUMN_SORT  [ RunTime:0.0100s ]
SQL: SELECT * FROM `t_syscolumn` WHERE ( F_SYS_COLUMN_PID=1 and F_SYS_COLUMN_STATE=1 ) ORDER BY F_SYS_COLUMN_SORT  [ RunTime:0.0100s ]
NOTIC: [8] Undefined variable: url D:\wamp\www\wisdom\App\Home\Controller\OfficeController.class.php 第 704 行.
NOTIC: [2] array_keys() expects parameter 1 to be array, null given D:\wamp\www\wisdom\App\Home\Controller\OfficeController.class.php 第 425 行.
NOTIC: [8] Undefined variable: url D:\wamp\www\wisdom\App\Home\Controller\OfficeController.class.php 第 559 行.
NOTIC: [8] Undefined index: page D:\wamp\www\wisdom\App\Home\Controller\OfficeController.class.php 第 561 行.
NOTIC: [8] Undefined index: subject D:\wamp\www\wisdom\App\Home\Controller\OfficeController.class.php 第 582 行.
NOTIC: [8] Undefined index: boardId D:\wamp\www\wisdom\App\Home\Controller\OfficeController.class.php 第 583 行.
NOTIC: [8] Trying to get property of non-object D:\wamp\www\wisdom\App\Home\Controller\OfficeController.class.php 第 587 行.
NOTIC: [2] Creating default object from empty value D:\wamp\www\wisdom\App\Home\Controller\OfficeController.class.php 第 588 行.
NOTIC: [8] Undefined index: conf_auth D:\wamp\www\wisdom\App\Home\Controller\OfficeController.class.php 第 906 行.
NOTIC: [8] Undefined index: error_code D:\wamp\www\wisdom\App\Home\Controller\OfficeController.class.php 第 909 行.
NOTIC: [8] Undefined index: error_text D:\wamp\www\wisdom\App\Home\Controller\OfficeController.class.php 第 910 行.
NOTIC: [8] Undefined variable: url D:\wamp\www\wisdom\App\Home\Controller\OfficeController.class.php 第 536 行.
NOTIC: [2] array_keys() expects parameter 1 to be array, null given D:\wamp\www\wisdom\App\Home\Controller\OfficeController.class.php 第 425 行.
INFO: [ view_parse ] --START--
INFO: [ template_filter ] --START--
INFO: Run Behavior\ContentReplaceBehavior [ RunTime:0.000000s ]
INFO: [ template_filter ] --END-- [ RunTime:0.001000s ]
NOTIC: [8] Undefined variable: getWorkSet_userNames D:\wamp\www\wisdom\App\Runtime\Cache\Home\0b01e5905be889cb10a466b2c620d50c.php 第 404 行.
NOTIC: [8] Undefined variable: getWorkSet_userIds D:\wamp\www\wisdom\App\Runtime\Cache\Home\0b01e5905be889cb10a466b2c620d50c.php 第 416 行.
NOTIC: [8] Undefined variable: getNoticeList_list D:\wamp\www\wisdom\App\Runtime\Cache\Home\0b01e5905be889cb10a466b2c620d50c.php 第 704 行.
INFO: Run Behavior\ParseTemplateBehavior [ RunTime:0.152009s ]
INFO: [ view_parse ] --END-- [ RunTime:0.153009s ]
INFO: [ view_filter ] --START--
INFO: Run Behavior\WriteHtmlCacheBehavior [ RunTime:0.001000s ]
INFO: [ view_filter ] --END-- [ RunTime:0.001000s ]
INFO: [ app_end ] --START--
INFO: Run Behavior\ShowPageTraceBehavior [ RunTime:0.000000s ]
INFO: [ app_end ] --END-- [ RunTime:0.001000s ]

[ 2015-09-29T13:47:45+08:00 ] ::1 /wisdom/Index.php/Home/Office/reportReview
INFO: [ app_init ] --START--
INFO: Run Behavior\BuildLiteBehavior [ RunTime:0.000000s ]
INFO: [ app_init ] --END-- [ RunTime:0.000000s ]
INFO: [ app_begin ] --START--
INFO: Run Behavior\ReadHtmlCacheBehavior [ RunTime:0.000000s ]
INFO: [ app_begin ] --END-- [ RunTime:0.000000s ]
SQL: SHOW COLUMNS FROM `t_user_role` [ RunTime:0.0070s ]
SQL: SELECT * FROM `t_user_role` WHERE ( f_user_id=7062 ) LIMIT 1   [ RunTime:0.0070s ]
SQL: SHOW COLUMNS FROM `t_role` [ RunTime:0.0070s ]
SQL: SELECT * FROM `t_role` WHERE ( f_id=74 ) LIMIT 1   [ RunTime:0.0070s ]
SQL: SHOW COLUMNS FROM `t_syscolumn` [ RunTime:0.0080s ]
SQL: SELECT * FROM `t_syscolumn` WHERE ( F_SYS_COLUMN_PID=0 and F_SYS_COLUMN_STATE=1 ) ORDER BY F_SYS_COLUMN_SORT  [ RunTime:0.0070s ]
SQL: SELECT * FROM `t_syscolumn` WHERE ( F_SYS_COLUMN_PID=1 and F_SYS_COLUMN_STATE=1 ) ORDER BY F_SYS_COLUMN_SORT  [ RunTime:0.0070s ]
NOTIC: [8] Undefined variable: url D:\wamp\www\wisdom\App\Home\Controller\OfficeController.class.php 第 704 行.
NOTIC: [2] array_keys() expects parameter 1 to be array, null given D:\wamp\www\wisdom\App\Home\Controller\OfficeController.class.php 第 425 行.
NOTIC: [8] Undefined index: selectedDate D:\wamp\www\wisdom\App\Home\Controller\OfficeController.class.php 第 130 行.
NOTIC: [8] Undefined variable: url D:\wamp\www\wisdom\App\Home\Controller\OfficeController.class.php 第 667 行.
NOTIC: [8] Undefined index: li_type D:\wamp\www\wisdom\App\Home\Controller\OfficeController.class.php 第 188 行.
NOTIC: [8] Undefined index: li_type D:\wamp\www\wisdom\App\Home\Controller\OfficeController.class.php 第 191 行.
NOTIC: [8] Undefined index: li_type D:\wamp\www\wisdom\App\Home\Controller\OfficeController.class.php 第 194 行.
NOTIC: [8] Undefined index: startdate D:\wamp\www\wisdom\App\Home\Controller\OfficeController.class.php 第 198 行.
NOTIC: [8] Undefined index: endDate D:\wamp\www\wisdom\App\Home\Controller\OfficeController.class.php 第 199 行.
NOTIC: [8] Undefined index: currentPage D:\wamp\www\wisdom\App\Home\Controller\OfficeController.class.php 第 218 行.
NOTIC: [8] Undefined variable: url D:\wamp\www\wisdom\App\Home\Controller\OfficeController.class.php 第 629 行.
NOTIC: [2] array_keys() expects parameter 1 to be array, null given D:\wamp\www\wisdom\App\Home\Controller\OfficeController.class.php 第 228 行.
NOTIC: [8] Undefined index: showDiv D:\wamp\www\wisdom\App\Home\Controller\OfficeController.class.php 第 283 行.
NOTIC: [8] Undefined index: showDiv D:\wamp\www\wisdom\App\Home\Controller\OfficeController.class.php 第 283 行.
NOTIC: [8] Undefined index: li_type D:\wamp\www\wisdom\App\Home\Controller\OfficeController.class.php 第 289 行.
NOTIC: [8] Undefined index: ri_date D:\wamp\www\wisdom\App\Home\Controller\OfficeController.class.php 第 296 行.
NOTIC: [8] Undefined index: yue_date D:\wamp\www\wisdom\App\Home\Controller\OfficeController.class.php 第 302 行.
NOTIC: [8] Undefined index: zhou_dateF D:\wamp\www\wisdom\App\Home\Controller\OfficeController.class.php 第 308 行.
NOTIC: [8] Undefined index: startdate D:\wamp\www\wisdom\App\Home\Controller\OfficeController.class.php 第 316 行.
INFO: [ view_parse ] --START--
INFO: [ template_filter ] --START--
INFO: Run Behavior\ContentReplaceBehavior [ RunTime:0.002000s ]
INFO: [ template_filter ] --END-- [ RunTime:0.002000s ]
NOTIC: [8] Undefined variable: viewUserDetail_deptName D:\wamp\www\wisdom\App\Runtime\Cache\Home\cd691c37894a4e3287c16c503605eb46.php 第 234 行.
NOTIC: [8] Undefined variable: viewUserDetail_name D:\wamp\www\wisdom\App\Runtime\Cache\Home\cd691c37894a4e3287c16c503605eb46.php 第 236 行.
NOTIC: [8] Undefined offset: 1 D:\wamp\www\wisdom\App\Runtime\Cache\Home\cd691c37894a4e3287c16c503605eb46.php 第 266 行.
NOTIC: [8] Undefined offset: 1 D:\wamp\www\wisdom\App\Runtime\Cache\Home\cd691c37894a4e3287c16c503605eb46.php 第 268 行.
NOTIC: [8] Undefined offset: 1 D:\wamp\www\wisdom\App\Runtime\Cache\Home\cd691c37894a4e3287c16c503605eb46.php 第 268 行.
NOTIC: [8] Undefined offset: 1 D:\wamp\www\wisdom\App\Runtime\Cache\Home\cd691c37894a4e3287c16c503605eb46.php 第 268 行.
NOTIC: [8] Undefined variable: weeks D:\wamp\www\wisdom\App\Runtime\Cache\Home\cd691c37894a4e3287c16c503605eb46.php 第 269 行.
NOTIC: [8] Undefined variable: weeks D:\wamp\www\wisdom\App\Runtime\Cache\Home\cd691c37894a4e3287c16c503605eb46.php 第 269 行.
NOTIC: [8] Undefined variable: weeks D:\wamp\www\wisdom\App\Runtime\Cache\Home\cd691c37894a4e3287c16c503605eb46.php 第 269 行.
NOTIC: [8] Undefined offset: 1 D:\wamp\www\wisdom\App\Runtime\Cache\Home\cd691c37894a4e3287c16c503605eb46.php 第 271 行.
NOTIC: [8] Undefined offset: 2 D:\wamp\www\wisdom\App\Runtime\Cache\Home\cd691c37894a4e3287c16c503605eb46.php 第 274 行.
NOTIC: [8] Undefined offset: 2 D:\wamp\www\wisdom\App\Runtime\Cache\Home\cd691c37894a4e3287c16c503605eb46.php 第 276 行.
NOTIC: [8] Undefined offset: 2 D:\wamp\www\wisdom\App\Runtime\Cache\Home\cd691c37894a4e3287c16c503605eb46.php 第 276 行.
NOTIC: [8] Undefined offset: 2 D:\wamp\www\wisdom\App\Runtime\Cache\Home\cd691c37894a4e3287c16c503605eb46.php 第 276 行.
NOTIC: [8] Undefined variable: weeks D:\wamp\www\wisdom\App\Runtime\Cache\Home\cd691c37894a4e3287c16c503605eb46.php 第 277 行.
NOTIC: [8] Undefined variable: weeks D:\wamp\www\wisdom\App\Runtime\Cache\Home\cd691c37894a4e3287c16c503605eb46.php 第 277 行.
NOTIC: [8] Undefined variable: weeks D:\wamp\www\wisdom\App\Runtime\Cache\Home\cd691c37894a4e3287c16c503605eb46.php 第 277 行.
NOTIC: [8] Undefined offset: 2 D:\wamp\www\wisdom\App\Runtime\Cache\Home\cd691c37894a4e3287c16c503605eb46.php 第 279 行.
NOTIC: [8] Undefined index: value_t D:\wamp\www\wisdom\App\Runtime\Cache\Home\cd691c37894a4e3287c16c503605eb46.php 第 284 行.
NOTIC: [8] Undefined variable: weeks D:\wamp\www\wisdom\App\Runtime\Cache\Home\cd691c37894a4e3287c16c503605eb46.php 第 285 行.
NOTIC: [8] Undefined variable: weeks D:\wamp\www\wisdom\App\Runtime\Cache\Home\cd691c37894a4e3287c16c503605eb46.php 第 285 行.
NOTIC: [8] Undefined variable: weeks D:\wamp\www\wisdom\App\Runtime\Cache\Home\cd691c37894a4e3287c16c503605eb46.php 第 285 行.
NOTIC: [8] Undefined index: value_t D:\wamp\www\wisdom\App\Runtime\Cache\Home\cd691c37894a4e3287c16c503605eb46.php 第 292 行.
NOTIC: [8] Undefined variable: weeks D:\wamp\www\wisdom\App\Runtime\Cache\Home\cd691c37894a4e3287c16c503605eb46.php 第 293 行.
NOTIC: [8] Undefined variable: weeks D:\wamp\www\wisdom\App\Runtime\Cache\Home\cd691c37894a4e3287c16c503605eb46.php 第 293 行.
NOTIC: [8] Undefined variable: weeks D:\wamp\www\wisdom\App\Runtime\Cache\Home\cd691c37894a4e3287c16c503605eb46.php 第 293 行.
NOTIC: [8] Undefined index: value_t D:\wamp\www\wisdom\App\Runtime\Cache\Home\cd691c37894a4e3287c16c503605eb46.php 第 300 行.
NOTIC: [8] Undefined variable: weeks D:\wamp\www\wisdom\App\Runtime\Cache\Home\cd691c37894a4e3287c16c503605eb46.php 第 301 行.
NOTIC: [8] Undefined variable: weeks D:\wamp\www\wisdom\App\Runtime\Cache\Home\cd691c37894a4e3287c16c503605eb46.php 第 301 行.
NOTIC: [8] Undefined variable: weeks D:\wamp\www\wisdom\App\Runtime\Cache\Home\cd691c37894a4e3287c16c503605eb46.php 第 301 行.
NOTIC: [8] Undefined index: value_t D:\wamp\www\wisdom\App\Runtime\Cache\Home\cd691c37894a4e3287c16c503605eb46.php 第 308 行.
NOTIC: [8] Undefined variable: weeks D:\wamp\www\wisdom\App\Runtime\Cache\Home\cd691c37894a4e3287c16c503605eb46.php 第 309 行.
NOTIC: [8] Undefined variable: weeks D:\wamp\www\wisdom\App\Runtime\Cache\Home\cd691c37894a4e3287c16c503605eb46.php 第 309 行.
NOTIC: [8] Undefined variable: weeks D:\wamp\www\wisdom\App\Runtime\Cache\Home\cd691c37894a4e3287c16c503605eb46.php 第 309 行.
NOTIC: [8] Undefined index: value_t D:\wamp\www\wisdom\App\Runtime\Cache\Home\cd691c37894a4e3287c16c503605eb46.php 第 316 行.
NOTIC: [8] Undefined variable: weeks D:\wamp\www\wisdom\App\Runtime\Cache\Home\cd691c37894a4e3287c16c503605eb46.php 第 317 行.
NOTIC: [8] Undefined variable: weeks D:\wamp\www\wisdom\App\Runtime\Cache\Home\cd691c37894a4e3287c16c503605eb46.php 第 317 行.
NOTIC: [8] Undefined variable: weeks D:\wamp\www\wisdom\App\Runtime\Cache\Home\cd691c37894a4e3287c16c503605eb46.php 第 317 行.
NOTIC: [8] Undefined index: value_t D:\wamp\www\wisdom\App\Runtime\Cache\Home\cd691c37894a4e3287c16c503605eb46.php 第 268 行.
NOTIC: [8] Undefined variable: weeks D:\wamp\www\wisdom\App\Runtime\Cache\Home\cd691c37894a4e3287c16c503605eb46.php 第 269 行.
NOTIC: [8] Undefined variable: weeks D:\wamp\www\wisdom\App\Runtime\Cache\Home\cd691c37894a4e3287c16c503605eb46.php 第 269 行.
NOTIC: [8] Undefined variable: weeks D:\wamp\www\wisdom\App\Runtime\Cache\Home\cd691c37894a4e3287c16c503605eb46.php 第 269 行.
NOTIC: [8] Undefined index: value_t D:\wamp\www\wisdom\App\Runtime\Cache\Home\cd691c37894a4e3287c16c503605eb46.php 第 276 行.
NOTIC: [8] Undefined variable: weeks D:\wamp\www\wisdom\App\Runtime\Cache\Home\cd691c37894a4e3287c16c503605eb46.php 第 277 行.
NOTIC: [8] Undefined variable: weeks D:\wamp\www\wisdom\App\Runtime\Cache\Home\cd691c37894a4e3287c16c503605eb46.php 第 277 行.
NOTIC: [8] Undefined variable: weeks D:\wamp\www\wisdom\App\Runtime\Cache\Home\cd691c37894a4e3287c16c503605eb46.php 第 277 行.
NOTIC: [8] Undefined index: value_t D:\wamp\www\wisdom\App\Runtime\Cache\Home\cd691c37894a4e3287c16c503605eb46.php 第 284 行.
NOTIC: [8] Undefined variable: weeks D:\wamp\www\wisdom\App\Runtime\Cache\Home\cd691c37894a4e3287c16c503605eb46.php 第 285 行.
NOTIC: [8] Undefined variable: weeks D:\wamp\www\wisdom\App\Runtime\Cache\Home\cd691c37894a4e3287c16c503605eb46.php 第 285 行.
NOTIC: [8] Undefined variable: weeks D:\wamp\www\wisdom\App\Runtime\Cache\Home\cd691c37894a4e3287c16c503605eb46.php 第 285 行.
NOTIC: [8] Undefined index: value_t D:\wamp\www\wisdom\App\Runtime\Cache\Home\cd691c37894a4e3287c16c503605eb46.php 第 292 行.
NOTIC: [8] Undefined variable: weeks D:\wamp\www\wisdom\App\Runtime\Cache\Home\cd691c37894a4e3287c16c503605eb46.php 第 293 行.
NOTIC: [8] Undefined variable: weeks D:\wamp\www\wisdom\App\Runtime\Cache\Home\cd691c37894a4e3287c16c503605eb46.php 第 293 行.
NOTIC: [8] Undefined variable: weeks D:\wamp\www\wisdom\App\Runtime\Cache\Home\cd691c37894a4e3287c16c503605eb46.php 第 293 行.
NOTIC: [8] Undefined index: value_t D:\wamp\www\wisdom\App\Runtime\Cache\Home\cd691c37894a4e3287c16c503605eb46.php 第 300 行.
NOTIC: [8] Undefined variable: weeks D:\wamp\www\wisdom\App\Runtime\Cache\Home\cd691c37894a4e3287c16c503605eb46.php 第 301 行.
NOTIC: [8] Undefined variable: weeks D:\wamp\www\wisdom\App\Runtime\Cache\Home\cd691c37894a4e3287c16c503605eb46.php 第 301 行.
NOTIC: [8] Undefined variable: weeks D:\wamp\www\wisdom\App\Runtime\Cache\Home\cd691c37894a4e3287c16c503605eb46.php 第 301 行.
NOTIC: [8] Undefined index: value_t D:\wamp\www\wisdom\App\Runtime\Cache\Home\cd691c37894a4e3287c16c503605eb46.php 第 308 行.
NOTIC: [8] Undefined variable: weeks D:\wamp\www\wisdom\App\Runtime\Cache\Home\cd691c37894a4e3287c16c503605eb46.php 第 309 行.
NOTIC: [8] Undefined variable: weeks D:\wamp\www\wisdom\App\Runtime\Cache\Home\cd691c37894a4e3287c16c503605eb46.php 第 309 行.
NOTIC: [8] Undefined variable: weeks D:\wamp\www\wisdom\App\Runtime\Cache\Home\cd691c37894a4e3287c16c503605eb46.php 第 309 行.
NOTIC: [8] Undefined index: value_t D:\wamp\www\wisdom\App\Runtime\Cache\Home\cd691c37894a4e3287c16c503605eb46.php 第 316 行.
NOTIC: [8] Undefined variable: weeks D:\wamp\www\wisdom\App\Runtime\Cache\Home\cd691c37894a4e3287c16c503605eb46.php 第 317 行.
NOTIC: [8] Undefined variable: weeks D:\wamp\www\wisdom\App\Runtime\Cache\Home\cd691c37894a4e3287c16c503605eb46.php 第 317 行.
NOTIC: [8] Undefined variable: weeks D:\wamp\www\wisdom\App\Runtime\Cache\Home\cd691c37894a4e3287c16c503605eb46.php 第 317 行.
NOTIC: [8] Undefined index: value_t D:\wamp\www\wisdom\App\Runtime\Cache\Home\cd691c37894a4e3287c16c503605eb46.php 第 268 行.
NOTIC: [8] Undefined variable: weeks D:\wamp\www\wisdom\App\Runtime\Cache\Home\cd691c37894a4e3287c16c503605eb46.php 第 269 行.
NOTIC: [8] Undefined variable: weeks D:\wamp\www\wisdom\App\Runtime\Cache\Home\cd691c37894a4e3287c16c503605eb46.php 第 269 行.
NOTIC: [8] Undefined variable: weeks D:\wamp\www\wisdom\App\Runtime\Cache\Home\cd691c37894a4e3287c16c503605eb46.php 第 269 行.
NOTIC: [8] Undefined index: value_t D:\wamp\www\wisdom\App\Runtime\Cache\Home\cd691c37894a4e3287c16c503605eb46.php 第 276 行.
NOTIC: [8] Undefined variable: weeks D:\wamp\www\wisdom\App\Runtime\Cache\Home\cd691c37894a4e3287c16c503605eb46.php 第 277 行.
NOTIC: [8] Undefined variable: weeks D:\wamp\www\wisdom\App\Runtime\Cache\Home\cd691c37894a4e3287c16c503605eb46.php 第 277 行.
NOTIC: [8] Undefined variable: weeks D:\wamp\www\wisdom\App\Runtime\Cache\Home\cd691c37894a4e3287c16c503605eb46.php 第 277 行.
NOTIC: [8] Undefined index: value_t D:\wamp\www\wisdom\App\Runtime\Cache\Home\cd691c37894a4e3287c16c503605eb46.php 第 284 行.
NOTIC: [8] Undefined variable: weeks D:\wamp\www\wisdom\App\Runtime\Cache\Home\cd691c37894a4e3287c16c503605eb46.php 第 285 行.
NOTIC: [8] Undefined variable: weeks D:\wamp\www\wisdom\App\Runtime\Cache\Home\cd691c37894a4e3287c16c503605eb46.php 第 285 行.
NOTIC: [8] Undefined variable: weeks D:\wamp\www\wisdom\App\Runtime\Cache\Home\cd691c37894a4e3287c16c503605eb46.php 第 285 行.
NOTIC: [8] Undefined index: value_t D:\wamp\www\wisdom\App\Runtime\Cache\Home\cd691c37894a4e3287c16c503605eb46.php 第 292 行.
NOTIC: [8] Undefined variable: weeks D:\wamp\www\wisdom\App\Runtime\Cache\Home\cd691c37894a4e3287c16c503605eb46.php 第 293 行.
NOTIC: [8] Undefined variable: weeks D:\wamp\www\wisdom\App\Runtime\Cache\Home\cd691c37894a4e3287c16c503605eb46.php 第 293 行.
NOTIC: [8] Undefined variable: weeks D:\wamp\www\wisdom\App\Runtime\Cache\Home\cd691c37894a4e3287c16c503605eb46.php 第 293 行.
NOTIC: [8] Undefined index: value_t D:\wamp\www\wisdom\App\Runtime\Cache\Home\cd691c37894a4e3287c16c503605eb46.php 第 300 行.
NOTIC: [8] Undefined variable: weeks D:\wamp\www\wisdom\App\Runtime\Cache\Home\cd691c37894a4e3287c16c503605eb46.php 第 301 行.
NOTIC: [8] Undefined variable: weeks D:\wamp\www\wisdom\App\Runtime\Cache\Home\cd691c37894a4e3287c16c503605eb46.php 第 301 行.
NOTIC: [8] Undefined variable: weeks D:\wamp\www\wisdom\App\Runtime\Cache\Home\cd691c37894a4e3287c16c503605eb46.php 第 301 行.
NOTIC: [8] Undefined index: value_t D:\wamp\www\wisdom\App\Runtime\Cache\Home\cd691c37894a4e3287c16c503605eb46.php 第 308 行.
NOTIC: [8] Undefined variable: weeks D:\wamp\www\wisdom\App\Runtime\Cache\Home\cd691c37894a4e3287c16c503605eb46.php 第 309 行.
NOTIC: [8] Undefined variable: weeks D:\wamp\www\wisdom\App\Runtime\Cache\Home\cd691c37894a4e3287c16c503605eb46.php 第 309 行.
NOTIC: [8] Undefined variable: weeks D:\wamp\www\wisdom\App\Runtime\Cache\Home\cd691c37894a4e3287c16c503605eb46.php 第 309 行.
NOTIC: [8] Undefined index: value_t D:\wamp\www\wisdom\App\Runtime\Cache\Home\cd691c37894a4e3287c16c503605eb46.php 第 316 行.
NOTIC: [8] Undefined variable: weeks D:\wamp\www\wisdom\App\Runtime\Cache\Home\cd691c37894a4e3287c16c503605eb46.php 第 317 行.
NOTIC: [8] Undefined variable: weeks D:\wamp\www\wisdom\App\Runtime\Cache\Home\cd691c37894a4e3287c16c503605eb46.php 第 317 行.
NOTIC: [8] Undefined variable: weeks D:\wamp\www\wisdom\App\Runtime\Cache\Home\cd691c37894a4e3287c16c503605eb46.php 第 317 行.
NOTIC: [8] Undefined index: value_t D:\wamp\www\wisdom\App\Runtime\Cache\Home\cd691c37894a4e3287c16c503605eb46.php 第 268 行.
NOTIC: [8] Undefined variable: weeks D:\wamp\www\wisdom\App\Runtime\Cache\Home\cd691c37894a4e3287c16c503605eb46.php 第 269 行.
NOTIC: [8] Undefined variable: weeks D:\wamp\www\wisdom\App\Runtime\Cache\Home\cd691c37894a4e3287c16c503605eb46.php 第 269 行.
NOTIC: [8] Undefined variable: weeks D:\wamp\www\wisdom\App\Runtime\Cache\Home\cd691c37894a4e3287c16c503605eb46.php 第 269 行.
NOTIC: [8] Undefined index: value_t D:\wamp\www\wisdom\App\Runtime\Cache\Home\cd691c37894a4e3287c16c503605eb46.php 第 276 行.
NOTIC: [8] Undefined variable: weeks D:\wamp\www\wisdom\App\Runtime\Cache\Home\cd691c37894a4e3287c16c503605eb46.php 第 277 行.
NOTIC: [8] Undefined variable: weeks D:\wamp\www\wisdom\App\Runtime\Cache\Home\cd691c37894a4e3287c16c503605eb46.php 第 277 行.
NOTIC: [8] Undefined variable: weeks D:\wamp\www\wisdom\App\Runtime\Cache\Home\cd691c37894a4e3287c16c503605eb46.php 第 277 行.
NOTIC: [8] Undefined index: value_t D:\wamp\www\wisdom\App\Runtime\Cache\Home\cd691c37894a4e3287c16c503605eb46.php 第 284 行.
NOTIC: [8] Undefined variable: weeks D:\wamp\www\wisdom\App\Runtime\Cache\Home\cd691c37894a4e3287c16c503605eb46.php 第 285 行.
NOTIC: [8] Undefined variable: weeks D:\wamp\www\wisdom\App\Runtime\Cache\Home\cd691c37894a4e3287c16c503605eb46.php 第 285 行.
NOTIC: [8] Undefined variable: weeks D:\wamp\www\wisdom\App\Runtime\Cache\Home\cd691c37894a4e3287c16c503605eb46.php 第 285 行.
NOTIC: [8] Undefined index: value_t D:\wamp\www\wisdom\App\Runtime\Cache\Home\cd691c37894a4e3287c16c503605eb46.php 第 292 行.
NOTIC: [8] Undefined variable: weeks D:\wamp\www\wisdom\App\Runtime\Cache\Home\cd691c37894a4e3287c16c503605eb46.php 第 293 行.
NOTIC: [8] Undefined variable: weeks D:\wamp\www\wisdom\App\Runtime\Cache\Home\cd691c37894a4e3287c16c503605eb46.php 第 293 行.
NOTIC: [8] Undefined variable: weeks D:\wamp\www\wisdom\App\Runtime\Cache\Home\cd691c37894a4e3287c16c503605eb46.php 第 293 行.
NOTIC: [8] Undefined index: value_t D:\wamp\www\wisdom\App\Runtime\Cache\Home\cd691c37894a4e3287c16c503605eb46.php 第 300 行.
NOTIC: [8] Undefined variable: weeks D:\wamp\www\wisdom\App\Runtime\Cache\Home\cd691c37894a4e3287c16c503605eb46.php 第 301 行.
NOTIC: [8] Undefined variable: weeks D:\wamp\www\wisdom\App\Runtime\Cache\Home\cd691c37894a4e3287c16c503605eb46.php 第 301 行.
NOTIC: [8] Undefined variable: weeks D:\wamp\www\wisdom\App\Runtime\Cache\Home\cd691c37894a4e3287c16c503605eb46.php 第 301 行.
NOTIC: [8] Undefined index: value_t D:\wamp\www\wisdom\App\Runtime\Cache\Home\cd691c37894a4e3287c16c503605eb46.php 第 308 行.
NOTIC: [8] Undefined variable: weeks D:\wamp\www\wisdom\App\Runtime\Cache\Home\cd691c37894a4e3287c16c503605eb46.php 第 309 行.
NOTIC: [8] Undefined variable: weeks D:\wamp\www\wisdom\App\Runtime\Cache\Home\cd691c37894a4e3287c16c503605eb46.php 第 309 行.
NOTIC: [8] Undefined variable: weeks D:\wamp\www\wisdom\App\Runtime\Cache\Home\cd691c37894a4e3287c16c503605eb46.php 第 309 行.
NOTIC: [8] Undefined index: value_t D:\wamp\www\wisdom\App\Runtime\Cache\Home\cd691c37894a4e3287c16c503605eb46.php 第 316 行.
NOTIC: [8] Undefined variable: weeks D:\wamp\www\wisdom\App\Runtime\Cache\Home\cd691c37894a4e3287c16c503605eb46.php 第 317 行.
NOTIC: [8] Undefined variable: weeks D:\wamp\www\wisdom\App\Runtime\Cache\Home\cd691c37894a4e3287c16c503605eb46.php 第 317 行.
NOTIC: [8] Undefined variable: weeks D:\wamp\www\wisdom\App\Runtime\Cache\Home\cd691c37894a4e3287c16c503605eb46.php 第 317 行.
NOTIC: [8] Undefined index: value_t D:\wamp\www\wisdom\App\Runtime\Cache\Home\cd691c37894a4e3287c16c503605eb46.php 第 268 行.
NOTIC: [8] Undefined variable: weeks D:\wamp\www\wisdom\App\Runtime\Cache\Home\cd691c37894a4e3287c16c503605eb46.php 第 269 行.
NOTIC: [8] Undefined variable: weeks D:\wamp\www\wisdom\App\Runtime\Cache\Home\cd691c37894a4e3287c16c503605eb46.php 第 269 行.
NOTIC: [8] Undefined variable: weeks D:\wamp\www\wisdom\App\Runtime\Cache\Home\cd691c37894a4e3287c16c503605eb46.php 第 269 行.
NOTIC: [8] Undefined index: value_t D:\wamp\www\wisdom\App\Runtime\Cache\Home\cd691c37894a4e3287c16c503605eb46.php 第 276 行.
NOTIC: [8] Undefined variable: weeks D:\wamp\www\wisdom\App\Runtime\Cache\Home\cd691c37894a4e3287c16c503605eb46.php 第 277 行.
NOTIC: [8] Undefined variable: weeks D:\wamp\www\wisdom\App\Runtime\Cache\Home\cd691c37894a4e3287c16c503605eb46.php 第 277 行.
NOTIC: [8] Undefined variable: weeks D:\wamp\www\wisdom\App\Runtime\Cache\Home\cd691c37894a4e3287c16c503605eb46.php 第 277 行.
NOTIC: [8] Undefined index: value_t D:\wamp\www\wisdom\App\Runtime\Cache\Home\cd691c37894a4e3287c16c503605eb46.php 第 284 行.
NOTIC: [8] Undefined variable: weeks D:\wamp\www\wisdom\App\Runtime\Cache\Home\cd691c37894a4e3287c16c503605eb46.php 第 285 行.
NOTIC: [8] Undefined variable: weeks D:\wamp\www\wisdom\App\Runtime\Cache\Home\cd691c37894a4e3287c16c503605eb46.php 第 285 行.
NOTIC: [8] Undefined variable: weeks D:\wamp\www\wisdom\App\Runtime\Cache\Home\cd691c37894a4e3287c16c503605eb46.php 第 285 行.
NOTIC: [8] Undefined index: value_t D:\wamp\www\wisdom\App\Runtime\Cache\Home\cd691c37894a4e3287c16c503605eb46.php 第 292 行.
NOTIC: [8] Undefined variable: weeks D:\wamp\www\wisdom\App\Runtime\Cache\Home\cd691c37894a4e3287c16c503605eb46.php 第 293 行.
NOTIC: [8] Undefined variable: weeks D:\wamp\www\wisdom\App\Runtime\Cache\Home\cd691c37894a4e3287c16c503605eb46.php 第 293 行.
NOTIC: [8] Undefined variable: weeks D:\wamp\www\wisdom\App\Runtime\Cache\Home\cd691c37894a4e3287c16c503605eb46.php 第 293 行.
NOTIC: [8] Undefined offset: 33 D:\wamp\www\wisdom\App\Runtime\Cache\Home\cd691c37894a4e3287c16c503605eb46.php 第 298 行.
NOTIC: [8] Undefined offset: 33 D:\wamp\www\wisdom\App\Runtime\Cache\Home\cd691c37894a4e3287c16c503605eb46.php 第 300 行.
NOTIC: [8] Undefined offset: 33 D:\wamp\www\wisdom\App\Runtime\Cache\Home\cd691c37894a4e3287c16c503605eb46.php 第 300 行.
NOTIC: [8] Undefined offset: 33 D:\wamp\www\wisdom\App\Runtime\Cache\Home\cd691c37894a4e3287c16c503605eb46.php 第 300 行.
NOTIC: [8] Undefined variable: weeks D:\wamp\www\wisdom\App\Runtime\Cache\Home\cd691c37894a4e3287c16c503605eb46.php 第 301 行.
NOTIC: [8] Undefined variable: weeks D:\wamp\www\wisdom\App\Runtime\Cache\Home\cd691c37894a4e3287c16c503605eb46.php 第 301 行.
NOTIC: [8] Undefined variable: weeks D:\wamp\www\wisdom\App\Runtime\Cache\Home\cd691c37894a4e3287c16c503605eb46.php 第 301 行.
NOTIC: [8] Undefined offset: 33 D:\wamp\www\wisdom\App\Runtime\Cache\Home\cd691c37894a4e3287c16c503605eb46.php 第 303 行.
NOTIC: [8] Undefined offset: 34 D:\wamp\www\wisdom\App\Runtime\Cache\Home\cd691c37894a4e3287c16c503605eb46.php 第 306 行.
NOTIC: [8] Undefined offset: 34 D:\wamp\www\wisdom\App\Runtime\Cache\Home\cd691c37894a4e3287c16c503605eb46.php 第 308 行.
NOTIC: [8] Undefined offset: 34 D:\wamp\www\wisdom\App\Runtime\Cache\Home\cd691c37894a4e3287c16c503605eb46.php 第 308 行.
NOTIC: [8] Undefined offset: 34 D:\wamp\www\wisdom\App\Runtime\Cache\Home\cd691c37894a4e3287c16c503605eb46.php 第 308 行.
NOTIC: [8] Undefined variable: weeks D:\wamp\www\wisdom\App\Runtime\Cache\Home\cd691c37894a4e3287c16c503605eb46.php 第 309 行.
NOTIC: [8] Undefined variable: weeks D:\wamp\www\wisdom\App\Runtime\Cache\Home\cd691c37894a4e3287c16c503605eb46.php 第 309 行.
NOTIC: [8] Undefined variable: weeks D:\wamp\www\wisdom\App\Runtime\Cache\Home\cd691c37894a4e3287c16c503605eb46.php 第 309 行.
NOTIC: [8] Undefined offset: 34 D:\wamp\www\wisdom\App\Runtime\Cache\Home\cd691c37894a4e3287c16c503605eb46.php 第 311 行.
NOTIC: [8] Undefined offset: 35 D:\wamp\www\wisdom\App\Runtime\Cache\Home\cd691c37894a4e3287c16c503605eb46.php 第 314 行.
NOTIC: [8] Undefined offset: 35 D:\wamp\www\wisdom\App\Runtime\Cache\Home\cd691c37894a4e3287c16c503605eb46.php 第 316 行.
NOTIC: [8] Undefined offset: 35 D:\wamp\www\wisdom\App\Runtime\Cache\Home\cd691c37894a4e3287c16c503605eb46.php 第 316 行.
NOTIC: [8] Undefined offset: 35 D:\wamp\www\wisdom\App\Runtime\Cache\Home\cd691c37894a4e3287c16c503605eb46.php 第 316 行.
NOTIC: [8] Undefined variable: weeks D:\wamp\www\wisdom\App\Runtime\Cache\Home\cd691c37894a4e3287c16c503605eb46.php 第 317 行.
NOTIC: [8] Undefined variable: weeks D:\wamp\www\wisdom\App\Runtime\Cache\Home\cd691c37894a4e3287c16c503605eb46.php 第 317 行.
NOTIC: [8] Undefined variable: weeks D:\wamp\www\wisdom\App\Runtime\Cache\Home\cd691c37894a4e3287c16c503605eb46.php 第 317 行.
NOTIC: [8] Undefined offset: 35 D:\wamp\www\wisdom\App\Runtime\Cache\Home\cd691c37894a4e3287c16c503605eb46.php 第 319 行.
NOTIC: [8] Undefined offset: 36 D:\wamp\www\wisdom\App\Runtime\Cache\Home\cd691c37894a4e3287c16c503605eb46.php 第 266 行.
NOTIC: [8] Undefined offset: 36 D:\wamp\www\wisdom\App\Runtime\Cache\Home\cd691c37894a4e3287c16c503605eb46.php 第 268 行.
NOTIC: [8] Undefined offset: 36 D:\wamp\www\wisdom\App\Runtime\Cache\Home\cd691c37894a4e3287c16c503605eb46.php 第 268 行.
NOTIC: [8] Undefined offset: 36 D:\wamp\www\wisdom\App\Runtime\Cache\Home\cd691c37894a4e3287c16c503605eb46.php 第 268 行.
NOTIC: [8] Undefined variable: weeks D:\wamp\www\wisdom\App\Runtime\Cache\Home\cd691c37894a4e3287c16c503605eb46.php 第 269 行.
NOTIC: [8] Undefined variable: weeks D:\wamp\www\wisdom\App\Runtime\Cache\Home\cd691c37894a4e3287c16c503605eb46.php 第 269 行.
NOTIC: [8] Undefined variable: weeks D:\wamp\www\wisdom\App\Runtime\Cache\Home\cd691c37894a4e3287c16c503605eb46.php 第 269 行.
NOTIC: [8] Undefined offset: 36 D:\wamp\www\wisdom\App\Runtime\Cache\Home\cd691c37894a4e3287c16c503605eb46.php 第 271 行.
NOTIC: [8] Undefined offset: 37 D:\wamp\www\wisdom\App\Runtime\Cache\Home\cd691c37894a4e3287c16c503605eb46.php 第 274 行.
NOTIC: [8] Undefined offset: 37 D:\wamp\www\wisdom\App\Runtime\Cache\Home\cd691c37894a4e3287c16c503605eb46.php 第 276 行.
NOTIC: [8] Undefined offset: 37 D:\wamp\www\wisdom\App\Runtime\Cache\Home\cd691c37894a4e3287c16c503605eb46.php 第 276 行.
NOTIC: [8] Undefined offset: 37 D:\wamp\www\wisdom\App\Runtime\Cache\Home\cd691c37894a4e3287c16c503605eb46.php 第 276 行.
NOTIC: [8] Undefined variable: weeks D:\wamp\www\wisdom\App\Runtime\Cache\Home\cd691c37894a4e3287c16c503605eb46.php 第 277 行.
NOTIC: [8] Undefined variable: weeks D:\wamp\www\wisdom\App\Runtime\Cache\Home\cd691c37894a4e3287c16c503605eb46.php 第 277 行.
NOTIC: [8] Undefined variable: weeks D:\wamp\www\wisdom\App\Runtime\Cache\Home\cd691c37894a4e3287c16c503605eb46.php 第 277 行.
NOTIC: [8] Undefined offset: 37 D:\wamp\www\wisdom\App\Runtime\Cache\Home\cd691c37894a4e3287c16c503605eb46.php 第 279 行.
NOTIC: [8] Undefined offset: 38 D:\wamp\www\wisdom\App\Runtime\Cache\Home\cd691c37894a4e3287c16c503605eb46.php 第 282 行.
NOTIC: [8] Undefined offset: 38 D:\wamp\www\wisdom\App\Runtime\Cache\Home\cd691c37894a4e3287c16c503605eb46.php 第 284 行.
NOTIC: [8] Undefined offset: 38 D:\wamp\www\wisdom\App\Runtime\Cache\Home\cd691c37894a4e3287c16c503605eb46.php 第 284 行.
NOTIC: [8] Undefined offset: 38 D:\wamp\www\wisdom\App\Runtime\Cache\Home\cd691c37894a4e3287c16c503605eb46.php 第 284 行.
NOTIC: [8] Undefined variable: weeks D:\wamp\www\wisdom\App\Runtime\Cache\Home\cd691c37894a4e3287c16c503605eb46.php 第 285 行.
NOTIC: [8] Undefined variable: weeks D:\wamp\www\wisdom\App\Runtime\Cache\Home\cd691c37894a4e3287c16c503605eb46.php 第 285 行.
NOTIC: [8] Undefined variable: weeks D:\wamp\www\wisdom\App\Runtime\Cache\Home\cd691c37894a4e3287c16c503605eb46.php 第 285 行.
NOTIC: [8] Undefined offset: 38 D:\wamp\www\wisdom\App\Runtime\Cache\Home\cd691c37894a4e3287c16c503605eb46.php 第 287 行.
NOTIC: [8] Undefined offset: 39 D:\wamp\www\wisdom\App\Runtime\Cache\Home\cd691c37894a4e3287c16c503605eb46.php 第 290 行.
NOTIC: [8] Undefined offset: 39 D:\wamp\www\wisdom\App\Runtime\Cache\Home\cd691c37894a4e3287c16c503605eb46.php 第 292 行.
NOTIC: [8] Undefined offset: 39 D:\wamp\www\wisdom\App\Runtime\Cache\Home\cd691c37894a4e3287c16c503605eb46.php 第 292 行.
NOTIC: [8] Undefined offset: 39 D:\wamp\www\wisdom\App\Runtime\Cache\Home\cd691c37894a4e3287c16c503605eb46.php 第 292 行.
NOTIC: [8] Undefined variable: weeks D:\wamp\www\wisdom\App\Runtime\Cache\Home\cd691c37894a4e3287c16c503605eb46.php 第 293 行.
NOTIC: [8] Undefined variable: weeks D:\wamp\www\wisdom\App\Runtime\Cache\Home\cd691c37894a4e3287c16c503605eb46.php 第 293 行.
NOTIC: [8] Undefined variable: weeks D:\wamp\www\wisdom\App\Runtime\Cache\Home\cd691c37894a4e3287c16c503605eb46.php 第 293 行.
NOTIC: [8] Undefined offset: 39 D:\wamp\www\wisdom\App\Runtime\Cache\Home\cd691c37894a4e3287c16c503605eb46.php 第 295 行.
NOTIC: [8] Undefined offset: 40 D:\wamp\www\wisdom\App\Runtime\Cache\Home\cd691c37894a4e3287c16c503605eb46.php 第 298 行.
NOTIC: [8] Undefined offset: 40 D:\wamp\www\wisdom\App\Runtime\Cache\Home\cd691c37894a4e3287c16c503605eb46.php 第 300 行.
NOTIC: [8] Undefined offset: 40 D:\wamp\www\wisdom\App\Runtime\Cache\Home\cd691c37894a4e3287c16c503605eb46.php 第 300 行.
NOTIC: [8] Undefined offset: 40 D:\wamp\www\wisdom\App\Runtime\Cache\Home\cd691c37894a4e3287c16c503605eb46.php 第 300 行.
NOTIC: [8] Undefined variable: weeks D:\wamp\www\wisdom\App\Runtime\Cache\Home\cd691c37894a4e3287c16c503605eb46.php 第 301 行.
NOTIC: [8] Undefined variable: weeks D:\wamp\www\wisdom\App\Runtime\Cache\Home\cd691c37894a4e3287c16c503605eb46.php 第 301 行.
NOTIC: [8] Undefined variable: weeks D:\wamp\www\wisdom\App\Runtime\Cache\Home\cd691c37894a4e3287c16c503605eb46.php 第 301 行.
NOTIC: [8] Undefined offset: 40 D:\wamp\www\wisdom\App\Runtime\Cache\Home\cd691c37894a4e3287c16c503605eb46.php 第 303 行.
NOTIC: [8] Undefined offset: 41 D:\wamp\www\wisdom\App\Runtime\Cache\Home\cd691c37894a4e3287c16c503605eb46.php 第 306 行.
NOTIC: [8] Undefined offset: 41 D:\wamp\www\wisdom\App\Runtime\Cache\Home\cd691c37894a4e3287c16c503605eb46.php 第 308 行.
NOTIC: [8] Undefined offset: 41 D:\wamp\www\wisdom\App\Runtime\Cache\Home\cd691c37894a4e3287c16c503605eb46.php 第 308 行.
NOTIC: [8] Undefined offset: 41 D:\wamp\www\wisdom\App\Runtime\Cache\Home\cd691c37894a4e3287c16c503605eb46.php 第 308 行.
NOTIC: [8] Undefined variable: weeks D:\wamp\www\wisdom\App\Runtime\Cache\Home\cd691c37894a4e3287c16c503605eb46.php 第 309 行.
NOTIC: [8] Undefined variable: weeks D:\wamp\www\wisdom\App\Runtime\Cache\Home\cd691c37894a4e3287c16c503605eb46.php 第 309 行.
NOTIC: [8] Undefined variable: weeks D:\wamp\www\wisdom\App\Runtime\Cache\Home\cd691c37894a4e3287c16c503605eb46.php 第 309 行.
NOTIC: [8] Undefined offset: 41 D:\wamp\www\wisdom\App\Runtime\Cache\Home\cd691c37894a4e3287c16c503605eb46.php 第 311 行.
NOTIC: [8] Undefined offset: 42 D:\wamp\www\wisdom\App\Runtime\Cache\Home\cd691c37894a4e3287c16c503605eb46.php 第 314 行.
NOTIC: [8] Undefined offset: 42 D:\wamp\www\wisdom\App\Runtime\Cache\Home\cd691c37894a4e3287c16c503605eb46.php 第 316 行.
NOTIC: [8] Undefined offset: 42 D:\wamp\www\wisdom\App\Runtime\Cache\Home\cd691c37894a4e3287c16c503605eb46.php 第 316 行.
NOTIC: [8] Undefined offset: 42 D:\wamp\www\wisdom\App\Runtime\Cache\Home\cd691c37894a4e3287c16c503605eb46.php 第 316 行.
NOTIC: [8] Undefined variable: weeks D:\wamp\www\wisdom\App\Runtime\Cache\Home\cd691c37894a4e3287c16c503605eb46.php 第 317 行.
NOTIC: [8] Undefined variable: weeks D:\wamp\www\wisdom\App\Runtime\Cache\Home\cd691c37894a4e3287c16c503605eb46.php 第 317 行.
NOTIC: [8] Undefined variable: weeks D:\wamp\www\wisdom\App\Runtime\Cache\Home\cd691c37894a4e3287c16c503605eb46.php 第 317 行.
NOTIC: [8] Undefined offset: 42 D:\wamp\www\wisdom\App\Runtime\Cache\Home\cd691c37894a4e3287c16c503605eb46.php 第 319 行.
NOTIC: [8] Undefined variable: ri_date D:\wamp\www\wisdom\App\Runtime\Cache\Home\cd691c37894a4e3287c16c503605eb46.php 第 350 行.
NOTIC: [8] Undefined variable: ri_date D:\wamp\www\wisdom\App\Runtime\Cache\Home\cd691c37894a4e3287c16c503605eb46.php 第 351 行.
NOTIC: [8] Undefined variable: zhou_dateF D:\wamp\www\wisdom\App\Runtime\Cache\Home\cd691c37894a4e3287c16c503605eb46.php 第 358 行.
NOTIC: [8] Undefined variable: zhou_dateT D:\wamp\www\wisdom\App\Runtime\Cache\Home\cd691c37894a4e3287c16c503605eb46.php 第 358 行.
NOTIC: [8] Undefined variable: zhou_dateF D:\wamp\www\wisdom\App\Runtime\Cache\Home\cd691c37894a4e3287c16c503605eb46.php 第 359 行.
NOTIC: [8] Undefined variable: zhou_dateT D:\wamp\www\wisdom\App\Runtime\Cache\Home\cd691c37894a4e3287c16c503605eb46.php 第 360 行.
NOTIC: [8] Undefined variable: yue_date D:\wamp\www\wisdom\App\Runtime\Cache\Home\cd691c37894a4e3287c16c503605eb46.php 第 367 行.
NOTIC: [8] Undefined variable: yue_date D:\wamp\www\wisdom\App\Runtime\Cache\Home\cd691c37894a4e3287c16c503605eb46.php 第 368 行.
NOTIC: [8] Undefined variable: startdate D:\wamp\www\wisdom\App\Runtime\Cache\Home\cd691c37894a4e3287c16c503605eb46.php 第 373 行.
NOTIC: [8] Undefined variable: enddate D:\wamp\www\wisdom\App\Runtime\Cache\Home\cd691c37894a4e3287c16c503605eb46.php 第 375 行.
NOTIC: [8] Undefined variable: getCheckWorkReportList_list D:\wamp\www\wisdom\App\Runtime\Cache\Home\cd691c37894a4e3287c16c503605eb46.php 第 408 行.
NOTIC: [8] Undefined variable: yue_date D:\wamp\www\wisdom\App\Runtime\Cache\Home\cd691c37894a4e3287c16c503605eb46.php 第 720 行.
NOTIC: [8] Undefined variable: getNoticeList_total D:\wamp\www\wisdom\App\Runtime\Cache\Home\cd691c37894a4e3287c16c503605eb46.php 第 744 行.
NOTIC: [8] Undefined variable: getNoticeList_pageSize D:\wamp\www\wisdom\App\Runtime\Cache\Home\cd691c37894a4e3287c16c503605eb46.php 第 744 行.
NOTIC: [8] Undefined variable: getNoticeList_page D:\wamp\www\wisdom\App\Runtime\Cache\Home\cd691c37894a4e3287c16c503605eb46.php 第 744 行.
NOTIC: [8] Undefined variable: getNoticeList_totalPage D:\wamp\www\wisdom\App\Runtime\Cache\Home\cd691c37894a4e3287c16c503605eb46.php 第 744 行.
INFO: Run Behavior\ParseTemplateBehavior [ RunTime:0.091006s ]
INFO: [ view_parse ] --END-- [ RunTime:0.092006s ]
INFO: [ view_filter ] --START--
INFO: Run Behavior\WriteHtmlCacheBehavior [ RunTime:0.000000s ]
INFO: [ view_filter ] --END-- [ RunTime:0.000000s ]
INFO: [ app_end ] --START--
INFO: Run Behavior\ShowPageTraceBehavior [ RunTime:0.000000s ]
INFO: [ app_end ] --END-- [ RunTime:0.001000s ]

