[ 2015-08-20T09:30:43+08:00 ] ::1 /wisdom/index.php/Home/Index
INFO: [ app_init ] --START--
INFO: Run Behavior\BuildLiteBehavior [ RunTime:0.000000s ]
INFO: [ app_init ] --END-- [ RunTime:0.001000s ]
INFO: [ app_begin ] --START--
INFO: Run Behavior\ReadHtmlCacheBehavior [ RunTime:0.001000s ]
INFO: [ app_begin ] --END-- [ RunTime:0.001000s ]
SQL: SHOW COLUMNS FROM `t_user_role` [ RunTime:0.0080s ]
SQL: SELECT * FROM `t_user_role` WHERE ( f_user_id=523 ) LIMIT 1   [ RunTime:0.0070s ]
SQL: SHOW COLUMNS FROM `t_role` [ RunTime:0.0080s ]
SQL: SELECT * FROM `t_role` WHERE ( f_id=74 ) LIMIT 1   [ RunTime:0.0070s ]

[ 2015-08-20T09:30:43+08:00 ] ::1 /wisdom/index.php/Home/Business/index.html
INFO: [ app_init ] --START--
INFO: Run Behavior\BuildLiteBehavior [ RunTime:0.000000s ]
INFO: [ app_init ] --END-- [ RunTime:0.000000s ]
INFO: [ app_begin ] --START--
INFO: Run Behavior\ReadHtmlCacheBehavior [ RunTime:0.000000s ]
INFO: [ app_begin ] --END-- [ RunTime:0.000000s ]
SQL: SHOW COLUMNS FROM `t_user_role` [ RunTime:0.0080s ]
SQL: SELECT * FROM `t_user_role` WHERE ( f_user_id=523 ) LIMIT 1   [ RunTime:0.0080s ]
SQL: SHOW COLUMNS FROM `t_role` [ RunTime:0.0080s ]
SQL: SELECT * FROM `t_role` WHERE ( f_id=74 ) LIMIT 1   [ RunTime:0.0080s ]
SQL: SHOW COLUMNS FROM `t_syscolumn` [ RunTime:0.0080s ]
SQL: SELECT * FROM `t_syscolumn` WHERE ( F_SYS_COLUMN_PID=0 and F_SYS_COLUMN_STATE=1 ) ORDER BY F_SYS_COLUMN_SORT  [ RunTime:0.0080s ]
SQL: SELECT * FROM `t_syscolumn` WHERE ( F_SYS_COLUMN_PID=2 and F_SYS_COLUMN_STATE=1 ) ORDER BY F_SYS_COLUMN_SORT  [ RunTime:0.0090s ]
INFO: [ view_parse ] --START--
INFO: [ template_filter ] --START--
INFO: Run Behavior\ContentReplaceBehavior [ RunTime:0.000000s ]
INFO: [ template_filter ] --END-- [ RunTime:0.000000s ]
INFO: Run Behavior\ParseTemplateBehavior [ RunTime:0.031601s ]
INFO: [ view_parse ] --END-- [ RunTime:0.031601s ]
INFO: [ view_filter ] --START--
INFO: Run Behavior\WriteHtmlCacheBehavior [ RunTime:0.000000s ]
INFO: [ view_filter ] --END-- [ RunTime:0.000000s ]
INFO: [ app_end ] --START--
INFO: Run Behavior\ShowPageTraceBehavior [ RunTime:0.000000s ]
INFO: [ app_end ] --END-- [ RunTime:0.000000s ]

[ 2015-08-20T09:30:58+08:00 ] ::1 /wisdom/index.php/Home/Business/taskAdd.html
INFO: [ app_init ] --START--
INFO: Run Behavior\BuildLiteBehavior [ RunTime:0.000000s ]
INFO: [ app_init ] --END-- [ RunTime:0.000000s ]
INFO: [ app_begin ] --START--
INFO: Run Behavior\ReadHtmlCacheBehavior [ RunTime:0.000000s ]
INFO: [ app_begin ] --END-- [ RunTime:0.000000s ]
SQL: SHOW COLUMNS FROM `t_user_role` [ RunTime:0.0156s ]
SQL: SELECT * FROM `t_user_role` WHERE ( f_user_id=523 ) LIMIT 1   [ RunTime:0.0000s ]
SQL: SHOW COLUMNS FROM `t_role` [ RunTime:0.0000s ]
SQL: SELECT * FROM `t_role` WHERE ( f_id=74 ) LIMIT 1   [ RunTime:0.0000s ]
SQL: SHOW COLUMNS FROM `t_syscolumn` [ RunTime:0.0000s ]
SQL: SELECT * FROM `t_syscolumn` WHERE ( F_SYS_COLUMN_PID=0 and F_SYS_COLUMN_STATE=1 ) ORDER BY F_SYS_COLUMN_SORT  [ RunTime:0.0000s ]
SQL: SELECT * FROM `t_syscolumn` WHERE ( F_SYS_COLUMN_PID=2 and F_SYS_COLUMN_STATE=1 ) ORDER BY F_SYS_COLUMN_SORT  [ RunTime:0.0000s ]
INFO: [ view_parse ] --START--
INFO: [ template_filter ] --START--
INFO: Run Behavior\ContentReplaceBehavior [ RunTime:0.000000s ]
INFO: [ template_filter ] --END-- [ RunTime:0.000000s ]
NOTIC: [8] Undefined variable: reModi D:\wamp\www\wisdom\App\Runtime\Cache\Home\66f447c3a419f9a77357a77fdb0ff9d1.php 第 201 行.
NOTIC: [8] Undefined variable: reModi D:\wamp\www\wisdom\App\Runtime\Cache\Home\66f447c3a419f9a77357a77fdb0ff9d1.php 第 220 行.
NOTIC: [8] Undefined variable: reModi D:\wamp\www\wisdom\App\Runtime\Cache\Home\66f447c3a419f9a77357a77fdb0ff9d1.php 第 244 行.
NOTIC: [8] Undefined variable: reModi D:\wamp\www\wisdom\App\Runtime\Cache\Home\66f447c3a419f9a77357a77fdb0ff9d1.php 第 249 行.
NOTIC: [8] Undefined variable: reModi D:\wamp\www\wisdom\App\Runtime\Cache\Home\66f447c3a419f9a77357a77fdb0ff9d1.php 第 250 行.
NOTIC: [8] Undefined variable: reModi D:\wamp\www\wisdom\App\Runtime\Cache\Home\66f447c3a419f9a77357a77fdb0ff9d1.php 第 258 行.
NOTIC: [8] Undefined variable: reModi D:\wamp\www\wisdom\App\Runtime\Cache\Home\66f447c3a419f9a77357a77fdb0ff9d1.php 第 269 行.
NOTIC: [8] Undefined variable: reModi D:\wamp\www\wisdom\App\Runtime\Cache\Home\66f447c3a419f9a77357a77fdb0ff9d1.php 第 282 行.
NOTIC: [8] Undefined variable: reModi D:\wamp\www\wisdom\App\Runtime\Cache\Home\66f447c3a419f9a77357a77fdb0ff9d1.php 第 287 行.
NOTIC: [8] Undefined variable: reModi D:\wamp\www\wisdom\App\Runtime\Cache\Home\66f447c3a419f9a77357a77fdb0ff9d1.php 第 292 行.
NOTIC: [8] Undefined variable: reModi D:\wamp\www\wisdom\App\Runtime\Cache\Home\66f447c3a419f9a77357a77fdb0ff9d1.php 第 293 行.
NOTIC: [8] Undefined variable: reModi D:\wamp\www\wisdom\App\Runtime\Cache\Home\66f447c3a419f9a77357a77fdb0ff9d1.php 第 294 行.
NOTIC: [8] Undefined variable: reModi D:\wamp\www\wisdom\App\Runtime\Cache\Home\66f447c3a419f9a77357a77fdb0ff9d1.php 第 295 行.
NOTIC: [8] Undefined variable: reModi D:\wamp\www\wisdom\App\Runtime\Cache\Home\66f447c3a419f9a77357a77fdb0ff9d1.php 第 296 行.
NOTIC: [8] Undefined variable: reModi D:\wamp\www\wisdom\App\Runtime\Cache\Home\66f447c3a419f9a77357a77fdb0ff9d1.php 第 300 行.
NOTIC: [8] Undefined variable: reModi D:\wamp\www\wisdom\App\Runtime\Cache\Home\66f447c3a419f9a77357a77fdb0ff9d1.php 第 307 行.
NOTIC: [8] Undefined variable: reModi D:\wamp\www\wisdom\App\Runtime\Cache\Home\66f447c3a419f9a77357a77fdb0ff9d1.php 第 391 行.
NOTIC: [8] Undefined variable: reModi D:\wamp\www\wisdom\App\Runtime\Cache\Home\66f447c3a419f9a77357a77fdb0ff9d1.php 第 393 行.
NOTIC: [8] Undefined variable: reModi D:\wamp\www\wisdom\App\Runtime\Cache\Home\66f447c3a419f9a77357a77fdb0ff9d1.php 第 395 行.
NOTIC: [8] Undefined variable: reModi D:\wamp\www\wisdom\App\Runtime\Cache\Home\66f447c3a419f9a77357a77fdb0ff9d1.php 第 397 行.
NOTIC: [8] Undefined variable: reModi D:\wamp\www\wisdom\App\Runtime\Cache\Home\66f447c3a419f9a77357a77fdb0ff9d1.php 第 402 行.
NOTIC: [8] Undefined variable: reModi D:\wamp\www\wisdom\App\Runtime\Cache\Home\66f447c3a419f9a77357a77fdb0ff9d1.php 第 404 行.
NOTIC: [8] Undefined variable: reModi D:\wamp\www\wisdom\App\Runtime\Cache\Home\66f447c3a419f9a77357a77fdb0ff9d1.php 第 406 行.
NOTIC: [8] Undefined variable: reModi D:\wamp\www\wisdom\App\Runtime\Cache\Home\66f447c3a419f9a77357a77fdb0ff9d1.php 第 434 行.
NOTIC: [8] Undefined variable: reModi D:\wamp\www\wisdom\App\Runtime\Cache\Home\66f447c3a419f9a77357a77fdb0ff9d1.php 第 453 行.
NOTIC: [8] Undefined variable: reModi D:\wamp\www\wisdom\App\Runtime\Cache\Home\66f447c3a419f9a77357a77fdb0ff9d1.php 第 472 行.
NOTIC: [8] Undefined variable: reModi D:\wamp\www\wisdom\App\Runtime\Cache\Home\66f447c3a419f9a77357a77fdb0ff9d1.php 第 492 行.
NOTIC: [8] Undefined variable: reModi D:\wamp\www\wisdom\App\Runtime\Cache\Home\66f447c3a419f9a77357a77fdb0ff9d1.php 第 513 行.
NOTIC: [8] Undefined variable: reModi D:\wamp\www\wisdom\App\Runtime\Cache\Home\66f447c3a419f9a77357a77fdb0ff9d1.php 第 532 行.
NOTIC: [8] Undefined variable: reModi D:\wamp\www\wisdom\App\Runtime\Cache\Home\66f447c3a419f9a77357a77fdb0ff9d1.php 第 709 行.
INFO: Run Behavior\ParseTemplateBehavior [ RunTime:0.031200s ]
INFO: [ view_parse ] --END-- [ RunTime:0.031200s ]
INFO: [ view_filter ] --START--
INFO: Run Behavior\WriteHtmlCacheBehavior [ RunTime:0.000000s ]
INFO: [ view_filter ] --END-- [ RunTime:0.000000s ]
INFO: [ app_end ] --START--
INFO: Run Behavior\ShowPageTraceBehavior [ RunTime:0.000000s ]
INFO: [ app_end ] --END-- [ RunTime:0.000000s ]

[ 2015-08-20T09:42:19+08:00 ] ::1 /wisdom/index.php/Home/Business/taskAdd.html
INFO: [ app_init ] --START--
INFO: Run Behavior\BuildLiteBehavior [ RunTime:0.000000s ]
INFO: [ app_init ] --END-- [ RunTime:0.001000s ]
INFO: [ app_begin ] --START--
INFO: Run Behavior\ReadHtmlCacheBehavior [ RunTime:0.001000s ]
INFO: [ app_begin ] --END-- [ RunTime:0.002000s ]
SQL: SHOW COLUMNS FROM `t_user_role` [ RunTime:0.0100s ]
SQL: SELECT * FROM `t_user_role` WHERE ( f_user_id=523 ) LIMIT 1   [ RunTime:0.0100s ]
SQL: SHOW COLUMNS FROM `t_role` [ RunTime:0.0100s ]
SQL: SELECT * FROM `t_role` WHERE ( f_id=74 ) LIMIT 1   [ RunTime:0.0100s ]
SQL: SHOW COLUMNS FROM `t_syscolumn` [ RunTime:0.0110s ]
SQL: SELECT * FROM `t_syscolumn` WHERE ( F_SYS_COLUMN_PID=0 and F_SYS_COLUMN_STATE=1 ) ORDER BY F_SYS_COLUMN_SORT  [ RunTime:0.0160s ]
SQL: SELECT * FROM `t_syscolumn` WHERE ( F_SYS_COLUMN_PID=2 and F_SYS_COLUMN_STATE=1 ) ORDER BY F_SYS_COLUMN_SORT  [ RunTime:0.0100s ]
INFO: [ view_parse ] --START--
INFO: [ template_filter ] --START--
INFO: Run Behavior\ContentReplaceBehavior [ RunTime:0.001000s ]
INFO: [ template_filter ] --END-- [ RunTime:0.001000s ]
NOTIC: [8] Undefined variable: reModi D:\wamp\www\wisdom\App\Runtime\Cache\Home\66f447c3a419f9a77357a77fdb0ff9d1.php 第 201 行.
NOTIC: [8] Undefined variable: reModi D:\wamp\www\wisdom\App\Runtime\Cache\Home\66f447c3a419f9a77357a77fdb0ff9d1.php 第 220 行.
NOTIC: [8] Undefined variable: reModi D:\wamp\www\wisdom\App\Runtime\Cache\Home\66f447c3a419f9a77357a77fdb0ff9d1.php 第 244 行.
NOTIC: [8] Undefined variable: reModi D:\wamp\www\wisdom\App\Runtime\Cache\Home\66f447c3a419f9a77357a77fdb0ff9d1.php 第 249 行.
NOTIC: [8] Undefined variable: reModi D:\wamp\www\wisdom\App\Runtime\Cache\Home\66f447c3a419f9a77357a77fdb0ff9d1.php 第 250 行.
NOTIC: [8] Undefined variable: reModi D:\wamp\www\wisdom\App\Runtime\Cache\Home\66f447c3a419f9a77357a77fdb0ff9d1.php 第 258 行.
NOTIC: [8] Undefined variable: reModi D:\wamp\www\wisdom\App\Runtime\Cache\Home\66f447c3a419f9a77357a77fdb0ff9d1.php 第 269 行.
NOTIC: [8] Undefined variable: reModi D:\wamp\www\wisdom\App\Runtime\Cache\Home\66f447c3a419f9a77357a77fdb0ff9d1.php 第 282 行.
NOTIC: [8] Undefined variable: reModi D:\wamp\www\wisdom\App\Runtime\Cache\Home\66f447c3a419f9a77357a77fdb0ff9d1.php 第 287 行.
NOTIC: [8] Undefined variable: reModi D:\wamp\www\wisdom\App\Runtime\Cache\Home\66f447c3a419f9a77357a77fdb0ff9d1.php 第 292 行.
NOTIC: [8] Undefined variable: reModi D:\wamp\www\wisdom\App\Runtime\Cache\Home\66f447c3a419f9a77357a77fdb0ff9d1.php 第 293 行.
NOTIC: [8] Undefined variable: reModi D:\wamp\www\wisdom\App\Runtime\Cache\Home\66f447c3a419f9a77357a77fdb0ff9d1.php 第 294 行.
NOTIC: [8] Undefined variable: reModi D:\wamp\www\wisdom\App\Runtime\Cache\Home\66f447c3a419f9a77357a77fdb0ff9d1.php 第 295 行.
NOTIC: [8] Undefined variable: reModi D:\wamp\www\wisdom\App\Runtime\Cache\Home\66f447c3a419f9a77357a77fdb0ff9d1.php 第 296 行.
NOTIC: [8] Undefined variable: reModi D:\wamp\www\wisdom\App\Runtime\Cache\Home\66f447c3a419f9a77357a77fdb0ff9d1.php 第 300 行.
NOTIC: [8] Undefined variable: reModi D:\wamp\www\wisdom\App\Runtime\Cache\Home\66f447c3a419f9a77357a77fdb0ff9d1.php 第 307 行.
NOTIC: [8] Undefined variable: reModi D:\wamp\www\wisdom\App\Runtime\Cache\Home\66f447c3a419f9a77357a77fdb0ff9d1.php 第 391 行.
NOTIC: [8] Undefined variable: reModi D:\wamp\www\wisdom\App\Runtime\Cache\Home\66f447c3a419f9a77357a77fdb0ff9d1.php 第 393 行.
NOTIC: [8] Undefined variable: reModi D:\wamp\www\wisdom\App\Runtime\Cache\Home\66f447c3a419f9a77357a77fdb0ff9d1.php 第 395 行.
NOTIC: [8] Undefined variable: reModi D:\wamp\www\wisdom\App\Runtime\Cache\Home\66f447c3a419f9a77357a77fdb0ff9d1.php 第 397 行.
NOTIC: [8] Undefined variable: reModi D:\wamp\www\wisdom\App\Runtime\Cache\Home\66f447c3a419f9a77357a77fdb0ff9d1.php 第 402 行.
NOTIC: [8] Undefined variable: reModi D:\wamp\www\wisdom\App\Runtime\Cache\Home\66f447c3a419f9a77357a77fdb0ff9d1.php 第 404 行.
NOTIC: [8] Undefined variable: reModi D:\wamp\www\wisdom\App\Runtime\Cache\Home\66f447c3a419f9a77357a77fdb0ff9d1.php 第 406 行.
NOTIC: [8] Undefined variable: reModi D:\wamp\www\wisdom\App\Runtime\Cache\Home\66f447c3a419f9a77357a77fdb0ff9d1.php 第 434 行.
NOTIC: [8] Undefined variable: reModi D:\wamp\www\wisdom\App\Runtime\Cache\Home\66f447c3a419f9a77357a77fdb0ff9d1.php 第 453 行.
NOTIC: [8] Undefined variable: reModi D:\wamp\www\wisdom\App\Runtime\Cache\Home\66f447c3a419f9a77357a77fdb0ff9d1.php 第 472 行.
NOTIC: [8] Undefined variable: reModi D:\wamp\www\wisdom\App\Runtime\Cache\Home\66f447c3a419f9a77357a77fdb0ff9d1.php 第 492 行.
NOTIC: [8] Undefined variable: reModi D:\wamp\www\wisdom\App\Runtime\Cache\Home\66f447c3a419f9a77357a77fdb0ff9d1.php 第 513 行.
NOTIC: [8] Undefined variable: reModi D:\wamp\www\wisdom\App\Runtime\Cache\Home\66f447c3a419f9a77357a77fdb0ff9d1.php 第 532 行.
NOTIC: [8] Undefined variable: reModi D:\wamp\www\wisdom\App\Runtime\Cache\Home\66f447c3a419f9a77357a77fdb0ff9d1.php 第 709 行.
INFO: Run Behavior\ParseTemplateBehavior [ RunTime:0.052003s ]
INFO: [ view_parse ] --END-- [ RunTime:0.052003s ]
INFO: [ view_filter ] --START--
INFO: Run Behavior\WriteHtmlCacheBehavior [ RunTime:0.001000s ]
INFO: [ view_filter ] --END-- [ RunTime:0.002000s ]
INFO: [ app_end ] --START--
INFO: Run Behavior\ShowPageTraceBehavior [ RunTime:0.001000s ]
INFO: [ app_end ] --END-- [ RunTime:0.001000s ]

[ 2015-08-20T10:42:03+08:00 ] ::1 /wisdom/index.php/Home/Business/task
INFO: [ app_init ] --START--
INFO: Run Behavior\BuildLiteBehavior [ RunTime:0.000000s ]
INFO: [ app_init ] --END-- [ RunTime:0.001000s ]
INFO: [ app_begin ] --START--
INFO: Run Behavior\ReadHtmlCacheBehavior [ RunTime:0.001000s ]
INFO: [ app_begin ] --END-- [ RunTime:0.001000s ]
SQL: SHOW COLUMNS FROM `t_user_role` [ RunTime:0.0100s ]
SQL: SELECT * FROM `t_user_role` WHERE ( f_user_id=523 ) LIMIT 1   [ RunTime:0.0090s ]
SQL: SHOW COLUMNS FROM `t_role` [ RunTime:0.0100s ]
SQL: SELECT * FROM `t_role` WHERE ( f_id=74 ) LIMIT 1   [ RunTime:0.0090s ]
SQL: SHOW COLUMNS FROM `t_syscolumn` [ RunTime:0.0090s ]
SQL: SELECT * FROM `t_syscolumn` WHERE ( F_SYS_COLUMN_PID=0 and F_SYS_COLUMN_STATE=1 ) ORDER BY F_SYS_COLUMN_SORT  [ RunTime:0.0100s ]
SQL: SELECT * FROM `t_syscolumn` WHERE ( F_SYS_COLUMN_PID=2 and F_SYS_COLUMN_STATE=1 ) ORDER BY F_SYS_COLUMN_SORT  [ RunTime:0.0100s ]
INFO: [ view_parse ] --START--
INFO: [ template_filter ] --START--
INFO: Run Behavior\ContentReplaceBehavior [ RunTime:0.000000s ]
INFO: [ template_filter ] --END-- [ RunTime:0.000000s ]
INFO: Run Behavior\ParseTemplateBehavior [ RunTime:0.035002s ]
INFO: [ view_parse ] --END-- [ RunTime:0.035002s ]
INFO: [ view_filter ] --START--
INFO: Run Behavior\WriteHtmlCacheBehavior [ RunTime:0.001000s ]
INFO: [ view_filter ] --END-- [ RunTime:0.001000s ]
INFO: [ app_end ] --START--
INFO: Run Behavior\ShowPageTraceBehavior [ RunTime:0.002001s ]
INFO: [ app_end ] --END-- [ RunTime:0.002001s ]

[ 2015-08-20T10:43:25+08:00 ] ::1 /wisdom/index.php/Home/Business/task
INFO: [ app_init ] --START--
INFO: Run Behavior\BuildLiteBehavior [ RunTime:0.000000s ]
INFO: [ app_init ] --END-- [ RunTime:0.000000s ]
INFO: [ app_begin ] --START--
INFO: Run Behavior\ReadHtmlCacheBehavior [ RunTime:0.001000s ]
INFO: [ app_begin ] --END-- [ RunTime:0.001000s ]
SQL: SHOW COLUMNS FROM `t_user_role` [ RunTime:0.0110s ]
SQL: SELECT * FROM `t_user_role` WHERE ( f_user_id=523 ) LIMIT 1   [ RunTime:0.0100s ]
SQL: SHOW COLUMNS FROM `t_role` [ RunTime:0.0120s ]
SQL: SELECT * FROM `t_role` WHERE ( f_id=74 ) LIMIT 1   [ RunTime:0.0100s ]
SQL: SHOW COLUMNS FROM `t_syscolumn` [ RunTime:0.0110s ]
SQL: SELECT * FROM `t_syscolumn` WHERE ( F_SYS_COLUMN_PID=0 and F_SYS_COLUMN_STATE=1 ) ORDER BY F_SYS_COLUMN_SORT  [ RunTime:0.0100s ]
SQL: SELECT * FROM `t_syscolumn` WHERE ( F_SYS_COLUMN_PID=2 and F_SYS_COLUMN_STATE=1 ) ORDER BY F_SYS_COLUMN_SORT  [ RunTime:0.0110s ]
INFO: [ view_parse ] --START--
INFO: [ template_filter ] --START--
INFO: Run Behavior\ContentReplaceBehavior [ RunTime:0.000000s ]
INFO: [ template_filter ] --END-- [ RunTime:0.000000s ]
INFO: Run Behavior\ParseTemplateBehavior [ RunTime:0.045003s ]
INFO: [ view_parse ] --END-- [ RunTime:0.045003s ]
INFO: [ view_filter ] --START--
INFO: Run Behavior\WriteHtmlCacheBehavior [ RunTime:0.001000s ]
INFO: [ view_filter ] --END-- [ RunTime:0.002000s ]
INFO: [ app_end ] --START--
INFO: Run Behavior\ShowPageTraceBehavior [ RunTime:0.003000s ]
INFO: [ app_end ] --END-- [ RunTime:0.003000s ]

[ 2015-08-20T10:43:44+08:00 ] ::1 /wisdom/index.php/Home/Business/taskAdd.html
INFO: [ app_init ] --START--
INFO: Run Behavior\BuildLiteBehavior [ RunTime:0.000000s ]
INFO: [ app_init ] --END-- [ RunTime:0.001000s ]
INFO: [ app_begin ] --START--
INFO: Run Behavior\ReadHtmlCacheBehavior [ RunTime:0.002000s ]
INFO: [ app_begin ] --END-- [ RunTime:0.002000s ]
SQL: SHOW COLUMNS FROM `t_user_role` [ RunTime:0.0080s ]
SQL: SELECT * FROM `t_user_role` WHERE ( f_user_id=523 ) LIMIT 1   [ RunTime:0.0070s ]
SQL: SHOW COLUMNS FROM `t_role` [ RunTime:0.0080s ]
SQL: SELECT * FROM `t_role` WHERE ( f_id=74 ) LIMIT 1   [ RunTime:0.0070s ]
SQL: SHOW COLUMNS FROM `t_syscolumn` [ RunTime:0.0080s ]
SQL: SELECT * FROM `t_syscolumn` WHERE ( F_SYS_COLUMN_PID=0 and F_SYS_COLUMN_STATE=1 ) ORDER BY F_SYS_COLUMN_SORT  [ RunTime:0.0080s ]
SQL: SELECT * FROM `t_syscolumn` WHERE ( F_SYS_COLUMN_PID=2 and F_SYS_COLUMN_STATE=1 ) ORDER BY F_SYS_COLUMN_SORT  [ RunTime:0.0080s ]
INFO: [ view_parse ] --START--
INFO: [ template_filter ] --START--
INFO: Run Behavior\ContentReplaceBehavior [ RunTime:0.001000s ]
INFO: [ template_filter ] --END-- [ RunTime:0.001000s ]
NOTIC: [8] Undefined variable: reModi D:\wamp\www\wisdom\App\Runtime\Cache\Home\66f447c3a419f9a77357a77fdb0ff9d1.php 第 201 行.
NOTIC: [8] Undefined variable: reModi D:\wamp\www\wisdom\App\Runtime\Cache\Home\66f447c3a419f9a77357a77fdb0ff9d1.php 第 220 行.
NOTIC: [8] Undefined variable: reModi D:\wamp\www\wisdom\App\Runtime\Cache\Home\66f447c3a419f9a77357a77fdb0ff9d1.php 第 244 行.
NOTIC: [8] Undefined variable: reModi D:\wamp\www\wisdom\App\Runtime\Cache\Home\66f447c3a419f9a77357a77fdb0ff9d1.php 第 249 行.
NOTIC: [8] Undefined variable: reModi D:\wamp\www\wisdom\App\Runtime\Cache\Home\66f447c3a419f9a77357a77fdb0ff9d1.php 第 250 行.
NOTIC: [8] Undefined variable: reModi D:\wamp\www\wisdom\App\Runtime\Cache\Home\66f447c3a419f9a77357a77fdb0ff9d1.php 第 258 行.
NOTIC: [8] Undefined variable: reModi D:\wamp\www\wisdom\App\Runtime\Cache\Home\66f447c3a419f9a77357a77fdb0ff9d1.php 第 269 行.
NOTIC: [8] Undefined variable: reModi D:\wamp\www\wisdom\App\Runtime\Cache\Home\66f447c3a419f9a77357a77fdb0ff9d1.php 第 282 行.
NOTIC: [8] Undefined variable: reModi D:\wamp\www\wisdom\App\Runtime\Cache\Home\66f447c3a419f9a77357a77fdb0ff9d1.php 第 287 行.
NOTIC: [8] Undefined variable: reModi D:\wamp\www\wisdom\App\Runtime\Cache\Home\66f447c3a419f9a77357a77fdb0ff9d1.php 第 292 行.
NOTIC: [8] Undefined variable: reModi D:\wamp\www\wisdom\App\Runtime\Cache\Home\66f447c3a419f9a77357a77fdb0ff9d1.php 第 293 行.
NOTIC: [8] Undefined variable: reModi D:\wamp\www\wisdom\App\Runtime\Cache\Home\66f447c3a419f9a77357a77fdb0ff9d1.php 第 294 行.
NOTIC: [8] Undefined variable: reModi D:\wamp\www\wisdom\App\Runtime\Cache\Home\66f447c3a419f9a77357a77fdb0ff9d1.php 第 295 行.
NOTIC: [8] Undefined variable: reModi D:\wamp\www\wisdom\App\Runtime\Cache\Home\66f447c3a419f9a77357a77fdb0ff9d1.php 第 296 行.
NOTIC: [8] Undefined variable: reModi D:\wamp\www\wisdom\App\Runtime\Cache\Home\66f447c3a419f9a77357a77fdb0ff9d1.php 第 300 行.
NOTIC: [8] Undefined variable: reModi D:\wamp\www\wisdom\App\Runtime\Cache\Home\66f447c3a419f9a77357a77fdb0ff9d1.php 第 307 行.
NOTIC: [8] Undefined variable: reModi D:\wamp\www\wisdom\App\Runtime\Cache\Home\66f447c3a419f9a77357a77fdb0ff9d1.php 第 391 行.
NOTIC: [8] Undefined variable: reModi D:\wamp\www\wisdom\App\Runtime\Cache\Home\66f447c3a419f9a77357a77fdb0ff9d1.php 第 393 行.
NOTIC: [8] Undefined variable: reModi D:\wamp\www\wisdom\App\Runtime\Cache\Home\66f447c3a419f9a77357a77fdb0ff9d1.php 第 395 行.
NOTIC: [8] Undefined variable: reModi D:\wamp\www\wisdom\App\Runtime\Cache\Home\66f447c3a419f9a77357a77fdb0ff9d1.php 第 397 行.
NOTIC: [8] Undefined variable: reModi D:\wamp\www\wisdom\App\Runtime\Cache\Home\66f447c3a419f9a77357a77fdb0ff9d1.php 第 402 行.
NOTIC: [8] Undefined variable: reModi D:\wamp\www\wisdom\App\Runtime\Cache\Home\66f447c3a419f9a77357a77fdb0ff9d1.php 第 404 行.
NOTIC: [8] Undefined variable: reModi D:\wamp\www\wisdom\App\Runtime\Cache\Home\66f447c3a419f9a77357a77fdb0ff9d1.php 第 406 行.
NOTIC: [8] Undefined variable: reModi D:\wamp\www\wisdom\App\Runtime\Cache\Home\66f447c3a419f9a77357a77fdb0ff9d1.php 第 434 行.
NOTIC: [8] Undefined variable: reModi D:\wamp\www\wisdom\App\Runtime\Cache\Home\66f447c3a419f9a77357a77fdb0ff9d1.php 第 453 行.
NOTIC: [8] Undefined variable: reModi D:\wamp\www\wisdom\App\Runtime\Cache\Home\66f447c3a419f9a77357a77fdb0ff9d1.php 第 472 行.
NOTIC: [8] Undefined variable: reModi D:\wamp\www\wisdom\App\Runtime\Cache\Home\66f447c3a419f9a77357a77fdb0ff9d1.php 第 492 行.
NOTIC: [8] Undefined variable: reModi D:\wamp\www\wisdom\App\Runtime\Cache\Home\66f447c3a419f9a77357a77fdb0ff9d1.php 第 513 行.
NOTIC: [8] Undefined variable: reModi D:\wamp\www\wisdom\App\Runtime\Cache\Home\66f447c3a419f9a77357a77fdb0ff9d1.php 第 532 行.
NOTIC: [8] Undefined variable: reModi D:\wamp\www\wisdom\App\Runtime\Cache\Home\66f447c3a419f9a77357a77fdb0ff9d1.php 第 709 行.
INFO: Run Behavior\ParseTemplateBehavior [ RunTime:0.030002s ]
INFO: [ view_parse ] --END-- [ RunTime:0.030002s ]
INFO: [ view_filter ] --START--
INFO: Run Behavior\WriteHtmlCacheBehavior [ RunTime:0.001000s ]
INFO: [ view_filter ] --END-- [ RunTime:0.001000s ]
INFO: [ app_end ] --START--
INFO: Run Behavior\ShowPageTraceBehavior [ RunTime:0.001000s ]
INFO: [ app_end ] --END-- [ RunTime:0.001000s ]

