[ 2015-09-22T15:43:16+08:00 ] ::1 /wisdom/index.php/Home/Login/login.html
INFO: [ app_init ] --START--
INFO: Run Behavior\BuildLiteBehavior [ RunTime:0.000000s ]
INFO: [ app_init ] --END-- [ RunTime:0.014000s ]
INFO: [ app_begin ] --START--
INFO: Run Behavior\ReadHtmlCacheBehavior [ RunTime:0.002000s ]
INFO: [ app_begin ] --END-- [ RunTime:0.002000s ]
INFO: [ view_parse ] --START--
INFO: [ template_filter ] --START--
INFO: Run Behavior\ContentReplaceBehavior [ RunTime:0.000000s ]
INFO: [ template_filter ] --END-- [ RunTime:0.000000s ]
INFO: Run Behavior\ParseTemplateBehavior [ RunTime:0.066004s ]
INFO: [ view_parse ] --END-- [ RunTime:0.067004s ]
INFO: [ view_filter ] --START--
INFO: Run Behavior\WriteHtmlCacheBehavior [ RunTime:0.000000s ]
INFO: [ view_filter ] --END-- [ RunTime:0.000000s ]
INFO: [ app_end ] --START--
INFO: Run Behavior\ShowPageTraceBehavior [ RunTime:0.001000s ]
INFO: [ app_end ] --END-- [ RunTime:0.001000s ]

[ 2015-09-22T15:43:18+08:00 ] ::1 /wisdom/index.php/Home/Login/verify.html
INFO: [ app_init ] --START--
INFO: Run Behavior\BuildLiteBehavior [ RunTime:0.000000s ]
INFO: [ app_init ] --END-- [ RunTime:0.001000s ]
INFO: [ app_begin ] --START--
INFO: Run Behavior\ReadHtmlCacheBehavior [ RunTime:0.001001s ]
INFO: [ app_begin ] --END-- [ RunTime:0.001001s ]
INFO: [ app_end ] --START--
INFO: Run Behavior\ShowPageTraceBehavior [ RunTime:0.001000s ]
INFO: [ app_end ] --END-- [ RunTime:0.001000s ]

[ 2015-09-22T15:43:30+08:00 ] 127.0.0.1 /wisdom/index.php/Home/Login/login.html
INFO: [ app_init ] --START--
INFO: Run Behavior\BuildLiteBehavior [ RunTime:0.000000s ]
INFO: [ app_init ] --END-- [ RunTime:0.001000s ]
INFO: [ app_begin ] --START--
INFO: Run Behavior\ReadHtmlCacheBehavior [ RunTime:0.000000s ]
INFO: [ app_begin ] --END-- [ RunTime:0.000000s ]
INFO: [ view_parse ] --START--
INFO: [ template_filter ] --START--
INFO: Run Behavior\ContentReplaceBehavior [ RunTime:0.001000s ]
INFO: [ template_filter ] --END-- [ RunTime:0.001000s ]
INFO: Run Behavior\ParseTemplateBehavior [ RunTime:0.018001s ]
INFO: [ view_parse ] --END-- [ RunTime:0.018001s ]
INFO: [ view_filter ] --START--
INFO: Run Behavior\WriteHtmlCacheBehavior [ RunTime:0.001000s ]
INFO: [ view_filter ] --END-- [ RunTime:0.001000s ]
INFO: [ app_end ] --START--
INFO: Run Behavior\ShowPageTraceBehavior [ RunTime:0.001001s ]
INFO: [ app_end ] --END-- [ RunTime:0.001001s ]

[ 2015-09-22T15:43:30+08:00 ] 127.0.0.1 /wisdom/index.php/Home/Login/verify.html
INFO: [ app_init ] --START--
INFO: Run Behavior\BuildLiteBehavior [ RunTime:0.000000s ]
INFO: [ app_init ] --END-- [ RunTime:0.001000s ]
INFO: [ app_begin ] --START--
INFO: Run Behavior\ReadHtmlCacheBehavior [ RunTime:0.000000s ]
INFO: [ app_begin ] --END-- [ RunTime:0.001000s ]
INFO: [ app_end ] --START--
INFO: Run Behavior\ShowPageTraceBehavior [ RunTime:0.000000s ]
INFO: [ app_end ] --END-- [ RunTime:0.000000s ]

[ 2015-09-22T15:43:32+08:00 ] ::1 /wisdom/index.php/Home/Login/check_verify
INFO: [ app_init ] --START--
INFO: Run Behavior\BuildLiteBehavior [ RunTime:0.000000s ]
INFO: [ app_init ] --END-- [ RunTime:0.001000s ]
INFO: [ app_begin ] --START--
INFO: Run Behavior\ReadHtmlCacheBehavior [ RunTime:0.000000s ]
INFO: [ app_begin ] --END-- [ RunTime:0.000000s ]
INFO: [ app_end ] --START--
INFO: Run Behavior\ShowPageTraceBehavior [ RunTime:0.001000s ]
INFO: [ app_end ] --END-- [ RunTime:0.001000s ]

[ 2015-09-22T15:43:36+08:00 ] ::1 /wisdom/index.php/Home/Business/index
INFO: [ app_init ] --START--
INFO: Run Behavior\BuildLiteBehavior [ RunTime:0.000000s ]
INFO: [ app_init ] --END-- [ RunTime:0.001000s ]
INFO: [ app_begin ] --START--
INFO: Run Behavior\ReadHtmlCacheBehavior [ RunTime:0.000000s ]
INFO: [ app_begin ] --END-- [ RunTime:0.001001s ]
SQL: SHOW COLUMNS FROM `t_user_role` [ RunTime:0.0050s ]
SQL: SELECT * FROM `t_user_role` WHERE ( f_user_id=7062 ) LIMIT 1   [ RunTime:0.0040s ]
SQL: SHOW COLUMNS FROM `t_role` [ RunTime:0.0040s ]
SQL: SELECT * FROM `t_role` WHERE ( f_id=74 ) LIMIT 1   [ RunTime:0.0040s ]
SQL: SHOW COLUMNS FROM `t_syscolumn` [ RunTime:0.0040s ]
SQL: SELECT * FROM `t_syscolumn` WHERE ( F_SYS_COLUMN_PID=0 and F_SYS_COLUMN_STATE=1 ) ORDER BY F_SYS_COLUMN_SORT  [ RunTime:0.0040s ]
SQL: SELECT * FROM `t_syscolumn` WHERE ( F_SYS_COLUMN_PID=2 and F_SYS_COLUMN_STATE=1 ) ORDER BY F_SYS_COLUMN_SORT  [ RunTime:0.0040s ]
SQL: SELECT * FROM `t_syscolumn`  [ RunTime:0.0040s ]
INFO: [ view_parse ] --START--
INFO: [ template_filter ] --START--
INFO: Run Behavior\ContentReplaceBehavior [ RunTime:0.000000s ]
INFO: [ template_filter ] --END-- [ RunTime:0.000000s ]
INFO: Run Behavior\ParseTemplateBehavior [ RunTime:0.065004s ]
INFO: [ view_parse ] --END-- [ RunTime:0.065004s ]
INFO: [ view_filter ] --START--
INFO: Run Behavior\WriteHtmlCacheBehavior [ RunTime:0.000000s ]
INFO: [ view_filter ] --END-- [ RunTime:0.000000s ]
INFO: [ app_end ] --START--
INFO: Run Behavior\ShowPageTraceBehavior [ RunTime:0.000000s ]
INFO: [ app_end ] --END-- [ RunTime:0.000000s ]

[ 2015-09-22T15:43:42+08:00 ] ::1 /wisdom/index.php/Home/Business/index
INFO: [ app_init ] --START--
INFO: Run Behavior\BuildLiteBehavior [ RunTime:0.000000s ]
INFO: [ app_init ] --END-- [ RunTime:0.000000s ]
INFO: [ app_begin ] --START--
INFO: Run Behavior\ReadHtmlCacheBehavior [ RunTime:0.001000s ]
INFO: [ app_begin ] --END-- [ RunTime:0.001000s ]
SQL: SHOW COLUMNS FROM `t_user_role` [ RunTime:0.0140s ]
SQL: SELECT * FROM `t_user_role` WHERE ( f_user_id=7062 ) LIMIT 1   [ RunTime:0.0090s ]
SQL: SHOW COLUMNS FROM `t_role` [ RunTime:0.0100s ]
SQL: SELECT * FROM `t_role` WHERE ( f_id=74 ) LIMIT 1   [ RunTime:0.0090s ]
SQL: SHOW COLUMNS FROM `t_syscolumn` [ RunTime:0.0090s ]
SQL: SELECT * FROM `t_syscolumn` WHERE ( F_SYS_COLUMN_PID=0 and F_SYS_COLUMN_STATE=1 ) ORDER BY F_SYS_COLUMN_SORT  [ RunTime:0.0100s ]
SQL: SELECT * FROM `t_syscolumn` WHERE ( F_SYS_COLUMN_PID=2 and F_SYS_COLUMN_STATE=1 ) ORDER BY F_SYS_COLUMN_SORT  [ RunTime:0.0100s ]
SQL: SELECT * FROM `t_syscolumn`  [ RunTime:0.0120s ]
INFO: [ view_parse ] --START--
INFO: [ template_filter ] --START--
INFO: Run Behavior\ContentReplaceBehavior [ RunTime:0.001000s ]
INFO: [ template_filter ] --END-- [ RunTime:0.001000s ]
INFO: Run Behavior\ParseTemplateBehavior [ RunTime:0.015000s ]
INFO: [ view_parse ] --END-- [ RunTime:0.016000s ]
INFO: [ view_filter ] --START--
INFO: Run Behavior\WriteHtmlCacheBehavior [ RunTime:0.000000s ]
INFO: [ view_filter ] --END-- [ RunTime:0.000000s ]
INFO: [ app_end ] --START--
INFO: Run Behavior\ShowPageTraceBehavior [ RunTime:0.001001s ]
INFO: [ app_end ] --END-- [ RunTime:0.001001s ]

[ 2015-09-22T15:43:48+08:00 ] ::1 /wisdom/index.php/Home/Office/index
INFO: [ app_init ] --START--
INFO: Run Behavior\BuildLiteBehavior [ RunTime:0.000000s ]
INFO: [ app_init ] --END-- [ RunTime:0.000000s ]
INFO: [ app_begin ] --START--
INFO: Run Behavior\ReadHtmlCacheBehavior [ RunTime:0.001000s ]
INFO: [ app_begin ] --END-- [ RunTime:0.001000s ]
SQL: SHOW COLUMNS FROM `t_user_role` [ RunTime:0.0090s ]
SQL: SELECT * FROM `t_user_role` WHERE ( f_user_id=7062 ) LIMIT 1   [ RunTime:0.0090s ]
SQL: SHOW COLUMNS FROM `t_role` [ RunTime:0.0100s ]
SQL: SELECT * FROM `t_role` WHERE ( f_id=74 ) LIMIT 1   [ RunTime:0.0090s ]
SQL: SHOW COLUMNS FROM `t_syscolumn` [ RunTime:0.0100s ]
SQL: SELECT * FROM `t_syscolumn` WHERE ( F_SYS_COLUMN_PID=0 and F_SYS_COLUMN_STATE=1 ) ORDER BY F_SYS_COLUMN_SORT  [ RunTime:0.0100s ]
SQL: SELECT * FROM `t_syscolumn` WHERE ( F_SYS_COLUMN_PID=1 and F_SYS_COLUMN_STATE=1 ) ORDER BY F_SYS_COLUMN_SORT  [ RunTime:0.0100s ]
NOTIC: [8] Undefined variable: url D:\wamp\www\wisdom\App\Home\Controller\OfficeController.class.php 第 677 行.
NOTIC: [8] Undefined variable: url D:\wamp\www\wisdom\App\Home\Controller\OfficeController.class.php 第 532 行.
NOTIC: [8] Undefined index: page D:\wamp\www\wisdom\App\Home\Controller\OfficeController.class.php 第 534 行.
NOTIC: [8] Undefined index: subject D:\wamp\www\wisdom\App\Home\Controller\OfficeController.class.php 第 555 行.
NOTIC: [8] Undefined index: boardId D:\wamp\www\wisdom\App\Home\Controller\OfficeController.class.php 第 556 行.
NOTIC: [8] Undefined property: stdClass::$count D:\wamp\www\wisdom\App\Home\Controller\OfficeController.class.php 第 560 行.
NOTIC: [8] Undefined index: page D:\wamp\www\wisdom\App\Home\Controller\OfficeController.class.php 第 561 行.
NOTIC: [8] Undefined variable: url D:\wamp\www\wisdom\App\Home\Controller\OfficeController.class.php 第 509 行.
INFO: [ view_parse ] --START--
INFO: [ template_filter ] --START--
INFO: Run Behavior\ContentReplaceBehavior [ RunTime:0.001000s ]
INFO: [ template_filter ] --END-- [ RunTime:0.001000s ]
NOTIC: [8] Undefined variable: getWorkSet_userNames D:\wamp\www\wisdom\App\Runtime\Cache\Home\0b01e5905be889cb10a466b2c620d50c.php 第 404 行.
NOTIC: [8] Undefined variable: getWorkSet_userIds D:\wamp\www\wisdom\App\Runtime\Cache\Home\0b01e5905be889cb10a466b2c620d50c.php 第 416 行.
NOTIC: [8] Undefined variable: getNoticeList_list D:\wamp\www\wisdom\App\Runtime\Cache\Home\0b01e5905be889cb10a466b2c620d50c.php 第 636 行.
INFO: Run Behavior\ParseTemplateBehavior [ RunTime:0.071004s ]
INFO: [ view_parse ] --END-- [ RunTime:0.071004s ]
INFO: [ view_filter ] --START--
INFO: Run Behavior\WriteHtmlCacheBehavior [ RunTime:0.001000s ]
INFO: [ view_filter ] --END-- [ RunTime:0.001000s ]
INFO: [ app_end ] --START--
INFO: Run Behavior\ShowPageTraceBehavior [ RunTime:0.001000s ]
INFO: [ app_end ] --END-- [ RunTime:0.001000s ]

[ 2015-09-22T15:43:55+08:00 ] ::1 /wisdom/index.php/Home/Office/contact
INFO: [ app_init ] --START--
INFO: Run Behavior\BuildLiteBehavior [ RunTime:0.000000s ]
INFO: [ app_init ] --END-- [ RunTime:0.001000s ]
INFO: [ app_begin ] --START--
INFO: Run Behavior\ReadHtmlCacheBehavior [ RunTime:0.001000s ]
INFO: [ app_begin ] --END-- [ RunTime:0.001000s ]
SQL: SHOW COLUMNS FROM `t_user_role` [ RunTime:0.0030s ]
SQL: SELECT * FROM `t_user_role` WHERE ( f_user_id=7062 ) LIMIT 1   [ RunTime:0.0030s ]
SQL: SHOW COLUMNS FROM `t_role` [ RunTime:0.0030s ]
SQL: SELECT * FROM `t_role` WHERE ( f_id=74 ) LIMIT 1   [ RunTime:0.0030s ]
SQL: SHOW COLUMNS FROM `t_syscolumn` [ RunTime:0.0040s ]
SQL: SELECT * FROM `t_syscolumn` WHERE ( F_SYS_COLUMN_PID=0 and F_SYS_COLUMN_STATE=1 ) ORDER BY F_SYS_COLUMN_SORT  [ RunTime:0.0030s ]
SQL: SELECT * FROM `t_syscolumn` WHERE ( F_SYS_COLUMN_PID=1 and F_SYS_COLUMN_STATE=1 ) ORDER BY F_SYS_COLUMN_SORT  [ RunTime:0.0040s ]
NOTIC: [8] Undefined variable: url D:\wamp\www\wisdom\App\Home\Controller\OfficeController.class.php 第 677 行.
INFO: [ view_parse ] --START--
INFO: [ template_filter ] --START--
INFO: Run Behavior\ContentReplaceBehavior [ RunTime:0.001000s ]
INFO: [ template_filter ] --END-- [ RunTime:0.001000s ]
INFO: Run Behavior\ParseTemplateBehavior [ RunTime:0.047003s ]
INFO: [ view_parse ] --END-- [ RunTime:0.049003s ]
INFO: [ view_filter ] --START--
INFO: Run Behavior\WriteHtmlCacheBehavior [ RunTime:0.000000s ]
INFO: [ view_filter ] --END-- [ RunTime:0.000000s ]
INFO: [ app_end ] --START--
INFO: Run Behavior\ShowPageTraceBehavior [ RunTime:0.001000s ]
INFO: [ app_end ] --END-- [ RunTime:0.001000s ]

[ 2015-09-22T15:44:02+08:00 ] ::1 /wisdom/index.php/Home/Office/customerDetails
INFO: [ app_init ] --START--
INFO: Run Behavior\BuildLiteBehavior [ RunTime:0.000000s ]
INFO: [ app_init ] --END-- [ RunTime:0.001000s ]
INFO: [ app_begin ] --START--
INFO: Run Behavior\ReadHtmlCacheBehavior [ RunTime:0.001000s ]
INFO: [ app_begin ] --END-- [ RunTime:0.001000s ]
SQL: SHOW COLUMNS FROM `t_user_role` [ RunTime:0.0090s ]
SQL: SELECT * FROM `t_user_role` WHERE ( f_user_id=7062 ) LIMIT 1   [ RunTime:0.0100s ]
SQL: SHOW COLUMNS FROM `t_role` [ RunTime:0.0090s ]
SQL: SELECT * FROM `t_role` WHERE ( f_id=74 ) LIMIT 1   [ RunTime:0.0080s ]
SQL: SHOW COLUMNS FROM `t_syscolumn` [ RunTime:0.0090s ]
SQL: SELECT * FROM `t_syscolumn` WHERE ( F_SYS_COLUMN_PID=0 and F_SYS_COLUMN_STATE=1 ) ORDER BY F_SYS_COLUMN_SORT  [ RunTime:0.0090s ]
SQL: SELECT * FROM `t_syscolumn` WHERE ( F_SYS_COLUMN_PID=1 and F_SYS_COLUMN_STATE=1 ) ORDER BY F_SYS_COLUMN_SORT  [ RunTime:0.0080s ]
NOTIC: [8] Undefined variable: url D:\wamp\www\wisdom\App\Home\Controller\OfficeController.class.php 第 677 行.
INFO: [ view_parse ] --START--
INFO: [ template_filter ] --START--
INFO: Run Behavior\ContentReplaceBehavior [ RunTime:0.001000s ]
INFO: [ template_filter ] --END-- [ RunTime:0.001000s ]
INFO: Run Behavior\ParseTemplateBehavior [ RunTime:0.058003s ]
INFO: [ view_parse ] --END-- [ RunTime:0.058003s ]
INFO: [ view_filter ] --START--
INFO: Run Behavior\WriteHtmlCacheBehavior [ RunTime:0.001000s ]
INFO: [ view_filter ] --END-- [ RunTime:0.001000s ]
INFO: [ app_end ] --START--
INFO: Run Behavior\ShowPageTraceBehavior [ RunTime:0.001000s ]
INFO: [ app_end ] --END-- [ RunTime:0.001000s ]

[ 2015-09-22T15:44:09+08:00 ] ::1 /wisdom/index.php/Home/Office/addPayBack
INFO: [ app_init ] --START--
INFO: Run Behavior\BuildLiteBehavior [ RunTime:0.000000s ]
INFO: [ app_init ] --END-- [ RunTime:0.001000s ]
INFO: [ app_begin ] --START--
INFO: Run Behavior\ReadHtmlCacheBehavior [ RunTime:0.002000s ]
INFO: [ app_begin ] --END-- [ RunTime:0.003000s ]
SQL: SHOW COLUMNS FROM `t_user_role` [ RunTime:0.0080s ]
SQL: SELECT * FROM `t_user_role` WHERE ( f_user_id=7062 ) LIMIT 1   [ RunTime:0.0080s ]
SQL: SHOW COLUMNS FROM `t_role` [ RunTime:0.0080s ]
SQL: SELECT * FROM `t_role` WHERE ( f_id=74 ) LIMIT 1   [ RunTime:0.0080s ]
INFO: [ view_parse ] --START--
INFO: [ template_filter ] --START--
INFO: Run Behavior\ContentReplaceBehavior [ RunTime:0.000000s ]
INFO: [ template_filter ] --END-- [ RunTime:0.001000s ]
INFO: Run Behavior\ParseTemplateBehavior [ RunTime:0.021001s ]
INFO: [ view_parse ] --END-- [ RunTime:0.021001s ]
INFO: [ view_filter ] --START--
INFO: Run Behavior\WriteHtmlCacheBehavior [ RunTime:0.000000s ]
INFO: [ view_filter ] --END-- [ RunTime:0.000000s ]
INFO: [ app_end ] --START--
INFO: Run Behavior\ShowPageTraceBehavior [ RunTime:0.001000s ]
INFO: [ app_end ] --END-- [ RunTime:0.001000s ]

[ 2015-09-22T15:44:21+08:00 ] ::1 /wisdom/index.php/Home/Office/addVisitRecord
INFO: [ app_init ] --START--
INFO: Run Behavior\BuildLiteBehavior [ RunTime:0.000000s ]
INFO: [ app_init ] --END-- [ RunTime:0.001000s ]
INFO: [ app_begin ] --START--
INFO: Run Behavior\ReadHtmlCacheBehavior [ RunTime:0.001001s ]
INFO: [ app_begin ] --END-- [ RunTime:0.002001s ]
SQL: SHOW COLUMNS FROM `t_user_role` [ RunTime:0.0060s ]
SQL: SELECT * FROM `t_user_role` WHERE ( f_user_id=7062 ) LIMIT 1   [ RunTime:0.0030s ]
SQL: SHOW COLUMNS FROM `t_role` [ RunTime:0.0030s ]
SQL: SELECT * FROM `t_role` WHERE ( f_id=74 ) LIMIT 1   [ RunTime:0.0030s ]
INFO: [ view_parse ] --START--
INFO: [ template_filter ] --START--
INFO: Run Behavior\ContentReplaceBehavior [ RunTime:0.000000s ]
INFO: [ template_filter ] --END-- [ RunTime:0.000000s ]
INFO: Run Behavior\ParseTemplateBehavior [ RunTime:0.033002s ]
INFO: [ view_parse ] --END-- [ RunTime:0.033002s ]
INFO: [ view_filter ] --START--
INFO: Run Behavior\WriteHtmlCacheBehavior [ RunTime:0.000000s ]
INFO: [ view_filter ] --END-- [ RunTime:0.000000s ]
INFO: [ app_end ] --START--
INFO: Run Behavior\ShowPageTraceBehavior [ RunTime:0.000000s ]
INFO: [ app_end ] --END-- [ RunTime:0.000000s ]

[ 2015-09-22T15:44:38+08:00 ] ::1 /wisdom/index.php/Home/Office/checking
INFO: [ app_init ] --START--
INFO: Run Behavior\BuildLiteBehavior [ RunTime:0.000000s ]
INFO: [ app_init ] --END-- [ RunTime:0.001000s ]
INFO: [ app_begin ] --START--
INFO: Run Behavior\ReadHtmlCacheBehavior [ RunTime:0.001000s ]
INFO: [ app_begin ] --END-- [ RunTime:0.001000s ]
SQL: SHOW COLUMNS FROM `t_user_role` [ RunTime:0.0100s ]
SQL: SELECT * FROM `t_user_role` WHERE ( f_user_id=7062 ) LIMIT 1   [ RunTime:0.0100s ]
SQL: SHOW COLUMNS FROM `t_role` [ RunTime:0.0170s ]
SQL: SELECT * FROM `t_role` WHERE ( f_id=74 ) LIMIT 1   [ RunTime:0.0100s ]
SQL: SHOW COLUMNS FROM `t_syscolumn` [ RunTime:0.0170s ]
SQL: SELECT * FROM `t_syscolumn` WHERE ( F_SYS_COLUMN_PID=0 and F_SYS_COLUMN_STATE=1 ) ORDER BY F_SYS_COLUMN_SORT  [ RunTime:0.0110s ]
SQL: SELECT * FROM `t_syscolumn` WHERE ( F_SYS_COLUMN_PID=1 and F_SYS_COLUMN_STATE=1 ) ORDER BY F_SYS_COLUMN_SORT  [ RunTime:0.0100s ]
NOTIC: [8] Undefined variable: url D:\wamp\www\wisdom\App\Home\Controller\OfficeController.class.php 第 677 行.
INFO: [ view_parse ] --START--
INFO: [ template_filter ] --START--
INFO: Run Behavior\ContentReplaceBehavior [ RunTime:0.001001s ]
INFO: [ template_filter ] --END-- [ RunTime:0.001001s ]
INFO: Run Behavior\ParseTemplateBehavior [ RunTime:0.052003s ]
INFO: [ view_parse ] --END-- [ RunTime:0.052003s ]
INFO: [ view_filter ] --START--
INFO: Run Behavior\WriteHtmlCacheBehavior [ RunTime:0.001000s ]
INFO: [ view_filter ] --END-- [ RunTime:0.001000s ]
INFO: [ app_end ] --START--
INFO: Run Behavior\ShowPageTraceBehavior [ RunTime:0.001000s ]
INFO: [ app_end ] --END-- [ RunTime:0.001000s ]

[ 2015-09-22T15:44:50+08:00 ] ::1 /wisdom/index.php/Home/Office/reportReview
INFO: [ app_init ] --START--
INFO: Run Behavior\BuildLiteBehavior [ RunTime:0.000000s ]
INFO: [ app_init ] --END-- [ RunTime:0.001000s ]
INFO: [ app_begin ] --START--
INFO: Run Behavior\ReadHtmlCacheBehavior [ RunTime:0.000000s ]
INFO: [ app_begin ] --END-- [ RunTime:0.001000s ]
SQL: SHOW COLUMNS FROM `t_user_role` [ RunTime:0.0080s ]
SQL: SELECT * FROM `t_user_role` WHERE ( f_user_id=7062 ) LIMIT 1   [ RunTime:0.0080s ]
SQL: SHOW COLUMNS FROM `t_role` [ RunTime:0.0080s ]
SQL: SELECT * FROM `t_role` WHERE ( f_id=74 ) LIMIT 1   [ RunTime:0.0080s ]
SQL: SHOW COLUMNS FROM `t_syscolumn` [ RunTime:0.0080s ]
SQL: SELECT * FROM `t_syscolumn` WHERE ( F_SYS_COLUMN_PID=0 and F_SYS_COLUMN_STATE=1 ) ORDER BY F_SYS_COLUMN_SORT  [ RunTime:0.0080s ]
SQL: SELECT * FROM `t_syscolumn` WHERE ( F_SYS_COLUMN_PID=1 and F_SYS_COLUMN_STATE=1 ) ORDER BY F_SYS_COLUMN_SORT  [ RunTime:0.0080s ]
NOTIC: [8] Undefined variable: url D:\wamp\www\wisdom\App\Home\Controller\OfficeController.class.php 第 677 行.
NOTIC: [8] Undefined index: selectedDate D:\wamp\www\wisdom\App\Home\Controller\OfficeController.class.php 第 130 行.
NOTIC: [8] Undefined variable: url D:\wamp\www\wisdom\App\Home\Controller\OfficeController.class.php 第 640 行.
NOTIC: [8] Undefined index: list D:\wamp\www\wisdom\App\Home\Controller\OfficeController.class.php 第 159 行.
NOTIC: [8] Undefined index: li_type D:\wamp\www\wisdom\App\Home\Controller\OfficeController.class.php 第 203 行.
NOTIC: [8] Undefined index: li_type D:\wamp\www\wisdom\App\Home\Controller\OfficeController.class.php 第 206 行.
NOTIC: [8] Undefined index: li_type D:\wamp\www\wisdom\App\Home\Controller\OfficeController.class.php 第 209 行.
NOTIC: [8] Undefined index: startdate D:\wamp\www\wisdom\App\Home\Controller\OfficeController.class.php 第 213 行.
NOTIC: [8] Undefined index: endDate D:\wamp\www\wisdom\App\Home\Controller\OfficeController.class.php 第 214 行.
NOTIC: [8] Undefined index: currentPage D:\wamp\www\wisdom\App\Home\Controller\OfficeController.class.php 第 233 行.
NOTIC: [8] Undefined variable: url D:\wamp\www\wisdom\App\Home\Controller\OfficeController.class.php 第 602 行.
NOTIC: [8] Undefined variable: weeks D:\wamp\www\wisdom\App\Home\Controller\OfficeController.class.php 第 291 行.
NOTIC: [8] Undefined index: showDiv D:\wamp\www\wisdom\App\Home\Controller\OfficeController.class.php 第 300 行.
NOTIC: [8] Undefined index: showDiv D:\wamp\www\wisdom\App\Home\Controller\OfficeController.class.php 第 300 行.
NOTIC: [8] Undefined index: li_type D:\wamp\www\wisdom\App\Home\Controller\OfficeController.class.php 第 306 行.
NOTIC: [8] Undefined index: ri_date D:\wamp\www\wisdom\App\Home\Controller\OfficeController.class.php 第 313 行.
NOTIC: [8] Undefined index: yue_date D:\wamp\www\wisdom\App\Home\Controller\OfficeController.class.php 第 319 行.
NOTIC: [8] Undefined index: zhou_dateF D:\wamp\www\wisdom\App\Home\Controller\OfficeController.class.php 第 325 行.
NOTIC: [8] Undefined index: startdate D:\wamp\www\wisdom\App\Home\Controller\OfficeController.class.php 第 333 行.
INFO: [ view_parse ] --START--
INFO: [ template_filter ] --START--
INFO: Run Behavior\ContentReplaceBehavior [ RunTime:0.000000s ]
INFO: [ template_filter ] --END-- [ RunTime:0.000000s ]
NOTIC: [8] Undefined variable: viewUserDetail_deptName D:\wamp\www\wisdom\App\Runtime\Cache\Home\cd691c37894a4e3287c16c503605eb46.php 第 234 行.
NOTIC: [8] Undefined variable: viewUserDetail_name D:\wamp\www\wisdom\App\Runtime\Cache\Home\cd691c37894a4e3287c16c503605eb46.php 第 236 行.
NOTIC: [8] Undefined offset: 1 D:\wamp\www\wisdom\App\Runtime\Cache\Home\cd691c37894a4e3287c16c503605eb46.php 第 266 行.
NOTIC: [8] Undefined offset: 1 D:\wamp\www\wisdom\App\Runtime\Cache\Home\cd691c37894a4e3287c16c503605eb46.php 第 268 行.
NOTIC: [8] Undefined offset: 1 D:\wamp\www\wisdom\App\Runtime\Cache\Home\cd691c37894a4e3287c16c503605eb46.php 第 268 行.
NOTIC: [8] Undefined offset: 1 D:\wamp\www\wisdom\App\Runtime\Cache\Home\cd691c37894a4e3287c16c503605eb46.php 第 268 行.
NOTIC: [8] Undefined offset: 1 D:\wamp\www\wisdom\App\Runtime\Cache\Home\cd691c37894a4e3287c16c503605eb46.php 第 271 行.
NOTIC: [8] Undefined offset: 2 D:\wamp\www\wisdom\App\Runtime\Cache\Home\cd691c37894a4e3287c16c503605eb46.php 第 274 行.
NOTIC: [8] Undefined offset: 2 D:\wamp\www\wisdom\App\Runtime\Cache\Home\cd691c37894a4e3287c16c503605eb46.php 第 276 行.
NOTIC: [8] Undefined offset: 2 D:\wamp\www\wisdom\App\Runtime\Cache\Home\cd691c37894a4e3287c16c503605eb46.php 第 276 行.
NOTIC: [8] Undefined offset: 2 D:\wamp\www\wisdom\App\Runtime\Cache\Home\cd691c37894a4e3287c16c503605eb46.php 第 276 行.
NOTIC: [8] Undefined offset: 2 D:\wamp\www\wisdom\App\Runtime\Cache\Home\cd691c37894a4e3287c16c503605eb46.php 第 279 行.
NOTIC: [8] Undefined index: value_t D:\wamp\www\wisdom\App\Runtime\Cache\Home\cd691c37894a4e3287c16c503605eb46.php 第 284 行.
NOTIC: [8] Undefined index: value_t D:\wamp\www\wisdom\App\Runtime\Cache\Home\cd691c37894a4e3287c16c503605eb46.php 第 292 行.
NOTIC: [8] Undefined index: value_t D:\wamp\www\wisdom\App\Runtime\Cache\Home\cd691c37894a4e3287c16c503605eb46.php 第 300 行.
NOTIC: [8] Undefined index: value_t D:\wamp\www\wisdom\App\Runtime\Cache\Home\cd691c37894a4e3287c16c503605eb46.php 第 308 行.
NOTIC: [8] Undefined index: value_t D:\wamp\www\wisdom\App\Runtime\Cache\Home\cd691c37894a4e3287c16c503605eb46.php 第 316 行.
NOTIC: [8] Undefined index: value_t D:\wamp\www\wisdom\App\Runtime\Cache\Home\cd691c37894a4e3287c16c503605eb46.php 第 268 行.
NOTIC: [8] Undefined index: value_t D:\wamp\www\wisdom\App\Runtime\Cache\Home\cd691c37894a4e3287c16c503605eb46.php 第 276 行.
NOTIC: [8] Undefined index: value_t D:\wamp\www\wisdom\App\Runtime\Cache\Home\cd691c37894a4e3287c16c503605eb46.php 第 284 行.
NOTIC: [8] Undefined index: value_t D:\wamp\www\wisdom\App\Runtime\Cache\Home\cd691c37894a4e3287c16c503605eb46.php 第 292 行.
NOTIC: [8] Undefined index: value_t D:\wamp\www\wisdom\App\Runtime\Cache\Home\cd691c37894a4e3287c16c503605eb46.php 第 300 行.
NOTIC: [8] Undefined index: value_t D:\wamp\www\wisdom\App\Runtime\Cache\Home\cd691c37894a4e3287c16c503605eb46.php 第 308 行.
NOTIC: [8] Undefined index: value_t D:\wamp\www\wisdom\App\Runtime\Cache\Home\cd691c37894a4e3287c16c503605eb46.php 第 316 行.
NOTIC: [8] Undefined index: value_t D:\wamp\www\wisdom\App\Runtime\Cache\Home\cd691c37894a4e3287c16c503605eb46.php 第 268 行.
NOTIC: [8] Undefined index: value_t D:\wamp\www\wisdom\App\Runtime\Cache\Home\cd691c37894a4e3287c16c503605eb46.php 第 276 行.
NOTIC: [8] Undefined index: value_t D:\wamp\www\wisdom\App\Runtime\Cache\Home\cd691c37894a4e3287c16c503605eb46.php 第 284 行.
NOTIC: [8] Undefined index: value_t D:\wamp\www\wisdom\App\Runtime\Cache\Home\cd691c37894a4e3287c16c503605eb46.php 第 292 行.
NOTIC: [8] Undefined index: value_t D:\wamp\www\wisdom\App\Runtime\Cache\Home\cd691c37894a4e3287c16c503605eb46.php 第 300 行.
NOTIC: [8] Undefined index: value_t D:\wamp\www\wisdom\App\Runtime\Cache\Home\cd691c37894a4e3287c16c503605eb46.php 第 308 行.
NOTIC: [8] Undefined index: value_t D:\wamp\www\wisdom\App\Runtime\Cache\Home\cd691c37894a4e3287c16c503605eb46.php 第 316 行.
NOTIC: [8] Undefined index: value_t D:\wamp\www\wisdom\App\Runtime\Cache\Home\cd691c37894a4e3287c16c503605eb46.php 第 268 行.
NOTIC: [8] Undefined index: value_t D:\wamp\www\wisdom\App\Runtime\Cache\Home\cd691c37894a4e3287c16c503605eb46.php 第 276 行.
NOTIC: [8] Undefined index: value_t D:\wamp\www\wisdom\App\Runtime\Cache\Home\cd691c37894a4e3287c16c503605eb46.php 第 284 行.
NOTIC: [8] Undefined index: value_t D:\wamp\www\wisdom\App\Runtime\Cache\Home\cd691c37894a4e3287c16c503605eb46.php 第 292 行.
NOTIC: [8] Undefined index: value_t D:\wamp\www\wisdom\App\Runtime\Cache\Home\cd691c37894a4e3287c16c503605eb46.php 第 300 行.
NOTIC: [8] Undefined index: value_t D:\wamp\www\wisdom\App\Runtime\Cache\Home\cd691c37894a4e3287c16c503605eb46.php 第 308 行.
NOTIC: [8] Undefined index: value_t D:\wamp\www\wisdom\App\Runtime\Cache\Home\cd691c37894a4e3287c16c503605eb46.php 第 316 行.
NOTIC: [8] Undefined index: value_t D:\wamp\www\wisdom\App\Runtime\Cache\Home\cd691c37894a4e3287c16c503605eb46.php 第 268 行.
NOTIC: [8] Undefined index: value_t D:\wamp\www\wisdom\App\Runtime\Cache\Home\cd691c37894a4e3287c16c503605eb46.php 第 276 行.
NOTIC: [8] Undefined index: value_t D:\wamp\www\wisdom\App\Runtime\Cache\Home\cd691c37894a4e3287c16c503605eb46.php 第 284 行.
NOTIC: [8] Undefined index: value_t D:\wamp\www\wisdom\App\Runtime\Cache\Home\cd691c37894a4e3287c16c503605eb46.php 第 292 行.
NOTIC: [8] Undefined offset: 33 D:\wamp\www\wisdom\App\Runtime\Cache\Home\cd691c37894a4e3287c16c503605eb46.php 第 298 行.
NOTIC: [8] Undefined offset: 33 D:\wamp\www\wisdom\App\Runtime\Cache\Home\cd691c37894a4e3287c16c503605eb46.php 第 300 行.
NOTIC: [8] Undefined offset: 33 D:\wamp\www\wisdom\App\Runtime\Cache\Home\cd691c37894a4e3287c16c503605eb46.php 第 300 行.
NOTIC: [8] Undefined offset: 33 D:\wamp\www\wisdom\App\Runtime\Cache\Home\cd691c37894a4e3287c16c503605eb46.php 第 300 行.
NOTIC: [8] Undefined offset: 33 D:\wamp\www\wisdom\App\Runtime\Cache\Home\cd691c37894a4e3287c16c503605eb46.php 第 303 行.
NOTIC: [8] Undefined offset: 34 D:\wamp\www\wisdom\App\Runtime\Cache\Home\cd691c37894a4e3287c16c503605eb46.php 第 306 行.
NOTIC: [8] Undefined offset: 34 D:\wamp\www\wisdom\App\Runtime\Cache\Home\cd691c37894a4e3287c16c503605eb46.php 第 308 行.
NOTIC: [8] Undefined offset: 34 D:\wamp\www\wisdom\App\Runtime\Cache\Home\cd691c37894a4e3287c16c503605eb46.php 第 308 行.
NOTIC: [8] Undefined offset: 34 D:\wamp\www\wisdom\App\Runtime\Cache\Home\cd691c37894a4e3287c16c503605eb46.php 第 308 行.
NOTIC: [8] Undefined offset: 34 D:\wamp\www\wisdom\App\Runtime\Cache\Home\cd691c37894a4e3287c16c503605eb46.php 第 311 行.
NOTIC: [8] Undefined offset: 35 D:\wamp\www\wisdom\App\Runtime\Cache\Home\cd691c37894a4e3287c16c503605eb46.php 第 314 行.
NOTIC: [8] Undefined offset: 35 D:\wamp\www\wisdom\App\Runtime\Cache\Home\cd691c37894a4e3287c16c503605eb46.php 第 316 行.
NOTIC: [8] Undefined offset: 35 D:\wamp\www\wisdom\App\Runtime\Cache\Home\cd691c37894a4e3287c16c503605eb46.php 第 316 行.
NOTIC: [8] Undefined offset: 35 D:\wamp\www\wisdom\App\Runtime\Cache\Home\cd691c37894a4e3287c16c503605eb46.php 第 316 行.
NOTIC: [8] Undefined offset: 35 D:\wamp\www\wisdom\App\Runtime\Cache\Home\cd691c37894a4e3287c16c503605eb46.php 第 319 行.
NOTIC: [8] Undefined offset: 36 D:\wamp\www\wisdom\App\Runtime\Cache\Home\cd691c37894a4e3287c16c503605eb46.php 第 266 行.
NOTIC: [8] Undefined offset: 36 D:\wamp\www\wisdom\App\Runtime\Cache\Home\cd691c37894a4e3287c16c503605eb46.php 第 268 行.
NOTIC: [8] Undefined offset: 36 D:\wamp\www\wisdom\App\Runtime\Cache\Home\cd691c37894a4e3287c16c503605eb46.php 第 268 行.
NOTIC: [8] Undefined offset: 36 D:\wamp\www\wisdom\App\Runtime\Cache\Home\cd691c37894a4e3287c16c503605eb46.php 第 268 行.
NOTIC: [8] Undefined offset: 36 D:\wamp\www\wisdom\App\Runtime\Cache\Home\cd691c37894a4e3287c16c503605eb46.php 第 271 行.
NOTIC: [8] Undefined offset: 37 D:\wamp\www\wisdom\App\Runtime\Cache\Home\cd691c37894a4e3287c16c503605eb46.php 第 274 行.
NOTIC: [8] Undefined offset: 37 D:\wamp\www\wisdom\App\Runtime\Cache\Home\cd691c37894a4e3287c16c503605eb46.php 第 276 行.
NOTIC: [8] Undefined offset: 37 D:\wamp\www\wisdom\App\Runtime\Cache\Home\cd691c37894a4e3287c16c503605eb46.php 第 276 行.
NOTIC: [8] Undefined offset: 37 D:\wamp\www\wisdom\App\Runtime\Cache\Home\cd691c37894a4e3287c16c503605eb46.php 第 276 行.
NOTIC: [8] Undefined offset: 37 D:\wamp\www\wisdom\App\Runtime\Cache\Home\cd691c37894a4e3287c16c503605eb46.php 第 279 行.
NOTIC: [8] Undefined offset: 38 D:\wamp\www\wisdom\App\Runtime\Cache\Home\cd691c37894a4e3287c16c503605eb46.php 第 282 行.
NOTIC: [8] Undefined offset: 38 D:\wamp\www\wisdom\App\Runtime\Cache\Home\cd691c37894a4e3287c16c503605eb46.php 第 284 行.
NOTIC: [8] Undefined offset: 38 D:\wamp\www\wisdom\App\Runtime\Cache\Home\cd691c37894a4e3287c16c503605eb46.php 第 284 行.
NOTIC: [8] Undefined offset: 38 D:\wamp\www\wisdom\App\Runtime\Cache\Home\cd691c37894a4e3287c16c503605eb46.php 第 284 行.
NOTIC: [8] Undefined offset: 38 D:\wamp\www\wisdom\App\Runtime\Cache\Home\cd691c37894a4e3287c16c503605eb46.php 第 287 行.
NOTIC: [8] Undefined offset: 39 D:\wamp\www\wisdom\App\Runtime\Cache\Home\cd691c37894a4e3287c16c503605eb46.php 第 290 行.
NOTIC: [8] Undefined offset: 39 D:\wamp\www\wisdom\App\Runtime\Cache\Home\cd691c37894a4e3287c16c503605eb46.php 第 292 行.
NOTIC: [8] Undefined offset: 39 D:\wamp\www\wisdom\App\Runtime\Cache\Home\cd691c37894a4e3287c16c503605eb46.php 第 292 行.
NOTIC: [8] Undefined offset: 39 D:\wamp\www\wisdom\App\Runtime\Cache\Home\cd691c37894a4e3287c16c503605eb46.php 第 292 行.
NOTIC: [8] Undefined offset: 39 D:\wamp\www\wisdom\App\Runtime\Cache\Home\cd691c37894a4e3287c16c503605eb46.php 第 295 行.
NOTIC: [8] Undefined offset: 40 D:\wamp\www\wisdom\App\Runtime\Cache\Home\cd691c37894a4e3287c16c503605eb46.php 第 298 行.
NOTIC: [8] Undefined offset: 40 D:\wamp\www\wisdom\App\Runtime\Cache\Home\cd691c37894a4e3287c16c503605eb46.php 第 300 行.
NOTIC: [8] Undefined offset: 40 D:\wamp\www\wisdom\App\Runtime\Cache\Home\cd691c37894a4e3287c16c503605eb46.php 第 300 行.
NOTIC: [8] Undefined offset: 40 D:\wamp\www\wisdom\App\Runtime\Cache\Home\cd691c37894a4e3287c16c503605eb46.php 第 300 行.
NOTIC: [8] Undefined offset: 40 D:\wamp\www\wisdom\App\Runtime\Cache\Home\cd691c37894a4e3287c16c503605eb46.php 第 303 行.
NOTIC: [8] Undefined offset: 41 D:\wamp\www\wisdom\App\Runtime\Cache\Home\cd691c37894a4e3287c16c503605eb46.php 第 306 行.
NOTIC: [8] Undefined offset: 41 D:\wamp\www\wisdom\App\Runtime\Cache\Home\cd691c37894a4e3287c16c503605eb46.php 第 308 行.
NOTIC: [8] Undefined offset: 41 D:\wamp\www\wisdom\App\Runtime\Cache\Home\cd691c37894a4e3287c16c503605eb46.php 第 308 行.
NOTIC: [8] Undefined offset: 41 D:\wamp\www\wisdom\App\Runtime\Cache\Home\cd691c37894a4e3287c16c503605eb46.php 第 308 行.
NOTIC: [8] Undefined offset: 41 D:\wamp\www\wisdom\App\Runtime\Cache\Home\cd691c37894a4e3287c16c503605eb46.php 第 311 行.
NOTIC: [8] Undefined offset: 42 D:\wamp\www\wisdom\App\Runtime\Cache\Home\cd691c37894a4e3287c16c503605eb46.php 第 314 行.
NOTIC: [8] Undefined offset: 42 D:\wamp\www\wisdom\App\Runtime\Cache\Home\cd691c37894a4e3287c16c503605eb46.php 第 316 行.
NOTIC: [8] Undefined offset: 42 D:\wamp\www\wisdom\App\Runtime\Cache\Home\cd691c37894a4e3287c16c503605eb46.php 第 316 行.
NOTIC: [8] Undefined offset: 42 D:\wamp\www\wisdom\App\Runtime\Cache\Home\cd691c37894a4e3287c16c503605eb46.php 第 316 行.
NOTIC: [8] Undefined offset: 42 D:\wamp\www\wisdom\App\Runtime\Cache\Home\cd691c37894a4e3287c16c503605eb46.php 第 319 行.
NOTIC: [8] Undefined variable: ri_date D:\wamp\www\wisdom\App\Runtime\Cache\Home\cd691c37894a4e3287c16c503605eb46.php 第 350 行.
NOTIC: [8] Undefined variable: ri_date D:\wamp\www\wisdom\App\Runtime\Cache\Home\cd691c37894a4e3287c16c503605eb46.php 第 351 行.
NOTIC: [8] Undefined variable: zhou_dateF D:\wamp\www\wisdom\App\Runtime\Cache\Home\cd691c37894a4e3287c16c503605eb46.php 第 358 行.
NOTIC: [8] Undefined variable: zhou_dateT D:\wamp\www\wisdom\App\Runtime\Cache\Home\cd691c37894a4e3287c16c503605eb46.php 第 358 行.
NOTIC: [8] Undefined variable: zhou_dateF D:\wamp\www\wisdom\App\Runtime\Cache\Home\cd691c37894a4e3287c16c503605eb46.php 第 359 行.
NOTIC: [8] Undefined variable: zhou_dateT D:\wamp\www\wisdom\App\Runtime\Cache\Home\cd691c37894a4e3287c16c503605eb46.php 第 360 行.
NOTIC: [8] Undefined variable: yue_date D:\wamp\www\wisdom\App\Runtime\Cache\Home\cd691c37894a4e3287c16c503605eb46.php 第 367 行.
NOTIC: [8] Undefined variable: yue_date D:\wamp\www\wisdom\App\Runtime\Cache\Home\cd691c37894a4e3287c16c503605eb46.php 第 368 行.
NOTIC: [8] Undefined variable: startdate D:\wamp\www\wisdom\App\Runtime\Cache\Home\cd691c37894a4e3287c16c503605eb46.php 第 373 行.
NOTIC: [8] Undefined variable: enddate D:\wamp\www\wisdom\App\Runtime\Cache\Home\cd691c37894a4e3287c16c503605eb46.php 第 375 行.
NOTIC: [8] Undefined variable: getCheckWorkReportList_list D:\wamp\www\wisdom\App\Runtime\Cache\Home\cd691c37894a4e3287c16c503605eb46.php 第 408 行.
NOTIC: [8] Undefined variable: yue_date D:\wamp\www\wisdom\App\Runtime\Cache\Home\cd691c37894a4e3287c16c503605eb46.php 第 720 行.
NOTIC: [8] Undefined variable: getNoticeList_total D:\wamp\www\wisdom\App\Runtime\Cache\Home\cd691c37894a4e3287c16c503605eb46.php 第 744 行.
NOTIC: [8] Undefined variable: getNoticeList_pageSize D:\wamp\www\wisdom\App\Runtime\Cache\Home\cd691c37894a4e3287c16c503605eb46.php 第 744 行.
NOTIC: [8] Undefined variable: getNoticeList_page D:\wamp\www\wisdom\App\Runtime\Cache\Home\cd691c37894a4e3287c16c503605eb46.php 第 744 行.
NOTIC: [8] Undefined variable: getNoticeList_totalPage D:\wamp\www\wisdom\App\Runtime\Cache\Home\cd691c37894a4e3287c16c503605eb46.php 第 744 行.
INFO: Run Behavior\ParseTemplateBehavior [ RunTime:0.041002s ]
INFO: [ view_parse ] --END-- [ RunTime:0.041002s ]
INFO: [ view_filter ] --START--
INFO: Run Behavior\WriteHtmlCacheBehavior [ RunTime:0.001000s ]
INFO: [ view_filter ] --END-- [ RunTime:0.001000s ]
INFO: [ app_end ] --START--
INFO: Run Behavior\ShowPageTraceBehavior [ RunTime:0.001000s ]
INFO: [ app_end ] --END-- [ RunTime:0.001000s ]

[ 2015-09-22T15:45:06+08:00 ] ::1 /wisdom/index.php/Home/Office/notice
INFO: [ app_init ] --START--
INFO: Run Behavior\BuildLiteBehavior [ RunTime:0.000000s ]
INFO: [ app_init ] --END-- [ RunTime:0.001000s ]
INFO: [ app_begin ] --START--
INFO: Run Behavior\ReadHtmlCacheBehavior [ RunTime:0.000000s ]
INFO: [ app_begin ] --END-- [ RunTime:0.000000s ]
SQL: SHOW COLUMNS FROM `t_user_role` [ RunTime:0.0140s ]
SQL: SELECT * FROM `t_user_role` WHERE ( f_user_id=7062 ) LIMIT 1   [ RunTime:0.0110s ]
SQL: SHOW COLUMNS FROM `t_role` [ RunTime:0.0110s ]
SQL: SELECT * FROM `t_role` WHERE ( f_id=74 ) LIMIT 1   [ RunTime:0.0100s ]
SQL: SHOW COLUMNS FROM `t_syscolumn` [ RunTime:0.0120s ]
SQL: SELECT * FROM `t_syscolumn` WHERE ( F_SYS_COLUMN_PID=0 and F_SYS_COLUMN_STATE=1 ) ORDER BY F_SYS_COLUMN_SORT  [ RunTime:0.0110s ]
SQL: SELECT * FROM `t_syscolumn` WHERE ( F_SYS_COLUMN_PID=1 and F_SYS_COLUMN_STATE=1 ) ORDER BY F_SYS_COLUMN_SORT  [ RunTime:0.0120s ]
NOTIC: [8] Undefined variable: url D:\wamp\www\wisdom\App\Home\Controller\OfficeController.class.php 第 677 行.
NOTIC: [8] Undefined variable: url D:\wamp\www\wisdom\App\Home\Controller\OfficeController.class.php 第 532 行.
NOTIC: [8] Undefined index: page D:\wamp\www\wisdom\App\Home\Controller\OfficeController.class.php 第 534 行.
NOTIC: [8] Undefined index: subject D:\wamp\www\wisdom\App\Home\Controller\OfficeController.class.php 第 555 行.
NOTIC: [8] Undefined index: boardId D:\wamp\www\wisdom\App\Home\Controller\OfficeController.class.php 第 556 行.
NOTIC: [8] Undefined property: stdClass::$count D:\wamp\www\wisdom\App\Home\Controller\OfficeController.class.php 第 560 行.
NOTIC: [8] Undefined index: page D:\wamp\www\wisdom\App\Home\Controller\OfficeController.class.php 第 561 行.
NOTIC: [8] Undefined variable: url D:\wamp\www\wisdom\App\Home\Controller\OfficeController.class.php 第 688 行.
INFO: [ view_parse ] --START--
INFO: [ template_filter ] --START--
INFO: Run Behavior\ContentReplaceBehavior [ RunTime:0.000000s ]
INFO: [ template_filter ] --END-- [ RunTime:0.001000s ]
NOTIC: [8] Undefined variable: queryAllNoticeBoard_list D:\wamp\www\wisdom\App\Runtime\Cache\Home\df8a267ada95d1bebcb9103fe6620657.php 第 212 行.
NOTIC: [8] Undefined variable: getNoticeList_list D:\wamp\www\wisdom\App\Runtime\Cache\Home\df8a267ada95d1bebcb9103fe6620657.php 第 246 行.
INFO: Run Behavior\ParseTemplateBehavior [ RunTime:0.059003s ]
INFO: [ view_parse ] --END-- [ RunTime:0.059003s ]
INFO: [ view_filter ] --START--
INFO: Run Behavior\WriteHtmlCacheBehavior [ RunTime:0.000000s ]
INFO: [ view_filter ] --END-- [ RunTime:0.001000s ]
INFO: [ app_end ] --START--
INFO: Run Behavior\ShowPageTraceBehavior [ RunTime:0.001000s ]
INFO: [ app_end ] --END-- [ RunTime:0.001000s ]

[ 2015-09-22T15:45:11+08:00 ] ::1 /wisdom/index.php/Home/Office/noticeAdd.html
INFO: [ app_init ] --START--
INFO: Run Behavior\BuildLiteBehavior [ RunTime:0.000000s ]
INFO: [ app_init ] --END-- [ RunTime:0.000000s ]
INFO: [ app_begin ] --START--
INFO: Run Behavior\ReadHtmlCacheBehavior [ RunTime:0.001000s ]
INFO: [ app_begin ] --END-- [ RunTime:0.001000s ]
SQL: SHOW COLUMNS FROM `t_user_role` [ RunTime:0.0070s ]
SQL: SELECT * FROM `t_user_role` WHERE ( f_user_id=7062 ) LIMIT 1   [ RunTime:0.0090s ]
SQL: SHOW COLUMNS FROM `t_role` [ RunTime:0.0070s ]
SQL: SELECT * FROM `t_role` WHERE ( f_id=74 ) LIMIT 1   [ RunTime:0.0060s ]
SQL: SHOW COLUMNS FROM `t_syscolumn` [ RunTime:0.0070s ]
SQL: SELECT * FROM `t_syscolumn` WHERE ( F_SYS_COLUMN_PID=0 and F_SYS_COLUMN_STATE=1 ) ORDER BY F_SYS_COLUMN_SORT  [ RunTime:0.0060s ]
SQL: SELECT * FROM `t_syscolumn` WHERE ( F_SYS_COLUMN_PID=1 and F_SYS_COLUMN_STATE=1 ) ORDER BY F_SYS_COLUMN_SORT  [ RunTime:0.0060s ]
NOTIC: [8] Undefined variable: url D:\wamp\www\wisdom\App\Home\Controller\OfficeController.class.php 第 677 行.
NOTIC: [8] Undefined variable: url D:\wamp\www\wisdom\App\Home\Controller\OfficeController.class.php 第 688 行.
INFO: [ view_parse ] --START--
INFO: [ template_filter ] --START--
INFO: Run Behavior\ContentReplaceBehavior [ RunTime:0.000000s ]
INFO: [ template_filter ] --END-- [ RunTime:0.000000s ]
NOTIC: [8] Undefined variable: queryAllNoticeBoard_list D:\wamp\www\wisdom\App\Runtime\Cache\Home\4dc43eef63800155d4b727cb9f46885a.php 第 210 行.
NOTIC: [8] Undefined variable: reModi D:\wamp\www\wisdom\App\Runtime\Cache\Home\4dc43eef63800155d4b727cb9f46885a.php 第 302 行.
INFO: Run Behavior\ParseTemplateBehavior [ RunTime:0.050003s ]
INFO: [ view_parse ] --END-- [ RunTime:0.050003s ]
INFO: [ view_filter ] --START--
INFO: Run Behavior\WriteHtmlCacheBehavior [ RunTime:0.000000s ]
INFO: [ view_filter ] --END-- [ RunTime:0.001000s ]
INFO: [ app_end ] --START--
INFO: Run Behavior\ShowPageTraceBehavior [ RunTime:0.001000s ]
INFO: [ app_end ] --END-- [ RunTime:0.001000s ]

[ 2015-09-22T15:45:22+08:00 ] ::1 /wisdom/index.php/Home/Office/notice.html
INFO: [ app_init ] --START--
INFO: Run Behavior\BuildLiteBehavior [ RunTime:0.000000s ]
INFO: [ app_init ] --END-- [ RunTime:0.001000s ]
INFO: [ app_begin ] --START--
INFO: Run Behavior\ReadHtmlCacheBehavior [ RunTime:0.000000s ]
INFO: [ app_begin ] --END-- [ RunTime:0.001000s ]
SQL: SHOW COLUMNS FROM `t_user_role` [ RunTime:0.0040s ]
SQL: SELECT * FROM `t_user_role` WHERE ( f_user_id=7062 ) LIMIT 1   [ RunTime:0.0030s ]
SQL: SHOW COLUMNS FROM `t_role` [ RunTime:0.0040s ]
SQL: SELECT * FROM `t_role` WHERE ( f_id=74 ) LIMIT 1   [ RunTime:0.0040s ]
SQL: SHOW COLUMNS FROM `t_syscolumn` [ RunTime:0.0050s ]
SQL: SELECT * FROM `t_syscolumn` WHERE ( F_SYS_COLUMN_PID=0 and F_SYS_COLUMN_STATE=1 ) ORDER BY F_SYS_COLUMN_SORT  [ RunTime:0.0030s ]
SQL: SELECT * FROM `t_syscolumn` WHERE ( F_SYS_COLUMN_PID=1 and F_SYS_COLUMN_STATE=1 ) ORDER BY F_SYS_COLUMN_SORT  [ RunTime:0.0030s ]
NOTIC: [8] Undefined variable: url D:\wamp\www\wisdom\App\Home\Controller\OfficeController.class.php 第 677 行.
NOTIC: [8] Undefined variable: url D:\wamp\www\wisdom\App\Home\Controller\OfficeController.class.php 第 532 行.
NOTIC: [8] Undefined index: page D:\wamp\www\wisdom\App\Home\Controller\OfficeController.class.php 第 534 行.
NOTIC: [8] Undefined index: subject D:\wamp\www\wisdom\App\Home\Controller\OfficeController.class.php 第 555 行.
NOTIC: [8] Undefined index: boardId D:\wamp\www\wisdom\App\Home\Controller\OfficeController.class.php 第 556 行.
NOTIC: [8] Undefined property: stdClass::$count D:\wamp\www\wisdom\App\Home\Controller\OfficeController.class.php 第 560 行.
NOTIC: [8] Undefined index: page D:\wamp\www\wisdom\App\Home\Controller\OfficeController.class.php 第 561 行.
NOTIC: [8] Undefined variable: url D:\wamp\www\wisdom\App\Home\Controller\OfficeController.class.php 第 688 行.
INFO: [ view_parse ] --START--
INFO: [ template_filter ] --START--
INFO: Run Behavior\ContentReplaceBehavior [ RunTime:0.001000s ]
INFO: [ template_filter ] --END-- [ RunTime:0.001000s ]
NOTIC: [8] Undefined variable: queryAllNoticeBoard_list D:\wamp\www\wisdom\App\Runtime\Cache\Home\df8a267ada95d1bebcb9103fe6620657.php 第 212 行.
NOTIC: [8] Undefined variable: getNoticeList_list D:\wamp\www\wisdom\App\Runtime\Cache\Home\df8a267ada95d1bebcb9103fe6620657.php 第 246 行.
INFO: Run Behavior\ParseTemplateBehavior [ RunTime:0.035002s ]
INFO: [ view_parse ] --END-- [ RunTime:0.035002s ]
INFO: [ view_filter ] --START--
INFO: Run Behavior\WriteHtmlCacheBehavior [ RunTime:0.001000s ]
INFO: [ view_filter ] --END-- [ RunTime:0.001000s ]
INFO: [ app_end ] --START--
INFO: Run Behavior\ShowPageTraceBehavior [ RunTime:0.001000s ]
INFO: [ app_end ] --END-- [ RunTime:0.001000s ]

[ 2015-09-22T15:48:57+08:00 ] ::1 /wisdom/index.php/Home/Business/index
INFO: [ app_init ] --START--
INFO: Run Behavior\BuildLiteBehavior [ RunTime:0.000000s ]
INFO: [ app_init ] --END-- [ RunTime:0.000000s ]
INFO: [ app_begin ] --START--
INFO: Run Behavior\ReadHtmlCacheBehavior [ RunTime:0.001000s ]
INFO: [ app_begin ] --END-- [ RunTime:0.001000s ]
SQL: SHOW COLUMNS FROM `t_user_role` [ RunTime:0.0110s ]
SQL: SELECT * FROM `t_user_role` WHERE ( f_user_id=7062 ) LIMIT 1   [ RunTime:0.0100s ]
SQL: SHOW COLUMNS FROM `t_role` [ RunTime:0.0110s ]
SQL: SELECT * FROM `t_role` WHERE ( f_id=74 ) LIMIT 1   [ RunTime:0.0110s ]
SQL: SHOW COLUMNS FROM `t_syscolumn` [ RunTime:0.0110s ]
SQL: SELECT * FROM `t_syscolumn` WHERE ( F_SYS_COLUMN_PID=0 and F_SYS_COLUMN_STATE=1 ) ORDER BY F_SYS_COLUMN_SORT  [ RunTime:0.0100s ]
SQL: SELECT * FROM `t_syscolumn` WHERE ( F_SYS_COLUMN_PID=2 and F_SYS_COLUMN_STATE=1 ) ORDER BY F_SYS_COLUMN_SORT  [ RunTime:0.0100s ]
SQL: SELECT * FROM `t_syscolumn`  [ RunTime:0.0130s ]
INFO: [ view_parse ] --START--
INFO: [ template_filter ] --START--
INFO: Run Behavior\ContentReplaceBehavior [ RunTime:0.001000s ]
INFO: [ template_filter ] --END-- [ RunTime:0.003000s ]
INFO: Run Behavior\ParseTemplateBehavior [ RunTime:0.053003s ]
INFO: [ view_parse ] --END-- [ RunTime:0.053003s ]
INFO: [ view_filter ] --START--
INFO: Run Behavior\WriteHtmlCacheBehavior [ RunTime:0.000000s ]
INFO: [ view_filter ] --END-- [ RunTime:0.001000s ]
INFO: [ app_end ] --START--
INFO: Run Behavior\ShowPageTraceBehavior [ RunTime:0.001000s ]
INFO: [ app_end ] --END-- [ RunTime:0.001000s ]

