[ 2015-12-25T10:06:10+08:00 ] ::1 /wisdom/index.php/Home/Login/check_verify
INFO: [ app_init ] --START--
INFO: Run Behavior\BuildLiteBehavior [ RunTime:0.000000s ]
INFO: [ app_init ] --END-- [ RunTime:0.000000s ]
INFO: [ app_begin ] --START--
INFO: Run Behavior\ReadHtmlCacheBehavior [ RunTime:0.001000s ]
INFO: [ app_begin ] --END-- [ RunTime:0.001000s ]
INFO: [ app_end ] --START--
INFO: Run Behavior\ShowPageTraceBehavior [ RunTime:0.001000s ]
INFO: [ app_end ] --END-- [ RunTime:0.001000s ]

[ 2015-12-25T10:06:13+08:00 ] ::1 /wisdom/index.php/Home/Login/verify.html?0.43416563235223293
INFO: [ app_init ] --START--
INFO: Run Behavior\BuildLiteBehavior [ RunTime:0.000000s ]
INFO: [ app_init ] --END-- [ RunTime:0.001000s ]
INFO: [ app_begin ] --START--
INFO: Run Behavior\ReadHtmlCacheBehavior [ RunTime:0.001000s ]
INFO: [ app_begin ] --END-- [ RunTime:0.001000s ]
INFO: [ app_end ] --START--
INFO: Run Behavior\ShowPageTraceBehavior [ RunTime:0.002000s ]
INFO: [ app_end ] --END-- [ RunTime:0.002000s ]

[ 2015-12-25T10:06:16+08:00 ] ::1 /wisdom/index.php/Home/Login/check_verify
INFO: [ app_init ] --START--
INFO: Run Behavior\BuildLiteBehavior [ RunTime:0.000000s ]
INFO: [ app_init ] --END-- [ RunTime:0.002000s ]
INFO: [ app_begin ] --START--
INFO: Run Behavior\ReadHtmlCacheBehavior [ RunTime:0.001000s ]
INFO: [ app_begin ] --END-- [ RunTime:0.001000s ]
INFO: [ app_end ] --START--
INFO: Run Behavior\ShowPageTraceBehavior [ RunTime:0.001000s ]
INFO: [ app_end ] --END-- [ RunTime:0.001000s ]

[ 2015-12-25T10:06:17+08:00 ] ::1 /wisdom/index.php/Home/Business/task
INFO: [ app_init ] --START--
INFO: Run Behavior\BuildLiteBehavior [ RunTime:0.000000s ]
INFO: [ app_init ] --END-- [ RunTime:0.004001s ]
INFO: [ app_begin ] --START--
INFO: Run Behavior\ReadHtmlCacheBehavior [ RunTime:0.003000s ]
INFO: [ app_begin ] --END-- [ RunTime:0.004000s ]
SQL: SHOW COLUMNS FROM `t_user_role` [ RunTime:0.0080s ]
SQL: SELECT * FROM `t_user_role` WHERE ( f_user_id=10862 ) LIMIT 1   [ RunTime:0.0030s ]
SQL: SHOW COLUMNS FROM `t_role` [ RunTime:0.0040s ]
SQL: SELECT * FROM `t_role` WHERE ( f_id=112 ) LIMIT 1   [ RunTime:0.0070s ]
NOTIC: [8] Undefined variable: headLogo D:\wamp\www\wisdom\App\Home\Controller\CommonController.class.php 第 70 行.
SQL: SHOW COLUMNS FROM `t_syscolumn` [ RunTime:0.0080s ]
SQL: SELECT * FROM `t_syscolumn` WHERE ( F_SYS_COLUMN_PID=0 and F_SYS_COLUMN_STATE=1 ) ORDER BY F_SYS_COLUMN_SORT  [ RunTime:0.0040s ]
SQL: SELECT * FROM `t_syscolumn` WHERE ( F_SYS_COLUMN_PID=2 and F_SYS_COLUMN_STATE=1 ) ORDER BY F_SYS_COLUMN_SORT  [ RunTime:0.0050s ]
SQL: SELECT * FROM `t_syscolumn`  [ RunTime:0.0190s ]
INFO: [ view_parse ] --START--
INFO: [ template_filter ] --START--
INFO: Run Behavior\ContentReplaceBehavior [ RunTime:0.000000s ]
INFO: [ template_filter ] --END-- [ RunTime:0.001001s ]
INFO: Run Behavior\ParseTemplateBehavior [ RunTime:0.109006s ]
INFO: [ view_parse ] --END-- [ RunTime:0.109006s ]
INFO: [ view_filter ] --START--
INFO: Run Behavior\WriteHtmlCacheBehavior [ RunTime:0.001000s ]
INFO: [ view_filter ] --END-- [ RunTime:0.001000s ]
INFO: [ app_end ] --START--
INFO: Run Behavior\ShowPageTraceBehavior [ RunTime:0.001000s ]
INFO: [ app_end ] --END-- [ RunTime:0.001000s ]

[ 2015-12-25T14:59:09+08:00 ] ::1 /wisdom/index.php/Home/Business/taskAdd.html
INFO: [ app_init ] --START--
INFO: Run Behavior\BuildLiteBehavior [ RunTime:0.000000s ]
INFO: [ app_init ] --END-- [ RunTime:0.001000s ]
INFO: [ app_begin ] --START--
INFO: Run Behavior\ReadHtmlCacheBehavior [ RunTime:0.003000s ]
INFO: [ app_begin ] --END-- [ RunTime:0.003000s ]
SQL: SHOW COLUMNS FROM `t_user_role` [ RunTime:0.0040s ]
SQL: SELECT * FROM `t_user_role` WHERE ( f_user_id=10862 ) LIMIT 1   [ RunTime:0.0060s ]
SQL: SHOW COLUMNS FROM `t_role` [ RunTime:0.0080s ]
SQL: SELECT * FROM `t_role` WHERE ( f_id=112 ) LIMIT 1   [ RunTime:0.0030s ]
NOTIC: [8] Undefined variable: headLogo D:\wamp\www\wisdom\App\Home\Controller\CommonController.class.php 第 70 行.
SQL: SHOW COLUMNS FROM `t_syscolumn` [ RunTime:0.0030s ]
SQL: SELECT * FROM `t_syscolumn` WHERE ( F_SYS_COLUMN_PID=0 and F_SYS_COLUMN_STATE=1 ) ORDER BY F_SYS_COLUMN_SORT  [ RunTime:0.0030s ]
SQL: SELECT * FROM `t_syscolumn` WHERE ( F_SYS_COLUMN_PID=2 and F_SYS_COLUMN_STATE=1 ) ORDER BY F_SYS_COLUMN_SORT  [ RunTime:0.0040s ]
SQL: SELECT * FROM `t_syscolumn`  [ RunTime:0.0040s ]
SQL: SHOW COLUMNS FROM `t_taskmtareaqty` [ RunTime:0.0020s ]
SQL: SELECT SUM(f_qty) AS tp_sum FROM `t_taskmtareaqty` WHERE ( f_taskid=0 ) LIMIT 1   [ RunTime:0.0020s ]
SQL: SHOW COLUMNS FROM `t_tradetype` [ RunTime:0.0040s ]
SQL: SELECT * FROM `t_tradetype` WHERE ( f_parentID=0 )  [ RunTime:0.0020s ]
SQL: SELECT * FROM `t_tradetype` WHERE ( f_parentID=1 )  [ RunTime:0.0030s ]
SQL: SELECT * FROM `t_tradetype` WHERE ( f_parentID=3 )  [ RunTime:0.0060s ]
SQL: SELECT * FROM `t_tradetype` WHERE ( f_parentID=14 )  [ RunTime:0.0030s ]
SQL: SELECT * FROM `t_tradetype` WHERE ( f_parentID=15 )  [ RunTime:0.0020s ]
SQL: SELECT * FROM `t_tradetype` WHERE ( f_parentID=16 )  [ RunTime:0.0020s ]
SQL: SELECT * FROM `t_tradetype` WHERE ( f_parentID=17 )  [ RunTime:0.0020s ]
SQL: SELECT * FROM `t_tradetype` WHERE ( f_parentID=19 )  [ RunTime:0.0020s ]
NOTIC: [8] Undefined index: two D:\wamp\www\wisdom\App\Home\Controller\BusinessController.class.php 第 136 行.
INFO: [ view_parse ] --START--
INFO: [ template_filter ] --START--
INFO: Run Behavior\ContentReplaceBehavior [ RunTime:0.001000s ]
INFO: [ template_filter ] --END-- [ RunTime:0.001000s ]
NOTIC: [8] Use of undefined constant f_tradeid - assumed 'f_tradeid' D:\wamp\www\wisdom\App\Runtime\Cache\Home\1aefbfb5a367d4ed8e3c326b05d05342.php 第 334 行.
NOTIC: [8] Use of undefined constant f_tradeid - assumed 'f_tradeid' D:\wamp\www\wisdom\App\Runtime\Cache\Home\1aefbfb5a367d4ed8e3c326b05d05342.php 第 334 行.
NOTIC: [8] Use of undefined constant f_tradename - assumed 'f_tradename' D:\wamp\www\wisdom\App\Runtime\Cache\Home\1aefbfb5a367d4ed8e3c326b05d05342.php 第 334 行.
NOTIC: [8] Use of undefined constant f_tradeid - assumed 'f_tradeid' D:\wamp\www\wisdom\App\Runtime\Cache\Home\1aefbfb5a367d4ed8e3c326b05d05342.php 第 334 行.
NOTIC: [8] Use of undefined constant f_tradeid - assumed 'f_tradeid' D:\wamp\www\wisdom\App\Runtime\Cache\Home\1aefbfb5a367d4ed8e3c326b05d05342.php 第 334 行.
NOTIC: [8] Use of undefined constant f_tradename - assumed 'f_tradename' D:\wamp\www\wisdom\App\Runtime\Cache\Home\1aefbfb5a367d4ed8e3c326b05d05342.php 第 334 行.
NOTIC: [8] Use of undefined constant f_tradeid - assumed 'f_tradeid' D:\wamp\www\wisdom\App\Runtime\Cache\Home\1aefbfb5a367d4ed8e3c326b05d05342.php 第 334 行.
NOTIC: [8] Use of undefined constant f_tradeid - assumed 'f_tradeid' D:\wamp\www\wisdom\App\Runtime\Cache\Home\1aefbfb5a367d4ed8e3c326b05d05342.php 第 334 行.
NOTIC: [8] Use of undefined constant f_tradename - assumed 'f_tradename' D:\wamp\www\wisdom\App\Runtime\Cache\Home\1aefbfb5a367d4ed8e3c326b05d05342.php 第 334 行.
NOTIC: [8] Use of undefined constant f_tradeid - assumed 'f_tradeid' D:\wamp\www\wisdom\App\Runtime\Cache\Home\1aefbfb5a367d4ed8e3c326b05d05342.php 第 334 行.
NOTIC: [8] Use of undefined constant f_tradeid - assumed 'f_tradeid' D:\wamp\www\wisdom\App\Runtime\Cache\Home\1aefbfb5a367d4ed8e3c326b05d05342.php 第 334 行.
NOTIC: [8] Use of undefined constant f_tradename - assumed 'f_tradename' D:\wamp\www\wisdom\App\Runtime\Cache\Home\1aefbfb5a367d4ed8e3c326b05d05342.php 第 334 行.
NOTIC: [8] Use of undefined constant f_tradeid - assumed 'f_tradeid' D:\wamp\www\wisdom\App\Runtime\Cache\Home\1aefbfb5a367d4ed8e3c326b05d05342.php 第 334 行.
NOTIC: [8] Use of undefined constant f_tradeid - assumed 'f_tradeid' D:\wamp\www\wisdom\App\Runtime\Cache\Home\1aefbfb5a367d4ed8e3c326b05d05342.php 第 334 行.
NOTIC: [8] Use of undefined constant f_tradename - assumed 'f_tradename' D:\wamp\www\wisdom\App\Runtime\Cache\Home\1aefbfb5a367d4ed8e3c326b05d05342.php 第 334 行.
NOTIC: [8] Use of undefined constant f_tradeid - assumed 'f_tradeid' D:\wamp\www\wisdom\App\Runtime\Cache\Home\1aefbfb5a367d4ed8e3c326b05d05342.php 第 334 行.
NOTIC: [8] Use of undefined constant f_tradeid - assumed 'f_tradeid' D:\wamp\www\wisdom\App\Runtime\Cache\Home\1aefbfb5a367d4ed8e3c326b05d05342.php 第 334 行.
NOTIC: [8] Use of undefined constant f_tradename - assumed 'f_tradename' D:\wamp\www\wisdom\App\Runtime\Cache\Home\1aefbfb5a367d4ed8e3c326b05d05342.php 第 334 行.
NOTIC: [8] Use of undefined constant f_tradeid - assumed 'f_tradeid' D:\wamp\www\wisdom\App\Runtime\Cache\Home\1aefbfb5a367d4ed8e3c326b05d05342.php 第 334 行.
NOTIC: [8] Use of undefined constant f_tradeid - assumed 'f_tradeid' D:\wamp\www\wisdom\App\Runtime\Cache\Home\1aefbfb5a367d4ed8e3c326b05d05342.php 第 334 行.
NOTIC: [8] Use of undefined constant f_tradename - assumed 'f_tradename' D:\wamp\www\wisdom\App\Runtime\Cache\Home\1aefbfb5a367d4ed8e3c326b05d05342.php 第 334 行.
NOTIC: [8] Undefined variable: reModi D:\wamp\www\wisdom\App\Runtime\Cache\Home\1aefbfb5a367d4ed8e3c326b05d05342.php 第 347 行.
NOTIC: [8] Undefined variable: reModi D:\wamp\www\wisdom\App\Runtime\Cache\Home\1aefbfb5a367d4ed8e3c326b05d05342.php 第 352 行.
NOTIC: [8] Undefined variable: reModi D:\wamp\www\wisdom\App\Runtime\Cache\Home\1aefbfb5a367d4ed8e3c326b05d05342.php 第 353 行.
NOTIC: [8] Undefined variable: reModi D:\wamp\www\wisdom\App\Runtime\Cache\Home\1aefbfb5a367d4ed8e3c326b05d05342.php 第 361 行.
NOTIC: [8] Undefined variable: reModi D:\wamp\www\wisdom\App\Runtime\Cache\Home\1aefbfb5a367d4ed8e3c326b05d05342.php 第 372 行.
NOTIC: [8] Undefined variable: reModi D:\wamp\www\wisdom\App\Runtime\Cache\Home\1aefbfb5a367d4ed8e3c326b05d05342.php 第 384 行.
NOTIC: [8] Undefined variable: reModi D:\wamp\www\wisdom\App\Runtime\Cache\Home\1aefbfb5a367d4ed8e3c326b05d05342.php 第 389 行.
NOTIC: [8] Undefined variable: reModi D:\wamp\www\wisdom\App\Runtime\Cache\Home\1aefbfb5a367d4ed8e3c326b05d05342.php 第 510 行.
NOTIC: [8] Undefined variable: reModi D:\wamp\www\wisdom\App\Runtime\Cache\Home\1aefbfb5a367d4ed8e3c326b05d05342.php 第 512 行.
NOTIC: [8] Undefined variable: reModi D:\wamp\www\wisdom\App\Runtime\Cache\Home\1aefbfb5a367d4ed8e3c326b05d05342.php 第 534 行.
NOTIC: [8] Undefined variable: reModi D:\wamp\www\wisdom\App\Runtime\Cache\Home\1aefbfb5a367d4ed8e3c326b05d05342.php 第 536 行.
NOTIC: [8] Undefined variable: reModi D:\wamp\www\wisdom\App\Runtime\Cache\Home\1aefbfb5a367d4ed8e3c326b05d05342.php 第 559 行.
NOTIC: [8] Undefined variable: reModi D:\wamp\www\wisdom\App\Runtime\Cache\Home\1aefbfb5a367d4ed8e3c326b05d05342.php 第 586 行.
NOTIC: [8] Undefined variable: reModi D:\wamp\www\wisdom\App\Runtime\Cache\Home\1aefbfb5a367d4ed8e3c326b05d05342.php 第 608 行.
NOTIC: [8] Undefined variable: reModi D:\wamp\www\wisdom\App\Runtime\Cache\Home\1aefbfb5a367d4ed8e3c326b05d05342.php 第 629 行.
NOTIC: [8] Undefined variable: reModi D:\wamp\www\wisdom\App\Runtime\Cache\Home\1aefbfb5a367d4ed8e3c326b05d05342.php 第 652 行.
NOTIC: [8] Undefined variable: reModi D:\wamp\www\wisdom\App\Runtime\Cache\Home\1aefbfb5a367d4ed8e3c326b05d05342.php 第 674 行.
NOTIC: [8] Undefined variable: reModi D:\wamp\www\wisdom\App\Runtime\Cache\Home\1aefbfb5a367d4ed8e3c326b05d05342.php 第 688 行.
NOTIC: [8] Undefined variable: supervisonUser D:\wamp\www\wisdom\App\Runtime\Cache\Home\1aefbfb5a367d4ed8e3c326b05d05342.php 第 722 行.
NOTIC: [8] Undefined variable: reModi D:\wamp\www\wisdom\App\Runtime\Cache\Home\1aefbfb5a367d4ed8e3c326b05d05342.php 第 913 行.
NOTIC: [8] Undefined variable: reModi D:\wamp\www\wisdom\App\Runtime\Cache\Home\1aefbfb5a367d4ed8e3c326b05d05342.php 第 914 行.
NOTIC: [8] Undefined variable: reModi D:\wamp\www\wisdom\App\Runtime\Cache\Home\1aefbfb5a367d4ed8e3c326b05d05342.php 第 915 行.
INFO: Run Behavior\ParseTemplateBehavior [ RunTime:0.182010s ]
INFO: [ view_parse ] --END-- [ RunTime:0.182010s ]
INFO: [ view_filter ] --START--
INFO: Run Behavior\WriteHtmlCacheBehavior [ RunTime:0.005001s ]
INFO: [ view_filter ] --END-- [ RunTime:0.005001s ]
INFO: [ app_end ] --START--
INFO: Run Behavior\ShowPageTraceBehavior [ RunTime:0.013000s ]
INFO: [ app_end ] --END-- [ RunTime:0.014000s ]

[ 2015-12-25T17:11:24+08:00 ] ::1 /wisdom/index.php/Home/Business/task
INFO: [ app_init ] --START--
INFO: Run Behavior\BuildLiteBehavior [ RunTime:0.000000s ]
INFO: [ app_init ] --END-- [ RunTime:0.001000s ]
INFO: [ app_begin ] --START--
INFO: Run Behavior\ReadHtmlCacheBehavior [ RunTime:0.002000s ]
INFO: [ app_begin ] --END-- [ RunTime:0.003000s ]
SQL: SHOW COLUMNS FROM `t_user_role` [ RunTime:0.0020s ]
SQL: SELECT * FROM `t_user_role` WHERE ( f_user_id=10862 ) LIMIT 1   [ RunTime:0.0020s ]
SQL: SHOW COLUMNS FROM `t_role` [ RunTime:0.0030s ]
SQL: SELECT * FROM `t_role` WHERE ( f_id=112 ) LIMIT 1   [ RunTime:0.0020s ]
NOTIC: [8] Undefined variable: headLogo D:\wamp\www\wisdom\App\Home\Controller\CommonController.class.php 第 70 行.
SQL: SHOW COLUMNS FROM `t_syscolumn` [ RunTime:0.0040s ]
SQL: SELECT * FROM `t_syscolumn` WHERE ( F_SYS_COLUMN_PID=0 and F_SYS_COLUMN_STATE=1 ) ORDER BY F_SYS_COLUMN_SORT  [ RunTime:0.0050s ]
SQL: SELECT * FROM `t_syscolumn` WHERE ( F_SYS_COLUMN_PID=2 and F_SYS_COLUMN_STATE=1 ) ORDER BY F_SYS_COLUMN_SORT  [ RunTime:0.0030s ]
SQL: SELECT * FROM `t_syscolumn`  [ RunTime:0.0060s ]
INFO: [ view_parse ] --START--
INFO: [ template_filter ] --START--
INFO: Run Behavior\ContentReplaceBehavior [ RunTime:0.000000s ]
INFO: [ template_filter ] --END-- [ RunTime:0.000000s ]
INFO: Run Behavior\ParseTemplateBehavior [ RunTime:0.068004s ]
INFO: [ view_parse ] --END-- [ RunTime:0.068004s ]
INFO: [ view_filter ] --START--
INFO: Run Behavior\WriteHtmlCacheBehavior [ RunTime:0.001000s ]
INFO: [ view_filter ] --END-- [ RunTime:0.001000s ]
INFO: [ app_end ] --START--
INFO: Run Behavior\ShowPageTraceBehavior [ RunTime:0.003000s ]
INFO: [ app_end ] --END-- [ RunTime:0.003000s ]

