[ 2016-01-15T16:36:25+08:00 ] ::1 /wisdom/index.php/
INFO: [ app_init ] --START--
INFO: Run Behavior\BuildLiteBehavior [ RunTime:0.000000s ]
INFO: [ app_init ] --END-- [ RunTime:0.002000s ]
INFO: [ app_begin ] --START--
INFO: Run Behavior\ReadHtmlCacheBehavior [ RunTime:0.004000s ]
INFO: [ app_begin ] --END-- [ RunTime:0.004000s ]

[ 2016-01-15T16:36:25+08:00 ] ::1 /wisdom/index.php/Home/Login/login.html
INFO: [ app_init ] --START--
INFO: Run Behavior\BuildLiteBehavior [ RunTime:0.000000s ]
INFO: [ app_init ] --END-- [ RunTime:0.001000s ]
INFO: [ app_begin ] --START--
INFO: Run Behavior\ReadHtmlCacheBehavior [ RunTime:0.001000s ]
INFO: [ app_begin ] --END-- [ RunTime:0.002000s ]
INFO: [ view_parse ] --START--
INFO: [ template_filter ] --START--
INFO: Run Behavior\ContentReplaceBehavior [ RunTime:0.001000s ]
INFO: [ template_filter ] --END-- [ RunTime:0.001000s ]
INFO: Run Behavior\ParseTemplateBehavior [ RunTime:0.136007s ]
INFO: [ view_parse ] --END-- [ RunTime:0.136007s ]
INFO: [ view_filter ] --START--
INFO: Run Behavior\WriteHtmlCacheBehavior [ RunTime:0.001000s ]
INFO: [ view_filter ] --END-- [ RunTime:0.001000s ]
INFO: [ app_end ] --START--
INFO: Run Behavior\ShowPageTraceBehavior [ RunTime:0.001000s ]
INFO: [ app_end ] --END-- [ RunTime:0.001000s ]

[ 2016-01-15T16:36:26+08:00 ] ::1 /wisdom/index.php/Home/Login/verify.html
INFO: [ app_init ] --START--
INFO: Run Behavior\BuildLiteBehavior [ RunTime:0.000000s ]
INFO: [ app_init ] --END-- [ RunTime:0.001000s ]
INFO: [ app_begin ] --START--
INFO: Run Behavior\ReadHtmlCacheBehavior [ RunTime:0.002000s ]
INFO: [ app_begin ] --END-- [ RunTime:0.002000s ]
INFO: [ app_end ] --START--
INFO: Run Behavior\ShowPageTraceBehavior [ RunTime:0.007000s ]
INFO: [ app_end ] --END-- [ RunTime:0.007000s ]

[ 2016-01-15T16:36:37+08:00 ] ::1 /wisdom/index.php/Home/Login/check_verify
INFO: [ app_init ] --START--
INFO: Run Behavior\BuildLiteBehavior [ RunTime:0.000000s ]
INFO: [ app_init ] --END-- [ RunTime:0.001000s ]
INFO: [ app_begin ] --START--
INFO: Run Behavior\ReadHtmlCacheBehavior [ RunTime:0.001000s ]
INFO: [ app_begin ] --END-- [ RunTime:0.001000s ]
INFO: [ app_end ] --START--
INFO: Run Behavior\ShowPageTraceBehavior [ RunTime:0.001000s ]
INFO: [ app_end ] --END-- [ RunTime:0.001000s ]

[ 2016-01-15T16:36:37+08:00 ] ::1 /wisdom/index.php/Home/Business/task
INFO: [ app_init ] --START--
INFO: Run Behavior\BuildLiteBehavior [ RunTime:0.000000s ]
INFO: [ app_init ] --END-- [ RunTime:0.007001s ]
INFO: [ app_begin ] --START--
INFO: Run Behavior\ReadHtmlCacheBehavior [ RunTime:0.008001s ]
INFO: [ app_begin ] --END-- [ RunTime:0.008001s ]
SQL: SHOW COLUMNS FROM `t_user_role` [ RunTime:0.0040s ]
SQL: SELECT * FROM `t_user_role` WHERE ( f_user_id=10862 ) LIMIT 1   [ RunTime:0.0030s ]
SQL: SHOW COLUMNS FROM `t_role` [ RunTime:0.0030s ]
SQL: SELECT * FROM `t_role` WHERE ( f_id=112 ) LIMIT 1   [ RunTime:0.0020s ]
NOTIC: [8] Undefined variable: headLogo D:\wamp\www\wisdom\App\Home\Controller\CommonController.class.php 第 77 行.
NOTIC: [8] Undefined variable: imgurl D:\wamp\www\wisdom\App\Home\Controller\CommonController.class.php 第 61 行.
SQL: SHOW COLUMNS FROM `t_syscolumn` [ RunTime:0.0030s ]
SQL: SELECT * FROM `t_syscolumn` WHERE ( F_SYS_COLUMN_PID=0 and F_SYS_COLUMN_STATE=1 ) ORDER BY F_SYS_COLUMN_SORT  [ RunTime:0.0030s ]
SQL: SELECT * FROM `t_syscolumn` WHERE ( F_SYS_COLUMN_PID=2 and F_SYS_COLUMN_STATE=1 ) ORDER BY F_SYS_COLUMN_SORT  [ RunTime:0.0030s ]
SQL: SELECT * FROM `t_syscolumn`  [ RunTime:0.0050s ]
INFO: [ view_parse ] --START--
INFO: [ template_filter ] --START--
INFO: Run Behavior\ContentReplaceBehavior [ RunTime:0.001000s ]
INFO: [ template_filter ] --END-- [ RunTime:0.001000s ]
INFO: Run Behavior\ParseTemplateBehavior [ RunTime:0.156009s ]
INFO: [ view_parse ] --END-- [ RunTime:0.156009s ]
INFO: [ view_filter ] --START--
INFO: Run Behavior\WriteHtmlCacheBehavior [ RunTime:0.005000s ]
INFO: [ view_filter ] --END-- [ RunTime:0.005000s ]
INFO: [ app_end ] --START--
INFO: Run Behavior\ShowPageTraceBehavior [ RunTime:0.005001s ]
INFO: [ app_end ] --END-- [ RunTime:0.006001s ]

[ 2016-01-15T16:36:43+08:00 ] ::1 /wisdom/index.php/Home/Business/taskAdd?taskid=717&tasktypeid=3
INFO: [ app_init ] --START--
INFO: Run Behavior\BuildLiteBehavior [ RunTime:0.000000s ]
INFO: [ app_init ] --END-- [ RunTime:0.002000s ]
INFO: [ app_begin ] --START--
INFO: Run Behavior\ReadHtmlCacheBehavior [ RunTime:0.001000s ]
INFO: [ app_begin ] --END-- [ RunTime:0.001000s ]
SQL: SHOW COLUMNS FROM `t_user_role` [ RunTime:0.0040s ]
SQL: SELECT * FROM `t_user_role` WHERE ( f_user_id=10862 ) LIMIT 1   [ RunTime:0.0030s ]
SQL: SHOW COLUMNS FROM `t_role` [ RunTime:0.0030s ]
SQL: SELECT * FROM `t_role` WHERE ( f_id=112 ) LIMIT 1   [ RunTime:0.0030s ]
NOTIC: [8] Undefined variable: headLogo D:\wamp\www\wisdom\App\Home\Controller\CommonController.class.php 第 77 行.
NOTIC: [8] Undefined variable: imgurl D:\wamp\www\wisdom\App\Home\Controller\CommonController.class.php 第 61 行.
SQL: SHOW COLUMNS FROM `t_syscolumn` [ RunTime:0.0050s ]
SQL: SELECT * FROM `t_syscolumn` WHERE ( F_SYS_COLUMN_PID=0 and F_SYS_COLUMN_STATE=1 ) ORDER BY F_SYS_COLUMN_SORT  [ RunTime:0.0020s ]
SQL: SELECT * FROM `t_syscolumn` WHERE ( F_SYS_COLUMN_PID=2 and F_SYS_COLUMN_STATE=1 ) ORDER BY F_SYS_COLUMN_SORT  [ RunTime:0.0030s ]
SQL: SELECT * FROM `t_syscolumn`  [ RunTime:0.0040s ]
SQL: SHOW COLUMNS FROM `t_taskmtareaqty` [ RunTime:0.0030s ]
SQL: SELECT SUM(f_qty) AS tp_sum FROM `t_taskmtareaqty` WHERE ( f_taskid=717 ) LIMIT 1   [ RunTime:0.0030s ]
SQL: SHOW COLUMNS FROM `t_task` [ RunTime:0.0030s ]
SQL: SELECT * FROM `t_task` WHERE ( f_tid=717 ) LIMIT 1   [ RunTime:0.0020s ]
SQL: SHOW COLUMNS FROM `t_files` [ RunTime:0.0040s ]
SQL: SELECT * FROM `t_files` WHERE ( f_id=0 ) LIMIT 1   [ RunTime:0.0020s ]
SQL: SELECT * FROM `t_files` WHERE ( f_id=0 ) LIMIT 1   [ RunTime:0.0020s ]
NOTIC: [8192] Function ereg_replace() is deprecated D:\wamp\www\wisdom\App\Api\Controller\WebController.class.php 第 903 行.
NOTIC: [8192] Function ereg_replace() is deprecated D:\wamp\www\wisdom\App\Api\Controller\WebController.class.php 第 904 行.
NOTIC: [8192] Function ereg_replace() is deprecated D:\wamp\www\wisdom\App\Api\Controller\WebController.class.php 第 905 行.
NOTIC: [8192] Function ereg_replace() is deprecated D:\wamp\www\wisdom\App\Api\Controller\WebController.class.php 第 906 行.
SQL: SHOW COLUMNS FROM `t_taskmtbaseinfo` [ RunTime:0.0040s ]
SQL: SELECT * FROM `t_taskmtbaseinfo` WHERE ( f_taskid=717 ) LIMIT 1   [ RunTime:0.0040s ]
SQL: SHOW COLUMNS FROM `t_tradetype` [ RunTime:0.0030s ]
SQL: SELECT * FROM `t_tradetype` WHERE `f_tradeID` = 0 LIMIT 1   [ RunTime:0.0020s ]
SQL: SELECT * FROM `t_taskmtareaqty` WHERE ( f_taskid=717 ) LIMIT 1   [ RunTime:0.0020s ]
SQL: SHOW COLUMNS FROM `t_taskmtgoodsdetail` [ RunTime:0.0030s ]
SQL: SELECT * FROM `t_taskmtgoodsdetail` WHERE ( f_taskid=717 ) LIMIT 1   [ RunTime:0.0020s ]
SQL: SHOW COLUMNS FROM `t_taskmtdetailedinfo` [ RunTime:0.0030s ]
SQL: SELECT * FROM `t_taskmtdetailedinfo` WHERE ( f_taskid=717 ) LIMIT 1   [ RunTime:0.0030s ]
NOTIC: [8192] Function ereg_replace() is deprecated D:\wamp\www\wisdom\App\Api\Controller\WebController.class.php 第 961 行.
NOTIC: [8192] Function ereg_replace() is deprecated D:\wamp\www\wisdom\App\Api\Controller\WebController.class.php 第 962 行.
NOTIC: [8192] Function ereg_replace() is deprecated D:\wamp\www\wisdom\App\Api\Controller\WebController.class.php 第 963 行.
NOTIC: [8192] Function ereg_replace() is deprecated D:\wamp\www\wisdom\App\Api\Controller\WebController.class.php 第 964 行.
SQL: SHOW COLUMNS FROM `t_taskmtattach` [ RunTime:0.0040s ]
SQL: SELECT * FROM `t_taskmtattach` WHERE ( f_taskid=717 ) LIMIT 1   [ RunTime:0.0020s ]
SQL: SELECT * FROM `t_tradetype` WHERE ( f_parentID=0 )  [ RunTime:0.0030s ]
SQL: SELECT * FROM `t_tradetype` WHERE ( f_parentID=1 )  [ RunTime:0.0020s ]
SQL: SELECT * FROM `t_tradetype` WHERE ( f_parentID=3 )  [ RunTime:0.0020s ]
SQL: SELECT * FROM `t_tradetype` WHERE ( f_parentID=14 )  [ RunTime:0.0020s ]
SQL: SELECT * FROM `t_tradetype` WHERE ( f_parentID=15 )  [ RunTime:0.0030s ]
SQL: SELECT * FROM `t_tradetype` WHERE ( f_parentID=16 )  [ RunTime:0.0030s ]
SQL: SELECT * FROM `t_tradetype` WHERE ( f_parentID=17 )  [ RunTime:0.0020s ]
SQL: SELECT * FROM `t_tradetype` WHERE ( f_parentID=19 )  [ RunTime:0.0020s ]
SQL: SELECT * FROM `t_taskmtattach` WHERE `f_taskid` = 717 LIMIT 1   [ RunTime:0.0030s ]
INFO: [ view_parse ] --START--
INFO: [ template_filter ] --START--
INFO: Run Behavior\ContentReplaceBehavior [ RunTime:0.001000s ]
INFO: [ template_filter ] --END-- [ RunTime:0.001000s ]
NOTIC: [8] Use of undefined constant f_tradeid - assumed 'f_tradeid' D:\wamp\www\wisdom\App\Runtime\Cache\Home\1aefbfb5a367d4ed8e3c326b05d05342.php 第 337 行.
NOTIC: [8] Use of undefined constant f_tradeid - assumed 'f_tradeid' D:\wamp\www\wisdom\App\Runtime\Cache\Home\1aefbfb5a367d4ed8e3c326b05d05342.php 第 337 行.
NOTIC: [8] Use of undefined constant f_tradename - assumed 'f_tradename' D:\wamp\www\wisdom\App\Runtime\Cache\Home\1aefbfb5a367d4ed8e3c326b05d05342.php 第 337 行.
NOTIC: [8] Use of undefined constant f_tradeid - assumed 'f_tradeid' D:\wamp\www\wisdom\App\Runtime\Cache\Home\1aefbfb5a367d4ed8e3c326b05d05342.php 第 337 行.
NOTIC: [8] Use of undefined constant f_tradeid - assumed 'f_tradeid' D:\wamp\www\wisdom\App\Runtime\Cache\Home\1aefbfb5a367d4ed8e3c326b05d05342.php 第 337 行.
NOTIC: [8] Use of undefined constant f_tradename - assumed 'f_tradename' D:\wamp\www\wisdom\App\Runtime\Cache\Home\1aefbfb5a367d4ed8e3c326b05d05342.php 第 337 行.
NOTIC: [8] Use of undefined constant f_tradeid - assumed 'f_tradeid' D:\wamp\www\wisdom\App\Runtime\Cache\Home\1aefbfb5a367d4ed8e3c326b05d05342.php 第 337 行.
NOTIC: [8] Use of undefined constant f_tradeid - assumed 'f_tradeid' D:\wamp\www\wisdom\App\Runtime\Cache\Home\1aefbfb5a367d4ed8e3c326b05d05342.php 第 337 行.
NOTIC: [8] Use of undefined constant f_tradename - assumed 'f_tradename' D:\wamp\www\wisdom\App\Runtime\Cache\Home\1aefbfb5a367d4ed8e3c326b05d05342.php 第 337 行.
NOTIC: [8] Use of undefined constant f_tradeid - assumed 'f_tradeid' D:\wamp\www\wisdom\App\Runtime\Cache\Home\1aefbfb5a367d4ed8e3c326b05d05342.php 第 337 行.
NOTIC: [8] Use of undefined constant f_tradeid - assumed 'f_tradeid' D:\wamp\www\wisdom\App\Runtime\Cache\Home\1aefbfb5a367d4ed8e3c326b05d05342.php 第 337 行.
NOTIC: [8] Use of undefined constant f_tradename - assumed 'f_tradename' D:\wamp\www\wisdom\App\Runtime\Cache\Home\1aefbfb5a367d4ed8e3c326b05d05342.php 第 337 行.
NOTIC: [8] Use of undefined constant f_tradeid - assumed 'f_tradeid' D:\wamp\www\wisdom\App\Runtime\Cache\Home\1aefbfb5a367d4ed8e3c326b05d05342.php 第 337 行.
NOTIC: [8] Use of undefined constant f_tradeid - assumed 'f_tradeid' D:\wamp\www\wisdom\App\Runtime\Cache\Home\1aefbfb5a367d4ed8e3c326b05d05342.php 第 337 行.
NOTIC: [8] Use of undefined constant f_tradename - assumed 'f_tradename' D:\wamp\www\wisdom\App\Runtime\Cache\Home\1aefbfb5a367d4ed8e3c326b05d05342.php 第 337 行.
NOTIC: [8] Use of undefined constant f_tradeid - assumed 'f_tradeid' D:\wamp\www\wisdom\App\Runtime\Cache\Home\1aefbfb5a367d4ed8e3c326b05d05342.php 第 337 行.
NOTIC: [8] Use of undefined constant f_tradeid - assumed 'f_tradeid' D:\wamp\www\wisdom\App\Runtime\Cache\Home\1aefbfb5a367d4ed8e3c326b05d05342.php 第 337 行.
NOTIC: [8] Use of undefined constant f_tradename - assumed 'f_tradename' D:\wamp\www\wisdom\App\Runtime\Cache\Home\1aefbfb5a367d4ed8e3c326b05d05342.php 第 337 行.
NOTIC: [8] Use of undefined constant f_tradeid - assumed 'f_tradeid' D:\wamp\www\wisdom\App\Runtime\Cache\Home\1aefbfb5a367d4ed8e3c326b05d05342.php 第 337 行.
NOTIC: [8] Use of undefined constant f_tradeid - assumed 'f_tradeid' D:\wamp\www\wisdom\App\Runtime\Cache\Home\1aefbfb5a367d4ed8e3c326b05d05342.php 第 337 行.
NOTIC: [8] Use of undefined constant f_tradename - assumed 'f_tradename' D:\wamp\www\wisdom\App\Runtime\Cache\Home\1aefbfb5a367d4ed8e3c326b05d05342.php 第 337 行.
NOTIC: [8] Undefined variable: supervisonUser D:\wamp\www\wisdom\App\Runtime\Cache\Home\1aefbfb5a367d4ed8e3c326b05d05342.php 第 725 行.
INFO: Run Behavior\ParseTemplateBehavior [ RunTime:0.119007s ]
INFO: [ view_parse ] --END-- [ RunTime:0.119007s ]
INFO: [ view_filter ] --START--
INFO: Run Behavior\WriteHtmlCacheBehavior [ RunTime:0.002000s ]
INFO: [ view_filter ] --END-- [ RunTime:0.002000s ]
INFO: [ app_end ] --START--
INFO: Run Behavior\ShowPageTraceBehavior [ RunTime:0.001000s ]
INFO: [ app_end ] --END-- [ RunTime:0.002000s ]

