[ 2016-01-13T10:51:12+08:00 ] ::1 /wisdom/index.php/
INFO: [ app_init ] --START--
INFO: Run Behavior\BuildLiteBehavior [ RunTime:0.000000s ]
INFO: [ app_init ] --END-- [ RunTime:0.001000s ]
INFO: [ app_begin ] --START--
INFO: Run Behavior\ReadHtmlCacheBehavior [ RunTime:0.003000s ]
INFO: [ app_begin ] --END-- [ RunTime:0.003000s ]

[ 2016-01-13T10:51:13+08:00 ] ::1 /wisdom/index.php/Home/Login/login.html
INFO: [ app_init ] --START--
INFO: Run Behavior\BuildLiteBehavior [ RunTime:0.000000s ]
INFO: [ app_init ] --END-- [ RunTime:0.001001s ]
INFO: [ app_begin ] --START--
INFO: Run Behavior\ReadHtmlCacheBehavior [ RunTime:0.003000s ]
INFO: [ app_begin ] --END-- [ RunTime:0.004000s ]
INFO: [ view_parse ] --START--
INFO: [ template_filter ] --START--
INFO: Run Behavior\ContentReplaceBehavior [ RunTime:0.001000s ]
INFO: [ template_filter ] --END-- [ RunTime:0.001000s ]
INFO: Run Behavior\ParseTemplateBehavior [ RunTime:0.137008s ]
INFO: [ view_parse ] --END-- [ RunTime:0.138008s ]
INFO: [ view_filter ] --START--
INFO: Run Behavior\WriteHtmlCacheBehavior [ RunTime:0.003000s ]
INFO: [ view_filter ] --END-- [ RunTime:0.003000s ]
INFO: [ app_end ] --START--
INFO: Run Behavior\ShowPageTraceBehavior [ RunTime:0.004000s ]
INFO: [ app_end ] --END-- [ RunTime:0.005000s ]

[ 2016-01-13T10:51:14+08:00 ] ::1 /wisdom/index.php/Home/Login/verify.html
INFO: [ app_init ] --START--
INFO: Run Behavior\BuildLiteBehavior [ RunTime:0.000000s ]
INFO: [ app_init ] --END-- [ RunTime:0.000000s ]
INFO: [ app_begin ] --START--
INFO: Run Behavior\ReadHtmlCacheBehavior [ RunTime:0.002001s ]
INFO: [ app_begin ] --END-- [ RunTime:0.002001s ]
INFO: [ app_end ] --START--
INFO: Run Behavior\ShowPageTraceBehavior [ RunTime:0.002000s ]
INFO: [ app_end ] --END-- [ RunTime:0.002000s ]

[ 2016-01-13T10:51:30+08:00 ] ::1 /wisdom/index.php/Home/Login/check_verify
INFO: [ app_init ] --START--
INFO: Run Behavior\BuildLiteBehavior [ RunTime:0.000000s ]
INFO: [ app_init ] --END-- [ RunTime:0.001000s ]
INFO: [ app_begin ] --START--
INFO: Run Behavior\ReadHtmlCacheBehavior [ RunTime:0.002000s ]
INFO: [ app_begin ] --END-- [ RunTime:0.002000s ]
INFO: [ app_end ] --START--
INFO: Run Behavior\ShowPageTraceBehavior [ RunTime:0.002000s ]
INFO: [ app_end ] --END-- [ RunTime:0.002000s ]

[ 2016-01-13T10:51:36+08:00 ] ::1 /wisdom/index.php/Home/Login/check_verify
INFO: [ app_init ] --START--
INFO: Run Behavior\BuildLiteBehavior [ RunTime:0.000000s ]
INFO: [ app_init ] --END-- [ RunTime:0.001001s ]
INFO: [ app_begin ] --START--
INFO: Run Behavior\ReadHtmlCacheBehavior [ RunTime:0.002000s ]
INFO: [ app_begin ] --END-- [ RunTime:0.002000s ]
INFO: [ app_end ] --START--
INFO: Run Behavior\ShowPageTraceBehavior [ RunTime:0.001000s ]
INFO: [ app_end ] --END-- [ RunTime:0.001000s ]

[ 2016-01-13T10:51:37+08:00 ] ::1 /wisdom/index.php/Home/Business/task
INFO: [ app_init ] --START--
INFO: Run Behavior\BuildLiteBehavior [ RunTime:0.000000s ]
INFO: [ app_init ] --END-- [ RunTime:0.001000s ]
INFO: [ app_begin ] --START--
INFO: Run Behavior\ReadHtmlCacheBehavior [ RunTime:0.004001s ]
INFO: [ app_begin ] --END-- [ RunTime:0.005001s ]
SQL: SHOW COLUMNS FROM `t_user_role` [ RunTime:0.0050s ]
SQL: SELECT * FROM `t_user_role` WHERE ( f_user_id=10862 ) LIMIT 1   [ RunTime:0.0030s ]
SQL: SHOW COLUMNS FROM `t_role` [ RunTime:0.0030s ]
SQL: SELECT * FROM `t_role` WHERE ( f_id=112 ) LIMIT 1   [ RunTime:0.0020s ]
NOTIC: [8] Undefined variable: headLogo D:\wamp\www\wisdom\App\Home\Controller\CommonController.class.php 第 77 行.
NOTIC: [8] Undefined variable: imgurl D:\wamp\www\wisdom\App\Home\Controller\CommonController.class.php 第 61 行.
SQL: SHOW COLUMNS FROM `t_syscolumn` [ RunTime:0.0040s ]
SQL: SELECT * FROM `t_syscolumn` WHERE ( F_SYS_COLUMN_PID=0 and F_SYS_COLUMN_STATE=1 ) ORDER BY F_SYS_COLUMN_SORT  [ RunTime:0.0020s ]
SQL: SELECT * FROM `t_syscolumn` WHERE ( F_SYS_COLUMN_PID=2 and F_SYS_COLUMN_STATE=1 ) ORDER BY F_SYS_COLUMN_SORT  [ RunTime:0.0030s ]
SQL: SELECT * FROM `t_syscolumn`  [ RunTime:0.0050s ]
INFO: [ view_parse ] --START--
INFO: [ template_filter ] --START--
INFO: Run Behavior\ContentReplaceBehavior [ RunTime:0.000000s ]
INFO: [ template_filter ] --END-- [ RunTime:0.001000s ]
INFO: Run Behavior\ParseTemplateBehavior [ RunTime:0.099006s ]
INFO: [ view_parse ] --END-- [ RunTime:0.100006s ]
INFO: [ view_filter ] --START--
INFO: Run Behavior\WriteHtmlCacheBehavior [ RunTime:0.003000s ]
INFO: [ view_filter ] --END-- [ RunTime:0.003000s ]
INFO: [ app_end ] --START--
INFO: Run Behavior\ShowPageTraceBehavior [ RunTime:0.002000s ]
INFO: [ app_end ] --END-- [ RunTime:0.002000s ]

[ 2016-01-13T10:51:44+08:00 ] ::1 /wisdom/index.php/Home/Business/index
INFO: [ app_init ] --START--
INFO: Run Behavior\BuildLiteBehavior [ RunTime:0.000000s ]
INFO: [ app_init ] --END-- [ RunTime:0.002000s ]
INFO: [ app_begin ] --START--
INFO: Run Behavior\ReadHtmlCacheBehavior [ RunTime:0.001001s ]
INFO: [ app_begin ] --END-- [ RunTime:0.002001s ]
SQL: SHOW COLUMNS FROM `t_user_role` [ RunTime:0.0030s ]
SQL: SELECT * FROM `t_user_role` WHERE ( f_user_id=10862 ) LIMIT 1   [ RunTime:0.0030s ]
SQL: SHOW COLUMNS FROM `t_role` [ RunTime:0.0030s ]
SQL: SELECT * FROM `t_role` WHERE ( f_id=112 ) LIMIT 1   [ RunTime:0.0010s ]
NOTIC: [8] Undefined variable: headLogo D:\wamp\www\wisdom\App\Home\Controller\CommonController.class.php 第 77 行.
NOTIC: [8] Undefined variable: imgurl D:\wamp\www\wisdom\App\Home\Controller\CommonController.class.php 第 61 行.
SQL: SHOW COLUMNS FROM `t_syscolumn` [ RunTime:0.0030s ]
SQL: SELECT * FROM `t_syscolumn` WHERE ( F_SYS_COLUMN_PID=0 and F_SYS_COLUMN_STATE=1 ) ORDER BY F_SYS_COLUMN_SORT  [ RunTime:0.0030s ]
SQL: SELECT * FROM `t_syscolumn` WHERE ( F_SYS_COLUMN_PID=2 and F_SYS_COLUMN_STATE=1 ) ORDER BY F_SYS_COLUMN_SORT  [ RunTime:0.0030s ]
SQL: SELECT * FROM `t_syscolumn`  [ RunTime:0.0030s ]
INFO: [ view_parse ] --START--
INFO: [ template_filter ] --START--
INFO: Run Behavior\ContentReplaceBehavior [ RunTime:0.000000s ]
INFO: [ template_filter ] --END-- [ RunTime:0.000000s ]
INFO: Run Behavior\ParseTemplateBehavior [ RunTime:0.069004s ]
INFO: [ view_parse ] --END-- [ RunTime:0.070004s ]
INFO: [ view_filter ] --START--
INFO: Run Behavior\WriteHtmlCacheBehavior [ RunTime:0.004000s ]
INFO: [ view_filter ] --END-- [ RunTime:0.005001s ]
INFO: [ app_end ] --START--
INFO: Run Behavior\ShowPageTraceBehavior [ RunTime:0.010000s ]
INFO: [ app_end ] --END-- [ RunTime:0.011000s ]

[ 2016-01-13T10:51:45+08:00 ] ::1 /wisdom/index.php/Home/Business/review
INFO: [ app_init ] --START--
INFO: Run Behavior\BuildLiteBehavior [ RunTime:0.000000s ]
INFO: [ app_init ] --END-- [ RunTime:0.002000s ]
INFO: [ app_begin ] --START--
INFO: Run Behavior\ReadHtmlCacheBehavior [ RunTime:0.002000s ]
INFO: [ app_begin ] --END-- [ RunTime:0.002000s ]
SQL: SHOW COLUMNS FROM `t_user_role` [ RunTime:0.0030s ]
SQL: SELECT * FROM `t_user_role` WHERE ( f_user_id=10862 ) LIMIT 1   [ RunTime:0.0020s ]
SQL: SHOW COLUMNS FROM `t_role` [ RunTime:0.0030s ]
SQL: SELECT * FROM `t_role` WHERE ( f_id=112 ) LIMIT 1   [ RunTime:0.0020s ]
NOTIC: [8] Undefined variable: headLogo D:\wamp\www\wisdom\App\Home\Controller\CommonController.class.php 第 77 行.
NOTIC: [8] Undefined variable: imgurl D:\wamp\www\wisdom\App\Home\Controller\CommonController.class.php 第 61 行.
SQL: SHOW COLUMNS FROM `t_syscolumn` [ RunTime:0.0030s ]
SQL: SELECT * FROM `t_syscolumn` WHERE ( F_SYS_COLUMN_PID=0 and F_SYS_COLUMN_STATE=1 ) ORDER BY F_SYS_COLUMN_SORT  [ RunTime:0.0020s ]
SQL: SELECT * FROM `t_syscolumn` WHERE ( F_SYS_COLUMN_PID=2 and F_SYS_COLUMN_STATE=1 ) ORDER BY F_SYS_COLUMN_SORT  [ RunTime:0.0020s ]
SQL: SELECT * FROM `t_syscolumn`  [ RunTime:0.0040s ]
INFO: [ view_parse ] --START--
INFO: [ template_filter ] --START--
INFO: Run Behavior\ContentReplaceBehavior [ RunTime:0.000000s ]
INFO: [ template_filter ] --END-- [ RunTime:0.000000s ]
INFO: Run Behavior\ParseTemplateBehavior [ RunTime:0.048003s ]
INFO: [ view_parse ] --END-- [ RunTime:0.048003s ]
INFO: [ view_filter ] --START--
INFO: Run Behavior\WriteHtmlCacheBehavior [ RunTime:0.001000s ]
INFO: [ view_filter ] --END-- [ RunTime:0.001000s ]
INFO: [ app_end ] --START--
INFO: Run Behavior\ShowPageTraceBehavior [ RunTime:0.001000s ]
INFO: [ app_end ] --END-- [ RunTime:0.001000s ]

[ 2016-01-13T10:52:33+08:00 ] ::1 /wisdom/index.php/Home/Promotion/task
INFO: [ app_init ] --START--
INFO: Run Behavior\BuildLiteBehavior [ RunTime:0.000000s ]
INFO: [ app_init ] --END-- [ RunTime:0.002000s ]
INFO: [ app_begin ] --START--
INFO: Run Behavior\ReadHtmlCacheBehavior [ RunTime:0.004000s ]
INFO: [ app_begin ] --END-- [ RunTime:0.004000s ]
SQL: SHOW COLUMNS FROM `t_user_role` [ RunTime:0.0040s ]
SQL: SELECT * FROM `t_user_role` WHERE ( f_user_id=10862 ) LIMIT 1   [ RunTime:0.0020s ]
SQL: SHOW COLUMNS FROM `t_role` [ RunTime:0.0030s ]
SQL: SELECT * FROM `t_role` WHERE ( f_id=112 ) LIMIT 1   [ RunTime:0.0020s ]
NOTIC: [8] Undefined variable: headLogo D:\wamp\www\wisdom\App\Home\Controller\CommonController.class.php 第 77 行.
NOTIC: [8] Undefined variable: imgurl D:\wamp\www\wisdom\App\Home\Controller\CommonController.class.php 第 61 行.
SQL: SHOW COLUMNS FROM `t_syscolumn` [ RunTime:0.0030s ]
SQL: SELECT * FROM `t_syscolumn` WHERE ( F_SYS_COLUMN_PID=0 and F_SYS_COLUMN_STATE=1 ) ORDER BY F_SYS_COLUMN_SORT  [ RunTime:0.0030s ]
SQL: SELECT * FROM `t_syscolumn` WHERE ( F_SYS_COLUMN_PID=3 and F_SYS_COLUMN_STATE=1 ) ORDER BY F_SYS_COLUMN_SORT  [ RunTime:0.0020s ]
SQL: SELECT * FROM `t_syscolumn`  [ RunTime:0.0040s ]
INFO: [ view_parse ] --START--
INFO: [ template_filter ] --START--
INFO: Run Behavior\ContentReplaceBehavior [ RunTime:0.000000s ]
INFO: [ template_filter ] --END-- [ RunTime:0.000000s ]
INFO: Run Behavior\ParseTemplateBehavior [ RunTime:0.052003s ]
INFO: [ view_parse ] --END-- [ RunTime:0.053003s ]
INFO: [ view_filter ] --START--
INFO: Run Behavior\WriteHtmlCacheBehavior [ RunTime:0.003000s ]
INFO: [ view_filter ] --END-- [ RunTime:0.004000s ]
INFO: [ app_end ] --START--
INFO: Run Behavior\ShowPageTraceBehavior [ RunTime:0.003000s ]
INFO: [ app_end ] --END-- [ RunTime:0.003000s ]

[ 2016-01-13T10:52:39+08:00 ] ::1 /wisdom/index.php/Home/Promotion/taskAdd.html
INFO: [ app_init ] --START--
INFO: Run Behavior\BuildLiteBehavior [ RunTime:0.000000s ]
INFO: [ app_init ] --END-- [ RunTime:0.000000s ]
INFO: [ app_begin ] --START--
INFO: Run Behavior\ReadHtmlCacheBehavior [ RunTime:0.001000s ]
INFO: [ app_begin ] --END-- [ RunTime:0.001000s ]
SQL: SHOW COLUMNS FROM `t_user_role` [ RunTime:0.0050s ]
SQL: SELECT * FROM `t_user_role` WHERE ( f_user_id=10862 ) LIMIT 1   [ RunTime:0.0020s ]
SQL: SHOW COLUMNS FROM `t_role` [ RunTime:0.0030s ]
SQL: SELECT * FROM `t_role` WHERE ( f_id=112 ) LIMIT 1   [ RunTime:0.0030s ]
NOTIC: [8] Undefined variable: headLogo D:\wamp\www\wisdom\App\Home\Controller\CommonController.class.php 第 77 行.
NOTIC: [8] Undefined variable: imgurl D:\wamp\www\wisdom\App\Home\Controller\CommonController.class.php 第 61 行.
SQL: SHOW COLUMNS FROM `t_syscolumn` [ RunTime:0.0030s ]
SQL: SELECT * FROM `t_syscolumn` WHERE ( F_SYS_COLUMN_PID=0 and F_SYS_COLUMN_STATE=1 ) ORDER BY F_SYS_COLUMN_SORT  [ RunTime:0.0030s ]
SQL: SELECT * FROM `t_syscolumn` WHERE ( F_SYS_COLUMN_PID=3 and F_SYS_COLUMN_STATE=1 ) ORDER BY F_SYS_COLUMN_SORT  [ RunTime:0.0020s ]
SQL: SELECT * FROM `t_syscolumn`  [ RunTime:0.0040s ]
INFO: [ view_parse ] --START--
INFO: [ template_filter ] --START--
INFO: Run Behavior\ContentReplaceBehavior [ RunTime:0.001000s ]
INFO: [ template_filter ] --END-- [ RunTime:0.001000s ]
NOTIC: [8] Undefined variable: reModi D:\wamp\www\wisdom\App\Runtime\Cache\Home\bcd77696eb869a1f1d7c6b2b2cd529ff.php 第 285 行.
NOTIC: [8] Undefined variable: reModi D:\wamp\www\wisdom\App\Runtime\Cache\Home\bcd77696eb869a1f1d7c6b2b2cd529ff.php 第 289 行.
NOTIC: [8] Undefined variable: reModi D:\wamp\www\wisdom\App\Runtime\Cache\Home\bcd77696eb869a1f1d7c6b2b2cd529ff.php 第 291 行.
NOTIC: [8] Undefined variable: reModi D:\wamp\www\wisdom\App\Runtime\Cache\Home\bcd77696eb869a1f1d7c6b2b2cd529ff.php 第 310 行.
NOTIC: [8] Undefined variable: reModi D:\wamp\www\wisdom\App\Runtime\Cache\Home\bcd77696eb869a1f1d7c6b2b2cd529ff.php 第 315 行.
NOTIC: [8] Undefined variable: reModi D:\wamp\www\wisdom\App\Runtime\Cache\Home\bcd77696eb869a1f1d7c6b2b2cd529ff.php 第 317 行.
NOTIC: [8] Undefined variable: reModi D:\wamp\www\wisdom\App\Runtime\Cache\Home\bcd77696eb869a1f1d7c6b2b2cd529ff.php 第 321 行.
NOTIC: [8] Undefined variable: reModi D:\wamp\www\wisdom\App\Runtime\Cache\Home\bcd77696eb869a1f1d7c6b2b2cd529ff.php 第 331 行.
NOTIC: [8] Undefined variable: reModi D:\wamp\www\wisdom\App\Runtime\Cache\Home\bcd77696eb869a1f1d7c6b2b2cd529ff.php 第 336 行.
NOTIC: [8] Undefined variable: reModi D:\wamp\www\wisdom\App\Runtime\Cache\Home\bcd77696eb869a1f1d7c6b2b2cd529ff.php 第 340 行.
NOTIC: [8] Undefined variable: reModi D:\wamp\www\wisdom\App\Runtime\Cache\Home\bcd77696eb869a1f1d7c6b2b2cd529ff.php 第 416 行.
NOTIC: [8] Undefined variable: reModi D:\wamp\www\wisdom\App\Runtime\Cache\Home\bcd77696eb869a1f1d7c6b2b2cd529ff.php 第 419 行.
NOTIC: [8] Undefined variable: reModi D:\wamp\www\wisdom\App\Runtime\Cache\Home\bcd77696eb869a1f1d7c6b2b2cd529ff.php 第 421 行.
NOTIC: [8] Undefined variable: reModi D:\wamp\www\wisdom\App\Runtime\Cache\Home\bcd77696eb869a1f1d7c6b2b2cd529ff.php 第 437 行.
NOTIC: [8] Undefined variable: reModi D:\wamp\www\wisdom\App\Runtime\Cache\Home\bcd77696eb869a1f1d7c6b2b2cd529ff.php 第 442 行.
NOTIC: [8] Undefined variable: reModi D:\wamp\www\wisdom\App\Runtime\Cache\Home\bcd77696eb869a1f1d7c6b2b2cd529ff.php 第 444 行.
NOTIC: [8] Undefined variable: reModi D:\wamp\www\wisdom\App\Runtime\Cache\Home\bcd77696eb869a1f1d7c6b2b2cd529ff.php 第 448 行.
NOTIC: [8] Undefined variable: reModi D:\wamp\www\wisdom\App\Runtime\Cache\Home\bcd77696eb869a1f1d7c6b2b2cd529ff.php 第 472 行.
NOTIC: [8] Undefined variable: reModi D:\wamp\www\wisdom\App\Runtime\Cache\Home\bcd77696eb869a1f1d7c6b2b2cd529ff.php 第 478 行.
NOTIC: [8] Undefined variable: reModi D:\wamp\www\wisdom\App\Runtime\Cache\Home\bcd77696eb869a1f1d7c6b2b2cd529ff.php 第 527 行.
NOTIC: [8] Undefined variable: reModi D:\wamp\www\wisdom\App\Runtime\Cache\Home\bcd77696eb869a1f1d7c6b2b2cd529ff.php 第 528 行.
NOTIC: [8] Undefined variable: reModi D:\wamp\www\wisdom\App\Runtime\Cache\Home\bcd77696eb869a1f1d7c6b2b2cd529ff.php 第 529 行.
NOTIC: [8] Undefined variable: reModi D:\wamp\www\wisdom\App\Runtime\Cache\Home\bcd77696eb869a1f1d7c6b2b2cd529ff.php 第 542 行.
NOTIC: [8] Use of undefined constant one - assumed 'one' D:\wamp\www\wisdom\App\Runtime\Cache\Home\bcd77696eb869a1f1d7c6b2b2cd529ff.php 第 622 行.
NOTIC: [8] Use of undefined constant f_fileid - assumed 'f_fileid' D:\wamp\www\wisdom\App\Runtime\Cache\Home\bcd77696eb869a1f1d7c6b2b2cd529ff.php 第 622 行.
NOTIC: [8] Undefined variable: reModi D:\wamp\www\wisdom\App\Runtime\Cache\Home\bcd77696eb869a1f1d7c6b2b2cd529ff.php 第 622 行.
NOTIC: [8] Undefined variable: reModi D:\wamp\www\wisdom\App\Runtime\Cache\Home\bcd77696eb869a1f1d7c6b2b2cd529ff.php 第 625 行.
NOTIC: [8] Undefined variable: reModi D:\wamp\www\wisdom\App\Runtime\Cache\Home\bcd77696eb869a1f1d7c6b2b2cd529ff.php 第 627 行.
NOTIC: [8] Undefined variable: reModi D:\wamp\www\wisdom\App\Runtime\Cache\Home\bcd77696eb869a1f1d7c6b2b2cd529ff.php 第 640 行.
NOTIC: [8] Undefined variable: reModi D:\wamp\www\wisdom\App\Runtime\Cache\Home\bcd77696eb869a1f1d7c6b2b2cd529ff.php 第 645 行.
NOTIC: [8] Undefined variable: reModi D:\wamp\www\wisdom\App\Runtime\Cache\Home\bcd77696eb869a1f1d7c6b2b2cd529ff.php 第 647 行.
NOTIC: [8] Undefined variable: reModi D:\wamp\www\wisdom\App\Runtime\Cache\Home\bcd77696eb869a1f1d7c6b2b2cd529ff.php 第 652 行.
NOTIC: [8] Undefined variable: reModi D:\wamp\www\wisdom\App\Runtime\Cache\Home\bcd77696eb869a1f1d7c6b2b2cd529ff.php 第 663 行.
NOTIC: [8] Undefined variable: taskid D:\wamp\www\wisdom\App\Runtime\Cache\Home\bcd77696eb869a1f1d7c6b2b2cd529ff.php 第 677 行.
NOTIC: [8] Undefined variable: reModi D:\wamp\www\wisdom\App\Runtime\Cache\Home\bcd77696eb869a1f1d7c6b2b2cd529ff.php 第 691 行.
NOTIC: [8] Undefined variable: reModi D:\wamp\www\wisdom\App\Runtime\Cache\Home\bcd77696eb869a1f1d7c6b2b2cd529ff.php 第 745 行.
NOTIC: [8] Undefined variable: reModi D:\wamp\www\wisdom\App\Runtime\Cache\Home\bcd77696eb869a1f1d7c6b2b2cd529ff.php 第 805 行.
NOTIC: [8] Undefined variable: taskid D:\wamp\www\wisdom\App\Runtime\Cache\Home\bcd77696eb869a1f1d7c6b2b2cd529ff.php 第 890 行.
NOTIC: [8] Undefined variable: reModi D:\wamp\www\wisdom\App\Runtime\Cache\Home\bcd77696eb869a1f1d7c6b2b2cd529ff.php 第 912 行.
NOTIC: [8] Undefined variable: reModi D:\wamp\www\wisdom\App\Runtime\Cache\Home\bcd77696eb869a1f1d7c6b2b2cd529ff.php 第 924 行.
NOTIC: [8] Undefined variable: reModi D:\wamp\www\wisdom\App\Runtime\Cache\Home\bcd77696eb869a1f1d7c6b2b2cd529ff.php 第 938 行.
NOTIC: [8] Undefined variable: reModi D:\wamp\www\wisdom\App\Runtime\Cache\Home\bcd77696eb869a1f1d7c6b2b2cd529ff.php 第 952 行.
NOTIC: [8] Undefined variable: reModi D:\wamp\www\wisdom\App\Runtime\Cache\Home\bcd77696eb869a1f1d7c6b2b2cd529ff.php 第 956 行.
NOTIC: [8] Undefined variable: reModi D:\wamp\www\wisdom\App\Runtime\Cache\Home\bcd77696eb869a1f1d7c6b2b2cd529ff.php 第 957 行.
INFO: Run Behavior\ParseTemplateBehavior [ RunTime:0.149008s ]
INFO: [ view_parse ] --END-- [ RunTime:0.149008s ]
INFO: [ view_filter ] --START--
INFO: Run Behavior\WriteHtmlCacheBehavior [ RunTime:0.003000s ]
INFO: [ view_filter ] --END-- [ RunTime:0.003000s ]
INFO: [ app_end ] --START--
INFO: Run Behavior\ShowPageTraceBehavior [ RunTime:0.009001s ]
INFO: [ app_end ] --END-- [ RunTime:0.009001s ]

[ 2016-01-13T10:53:22+08:00 ] ::1 /wisdom/index.php/Home/Promotion/cpush_auit
INFO: [ app_init ] --START--
INFO: Run Behavior\BuildLiteBehavior [ RunTime:0.000000s ]
INFO: [ app_init ] --END-- [ RunTime:0.001000s ]
INFO: [ app_begin ] --START--
INFO: Run Behavior\ReadHtmlCacheBehavior [ RunTime:0.002000s ]
INFO: [ app_begin ] --END-- [ RunTime:0.002000s ]
SQL: SHOW COLUMNS FROM `t_user_role` [ RunTime:0.0030s ]
SQL: SELECT * FROM `t_user_role` WHERE ( f_user_id=10862 ) LIMIT 1   [ RunTime:0.0020s ]
SQL: SHOW COLUMNS FROM `t_role` [ RunTime:0.0030s ]
SQL: SELECT * FROM `t_role` WHERE ( f_id=112 ) LIMIT 1   [ RunTime:0.0020s ]
NOTIC: [8] Undefined variable: headLogo D:\wamp\www\wisdom\App\Home\Controller\CommonController.class.php 第 77 行.
NOTIC: [8] Undefined variable: imgurl D:\wamp\www\wisdom\App\Home\Controller\CommonController.class.php 第 61 行.
NOTIC: [8] Undefined index: eachscore D:\wamp\www\wisdom\App\Home\Controller\PromotionController.class.php 第 223 行.
SQL: SHOW COLUMNS FROM `t_tasksmallinfo` [ RunTime:0.0020s ]
SQL: UPDATE `t_tasksmallinfo` SET `f_totalcopies`='0',`f_eachcoin`='0',`f_eachscore`='3',`f_drawcopies`='0',`f_taskrequirements`='<p>hhhh</p>',`f_total_commisson`='0' WHERE ( f_indexid=466 ) [ RunTime:0.0030s ]
INFO: [ app_end ] --START--
INFO: Run Behavior\ShowPageTraceBehavior [ RunTime:0.005001s ]
INFO: [ app_end ] --END-- [ RunTime:0.005001s ]

[ 2016-01-13T10:53:23+08:00 ] ::1 /wisdom/index.php/Home/Promotion/task
INFO: [ app_init ] --START--
INFO: Run Behavior\BuildLiteBehavior [ RunTime:0.000000s ]
INFO: [ app_init ] --END-- [ RunTime:0.004001s ]
INFO: [ app_begin ] --START--
INFO: Run Behavior\ReadHtmlCacheBehavior [ RunTime:0.003000s ]
INFO: [ app_begin ] --END-- [ RunTime:0.004000s ]
SQL: SHOW COLUMNS FROM `t_user_role` [ RunTime:0.0040s ]
SQL: SELECT * FROM `t_user_role` WHERE ( f_user_id=10862 ) LIMIT 1   [ RunTime:0.0020s ]
SQL: SHOW COLUMNS FROM `t_role` [ RunTime:0.0040s ]
SQL: SELECT * FROM `t_role` WHERE ( f_id=112 ) LIMIT 1   [ RunTime:0.0020s ]
NOTIC: [8] Undefined variable: headLogo D:\wamp\www\wisdom\App\Home\Controller\CommonController.class.php 第 77 行.
NOTIC: [8] Undefined variable: imgurl D:\wamp\www\wisdom\App\Home\Controller\CommonController.class.php 第 61 行.
SQL: SHOW COLUMNS FROM `t_syscolumn` [ RunTime:0.0050s ]
SQL: SELECT * FROM `t_syscolumn` WHERE ( F_SYS_COLUMN_PID=0 and F_SYS_COLUMN_STATE=1 ) ORDER BY F_SYS_COLUMN_SORT  [ RunTime:0.0020s ]
SQL: SELECT * FROM `t_syscolumn` WHERE ( F_SYS_COLUMN_PID=3 and F_SYS_COLUMN_STATE=1 ) ORDER BY F_SYS_COLUMN_SORT  [ RunTime:0.0030s ]
SQL: SELECT * FROM `t_syscolumn`  [ RunTime:0.0040s ]
INFO: [ view_parse ] --START--
INFO: [ template_filter ] --START--
INFO: Run Behavior\ContentReplaceBehavior [ RunTime:0.001000s ]
INFO: [ template_filter ] --END-- [ RunTime:0.001000s ]
INFO: Run Behavior\ParseTemplateBehavior [ RunTime:0.073004s ]
INFO: [ view_parse ] --END-- [ RunTime:0.073004s ]
INFO: [ view_filter ] --START--
INFO: Run Behavior\WriteHtmlCacheBehavior [ RunTime:0.014001s ]
INFO: [ view_filter ] --END-- [ RunTime:0.014001s ]
INFO: [ app_end ] --START--
INFO: Run Behavior\ShowPageTraceBehavior [ RunTime:0.008000s ]
INFO: [ app_end ] --END-- [ RunTime:0.008000s ]

[ 2016-01-13T10:53:26+08:00 ] ::1 /wisdom/index.php/Home/Promotion/taskAdd.html
INFO: [ app_init ] --START--
INFO: Run Behavior\BuildLiteBehavior [ RunTime:0.000000s ]
INFO: [ app_init ] --END-- [ RunTime:0.002000s ]
INFO: [ app_begin ] --START--
INFO: Run Behavior\ReadHtmlCacheBehavior [ RunTime:0.002000s ]
INFO: [ app_begin ] --END-- [ RunTime:0.002000s ]
SQL: SHOW COLUMNS FROM `t_user_role` [ RunTime:0.0030s ]
SQL: SELECT * FROM `t_user_role` WHERE ( f_user_id=10862 ) LIMIT 1   [ RunTime:0.0020s ]
SQL: SHOW COLUMNS FROM `t_role` [ RunTime:0.0030s ]
SQL: SELECT * FROM `t_role` WHERE ( f_id=112 ) LIMIT 1   [ RunTime:0.0010s ]
NOTIC: [8] Undefined variable: headLogo D:\wamp\www\wisdom\App\Home\Controller\CommonController.class.php 第 77 行.
NOTIC: [8] Undefined variable: imgurl D:\wamp\www\wisdom\App\Home\Controller\CommonController.class.php 第 61 行.
SQL: SHOW COLUMNS FROM `t_syscolumn` [ RunTime:0.0030s ]
SQL: SELECT * FROM `t_syscolumn` WHERE ( F_SYS_COLUMN_PID=0 and F_SYS_COLUMN_STATE=1 ) ORDER BY F_SYS_COLUMN_SORT  [ RunTime:0.0030s ]
SQL: SELECT * FROM `t_syscolumn` WHERE ( F_SYS_COLUMN_PID=3 and F_SYS_COLUMN_STATE=1 ) ORDER BY F_SYS_COLUMN_SORT  [ RunTime:0.0020s ]
SQL: SELECT * FROM `t_syscolumn`  [ RunTime:0.0040s ]
INFO: [ view_parse ] --START--
INFO: [ template_filter ] --START--
INFO: Run Behavior\ContentReplaceBehavior [ RunTime:0.001000s ]
INFO: [ template_filter ] --END-- [ RunTime:0.002000s ]
NOTIC: [8] Undefined variable: reModi D:\wamp\www\wisdom\App\Runtime\Cache\Home\bcd77696eb869a1f1d7c6b2b2cd529ff.php 第 285 行.
NOTIC: [8] Undefined variable: reModi D:\wamp\www\wisdom\App\Runtime\Cache\Home\bcd77696eb869a1f1d7c6b2b2cd529ff.php 第 289 行.
NOTIC: [8] Undefined variable: reModi D:\wamp\www\wisdom\App\Runtime\Cache\Home\bcd77696eb869a1f1d7c6b2b2cd529ff.php 第 291 行.
NOTIC: [8] Undefined variable: reModi D:\wamp\www\wisdom\App\Runtime\Cache\Home\bcd77696eb869a1f1d7c6b2b2cd529ff.php 第 310 行.
NOTIC: [8] Undefined variable: reModi D:\wamp\www\wisdom\App\Runtime\Cache\Home\bcd77696eb869a1f1d7c6b2b2cd529ff.php 第 315 行.
NOTIC: [8] Undefined variable: reModi D:\wamp\www\wisdom\App\Runtime\Cache\Home\bcd77696eb869a1f1d7c6b2b2cd529ff.php 第 317 行.
NOTIC: [8] Undefined variable: reModi D:\wamp\www\wisdom\App\Runtime\Cache\Home\bcd77696eb869a1f1d7c6b2b2cd529ff.php 第 321 行.
NOTIC: [8] Undefined variable: reModi D:\wamp\www\wisdom\App\Runtime\Cache\Home\bcd77696eb869a1f1d7c6b2b2cd529ff.php 第 331 行.
NOTIC: [8] Undefined variable: reModi D:\wamp\www\wisdom\App\Runtime\Cache\Home\bcd77696eb869a1f1d7c6b2b2cd529ff.php 第 336 行.
NOTIC: [8] Undefined variable: reModi D:\wamp\www\wisdom\App\Runtime\Cache\Home\bcd77696eb869a1f1d7c6b2b2cd529ff.php 第 340 行.
NOTIC: [8] Undefined variable: reModi D:\wamp\www\wisdom\App\Runtime\Cache\Home\bcd77696eb869a1f1d7c6b2b2cd529ff.php 第 416 行.
NOTIC: [8] Undefined variable: reModi D:\wamp\www\wisdom\App\Runtime\Cache\Home\bcd77696eb869a1f1d7c6b2b2cd529ff.php 第 419 行.
NOTIC: [8] Undefined variable: reModi D:\wamp\www\wisdom\App\Runtime\Cache\Home\bcd77696eb869a1f1d7c6b2b2cd529ff.php 第 421 行.
NOTIC: [8] Undefined variable: reModi D:\wamp\www\wisdom\App\Runtime\Cache\Home\bcd77696eb869a1f1d7c6b2b2cd529ff.php 第 437 行.
NOTIC: [8] Undefined variable: reModi D:\wamp\www\wisdom\App\Runtime\Cache\Home\bcd77696eb869a1f1d7c6b2b2cd529ff.php 第 442 行.
NOTIC: [8] Undefined variable: reModi D:\wamp\www\wisdom\App\Runtime\Cache\Home\bcd77696eb869a1f1d7c6b2b2cd529ff.php 第 444 行.
NOTIC: [8] Undefined variable: reModi D:\wamp\www\wisdom\App\Runtime\Cache\Home\bcd77696eb869a1f1d7c6b2b2cd529ff.php 第 448 行.
NOTIC: [8] Undefined variable: reModi D:\wamp\www\wisdom\App\Runtime\Cache\Home\bcd77696eb869a1f1d7c6b2b2cd529ff.php 第 472 行.
NOTIC: [8] Undefined variable: reModi D:\wamp\www\wisdom\App\Runtime\Cache\Home\bcd77696eb869a1f1d7c6b2b2cd529ff.php 第 478 行.
NOTIC: [8] Undefined variable: reModi D:\wamp\www\wisdom\App\Runtime\Cache\Home\bcd77696eb869a1f1d7c6b2b2cd529ff.php 第 527 行.
NOTIC: [8] Undefined variable: reModi D:\wamp\www\wisdom\App\Runtime\Cache\Home\bcd77696eb869a1f1d7c6b2b2cd529ff.php 第 528 行.
NOTIC: [8] Undefined variable: reModi D:\wamp\www\wisdom\App\Runtime\Cache\Home\bcd77696eb869a1f1d7c6b2b2cd529ff.php 第 529 行.
NOTIC: [8] Undefined variable: reModi D:\wamp\www\wisdom\App\Runtime\Cache\Home\bcd77696eb869a1f1d7c6b2b2cd529ff.php 第 542 行.
NOTIC: [8] Use of undefined constant one - assumed 'one' D:\wamp\www\wisdom\App\Runtime\Cache\Home\bcd77696eb869a1f1d7c6b2b2cd529ff.php 第 622 行.
NOTIC: [8] Use of undefined constant f_fileid - assumed 'f_fileid' D:\wamp\www\wisdom\App\Runtime\Cache\Home\bcd77696eb869a1f1d7c6b2b2cd529ff.php 第 622 行.
NOTIC: [8] Undefined variable: reModi D:\wamp\www\wisdom\App\Runtime\Cache\Home\bcd77696eb869a1f1d7c6b2b2cd529ff.php 第 622 行.
NOTIC: [8] Undefined variable: reModi D:\wamp\www\wisdom\App\Runtime\Cache\Home\bcd77696eb869a1f1d7c6b2b2cd529ff.php 第 625 行.
NOTIC: [8] Undefined variable: reModi D:\wamp\www\wisdom\App\Runtime\Cache\Home\bcd77696eb869a1f1d7c6b2b2cd529ff.php 第 627 行.
NOTIC: [8] Undefined variable: reModi D:\wamp\www\wisdom\App\Runtime\Cache\Home\bcd77696eb869a1f1d7c6b2b2cd529ff.php 第 640 行.
NOTIC: [8] Undefined variable: reModi D:\wamp\www\wisdom\App\Runtime\Cache\Home\bcd77696eb869a1f1d7c6b2b2cd529ff.php 第 645 行.
NOTIC: [8] Undefined variable: reModi D:\wamp\www\wisdom\App\Runtime\Cache\Home\bcd77696eb869a1f1d7c6b2b2cd529ff.php 第 647 行.
NOTIC: [8] Undefined variable: reModi D:\wamp\www\wisdom\App\Runtime\Cache\Home\bcd77696eb869a1f1d7c6b2b2cd529ff.php 第 652 行.
NOTIC: [8] Undefined variable: reModi D:\wamp\www\wisdom\App\Runtime\Cache\Home\bcd77696eb869a1f1d7c6b2b2cd529ff.php 第 663 行.
NOTIC: [8] Undefined variable: taskid D:\wamp\www\wisdom\App\Runtime\Cache\Home\bcd77696eb869a1f1d7c6b2b2cd529ff.php 第 677 行.
NOTIC: [8] Undefined variable: reModi D:\wamp\www\wisdom\App\Runtime\Cache\Home\bcd77696eb869a1f1d7c6b2b2cd529ff.php 第 691 行.
NOTIC: [8] Undefined variable: reModi D:\wamp\www\wisdom\App\Runtime\Cache\Home\bcd77696eb869a1f1d7c6b2b2cd529ff.php 第 745 行.
NOTIC: [8] Undefined variable: reModi D:\wamp\www\wisdom\App\Runtime\Cache\Home\bcd77696eb869a1f1d7c6b2b2cd529ff.php 第 805 行.
NOTIC: [8] Undefined variable: taskid D:\wamp\www\wisdom\App\Runtime\Cache\Home\bcd77696eb869a1f1d7c6b2b2cd529ff.php 第 890 行.
NOTIC: [8] Undefined variable: reModi D:\wamp\www\wisdom\App\Runtime\Cache\Home\bcd77696eb869a1f1d7c6b2b2cd529ff.php 第 912 行.
NOTIC: [8] Undefined variable: reModi D:\wamp\www\wisdom\App\Runtime\Cache\Home\bcd77696eb869a1f1d7c6b2b2cd529ff.php 第 924 行.
NOTIC: [8] Undefined variable: reModi D:\wamp\www\wisdom\App\Runtime\Cache\Home\bcd77696eb869a1f1d7c6b2b2cd529ff.php 第 938 行.
NOTIC: [8] Undefined variable: reModi D:\wamp\www\wisdom\App\Runtime\Cache\Home\bcd77696eb869a1f1d7c6b2b2cd529ff.php 第 952 行.
NOTIC: [8] Undefined variable: reModi D:\wamp\www\wisdom\App\Runtime\Cache\Home\bcd77696eb869a1f1d7c6b2b2cd529ff.php 第 956 行.
NOTIC: [8] Undefined variable: reModi D:\wamp\www\wisdom\App\Runtime\Cache\Home\bcd77696eb869a1f1d7c6b2b2cd529ff.php 第 957 行.
INFO: Run Behavior\ParseTemplateBehavior [ RunTime:0.092006s ]
INFO: [ view_parse ] --END-- [ RunTime:0.092006s ]
INFO: [ view_filter ] --START--
INFO: Run Behavior\WriteHtmlCacheBehavior [ RunTime:0.002000s ]
INFO: [ view_filter ] --END-- [ RunTime:0.002000s ]
INFO: [ app_end ] --START--
INFO: Run Behavior\ShowPageTraceBehavior [ RunTime:0.010000s ]
INFO: [ app_end ] --END-- [ RunTime:0.010000s ]

[ 2016-01-13T10:54:19+08:00 ] ::1 /wisdom/index.php/Home/Promotion/taskAdd.html
INFO: [ app_init ] --START--
INFO: Run Behavior\BuildLiteBehavior [ RunTime:0.000000s ]
INFO: [ app_init ] --END-- [ RunTime:0.001000s ]
INFO: [ app_begin ] --START--
INFO: Run Behavior\ReadHtmlCacheBehavior [ RunTime:0.002000s ]
INFO: [ app_begin ] --END-- [ RunTime:0.002000s ]
SQL: SHOW COLUMNS FROM `t_user_role` [ RunTime:0.0030s ]
SQL: SELECT * FROM `t_user_role` WHERE ( f_user_id=10862 ) LIMIT 1   [ RunTime:0.0020s ]
SQL: SHOW COLUMNS FROM `t_role` [ RunTime:0.0030s ]
SQL: SELECT * FROM `t_role` WHERE ( f_id=112 ) LIMIT 1   [ RunTime:0.0030s ]
NOTIC: [8] Undefined variable: headLogo D:\wamp\www\wisdom\App\Home\Controller\CommonController.class.php 第 77 行.
NOTIC: [8] Undefined variable: imgurl D:\wamp\www\wisdom\App\Home\Controller\CommonController.class.php 第 61 行.
SQL: SHOW COLUMNS FROM `t_syscolumn` [ RunTime:0.0040s ]
SQL: SELECT * FROM `t_syscolumn` WHERE ( F_SYS_COLUMN_PID=0 and F_SYS_COLUMN_STATE=1 ) ORDER BY F_SYS_COLUMN_SORT  [ RunTime:0.0020s ]
SQL: SELECT * FROM `t_syscolumn` WHERE ( F_SYS_COLUMN_PID=3 and F_SYS_COLUMN_STATE=1 ) ORDER BY F_SYS_COLUMN_SORT  [ RunTime:0.0020s ]
SQL: SELECT * FROM `t_syscolumn`  [ RunTime:0.0030s ]
INFO: [ view_parse ] --START--
INFO: [ template_filter ] --START--
INFO: Run Behavior\ContentReplaceBehavior [ RunTime:0.001000s ]
INFO: [ template_filter ] --END-- [ RunTime:0.001000s ]
NOTIC: [8] Undefined variable: reModi D:\wamp\www\wisdom\App\Runtime\Cache\Home\bcd77696eb869a1f1d7c6b2b2cd529ff.php 第 285 行.
NOTIC: [8] Undefined variable: reModi D:\wamp\www\wisdom\App\Runtime\Cache\Home\bcd77696eb869a1f1d7c6b2b2cd529ff.php 第 289 行.
NOTIC: [8] Undefined variable: reModi D:\wamp\www\wisdom\App\Runtime\Cache\Home\bcd77696eb869a1f1d7c6b2b2cd529ff.php 第 291 行.
NOTIC: [8] Undefined variable: reModi D:\wamp\www\wisdom\App\Runtime\Cache\Home\bcd77696eb869a1f1d7c6b2b2cd529ff.php 第 310 行.
NOTIC: [8] Undefined variable: reModi D:\wamp\www\wisdom\App\Runtime\Cache\Home\bcd77696eb869a1f1d7c6b2b2cd529ff.php 第 315 行.
NOTIC: [8] Undefined variable: reModi D:\wamp\www\wisdom\App\Runtime\Cache\Home\bcd77696eb869a1f1d7c6b2b2cd529ff.php 第 317 行.
NOTIC: [8] Undefined variable: reModi D:\wamp\www\wisdom\App\Runtime\Cache\Home\bcd77696eb869a1f1d7c6b2b2cd529ff.php 第 321 行.
NOTIC: [8] Undefined variable: reModi D:\wamp\www\wisdom\App\Runtime\Cache\Home\bcd77696eb869a1f1d7c6b2b2cd529ff.php 第 331 行.
NOTIC: [8] Undefined variable: reModi D:\wamp\www\wisdom\App\Runtime\Cache\Home\bcd77696eb869a1f1d7c6b2b2cd529ff.php 第 336 行.
NOTIC: [8] Undefined variable: reModi D:\wamp\www\wisdom\App\Runtime\Cache\Home\bcd77696eb869a1f1d7c6b2b2cd529ff.php 第 340 行.
NOTIC: [8] Undefined variable: reModi D:\wamp\www\wisdom\App\Runtime\Cache\Home\bcd77696eb869a1f1d7c6b2b2cd529ff.php 第 416 行.
NOTIC: [8] Undefined variable: reModi D:\wamp\www\wisdom\App\Runtime\Cache\Home\bcd77696eb869a1f1d7c6b2b2cd529ff.php 第 419 行.
NOTIC: [8] Undefined variable: reModi D:\wamp\www\wisdom\App\Runtime\Cache\Home\bcd77696eb869a1f1d7c6b2b2cd529ff.php 第 421 行.
NOTIC: [8] Undefined variable: reModi D:\wamp\www\wisdom\App\Runtime\Cache\Home\bcd77696eb869a1f1d7c6b2b2cd529ff.php 第 437 行.
NOTIC: [8] Undefined variable: reModi D:\wamp\www\wisdom\App\Runtime\Cache\Home\bcd77696eb869a1f1d7c6b2b2cd529ff.php 第 442 行.
NOTIC: [8] Undefined variable: reModi D:\wamp\www\wisdom\App\Runtime\Cache\Home\bcd77696eb869a1f1d7c6b2b2cd529ff.php 第 444 行.
NOTIC: [8] Undefined variable: reModi D:\wamp\www\wisdom\App\Runtime\Cache\Home\bcd77696eb869a1f1d7c6b2b2cd529ff.php 第 448 行.
NOTIC: [8] Undefined variable: reModi D:\wamp\www\wisdom\App\Runtime\Cache\Home\bcd77696eb869a1f1d7c6b2b2cd529ff.php 第 472 行.
NOTIC: [8] Undefined variable: reModi D:\wamp\www\wisdom\App\Runtime\Cache\Home\bcd77696eb869a1f1d7c6b2b2cd529ff.php 第 478 行.
NOTIC: [8] Undefined variable: reModi D:\wamp\www\wisdom\App\Runtime\Cache\Home\bcd77696eb869a1f1d7c6b2b2cd529ff.php 第 527 行.
NOTIC: [8] Undefined variable: reModi D:\wamp\www\wisdom\App\Runtime\Cache\Home\bcd77696eb869a1f1d7c6b2b2cd529ff.php 第 528 行.
NOTIC: [8] Undefined variable: reModi D:\wamp\www\wisdom\App\Runtime\Cache\Home\bcd77696eb869a1f1d7c6b2b2cd529ff.php 第 529 行.
NOTIC: [8] Undefined variable: reModi D:\wamp\www\wisdom\App\Runtime\Cache\Home\bcd77696eb869a1f1d7c6b2b2cd529ff.php 第 542 行.
NOTIC: [8] Use of undefined constant one - assumed 'one' D:\wamp\www\wisdom\App\Runtime\Cache\Home\bcd77696eb869a1f1d7c6b2b2cd529ff.php 第 622 行.
NOTIC: [8] Use of undefined constant f_fileid - assumed 'f_fileid' D:\wamp\www\wisdom\App\Runtime\Cache\Home\bcd77696eb869a1f1d7c6b2b2cd529ff.php 第 622 行.
NOTIC: [8] Undefined variable: reModi D:\wamp\www\wisdom\App\Runtime\Cache\Home\bcd77696eb869a1f1d7c6b2b2cd529ff.php 第 622 行.
NOTIC: [8] Undefined variable: reModi D:\wamp\www\wisdom\App\Runtime\Cache\Home\bcd77696eb869a1f1d7c6b2b2cd529ff.php 第 625 行.
NOTIC: [8] Undefined variable: reModi D:\wamp\www\wisdom\App\Runtime\Cache\Home\bcd77696eb869a1f1d7c6b2b2cd529ff.php 第 627 行.
NOTIC: [8] Undefined variable: reModi D:\wamp\www\wisdom\App\Runtime\Cache\Home\bcd77696eb869a1f1d7c6b2b2cd529ff.php 第 640 行.
NOTIC: [8] Undefined variable: reModi D:\wamp\www\wisdom\App\Runtime\Cache\Home\bcd77696eb869a1f1d7c6b2b2cd529ff.php 第 645 行.
NOTIC: [8] Undefined variable: reModi D:\wamp\www\wisdom\App\Runtime\Cache\Home\bcd77696eb869a1f1d7c6b2b2cd529ff.php 第 647 行.
NOTIC: [8] Undefined variable: reModi D:\wamp\www\wisdom\App\Runtime\Cache\Home\bcd77696eb869a1f1d7c6b2b2cd529ff.php 第 652 行.
NOTIC: [8] Undefined variable: reModi D:\wamp\www\wisdom\App\Runtime\Cache\Home\bcd77696eb869a1f1d7c6b2b2cd529ff.php 第 663 行.
NOTIC: [8] Undefined variable: taskid D:\wamp\www\wisdom\App\Runtime\Cache\Home\bcd77696eb869a1f1d7c6b2b2cd529ff.php 第 677 行.
NOTIC: [8] Undefined variable: reModi D:\wamp\www\wisdom\App\Runtime\Cache\Home\bcd77696eb869a1f1d7c6b2b2cd529ff.php 第 691 行.
NOTIC: [8] Undefined variable: reModi D:\wamp\www\wisdom\App\Runtime\Cache\Home\bcd77696eb869a1f1d7c6b2b2cd529ff.php 第 745 行.
NOTIC: [8] Undefined variable: reModi D:\wamp\www\wisdom\App\Runtime\Cache\Home\bcd77696eb869a1f1d7c6b2b2cd529ff.php 第 805 行.
NOTIC: [8] Undefined variable: taskid D:\wamp\www\wisdom\App\Runtime\Cache\Home\bcd77696eb869a1f1d7c6b2b2cd529ff.php 第 890 行.
NOTIC: [8] Undefined variable: reModi D:\wamp\www\wisdom\App\Runtime\Cache\Home\bcd77696eb869a1f1d7c6b2b2cd529ff.php 第 912 行.
NOTIC: [8] Undefined variable: reModi D:\wamp\www\wisdom\App\Runtime\Cache\Home\bcd77696eb869a1f1d7c6b2b2cd529ff.php 第 924 行.
NOTIC: [8] Undefined variable: reModi D:\wamp\www\wisdom\App\Runtime\Cache\Home\bcd77696eb869a1f1d7c6b2b2cd529ff.php 第 938 行.
NOTIC: [8] Undefined variable: reModi D:\wamp\www\wisdom\App\Runtime\Cache\Home\bcd77696eb869a1f1d7c6b2b2cd529ff.php 第 952 行.
NOTIC: [8] Undefined variable: reModi D:\wamp\www\wisdom\App\Runtime\Cache\Home\bcd77696eb869a1f1d7c6b2b2cd529ff.php 第 956 行.
NOTIC: [8] Undefined variable: reModi D:\wamp\www\wisdom\App\Runtime\Cache\Home\bcd77696eb869a1f1d7c6b2b2cd529ff.php 第 957 行.
INFO: Run Behavior\ParseTemplateBehavior [ RunTime:0.083005s ]
INFO: [ view_parse ] --END-- [ RunTime:0.083005s ]
INFO: [ view_filter ] --START--
INFO: Run Behavior\WriteHtmlCacheBehavior [ RunTime:0.003000s ]
INFO: [ view_filter ] --END-- [ RunTime:0.003000s ]
INFO: [ app_end ] --START--
INFO: Run Behavior\ShowPageTraceBehavior [ RunTime:0.002000s ]
INFO: [ app_end ] --END-- [ RunTime:0.002000s ]

[ 2016-01-13T10:54:50+08:00 ] ::1 /wisdom/index.php/Home/Business/task
INFO: [ app_init ] --START--
INFO: Run Behavior\BuildLiteBehavior [ RunTime:0.000000s ]
INFO: [ app_init ] --END-- [ RunTime:0.001001s ]
INFO: [ app_begin ] --START--
INFO: Run Behavior\ReadHtmlCacheBehavior [ RunTime:0.002000s ]
INFO: [ app_begin ] --END-- [ RunTime:0.002000s ]
SQL: SHOW COLUMNS FROM `t_user_role` [ RunTime:0.0020s ]
SQL: SELECT * FROM `t_user_role` WHERE ( f_user_id=10862 ) LIMIT 1   [ RunTime:0.0020s ]
SQL: SHOW COLUMNS FROM `t_role` [ RunTime:0.0030s ]
SQL: SELECT * FROM `t_role` WHERE ( f_id=112 ) LIMIT 1   [ RunTime:0.0020s ]
NOTIC: [8] Undefined variable: headLogo D:\wamp\www\wisdom\App\Home\Controller\CommonController.class.php 第 77 行.
NOTIC: [8] Undefined variable: imgurl D:\wamp\www\wisdom\App\Home\Controller\CommonController.class.php 第 61 行.
SQL: SHOW COLUMNS FROM `t_syscolumn` [ RunTime:0.0040s ]
SQL: SELECT * FROM `t_syscolumn` WHERE ( F_SYS_COLUMN_PID=0 and F_SYS_COLUMN_STATE=1 ) ORDER BY F_SYS_COLUMN_SORT  [ RunTime:0.0030s ]
SQL: SELECT * FROM `t_syscolumn` WHERE ( F_SYS_COLUMN_PID=2 and F_SYS_COLUMN_STATE=1 ) ORDER BY F_SYS_COLUMN_SORT  [ RunTime:0.0020s ]
SQL: SELECT * FROM `t_syscolumn`  [ RunTime:0.0050s ]
INFO: [ view_parse ] --START--
INFO: [ template_filter ] --START--
INFO: Run Behavior\ContentReplaceBehavior [ RunTime:0.000000s ]
INFO: [ template_filter ] --END-- [ RunTime:0.001000s ]
INFO: Run Behavior\ParseTemplateBehavior [ RunTime:0.051003s ]
INFO: [ view_parse ] --END-- [ RunTime:0.051003s ]
INFO: [ view_filter ] --START--
INFO: Run Behavior\WriteHtmlCacheBehavior [ RunTime:0.003000s ]
INFO: [ view_filter ] --END-- [ RunTime:0.003000s ]
INFO: [ app_end ] --START--
INFO: Run Behavior\ShowPageTraceBehavior [ RunTime:0.003000s ]
INFO: [ app_end ] --END-- [ RunTime:0.003000s ]

[ 2016-01-13T10:54:56+08:00 ] ::1 /wisdom/index.php/Home/Business/taskAdd?taskid=717&tasktypeid=3
INFO: [ app_init ] --START--
INFO: Run Behavior\BuildLiteBehavior [ RunTime:0.000000s ]
INFO: [ app_init ] --END-- [ RunTime:0.001000s ]
INFO: [ app_begin ] --START--
INFO: Run Behavior\ReadHtmlCacheBehavior [ RunTime:0.003000s ]
INFO: [ app_begin ] --END-- [ RunTime:0.003000s ]
SQL: SHOW COLUMNS FROM `t_user_role` [ RunTime:0.0060s ]
SQL: SELECT * FROM `t_user_role` WHERE ( f_user_id=10862 ) LIMIT 1   [ RunTime:0.0020s ]
SQL: SHOW COLUMNS FROM `t_role` [ RunTime:0.0030s ]
SQL: SELECT * FROM `t_role` WHERE ( f_id=112 ) LIMIT 1   [ RunTime:0.0020s ]
NOTIC: [8] Undefined variable: headLogo D:\wamp\www\wisdom\App\Home\Controller\CommonController.class.php 第 77 行.
NOTIC: [8] Undefined variable: imgurl D:\wamp\www\wisdom\App\Home\Controller\CommonController.class.php 第 61 行.
SQL: SHOW COLUMNS FROM `t_syscolumn` [ RunTime:0.0040s ]
SQL: SELECT * FROM `t_syscolumn` WHERE ( F_SYS_COLUMN_PID=0 and F_SYS_COLUMN_STATE=1 ) ORDER BY F_SYS_COLUMN_SORT  [ RunTime:0.0020s ]
SQL: SELECT * FROM `t_syscolumn` WHERE ( F_SYS_COLUMN_PID=2 and F_SYS_COLUMN_STATE=1 ) ORDER BY F_SYS_COLUMN_SORT  [ RunTime:0.0040s ]
SQL: SELECT * FROM `t_syscolumn`  [ RunTime:0.0040s ]
SQL: SHOW COLUMNS FROM `t_taskmtareaqty` [ RunTime:0.0030s ]
SQL: SELECT SUM(f_qty) AS tp_sum FROM `t_taskmtareaqty` WHERE ( f_taskid=717 ) LIMIT 1   [ RunTime:0.0020s ]
SQL: SHOW COLUMNS FROM `t_task` [ RunTime:0.0030s ]
SQL: SELECT * FROM `t_task` WHERE ( f_tid=717 ) LIMIT 1   [ RunTime:0.0030s ]
SQL: SHOW COLUMNS FROM `t_files` [ RunTime:0.0030s ]
SQL: SELECT * FROM `t_files` WHERE ( f_id=0 ) LIMIT 1   [ RunTime:0.0020s ]
SQL: SELECT * FROM `t_files` WHERE ( f_id=0 ) LIMIT 1   [ RunTime:0.0020s ]
NOTIC: [8192] Function ereg_replace() is deprecated D:\wamp\www\wisdom\App\Api\Controller\WebController.class.php 第 903 行.
NOTIC: [8192] Function ereg_replace() is deprecated D:\wamp\www\wisdom\App\Api\Controller\WebController.class.php 第 904 行.
NOTIC: [8192] Function ereg_replace() is deprecated D:\wamp\www\wisdom\App\Api\Controller\WebController.class.php 第 905 行.
NOTIC: [8192] Function ereg_replace() is deprecated D:\wamp\www\wisdom\App\Api\Controller\WebController.class.php 第 906 行.
SQL: SHOW COLUMNS FROM `t_taskmtbaseinfo` [ RunTime:0.0040s ]
SQL: SELECT * FROM `t_taskmtbaseinfo` WHERE ( f_taskid=717 ) LIMIT 1   [ RunTime:0.0040s ]
SQL: SHOW COLUMNS FROM `t_tradetype` [ RunTime:0.0030s ]
SQL: SELECT * FROM `t_tradetype` WHERE `f_tradeID` = 0 LIMIT 1   [ RunTime:0.0030s ]
SQL: SELECT * FROM `t_taskmtareaqty` WHERE ( f_taskid=717 ) LIMIT 1   [ RunTime:0.0020s ]
SQL: SHOW COLUMNS FROM `t_taskmtgoodsdetail` [ RunTime:0.0030s ]
SQL: SELECT * FROM `t_taskmtgoodsdetail` WHERE ( f_taskid=717 ) LIMIT 1   [ RunTime:0.0030s ]
SQL: SHOW COLUMNS FROM `t_taskmtdetailedinfo` [ RunTime:0.0060s ]
SQL: SELECT * FROM `t_taskmtdetailedinfo` WHERE ( f_taskid=717 ) LIMIT 1   [ RunTime:0.0030s ]
NOTIC: [8192] Function ereg_replace() is deprecated D:\wamp\www\wisdom\App\Api\Controller\WebController.class.php 第 961 行.
NOTIC: [8192] Function ereg_replace() is deprecated D:\wamp\www\wisdom\App\Api\Controller\WebController.class.php 第 962 行.
NOTIC: [8192] Function ereg_replace() is deprecated D:\wamp\www\wisdom\App\Api\Controller\WebController.class.php 第 963 行.
NOTIC: [8192] Function ereg_replace() is deprecated D:\wamp\www\wisdom\App\Api\Controller\WebController.class.php 第 964 行.
SQL: SHOW COLUMNS FROM `t_taskmtattach` [ RunTime:0.0030s ]
SQL: SELECT * FROM `t_taskmtattach` WHERE ( f_taskid=717 ) LIMIT 1   [ RunTime:0.0030s ]
SQL: SELECT * FROM `t_tradetype` WHERE ( f_parentID=0 )  [ RunTime:0.0030s ]
SQL: SELECT * FROM `t_tradetype` WHERE ( f_parentID=1 )  [ RunTime:0.0020s ]
SQL: SELECT * FROM `t_tradetype` WHERE ( f_parentID=3 )  [ RunTime:0.0030s ]
SQL: SELECT * FROM `t_tradetype` WHERE ( f_parentID=14 )  [ RunTime:0.0020s ]
SQL: SELECT * FROM `t_tradetype` WHERE ( f_parentID=15 )  [ RunTime:0.0020s ]
SQL: SELECT * FROM `t_tradetype` WHERE ( f_parentID=16 )  [ RunTime:0.0020s ]
SQL: SELECT * FROM `t_tradetype` WHERE ( f_parentID=17 )  [ RunTime:0.0020s ]
SQL: SELECT * FROM `t_tradetype` WHERE ( f_parentID=19 )  [ RunTime:0.0020s ]
SQL: SELECT * FROM `t_taskmtattach` WHERE `f_taskid` = 717 LIMIT 1   [ RunTime:0.0020s ]
INFO: [ view_parse ] --START--
INFO: [ template_filter ] --START--
INFO: Run Behavior\ContentReplaceBehavior [ RunTime:0.001000s ]
INFO: [ template_filter ] --END-- [ RunTime:0.001000s ]
NOTIC: [8] Use of undefined constant f_tradeid - assumed 'f_tradeid' D:\wamp\www\wisdom\App\Runtime\Cache\Home\1aefbfb5a367d4ed8e3c326b05d05342.php 第 337 行.
NOTIC: [8] Use of undefined constant f_tradeid - assumed 'f_tradeid' D:\wamp\www\wisdom\App\Runtime\Cache\Home\1aefbfb5a367d4ed8e3c326b05d05342.php 第 337 行.
NOTIC: [8] Use of undefined constant f_tradename - assumed 'f_tradename' D:\wamp\www\wisdom\App\Runtime\Cache\Home\1aefbfb5a367d4ed8e3c326b05d05342.php 第 337 行.
NOTIC: [8] Use of undefined constant f_tradeid - assumed 'f_tradeid' D:\wamp\www\wisdom\App\Runtime\Cache\Home\1aefbfb5a367d4ed8e3c326b05d05342.php 第 337 行.
NOTIC: [8] Use of undefined constant f_tradeid - assumed 'f_tradeid' D:\wamp\www\wisdom\App\Runtime\Cache\Home\1aefbfb5a367d4ed8e3c326b05d05342.php 第 337 行.
NOTIC: [8] Use of undefined constant f_tradename - assumed 'f_tradename' D:\wamp\www\wisdom\App\Runtime\Cache\Home\1aefbfb5a367d4ed8e3c326b05d05342.php 第 337 行.
NOTIC: [8] Use of undefined constant f_tradeid - assumed 'f_tradeid' D:\wamp\www\wisdom\App\Runtime\Cache\Home\1aefbfb5a367d4ed8e3c326b05d05342.php 第 337 行.
NOTIC: [8] Use of undefined constant f_tradeid - assumed 'f_tradeid' D:\wamp\www\wisdom\App\Runtime\Cache\Home\1aefbfb5a367d4ed8e3c326b05d05342.php 第 337 行.
NOTIC: [8] Use of undefined constant f_tradename - assumed 'f_tradename' D:\wamp\www\wisdom\App\Runtime\Cache\Home\1aefbfb5a367d4ed8e3c326b05d05342.php 第 337 行.
NOTIC: [8] Use of undefined constant f_tradeid - assumed 'f_tradeid' D:\wamp\www\wisdom\App\Runtime\Cache\Home\1aefbfb5a367d4ed8e3c326b05d05342.php 第 337 行.
NOTIC: [8] Use of undefined constant f_tradeid - assumed 'f_tradeid' D:\wamp\www\wisdom\App\Runtime\Cache\Home\1aefbfb5a367d4ed8e3c326b05d05342.php 第 337 行.
NOTIC: [8] Use of undefined constant f_tradename - assumed 'f_tradename' D:\wamp\www\wisdom\App\Runtime\Cache\Home\1aefbfb5a367d4ed8e3c326b05d05342.php 第 337 行.
NOTIC: [8] Use of undefined constant f_tradeid - assumed 'f_tradeid' D:\wamp\www\wisdom\App\Runtime\Cache\Home\1aefbfb5a367d4ed8e3c326b05d05342.php 第 337 行.
NOTIC: [8] Use of undefined constant f_tradeid - assumed 'f_tradeid' D:\wamp\www\wisdom\App\Runtime\Cache\Home\1aefbfb5a367d4ed8e3c326b05d05342.php 第 337 行.
NOTIC: [8] Use of undefined constant f_tradename - assumed 'f_tradename' D:\wamp\www\wisdom\App\Runtime\Cache\Home\1aefbfb5a367d4ed8e3c326b05d05342.php 第 337 行.
NOTIC: [8] Use of undefined constant f_tradeid - assumed 'f_tradeid' D:\wamp\www\wisdom\App\Runtime\Cache\Home\1aefbfb5a367d4ed8e3c326b05d05342.php 第 337 行.
NOTIC: [8] Use of undefined constant f_tradeid - assumed 'f_tradeid' D:\wamp\www\wisdom\App\Runtime\Cache\Home\1aefbfb5a367d4ed8e3c326b05d05342.php 第 337 行.
NOTIC: [8] Use of undefined constant f_tradename - assumed 'f_tradename' D:\wamp\www\wisdom\App\Runtime\Cache\Home\1aefbfb5a367d4ed8e3c326b05d05342.php 第 337 行.
NOTIC: [8] Use of undefined constant f_tradeid - assumed 'f_tradeid' D:\wamp\www\wisdom\App\Runtime\Cache\Home\1aefbfb5a367d4ed8e3c326b05d05342.php 第 337 行.
NOTIC: [8] Use of undefined constant f_tradeid - assumed 'f_tradeid' D:\wamp\www\wisdom\App\Runtime\Cache\Home\1aefbfb5a367d4ed8e3c326b05d05342.php 第 337 行.
NOTIC: [8] Use of undefined constant f_tradename - assumed 'f_tradename' D:\wamp\www\wisdom\App\Runtime\Cache\Home\1aefbfb5a367d4ed8e3c326b05d05342.php 第 337 行.
NOTIC: [8] Undefined variable: supervisonUser D:\wamp\www\wisdom\App\Runtime\Cache\Home\1aefbfb5a367d4ed8e3c326b05d05342.php 第 725 行.
INFO: Run Behavior\ParseTemplateBehavior [ RunTime:0.108006s ]
INFO: [ view_parse ] --END-- [ RunTime:0.108006s ]
INFO: [ view_filter ] --START--
INFO: Run Behavior\WriteHtmlCacheBehavior [ RunTime:0.002000s ]
INFO: [ view_filter ] --END-- [ RunTime:0.002000s ]
INFO: [ app_end ] --START--
INFO: Run Behavior\ShowPageTraceBehavior [ RunTime:0.004000s ]
INFO: [ app_end ] --END-- [ RunTime:0.004000s ]

