[ 2015-12-18T15:45:14+08:00 ] ::1 /wisdom/index.php/Mobileweb/Index/index
INFO: [ app_init ] --START--
INFO: Run Behavior\BuildLiteBehavior [ RunTime:0.000000s ]
INFO: [ app_init ] --END-- [ RunTime:0.008000s ]
INFO: [ app_begin ] --START--
INFO: Run Behavior\ReadHtmlCacheBehavior [ RunTime:0.004001s ]
INFO: [ app_begin ] --END-- [ RunTime:0.005001s ]
NOTIC: [8] Undefined index: taskid D:\wamp\www\wisdom\App\Mobileweb\Controller\IndexController.class.php 第 87 行.
SQL: SHOW COLUMNS FROM `t_task` [ RunTime:0.0110s ]
NOTIC: [8] Undefined index: type_label D:\wamp\www\wisdom\App\Mobileweb\Controller\IndexController.class.php 第 89 行.
NOTIC: [8] Undefined index: type_label D:\wamp\www\wisdom\App\Mobileweb\Controller\IndexController.class.php 第 93 行.
NOTIC: [8] Undefined index: type_label D:\wamp\www\wisdom\App\Mobileweb\Controller\IndexController.class.php 第 96 行.
NOTIC: [8] Undefined variable: f D:\wamp\www\wisdom\App\Mobileweb\Controller\IndexController.class.php 第 100 行.
NOTIC: [8] Undefined variable: j D:\wamp\www\wisdom\App\Mobileweb\Controller\IndexController.class.php 第 100 行.
SQL: SELECT * FROM `t_task` WHERE `f_tid` = null LIMIT 1   [ RunTime:0.0030s ]
NOTIC: [8] Undefined index: type_label D:\wamp\www\wisdom\App\Mobileweb\Controller\IndexController.class.php 第 103 行.
NOTIC: [8] Undefined index: type_label D:\wamp\www\wisdom\App\Mobileweb\Controller\IndexController.class.php 第 105 行.
INFO: [ view_parse ] --START--
INFO: [ template_filter ] --START--
INFO: Run Behavior\ContentReplaceBehavior [ RunTime:0.000000s ]
INFO: [ template_filter ] --END-- [ RunTime:0.000000s ]
INFO: Run Behavior\ParseTemplateBehavior [ RunTime:0.043002s ]
INFO: [ view_parse ] --END-- [ RunTime:0.044002s ]
INFO: [ view_filter ] --START--
INFO: Run Behavior\WriteHtmlCacheBehavior [ RunTime:0.001000s ]
INFO: [ view_filter ] --END-- [ RunTime:0.002000s ]
INFO: [ app_end ] --START--
INFO: Run Behavior\ShowPageTraceBehavior [ RunTime:0.003000s ]
INFO: [ app_end ] --END-- [ RunTime:0.004000s ]

[ 2015-12-18T15:45:23+08:00 ] ::1 /wisdom/index.php/Mobileweb/Index/index
INFO: [ app_init ] --START--
INFO: Run Behavior\BuildLiteBehavior [ RunTime:0.001000s ]
INFO: [ app_init ] --END-- [ RunTime:0.002000s ]
INFO: [ app_begin ] --START--
INFO: Run Behavior\ReadHtmlCacheBehavior [ RunTime:0.008000s ]
INFO: [ app_begin ] --END-- [ RunTime:0.008000s ]
NOTIC: [8] Undefined index: taskid D:\wamp\www\wisdom\App\Mobileweb\Controller\IndexController.class.php 第 87 行.
SQL: SHOW COLUMNS FROM `t_task` [ RunTime:0.0050s ]
NOTIC: [8] Undefined index: type_label D:\wamp\www\wisdom\App\Mobileweb\Controller\IndexController.class.php 第 89 行.
NOTIC: [8] Undefined index: type_label D:\wamp\www\wisdom\App\Mobileweb\Controller\IndexController.class.php 第 93 行.
NOTIC: [8] Undefined index: type_label D:\wamp\www\wisdom\App\Mobileweb\Controller\IndexController.class.php 第 96 行.
NOTIC: [8] Undefined variable: f D:\wamp\www\wisdom\App\Mobileweb\Controller\IndexController.class.php 第 100 行.
NOTIC: [8] Undefined variable: j D:\wamp\www\wisdom\App\Mobileweb\Controller\IndexController.class.php 第 100 行.
SQL: SELECT * FROM `t_task` WHERE `f_tid` = null LIMIT 1   [ RunTime:0.0040s ]
NOTIC: [8] Undefined index: type_label D:\wamp\www\wisdom\App\Mobileweb\Controller\IndexController.class.php 第 103 行.
NOTIC: [8] Undefined index: type_label D:\wamp\www\wisdom\App\Mobileweb\Controller\IndexController.class.php 第 105 行.
INFO: [ view_parse ] --START--
INFO: [ template_filter ] --START--
INFO: Run Behavior\ContentReplaceBehavior [ RunTime:0.001000s ]
INFO: [ template_filter ] --END-- [ RunTime:0.001000s ]
INFO: Run Behavior\ParseTemplateBehavior [ RunTime:0.028002s ]
INFO: [ view_parse ] --END-- [ RunTime:0.028002s ]
INFO: [ view_filter ] --START--
INFO: Run Behavior\WriteHtmlCacheBehavior [ RunTime:0.004000s ]
INFO: [ view_filter ] --END-- [ RunTime:0.004000s ]
INFO: [ app_end ] --START--
INFO: Run Behavior\ShowPageTraceBehavior [ RunTime:0.002000s ]
INFO: [ app_end ] --END-- [ RunTime:0.002000s ]

[ 2015-12-18T15:46:07+08:00 ] ::1 /wisdom/index.php/Mobileweb/Index/index?type_label=business&task_id=60
INFO: [ app_init ] --START--
INFO: Run Behavior\BuildLiteBehavior [ RunTime:0.000000s ]
INFO: [ app_init ] --END-- [ RunTime:0.003001s ]
INFO: [ app_begin ] --START--
INFO: Run Behavior\ReadHtmlCacheBehavior [ RunTime:0.002000s ]
INFO: [ app_begin ] --END-- [ RunTime:0.002000s ]
NOTIC: [8] Undefined index: taskid D:\wamp\www\wisdom\App\Mobileweb\Controller\IndexController.class.php 第 87 行.
SQL: SHOW COLUMNS FROM `t_task` [ RunTime:0.0100s ]
SQL: SELECT `f_tid`,`f_title`,`f_tasktypeid`,`f_mtbrand`,`f_mtgoods`,t_taskmtbaseinfo.f_tradeid,`f_unitfirstAmount`,`f_unitcashdeposit`,`f_unitfranchisefee`,`f_unitotheramount`,`f_unittotalamount`,`f_unitcommission`,`f_unitpreownedgold`,`f_brandlocation`,`f_slogan`,`f_sellingpoint`,`f_targetgroup`,`f_pricelocation`,`f_competitor`,`f_competitiveedge`,`f_distributorsrequir`,`f_distributorsrate`,`f_retailoutlets`,`f_marketcost`,`f_logisticscost`,`f_channelpolicy`,t_taskmtdetailedinfo.f_note,t_taskmtdetailedinfo.f_product,`f_tradename`,`f_filename`,`f_filepath`,`f_enddate`,`f_filepath`,`f_filename` FROM `t_task` LEFT JOIN t_taskmtbaseinfo ON t_taskmtbaseinfo.f_taskid = t_task.f_tid LEFT JOIN t_taskmtdetailedinfo ON t_taskmtdetailedinfo.f_taskid = t_task.f_tid LEFT JOIN t_tradetype ON t_tradetype.f_tradeID = t_taskmtbaseinfo.f_tradeid LEFT JOIN t_files ON t_files.f_id = t_task.f_fileid  WHERE `f_tid` = null LIMIT 1   [ RunTime:0.0060s ]
INFO: [ view_parse ] --START--
INFO: [ template_filter ] --START--
INFO: Run Behavior\ContentReplaceBehavior [ RunTime:0.001000s ]
INFO: [ template_filter ] --END-- [ RunTime:0.001000s ]
INFO: Run Behavior\ParseTemplateBehavior [ RunTime:0.037002s ]
INFO: [ view_parse ] --END-- [ RunTime:0.037002s ]
INFO: [ view_filter ] --START--
INFO: Run Behavior\WriteHtmlCacheBehavior [ RunTime:0.002000s ]
INFO: [ view_filter ] --END-- [ RunTime:0.002000s ]
INFO: [ app_end ] --START--
INFO: Run Behavior\ShowPageTraceBehavior [ RunTime:0.001000s ]
INFO: [ app_end ] --END-- [ RunTime:0.001000s ]

[ 2015-12-18T15:46:57+08:00 ] ::1 /wisdom/index.php/Mobileweb/Index/index?type_label=business&taskid=60
INFO: [ app_init ] --START--
INFO: Run Behavior\BuildLiteBehavior [ RunTime:0.000000s ]
INFO: [ app_init ] --END-- [ RunTime:0.001000s ]
INFO: [ app_begin ] --START--
INFO: Run Behavior\ReadHtmlCacheBehavior [ RunTime:0.001000s ]
INFO: [ app_begin ] --END-- [ RunTime:0.001000s ]
SQL: SHOW COLUMNS FROM `t_task` [ RunTime:0.0080s ]
SQL: SELECT `f_tid`,`f_title`,`f_tasktypeid`,`f_mtbrand`,`f_mtgoods`,t_taskmtbaseinfo.f_tradeid,`f_unitfirstAmount`,`f_unitcashdeposit`,`f_unitfranchisefee`,`f_unitotheramount`,`f_unittotalamount`,`f_unitcommission`,`f_unitpreownedgold`,`f_brandlocation`,`f_slogan`,`f_sellingpoint`,`f_targetgroup`,`f_pricelocation`,`f_competitor`,`f_competitiveedge`,`f_distributorsrequir`,`f_distributorsrate`,`f_retailoutlets`,`f_marketcost`,`f_logisticscost`,`f_channelpolicy`,t_taskmtdetailedinfo.f_note,t_taskmtdetailedinfo.f_product,`f_tradename`,`f_filename`,`f_filepath`,`f_enddate`,`f_filepath`,`f_filename` FROM `t_task` LEFT JOIN t_taskmtbaseinfo ON t_taskmtbaseinfo.f_taskid = t_task.f_tid LEFT JOIN t_taskmtdetailedinfo ON t_taskmtdetailedinfo.f_taskid = t_task.f_tid LEFT JOIN t_tradetype ON t_tradetype.f_tradeID = t_taskmtbaseinfo.f_tradeid LEFT JOIN t_files ON t_files.f_id = t_task.f_fileid  WHERE `f_tid` = '60' LIMIT 1   [ RunTime:0.0130s ]
INFO: [ view_parse ] --START--
INFO: [ template_filter ] --START--
INFO: Run Behavior\ContentReplaceBehavior [ RunTime:0.001000s ]
INFO: [ template_filter ] --END-- [ RunTime:0.001000s ]
INFO: Run Behavior\ParseTemplateBehavior [ RunTime:0.046002s ]
INFO: [ view_parse ] --END-- [ RunTime:0.046002s ]
INFO: [ view_filter ] --START--
INFO: Run Behavior\WriteHtmlCacheBehavior [ RunTime:0.002000s ]
INFO: [ view_filter ] --END-- [ RunTime:0.002000s ]
INFO: [ app_end ] --START--
INFO: Run Behavior\ShowPageTraceBehavior [ RunTime:0.002000s ]
INFO: [ app_end ] --END-- [ RunTime:0.002000s ]

[ 2015-12-18T15:47:09+08:00 ] ::1 /wisdom/index.php/Mobileweb/Index/index?type_label=business&taskid=60
INFO: [ app_init ] --START--
INFO: Run Behavior\BuildLiteBehavior [ RunTime:0.000000s ]
INFO: [ app_init ] --END-- [ RunTime:0.002000s ]
INFO: [ app_begin ] --START--
INFO: Run Behavior\ReadHtmlCacheBehavior [ RunTime:0.004000s ]
INFO: [ app_begin ] --END-- [ RunTime:0.004000s ]
SQL: SHOW COLUMNS FROM `t_task` [ RunTime:0.0040s ]
SQL: SELECT `f_tid`,`f_title`,`f_tasktypeid`,`f_mtbrand`,`f_mtgoods`,t_taskmtbaseinfo.f_tradeid,`f_unitfirstAmount`,`f_unitcashdeposit`,`f_unitfranchisefee`,`f_unitotheramount`,`f_unittotalamount`,`f_unitcommission`,`f_unitpreownedgold`,`f_brandlocation`,`f_slogan`,`f_sellingpoint`,`f_targetgroup`,`f_pricelocation`,`f_competitor`,`f_competitiveedge`,`f_distributorsrequir`,`f_distributorsrate`,`f_retailoutlets`,`f_marketcost`,`f_logisticscost`,`f_channelpolicy`,t_taskmtdetailedinfo.f_note,t_taskmtdetailedinfo.f_product,`f_tradename`,`f_filename`,`f_filepath`,`f_enddate`,`f_filepath`,`f_filename` FROM `t_task` LEFT JOIN t_taskmtbaseinfo ON t_taskmtbaseinfo.f_taskid = t_task.f_tid LEFT JOIN t_taskmtdetailedinfo ON t_taskmtdetailedinfo.f_taskid = t_task.f_tid LEFT JOIN t_tradetype ON t_tradetype.f_tradeID = t_taskmtbaseinfo.f_tradeid LEFT JOIN t_files ON t_files.f_id = t_task.f_fileid  WHERE `f_tid` = '60' LIMIT 1   [ RunTime:0.0040s ]
INFO: [ view_parse ] --START--
INFO: [ template_filter ] --START--
INFO: Run Behavior\ContentReplaceBehavior [ RunTime:0.000000s ]
INFO: [ template_filter ] --END-- [ RunTime:0.000000s ]
INFO: Run Behavior\ParseTemplateBehavior [ RunTime:0.023001s ]
INFO: [ view_parse ] --END-- [ RunTime:0.024001s ]
INFO: [ view_filter ] --START--
INFO: Run Behavior\WriteHtmlCacheBehavior [ RunTime:0.001000s ]
INFO: [ view_filter ] --END-- [ RunTime:0.001000s ]
INFO: [ app_end ] --START--
INFO: Run Behavior\ShowPageTraceBehavior [ RunTime:0.001000s ]
INFO: [ app_end ] --END-- [ RunTime:0.002000s ]

[ 2015-12-18T15:54:30+08:00 ] ::1 /wisdom/index.php/Mobileweb/Index/index?type_label=business&taskid=60
INFO: [ app_init ] --START--
INFO: Run Behavior\BuildLiteBehavior [ RunTime:0.000000s ]
INFO: [ app_init ] --END-- [ RunTime:0.006000s ]
INFO: [ app_begin ] --START--
INFO: Run Behavior\ReadHtmlCacheBehavior [ RunTime:0.003001s ]
INFO: [ app_begin ] --END-- [ RunTime:0.003001s ]
SQL: SHOW COLUMNS FROM `t_task` [ RunTime:0.0050s ]
SQL: SELECT `f_tid`,`f_title`,`f_tasktypeid`,`f_mtbrand`,`f_mtgoods`,t_taskmtbaseinfo.f_tradeid,`f_unitfirstAmount`,`f_unitcashdeposit`,`f_unitfranchisefee`,`f_unitotheramount`,`f_unittotalamount`,`f_unitcommission`,`f_unitpreownedgold`,`f_brandlocation`,`f_slogan`,`f_sellingpoint`,`f_targetgroup`,`f_pricelocation`,`f_competitor`,`f_competitiveedge`,`f_distributorsrequir`,`f_distributorsrate`,`f_retailoutlets`,`f_marketcost`,`f_logisticscost`,`f_channelpolicy`,t_taskmtdetailedinfo.f_note,t_taskmtdetailedinfo.f_product,`f_tradename`,`f_filename`,`f_filepath`,`f_enddate`,`f_filepath`,`f_filename` FROM `t_task` LEFT JOIN t_taskmtbaseinfo ON t_taskmtbaseinfo.f_taskid = t_task.f_tid LEFT JOIN t_taskmtdetailedinfo ON t_taskmtdetailedinfo.f_taskid = t_task.f_tid LEFT JOIN t_tradetype ON t_tradetype.f_tradeID = t_taskmtbaseinfo.f_tradeid LEFT JOIN t_files ON t_files.f_id = t_task.f_fileid  WHERE `f_tid` = '60' LIMIT 1   [ RunTime:0.0060s ]
INFO: [ view_parse ] --START--
INFO: [ template_filter ] --START--
INFO: Run Behavior\ContentReplaceBehavior [ RunTime:0.000000s ]
INFO: [ template_filter ] --END-- [ RunTime:0.001000s ]
INFO: Run Behavior\ParseTemplateBehavior [ RunTime:0.035002s ]
INFO: [ view_parse ] --END-- [ RunTime:0.035002s ]
INFO: [ view_filter ] --START--
INFO: Run Behavior\WriteHtmlCacheBehavior [ RunTime:0.004001s ]
INFO: [ view_filter ] --END-- [ RunTime:0.004001s ]
INFO: [ app_end ] --START--
INFO: Run Behavior\ShowPageTraceBehavior [ RunTime:0.003000s ]
INFO: [ app_end ] --END-- [ RunTime:0.003000s ]

[ 2015-12-18T15:55:28+08:00 ] ::1 /wisdom/index.php/Mobileweb/Index/index?type_label=business&taskid=60
INFO: [ app_init ] --START--
INFO: Run Behavior\BuildLiteBehavior [ RunTime:0.000000s ]
INFO: [ app_init ] --END-- [ RunTime:0.003000s ]
INFO: [ app_begin ] --START--
INFO: Run Behavior\ReadHtmlCacheBehavior [ RunTime:0.002000s ]
INFO: [ app_begin ] --END-- [ RunTime:0.002000s ]
SQL: SHOW COLUMNS FROM `t_task` [ RunTime:0.0040s ]
SQL: SELECT `f_tid`,`f_title`,`f_tasktypeid`,`f_mtbrand`,`f_mtgoods`,t_taskmtbaseinfo.f_tradeid,`f_unitfirstAmount`,`f_unitcashdeposit`,`f_unitfranchisefee`,`f_unitotheramount`,`f_unittotalamount`,`f_unitcommission`,`f_unitpreownedgold`,`f_brandlocation`,`f_slogan`,`f_sellingpoint`,`f_targetgroup`,`f_pricelocation`,`f_competitor`,`f_competitiveedge`,`f_distributorsrequir`,`f_distributorsrate`,`f_retailoutlets`,`f_marketcost`,`f_logisticscost`,`f_channelpolicy`,t_taskmtdetailedinfo.f_note,t_taskmtdetailedinfo.f_product,`f_tradename`,`f_filename`,`f_filepath`,`f_enddate`,`f_filepath`,`f_filename` FROM `t_task` LEFT JOIN t_taskmtbaseinfo ON t_taskmtbaseinfo.f_taskid = t_task.f_tid LEFT JOIN t_taskmtdetailedinfo ON t_taskmtdetailedinfo.f_taskid = t_task.f_tid LEFT JOIN t_tradetype ON t_tradetype.f_tradeID = t_taskmtbaseinfo.f_tradeid LEFT JOIN t_files ON t_files.f_id = t_task.f_fileid  WHERE `f_tid` = '60' LIMIT 1   [ RunTime:0.3020s ]
INFO: [ view_parse ] --START--
INFO: [ template_filter ] --START--
INFO: Run Behavior\ContentReplaceBehavior [ RunTime:0.000000s ]
INFO: [ template_filter ] --END-- [ RunTime:0.001000s ]
INFO: Run Behavior\ParseTemplateBehavior [ RunTime:0.026001s ]
INFO: [ view_parse ] --END-- [ RunTime:0.026001s ]
INFO: [ view_filter ] --START--
INFO: Run Behavior\WriteHtmlCacheBehavior [ RunTime:0.002000s ]
INFO: [ view_filter ] --END-- [ RunTime:0.002000s ]
INFO: [ app_end ] --START--
INFO: Run Behavior\ShowPageTraceBehavior [ RunTime:0.002000s ]
INFO: [ app_end ] --END-- [ RunTime:0.002000s ]

[ 2015-12-18T15:58:15+08:00 ] ::1 /wisdom/index.php/Mobileweb/Index/index?type_label=business&taskid=60
INFO: [ app_init ] --START--
INFO: Run Behavior\BuildLiteBehavior [ RunTime:0.000000s ]
INFO: [ app_init ] --END-- [ RunTime:0.001000s ]
INFO: [ app_begin ] --START--
INFO: Run Behavior\ReadHtmlCacheBehavior [ RunTime:0.002000s ]
INFO: [ app_begin ] --END-- [ RunTime:0.002000s ]
SQL: SHOW COLUMNS FROM `t_task` [ RunTime:0.0040s ]
SQL: SELECT `f_tid`,`f_title`,`f_tasktypeid`,`f_mtbrand`,`f_mtgoods`,t_taskmtbaseinfo.f_tradeid,`f_unitfirstAmount`,`f_unitcashdeposit`,`f_unitfranchisefee`,`f_unitotheramount`,`f_unittotalamount`,`f_unitcommission`,`f_unitpreownedgold`,`f_brandlocation`,`f_slogan`,`f_sellingpoint`,`f_targetgroup`,`f_pricelocation`,`f_competitor`,`f_competitiveedge`,`f_distributorsrequir`,`f_distributorsrate`,`f_retailoutlets`,`f_marketcost`,`f_logisticscost`,`f_channelpolicy`,t_taskmtdetailedinfo.f_note,t_taskmtdetailedinfo.f_product,`f_tradename`,`f_filename`,`f_filepath`,`f_enddate`,`f_filepath`,`f_filename` FROM `t_task` LEFT JOIN t_taskmtbaseinfo ON t_taskmtbaseinfo.f_taskid = t_task.f_tid LEFT JOIN t_taskmtdetailedinfo ON t_taskmtdetailedinfo.f_taskid = t_task.f_tid LEFT JOIN t_tradetype ON t_tradetype.f_tradeID = t_taskmtbaseinfo.f_tradeid LEFT JOIN t_files ON t_files.f_id = t_task.f_fileid  WHERE `f_tid` = '60' LIMIT 1   [ RunTime:0.0060s ]
INFO: [ view_parse ] --START--
INFO: [ template_filter ] --START--
INFO: Run Behavior\ContentReplaceBehavior [ RunTime:0.000000s ]
INFO: [ template_filter ] --END-- [ RunTime:0.001000s ]
INFO: Run Behavior\ParseTemplateBehavior [ RunTime:0.023001s ]
INFO: [ view_parse ] --END-- [ RunTime:0.024001s ]
INFO: [ view_filter ] --START--
INFO: Run Behavior\WriteHtmlCacheBehavior [ RunTime:0.002000s ]
INFO: [ view_filter ] --END-- [ RunTime:0.002000s ]
INFO: [ app_end ] --START--
INFO: Run Behavior\ShowPageTraceBehavior [ RunTime:0.001000s ]
INFO: [ app_end ] --END-- [ RunTime:0.001000s ]

[ 2015-12-18T15:58:38+08:00 ] ::1 /wisdom/index.php/Mobileweb/Index/index?type_label=business&taskid=60
INFO: [ app_init ] --START--
INFO: Run Behavior\BuildLiteBehavior [ RunTime:0.000000s ]
INFO: [ app_init ] --END-- [ RunTime:0.005000s ]
INFO: [ app_begin ] --START--
INFO: Run Behavior\ReadHtmlCacheBehavior [ RunTime:0.007000s ]
INFO: [ app_begin ] --END-- [ RunTime:0.007000s ]
SQL: SHOW COLUMNS FROM `t_task` [ RunTime:0.0100s ]
SQL: SELECT `f_tid`,`f_title`,`f_tasktypeid`,`f_mtbrand`,`f_mtgoods`,t_taskmtbaseinfo.f_tradeid,`f_unitfirstAmount`,`f_unitcashdeposit`,`f_unitfranchisefee`,`f_unitotheramount`,`f_unittotalamount`,`f_unitcommission`,`f_unitpreownedgold`,`f_brandlocation`,`f_slogan`,`f_sellingpoint`,`f_targetgroup`,`f_pricelocation`,`f_competitor`,`f_competitiveedge`,`f_distributorsrequir`,`f_distributorsrate`,`f_retailoutlets`,`f_marketcost`,`f_logisticscost`,`f_channelpolicy`,t_taskmtdetailedinfo.f_note,t_taskmtdetailedinfo.f_product,`f_tradename`,`f_filename`,`f_filepath`,`f_enddate`,`f_filepath`,`f_filename` FROM `t_task` LEFT JOIN t_taskmtbaseinfo ON t_taskmtbaseinfo.f_taskid = t_task.f_tid LEFT JOIN t_taskmtdetailedinfo ON t_taskmtdetailedinfo.f_taskid = t_task.f_tid LEFT JOIN t_tradetype ON t_tradetype.f_tradeID = t_taskmtbaseinfo.f_tradeid LEFT JOIN t_files ON t_files.f_id = t_task.f_fileid  WHERE `f_tid` = '60' LIMIT 1   [ RunTime:0.0080s ]
INFO: [ view_parse ] --START--
INFO: [ template_filter ] --START--
INFO: Run Behavior\ContentReplaceBehavior [ RunTime:0.000000s ]
INFO: [ template_filter ] --END-- [ RunTime:0.000000s ]
INFO: Run Behavior\ParseTemplateBehavior [ RunTime:0.030002s ]
INFO: [ view_parse ] --END-- [ RunTime:0.031002s ]
INFO: [ view_filter ] --START--
INFO: Run Behavior\WriteHtmlCacheBehavior [ RunTime:0.002000s ]
INFO: [ view_filter ] --END-- [ RunTime:0.002000s ]
INFO: [ app_end ] --START--
INFO: Run Behavior\ShowPageTraceBehavior [ RunTime:0.005001s ]
INFO: [ app_end ] --END-- [ RunTime:0.006001s ]

[ 2015-12-18T16:00:45+08:00 ] ::1 /wisdom/index.php/Mobileweb/Index/index?type_label=business&taskid=60
INFO: [ app_init ] --START--
INFO: Run Behavior\BuildLiteBehavior [ RunTime:0.000000s ]
INFO: [ app_init ] --END-- [ RunTime:0.001000s ]
INFO: [ app_begin ] --START--
INFO: Run Behavior\ReadHtmlCacheBehavior [ RunTime:0.004000s ]
INFO: [ app_begin ] --END-- [ RunTime:0.005000s ]
SQL: SHOW COLUMNS FROM `t_task` [ RunTime:0.0050s ]
SQL: SELECT `f_tid`,`f_title`,`f_tasktypeid`,`f_mtbrand`,`f_mtgoods`,t_taskmtbaseinfo.f_tradeid,`f_unitfirstAmount`,`f_unitcashdeposit`,`f_unitfranchisefee`,`f_unitotheramount`,`f_unittotalamount`,`f_unitcommission`,`f_unitpreownedgold`,`f_brandlocation`,`f_slogan`,`f_sellingpoint`,`f_targetgroup`,`f_pricelocation`,`f_competitor`,`f_competitiveedge`,`f_distributorsrequir`,`f_distributorsrate`,`f_retailoutlets`,`f_marketcost`,`f_logisticscost`,`f_channelpolicy`,t_taskmtdetailedinfo.f_note,t_taskmtdetailedinfo.f_product,`f_tradename`,`f_filename`,`f_filepath`,`f_enddate`,`f_filepath`,`f_filename` FROM `t_task` LEFT JOIN t_taskmtbaseinfo ON t_taskmtbaseinfo.f_taskid = t_task.f_tid LEFT JOIN t_taskmtdetailedinfo ON t_taskmtdetailedinfo.f_taskid = t_task.f_tid LEFT JOIN t_tradetype ON t_tradetype.f_tradeID = t_taskmtbaseinfo.f_tradeid LEFT JOIN t_files ON t_files.f_id = t_task.f_fileid  WHERE `f_tid` = '60' LIMIT 1   [ RunTime:0.0040s ]
INFO: [ view_parse ] --START--
INFO: [ template_filter ] --START--
INFO: Run Behavior\ContentReplaceBehavior [ RunTime:0.000000s ]
INFO: [ template_filter ] --END-- [ RunTime:0.000000s ]
INFO: Run Behavior\ParseTemplateBehavior [ RunTime:0.029002s ]
INFO: [ view_parse ] --END-- [ RunTime:0.030002s ]
INFO: [ view_filter ] --START--
INFO: Run Behavior\WriteHtmlCacheBehavior [ RunTime:0.009001s ]
INFO: [ view_filter ] --END-- [ RunTime:0.010001s ]
INFO: [ app_end ] --START--
INFO: Run Behavior\ShowPageTraceBehavior [ RunTime:0.003000s ]
INFO: [ app_end ] --END-- [ RunTime:0.004000s ]

[ 2015-12-18T16:01:25+08:00 ] ::1 /wisdom/index.php/Mobileweb/Index/index?type_label=business&taskid=60
INFO: [ app_init ] --START--
INFO: Run Behavior\BuildLiteBehavior [ RunTime:0.000000s ]
INFO: [ app_init ] --END-- [ RunTime:0.003000s ]
INFO: [ app_begin ] --START--
INFO: Run Behavior\ReadHtmlCacheBehavior [ RunTime:0.002000s ]
INFO: [ app_begin ] --END-- [ RunTime:0.002000s ]
SQL: SHOW COLUMNS FROM `t_task` [ RunTime:0.0050s ]
SQL: SELECT `f_tid`,`f_title`,`f_tasktypeid`,`f_mtbrand`,`f_mtgoods`,t_taskmtbaseinfo.f_tradeid,`f_unitfirstAmount`,`f_unitcashdeposit`,`f_unitfranchisefee`,`f_unitotheramount`,`f_unittotalamount`,`f_unitcommission`,`f_unitpreownedgold`,`f_brandlocation`,`f_slogan`,`f_sellingpoint`,`f_targetgroup`,`f_pricelocation`,`f_competitor`,`f_competitiveedge`,`f_distributorsrequir`,`f_distributorsrate`,`f_retailoutlets`,`f_marketcost`,`f_logisticscost`,`f_channelpolicy`,t_taskmtdetailedinfo.f_note,t_taskmtdetailedinfo.f_product,`f_tradename`,`f_filename`,`f_filepath`,`f_enddate`,`f_filepath`,`f_filename` FROM `t_task` LEFT JOIN t_taskmtbaseinfo ON t_taskmtbaseinfo.f_taskid = t_task.f_tid LEFT JOIN t_taskmtdetailedinfo ON t_taskmtdetailedinfo.f_taskid = t_task.f_tid LEFT JOIN t_tradetype ON t_tradetype.f_tradeID = t_taskmtbaseinfo.f_tradeid LEFT JOIN t_files ON t_files.f_id = t_task.f_fileid  WHERE `f_tid` = '60' LIMIT 1   [ RunTime:0.0040s ]
INFO: [ view_parse ] --START--
INFO: [ template_filter ] --START--
INFO: Run Behavior\ContentReplaceBehavior [ RunTime:0.000000s ]
INFO: [ template_filter ] --END-- [ RunTime:0.001000s ]
INFO: Run Behavior\ParseTemplateBehavior [ RunTime:0.031002s ]
INFO: [ view_parse ] --END-- [ RunTime:0.031002s ]
INFO: [ view_filter ] --START--
INFO: Run Behavior\WriteHtmlCacheBehavior [ RunTime:0.002000s ]
INFO: [ view_filter ] --END-- [ RunTime:0.002000s ]
INFO: [ app_end ] --START--
INFO: Run Behavior\ShowPageTraceBehavior [ RunTime:0.004000s ]
INFO: [ app_end ] --END-- [ RunTime:0.004000s ]

