[ 2015-11-11T15:04:56+08:00 ] ::1 /wisdom/Index.php/Mobileweb/Index?taskid=60&type_label=business
INFO: [ app_init ] --START--
INFO: Run Behavior\BuildLiteBehavior [ RunTime:0.000000s ]
INFO: [ app_init ] --END-- [ RunTime:0.001000s ]
INFO: [ app_begin ] --START--
INFO: Run Behavior\ReadHtmlCacheBehavior [ RunTime:0.002000s ]
INFO: [ app_begin ] --END-- [ RunTime:0.002000s ]
SQL: SHOW COLUMNS FROM `t_task` [ RunTime:0.0040s ]
SQL: SELECT `f_tid`,`f_title`,`f_tasktypeid`,`f_mtbrand`,`f_mtgoods`,t_taskmtbaseinfo.f_tradeid,`f_unitfirstAmount`,`f_unitcashdeposit`,`f_unitfranchisefee`,`f_unitotheramount`,`f_unittotalamount`,`f_unitcommission`,`f_unitpreownedgold`,`f_brandlocation`,`f_slogan`,`f_sellingpoint`,`f_targetgroup`,`f_pricelocation`,`f_competitor`,`f_competitiveedge`,`f_distributorsrequir`,`f_distributorsrate`,`f_retailoutlets`,`f_marketcost`,`f_logisticscost`,`f_channelpolicy`,t_taskmtdetailedinfo.f_note,t_taskmtdetailedinfo.f_product,`f_tradename`,`f_filename`,`f_filepath`,`f_enddate`,`f_filepath`,`f_filename` FROM `t_task` LEFT JOIN t_taskmtbaseinfo ON t_taskmtbaseinfo.f_taskid = t_task.f_tid LEFT JOIN t_taskmtdetailedinfo ON t_taskmtdetailedinfo.f_taskid = t_task.f_tid LEFT JOIN t_tradetype ON t_tradetype.f_tradeID = t_taskmtbaseinfo.f_tradeid LEFT JOIN t_files ON t_files.f_id = t_task.f_fileid  WHERE `f_tid` = '60' LIMIT 1   [ RunTime:0.0050s ]
INFO: [ view_parse ] --START--
INFO: [ template_filter ] --START--
INFO: Run Behavior\ContentReplaceBehavior [ RunTime:0.000000s ]
INFO: [ template_filter ] --END-- [ RunTime:0.001000s ]
INFO: Run Behavior\ParseTemplateBehavior [ RunTime:0.014000s ]
INFO: [ view_parse ] --END-- [ RunTime:0.014000s ]
INFO: [ view_filter ] --START--
INFO: Run Behavior\WriteHtmlCacheBehavior [ RunTime:0.000000s ]
INFO: [ view_filter ] --END-- [ RunTime:0.000000s ]
INFO: [ app_end ] --START--
INFO: Run Behavior\ShowPageTraceBehavior [ RunTime:0.000000s ]
INFO: [ app_end ] --END-- [ RunTime:0.001001s ]

[ 2015-11-11T15:05:12+08:00 ] ::1 /wisdom/Index.php/Mobileweb/Index?taskid=656&type_label=business
INFO: [ app_init ] --START--
INFO: Run Behavior\BuildLiteBehavior [ RunTime:0.000000s ]
INFO: [ app_init ] --END-- [ RunTime:0.002000s ]
INFO: [ app_begin ] --START--
INFO: Run Behavior\ReadHtmlCacheBehavior [ RunTime:0.001000s ]
INFO: [ app_begin ] --END-- [ RunTime:0.001000s ]
SQL: SHOW COLUMNS FROM `t_task` [ RunTime:0.0040s ]
SQL: SELECT `f_tid`,`f_title`,`f_tasktypeid`,`f_mtbrand`,`f_mtgoods`,t_taskmtbaseinfo.f_tradeid,`f_unitfirstAmount`,`f_unitcashdeposit`,`f_unitfranchisefee`,`f_unitotheramount`,`f_unittotalamount`,`f_unitcommission`,`f_unitpreownedgold`,`f_brandlocation`,`f_slogan`,`f_sellingpoint`,`f_targetgroup`,`f_pricelocation`,`f_competitor`,`f_competitiveedge`,`f_distributorsrequir`,`f_distributorsrate`,`f_retailoutlets`,`f_marketcost`,`f_logisticscost`,`f_channelpolicy`,t_taskmtdetailedinfo.f_note,t_taskmtdetailedinfo.f_product,`f_tradename`,`f_filename`,`f_filepath`,`f_enddate`,`f_filepath`,`f_filename` FROM `t_task` LEFT JOIN t_taskmtbaseinfo ON t_taskmtbaseinfo.f_taskid = t_task.f_tid LEFT JOIN t_taskmtdetailedinfo ON t_taskmtdetailedinfo.f_taskid = t_task.f_tid LEFT JOIN t_tradetype ON t_tradetype.f_tradeID = t_taskmtbaseinfo.f_tradeid LEFT JOIN t_files ON t_files.f_id = t_task.f_fileid  WHERE `f_tid` = '656' LIMIT 1   [ RunTime:0.0040s ]
INFO: [ view_parse ] --START--
INFO: [ template_filter ] --START--
INFO: Run Behavior\ContentReplaceBehavior [ RunTime:0.000000s ]
INFO: [ template_filter ] --END-- [ RunTime:0.001000s ]
INFO: Run Behavior\ParseTemplateBehavior [ RunTime:0.011001s ]
INFO: [ view_parse ] --END-- [ RunTime:0.011001s ]
INFO: [ view_filter ] --START--
INFO: Run Behavior\WriteHtmlCacheBehavior [ RunTime:0.000000s ]
INFO: [ view_filter ] --END-- [ RunTime:0.000000s ]
INFO: [ app_end ] --START--
INFO: Run Behavior\ShowPageTraceBehavior [ RunTime:0.000000s ]
INFO: [ app_end ] --END-- [ RunTime:0.000000s ]

[ 2015-11-11T15:05:26+08:00 ] ::1 /wisdom/Index.php/Mobileweb/Index?taskid=656&type_label=business
INFO: [ app_init ] --START--
INFO: Run Behavior\BuildLiteBehavior [ RunTime:0.000000s ]
INFO: [ app_init ] --END-- [ RunTime:0.002000s ]
INFO: [ app_begin ] --START--
INFO: Run Behavior\ReadHtmlCacheBehavior [ RunTime:0.001000s ]
INFO: [ app_begin ] --END-- [ RunTime:0.003001s ]
SQL: SHOW COLUMNS FROM `t_task` [ RunTime:0.0040s ]
SQL: SELECT `f_tid`,`f_title`,`f_tasktypeid`,`f_mtbrand`,`f_mtgoods`,t_taskmtbaseinfo.f_tradeid,`f_unitfirstAmount`,`f_unitcashdeposit`,`f_unitfranchisefee`,`f_unitotheramount`,`f_unittotalamount`,`f_unitcommission`,`f_unitpreownedgold`,`f_brandlocation`,`f_slogan`,`f_sellingpoint`,`f_targetgroup`,`f_pricelocation`,`f_competitor`,`f_competitiveedge`,`f_distributorsrequir`,`f_distributorsrate`,`f_retailoutlets`,`f_marketcost`,`f_logisticscost`,`f_channelpolicy`,t_taskmtdetailedinfo.f_note,t_taskmtdetailedinfo.f_product,`f_tradename`,`f_filename`,`f_filepath`,`f_enddate`,`f_filepath`,`f_filename` FROM `t_task` LEFT JOIN t_taskmtbaseinfo ON t_taskmtbaseinfo.f_taskid = t_task.f_tid LEFT JOIN t_taskmtdetailedinfo ON t_taskmtdetailedinfo.f_taskid = t_task.f_tid LEFT JOIN t_tradetype ON t_tradetype.f_tradeID = t_taskmtbaseinfo.f_tradeid LEFT JOIN t_files ON t_files.f_id = t_task.f_fileid  WHERE `f_tid` = '656' LIMIT 1   [ RunTime:0.0030s ]
INFO: [ view_parse ] --START--
INFO: [ template_filter ] --START--
INFO: Run Behavior\ContentReplaceBehavior [ RunTime:0.000000s ]
INFO: [ template_filter ] --END-- [ RunTime:0.000000s ]
INFO: Run Behavior\ParseTemplateBehavior [ RunTime:0.014000s ]
INFO: [ view_parse ] --END-- [ RunTime:0.014000s ]
INFO: [ view_filter ] --START--
INFO: Run Behavior\WriteHtmlCacheBehavior [ RunTime:0.000000s ]
INFO: [ view_filter ] --END-- [ RunTime:0.000000s ]
INFO: [ app_end ] --START--
INFO: Run Behavior\ShowPageTraceBehavior [ RunTime:0.000000s ]
INFO: [ app_end ] --END-- [ RunTime:0.000000s ]

[ 2015-11-11T15:06:53+08:00 ] ::1 /wisdom/Index.php/Mobileweb/Index?taskid=500&type_label=business
INFO: [ app_init ] --START--
INFO: Run Behavior\BuildLiteBehavior [ RunTime:0.000000s ]
INFO: [ app_init ] --END-- [ RunTime:0.001001s ]
INFO: [ app_begin ] --START--
INFO: Run Behavior\ReadHtmlCacheBehavior [ RunTime:0.000000s ]
INFO: [ app_begin ] --END-- [ RunTime:0.000000s ]
SQL: SHOW COLUMNS FROM `t_task` [ RunTime:0.0040s ]
SQL: SELECT `f_tid`,`f_title`,`f_tasktypeid`,`f_mtbrand`,`f_mtgoods`,t_taskmtbaseinfo.f_tradeid,`f_unitfirstAmount`,`f_unitcashdeposit`,`f_unitfranchisefee`,`f_unitotheramount`,`f_unittotalamount`,`f_unitcommission`,`f_unitpreownedgold`,`f_brandlocation`,`f_slogan`,`f_sellingpoint`,`f_targetgroup`,`f_pricelocation`,`f_competitor`,`f_competitiveedge`,`f_distributorsrequir`,`f_distributorsrate`,`f_retailoutlets`,`f_marketcost`,`f_logisticscost`,`f_channelpolicy`,t_taskmtdetailedinfo.f_note,t_taskmtdetailedinfo.f_product,`f_tradename`,`f_filename`,`f_filepath`,`f_enddate`,`f_filepath`,`f_filename` FROM `t_task` LEFT JOIN t_taskmtbaseinfo ON t_taskmtbaseinfo.f_taskid = t_task.f_tid LEFT JOIN t_taskmtdetailedinfo ON t_taskmtdetailedinfo.f_taskid = t_task.f_tid LEFT JOIN t_tradetype ON t_tradetype.f_tradeID = t_taskmtbaseinfo.f_tradeid LEFT JOIN t_files ON t_files.f_id = t_task.f_fileid  WHERE `f_tid` = '500' LIMIT 1   [ RunTime:0.0040s ]
INFO: [ view_parse ] --START--
INFO: [ template_filter ] --START--
INFO: Run Behavior\ContentReplaceBehavior [ RunTime:0.000000s ]
INFO: [ template_filter ] --END-- [ RunTime:0.000000s ]
INFO: Run Behavior\ParseTemplateBehavior [ RunTime:0.013000s ]
INFO: [ view_parse ] --END-- [ RunTime:0.013000s ]
INFO: [ view_filter ] --START--
INFO: Run Behavior\WriteHtmlCacheBehavior [ RunTime:0.000000s ]
INFO: [ view_filter ] --END-- [ RunTime:0.001001s ]
INFO: [ app_end ] --START--
INFO: Run Behavior\ShowPageTraceBehavior [ RunTime:0.000000s ]
INFO: [ app_end ] --END-- [ RunTime:0.001000s ]

[ 2015-11-11T15:07:02+08:00 ] ::1 /wisdom/Index.php/Mobileweb/Index?taskid=500&type_label=business
INFO: [ app_init ] --START--
INFO: Run Behavior\BuildLiteBehavior [ RunTime:0.000000s ]
INFO: [ app_init ] --END-- [ RunTime:0.001000s ]
INFO: [ app_begin ] --START--
INFO: Run Behavior\ReadHtmlCacheBehavior [ RunTime:0.000000s ]
INFO: [ app_begin ] --END-- [ RunTime:0.001000s ]
SQL: SHOW COLUMNS FROM `t_task` [ RunTime:0.0050s ]
SQL: SELECT `f_tid`,`f_title`,`f_tasktypeid`,`f_mtbrand`,`f_mtgoods`,t_taskmtbaseinfo.f_tradeid,`f_unitfirstAmount`,`f_unitcashdeposit`,`f_unitfranchisefee`,`f_unitotheramount`,`f_unittotalamount`,`f_unitcommission`,`f_unitpreownedgold`,`f_brandlocation`,`f_slogan`,`f_sellingpoint`,`f_targetgroup`,`f_pricelocation`,`f_competitor`,`f_competitiveedge`,`f_distributorsrequir`,`f_distributorsrate`,`f_retailoutlets`,`f_marketcost`,`f_logisticscost`,`f_channelpolicy`,t_taskmtdetailedinfo.f_note,t_taskmtdetailedinfo.f_product,`f_tradename`,`f_filename`,`f_filepath`,`f_enddate`,`f_filepath`,`f_filename` FROM `t_task` LEFT JOIN t_taskmtbaseinfo ON t_taskmtbaseinfo.f_taskid = t_task.f_tid LEFT JOIN t_taskmtdetailedinfo ON t_taskmtdetailedinfo.f_taskid = t_task.f_tid LEFT JOIN t_tradetype ON t_tradetype.f_tradeID = t_taskmtbaseinfo.f_tradeid LEFT JOIN t_files ON t_files.f_id = t_task.f_fileid  WHERE `f_tid` = '500' LIMIT 1   [ RunTime:0.0090s ]
INFO: [ view_parse ] --START--
INFO: [ template_filter ] --START--
INFO: Run Behavior\ContentReplaceBehavior [ RunTime:0.000000s ]
INFO: [ template_filter ] --END-- [ RunTime:0.001000s ]
INFO: Run Behavior\ParseTemplateBehavior [ RunTime:0.028001s ]
INFO: [ view_parse ] --END-- [ RunTime:0.028001s ]
INFO: [ view_filter ] --START--
INFO: Run Behavior\WriteHtmlCacheBehavior [ RunTime:0.000000s ]
INFO: [ view_filter ] --END-- [ RunTime:0.000000s ]
INFO: [ app_end ] --START--
INFO: Run Behavior\ShowPageTraceBehavior [ RunTime:0.000000s ]
INFO: [ app_end ] --END-- [ RunTime:0.001000s ]

[ 2015-11-11T15:07:07+08:00 ] ::1 /wisdom/Index.php/Mobileweb/Index?taskid=500&type_label=business
INFO: [ app_init ] --START--
INFO: Run Behavior\BuildLiteBehavior [ RunTime:0.000000s ]
INFO: [ app_init ] --END-- [ RunTime:0.001000s ]
INFO: [ app_begin ] --START--
INFO: Run Behavior\ReadHtmlCacheBehavior [ RunTime:0.002000s ]
INFO: [ app_begin ] --END-- [ RunTime:0.002000s ]
SQL: SHOW COLUMNS FROM `t_task` [ RunTime:0.0050s ]
SQL: SELECT `f_tid`,`f_title`,`f_tasktypeid`,`f_mtbrand`,`f_mtgoods`,t_taskmtbaseinfo.f_tradeid,`f_unitfirstAmount`,`f_unitcashdeposit`,`f_unitfranchisefee`,`f_unitotheramount`,`f_unittotalamount`,`f_unitcommission`,`f_unitpreownedgold`,`f_brandlocation`,`f_slogan`,`f_sellingpoint`,`f_targetgroup`,`f_pricelocation`,`f_competitor`,`f_competitiveedge`,`f_distributorsrequir`,`f_distributorsrate`,`f_retailoutlets`,`f_marketcost`,`f_logisticscost`,`f_channelpolicy`,t_taskmtdetailedinfo.f_note,t_taskmtdetailedinfo.f_product,`f_tradename`,`f_filename`,`f_filepath`,`f_enddate`,`f_filepath`,`f_filename` FROM `t_task` LEFT JOIN t_taskmtbaseinfo ON t_taskmtbaseinfo.f_taskid = t_task.f_tid LEFT JOIN t_taskmtdetailedinfo ON t_taskmtdetailedinfo.f_taskid = t_task.f_tid LEFT JOIN t_tradetype ON t_tradetype.f_tradeID = t_taskmtbaseinfo.f_tradeid LEFT JOIN t_files ON t_files.f_id = t_task.f_fileid  WHERE `f_tid` = '500' LIMIT 1   [ RunTime:0.3040s ]
INFO: [ view_parse ] --START--
INFO: [ template_filter ] --START--
INFO: Run Behavior\ContentReplaceBehavior [ RunTime:0.001000s ]
INFO: [ template_filter ] --END-- [ RunTime:0.003000s ]
INFO: Run Behavior\ParseTemplateBehavior [ RunTime:0.072004s ]
INFO: [ view_parse ] --END-- [ RunTime:0.074004s ]
INFO: [ view_filter ] --START--
INFO: Run Behavior\WriteHtmlCacheBehavior [ RunTime:0.001000s ]
INFO: [ view_filter ] --END-- [ RunTime:0.001000s ]
INFO: [ app_end ] --START--
INFO: Run Behavior\ShowPageTraceBehavior [ RunTime:0.003000s ]
INFO: [ app_end ] --END-- [ RunTime:0.004000s ]

