[ 2016-01-30T16:00:49+08:00 ] ::1 /wisdom/index.php/Mobileweb/Hbgame/app_game?f_pcid=81
INFO: [ app_init ] --START--
INFO: Run Behavior\BuildLiteBehavior [ RunTime:0.000000s ]
INFO: [ app_init ] --END-- [ RunTime:0.021001s ]
INFO: [ app_begin ] --START--
INFO: Run Behavior\ReadHtmlCacheBehavior [ RunTime:0.012001s ]
INFO: [ app_begin ] --END-- [ RunTime:0.015001s ]
SQL: SHOW COLUMNS FROM `t_playcity` [ RunTime:0.0040s ]
SQL: SELECT * FROM `t_playcity` WHERE ( f_pcid=81 ) LIMIT 1   [ RunTime:0.0020s ]
SQL: SHOW COLUMNS FROM `t_playcitydetail` [ RunTime:0.0030s ]
SQL: SELECT COUNT(*) AS tp_count FROM `t_playcitydetail` WHERE ( f_mypcid=81 and  f_hepcid <> 0 ) LIMIT 1   [ RunTime:0.0030s ]
SQL: SELECT SUM(f_goldcoin) AS tp_sum FROM `t_playcitydetail` WHERE ( f_mypcid=81 and  f_hepcid <> 0 ) LIMIT 1   [ RunTime:0.0030s ]
SQL: SELECT SUM(f_goldcoin) AS tp_sum FROM `t_playcitydetail` WHERE ( f_mypcid=81 ) LIMIT 1   [ RunTime:0.0030s ]
SQL: SELECT COUNT(*) AS tp_count FROM `t_playcitydetail` WHERE ( f_mypcid=81 and  f_hepcid = 0 and f_date > 1454083200 ) LIMIT 1   [ RunTime:0.0050s ]
SQL: SELECT * FROM `t_playcitydetail` WHERE ( f_mypcid=81 ) ORDER BY f_date  [ RunTime:0.0030s ]
SQL: SELECT * FROM `t_playcity` WHERE ( f_pcid=83 ) LIMIT 1   [ RunTime:0.0030s ]
SQL: SELECT * FROM `t_playcity` WHERE ( f_pcid=82 ) LIMIT 1   [ RunTime:0.0020s ]
SQL: SELECT * FROM `t_playcity` WHERE ( f_pcid=85 ) LIMIT 1   [ RunTime:0.0040s ]
SQL: SELECT * FROM `t_playcity` WHERE ( f_pcid=78 ) LIMIT 1   [ RunTime:0.0030s ]
SQL: SELECT * FROM `t_playcity` WHERE ( f_pcid=77 ) LIMIT 1   [ RunTime:0.0030s ]
SQL: SELECT * FROM `t_playcity` WHERE ( f_pcid=90 ) LIMIT 1   [ RunTime:0.0030s ]
SQL: SELECT * FROM `t_playcity` WHERE ( f_pcid=92 ) LIMIT 1   [ RunTime:0.0030s ]
SQL: SELECT * FROM `t_playcity` WHERE ( f_pcid=93 ) LIMIT 1   [ RunTime:0.0020s ]
SQL: SELECT * FROM `t_playcity` WHERE ( f_pcid=94 ) LIMIT 1   [ RunTime:0.0030s ]
SQL: SELECT * FROM `t_playcity` WHERE ( f_pcid=95 ) LIMIT 1   [ RunTime:0.0020s ]
SQL: SELECT * FROM `t_playcity` WHERE ( f_pcid=101 ) LIMIT 1   [ RunTime:0.0030s ]
SQL: SELECT * FROM `t_playcity` WHERE ( f_pcid=102 ) LIMIT 1   [ RunTime:0.0040s ]
SQL: SELECT * FROM `t_playcity` WHERE ( f_pcid=103 ) LIMIT 1   [ RunTime:0.0020s ]
SQL: SELECT * FROM `t_playcity` WHERE ( f_pcid=105 ) LIMIT 1   [ RunTime:0.0030s ]
NOTIC: [2] unlink(./App/Runtime/Temp/6f2263194f0eb97d0e9e0c503d9d4078.php): No such file or directory D:\wamp\www\wisdom\ThinkPHP\Library\Think\Cache\Driver\File.class.php 第 157 行.
NOTIC: [8] Undefined index: ticket D:\wamp\www\wisdom\App\Mobileweb\Controller\WechatController.class.php 第 129 行.
NOTIC: [2] unlink(./App/Runtime/Temp/565a309c2ff09820a56d7da3457f2bb6.php): No such file or directory D:\wamp\www\wisdom\ThinkPHP\Library\Think\Cache\Driver\File.class.php 第 157 行.
NOTIC: [8] Undefined index: unionid D:\wamp\www\wisdom\App\Mobileweb\Controller\HbgameController.class.php 第 230 行.
INFO: [ view_parse ] --START--
INFO: [ template_filter ] --START--
INFO: Run Behavior\ContentReplaceBehavior [ RunTime:0.000000s ]
INFO: [ template_filter ] --END-- [ RunTime:0.000000s ]
NOTIC: [8] Undefined index: helpnice D:\wamp\www\wisdom\App\Runtime\Cache\Mobileweb\2a7d19ae778e2f2fdc5e023a198366e5.php 第 400 行.
NOTIC: [8] Undefined index: helpnice D:\wamp\www\wisdom\App\Runtime\Cache\Mobileweb\2a7d19ae778e2f2fdc5e023a198366e5.php 第 400 行.
NOTIC: [8] Undefined index: helpnice D:\wamp\www\wisdom\App\Runtime\Cache\Mobileweb\2a7d19ae778e2f2fdc5e023a198366e5.php 第 400 行.
INFO: Run Behavior\ParseTemplateBehavior [ RunTime:0.172010s ]
INFO: [ view_parse ] --END-- [ RunTime:0.172010s ]
INFO: [ view_filter ] --START--
INFO: Run Behavior\WriteHtmlCacheBehavior [ RunTime:0.013001s ]
INFO: [ view_filter ] --END-- [ RunTime:0.013001s ]
INFO: [ app_end ] --START--
INFO: Run Behavior\ShowPageTraceBehavior [ RunTime:0.029002s ]
INFO: [ app_end ] --END-- [ RunTime:0.029002s ]

[ 2016-01-30T16:20:07+08:00 ] ::1 /wisdom/index.php/Mobileweb/Hbgame/app_game?f_pcid=81
INFO: [ app_init ] --START--
INFO: Run Behavior\BuildLiteBehavior [ RunTime:0.000000s ]
INFO: [ app_init ] --END-- [ RunTime:0.002000s ]
INFO: [ app_begin ] --START--
INFO: Run Behavior\ReadHtmlCacheBehavior [ RunTime:0.007001s ]
INFO: [ app_begin ] --END-- [ RunTime:0.007001s ]
SQL: SHOW COLUMNS FROM `t_playcity` [ RunTime:0.0050s ]
SQL: SELECT * FROM `t_playcity` WHERE ( f_pcid=81 ) LIMIT 1   [ RunTime:0.0030s ]
SQL: SHOW COLUMNS FROM `t_playcitydetail` [ RunTime:0.0030s ]
SQL: SELECT COUNT(*) AS tp_count FROM `t_playcitydetail` WHERE ( f_mypcid=81 and  f_hepcid <> 0 ) LIMIT 1   [ RunTime:0.0020s ]
SQL: SELECT SUM(f_goldcoin) AS tp_sum FROM `t_playcitydetail` WHERE ( f_mypcid=81 and  f_hepcid <> 0 ) LIMIT 1   [ RunTime:0.0020s ]
SQL: SELECT SUM(f_goldcoin) AS tp_sum FROM `t_playcitydetail` WHERE ( f_mypcid=81 ) LIMIT 1   [ RunTime:0.0020s ]
SQL: SELECT COUNT(*) AS tp_count FROM `t_playcitydetail` WHERE ( f_mypcid=81 and  f_hepcid = 0 and f_date > 1454083200 ) LIMIT 1   [ RunTime:0.0020s ]
SQL: SELECT * FROM `t_playcitydetail` WHERE ( f_mypcid=81 ) ORDER BY f_date  [ RunTime:0.0020s ]
SQL: SELECT * FROM `t_playcity` WHERE ( f_pcid=83 ) LIMIT 1   [ RunTime:0.0020s ]
SQL: SELECT * FROM `t_playcity` WHERE ( f_pcid=82 ) LIMIT 1   [ RunTime:0.0030s ]
SQL: SELECT * FROM `t_playcity` WHERE ( f_pcid=85 ) LIMIT 1   [ RunTime:0.0020s ]
SQL: SELECT * FROM `t_playcity` WHERE ( f_pcid=78 ) LIMIT 1   [ RunTime:0.0020s ]
SQL: SELECT * FROM `t_playcity` WHERE ( f_pcid=77 ) LIMIT 1   [ RunTime:0.0020s ]
SQL: SELECT * FROM `t_playcity` WHERE ( f_pcid=90 ) LIMIT 1   [ RunTime:0.0020s ]
SQL: SELECT * FROM `t_playcity` WHERE ( f_pcid=92 ) LIMIT 1   [ RunTime:0.0030s ]
SQL: SELECT * FROM `t_playcity` WHERE ( f_pcid=93 ) LIMIT 1   [ RunTime:0.0020s ]
SQL: SELECT * FROM `t_playcity` WHERE ( f_pcid=94 ) LIMIT 1   [ RunTime:0.0030s ]
SQL: SELECT * FROM `t_playcity` WHERE ( f_pcid=95 ) LIMIT 1   [ RunTime:0.0030s ]
SQL: SELECT * FROM `t_playcity` WHERE ( f_pcid=101 ) LIMIT 1   [ RunTime:0.0020s ]
SQL: SELECT * FROM `t_playcity` WHERE ( f_pcid=102 ) LIMIT 1   [ RunTime:0.0020s ]
SQL: SELECT * FROM `t_playcity` WHERE ( f_pcid=103 ) LIMIT 1   [ RunTime:0.0030s ]
SQL: SELECT * FROM `t_playcity` WHERE ( f_pcid=105 ) LIMIT 1   [ RunTime:0.0020s ]
NOTIC: [2] unlink(./App/Runtime/Temp/565a309c2ff09820a56d7da3457f2bb6.php): No such file or directory D:\wamp\www\wisdom\ThinkPHP\Library\Think\Cache\Driver\File.class.php 第 157 行.
NOTIC: [8] Undefined index: unionid D:\wamp\www\wisdom\App\Mobileweb\Controller\HbgameController.class.php 第 230 行.
INFO: [ view_parse ] --START--
INFO: [ template_filter ] --START--
INFO: Run Behavior\ContentReplaceBehavior [ RunTime:0.001000s ]
INFO: [ template_filter ] --END-- [ RunTime:0.001000s ]
NOTIC: [8] Undefined index: helpnice D:\wamp\www\wisdom\App\Runtime\Cache\Mobileweb\2a7d19ae778e2f2fdc5e023a198366e5.php 第 401 行.
NOTIC: [8] Undefined index: helpnice D:\wamp\www\wisdom\App\Runtime\Cache\Mobileweb\2a7d19ae778e2f2fdc5e023a198366e5.php 第 401 行.
NOTIC: [8] Undefined index: helpnice D:\wamp\www\wisdom\App\Runtime\Cache\Mobileweb\2a7d19ae778e2f2fdc5e023a198366e5.php 第 401 行.
INFO: Run Behavior\ParseTemplateBehavior [ RunTime:0.056003s ]
INFO: [ view_parse ] --END-- [ RunTime:0.058003s ]
INFO: [ view_filter ] --START--
INFO: Run Behavior\WriteHtmlCacheBehavior [ RunTime:0.003000s ]
INFO: [ view_filter ] --END-- [ RunTime:0.003000s ]
INFO: [ app_end ] --START--
INFO: Run Behavior\ShowPageTraceBehavior [ RunTime:0.002000s ]
INFO: [ app_end ] --END-- [ RunTime:0.003001s ]

[ 2016-01-30T16:22:34+08:00 ] ::1 /wisdom/index.php/Mobileweb/Hbgame/app_game?f_pcid=81
INFO: [ app_init ] --START--
INFO: Run Behavior\BuildLiteBehavior [ RunTime:0.000000s ]
INFO: [ app_init ] --END-- [ RunTime:0.002000s ]
INFO: [ app_begin ] --START--
INFO: Run Behavior\ReadHtmlCacheBehavior [ RunTime:0.001000s ]
INFO: [ app_begin ] --END-- [ RunTime:0.001000s ]
SQL: SHOW COLUMNS FROM `t_playcity` [ RunTime:0.0040s ]
SQL: SELECT * FROM `t_playcity` WHERE ( f_pcid=81 ) LIMIT 1   [ RunTime:0.0020s ]
SQL: SHOW COLUMNS FROM `t_playcitydetail` [ RunTime:0.0030s ]
SQL: SELECT COUNT(*) AS tp_count FROM `t_playcitydetail` WHERE ( f_mypcid=81 and  f_hepcid <> 0 ) LIMIT 1   [ RunTime:0.0020s ]
SQL: SELECT SUM(f_goldcoin) AS tp_sum FROM `t_playcitydetail` WHERE ( f_mypcid=81 and  f_hepcid <> 0 ) LIMIT 1   [ RunTime:0.0020s ]
SQL: SELECT SUM(f_goldcoin) AS tp_sum FROM `t_playcitydetail` WHERE ( f_mypcid=81 ) LIMIT 1   [ RunTime:0.0020s ]
SQL: SELECT COUNT(*) AS tp_count FROM `t_playcitydetail` WHERE ( f_mypcid=81 and  f_hepcid = 0 and f_date > 1454083200 ) LIMIT 1   [ RunTime:0.0020s ]
SQL: SELECT * FROM `t_playcitydetail` WHERE ( f_mypcid=81 ) ORDER BY f_date  [ RunTime:0.0020s ]
SQL: SELECT * FROM `t_playcity` WHERE ( f_pcid=83 ) LIMIT 1   [ RunTime:0.0020s ]
SQL: SELECT * FROM `t_playcity` WHERE ( f_pcid=82 ) LIMIT 1   [ RunTime:0.0020s ]
SQL: SELECT * FROM `t_playcity` WHERE ( f_pcid=85 ) LIMIT 1   [ RunTime:0.0020s ]
SQL: SELECT * FROM `t_playcity` WHERE ( f_pcid=78 ) LIMIT 1   [ RunTime:0.0020s ]
SQL: SELECT * FROM `t_playcity` WHERE ( f_pcid=77 ) LIMIT 1   [ RunTime:0.0020s ]
SQL: SELECT * FROM `t_playcity` WHERE ( f_pcid=90 ) LIMIT 1   [ RunTime:0.0010s ]
SQL: SELECT * FROM `t_playcity` WHERE ( f_pcid=92 ) LIMIT 1   [ RunTime:0.0030s ]
SQL: SELECT * FROM `t_playcity` WHERE ( f_pcid=93 ) LIMIT 1   [ RunTime:0.0020s ]
SQL: SELECT * FROM `t_playcity` WHERE ( f_pcid=94 ) LIMIT 1   [ RunTime:0.0010s ]
SQL: SELECT * FROM `t_playcity` WHERE ( f_pcid=95 ) LIMIT 1   [ RunTime:0.0030s ]
SQL: SELECT * FROM `t_playcity` WHERE ( f_pcid=101 ) LIMIT 1   [ RunTime:0.0020s ]
SQL: SELECT * FROM `t_playcity` WHERE ( f_pcid=102 ) LIMIT 1   [ RunTime:0.0020s ]
SQL: SELECT * FROM `t_playcity` WHERE ( f_pcid=103 ) LIMIT 1   [ RunTime:0.0030s ]
SQL: SELECT * FROM `t_playcity` WHERE ( f_pcid=105 ) LIMIT 1   [ RunTime:0.0030s ]
NOTIC: [8] Undefined index: unionid D:\wamp\www\wisdom\App\Mobileweb\Controller\HbgameController.class.php 第 230 行.
INFO: [ view_parse ] --START--
INFO: [ template_filter ] --START--
INFO: Run Behavior\ContentReplaceBehavior [ RunTime:0.000000s ]
INFO: [ template_filter ] --END-- [ RunTime:0.000000s ]
NOTIC: [8] Undefined index: helpnice D:\wamp\www\wisdom\App\Runtime\Cache\Mobileweb\2a7d19ae778e2f2fdc5e023a198366e5.php 第 401 行.
NOTIC: [8] Undefined index: helpnice D:\wamp\www\wisdom\App\Runtime\Cache\Mobileweb\2a7d19ae778e2f2fdc5e023a198366e5.php 第 401 行.
NOTIC: [8] Undefined index: helpnice D:\wamp\www\wisdom\App\Runtime\Cache\Mobileweb\2a7d19ae778e2f2fdc5e023a198366e5.php 第 401 行.
INFO: Run Behavior\ParseTemplateBehavior [ RunTime:0.017001s ]
INFO: [ view_parse ] --END-- [ RunTime:0.018001s ]
INFO: [ view_filter ] --START--
INFO: Run Behavior\WriteHtmlCacheBehavior [ RunTime:0.004000s ]
INFO: [ view_filter ] --END-- [ RunTime:0.005000s ]
INFO: [ app_end ] --START--
INFO: Run Behavior\ShowPageTraceBehavior [ RunTime:0.003001s ]
INFO: [ app_end ] --END-- [ RunTime:0.003001s ]

