[ 2016-01-06T09:52:59+08:00 ] ::1 /wisdom/index.php/Mobileweb/Events/activitys
INFO: [ app_init ] --START--
INFO: Run Behavior\BuildLiteBehavior [ RunTime:0.000000s ]
INFO: [ app_init ] --END-- [ RunTime:0.038002s ]
INFO: [ app_begin ] --START--
INFO: Run Behavior\ReadHtmlCacheBehavior [ RunTime:0.003000s ]
INFO: [ app_begin ] --END-- [ RunTime:0.003000s ]
INFO: [ view_parse ] --START--
INFO: [ template_filter ] --START--
INFO: Run Behavior\ContentReplaceBehavior [ RunTime:0.000000s ]
INFO: [ template_filter ] --END-- [ RunTime:0.005001s ]
NOTIC: [8] Undefined variable: webtitle D:\wamp\www\wisdom\App\Runtime\Cache\Mobileweb\4d74b8d4706b643b4974e919884ffcb7.php 第 3 行.
INFO: Run Behavior\ParseTemplateBehavior [ RunTime:0.500029s ]
INFO: [ view_parse ] --END-- [ RunTime:0.501029s ]
INFO: [ view_filter ] --START--
INFO: Run Behavior\WriteHtmlCacheBehavior [ RunTime:0.040002s ]
INFO: [ view_filter ] --END-- [ RunTime:0.040002s ]
INFO: [ app_end ] --START--
INFO: Run Behavior\ShowPageTraceBehavior [ RunTime:0.004001s ]
INFO: [ app_end ] --END-- [ RunTime:0.004001s ]

[ 2016-01-06T09:53:09+08:00 ] ::1 /wisdom/index.php/Mobileweb/Events/activitys
INFO: [ app_init ] --START--
INFO: Run Behavior\BuildLiteBehavior [ RunTime:0.000000s ]
INFO: [ app_init ] --END-- [ RunTime:0.007001s ]
INFO: [ app_begin ] --START--
INFO: Run Behavior\ReadHtmlCacheBehavior [ RunTime:0.016001s ]
INFO: [ app_begin ] --END-- [ RunTime:0.016001s ]
INFO: [ view_parse ] --START--
INFO: [ template_filter ] --START--
INFO: Run Behavior\ContentReplaceBehavior [ RunTime:0.000000s ]
INFO: [ template_filter ] --END-- [ RunTime:0.000000s ]
NOTIC: [8] Undefined variable: webtitle D:\wamp\www\wisdom\App\Runtime\Cache\Mobileweb\4d74b8d4706b643b4974e919884ffcb7.php 第 3 行.
INFO: Run Behavior\ParseTemplateBehavior [ RunTime:0.088005s ]
INFO: [ view_parse ] --END-- [ RunTime:0.088005s ]
INFO: [ view_filter ] --START--
INFO: Run Behavior\WriteHtmlCacheBehavior [ RunTime:0.003000s ]
INFO: [ view_filter ] --END-- [ RunTime:0.004000s ]
INFO: [ app_end ] --START--
INFO: Run Behavior\ShowPageTraceBehavior [ RunTime:0.003001s ]
INFO: [ app_end ] --END-- [ RunTime:0.005001s ]

[ 2016-01-06T09:57:04+08:00 ] ::1 /wisdom/index.php/Mobileweb/Events/activitys
INFO: [ app_init ] --START--
INFO: Run Behavior\BuildLiteBehavior [ RunTime:0.000000s ]
INFO: [ app_init ] --END-- [ RunTime:0.002000s ]
INFO: [ app_begin ] --START--
INFO: Run Behavior\ReadHtmlCacheBehavior [ RunTime:0.002001s ]
INFO: [ app_begin ] --END-- [ RunTime:0.002001s ]
INFO: [ view_parse ] --START--
INFO: [ template_filter ] --START--
INFO: Run Behavior\ContentReplaceBehavior [ RunTime:0.000000s ]
INFO: [ template_filter ] --END-- [ RunTime:0.001000s ]
NOTIC: [8] Undefined variable: webtitle D:\wamp\www\wisdom\App\Runtime\Cache\Mobileweb\4d74b8d4706b643b4974e919884ffcb7.php 第 3 行.
INFO: Run Behavior\ParseTemplateBehavior [ RunTime:0.056003s ]
INFO: [ view_parse ] --END-- [ RunTime:0.056003s ]
INFO: [ view_filter ] --START--
INFO: Run Behavior\WriteHtmlCacheBehavior [ RunTime:0.006000s ]
INFO: [ view_filter ] --END-- [ RunTime:0.006000s ]
INFO: [ app_end ] --START--
INFO: Run Behavior\ShowPageTraceBehavior [ RunTime:0.002000s ]
INFO: [ app_end ] --END-- [ RunTime:0.002000s ]

[ 2016-01-06T09:57:16+08:00 ] ::1 /wisdom/index.php/Mobileweb/Events/activitys
INFO: [ app_init ] --START--
INFO: Run Behavior\BuildLiteBehavior [ RunTime:0.000000s ]
INFO: [ app_init ] --END-- [ RunTime:0.002000s ]
INFO: [ app_begin ] --START--
INFO: Run Behavior\ReadHtmlCacheBehavior [ RunTime:0.002000s ]
INFO: [ app_begin ] --END-- [ RunTime:0.002000s ]
INFO: [ view_parse ] --START--
INFO: [ template_filter ] --START--
INFO: Run Behavior\ContentReplaceBehavior [ RunTime:0.000000s ]
INFO: [ template_filter ] --END-- [ RunTime:0.001000s ]
NOTIC: [8] Undefined variable: webtitle D:\wamp\www\wisdom\App\Runtime\Cache\Mobileweb\4d74b8d4706b643b4974e919884ffcb7.php 第 3 行.
INFO: Run Behavior\ParseTemplateBehavior [ RunTime:0.032002s ]
INFO: [ view_parse ] --END-- [ RunTime:0.032002s ]
INFO: [ view_filter ] --START--
INFO: Run Behavior\WriteHtmlCacheBehavior [ RunTime:0.001000s ]
INFO: [ view_filter ] --END-- [ RunTime:0.001000s ]
INFO: [ app_end ] --START--
INFO: Run Behavior\ShowPageTraceBehavior [ RunTime:0.003000s ]
INFO: [ app_end ] --END-- [ RunTime:0.003000s ]

[ 2016-01-06T09:58:20+08:00 ] ::1 /wisdom/index.php/Mobileweb/Events/activitys
INFO: [ app_init ] --START--
INFO: Run Behavior\BuildLiteBehavior [ RunTime:0.001000s ]
INFO: [ app_init ] --END-- [ RunTime:0.016001s ]
INFO: [ app_begin ] --START--
INFO: Run Behavior\ReadHtmlCacheBehavior [ RunTime:0.001000s ]
INFO: [ app_begin ] --END-- [ RunTime:0.001000s ]
INFO: [ view_parse ] --START--
INFO: [ template_filter ] --START--
INFO: Run Behavior\ContentReplaceBehavior [ RunTime:0.000000s ]
INFO: [ template_filter ] --END-- [ RunTime:0.001000s ]
NOTIC: [8] Undefined variable: webtitle D:\wamp\www\wisdom\App\Runtime\Cache\Mobileweb\4d74b8d4706b643b4974e919884ffcb7.php 第 3 行.
INFO: Run Behavior\ParseTemplateBehavior [ RunTime:0.033002s ]
INFO: [ view_parse ] --END-- [ RunTime:0.033002s ]
INFO: [ view_filter ] --START--
INFO: Run Behavior\WriteHtmlCacheBehavior [ RunTime:0.002000s ]
INFO: [ view_filter ] --END-- [ RunTime:0.002000s ]
INFO: [ app_end ] --START--
INFO: Run Behavior\ShowPageTraceBehavior [ RunTime:0.001000s ]
INFO: [ app_end ] --END-- [ RunTime:0.002000s ]

[ 2016-01-06T09:58:41+08:00 ] ::1 /wisdom/index.php/Mobileweb/Events/activity
INFO: [ app_init ] --START--
INFO: Run Behavior\BuildLiteBehavior [ RunTime:0.000000s ]
INFO: [ app_init ] --END-- [ RunTime:0.002001s ]
INFO: [ app_begin ] --START--
INFO: Run Behavior\ReadHtmlCacheBehavior [ RunTime:0.001000s ]
INFO: [ app_begin ] --END-- [ RunTime:0.001000s ]
NOTIC: [8] Undefined index: userid D:\wamp\www\wisdom\App\Mobileweb\Controller\EventsController.class.php 第 46 行.
NOTIC: [8] Undefined index: userid D:\wamp\www\wisdom\App\Mobileweb\Controller\EventsController.class.php 第 47 行.
NOTIC: [8] Undefined index: list D:\wamp\www\wisdom\App\Mobileweb\Controller\EventsController.class.php 第 62 行.
INFO: [ view_parse ] --START--
INFO: [ template_filter ] --START--
INFO: Run Behavior\ContentReplaceBehavior [ RunTime:0.000000s ]
INFO: [ template_filter ] --END-- [ RunTime:0.000000s ]
NOTIC: [8] Undefined variable: webtitle D:\wamp\www\wisdom\App\Runtime\Cache\Mobileweb\b5267e01ce5f5a22043e3d32417430a1.php 第 3 行.
INFO: Run Behavior\ParseTemplateBehavior [ RunTime:0.033002s ]
INFO: [ view_parse ] --END-- [ RunTime:0.033002s ]
INFO: [ view_filter ] --START--
INFO: Run Behavior\WriteHtmlCacheBehavior [ RunTime:0.002000s ]
INFO: [ view_filter ] --END-- [ RunTime:0.003000s ]
INFO: [ app_end ] --START--
INFO: Run Behavior\ShowPageTraceBehavior [ RunTime:0.004000s ]
INFO: [ app_end ] --END-- [ RunTime:0.004000s ]

[ 2016-01-06T09:59:50+08:00 ] ::1 /wisdom/index.php/Mobileweb/Events/activitys
INFO: [ app_init ] --START--
INFO: Run Behavior\BuildLiteBehavior [ RunTime:0.000000s ]
INFO: [ app_init ] --END-- [ RunTime:0.001000s ]
INFO: [ app_begin ] --START--
INFO: Run Behavior\ReadHtmlCacheBehavior [ RunTime:0.001000s ]
INFO: [ app_begin ] --END-- [ RunTime:0.001000s ]
INFO: [ view_parse ] --START--
INFO: [ template_filter ] --START--
INFO: Run Behavior\ContentReplaceBehavior [ RunTime:0.001000s ]
INFO: [ template_filter ] --END-- [ RunTime:0.001000s ]
NOTIC: [8] Undefined variable: webtitle D:\wamp\www\wisdom\App\Runtime\Cache\Mobileweb\4d74b8d4706b643b4974e919884ffcb7.php 第 3 行.
INFO: Run Behavior\ParseTemplateBehavior [ RunTime:0.020001s ]
INFO: [ view_parse ] --END-- [ RunTime:0.021001s ]
INFO: [ view_filter ] --START--
INFO: Run Behavior\WriteHtmlCacheBehavior [ RunTime:0.002000s ]
INFO: [ view_filter ] --END-- [ RunTime:0.002000s ]
INFO: [ app_end ] --START--
INFO: Run Behavior\ShowPageTraceBehavior [ RunTime:0.002000s ]
INFO: [ app_end ] --END-- [ RunTime:0.003000s ]

[ 2016-01-06T09:59:54+08:00 ] ::1 /wisdom/index.php/Mobileweb/Events/activitys
INFO: [ app_init ] --START--
INFO: Run Behavior\BuildLiteBehavior [ RunTime:0.000000s ]
INFO: [ app_init ] --END-- [ RunTime:0.001000s ]
INFO: [ app_begin ] --START--
INFO: Run Behavior\ReadHtmlCacheBehavior [ RunTime:0.002000s ]
INFO: [ app_begin ] --END-- [ RunTime:0.002000s ]
INFO: [ view_parse ] --START--
INFO: [ template_filter ] --START--
INFO: Run Behavior\ContentReplaceBehavior [ RunTime:0.000000s ]
INFO: [ template_filter ] --END-- [ RunTime:0.000000s ]
NOTIC: [8] Undefined variable: webtitle D:\wamp\www\wisdom\App\Runtime\Cache\Mobileweb\4d74b8d4706b643b4974e919884ffcb7.php 第 3 行.
INFO: Run Behavior\ParseTemplateBehavior [ RunTime:0.022001s ]
INFO: [ view_parse ] --END-- [ RunTime:0.022001s ]
INFO: [ view_filter ] --START--
INFO: Run Behavior\WriteHtmlCacheBehavior [ RunTime:0.002000s ]
INFO: [ view_filter ] --END-- [ RunTime:0.003000s ]
INFO: [ app_end ] --START--
INFO: Run Behavior\ShowPageTraceBehavior [ RunTime:0.000000s ]
INFO: [ app_end ] --END-- [ RunTime:0.001000s ]

[ 2016-01-06T10:00:00+08:00 ] ::1 /wisdom/index.php/Mobileweb/Events/activitys
INFO: [ app_init ] --START--
INFO: Run Behavior\BuildLiteBehavior [ RunTime:0.000000s ]
INFO: [ app_init ] --END-- [ RunTime:0.006001s ]
INFO: [ app_begin ] --START--
INFO: Run Behavior\ReadHtmlCacheBehavior [ RunTime:0.005001s ]
INFO: [ app_begin ] --END-- [ RunTime:0.006001s ]
INFO: [ view_parse ] --START--
INFO: [ template_filter ] --START--
INFO: Run Behavior\ContentReplaceBehavior [ RunTime:0.000000s ]
INFO: [ template_filter ] --END-- [ RunTime:0.000000s ]
NOTIC: [8] Undefined variable: webtitle D:\wamp\www\wisdom\App\Runtime\Cache\Mobileweb\4d74b8d4706b643b4974e919884ffcb7.php 第 3 行.
INFO: Run Behavior\ParseTemplateBehavior [ RunTime:0.029002s ]
INFO: [ view_parse ] --END-- [ RunTime:0.029002s ]
INFO: [ view_filter ] --START--
INFO: Run Behavior\WriteHtmlCacheBehavior [ RunTime:0.001000s ]
INFO: [ view_filter ] --END-- [ RunTime:0.001000s ]
INFO: [ app_end ] --START--
INFO: Run Behavior\ShowPageTraceBehavior [ RunTime:0.001000s ]
INFO: [ app_end ] --END-- [ RunTime:0.001000s ]

[ 2016-01-06T10:00:15+08:00 ] ::1 /wisdom/index.php/Mobileweb/Events/activitys
INFO: [ app_init ] --START--
INFO: Run Behavior\BuildLiteBehavior [ RunTime:0.000000s ]
INFO: [ app_init ] --END-- [ RunTime:0.001000s ]
INFO: [ app_begin ] --START--
INFO: Run Behavior\ReadHtmlCacheBehavior [ RunTime:0.002000s ]
INFO: [ app_begin ] --END-- [ RunTime:0.002000s ]
INFO: [ view_parse ] --START--
INFO: [ template_filter ] --START--
INFO: Run Behavior\ContentReplaceBehavior [ RunTime:0.000000s ]
INFO: [ template_filter ] --END-- [ RunTime:0.001000s ]
NOTIC: [8] Undefined variable: webtitle D:\wamp\www\wisdom\App\Runtime\Cache\Mobileweb\4d74b8d4706b643b4974e919884ffcb7.php 第 3 行.
INFO: Run Behavior\ParseTemplateBehavior [ RunTime:0.027002s ]
INFO: [ view_parse ] --END-- [ RunTime:0.027002s ]
INFO: [ view_filter ] --START--
INFO: Run Behavior\WriteHtmlCacheBehavior [ RunTime:0.004000s ]
INFO: [ view_filter ] --END-- [ RunTime:0.005000s ]
INFO: [ app_end ] --START--
INFO: Run Behavior\ShowPageTraceBehavior [ RunTime:0.006000s ]
INFO: [ app_end ] --END-- [ RunTime:0.006000s ]

[ 2016-01-06T10:01:54+08:00 ] ::1 /wisdom/index.php/Mobileweb/Events/activity
INFO: [ app_init ] --START--
INFO: Run Behavior\BuildLiteBehavior [ RunTime:0.000000s ]
INFO: [ app_init ] --END-- [ RunTime:0.002000s ]
INFO: [ app_begin ] --START--
INFO: Run Behavior\ReadHtmlCacheBehavior [ RunTime:0.006000s ]
INFO: [ app_begin ] --END-- [ RunTime:0.006000s ]
NOTIC: [8] Undefined index: userid D:\wamp\www\wisdom\App\Mobileweb\Controller\EventsController.class.php 第 46 行.
NOTIC: [8] Undefined index: userid D:\wamp\www\wisdom\App\Mobileweb\Controller\EventsController.class.php 第 47 行.
NOTIC: [8] Undefined index: list D:\wamp\www\wisdom\App\Mobileweb\Controller\EventsController.class.php 第 62 行.
INFO: [ view_parse ] --START--
INFO: [ template_filter ] --START--
INFO: Run Behavior\ContentReplaceBehavior [ RunTime:0.000000s ]
INFO: [ template_filter ] --END-- [ RunTime:0.001000s ]
NOTIC: [8] Undefined variable: webtitle D:\wamp\www\wisdom\App\Runtime\Cache\Mobileweb\b5267e01ce5f5a22043e3d32417430a1.php 第 3 行.
INFO: Run Behavior\ParseTemplateBehavior [ RunTime:0.019001s ]
INFO: [ view_parse ] --END-- [ RunTime:0.019001s ]
INFO: [ view_filter ] --START--
INFO: Run Behavior\WriteHtmlCacheBehavior [ RunTime:0.001000s ]
INFO: [ view_filter ] --END-- [ RunTime:0.001000s ]
INFO: [ app_end ] --START--
INFO: Run Behavior\ShowPageTraceBehavior [ RunTime:0.001000s ]
INFO: [ app_end ] --END-- [ RunTime:0.001000s ]

[ 2016-01-06T10:11:57+08:00 ] ::1 /wisdom/index.php/Mobileweb/Events/activity
INFO: [ app_init ] --START--
INFO: Run Behavior\BuildLiteBehavior [ RunTime:0.000000s ]
INFO: [ app_init ] --END-- [ RunTime:0.003000s ]
INFO: [ app_begin ] --START--
INFO: Run Behavior\ReadHtmlCacheBehavior [ RunTime:0.011000s ]
INFO: [ app_begin ] --END-- [ RunTime:0.011000s ]
NOTIC: [8] Undefined index: userid D:\wamp\www\wisdom\App\Mobileweb\Controller\EventsController.class.php 第 46 行.
NOTIC: [8] Undefined index: userid D:\wamp\www\wisdom\App\Mobileweb\Controller\EventsController.class.php 第 47 行.
NOTIC: [8] Undefined index: list D:\wamp\www\wisdom\App\Mobileweb\Controller\EventsController.class.php 第 62 行.
INFO: [ view_parse ] --START--
INFO: [ template_filter ] --START--
INFO: Run Behavior\ContentReplaceBehavior [ RunTime:0.000000s ]
INFO: [ template_filter ] --END-- [ RunTime:0.001000s ]
NOTIC: [8] Undefined variable: webtitle D:\wamp\www\wisdom\App\Runtime\Cache\Mobileweb\b5267e01ce5f5a22043e3d32417430a1.php 第 3 行.
INFO: Run Behavior\ParseTemplateBehavior [ RunTime:0.026002s ]
INFO: [ view_parse ] --END-- [ RunTime:0.026002s ]
INFO: [ view_filter ] --START--
INFO: Run Behavior\WriteHtmlCacheBehavior [ RunTime:0.004000s ]
INFO: [ view_filter ] --END-- [ RunTime:0.005000s ]
INFO: [ app_end ] --START--
INFO: Run Behavior\ShowPageTraceBehavior [ RunTime:0.005001s ]
INFO: [ app_end ] --END-- [ RunTime:0.006001s ]

[ 2016-01-06T10:12:21+08:00 ] ::1 /wisdom/index.php/Mobileweb/Events/activity
INFO: [ app_init ] --START--
INFO: Run Behavior\BuildLiteBehavior [ RunTime:0.000000s ]
INFO: [ app_init ] --END-- [ RunTime:0.001000s ]
INFO: [ app_begin ] --START--
INFO: Run Behavior\ReadHtmlCacheBehavior [ RunTime:0.001000s ]
INFO: [ app_begin ] --END-- [ RunTime:0.001000s ]
NOTIC: [8] Undefined index: userid D:\wamp\www\wisdom\App\Mobileweb\Controller\EventsController.class.php 第 46 行.
NOTIC: [8] Undefined index: userid D:\wamp\www\wisdom\App\Mobileweb\Controller\EventsController.class.php 第 47 行.
NOTIC: [8] Undefined index: list D:\wamp\www\wisdom\App\Mobileweb\Controller\EventsController.class.php 第 62 行.
INFO: [ view_parse ] --START--
INFO: [ template_filter ] --START--
INFO: Run Behavior\ContentReplaceBehavior [ RunTime:0.000000s ]
INFO: [ template_filter ] --END-- [ RunTime:0.000000s ]
NOTIC: [8] Undefined variable: webtitle D:\wamp\www\wisdom\App\Runtime\Cache\Mobileweb\b5267e01ce5f5a22043e3d32417430a1.php 第 3 行.
INFO: Run Behavior\ParseTemplateBehavior [ RunTime:0.025001s ]
INFO: [ view_parse ] --END-- [ RunTime:0.026001s ]
INFO: [ view_filter ] --START--
INFO: Run Behavior\WriteHtmlCacheBehavior [ RunTime:0.001000s ]
INFO: [ view_filter ] --END-- [ RunTime:0.001000s ]
INFO: [ app_end ] --START--
INFO: Run Behavior\ShowPageTraceBehavior [ RunTime:0.001000s ]
INFO: [ app_end ] --END-- [ RunTime:0.001000s ]

[ 2016-01-06T10:12:47+08:00 ] ::1 /wisdom/index.php/Mobileweb/Events/activity
INFO: [ app_init ] --START--
INFO: Run Behavior\BuildLiteBehavior [ RunTime:0.000000s ]
INFO: [ app_init ] --END-- [ RunTime:0.001000s ]
INFO: [ app_begin ] --START--
INFO: Run Behavior\ReadHtmlCacheBehavior [ RunTime:0.007000s ]
INFO: [ app_begin ] --END-- [ RunTime:0.008000s ]
NOTIC: [8] Undefined index: userid D:\wamp\www\wisdom\App\Mobileweb\Controller\EventsController.class.php 第 46 行.
NOTIC: [8] Undefined index: userid D:\wamp\www\wisdom\App\Mobileweb\Controller\EventsController.class.php 第 47 行.
NOTIC: [8] Undefined index: list D:\wamp\www\wisdom\App\Mobileweb\Controller\EventsController.class.php 第 62 行.
INFO: [ view_parse ] --START--
INFO: [ template_filter ] --START--
INFO: Run Behavior\ContentReplaceBehavior [ RunTime:0.000000s ]
INFO: [ template_filter ] --END-- [ RunTime:0.001000s ]
NOTIC: [8] Undefined variable: webtitle D:\wamp\www\wisdom\App\Runtime\Cache\Mobileweb\b5267e01ce5f5a22043e3d32417430a1.php 第 3 行.
INFO: Run Behavior\ParseTemplateBehavior [ RunTime:0.054003s ]
INFO: [ view_parse ] --END-- [ RunTime:0.054003s ]
INFO: [ view_filter ] --START--
INFO: Run Behavior\WriteHtmlCacheBehavior [ RunTime:0.002000s ]
INFO: [ view_filter ] --END-- [ RunTime:0.002000s ]
INFO: [ app_end ] --START--
INFO: Run Behavior\ShowPageTraceBehavior [ RunTime:0.002000s ]
INFO: [ app_end ] --END-- [ RunTime:0.003001s ]

[ 2016-01-06T10:13:01+08:00 ] ::1 /wisdom/index.php/Mobileweb/Events/activity
INFO: [ app_init ] --START--
INFO: Run Behavior\BuildLiteBehavior [ RunTime:0.000000s ]
INFO: [ app_init ] --END-- [ RunTime:0.005000s ]
INFO: [ app_begin ] --START--
INFO: Run Behavior\ReadHtmlCacheBehavior [ RunTime:0.002000s ]
INFO: [ app_begin ] --END-- [ RunTime:0.003000s ]
NOTIC: [8] Undefined index: userid D:\wamp\www\wisdom\App\Mobileweb\Controller\EventsController.class.php 第 46 行.
NOTIC: [8] Undefined index: userid D:\wamp\www\wisdom\App\Mobileweb\Controller\EventsController.class.php 第 47 行.
NOTIC: [8] Undefined index: list D:\wamp\www\wisdom\App\Mobileweb\Controller\EventsController.class.php 第 62 行.
INFO: [ view_parse ] --START--
INFO: [ template_filter ] --START--
INFO: Run Behavior\ContentReplaceBehavior [ RunTime:0.000000s ]
INFO: [ template_filter ] --END-- [ RunTime:0.000000s ]
NOTIC: [8] Undefined variable: webtitle D:\wamp\www\wisdom\App\Runtime\Cache\Mobileweb\b5267e01ce5f5a22043e3d32417430a1.php 第 3 行.
INFO: Run Behavior\ParseTemplateBehavior [ RunTime:0.025001s ]
INFO: [ view_parse ] --END-- [ RunTime:0.026001s ]
INFO: [ view_filter ] --START--
INFO: Run Behavior\WriteHtmlCacheBehavior [ RunTime:0.002001s ]
INFO: [ view_filter ] --END-- [ RunTime:0.002001s ]
INFO: [ app_end ] --START--
INFO: Run Behavior\ShowPageTraceBehavior [ RunTime:0.002000s ]
INFO: [ app_end ] --END-- [ RunTime:0.002000s ]

[ 2016-01-06T10:13:20+08:00 ] ::1 /wisdom/index.php/Mobileweb/Events/activity
INFO: [ app_init ] --START--
INFO: Run Behavior\BuildLiteBehavior [ RunTime:0.000000s ]
INFO: [ app_init ] --END-- [ RunTime:0.004000s ]
INFO: [ app_begin ] --START--
INFO: Run Behavior\ReadHtmlCacheBehavior [ RunTime:0.002000s ]
INFO: [ app_begin ] --END-- [ RunTime:0.003000s ]
NOTIC: [8] Undefined index: userid D:\wamp\www\wisdom\App\Mobileweb\Controller\EventsController.class.php 第 46 行.
NOTIC: [8] Undefined index: userid D:\wamp\www\wisdom\App\Mobileweb\Controller\EventsController.class.php 第 47 行.
NOTIC: [8] Undefined index: list D:\wamp\www\wisdom\App\Mobileweb\Controller\EventsController.class.php 第 62 行.
INFO: [ view_parse ] --START--
INFO: [ template_filter ] --START--
INFO: Run Behavior\ContentReplaceBehavior [ RunTime:0.001000s ]
INFO: [ template_filter ] --END-- [ RunTime:0.001000s ]
NOTIC: [8] Undefined variable: webtitle D:\wamp\www\wisdom\App\Runtime\Cache\Mobileweb\b5267e01ce5f5a22043e3d32417430a1.php 第 3 行.
INFO: Run Behavior\ParseTemplateBehavior [ RunTime:0.027001s ]
INFO: [ view_parse ] --END-- [ RunTime:0.027001s ]
INFO: [ view_filter ] --START--
INFO: Run Behavior\WriteHtmlCacheBehavior [ RunTime:0.005001s ]
INFO: [ view_filter ] --END-- [ RunTime:0.005001s ]
INFO: [ app_end ] --START--
INFO: Run Behavior\ShowPageTraceBehavior [ RunTime:0.002000s ]
INFO: [ app_end ] --END-- [ RunTime:0.002000s ]

[ 2016-01-06T10:13:31+08:00 ] ::1 /wisdom/index.php/Mobileweb/Events/activity
INFO: [ app_init ] --START--
INFO: Run Behavior\BuildLiteBehavior [ RunTime:0.000000s ]
INFO: [ app_init ] --END-- [ RunTime:0.006000s ]
INFO: [ app_begin ] --START--
INFO: Run Behavior\ReadHtmlCacheBehavior [ RunTime:0.001001s ]
INFO: [ app_begin ] --END-- [ RunTime:0.002001s ]
NOTIC: [8] Undefined index: userid D:\wamp\www\wisdom\App\Mobileweb\Controller\EventsController.class.php 第 46 行.
NOTIC: [8] Undefined index: userid D:\wamp\www\wisdom\App\Mobileweb\Controller\EventsController.class.php 第 47 行.
NOTIC: [8] Undefined index: list D:\wamp\www\wisdom\App\Mobileweb\Controller\EventsController.class.php 第 62 行.
INFO: [ view_parse ] --START--
INFO: [ template_filter ] --START--
INFO: Run Behavior\ContentReplaceBehavior [ RunTime:0.000000s ]
INFO: [ template_filter ] --END-- [ RunTime:0.001000s ]
NOTIC: [8] Undefined variable: webtitle D:\wamp\www\wisdom\App\Runtime\Cache\Mobileweb\b5267e01ce5f5a22043e3d32417430a1.php 第 3 行.
INFO: Run Behavior\ParseTemplateBehavior [ RunTime:0.020001s ]
INFO: [ view_parse ] --END-- [ RunTime:0.021001s ]
INFO: [ view_filter ] --START--
INFO: Run Behavior\WriteHtmlCacheBehavior [ RunTime:0.001000s ]
INFO: [ view_filter ] --END-- [ RunTime:0.002000s ]
INFO: [ app_end ] --START--
INFO: Run Behavior\ShowPageTraceBehavior [ RunTime:0.002001s ]
INFO: [ app_end ] --END-- [ RunTime:0.002001s ]

[ 2016-01-06T10:13:37+08:00 ] ::1 /wisdom/index.php/Mobileweb/Events/activity
INFO: [ app_init ] --START--
INFO: Run Behavior\BuildLiteBehavior [ RunTime:0.000000s ]
INFO: [ app_init ] --END-- [ RunTime:0.001000s ]
INFO: [ app_begin ] --START--
INFO: Run Behavior\ReadHtmlCacheBehavior [ RunTime:0.002000s ]
INFO: [ app_begin ] --END-- [ RunTime:0.003000s ]
NOTIC: [8] Undefined index: userid D:\wamp\www\wisdom\App\Mobileweb\Controller\EventsController.class.php 第 46 行.
NOTIC: [8] Undefined index: userid D:\wamp\www\wisdom\App\Mobileweb\Controller\EventsController.class.php 第 47 行.
NOTIC: [8] Undefined index: list D:\wamp\www\wisdom\App\Mobileweb\Controller\EventsController.class.php 第 62 行.
INFO: [ view_parse ] --START--
INFO: [ template_filter ] --START--
INFO: Run Behavior\ContentReplaceBehavior [ RunTime:0.001000s ]
INFO: [ template_filter ] --END-- [ RunTime:0.001000s ]
NOTIC: [8] Undefined variable: webtitle D:\wamp\www\wisdom\App\Runtime\Cache\Mobileweb\b5267e01ce5f5a22043e3d32417430a1.php 第 3 行.
INFO: Run Behavior\ParseTemplateBehavior [ RunTime:0.019002s ]
INFO: [ view_parse ] --END-- [ RunTime:0.019002s ]
INFO: [ view_filter ] --START--
INFO: Run Behavior\WriteHtmlCacheBehavior [ RunTime:0.004000s ]
INFO: [ view_filter ] --END-- [ RunTime:0.004000s ]
INFO: [ app_end ] --START--
INFO: Run Behavior\ShowPageTraceBehavior [ RunTime:0.004000s ]
INFO: [ app_end ] --END-- [ RunTime:0.004000s ]

[ 2016-01-06T10:19:50+08:00 ] ::1 /wisdom/index.php/Mobileweb/Events/activity
INFO: [ app_init ] --START--
INFO: Run Behavior\BuildLiteBehavior [ RunTime:0.000000s ]
INFO: [ app_init ] --END-- [ RunTime:0.001000s ]
INFO: [ app_begin ] --START--
INFO: Run Behavior\ReadHtmlCacheBehavior [ RunTime:0.002000s ]
INFO: [ app_begin ] --END-- [ RunTime:0.002000s ]
NOTIC: [8] Undefined index: userid D:\wamp\www\wisdom\App\Mobileweb\Controller\EventsController.class.php 第 46 行.
NOTIC: [8] Undefined index: userid D:\wamp\www\wisdom\App\Mobileweb\Controller\EventsController.class.php 第 47 行.
NOTIC: [8] Undefined index: list D:\wamp\www\wisdom\App\Mobileweb\Controller\EventsController.class.php 第 62 行.
INFO: [ view_parse ] --START--
INFO: [ template_filter ] --START--
INFO: Run Behavior\ContentReplaceBehavior [ RunTime:0.001000s ]
INFO: [ template_filter ] --END-- [ RunTime:0.001000s ]
NOTIC: [8] Undefined variable: webtitle D:\wamp\www\wisdom\App\Runtime\Cache\Mobileweb\b5267e01ce5f5a22043e3d32417430a1.php 第 3 行.
INFO: Run Behavior\ParseTemplateBehavior [ RunTime:0.017001s ]
INFO: [ view_parse ] --END-- [ RunTime:0.017001s ]
INFO: [ view_filter ] --START--
INFO: Run Behavior\WriteHtmlCacheBehavior [ RunTime:0.003000s ]
INFO: [ view_filter ] --END-- [ RunTime:0.004000s ]
INFO: [ app_end ] --START--
INFO: Run Behavior\ShowPageTraceBehavior [ RunTime:0.008001s ]
INFO: [ app_end ] --END-- [ RunTime:0.008001s ]

[ 2016-01-06T10:21:25+08:00 ] ::1 /wisdom/index.php/Mobileweb/Events/activity
INFO: [ app_init ] --START--
INFO: Run Behavior\BuildLiteBehavior [ RunTime:0.000000s ]
INFO: [ app_init ] --END-- [ RunTime:0.002000s ]
INFO: [ app_begin ] --START--
INFO: Run Behavior\ReadHtmlCacheBehavior [ RunTime:0.002000s ]
INFO: [ app_begin ] --END-- [ RunTime:0.003000s ]
NOTIC: [8] Undefined index: userid D:\wamp\www\wisdom\App\Mobileweb\Controller\EventsController.class.php 第 46 行.
NOTIC: [8] Undefined index: userid D:\wamp\www\wisdom\App\Mobileweb\Controller\EventsController.class.php 第 47 行.
NOTIC: [8] Undefined index: list D:\wamp\www\wisdom\App\Mobileweb\Controller\EventsController.class.php 第 62 行.
INFO: [ view_parse ] --START--
INFO: [ template_filter ] --START--
INFO: Run Behavior\ContentReplaceBehavior [ RunTime:0.001000s ]
INFO: [ template_filter ] --END-- [ RunTime:0.001000s ]
NOTIC: [8] Undefined variable: webtitle D:\wamp\www\wisdom\App\Runtime\Cache\Mobileweb\b5267e01ce5f5a22043e3d32417430a1.php 第 3 行.
INFO: Run Behavior\ParseTemplateBehavior [ RunTime:0.013000s ]
INFO: [ view_parse ] --END-- [ RunTime:0.013000s ]
INFO: [ view_filter ] --START--
INFO: Run Behavior\WriteHtmlCacheBehavior [ RunTime:0.000000s ]
INFO: [ view_filter ] --END-- [ RunTime:0.001001s ]
INFO: [ app_end ] --START--
INFO: Run Behavior\ShowPageTraceBehavior [ RunTime:0.000000s ]
INFO: [ app_end ] --END-- [ RunTime:0.001000s ]

[ 2016-01-06T10:25:44+08:00 ] ::1 /wisdom/index.php/Mobileweb/Events/activity
INFO: [ app_init ] --START--
INFO: Run Behavior\BuildLiteBehavior [ RunTime:0.000000s ]
INFO: [ app_init ] --END-- [ RunTime:0.001000s ]
INFO: [ app_begin ] --START--
INFO: Run Behavior\ReadHtmlCacheBehavior [ RunTime:0.002001s ]
INFO: [ app_begin ] --END-- [ RunTime:0.002001s ]
NOTIC: [8] Undefined index: userid D:\wamp\www\wisdom\App\Mobileweb\Controller\EventsController.class.php 第 46 行.
NOTIC: [8] Undefined index: userid D:\wamp\www\wisdom\App\Mobileweb\Controller\EventsController.class.php 第 47 行.
NOTIC: [8] Undefined index: list D:\wamp\www\wisdom\App\Mobileweb\Controller\EventsController.class.php 第 62 行.
INFO: [ view_parse ] --START--
INFO: [ template_filter ] --START--
INFO: Run Behavior\ContentReplaceBehavior [ RunTime:0.001000s ]
INFO: [ template_filter ] --END-- [ RunTime:0.001000s ]
NOTIC: [8] Undefined variable: webtitle D:\wamp\www\wisdom\App\Runtime\Cache\Mobileweb\b5267e01ce5f5a22043e3d32417430a1.php 第 3 行.
INFO: Run Behavior\ParseTemplateBehavior [ RunTime:0.065003s ]
INFO: [ view_parse ] --END-- [ RunTime:0.066003s ]
INFO: [ view_filter ] --START--
INFO: Run Behavior\WriteHtmlCacheBehavior [ RunTime:0.001000s ]
INFO: [ view_filter ] --END-- [ RunTime:0.002000s ]
INFO: [ app_end ] --START--
INFO: Run Behavior\ShowPageTraceBehavior [ RunTime:0.002001s ]
INFO: [ app_end ] --END-- [ RunTime:0.002001s ]

[ 2016-01-06T10:27:44+08:00 ] ::1 /wisdom/index.php/Mobileweb/Events/activity
INFO: [ app_init ] --START--
INFO: Run Behavior\BuildLiteBehavior [ RunTime:0.000000s ]
INFO: [ app_init ] --END-- [ RunTime:0.001000s ]
INFO: [ app_begin ] --START--
INFO: Run Behavior\ReadHtmlCacheBehavior [ RunTime:0.007001s ]
INFO: [ app_begin ] --END-- [ RunTime:0.008001s ]
NOTIC: [8] Undefined index: userid D:\wamp\www\wisdom\App\Mobileweb\Controller\EventsController.class.php 第 46 行.
NOTIC: [8] Undefined index: userid D:\wamp\www\wisdom\App\Mobileweb\Controller\EventsController.class.php 第 47 行.
NOTIC: [8] Undefined index: list D:\wamp\www\wisdom\App\Mobileweb\Controller\EventsController.class.php 第 62 行.
INFO: [ view_parse ] --START--
INFO: [ template_filter ] --START--
INFO: Run Behavior\ContentReplaceBehavior [ RunTime:0.000000s ]
INFO: [ template_filter ] --END-- [ RunTime:0.001000s ]
NOTIC: [8] Undefined variable: webtitle D:\wamp\www\wisdom\App\Runtime\Cache\Mobileweb\b5267e01ce5f5a22043e3d32417430a1.php 第 3 行.
INFO: Run Behavior\ParseTemplateBehavior [ RunTime:0.044003s ]
INFO: [ view_parse ] --END-- [ RunTime:0.045003s ]
INFO: [ view_filter ] --START--
INFO: Run Behavior\WriteHtmlCacheBehavior [ RunTime:0.009000s ]
INFO: [ view_filter ] --END-- [ RunTime:0.009000s ]
INFO: [ app_end ] --START--
INFO: Run Behavior\ShowPageTraceBehavior [ RunTime:0.008001s ]
INFO: [ app_end ] --END-- [ RunTime:0.008001s ]

[ 2016-01-06T10:28:02+08:00 ] ::1 /wisdom/index.php/Mobileweb/Events/activity
INFO: [ app_init ] --START--
INFO: Run Behavior\BuildLiteBehavior [ RunTime:0.000000s ]
INFO: [ app_init ] --END-- [ RunTime:0.002001s ]
INFO: [ app_begin ] --START--
INFO: Run Behavior\ReadHtmlCacheBehavior [ RunTime:0.001000s ]
INFO: [ app_begin ] --END-- [ RunTime:0.001000s ]
NOTIC: [8] Undefined index: userid D:\wamp\www\wisdom\App\Mobileweb\Controller\EventsController.class.php 第 46 行.
NOTIC: [8] Undefined index: userid D:\wamp\www\wisdom\App\Mobileweb\Controller\EventsController.class.php 第 47 行.
NOTIC: [8] Undefined index: list D:\wamp\www\wisdom\App\Mobileweb\Controller\EventsController.class.php 第 62 行.
INFO: [ view_parse ] --START--
INFO: [ template_filter ] --START--
INFO: Run Behavior\ContentReplaceBehavior [ RunTime:0.000000s ]
INFO: [ template_filter ] --END-- [ RunTime:0.001000s ]
NOTIC: [8] Undefined variable: webtitle D:\wamp\www\wisdom\App\Runtime\Cache\Mobileweb\b5267e01ce5f5a22043e3d32417430a1.php 第 3 行.
INFO: Run Behavior\ParseTemplateBehavior [ RunTime:0.027002s ]
INFO: [ view_parse ] --END-- [ RunTime:0.027002s ]
INFO: [ view_filter ] --START--
INFO: Run Behavior\WriteHtmlCacheBehavior [ RunTime:0.001000s ]
INFO: [ view_filter ] --END-- [ RunTime:0.002000s ]
INFO: [ app_end ] --START--
INFO: Run Behavior\ShowPageTraceBehavior [ RunTime:0.001000s ]
INFO: [ app_end ] --END-- [ RunTime:0.001000s ]

[ 2016-01-06T10:28:29+08:00 ] ::1 /wisdom/index.php/Mobileweb/Events/activity
INFO: [ app_init ] --START--
INFO: Run Behavior\BuildLiteBehavior [ RunTime:0.000000s ]
INFO: [ app_init ] --END-- [ RunTime:0.003000s ]
INFO: [ app_begin ] --START--
INFO: Run Behavior\ReadHtmlCacheBehavior [ RunTime:0.009000s ]
INFO: [ app_begin ] --END-- [ RunTime:0.011000s ]
NOTIC: [8] Undefined index: userid D:\wamp\www\wisdom\App\Mobileweb\Controller\EventsController.class.php 第 46 行.
NOTIC: [8] Undefined index: userid D:\wamp\www\wisdom\App\Mobileweb\Controller\EventsController.class.php 第 47 行.
NOTIC: [8] Undefined index: list D:\wamp\www\wisdom\App\Mobileweb\Controller\EventsController.class.php 第 62 行.
INFO: [ view_parse ] --START--
INFO: [ template_filter ] --START--
INFO: Run Behavior\ContentReplaceBehavior [ RunTime:0.000000s ]
INFO: [ template_filter ] --END-- [ RunTime:0.000000s ]
NOTIC: [8] Undefined variable: webtitle D:\wamp\www\wisdom\App\Runtime\Cache\Mobileweb\b5267e01ce5f5a22043e3d32417430a1.php 第 3 行.
INFO: Run Behavior\ParseTemplateBehavior [ RunTime:0.082004s ]
INFO: [ view_parse ] --END-- [ RunTime:0.083005s ]
INFO: [ view_filter ] --START--
INFO: Run Behavior\WriteHtmlCacheBehavior [ RunTime:0.002000s ]
INFO: [ view_filter ] --END-- [ RunTime:0.002000s ]
INFO: [ app_end ] --START--
INFO: Run Behavior\ShowPageTraceBehavior [ RunTime:0.005000s ]
INFO: [ app_end ] --END-- [ RunTime:0.006000s ]

[ 2016-01-06T10:29:32+08:00 ] ::1 /wisdom/index.php/Mobileweb/Events/activity
INFO: [ app_init ] --START--
INFO: Run Behavior\BuildLiteBehavior [ RunTime:0.000000s ]
INFO: [ app_init ] --END-- [ RunTime:0.003000s ]
INFO: [ app_begin ] --START--
INFO: Run Behavior\ReadHtmlCacheBehavior [ RunTime:0.002000s ]
INFO: [ app_begin ] --END-- [ RunTime:0.002000s ]
NOTIC: [8] Undefined index: userid D:\wamp\www\wisdom\App\Mobileweb\Controller\EventsController.class.php 第 46 行.
NOTIC: [8] Undefined index: userid D:\wamp\www\wisdom\App\Mobileweb\Controller\EventsController.class.php 第 47 行.
NOTIC: [8] Undefined index: list D:\wamp\www\wisdom\App\Mobileweb\Controller\EventsController.class.php 第 62 行.
INFO: [ view_parse ] --START--
INFO: [ template_filter ] --START--
INFO: Run Behavior\ContentReplaceBehavior [ RunTime:0.001000s ]
INFO: [ template_filter ] --END-- [ RunTime:0.001000s ]
NOTIC: [8] Undefined variable: webtitle D:\wamp\www\wisdom\App\Runtime\Cache\Mobileweb\b5267e01ce5f5a22043e3d32417430a1.php 第 3 行.
INFO: Run Behavior\ParseTemplateBehavior [ RunTime:0.032002s ]
INFO: [ view_parse ] --END-- [ RunTime:0.033002s ]
INFO: [ view_filter ] --START--
INFO: Run Behavior\WriteHtmlCacheBehavior [ RunTime:0.002000s ]
INFO: [ view_filter ] --END-- [ RunTime:0.002000s ]
INFO: [ app_end ] --START--
INFO: Run Behavior\ShowPageTraceBehavior [ RunTime:0.003000s ]
INFO: [ app_end ] --END-- [ RunTime:0.003000s ]

[ 2016-01-06T11:36:47+08:00 ] ::1 /wisdom/index.php/Mobileweb/Events/activitys
INFO: [ app_init ] --START--
INFO: Run Behavior\BuildLiteBehavior [ RunTime:0.000000s ]
INFO: [ app_init ] --END-- [ RunTime:0.001001s ]
INFO: [ app_begin ] --START--
INFO: Run Behavior\ReadHtmlCacheBehavior [ RunTime:0.002000s ]
INFO: [ app_begin ] --END-- [ RunTime:0.002000s ]
INFO: [ view_parse ] --START--
INFO: [ template_filter ] --START--
INFO: Run Behavior\ContentReplaceBehavior [ RunTime:0.000000s ]
INFO: [ template_filter ] --END-- [ RunTime:0.000000s ]
NOTIC: [8] Undefined variable: webtitle D:\wamp\www\wisdom\App\Runtime\Cache\Mobileweb\4d74b8d4706b643b4974e919884ffcb7.php 第 3 行.
INFO: Run Behavior\ParseTemplateBehavior [ RunTime:0.047003s ]
INFO: [ view_parse ] --END-- [ RunTime:0.047003s ]
INFO: [ view_filter ] --START--
INFO: Run Behavior\WriteHtmlCacheBehavior [ RunTime:0.002000s ]
INFO: [ view_filter ] --END-- [ RunTime:0.002000s ]
INFO: [ app_end ] --START--
INFO: Run Behavior\ShowPageTraceBehavior [ RunTime:0.005000s ]
INFO: [ app_end ] --END-- [ RunTime:0.006001s ]

[ 2016-01-06T11:47:42+08:00 ] ::1 /wisdom/index.php/Mobileweb/Events/activitys
INFO: [ app_init ] --START--
INFO: Run Behavior\BuildLiteBehavior [ RunTime:0.000000s ]
INFO: [ app_init ] --END-- [ RunTime:0.001000s ]
INFO: [ app_begin ] --START--
INFO: Run Behavior\ReadHtmlCacheBehavior [ RunTime:0.003000s ]
INFO: [ app_begin ] --END-- [ RunTime:0.003000s ]
INFO: [ view_parse ] --START--
INFO: [ template_filter ] --START--
INFO: Run Behavior\ContentReplaceBehavior [ RunTime:0.000000s ]
INFO: [ template_filter ] --END-- [ RunTime:0.000000s ]
NOTIC: [8] Undefined variable: webtitle D:\wamp\www\wisdom\App\Runtime\Cache\Mobileweb\4d74b8d4706b643b4974e919884ffcb7.php 第 3 行.
INFO: Run Behavior\ParseTemplateBehavior [ RunTime:0.029002s ]
INFO: [ view_parse ] --END-- [ RunTime:0.029002s ]
INFO: [ view_filter ] --START--
INFO: Run Behavior\WriteHtmlCacheBehavior [ RunTime:0.002000s ]
INFO: [ view_filter ] --END-- [ RunTime:0.002000s ]
INFO: [ app_end ] --START--
INFO: Run Behavior\ShowPageTraceBehavior [ RunTime:0.002000s ]
INFO: [ app_end ] --END-- [ RunTime:0.002000s ]

[ 2016-01-06T11:47:47+08:00 ] ::1 /wisdom/index.php/Mobileweb/Events/activitys
INFO: [ app_init ] --START--
INFO: Run Behavior\BuildLiteBehavior [ RunTime:0.000000s ]
INFO: [ app_init ] --END-- [ RunTime:0.002000s ]
INFO: [ app_begin ] --START--
INFO: Run Behavior\ReadHtmlCacheBehavior [ RunTime:0.011000s ]
INFO: [ app_begin ] --END-- [ RunTime:0.013000s ]
INFO: [ view_parse ] --START--
INFO: [ template_filter ] --START--
INFO: Run Behavior\ContentReplaceBehavior [ RunTime:0.000000s ]
INFO: [ template_filter ] --END-- [ RunTime:0.001000s ]
NOTIC: [8] Undefined variable: webtitle D:\wamp\www\wisdom\App\Runtime\Cache\Mobileweb\4d74b8d4706b643b4974e919884ffcb7.php 第 3 行.
INFO: Run Behavior\ParseTemplateBehavior [ RunTime:0.044002s ]
INFO: [ view_parse ] --END-- [ RunTime:0.046002s ]
INFO: [ view_filter ] --START--
INFO: Run Behavior\WriteHtmlCacheBehavior [ RunTime:0.003001s ]
INFO: [ view_filter ] --END-- [ RunTime:0.004001s ]
INFO: [ app_end ] --START--
INFO: Run Behavior\ShowPageTraceBehavior [ RunTime:0.006000s ]
INFO: [ app_end ] --END-- [ RunTime:0.006000s ]

[ 2016-01-06T11:50:37+08:00 ] ::1 /wisdom/index.php/Mobileweb/Events/activity
INFO: [ app_init ] --START--
INFO: Run Behavior\BuildLiteBehavior [ RunTime:0.000000s ]
INFO: [ app_init ] --END-- [ RunTime:0.003000s ]
INFO: [ app_begin ] --START--
INFO: Run Behavior\ReadHtmlCacheBehavior [ RunTime:0.001000s ]
INFO: [ app_begin ] --END-- [ RunTime:0.001000s ]
NOTIC: [8] Undefined index: userid D:\wamp\www\wisdom\App\Mobileweb\Controller\EventsController.class.php 第 46 行.
NOTIC: [8] Undefined index: userid D:\wamp\www\wisdom\App\Mobileweb\Controller\EventsController.class.php 第 47 行.
NOTIC: [8] Undefined index: list D:\wamp\www\wisdom\App\Mobileweb\Controller\EventsController.class.php 第 62 行.
INFO: [ view_parse ] --START--
INFO: [ template_filter ] --START--
INFO: Run Behavior\ContentReplaceBehavior [ RunTime:0.000000s ]
INFO: [ template_filter ] --END-- [ RunTime:0.000000s ]
NOTIC: [8] Undefined variable: webtitle D:\wamp\www\wisdom\App\Runtime\Cache\Mobileweb\b5267e01ce5f5a22043e3d32417430a1.php 第 3 行.
INFO: Run Behavior\ParseTemplateBehavior [ RunTime:0.034002s ]
INFO: [ view_parse ] --END-- [ RunTime:0.035002s ]
INFO: [ view_filter ] --START--
INFO: Run Behavior\WriteHtmlCacheBehavior [ RunTime:0.002000s ]
INFO: [ view_filter ] --END-- [ RunTime:0.002000s ]
INFO: [ app_end ] --START--
INFO: Run Behavior\ShowPageTraceBehavior [ RunTime:0.002000s ]
INFO: [ app_end ] --END-- [ RunTime:0.002000s ]

[ 2016-01-06T11:50:49+08:00 ] ::1 /wisdom/index.php/Mobileweb/Events/activity
INFO: [ app_init ] --START--
INFO: Run Behavior\BuildLiteBehavior [ RunTime:0.000000s ]
INFO: [ app_init ] --END-- [ RunTime:0.001001s ]
INFO: [ app_begin ] --START--
INFO: Run Behavior\ReadHtmlCacheBehavior [ RunTime:0.002000s ]
INFO: [ app_begin ] --END-- [ RunTime:0.002000s ]
NOTIC: [8] Undefined index: userid D:\wamp\www\wisdom\App\Mobileweb\Controller\EventsController.class.php 第 46 行.
NOTIC: [8] Undefined index: userid D:\wamp\www\wisdom\App\Mobileweb\Controller\EventsController.class.php 第 47 行.
NOTIC: [8] Undefined index: list D:\wamp\www\wisdom\App\Mobileweb\Controller\EventsController.class.php 第 62 行.
INFO: [ view_parse ] --START--
INFO: [ template_filter ] --START--
INFO: Run Behavior\ContentReplaceBehavior [ RunTime:0.000000s ]
INFO: [ template_filter ] --END-- [ RunTime:0.000000s ]
NOTIC: [8] Undefined variable: webtitle D:\wamp\www\wisdom\App\Runtime\Cache\Mobileweb\b5267e01ce5f5a22043e3d32417430a1.php 第 3 行.
INFO: Run Behavior\ParseTemplateBehavior [ RunTime:0.026001s ]
INFO: [ view_parse ] --END-- [ RunTime:0.027001s ]
INFO: [ view_filter ] --START--
INFO: Run Behavior\WriteHtmlCacheBehavior [ RunTime:0.001000s ]
INFO: [ view_filter ] --END-- [ RunTime:0.002000s ]
INFO: [ app_end ] --START--
INFO: Run Behavior\ShowPageTraceBehavior [ RunTime:0.001000s ]
INFO: [ app_end ] --END-- [ RunTime:0.002000s ]

[ 2016-01-06T13:28:49+08:00 ] ::1 /wisdom/index.php/Mobileweb/Events/activity
INFO: [ app_init ] --START--
INFO: Run Behavior\BuildLiteBehavior [ RunTime:0.000000s ]
INFO: [ app_init ] --END-- [ RunTime:0.002000s ]
INFO: [ app_begin ] --START--
INFO: Run Behavior\ReadHtmlCacheBehavior [ RunTime:0.001000s ]
INFO: [ app_begin ] --END-- [ RunTime:0.002000s ]
NOTIC: [8] Undefined index: userid D:\wamp\www\wisdom\App\Mobileweb\Controller\EventsController.class.php 第 46 行.
NOTIC: [8] Undefined index: userid D:\wamp\www\wisdom\App\Mobileweb\Controller\EventsController.class.php 第 47 行.
NOTIC: [8] Undefined index: list D:\wamp\www\wisdom\App\Mobileweb\Controller\EventsController.class.php 第 62 行.
INFO: [ view_parse ] --START--
INFO: [ template_filter ] --START--
INFO: Run Behavior\ContentReplaceBehavior [ RunTime:0.001000s ]
INFO: [ template_filter ] --END-- [ RunTime:0.001000s ]
NOTIC: [8] Undefined variable: webtitle D:\wamp\www\wisdom\App\Runtime\Cache\Mobileweb\b5267e01ce5f5a22043e3d32417430a1.php 第 3 行.
INFO: Run Behavior\ParseTemplateBehavior [ RunTime:0.050003s ]
INFO: [ view_parse ] --END-- [ RunTime:0.051003s ]
INFO: [ view_filter ] --START--
INFO: Run Behavior\WriteHtmlCacheBehavior [ RunTime:0.002000s ]
INFO: [ view_filter ] --END-- [ RunTime:0.002000s ]
INFO: [ app_end ] --START--
INFO: Run Behavior\ShowPageTraceBehavior [ RunTime:0.002000s ]
INFO: [ app_end ] --END-- [ RunTime:0.002000s ]

[ 2016-01-06T13:29:09+08:00 ] ::1 /wisdom/index.php/Mobileweb/Events/activitys
INFO: [ app_init ] --START--
INFO: Run Behavior\BuildLiteBehavior [ RunTime:0.000000s ]
INFO: [ app_init ] --END-- [ RunTime:0.001000s ]
INFO: [ app_begin ] --START--
INFO: Run Behavior\ReadHtmlCacheBehavior [ RunTime:0.002000s ]
INFO: [ app_begin ] --END-- [ RunTime:0.002000s ]
INFO: [ view_parse ] --START--
INFO: [ template_filter ] --START--
INFO: Run Behavior\ContentReplaceBehavior [ RunTime:0.000000s ]
INFO: [ template_filter ] --END-- [ RunTime:0.000000s ]
NOTIC: [8] Undefined variable: webtitle D:\wamp\www\wisdom\App\Runtime\Cache\Mobileweb\4d74b8d4706b643b4974e919884ffcb7.php 第 3 行.
INFO: Run Behavior\ParseTemplateBehavior [ RunTime:0.014000s ]
INFO: [ view_parse ] --END-- [ RunTime:0.014000s ]
INFO: [ view_filter ] --START--
INFO: Run Behavior\WriteHtmlCacheBehavior [ RunTime:0.002001s ]
INFO: [ view_filter ] --END-- [ RunTime:0.002001s ]
INFO: [ app_end ] --START--
INFO: Run Behavior\ShowPageTraceBehavior [ RunTime:0.006000s ]
INFO: [ app_end ] --END-- [ RunTime:0.007000s ]

[ 2016-01-06T15:06:07+08:00 ] ::1 /wisdom/index.php/Mobileweb/Events/activitys
INFO: [ app_init ] --START--
INFO: Run Behavior\BuildLiteBehavior [ RunTime:0.000000s ]
INFO: [ app_init ] --END-- [ RunTime:0.001000s ]
INFO: [ app_begin ] --START--
INFO: Run Behavior\ReadHtmlCacheBehavior [ RunTime:0.002000s ]
INFO: [ app_begin ] --END-- [ RunTime:0.003000s ]
INFO: [ view_parse ] --START--
INFO: [ template_filter ] --START--
INFO: Run Behavior\ContentReplaceBehavior [ RunTime:0.000000s ]
INFO: [ template_filter ] --END-- [ RunTime:0.001000s ]
NOTIC: [8] Undefined variable: webtitle D:\wamp\www\wisdom\App\Runtime\Cache\Mobileweb\4d74b8d4706b643b4974e919884ffcb7.php 第 3 行.
INFO: Run Behavior\ParseTemplateBehavior [ RunTime:0.037002s ]
INFO: [ view_parse ] --END-- [ RunTime:0.037002s ]
INFO: [ view_filter ] --START--
INFO: Run Behavior\WriteHtmlCacheBehavior [ RunTime:0.002001s ]
INFO: [ view_filter ] --END-- [ RunTime:0.002001s ]
INFO: [ app_end ] --START--
INFO: Run Behavior\ShowPageTraceBehavior [ RunTime:0.003000s ]
INFO: [ app_end ] --END-- [ RunTime:0.004000s ]

[ 2016-01-06T16:27:38+08:00 ] ::1 /wisdom/index.php/Mobileweb/Index/index?type_label=business&task_id=60
INFO: [ app_init ] --START--
INFO: Run Behavior\BuildLiteBehavior [ RunTime:0.000000s ]
INFO: [ app_init ] --END-- [ RunTime:0.001000s ]
INFO: [ app_begin ] --START--
INFO: Run Behavior\ReadHtmlCacheBehavior [ RunTime:0.001000s ]
INFO: [ app_begin ] --END-- [ RunTime:0.001000s ]
NOTIC: [8] Undefined index: taskid D:\wamp\www\wisdom\App\Mobileweb\Controller\IndexController.class.php 第 85 行.
SQL: SHOW COLUMNS FROM `t_task` [ RunTime:0.0040s ]
SQL: SELECT `f_tid`,`f_title`,`f_tasktypeid`,`f_mtbrand`,`f_mtgoods`,t_taskmtbaseinfo.f_tradeid,`f_unitfirstAmount`,`f_unitcashdeposit`,`f_unitfranchisefee`,`f_unitotheramount`,`f_unittotalamount`,`f_unitcommission`,`f_unitpreownedgold`,`f_brandlocation`,`f_slogan`,`f_sellingpoint`,`f_targetgroup`,`f_pricelocation`,`f_competitor`,`f_competitiveedge`,`f_distributorsrequir`,`f_distributorsrate`,`f_retailoutlets`,`f_marketcost`,`f_logisticscost`,`f_channelpolicy`,t_taskmtdetailedinfo.f_note,t_taskmtdetailedinfo.f_product,t_taskmtdetailedinfo.f_company_note,`f_tradename`,`f_filename`,`f_filepath`,`f_enddate`,`f_filepath`,`f_filename` FROM `t_task` LEFT JOIN t_taskmtbaseinfo ON t_taskmtbaseinfo.f_taskid = t_task.f_tid LEFT JOIN t_taskmtdetailedinfo ON t_taskmtdetailedinfo.f_taskid = t_task.f_tid LEFT JOIN t_tradetype ON t_tradetype.f_tradeID = t_taskmtbaseinfo.f_tradeid LEFT JOIN t_files ON t_files.f_id = t_task.f_fileid  WHERE `f_tid` = null LIMIT 1   [ RunTime:0.0040s ]
INFO: [ view_parse ] --START--
INFO: [ template_filter ] --START--
INFO: Run Behavior\ContentReplaceBehavior [ RunTime:0.000000s ]
INFO: [ template_filter ] --END-- [ RunTime:0.001000s ]
INFO: Run Behavior\ParseTemplateBehavior [ RunTime:0.021002s ]
INFO: [ view_parse ] --END-- [ RunTime:0.022002s ]
INFO: [ view_filter ] --START--
INFO: Run Behavior\WriteHtmlCacheBehavior [ RunTime:0.004000s ]
INFO: [ view_filter ] --END-- [ RunTime:0.004000s ]
INFO: [ app_end ] --START--
INFO: Run Behavior\ShowPageTraceBehavior [ RunTime:0.004000s ]
INFO: [ app_end ] --END-- [ RunTime:0.005000s ]

[ 2016-01-06T16:27:50+08:00 ] ::1 /wisdom/index.php/Mobileweb/Index/index?type_label=business&task_id=61
INFO: [ app_init ] --START--
INFO: Run Behavior\BuildLiteBehavior [ RunTime:0.000000s ]
INFO: [ app_init ] --END-- [ RunTime:0.001000s ]
INFO: [ app_begin ] --START--
INFO: Run Behavior\ReadHtmlCacheBehavior [ RunTime:0.002000s ]
INFO: [ app_begin ] --END-- [ RunTime:0.002000s ]
NOTIC: [8] Undefined index: taskid D:\wamp\www\wisdom\App\Mobileweb\Controller\IndexController.class.php 第 85 行.
SQL: SHOW COLUMNS FROM `t_task` [ RunTime:0.0030s ]
SQL: SELECT `f_tid`,`f_title`,`f_tasktypeid`,`f_mtbrand`,`f_mtgoods`,t_taskmtbaseinfo.f_tradeid,`f_unitfirstAmount`,`f_unitcashdeposit`,`f_unitfranchisefee`,`f_unitotheramount`,`f_unittotalamount`,`f_unitcommission`,`f_unitpreownedgold`,`f_brandlocation`,`f_slogan`,`f_sellingpoint`,`f_targetgroup`,`f_pricelocation`,`f_competitor`,`f_competitiveedge`,`f_distributorsrequir`,`f_distributorsrate`,`f_retailoutlets`,`f_marketcost`,`f_logisticscost`,`f_channelpolicy`,t_taskmtdetailedinfo.f_note,t_taskmtdetailedinfo.f_product,t_taskmtdetailedinfo.f_company_note,`f_tradename`,`f_filename`,`f_filepath`,`f_enddate`,`f_filepath`,`f_filename` FROM `t_task` LEFT JOIN t_taskmtbaseinfo ON t_taskmtbaseinfo.f_taskid = t_task.f_tid LEFT JOIN t_taskmtdetailedinfo ON t_taskmtdetailedinfo.f_taskid = t_task.f_tid LEFT JOIN t_tradetype ON t_tradetype.f_tradeID = t_taskmtbaseinfo.f_tradeid LEFT JOIN t_files ON t_files.f_id = t_task.f_fileid  WHERE `f_tid` = null LIMIT 1   [ RunTime:0.0030s ]
INFO: [ view_parse ] --START--
INFO: [ template_filter ] --START--
INFO: Run Behavior\ContentReplaceBehavior [ RunTime:0.000000s ]
INFO: [ template_filter ] --END-- [ RunTime:0.000000s ]
INFO: Run Behavior\ParseTemplateBehavior [ RunTime:0.029002s ]
INFO: [ view_parse ] --END-- [ RunTime:0.029002s ]
INFO: [ view_filter ] --START--
INFO: Run Behavior\WriteHtmlCacheBehavior [ RunTime:0.002000s ]
INFO: [ view_filter ] --END-- [ RunTime:0.002000s ]
INFO: [ app_end ] --START--
INFO: Run Behavior\ShowPageTraceBehavior [ RunTime:0.002000s ]
INFO: [ app_end ] --END-- [ RunTime:0.003000s ]

[ 2016-01-06T16:27:58+08:00 ] ::1 /wisdom/index.php/Mobileweb/Index/index?type_label=business&task_id=50
INFO: [ app_init ] --START--
INFO: Run Behavior\BuildLiteBehavior [ RunTime:0.000000s ]
INFO: [ app_init ] --END-- [ RunTime:0.001000s ]
INFO: [ app_begin ] --START--
INFO: Run Behavior\ReadHtmlCacheBehavior [ RunTime:0.004001s ]
INFO: [ app_begin ] --END-- [ RunTime:0.005001s ]
NOTIC: [8] Undefined index: taskid D:\wamp\www\wisdom\App\Mobileweb\Controller\IndexController.class.php 第 85 行.
SQL: SHOW COLUMNS FROM `t_task` [ RunTime:0.0040s ]
SQL: SELECT `f_tid`,`f_title`,`f_tasktypeid`,`f_mtbrand`,`f_mtgoods`,t_taskmtbaseinfo.f_tradeid,`f_unitfirstAmount`,`f_unitcashdeposit`,`f_unitfranchisefee`,`f_unitotheramount`,`f_unittotalamount`,`f_unitcommission`,`f_unitpreownedgold`,`f_brandlocation`,`f_slogan`,`f_sellingpoint`,`f_targetgroup`,`f_pricelocation`,`f_competitor`,`f_competitiveedge`,`f_distributorsrequir`,`f_distributorsrate`,`f_retailoutlets`,`f_marketcost`,`f_logisticscost`,`f_channelpolicy`,t_taskmtdetailedinfo.f_note,t_taskmtdetailedinfo.f_product,t_taskmtdetailedinfo.f_company_note,`f_tradename`,`f_filename`,`f_filepath`,`f_enddate`,`f_filepath`,`f_filename` FROM `t_task` LEFT JOIN t_taskmtbaseinfo ON t_taskmtbaseinfo.f_taskid = t_task.f_tid LEFT JOIN t_taskmtdetailedinfo ON t_taskmtdetailedinfo.f_taskid = t_task.f_tid LEFT JOIN t_tradetype ON t_tradetype.f_tradeID = t_taskmtbaseinfo.f_tradeid LEFT JOIN t_files ON t_files.f_id = t_task.f_fileid  WHERE `f_tid` = null LIMIT 1   [ RunTime:0.0040s ]
INFO: [ view_parse ] --START--
INFO: [ template_filter ] --START--
INFO: Run Behavior\ContentReplaceBehavior [ RunTime:0.000000s ]
INFO: [ template_filter ] --END-- [ RunTime:0.001000s ]
INFO: Run Behavior\ParseTemplateBehavior [ RunTime:0.018001s ]
INFO: [ view_parse ] --END-- [ RunTime:0.018001s ]
INFO: [ view_filter ] --START--
INFO: Run Behavior\WriteHtmlCacheBehavior [ RunTime:0.002000s ]
INFO: [ view_filter ] --END-- [ RunTime:0.003000s ]
INFO: [ app_end ] --START--
INFO: Run Behavior\ShowPageTraceBehavior [ RunTime:0.003000s ]
INFO: [ app_end ] --END-- [ RunTime:0.003000s ]

[ 2016-01-06T16:28:03+08:00 ] ::1 /wisdom/index.php/Mobileweb/Index/index?type_label=business&task_id=88
INFO: [ app_init ] --START--
INFO: Run Behavior\BuildLiteBehavior [ RunTime:0.000000s ]
INFO: [ app_init ] --END-- [ RunTime:0.001000s ]
INFO: [ app_begin ] --START--
INFO: Run Behavior\ReadHtmlCacheBehavior [ RunTime:0.002000s ]
INFO: [ app_begin ] --END-- [ RunTime:0.003000s ]
NOTIC: [8] Undefined index: taskid D:\wamp\www\wisdom\App\Mobileweb\Controller\IndexController.class.php 第 85 行.
SQL: SHOW COLUMNS FROM `t_task` [ RunTime:0.0050s ]
SQL: SELECT `f_tid`,`f_title`,`f_tasktypeid`,`f_mtbrand`,`f_mtgoods`,t_taskmtbaseinfo.f_tradeid,`f_unitfirstAmount`,`f_unitcashdeposit`,`f_unitfranchisefee`,`f_unitotheramount`,`f_unittotalamount`,`f_unitcommission`,`f_unitpreownedgold`,`f_brandlocation`,`f_slogan`,`f_sellingpoint`,`f_targetgroup`,`f_pricelocation`,`f_competitor`,`f_competitiveedge`,`f_distributorsrequir`,`f_distributorsrate`,`f_retailoutlets`,`f_marketcost`,`f_logisticscost`,`f_channelpolicy`,t_taskmtdetailedinfo.f_note,t_taskmtdetailedinfo.f_product,t_taskmtdetailedinfo.f_company_note,`f_tradename`,`f_filename`,`f_filepath`,`f_enddate`,`f_filepath`,`f_filename` FROM `t_task` LEFT JOIN t_taskmtbaseinfo ON t_taskmtbaseinfo.f_taskid = t_task.f_tid LEFT JOIN t_taskmtdetailedinfo ON t_taskmtdetailedinfo.f_taskid = t_task.f_tid LEFT JOIN t_tradetype ON t_tradetype.f_tradeID = t_taskmtbaseinfo.f_tradeid LEFT JOIN t_files ON t_files.f_id = t_task.f_fileid  WHERE `f_tid` = null LIMIT 1   [ RunTime:0.0030s ]
INFO: [ view_parse ] --START--
INFO: [ template_filter ] --START--
INFO: Run Behavior\ContentReplaceBehavior [ RunTime:0.000000s ]
INFO: [ template_filter ] --END-- [ RunTime:0.001000s ]
INFO: Run Behavior\ParseTemplateBehavior [ RunTime:0.011001s ]
INFO: [ view_parse ] --END-- [ RunTime:0.012001s ]
INFO: [ view_filter ] --START--
INFO: Run Behavior\WriteHtmlCacheBehavior [ RunTime:0.001000s ]
INFO: [ view_filter ] --END-- [ RunTime:0.001000s ]
INFO: [ app_end ] --START--
INFO: Run Behavior\ShowPageTraceBehavior [ RunTime:0.001000s ]
INFO: [ app_end ] --END-- [ RunTime:0.002000s ]

[ 2016-01-06T16:29:20+08:00 ] ::1 /wisdom/index.php/Mobileweb/Index/index?type_label=business&task_id=717
INFO: [ app_init ] --START--
INFO: Run Behavior\BuildLiteBehavior [ RunTime:0.000000s ]
INFO: [ app_init ] --END-- [ RunTime:0.001000s ]
INFO: [ app_begin ] --START--
INFO: Run Behavior\ReadHtmlCacheBehavior [ RunTime:0.001000s ]
INFO: [ app_begin ] --END-- [ RunTime:0.001000s ]
NOTIC: [8] Undefined index: taskid D:\wamp\www\wisdom\App\Mobileweb\Controller\IndexController.class.php 第 85 行.
SQL: SHOW COLUMNS FROM `t_task` [ RunTime:0.0040s ]
SQL: SELECT `f_tid`,`f_title`,`f_tasktypeid`,`f_mtbrand`,`f_mtgoods`,t_taskmtbaseinfo.f_tradeid,`f_unitfirstAmount`,`f_unitcashdeposit`,`f_unitfranchisefee`,`f_unitotheramount`,`f_unittotalamount`,`f_unitcommission`,`f_unitpreownedgold`,`f_brandlocation`,`f_slogan`,`f_sellingpoint`,`f_targetgroup`,`f_pricelocation`,`f_competitor`,`f_competitiveedge`,`f_distributorsrequir`,`f_distributorsrate`,`f_retailoutlets`,`f_marketcost`,`f_logisticscost`,`f_channelpolicy`,t_taskmtdetailedinfo.f_note,t_taskmtdetailedinfo.f_product,t_taskmtdetailedinfo.f_company_note,`f_tradename`,`f_filename`,`f_filepath`,`f_enddate`,`f_filepath`,`f_filename` FROM `t_task` LEFT JOIN t_taskmtbaseinfo ON t_taskmtbaseinfo.f_taskid = t_task.f_tid LEFT JOIN t_taskmtdetailedinfo ON t_taskmtdetailedinfo.f_taskid = t_task.f_tid LEFT JOIN t_tradetype ON t_tradetype.f_tradeID = t_taskmtbaseinfo.f_tradeid LEFT JOIN t_files ON t_files.f_id = t_task.f_fileid  WHERE `f_tid` = null LIMIT 1   [ RunTime:0.0050s ]
INFO: [ view_parse ] --START--
INFO: [ template_filter ] --START--
INFO: Run Behavior\ContentReplaceBehavior [ RunTime:0.000000s ]
INFO: [ template_filter ] --END-- [ RunTime:0.000000s ]
INFO: Run Behavior\ParseTemplateBehavior [ RunTime:0.019001s ]
INFO: [ view_parse ] --END-- [ RunTime:0.020001s ]
INFO: [ view_filter ] --START--
INFO: Run Behavior\WriteHtmlCacheBehavior [ RunTime:0.001000s ]
INFO: [ view_filter ] --END-- [ RunTime:0.001000s ]
INFO: [ app_end ] --START--
INFO: Run Behavior\ShowPageTraceBehavior [ RunTime:0.002000s ]
INFO: [ app_end ] --END-- [ RunTime:0.002000s ]

