[ 2016-02-02T09:53:39+08:00 ] ::1 /wisdom/index.php/Mobileweb/Hbgame/app_game?f_pcid=81
INFO: [ app_init ] --START--
INFO: Run Behavior\BuildLiteBehavior [ RunTime:0.000000s ]
INFO: [ app_init ] --END-- [ RunTime:0.001000s ]
INFO: [ app_begin ] --START--
INFO: Run Behavior\ReadHtmlCacheBehavior [ RunTime:0.002000s ]
INFO: [ app_begin ] --END-- [ RunTime:0.002000s ]
SQL: SHOW COLUMNS FROM `t_playcity` [ RunTime:0.0030s ]
SQL: SELECT * FROM `t_playcity` WHERE ( f_pcid=81 ) LIMIT 1   [ RunTime:0.0020s ]
SQL: SHOW COLUMNS FROM `t_playcitydetail` [ RunTime:0.0030s ]
SQL: SELECT COUNT(*) AS tp_count FROM `t_playcitydetail` WHERE ( f_mypcid=81 and  f_hepcid <> 0 ) LIMIT 1   [ RunTime:0.0020s ]
SQL: SELECT COUNT(*) AS tp_count FROM `t_playcitydetail` WHERE ( `f_date` >= 1454342400 AND `f_date` <= 1454428799  ) AND `f_mypcid` = 81 AND `f_hepcid` <> 0 LIMIT 1   [ RunTime:0.0020s ]
SQL: SHOW COLUMNS FROM `t_playredpwd` [ RunTime:0.0020s ]
SQL: SELECT * FROM `t_playredpwd` WHERE `f_time` = 1454374800 LIMIT 1   [ RunTime:0.0030s ]
SQL: SELECT * FROM `t_playredpwd` WHERE `f_time` = 1454396400 LIMIT 1   [ RunTime:0.0020s ]
SQL: SELECT * FROM `t_playredpwd` WHERE `f_time` = 1454418000 LIMIT 1   [ RunTime:0.0030s ]
SQL: SELECT SUM(f_goldcoin) AS tp_sum FROM `t_playcitydetail` WHERE ( f_mypcid=81 and  f_hepcid <> 0 ) LIMIT 1   [ RunTime:0.0030s ]
SQL: SELECT SUM(f_goldcoin) AS tp_sum FROM `t_playcitydetail` WHERE ( f_mypcid=81 ) LIMIT 1   [ RunTime:0.0020s ]
SQL: SELECT COUNT(*) AS tp_count FROM `t_playcitydetail` WHERE ( f_mypcid=81 and  f_hepcid = 0 and f_date > 1454342400 ) LIMIT 1   [ RunTime:0.0020s ]
SQL: SELECT * FROM `t_playcitydetail` WHERE ( f_mypcid=81 ) ORDER BY f_date  [ RunTime:0.0020s ]
SQL: SELECT * FROM `t_playcity` WHERE ( f_pcid=83 ) LIMIT 1   [ RunTime:0.0030s ]
SQL: SELECT * FROM `t_playcity` WHERE ( f_pcid=82 ) LIMIT 1   [ RunTime:0.0020s ]
SQL: SELECT * FROM `t_playcity` WHERE ( f_pcid=85 ) LIMIT 1   [ RunTime:0.0020s ]
SQL: SELECT * FROM `t_playcity` WHERE ( f_pcid=78 ) LIMIT 1   [ RunTime:0.0020s ]
SQL: SELECT * FROM `t_playcity` WHERE ( f_pcid=77 ) LIMIT 1   [ RunTime:0.0030s ]
SQL: SELECT * FROM `t_playcity` WHERE ( f_pcid=90 ) LIMIT 1   [ RunTime:0.0020s ]
SQL: SELECT * FROM `t_playcity` WHERE ( f_pcid=92 ) LIMIT 1   [ RunTime:0.0030s ]
SQL: SELECT * FROM `t_playcity` WHERE ( f_pcid=93 ) LIMIT 1   [ RunTime:0.0020s ]
SQL: SELECT * FROM `t_playcity` WHERE ( f_pcid=94 ) LIMIT 1   [ RunTime:0.0030s ]
SQL: SELECT * FROM `t_playcity` WHERE ( f_pcid=95 ) LIMIT 1   [ RunTime:0.0020s ]
SQL: SELECT * FROM `t_playcity` WHERE ( f_pcid=101 ) LIMIT 1   [ RunTime:0.0030s ]
SQL: SELECT * FROM `t_playcity` WHERE ( f_pcid=102 ) LIMIT 1   [ RunTime:0.0020s ]
SQL: SELECT * FROM `t_playcity` WHERE ( f_pcid=103 ) LIMIT 1   [ RunTime:0.0020s ]
SQL: SELECT * FROM `t_playcity` WHERE ( f_pcid=105 ) LIMIT 1   [ RunTime:0.0030s ]
SQL: SELECT * FROM `t_playcity` WHERE ( f_pcid=93 ) LIMIT 1   [ RunTime:0.0020s ]
SQL: SELECT * FROM `t_playcity` WHERE ( f_pcid=89 ) LIMIT 1   [ RunTime:0.0030s ]
SQL: SELECT * FROM `t_playcity` WHERE ( f_pcid=82 ) LIMIT 1   [ RunTime:0.0020s ]
SQL: SELECT * FROM `t_playcity` WHERE ( f_pcid=88 ) LIMIT 1   [ RunTime:0.0030s ]
SQL: SELECT * FROM `t_playcity` WHERE ( f_pcid=95 ) LIMIT 1   [ RunTime:0.0020s ]
SQL: SELECT * FROM `t_playcity` WHERE ( f_pcid=77 ) LIMIT 1   [ RunTime:0.0030s ]
SQL: SELECT * FROM `t_playcity` WHERE ( f_pcid=77 ) LIMIT 1   [ RunTime:0.0020s ]
SQL: SELECT * FROM `t_playcity` WHERE ( f_pcid=77 ) LIMIT 1   [ RunTime:0.0020s ]
SQL: SELECT * FROM `t_playcity` WHERE ( f_pcid=77 ) LIMIT 1   [ RunTime:0.0020s ]
SQL: SELECT * FROM `t_playcity` WHERE ( f_pcid=83 ) LIMIT 1   [ RunTime:0.0020s ]
NOTIC: [2] unlink(./App/Runtime/Temp/6f2263194f0eb97d0e9e0c503d9d4078.php): No such file or directory D:\wamp\www\wisdom\ThinkPHP\Library\Think\Cache\Driver\File.class.php 第 157 行.
NOTIC: [8] Undefined index: ticket D:\wamp\www\wisdom\App\Mobileweb\Controller\WechatController.class.php 第 129 行.
NOTIC: [2] unlink(./App/Runtime/Temp/565a309c2ff09820a56d7da3457f2bb6.php): No such file or directory D:\wamp\www\wisdom\ThinkPHP\Library\Think\Cache\Driver\File.class.php 第 157 行.
NOTIC: [8] Undefined index: unionid D:\wamp\www\wisdom\App\Mobileweb\Controller\HbgameController.class.php 第 307 行.
SQL: SHOW COLUMNS FROM `t_playcity_set` [ RunTime:0.0030s ]
SQL: SELECT * FROM `t_playcity_set` WHERE ( f_id=1 ) LIMIT 1   [ RunTime:0.0020s ]
INFO: [ view_parse ] --START--
INFO: [ template_filter ] --START--
INFO: Run Behavior\ContentReplaceBehavior [ RunTime:0.000000s ]
INFO: [ template_filter ] --END-- [ RunTime:0.000000s ]
INFO: Run Behavior\ParseTemplateBehavior [ RunTime:0.037002s ]
INFO: [ view_parse ] --END-- [ RunTime:0.038003s ]
INFO: [ view_filter ] --START--
INFO: Run Behavior\WriteHtmlCacheBehavior [ RunTime:0.001000s ]
INFO: [ view_filter ] --END-- [ RunTime:0.002000s ]
INFO: [ app_end ] --START--
INFO: Run Behavior\ShowPageTraceBehavior [ RunTime:0.002000s ]
INFO: [ app_end ] --END-- [ RunTime:0.002000s ]

[ 2016-02-02T09:53:43+08:00 ] ::1 /wisdom/index.php/Mobileweb/Hbgame/app_game?f_pcid=81
INFO: [ app_init ] --START--
INFO: Run Behavior\BuildLiteBehavior [ RunTime:0.000000s ]
INFO: [ app_init ] --END-- [ RunTime:0.001000s ]
INFO: [ app_begin ] --START--
INFO: Run Behavior\ReadHtmlCacheBehavior [ RunTime:0.001000s ]
INFO: [ app_begin ] --END-- [ RunTime:0.001000s ]
SQL: SHOW COLUMNS FROM `t_playcity` [ RunTime:0.0030s ]
SQL: SELECT * FROM `t_playcity` WHERE ( f_pcid=81 ) LIMIT 1   [ RunTime:0.0020s ]
SQL: SHOW COLUMNS FROM `t_playcitydetail` [ RunTime:0.0020s ]
SQL: SELECT COUNT(*) AS tp_count FROM `t_playcitydetail` WHERE ( f_mypcid=81 and  f_hepcid <> 0 ) LIMIT 1   [ RunTime:0.0020s ]
SQL: SELECT COUNT(*) AS tp_count FROM `t_playcitydetail` WHERE ( `f_date` >= 1454342400 AND `f_date` <= 1454428799  ) AND `f_mypcid` = 81 AND `f_hepcid` <> 0 LIMIT 1   [ RunTime:0.0020s ]
SQL: SHOW COLUMNS FROM `t_playredpwd` [ RunTime:0.0030s ]
SQL: SELECT * FROM `t_playredpwd` WHERE `f_time` = 1454374800 LIMIT 1   [ RunTime:0.0020s ]
SQL: SELECT * FROM `t_playredpwd` WHERE `f_time` = 1454396400 LIMIT 1   [ RunTime:0.0020s ]
SQL: SELECT * FROM `t_playredpwd` WHERE `f_time` = 1454418000 LIMIT 1   [ RunTime:0.0020s ]
SQL: SELECT SUM(f_goldcoin) AS tp_sum FROM `t_playcitydetail` WHERE ( f_mypcid=81 and  f_hepcid <> 0 ) LIMIT 1   [ RunTime:0.0020s ]
SQL: SELECT SUM(f_goldcoin) AS tp_sum FROM `t_playcitydetail` WHERE ( f_mypcid=81 ) LIMIT 1   [ RunTime:0.0020s ]
SQL: SELECT COUNT(*) AS tp_count FROM `t_playcitydetail` WHERE ( f_mypcid=81 and  f_hepcid = 0 and f_date > 1454342400 ) LIMIT 1   [ RunTime:0.0010s ]
SQL: SELECT * FROM `t_playcitydetail` WHERE ( f_mypcid=81 ) ORDER BY f_date  [ RunTime:0.0020s ]
SQL: SELECT * FROM `t_playcity` WHERE ( f_pcid=83 ) LIMIT 1   [ RunTime:0.0020s ]
SQL: SELECT * FROM `t_playcity` WHERE ( f_pcid=82 ) LIMIT 1   [ RunTime:0.0020s ]
SQL: SELECT * FROM `t_playcity` WHERE ( f_pcid=85 ) LIMIT 1   [ RunTime:0.0030s ]
SQL: SELECT * FROM `t_playcity` WHERE ( f_pcid=78 ) LIMIT 1   [ RunTime:0.0020s ]
SQL: SELECT * FROM `t_playcity` WHERE ( f_pcid=77 ) LIMIT 1   [ RunTime:0.0030s ]
SQL: SELECT * FROM `t_playcity` WHERE ( f_pcid=90 ) LIMIT 1   [ RunTime:0.0030s ]
SQL: SELECT * FROM `t_playcity` WHERE ( f_pcid=92 ) LIMIT 1   [ RunTime:0.0020s ]
SQL: SELECT * FROM `t_playcity` WHERE ( f_pcid=93 ) LIMIT 1   [ RunTime:0.0020s ]
SQL: SELECT * FROM `t_playcity` WHERE ( f_pcid=94 ) LIMIT 1   [ RunTime:0.0030s ]
SQL: SELECT * FROM `t_playcity` WHERE ( f_pcid=95 ) LIMIT 1   [ RunTime:0.0020s ]
SQL: SELECT * FROM `t_playcity` WHERE ( f_pcid=101 ) LIMIT 1   [ RunTime:0.0020s ]
SQL: SELECT * FROM `t_playcity` WHERE ( f_pcid=102 ) LIMIT 1   [ RunTime:0.0020s ]
SQL: SELECT * FROM `t_playcity` WHERE ( f_pcid=103 ) LIMIT 1   [ RunTime:0.0020s ]
SQL: SELECT * FROM `t_playcity` WHERE ( f_pcid=105 ) LIMIT 1   [ RunTime:0.0020s ]
SQL: SELECT * FROM `t_playcity` WHERE ( f_pcid=93 ) LIMIT 1   [ RunTime:0.0020s ]
SQL: SELECT * FROM `t_playcity` WHERE ( f_pcid=89 ) LIMIT 1   [ RunTime:0.0020s ]
SQL: SELECT * FROM `t_playcity` WHERE ( f_pcid=82 ) LIMIT 1   [ RunTime:0.0020s ]
SQL: SELECT * FROM `t_playcity` WHERE ( f_pcid=88 ) LIMIT 1   [ RunTime:0.0020s ]
SQL: SELECT * FROM `t_playcity` WHERE ( f_pcid=95 ) LIMIT 1   [ RunTime:0.0020s ]
SQL: SELECT * FROM `t_playcity` WHERE ( f_pcid=77 ) LIMIT 1   [ RunTime:0.0020s ]
SQL: SELECT * FROM `t_playcity` WHERE ( f_pcid=77 ) LIMIT 1   [ RunTime:0.0020s ]
SQL: SELECT * FROM `t_playcity` WHERE ( f_pcid=77 ) LIMIT 1   [ RunTime:0.0020s ]
SQL: SELECT * FROM `t_playcity` WHERE ( f_pcid=77 ) LIMIT 1   [ RunTime:0.0020s ]
SQL: SELECT * FROM `t_playcity` WHERE ( f_pcid=83 ) LIMIT 1   [ RunTime:0.0030s ]
NOTIC: [2] unlink(./App/Runtime/Temp/565a309c2ff09820a56d7da3457f2bb6.php): No such file or directory D:\wamp\www\wisdom\ThinkPHP\Library\Think\Cache\Driver\File.class.php 第 157 行.
NOTIC: [8] Undefined index: unionid D:\wamp\www\wisdom\App\Mobileweb\Controller\HbgameController.class.php 第 307 行.
SQL: SHOW COLUMNS FROM `t_playcity_set` [ RunTime:0.0030s ]
SQL: SELECT * FROM `t_playcity_set` WHERE ( f_id=1 ) LIMIT 1   [ RunTime:0.0020s ]
INFO: [ view_parse ] --START--
INFO: [ template_filter ] --START--
INFO: Run Behavior\ContentReplaceBehavior [ RunTime:0.000000s ]
INFO: [ template_filter ] --END-- [ RunTime:0.000000s ]
INFO: Run Behavior\ParseTemplateBehavior [ RunTime:0.021001s ]
INFO: [ view_parse ] --END-- [ RunTime:0.022001s ]
INFO: [ view_filter ] --START--
INFO: Run Behavior\WriteHtmlCacheBehavior [ RunTime:0.001001s ]
INFO: [ view_filter ] --END-- [ RunTime:0.001001s ]
INFO: [ app_end ] --START--
INFO: Run Behavior\ShowPageTraceBehavior [ RunTime:0.002000s ]
INFO: [ app_end ] --END-- [ RunTime:0.002000s ]

[ 2016-02-02T09:53:48+08:00 ] ::1 /wisdom/index.php/Mobileweb/Hbgame/app_game?f_pcid=81
INFO: [ app_init ] --START--
INFO: Run Behavior\BuildLiteBehavior [ RunTime:0.000000s ]
INFO: [ app_init ] --END-- [ RunTime:0.004000s ]
INFO: [ app_begin ] --START--
INFO: Run Behavior\ReadHtmlCacheBehavior [ RunTime:0.004001s ]
INFO: [ app_begin ] --END-- [ RunTime:0.004001s ]
SQL: SHOW COLUMNS FROM `t_playcity` [ RunTime:0.0050s ]
SQL: SELECT * FROM `t_playcity` WHERE ( f_pcid=81 ) LIMIT 1   [ RunTime:0.0030s ]
SQL: SHOW COLUMNS FROM `t_playcitydetail` [ RunTime:0.0030s ]
SQL: SELECT COUNT(*) AS tp_count FROM `t_playcitydetail` WHERE ( f_mypcid=81 and  f_hepcid <> 0 ) LIMIT 1   [ RunTime:0.0020s ]
SQL: SELECT COUNT(*) AS tp_count FROM `t_playcitydetail` WHERE ( `f_date` >= 1454342400 AND `f_date` <= 1454428799  ) AND `f_mypcid` = 81 AND `f_hepcid` <> 0 LIMIT 1   [ RunTime:0.0020s ]
SQL: SHOW COLUMNS FROM `t_playredpwd` [ RunTime:0.0020s ]
SQL: SELECT * FROM `t_playredpwd` WHERE `f_time` = 1454374800 LIMIT 1   [ RunTime:0.0020s ]
SQL: SELECT * FROM `t_playredpwd` WHERE `f_time` = 1454396400 LIMIT 1   [ RunTime:0.0020s ]
SQL: SELECT * FROM `t_playredpwd` WHERE `f_time` = 1454418000 LIMIT 1   [ RunTime:0.0020s ]
SQL: SELECT SUM(f_goldcoin) AS tp_sum FROM `t_playcitydetail` WHERE ( f_mypcid=81 and  f_hepcid <> 0 ) LIMIT 1   [ RunTime:0.0030s ]
SQL: SELECT SUM(f_goldcoin) AS tp_sum FROM `t_playcitydetail` WHERE ( f_mypcid=81 ) LIMIT 1   [ RunTime:0.0010s ]
SQL: SELECT COUNT(*) AS tp_count FROM `t_playcitydetail` WHERE ( f_mypcid=81 and  f_hepcid = 0 and f_date > 1454342400 ) LIMIT 1   [ RunTime:0.0020s ]
SQL: SELECT * FROM `t_playcitydetail` WHERE ( f_mypcid=81 ) ORDER BY f_date  [ RunTime:0.0030s ]
SQL: SELECT * FROM `t_playcity` WHERE ( f_pcid=83 ) LIMIT 1   [ RunTime:0.0020s ]
SQL: SELECT * FROM `t_playcity` WHERE ( f_pcid=82 ) LIMIT 1   [ RunTime:0.0020s ]
SQL: SELECT * FROM `t_playcity` WHERE ( f_pcid=85 ) LIMIT 1   [ RunTime:0.0020s ]
SQL: SELECT * FROM `t_playcity` WHERE ( f_pcid=78 ) LIMIT 1   [ RunTime:0.0020s ]
SQL: SELECT * FROM `t_playcity` WHERE ( f_pcid=77 ) LIMIT 1   [ RunTime:0.0030s ]
SQL: SELECT * FROM `t_playcity` WHERE ( f_pcid=90 ) LIMIT 1   [ RunTime:0.0020s ]
SQL: SELECT * FROM `t_playcity` WHERE ( f_pcid=92 ) LIMIT 1   [ RunTime:0.0030s ]
SQL: SELECT * FROM `t_playcity` WHERE ( f_pcid=93 ) LIMIT 1   [ RunTime:0.0030s ]
SQL: SELECT * FROM `t_playcity` WHERE ( f_pcid=94 ) LIMIT 1   [ RunTime:0.0030s ]
SQL: SELECT * FROM `t_playcity` WHERE ( f_pcid=95 ) LIMIT 1   [ RunTime:0.0030s ]
SQL: SELECT * FROM `t_playcity` WHERE ( f_pcid=101 ) LIMIT 1   [ RunTime:0.0030s ]
SQL: SELECT * FROM `t_playcity` WHERE ( f_pcid=102 ) LIMIT 1   [ RunTime:0.0020s ]
SQL: SELECT * FROM `t_playcity` WHERE ( f_pcid=103 ) LIMIT 1   [ RunTime:0.0030s ]
SQL: SELECT * FROM `t_playcity` WHERE ( f_pcid=105 ) LIMIT 1   [ RunTime:0.0030s ]
SQL: SELECT * FROM `t_playcity` WHERE ( f_pcid=93 ) LIMIT 1   [ RunTime:0.0020s ]
SQL: SELECT * FROM `t_playcity` WHERE ( f_pcid=89 ) LIMIT 1   [ RunTime:0.0020s ]
SQL: SELECT * FROM `t_playcity` WHERE ( f_pcid=82 ) LIMIT 1   [ RunTime:0.0020s ]
SQL: SELECT * FROM `t_playcity` WHERE ( f_pcid=88 ) LIMIT 1   [ RunTime:0.0030s ]
SQL: SELECT * FROM `t_playcity` WHERE ( f_pcid=95 ) LIMIT 1   [ RunTime:0.0020s ]
SQL: SELECT * FROM `t_playcity` WHERE ( f_pcid=77 ) LIMIT 1   [ RunTime:0.0030s ]
SQL: SELECT * FROM `t_playcity` WHERE ( f_pcid=77 ) LIMIT 1   [ RunTime:0.0030s ]
SQL: SELECT * FROM `t_playcity` WHERE ( f_pcid=77 ) LIMIT 1   [ RunTime:0.0030s ]
SQL: SELECT * FROM `t_playcity` WHERE ( f_pcid=77 ) LIMIT 1   [ RunTime:0.0020s ]
SQL: SELECT * FROM `t_playcity` WHERE ( f_pcid=83 ) LIMIT 1   [ RunTime:0.0020s ]
NOTIC: [8] Undefined index: unionid D:\wamp\www\wisdom\App\Mobileweb\Controller\HbgameController.class.php 第 307 行.
SQL: SHOW COLUMNS FROM `t_playcity_set` [ RunTime:0.0040s ]
SQL: SELECT * FROM `t_playcity_set` WHERE ( f_id=1 ) LIMIT 1   [ RunTime:0.0030s ]
INFO: [ view_parse ] --START--
INFO: [ template_filter ] --START--
INFO: Run Behavior\ContentReplaceBehavior [ RunTime:0.001000s ]
INFO: [ template_filter ] --END-- [ RunTime:0.001000s ]
INFO: Run Behavior\ParseTemplateBehavior [ RunTime:0.096005s ]
INFO: [ view_parse ] --END-- [ RunTime:0.097006s ]
INFO: [ view_filter ] --START--
INFO: Run Behavior\WriteHtmlCacheBehavior [ RunTime:0.003000s ]
INFO: [ view_filter ] --END-- [ RunTime:0.003000s ]
INFO: [ app_end ] --START--
INFO: Run Behavior\ShowPageTraceBehavior [ RunTime:0.004000s ]
INFO: [ app_end ] --END-- [ RunTime:0.004000s ]

[ 2016-02-02T09:54:54+08:00 ] ::1 /wisdom/index.php/Mobileweb/Events/cangts
INFO: [ app_init ] --START--
INFO: Run Behavior\BuildLiteBehavior [ RunTime:0.000000s ]
INFO: [ app_init ] --END-- [ RunTime:0.002000s ]
INFO: [ app_begin ] --START--
INFO: Run Behavior\ReadHtmlCacheBehavior [ RunTime:0.001000s ]
INFO: [ app_begin ] --END-- [ RunTime:0.001000s ]
ERR: 非法操作:cangts

[ 2016-02-02T09:55:11+08:00 ] ::1 /wisdom/index.php/Mobileweb/Hbgame/cangts
INFO: [ app_init ] --START--
INFO: Run Behavior\BuildLiteBehavior [ RunTime:0.000000s ]
INFO: [ app_init ] --END-- [ RunTime:0.001000s ]
INFO: [ app_begin ] --START--
INFO: Run Behavior\ReadHtmlCacheBehavior [ RunTime:0.002000s ]
INFO: [ app_begin ] --END-- [ RunTime:0.002000s ]
INFO: [ view_parse ] --START--
INFO: [ template_filter ] --START--
INFO: Run Behavior\ContentReplaceBehavior [ RunTime:0.000000s ]
INFO: [ template_filter ] --END-- [ RunTime:0.000000s ]
INFO: Run Behavior\ParseTemplateBehavior [ RunTime:0.011001s ]
INFO: [ view_parse ] --END-- [ RunTime:0.011001s ]
INFO: [ view_filter ] --START--
INFO: Run Behavior\WriteHtmlCacheBehavior [ RunTime:0.000000s ]
INFO: [ view_filter ] --END-- [ RunTime:0.001000s ]
INFO: [ app_end ] --START--
INFO: Run Behavior\ShowPageTraceBehavior [ RunTime:0.000000s ]
INFO: [ app_end ] --END-- [ RunTime:0.001000s ]

[ 2016-02-02T09:55:15+08:00 ] ::1 /wisdom/index.php/Mobileweb/Hbgame/cangts
INFO: [ app_init ] --START--
INFO: Run Behavior\BuildLiteBehavior [ RunTime:0.000000s ]
INFO: [ app_init ] --END-- [ RunTime:0.003000s ]
INFO: [ app_begin ] --START--
INFO: Run Behavior\ReadHtmlCacheBehavior [ RunTime:0.002000s ]
INFO: [ app_begin ] --END-- [ RunTime:0.003000s ]
INFO: [ view_parse ] --START--
INFO: [ template_filter ] --START--
INFO: Run Behavior\ContentReplaceBehavior [ RunTime:0.000000s ]
INFO: [ template_filter ] --END-- [ RunTime:0.001000s ]
INFO: Run Behavior\ParseTemplateBehavior [ RunTime:0.014001s ]
INFO: [ view_parse ] --END-- [ RunTime:0.015001s ]
INFO: [ view_filter ] --START--
INFO: Run Behavior\WriteHtmlCacheBehavior [ RunTime:0.001000s ]
INFO: [ view_filter ] --END-- [ RunTime:0.001000s ]
INFO: [ app_end ] --START--
INFO: Run Behavior\ShowPageTraceBehavior [ RunTime:0.002000s ]
INFO: [ app_end ] --END-- [ RunTime:0.002000s ]

[ 2016-02-02T09:56:01+08:00 ] ::1 /wisdom/index.php/Mobileweb/Hbgame/cangts_share
INFO: [ app_init ] --START--
INFO: Run Behavior\BuildLiteBehavior [ RunTime:0.000000s ]
INFO: [ app_init ] --END-- [ RunTime:0.003000s ]
INFO: [ app_begin ] --START--
INFO: Run Behavior\ReadHtmlCacheBehavior [ RunTime:0.000000s ]
INFO: [ app_begin ] --END-- [ RunTime:0.002001s ]
INFO: [ view_parse ] --START--
INFO: [ template_filter ] --START--
INFO: Run Behavior\ContentReplaceBehavior [ RunTime:0.000000s ]
INFO: [ template_filter ] --END-- [ RunTime:0.000000s ]
INFO: Run Behavior\ParseTemplateBehavior [ RunTime:0.028001s ]
INFO: [ view_parse ] --END-- [ RunTime:0.028001s ]
INFO: [ view_filter ] --START--
INFO: Run Behavior\WriteHtmlCacheBehavior [ RunTime:0.003001s ]
INFO: [ view_filter ] --END-- [ RunTime:0.003001s ]
INFO: [ app_end ] --START--
INFO: Run Behavior\ShowPageTraceBehavior [ RunTime:0.002000s ]
INFO: [ app_end ] --END-- [ RunTime:0.002000s ]

[ 2016-02-02T09:56:04+08:00 ] ::1 /wisdom/index.php/Mobileweb/Hbgame/cangts_share
INFO: [ app_init ] --START--
INFO: Run Behavior\BuildLiteBehavior [ RunTime:0.000000s ]
INFO: [ app_init ] --END-- [ RunTime:0.001000s ]
INFO: [ app_begin ] --START--
INFO: Run Behavior\ReadHtmlCacheBehavior [ RunTime:0.001000s ]
INFO: [ app_begin ] --END-- [ RunTime:0.001000s ]
INFO: [ view_parse ] --START--
INFO: [ template_filter ] --START--
INFO: Run Behavior\ContentReplaceBehavior [ RunTime:0.000000s ]
INFO: [ template_filter ] --END-- [ RunTime:0.000000s ]
INFO: Run Behavior\ParseTemplateBehavior [ RunTime:0.013001s ]
INFO: [ view_parse ] --END-- [ RunTime:0.014001s ]
INFO: [ view_filter ] --START--
INFO: Run Behavior\WriteHtmlCacheBehavior [ RunTime:0.000000s ]
INFO: [ view_filter ] --END-- [ RunTime:0.000000s ]
INFO: [ app_end ] --START--
INFO: Run Behavior\ShowPageTraceBehavior [ RunTime:0.000000s ]
INFO: [ app_end ] --END-- [ RunTime:0.001000s ]

[ 2016-02-02T10:00:56+08:00 ] ::1 /wisdom/index.php/Mobileweb/Hbgame/cangts_share
INFO: [ app_init ] --START--
INFO: Run Behavior\BuildLiteBehavior [ RunTime:0.000000s ]
INFO: [ app_init ] --END-- [ RunTime:0.001000s ]
INFO: [ app_begin ] --START--
INFO: Run Behavior\ReadHtmlCacheBehavior [ RunTime:0.001000s ]
INFO: [ app_begin ] --END-- [ RunTime:0.001000s ]
INFO: [ view_parse ] --START--
INFO: [ template_filter ] --START--
INFO: Run Behavior\ContentReplaceBehavior [ RunTime:0.000000s ]
INFO: [ template_filter ] --END-- [ RunTime:0.001000s ]
INFO: Run Behavior\ParseTemplateBehavior [ RunTime:0.015001s ]
INFO: [ view_parse ] --END-- [ RunTime:0.015001s ]
INFO: [ view_filter ] --START--
INFO: Run Behavior\WriteHtmlCacheBehavior [ RunTime:0.001000s ]
INFO: [ view_filter ] --END-- [ RunTime:0.001000s ]
INFO: [ app_end ] --START--
INFO: Run Behavior\ShowPageTraceBehavior [ RunTime:0.002000s ]
INFO: [ app_end ] --END-- [ RunTime:0.002000s ]

[ 2016-02-02T10:00:57+08:00 ] ::1 /wisdom/index.php/Mobileweb/Hbgame/cangts_share
INFO: [ app_init ] --START--
INFO: Run Behavior\BuildLiteBehavior [ RunTime:0.000000s ]
INFO: [ app_init ] --END-- [ RunTime:0.001000s ]
INFO: [ app_begin ] --START--
INFO: Run Behavior\ReadHtmlCacheBehavior [ RunTime:0.002000s ]
INFO: [ app_begin ] --END-- [ RunTime:0.002000s ]
INFO: [ view_parse ] --START--
INFO: [ template_filter ] --START--
INFO: Run Behavior\ContentReplaceBehavior [ RunTime:0.000000s ]
INFO: [ template_filter ] --END-- [ RunTime:0.001000s ]
INFO: Run Behavior\ParseTemplateBehavior [ RunTime:0.017001s ]
INFO: [ view_parse ] --END-- [ RunTime:0.017001s ]
INFO: [ view_filter ] --START--
INFO: Run Behavior\WriteHtmlCacheBehavior [ RunTime:0.001000s ]
INFO: [ view_filter ] --END-- [ RunTime:0.001000s ]
INFO: [ app_end ] --START--
INFO: Run Behavior\ShowPageTraceBehavior [ RunTime:0.001000s ]
INFO: [ app_end ] --END-- [ RunTime:0.001000s ]

[ 2016-02-02T10:01:02+08:00 ] ::1 /wisdom/index.php/Mobileweb/Hbgame/cangts_share
INFO: [ app_init ] --START--
INFO: Run Behavior\BuildLiteBehavior [ RunTime:0.001000s ]
INFO: [ app_init ] --END-- [ RunTime:0.006000s ]
INFO: [ app_begin ] --START--
INFO: Run Behavior\ReadHtmlCacheBehavior [ RunTime:0.002000s ]
INFO: [ app_begin ] --END-- [ RunTime:0.002000s ]
INFO: [ view_parse ] --START--
INFO: [ template_filter ] --START--
INFO: Run Behavior\ContentReplaceBehavior [ RunTime:0.000000s ]
INFO: [ template_filter ] --END-- [ RunTime:0.000000s ]
INFO: Run Behavior\ParseTemplateBehavior [ RunTime:0.018001s ]
INFO: [ view_parse ] --END-- [ RunTime:0.018001s ]
INFO: [ view_filter ] --START--
INFO: Run Behavior\WriteHtmlCacheBehavior [ RunTime:0.006000s ]
INFO: [ view_filter ] --END-- [ RunTime:0.006000s ]
INFO: [ app_end ] --START--
INFO: Run Behavior\ShowPageTraceBehavior [ RunTime:0.002000s ]
INFO: [ app_end ] --END-- [ RunTime:0.002000s ]

[ 2016-02-02T10:01:18+08:00 ] ::1 /wisdom/index.php/Mobileweb/Hbgame/cangts_share
INFO: [ app_init ] --START--
INFO: Run Behavior\BuildLiteBehavior [ RunTime:0.000000s ]
INFO: [ app_init ] --END-- [ RunTime:0.001000s ]
INFO: [ app_begin ] --START--
INFO: Run Behavior\ReadHtmlCacheBehavior [ RunTime:0.001000s ]
INFO: [ app_begin ] --END-- [ RunTime:0.001000s ]
INFO: [ view_parse ] --START--
INFO: [ template_filter ] --START--
INFO: Run Behavior\ContentReplaceBehavior [ RunTime:0.000000s ]
INFO: [ template_filter ] --END-- [ RunTime:0.000000s ]
INFO: Run Behavior\ParseTemplateBehavior [ RunTime:0.016001s ]
INFO: [ view_parse ] --END-- [ RunTime:0.017001s ]
INFO: [ view_filter ] --START--
INFO: Run Behavior\WriteHtmlCacheBehavior [ RunTime:0.001000s ]
INFO: [ view_filter ] --END-- [ RunTime:0.001000s ]
INFO: [ app_end ] --START--
INFO: Run Behavior\ShowPageTraceBehavior [ RunTime:0.001000s ]
INFO: [ app_end ] --END-- [ RunTime:0.001000s ]

[ 2016-02-02T10:06:10+08:00 ] ::1 /wisdom/index.php/Mobileweb/Hbgame/cangts_share
INFO: [ app_init ] --START--
INFO: Run Behavior\BuildLiteBehavior [ RunTime:0.000000s ]
INFO: [ app_init ] --END-- [ RunTime:0.003000s ]
INFO: [ app_begin ] --START--
INFO: Run Behavior\ReadHtmlCacheBehavior [ RunTime:0.002001s ]
INFO: [ app_begin ] --END-- [ RunTime:0.002001s ]
INFO: [ view_parse ] --START--
INFO: [ template_filter ] --START--
INFO: Run Behavior\ContentReplaceBehavior [ RunTime:0.000000s ]
INFO: [ template_filter ] --END-- [ RunTime:0.000000s ]
INFO: Run Behavior\ParseTemplateBehavior [ RunTime:0.013001s ]
INFO: [ view_parse ] --END-- [ RunTime:0.014001s ]
INFO: [ view_filter ] --START--
INFO: Run Behavior\WriteHtmlCacheBehavior [ RunTime:0.001000s ]
INFO: [ view_filter ] --END-- [ RunTime:0.001000s ]
INFO: [ app_end ] --START--
INFO: Run Behavior\ShowPageTraceBehavior [ RunTime:0.003000s ]
INFO: [ app_end ] --END-- [ RunTime:0.003000s ]

[ 2016-02-02T10:45:56+08:00 ] ::1 /wisdom/index.php/Mobileweb/Cangtou/cangts_share
INFO: [ app_init ] --START--
INFO: Run Behavior\BuildLiteBehavior [ RunTime:0.000000s ]
INFO: [ app_init ] --END-- [ RunTime:0.001000s ]
INFO: [ app_begin ] --START--
INFO: Run Behavior\ReadHtmlCacheBehavior [ RunTime:0.001000s ]
INFO: [ app_begin ] --END-- [ RunTime:0.002000s ]
INFO: [ view_parse ] --START--
INFO: [ template_filter ] --START--
INFO: Run Behavior\ContentReplaceBehavior [ RunTime:0.000000s ]
INFO: [ template_filter ] --END-- [ RunTime:0.000000s ]
INFO: Run Behavior\ParseTemplateBehavior [ RunTime:0.014001s ]
INFO: [ view_parse ] --END-- [ RunTime:0.014001s ]
INFO: [ view_filter ] --START--
INFO: Run Behavior\WriteHtmlCacheBehavior [ RunTime:0.001000s ]
INFO: [ view_filter ] --END-- [ RunTime:0.001000s ]
INFO: [ app_end ] --START--
INFO: Run Behavior\ShowPageTraceBehavior [ RunTime:0.001000s ]
INFO: [ app_end ] --END-- [ RunTime:0.001000s ]

[ 2016-02-02T10:54:30+08:00 ] ::1 /wisdom/index.php/Mobileweb/Cangtou/cangts_share
INFO: [ app_init ] --START--
INFO: Run Behavior\BuildLiteBehavior [ RunTime:0.000000s ]
INFO: [ app_init ] --END-- [ RunTime:0.002001s ]
INFO: [ app_begin ] --START--
INFO: Run Behavior\ReadHtmlCacheBehavior [ RunTime:0.001000s ]
INFO: [ app_begin ] --END-- [ RunTime:0.002000s ]
INFO: [ view_parse ] --START--
INFO: [ template_filter ] --START--
INFO: Run Behavior\ContentReplaceBehavior [ RunTime:0.000000s ]
INFO: [ template_filter ] --END-- [ RunTime:0.000000s ]
INFO: Run Behavior\ParseTemplateBehavior [ RunTime:0.010001s ]
INFO: [ view_parse ] --END-- [ RunTime:0.010001s ]
INFO: [ view_filter ] --START--
INFO: Run Behavior\WriteHtmlCacheBehavior [ RunTime:0.001000s ]
INFO: [ view_filter ] --END-- [ RunTime:0.002000s ]
INFO: [ app_end ] --START--
INFO: Run Behavior\ShowPageTraceBehavior [ RunTime:0.001000s ]
INFO: [ app_end ] --END-- [ RunTime:0.001000s ]

[ 2016-02-02T10:54:35+08:00 ] ::1 /wisdom/index.php/Mobileweb/Cangtou/cangts_share
INFO: [ app_init ] --START--
INFO: Run Behavior\BuildLiteBehavior [ RunTime:0.000000s ]
INFO: [ app_init ] --END-- [ RunTime:0.001000s ]
INFO: [ app_begin ] --START--
INFO: Run Behavior\ReadHtmlCacheBehavior [ RunTime:0.004000s ]
INFO: [ app_begin ] --END-- [ RunTime:0.004000s ]
INFO: [ view_parse ] --START--
INFO: [ template_filter ] --START--
INFO: Run Behavior\ContentReplaceBehavior [ RunTime:0.000000s ]
INFO: [ template_filter ] --END-- [ RunTime:0.001000s ]
INFO: Run Behavior\ParseTemplateBehavior [ RunTime:0.013001s ]
INFO: [ view_parse ] --END-- [ RunTime:0.013001s ]
INFO: [ view_filter ] --START--
INFO: Run Behavior\WriteHtmlCacheBehavior [ RunTime:0.001000s ]
INFO: [ view_filter ] --END-- [ RunTime:0.001000s ]
INFO: [ app_end ] --START--
INFO: Run Behavior\ShowPageTraceBehavior [ RunTime:0.001000s ]
INFO: [ app_end ] --END-- [ RunTime:0.001000s ]

[ 2016-02-02T10:54:53+08:00 ] ::1 /wisdom/index.php/Mobileweb/Cangtou/cangts_share
INFO: [ app_init ] --START--
INFO: Run Behavior\BuildLiteBehavior [ RunTime:0.000000s ]
INFO: [ app_init ] --END-- [ RunTime:0.001000s ]
INFO: [ app_begin ] --START--
INFO: Run Behavior\ReadHtmlCacheBehavior [ RunTime:0.002000s ]
INFO: [ app_begin ] --END-- [ RunTime:0.002000s ]
INFO: [ view_parse ] --START--
INFO: [ template_filter ] --START--
INFO: Run Behavior\ContentReplaceBehavior [ RunTime:0.001000s ]
INFO: [ template_filter ] --END-- [ RunTime:0.001000s ]
INFO: Run Behavior\ParseTemplateBehavior [ RunTime:0.019001s ]
INFO: [ view_parse ] --END-- [ RunTime:0.019001s ]
INFO: [ view_filter ] --START--
INFO: Run Behavior\WriteHtmlCacheBehavior [ RunTime:0.001000s ]
INFO: [ view_filter ] --END-- [ RunTime:0.001000s ]
INFO: [ app_end ] --START--
INFO: Run Behavior\ShowPageTraceBehavior [ RunTime:0.001000s ]
INFO: [ app_end ] --END-- [ RunTime:0.001000s ]

[ 2016-02-02T10:55:03+08:00 ] ::1 /wisdom/index.php/Mobileweb/Cangtou/cangts_share
INFO: [ app_init ] --START--
INFO: Run Behavior\BuildLiteBehavior [ RunTime:0.000000s ]
INFO: [ app_init ] --END-- [ RunTime:0.002000s ]
INFO: [ app_begin ] --START--
INFO: Run Behavior\ReadHtmlCacheBehavior [ RunTime:0.001000s ]
INFO: [ app_begin ] --END-- [ RunTime:0.003001s ]
INFO: [ view_parse ] --START--
INFO: [ template_filter ] --START--
INFO: Run Behavior\ContentReplaceBehavior [ RunTime:0.001000s ]
INFO: [ template_filter ] --END-- [ RunTime:0.001000s ]
INFO: Run Behavior\ParseTemplateBehavior [ RunTime:0.016001s ]
INFO: [ view_parse ] --END-- [ RunTime:0.016001s ]
INFO: [ view_filter ] --START--
INFO: Run Behavior\WriteHtmlCacheBehavior [ RunTime:0.003000s ]
INFO: [ view_filter ] --END-- [ RunTime:0.004000s ]
INFO: [ app_end ] --START--
INFO: Run Behavior\ShowPageTraceBehavior [ RunTime:0.002000s ]
INFO: [ app_end ] --END-- [ RunTime:0.002000s ]

[ 2016-02-02T10:55:33+08:00 ] ::1 /wisdom/index.php/Mobileweb/Cangtou/cangts_share
INFO: [ app_init ] --START--
INFO: Run Behavior\BuildLiteBehavior [ RunTime:0.000000s ]
INFO: [ app_init ] --END-- [ RunTime:0.002001s ]
INFO: [ app_begin ] --START--
INFO: Run Behavior\ReadHtmlCacheBehavior [ RunTime:0.001000s ]
INFO: [ app_begin ] --END-- [ RunTime:0.002000s ]
INFO: [ view_parse ] --START--
INFO: [ template_filter ] --START--
INFO: Run Behavior\ContentReplaceBehavior [ RunTime:0.000000s ]
INFO: [ template_filter ] --END-- [ RunTime:0.001000s ]
INFO: Run Behavior\ParseTemplateBehavior [ RunTime:0.019001s ]
INFO: [ view_parse ] --END-- [ RunTime:0.019001s ]
INFO: [ view_filter ] --START--
INFO: Run Behavior\WriteHtmlCacheBehavior [ RunTime:0.002000s ]
INFO: [ view_filter ] --END-- [ RunTime:0.002000s ]
INFO: [ app_end ] --START--
INFO: Run Behavior\ShowPageTraceBehavior [ RunTime:0.005000s ]
INFO: [ app_end ] --END-- [ RunTime:0.006000s ]

[ 2016-02-02T10:56:00+08:00 ] ::1 /wisdom/index.php/Mobileweb/Cangtou/cangts_share
INFO: [ app_init ] --START--
INFO: Run Behavior\BuildLiteBehavior [ RunTime:0.000000s ]
INFO: [ app_init ] --END-- [ RunTime:0.001000s ]
INFO: [ app_begin ] --START--
INFO: Run Behavior\ReadHtmlCacheBehavior [ RunTime:0.001000s ]
INFO: [ app_begin ] --END-- [ RunTime:0.001000s ]
INFO: [ view_parse ] --START--
INFO: [ template_filter ] --START--
INFO: Run Behavior\ContentReplaceBehavior [ RunTime:0.000000s ]
INFO: [ template_filter ] --END-- [ RunTime:0.000000s ]
INFO: Run Behavior\ParseTemplateBehavior [ RunTime:0.015001s ]
INFO: [ view_parse ] --END-- [ RunTime:0.015001s ]
INFO: [ view_filter ] --START--
INFO: Run Behavior\WriteHtmlCacheBehavior [ RunTime:0.001000s ]
INFO: [ view_filter ] --END-- [ RunTime:0.001000s ]
INFO: [ app_end ] --START--
INFO: Run Behavior\ShowPageTraceBehavior [ RunTime:0.001000s ]
INFO: [ app_end ] --END-- [ RunTime:0.002000s ]

[ 2016-02-02T10:56:01+08:00 ] ::1 /wisdom/index.php/Mobileweb/Cangtou/cangts_share
INFO: [ app_init ] --START--
INFO: Run Behavior\BuildLiteBehavior [ RunTime:0.000000s ]
INFO: [ app_init ] --END-- [ RunTime:0.001000s ]
INFO: [ app_begin ] --START--
INFO: Run Behavior\ReadHtmlCacheBehavior [ RunTime:0.001000s ]
INFO: [ app_begin ] --END-- [ RunTime:0.001000s ]
INFO: [ view_parse ] --START--
INFO: [ template_filter ] --START--
INFO: Run Behavior\ContentReplaceBehavior [ RunTime:0.000000s ]
INFO: [ template_filter ] --END-- [ RunTime:0.000000s ]
INFO: Run Behavior\ParseTemplateBehavior [ RunTime:0.021002s ]
INFO: [ view_parse ] --END-- [ RunTime:0.021002s ]
INFO: [ view_filter ] --START--
INFO: Run Behavior\WriteHtmlCacheBehavior [ RunTime:0.001000s ]
INFO: [ view_filter ] --END-- [ RunTime:0.002000s ]
INFO: [ app_end ] --START--
INFO: Run Behavior\ShowPageTraceBehavior [ RunTime:0.002000s ]
INFO: [ app_end ] --END-- [ RunTime:0.002000s ]

[ 2016-02-02T10:56:06+08:00 ] ::1 /wisdom/index.php/Mobileweb/Cangtou/cangts_share
INFO: [ app_init ] --START--
INFO: Run Behavior\BuildLiteBehavior [ RunTime:0.000000s ]
INFO: [ app_init ] --END-- [ RunTime:0.001000s ]
INFO: [ app_begin ] --START--
INFO: Run Behavior\ReadHtmlCacheBehavior [ RunTime:0.001000s ]
INFO: [ app_begin ] --END-- [ RunTime:0.001000s ]
INFO: [ view_parse ] --START--
INFO: [ template_filter ] --START--
INFO: Run Behavior\ContentReplaceBehavior [ RunTime:0.000000s ]
INFO: [ template_filter ] --END-- [ RunTime:0.001000s ]
INFO: Run Behavior\ParseTemplateBehavior [ RunTime:0.017001s ]
INFO: [ view_parse ] --END-- [ RunTime:0.017001s ]
INFO: [ view_filter ] --START--
INFO: Run Behavior\WriteHtmlCacheBehavior [ RunTime:0.001000s ]
INFO: [ view_filter ] --END-- [ RunTime:0.001000s ]
INFO: [ app_end ] --START--
INFO: Run Behavior\ShowPageTraceBehavior [ RunTime:0.002000s ]
INFO: [ app_end ] --END-- [ RunTime:0.002000s ]

[ 2016-02-02T10:56:10+08:00 ] ::1 /wisdom/index.php/Mobileweb/Cangtou/cangts_share
INFO: [ app_init ] --START--
INFO: Run Behavior\BuildLiteBehavior [ RunTime:0.000000s ]
INFO: [ app_init ] --END-- [ RunTime:0.004000s ]
INFO: [ app_begin ] --START--
INFO: Run Behavior\ReadHtmlCacheBehavior [ RunTime:0.002000s ]
INFO: [ app_begin ] --END-- [ RunTime:0.002000s ]
INFO: [ view_parse ] --START--
INFO: [ template_filter ] --START--
INFO: Run Behavior\ContentReplaceBehavior [ RunTime:0.000000s ]
INFO: [ template_filter ] --END-- [ RunTime:0.000000s ]
INFO: Run Behavior\ParseTemplateBehavior [ RunTime:0.012001s ]
INFO: [ view_parse ] --END-- [ RunTime:0.013001s ]
INFO: [ view_filter ] --START--
INFO: Run Behavior\WriteHtmlCacheBehavior [ RunTime:0.003000s ]
INFO: [ view_filter ] --END-- [ RunTime:0.003000s ]
INFO: [ app_end ] --START--
INFO: Run Behavior\ShowPageTraceBehavior [ RunTime:0.001000s ]
INFO: [ app_end ] --END-- [ RunTime:0.001000s ]

[ 2016-02-02T10:56:24+08:00 ] ::1 /wisdom/index.php/Mobileweb/Cangtou/cangts_share
INFO: [ app_init ] --START--
INFO: Run Behavior\BuildLiteBehavior [ RunTime:0.000000s ]
INFO: [ app_init ] --END-- [ RunTime:0.001000s ]
INFO: [ app_begin ] --START--
INFO: Run Behavior\ReadHtmlCacheBehavior [ RunTime:0.000000s ]
INFO: [ app_begin ] --END-- [ RunTime:0.001000s ]
INFO: [ view_parse ] --START--
INFO: [ template_filter ] --START--
INFO: Run Behavior\ContentReplaceBehavior [ RunTime:0.000000s ]
INFO: [ template_filter ] --END-- [ RunTime:0.000000s ]
INFO: Run Behavior\ParseTemplateBehavior [ RunTime:0.014001s ]
INFO: [ view_parse ] --END-- [ RunTime:0.015001s ]
INFO: [ view_filter ] --START--
INFO: Run Behavior\WriteHtmlCacheBehavior [ RunTime:0.001000s ]
INFO: [ view_filter ] --END-- [ RunTime:0.001000s ]
INFO: [ app_end ] --START--
INFO: Run Behavior\ShowPageTraceBehavior [ RunTime:0.001000s ]
INFO: [ app_end ] --END-- [ RunTime:0.001000s ]

[ 2016-02-02T11:07:50+08:00 ] ::1 /wisdom/index.php/Mobileweb/Cangtou/cangts_share
INFO: [ app_init ] --START--
INFO: Run Behavior\BuildLiteBehavior [ RunTime:0.000000s ]
INFO: [ app_init ] --END-- [ RunTime:0.000000s ]
INFO: [ app_begin ] --START--
INFO: Run Behavior\ReadHtmlCacheBehavior [ RunTime:0.002000s ]
INFO: [ app_begin ] --END-- [ RunTime:0.002000s ]
INFO: [ view_parse ] --START--
INFO: [ template_filter ] --START--
INFO: Run Behavior\ContentReplaceBehavior [ RunTime:0.000000s ]
INFO: [ template_filter ] --END-- [ RunTime:0.000000s ]
INFO: Run Behavior\ParseTemplateBehavior [ RunTime:0.010000s ]
INFO: [ view_parse ] --END-- [ RunTime:0.010000s ]
INFO: [ view_filter ] --START--
INFO: Run Behavior\WriteHtmlCacheBehavior [ RunTime:0.002001s ]
INFO: [ view_filter ] --END-- [ RunTime:0.002001s ]
INFO: [ app_end ] --START--
INFO: Run Behavior\ShowPageTraceBehavior [ RunTime:0.002000s ]
INFO: [ app_end ] --END-- [ RunTime:0.002000s ]

[ 2016-02-02T11:08:23+08:00 ] ::1 /wisdom/index.php/Mobileweb/Cangtou/cangts_share
INFO: [ app_init ] --START--
INFO: Run Behavior\BuildLiteBehavior [ RunTime:0.000000s ]
INFO: [ app_init ] --END-- [ RunTime:0.005001s ]
INFO: [ app_begin ] --START--
INFO: Run Behavior\ReadHtmlCacheBehavior [ RunTime:0.001000s ]
INFO: [ app_begin ] --END-- [ RunTime:0.001000s ]
INFO: [ view_parse ] --START--
INFO: [ template_filter ] --START--
INFO: Run Behavior\ContentReplaceBehavior [ RunTime:0.000000s ]
INFO: [ template_filter ] --END-- [ RunTime:0.000000s ]
INFO: Run Behavior\ParseTemplateBehavior [ RunTime:0.024001s ]
INFO: [ view_parse ] --END-- [ RunTime:0.024001s ]
INFO: [ view_filter ] --START--
INFO: Run Behavior\WriteHtmlCacheBehavior [ RunTime:0.001000s ]
INFO: [ view_filter ] --END-- [ RunTime:0.001000s ]
INFO: [ app_end ] --START--
INFO: Run Behavior\ShowPageTraceBehavior [ RunTime:0.002001s ]
INFO: [ app_end ] --END-- [ RunTime:0.002001s ]

[ 2016-02-02T11:08:30+08:00 ] ::1 /wisdom/index.php/Mobileweb/Cangtou/cangts_share
INFO: [ app_init ] --START--
INFO: Run Behavior\BuildLiteBehavior [ RunTime:0.000000s ]
INFO: [ app_init ] --END-- [ RunTime:0.001000s ]
INFO: [ app_begin ] --START--
INFO: Run Behavior\ReadHtmlCacheBehavior [ RunTime:0.001000s ]
INFO: [ app_begin ] --END-- [ RunTime:0.001000s ]
INFO: [ view_parse ] --START--
INFO: [ template_filter ] --START--
INFO: Run Behavior\ContentReplaceBehavior [ RunTime:0.000000s ]
INFO: [ template_filter ] --END-- [ RunTime:0.000000s ]
INFO: Run Behavior\ParseTemplateBehavior [ RunTime:0.011000s ]
INFO: [ view_parse ] --END-- [ RunTime:0.012000s ]
INFO: [ view_filter ] --START--
INFO: Run Behavior\WriteHtmlCacheBehavior [ RunTime:0.002000s ]
INFO: [ view_filter ] --END-- [ RunTime:0.002000s ]
INFO: [ app_end ] --START--
INFO: Run Behavior\ShowPageTraceBehavior [ RunTime:0.002000s ]
INFO: [ app_end ] --END-- [ RunTime:0.002000s ]

[ 2016-02-02T11:08:35+08:00 ] ::1 /wisdom/index.php/Mobileweb/Cangtou/cangts_share
INFO: [ app_init ] --START--
INFO: Run Behavior\BuildLiteBehavior [ RunTime:0.000000s ]
INFO: [ app_init ] --END-- [ RunTime:0.002000s ]
INFO: [ app_begin ] --START--
INFO: Run Behavior\ReadHtmlCacheBehavior [ RunTime:0.002000s ]
INFO: [ app_begin ] --END-- [ RunTime:0.003000s ]
INFO: [ view_parse ] --START--
INFO: [ template_filter ] --START--
INFO: Run Behavior\ContentReplaceBehavior [ RunTime:0.000000s ]
INFO: [ template_filter ] --END-- [ RunTime:0.000000s ]
INFO: Run Behavior\ParseTemplateBehavior [ RunTime:0.011001s ]
INFO: [ view_parse ] --END-- [ RunTime:0.011001s ]
INFO: [ view_filter ] --START--
INFO: Run Behavior\WriteHtmlCacheBehavior [ RunTime:0.000000s ]
INFO: [ view_filter ] --END-- [ RunTime:0.001000s ]
INFO: [ app_end ] --START--
INFO: Run Behavior\ShowPageTraceBehavior [ RunTime:0.000000s ]
INFO: [ app_end ] --END-- [ RunTime:0.001000s ]

[ 2016-02-02T11:09:22+08:00 ] ::1 /wisdom/index.php/Mobileweb/Cangtou/cangts_share
INFO: [ app_init ] --START--
INFO: Run Behavior\BuildLiteBehavior [ RunTime:0.001000s ]
INFO: [ app_init ] --END-- [ RunTime:0.001000s ]
INFO: [ app_begin ] --START--
INFO: Run Behavior\ReadHtmlCacheBehavior [ RunTime:0.001000s ]
INFO: [ app_begin ] --END-- [ RunTime:0.001000s ]
INFO: [ view_parse ] --START--
INFO: [ template_filter ] --START--
INFO: Run Behavior\ContentReplaceBehavior [ RunTime:0.000000s ]
INFO: [ template_filter ] --END-- [ RunTime:0.000000s ]
INFO: Run Behavior\ParseTemplateBehavior [ RunTime:0.014001s ]
INFO: [ view_parse ] --END-- [ RunTime:0.015001s ]
INFO: [ view_filter ] --START--
INFO: Run Behavior\WriteHtmlCacheBehavior [ RunTime:0.001000s ]
INFO: [ view_filter ] --END-- [ RunTime:0.001000s ]
INFO: [ app_end ] --START--
INFO: Run Behavior\ShowPageTraceBehavior [ RunTime:0.001000s ]
INFO: [ app_end ] --END-- [ RunTime:0.002000s ]

[ 2016-02-02T12:01:55+08:00 ] ::1 /wisdom/index.php/Mobileweb/Hbgame/app_game?f_pcid=81
INFO: [ app_init ] --START--
INFO: Run Behavior\BuildLiteBehavior [ RunTime:0.000000s ]
INFO: [ app_init ] --END-- [ RunTime:0.001001s ]
INFO: [ app_begin ] --START--
INFO: Run Behavior\ReadHtmlCacheBehavior [ RunTime:0.003000s ]
INFO: [ app_begin ] --END-- [ RunTime:0.003000s ]
SQL: SHOW COLUMNS FROM `t_playcity` [ RunTime:0.0040s ]
SQL: SELECT * FROM `t_playcity` WHERE ( f_pcid=81 ) LIMIT 1   [ RunTime:0.0030s ]
SQL: SHOW COLUMNS FROM `t_playcitydetail` [ RunTime:0.0020s ]
SQL: SELECT COUNT(*) AS tp_count FROM `t_playcitydetail` WHERE ( f_mypcid=81 and  f_hepcid <> 0 ) LIMIT 1   [ RunTime:0.0010s ]
SQL: SELECT COUNT(*) AS tp_count FROM `t_playcitydetail` WHERE ( `f_date` >= 1454342400 AND `f_date` <= 1454428799  ) AND `f_mypcid` = 81 AND `f_hepcid` <> 0 LIMIT 1   [ RunTime:0.0020s ]
SQL: SHOW COLUMNS FROM `t_playredpwd` [ RunTime:0.0030s ]
SQL: SELECT * FROM `t_playredpwd` WHERE `f_time` = 1454374800 LIMIT 1   [ RunTime:0.0020s ]
SQL: SELECT * FROM `t_playredpwd` WHERE `f_time` = 1454396400 LIMIT 1   [ RunTime:0.0020s ]
SQL: SELECT * FROM `t_playredpwd` WHERE `f_time` = 1454418000 LIMIT 1   [ RunTime:0.0020s ]
SQL: SELECT SUM(f_goldcoin) AS tp_sum FROM `t_playcitydetail` WHERE ( f_mypcid=81 and  f_hepcid <> 0 ) LIMIT 1   [ RunTime:0.0020s ]
SQL: SELECT SUM(f_goldcoin) AS tp_sum FROM `t_playcitydetail` WHERE ( f_mypcid=81 ) LIMIT 1   [ RunTime:0.0020s ]
SQL: SELECT COUNT(*) AS tp_count FROM `t_playcitydetail` WHERE ( f_mypcid=81 and  f_hepcid = 0 and f_date > 1454342400 ) LIMIT 1   [ RunTime:0.0010s ]
SQL: SELECT * FROM `t_playcitydetail` WHERE ( f_mypcid=81 ) ORDER BY f_date  [ RunTime:0.0020s ]
SQL: SELECT * FROM `t_playcity` WHERE ( f_pcid=83 ) LIMIT 1   [ RunTime:0.0020s ]
SQL: SELECT * FROM `t_playcity` WHERE ( f_pcid=82 ) LIMIT 1   [ RunTime:0.0020s ]
SQL: SELECT * FROM `t_playcity` WHERE ( f_pcid=85 ) LIMIT 1   [ RunTime:0.0030s ]
SQL: SELECT * FROM `t_playcity` WHERE ( f_pcid=78 ) LIMIT 1   [ RunTime:0.0020s ]
SQL: SELECT * FROM `t_playcity` WHERE ( f_pcid=77 ) LIMIT 1   [ RunTime:0.0020s ]
SQL: SELECT * FROM `t_playcity` WHERE ( f_pcid=90 ) LIMIT 1   [ RunTime:0.0030s ]
SQL: SELECT * FROM `t_playcity` WHERE ( f_pcid=92 ) LIMIT 1   [ RunTime:0.0020s ]
SQL: SELECT * FROM `t_playcity` WHERE ( f_pcid=93 ) LIMIT 1   [ RunTime:0.0020s ]
SQL: SELECT * FROM `t_playcity` WHERE ( f_pcid=94 ) LIMIT 1   [ RunTime:0.0020s ]
SQL: SELECT * FROM `t_playcity` WHERE ( f_pcid=95 ) LIMIT 1   [ RunTime:0.0030s ]
SQL: SELECT * FROM `t_playcity` WHERE ( f_pcid=101 ) LIMIT 1   [ RunTime:0.0020s ]
SQL: SELECT * FROM `t_playcity` WHERE ( f_pcid=102 ) LIMIT 1   [ RunTime:0.0020s ]
SQL: SELECT * FROM `t_playcity` WHERE ( f_pcid=103 ) LIMIT 1   [ RunTime:0.0020s ]
SQL: SELECT * FROM `t_playcity` WHERE ( f_pcid=105 ) LIMIT 1   [ RunTime:0.0020s ]
SQL: SELECT * FROM `t_playcity` WHERE ( f_pcid=93 ) LIMIT 1   [ RunTime:0.0020s ]
SQL: SELECT * FROM `t_playcity` WHERE ( f_pcid=89 ) LIMIT 1   [ RunTime:0.0020s ]
SQL: SELECT * FROM `t_playcity` WHERE ( f_pcid=82 ) LIMIT 1   [ RunTime:0.0020s ]
SQL: SELECT * FROM `t_playcity` WHERE ( f_pcid=88 ) LIMIT 1   [ RunTime:0.0020s ]
SQL: SELECT * FROM `t_playcity` WHERE ( f_pcid=95 ) LIMIT 1   [ RunTime:0.0020s ]
SQL: SELECT * FROM `t_playcity` WHERE ( f_pcid=77 ) LIMIT 1   [ RunTime:0.0020s ]
SQL: SELECT * FROM `t_playcity` WHERE ( f_pcid=77 ) LIMIT 1   [ RunTime:0.0020s ]
SQL: SELECT * FROM `t_playcity` WHERE ( f_pcid=77 ) LIMIT 1   [ RunTime:0.0020s ]
SQL: SELECT * FROM `t_playcity` WHERE ( f_pcid=77 ) LIMIT 1   [ RunTime:0.0020s ]
SQL: SELECT * FROM `t_playcity` WHERE ( f_pcid=83 ) LIMIT 1   [ RunTime:0.0020s ]
SQL: SELECT * FROM `t_playcity` WHERE ( f_pcid=119 ) LIMIT 1   [ RunTime:0.0030s ]
SQL: SELECT * FROM `t_playcity` WHERE ( f_pcid=119 ) LIMIT 1   [ RunTime:0.0020s ]
NOTIC: [2] unlink(./App/Runtime/Temp/6f2263194f0eb97d0e9e0c503d9d4078.php): No such file or directory D:\wamp\www\wisdom\ThinkPHP\Library\Think\Cache\Driver\File.class.php 第 157 行.
NOTIC: [8] Undefined index: ticket D:\wamp\www\wisdom\App\Mobileweb\Controller\WechatController.class.php 第 129 行.
NOTIC: [2] unlink(./App/Runtime/Temp/565a309c2ff09820a56d7da3457f2bb6.php): No such file or directory D:\wamp\www\wisdom\ThinkPHP\Library\Think\Cache\Driver\File.class.php 第 157 行.
NOTIC: [8] Undefined index: unionid D:\wamp\www\wisdom\App\Mobileweb\Controller\HbgameController.class.php 第 307 行.
SQL: SHOW COLUMNS FROM `t_playcity_set` [ RunTime:0.0040s ]
SQL: SELECT * FROM `t_playcity_set` WHERE ( f_id=1 ) LIMIT 1   [ RunTime:0.0020s ]
INFO: [ view_parse ] --START--
INFO: [ template_filter ] --START--
INFO: Run Behavior\ContentReplaceBehavior [ RunTime:0.000000s ]
INFO: [ template_filter ] --END-- [ RunTime:0.001000s ]
INFO: Run Behavior\ParseTemplateBehavior [ RunTime:0.037003s ]
INFO: [ view_parse ] --END-- [ RunTime:0.037003s ]
INFO: [ view_filter ] --START--
INFO: Run Behavior\WriteHtmlCacheBehavior [ RunTime:0.002000s ]
INFO: [ view_filter ] --END-- [ RunTime:0.002000s ]
INFO: [ app_end ] --START--
INFO: Run Behavior\ShowPageTraceBehavior [ RunTime:0.003000s ]
INFO: [ app_end ] --END-- [ RunTime:0.004000s ]

[ 2016-02-02T12:21:00+08:00 ] ::1 /wisdom/index.php/Mobileweb/Hbgame/app_game?f_pcid=81
INFO: [ app_init ] --START--
INFO: Run Behavior\BuildLiteBehavior [ RunTime:0.001000s ]
INFO: [ app_init ] --END-- [ RunTime:0.004000s ]
INFO: [ app_begin ] --START--
INFO: Run Behavior\ReadHtmlCacheBehavior [ RunTime:0.005000s ]
INFO: [ app_begin ] --END-- [ RunTime:0.006000s ]
SQL: SHOW COLUMNS FROM `t_playcity` [ RunTime:0.0030s ]
SQL: SELECT * FROM `t_playcity` WHERE ( f_pcid=81 ) LIMIT 1   [ RunTime:0.0020s ]
SQL: SHOW COLUMNS FROM `t_playcitydetail` [ RunTime:0.0050s ]
SQL: SELECT COUNT(*) AS tp_count FROM `t_playcitydetail` WHERE ( f_mypcid=81 and  f_hepcid <> 0 ) LIMIT 1   [ RunTime:0.0020s ]
SQL: SELECT COUNT(*) AS tp_count FROM `t_playcitydetail` WHERE ( `f_date` >= 1454342400 AND `f_date` <= 1454428799  ) AND `f_mypcid` = 81 AND `f_hepcid` <> 0 LIMIT 1   [ RunTime:0.0030s ]
SQL: SHOW COLUMNS FROM `t_playredpwd` [ RunTime:0.0040s ]
SQL: SELECT * FROM `t_playredpwd` WHERE `f_time` = 1454374800 LIMIT 1   [ RunTime:0.0020s ]
SQL: SELECT * FROM `t_playredpwd` WHERE `f_time` = 1454396400 LIMIT 1   [ RunTime:0.0030s ]
SQL: SELECT * FROM `t_playredpwd` WHERE `f_time` = 1454418000 LIMIT 1   [ RunTime:0.0020s ]
SQL: SELECT SUM(f_goldcoin) AS tp_sum FROM `t_playcitydetail` WHERE ( f_mypcid=81 and  f_hepcid <> 0 ) LIMIT 1   [ RunTime:0.0020s ]
SQL: SELECT SUM(f_goldcoin) AS tp_sum FROM `t_playcitydetail` WHERE ( f_mypcid=81 ) LIMIT 1   [ RunTime:0.0010s ]
SQL: SELECT COUNT(*) AS tp_count FROM `t_playcitydetail` WHERE ( f_mypcid=81 and  f_hepcid = 0 and f_date > 1454342400 ) LIMIT 1   [ RunTime:0.0030s ]
SQL: SELECT * FROM `t_playcitydetail` WHERE ( f_mypcid=81 ) ORDER BY f_date  [ RunTime:0.0030s ]
SQL: SELECT * FROM `t_playcity` WHERE ( f_pcid=83 ) LIMIT 1   [ RunTime:0.0030s ]
SQL: SELECT * FROM `t_playcity` WHERE ( f_pcid=82 ) LIMIT 1   [ RunTime:0.0030s ]
SQL: SELECT * FROM `t_playcity` WHERE ( f_pcid=85 ) LIMIT 1   [ RunTime:0.0020s ]
SQL: SELECT * FROM `t_playcity` WHERE ( f_pcid=78 ) LIMIT 1   [ RunTime:0.0030s ]
SQL: SELECT * FROM `t_playcity` WHERE ( f_pcid=77 ) LIMIT 1   [ RunTime:0.0030s ]
SQL: SELECT * FROM `t_playcity` WHERE ( f_pcid=90 ) LIMIT 1   [ RunTime:0.0020s ]
SQL: SELECT * FROM `t_playcity` WHERE ( f_pcid=92 ) LIMIT 1   [ RunTime:0.0020s ]
SQL: SELECT * FROM `t_playcity` WHERE ( f_pcid=93 ) LIMIT 1   [ RunTime:0.0020s ]
SQL: SELECT * FROM `t_playcity` WHERE ( f_pcid=94 ) LIMIT 1   [ RunTime:0.0030s ]
SQL: SELECT * FROM `t_playcity` WHERE ( f_pcid=95 ) LIMIT 1   [ RunTime:0.0020s ]
SQL: SELECT * FROM `t_playcity` WHERE ( f_pcid=101 ) LIMIT 1   [ RunTime:0.0030s ]
SQL: SELECT * FROM `t_playcity` WHERE ( f_pcid=102 ) LIMIT 1   [ RunTime:0.0050s ]
SQL: SELECT * FROM `t_playcity` WHERE ( f_pcid=103 ) LIMIT 1   [ RunTime:0.0030s ]
SQL: SELECT * FROM `t_playcity` WHERE ( f_pcid=105 ) LIMIT 1   [ RunTime:0.0020s ]
SQL: SELECT * FROM `t_playcity` WHERE ( f_pcid=93 ) LIMIT 1   [ RunTime:0.0020s ]
SQL: SELECT * FROM `t_playcity` WHERE ( f_pcid=89 ) LIMIT 1   [ RunTime:0.0050s ]
SQL: SELECT * FROM `t_playcity` WHERE ( f_pcid=82 ) LIMIT 1   [ RunTime:0.0030s ]
SQL: SELECT * FROM `t_playcity` WHERE ( f_pcid=88 ) LIMIT 1   [ RunTime:0.0030s ]
SQL: SELECT * FROM `t_playcity` WHERE ( f_pcid=95 ) LIMIT 1   [ RunTime:0.0030s ]
SQL: SELECT * FROM `t_playcity` WHERE ( f_pcid=77 ) LIMIT 1   [ RunTime:0.0030s ]
SQL: SELECT * FROM `t_playcity` WHERE ( f_pcid=77 ) LIMIT 1   [ RunTime:0.0030s ]
SQL: SELECT * FROM `t_playcity` WHERE ( f_pcid=77 ) LIMIT 1   [ RunTime:0.0020s ]
SQL: SELECT * FROM `t_playcity` WHERE ( f_pcid=77 ) LIMIT 1   [ RunTime:0.0020s ]
SQL: SELECT * FROM `t_playcity` WHERE ( f_pcid=83 ) LIMIT 1   [ RunTime:0.0030s ]
SQL: SELECT * FROM `t_playcity` WHERE ( f_pcid=119 ) LIMIT 1   [ RunTime:0.0030s ]
SQL: SELECT * FROM `t_playcity` WHERE ( f_pcid=119 ) LIMIT 1   [ RunTime:0.0030s ]
SQL: SELECT * FROM `t_playcity` WHERE ( f_pcid=120 ) LIMIT 1   [ RunTime:0.0020s ]
NOTIC: [2] unlink(./App/Runtime/Temp/565a309c2ff09820a56d7da3457f2bb6.php): No such file or directory D:\wamp\www\wisdom\ThinkPHP\Library\Think\Cache\Driver\File.class.php 第 157 行.
NOTIC: [8] Undefined index: unionid D:\wamp\www\wisdom\App\Mobileweb\Controller\HbgameController.class.php 第 307 行.
SQL: SHOW COLUMNS FROM `t_playcity_set` [ RunTime:0.0030s ]
SQL: SELECT * FROM `t_playcity_set` WHERE ( f_id=1 ) LIMIT 1   [ RunTime:0.0030s ]
INFO: [ view_parse ] --START--
INFO: [ template_filter ] --START--
INFO: Run Behavior\ContentReplaceBehavior [ RunTime:0.000000s ]
INFO: [ template_filter ] --END-- [ RunTime:0.001000s ]
INFO: Run Behavior\ParseTemplateBehavior [ RunTime:0.031002s ]
INFO: [ view_parse ] --END-- [ RunTime:0.031002s ]
INFO: [ view_filter ] --START--
INFO: Run Behavior\WriteHtmlCacheBehavior [ RunTime:0.001000s ]
INFO: [ view_filter ] --END-- [ RunTime:0.001000s ]
INFO: [ app_end ] --START--
INFO: Run Behavior\ShowPageTraceBehavior [ RunTime:0.002000s ]
INFO: [ app_end ] --END-- [ RunTime:0.002000s ]

[ 2016-02-02T15:30:07+08:00 ] ::1 /wisdom/index.php/Mobileweb/Cangtou/cangts_share
INFO: [ app_init ] --START--
INFO: Run Behavior\BuildLiteBehavior [ RunTime:0.000000s ]
INFO: [ app_init ] --END-- [ RunTime:0.001000s ]
INFO: [ app_begin ] --START--
INFO: Run Behavior\ReadHtmlCacheBehavior [ RunTime:0.002000s ]
INFO: [ app_begin ] --END-- [ RunTime:0.002000s ]
INFO: [ view_parse ] --START--
INFO: [ template_filter ] --START--
INFO: Run Behavior\ContentReplaceBehavior [ RunTime:0.000000s ]
INFO: [ template_filter ] --END-- [ RunTime:0.000000s ]
INFO: Run Behavior\ParseTemplateBehavior [ RunTime:0.060003s ]
INFO: [ view_parse ] --END-- [ RunTime:0.060003s ]
INFO: [ view_filter ] --START--
INFO: Run Behavior\WriteHtmlCacheBehavior [ RunTime:0.004000s ]
INFO: [ view_filter ] --END-- [ RunTime:0.004000s ]
INFO: [ app_end ] --START--
INFO: Run Behavior\ShowPageTraceBehavior [ RunTime:0.005000s ]
INFO: [ app_end ] --END-- [ RunTime:0.005000s ]

[ 2016-02-02T15:30:23+08:00 ] ::1 /wisdom/index.php/Mobileweb/Cangtou/cangts
INFO: [ app_init ] --START--
INFO: Run Behavior\BuildLiteBehavior [ RunTime:0.000000s ]
INFO: [ app_init ] --END-- [ RunTime:0.001000s ]
INFO: [ app_begin ] --START--
INFO: Run Behavior\ReadHtmlCacheBehavior [ RunTime:0.003000s ]
INFO: [ app_begin ] --END-- [ RunTime:0.003000s ]
SQL: SHOW COLUMNS FROM `t_shici_user` [ RunTime:0.0180s ]
SQL: SELECT * FROM `t_shici_user` LEFT JOIN t_shici as t ON t.f_uid=t_shici_user.f_uid  WHERE t_shici_user.f_uid = 1  [ RunTime:0.0020s ]
NOTIC: [2] unlink(./App/Runtime/Temp/6f2263194f0eb97d0e9e0c503d9d4078.php): No such file or directory D:\wamp\www\wisdom\ThinkPHP\Library\Think\Cache\Driver\File.class.php 第 157 行.
NOTIC: [8] Undefined index: ticket D:\wamp\www\wisdom\App\Mobileweb\Controller\WechatController.class.php 第 129 行.
NOTIC: [2] unlink(./App/Runtime/Temp/565a309c2ff09820a56d7da3457f2bb6.php): No such file or directory D:\wamp\www\wisdom\ThinkPHP\Library\Think\Cache\Driver\File.class.php 第 157 行.
NOTIC: [8] Undefined index: re D:\wamp\www\wisdom\App\Mobileweb\Controller\CangtouController.class.php 第 76 行.
NOTIC: [8] Undefined index: re D:\wamp\www\wisdom\App\Mobileweb\Controller\CangtouController.class.php 第 77 行.
ERR: Think\Controller:userTextDecode方法不存在！

[ 2016-02-02T16:43:26+08:00 ] ::1 /wisdom/index.php/Mobileweb/Hbgame/app_grules
INFO: [ app_init ] --START--
INFO: Run Behavior\BuildLiteBehavior [ RunTime:0.000000s ]
INFO: [ app_init ] --END-- [ RunTime:0.001000s ]
INFO: [ app_begin ] --START--
INFO: Run Behavior\ReadHtmlCacheBehavior [ RunTime:0.003000s ]
INFO: [ app_begin ] --END-- [ RunTime:0.003000s ]
INFO: [ view_parse ] --START--
INFO: [ template_filter ] --START--
INFO: Run Behavior\ContentReplaceBehavior [ RunTime:0.000000s ]
INFO: [ template_filter ] --END-- [ RunTime:0.000000s ]
INFO: Run Behavior\ParseTemplateBehavior [ RunTime:0.098005s ]
INFO: [ view_parse ] --END-- [ RunTime:0.100005s ]
INFO: [ view_filter ] --START--
INFO: Run Behavior\WriteHtmlCacheBehavior [ RunTime:0.001000s ]
INFO: [ view_filter ] --END-- [ RunTime:0.001000s ]
INFO: [ app_end ] --START--
INFO: Run Behavior\ShowPageTraceBehavior [ RunTime:0.001000s ]
INFO: [ app_end ] --END-- [ RunTime:0.001000s ]

[ 2016-02-02T16:45:22+08:00 ] ::1 /wisdom/index.php/Mobileweb/Hbgame/app_grules
INFO: [ app_init ] --START--
INFO: Run Behavior\BuildLiteBehavior [ RunTime:0.000000s ]
INFO: [ app_init ] --END-- [ RunTime:0.001000s ]
INFO: [ app_begin ] --START--
INFO: Run Behavior\ReadHtmlCacheBehavior [ RunTime:0.002001s ]
INFO: [ app_begin ] --END-- [ RunTime:0.002001s ]
INFO: [ view_parse ] --START--
INFO: [ template_filter ] --START--
INFO: Run Behavior\ContentReplaceBehavior [ RunTime:0.000000s ]
INFO: [ template_filter ] --END-- [ RunTime:0.000000s ]
INFO: Run Behavior\ParseTemplateBehavior [ RunTime:0.012001s ]
INFO: [ view_parse ] --END-- [ RunTime:0.012001s ]
INFO: [ view_filter ] --START--
INFO: Run Behavior\WriteHtmlCacheBehavior [ RunTime:0.001000s ]
INFO: [ view_filter ] --END-- [ RunTime:0.002000s ]
INFO: [ app_end ] --START--
INFO: Run Behavior\ShowPageTraceBehavior [ RunTime:0.002000s ]
INFO: [ app_end ] --END-- [ RunTime:0.002000s ]

[ 2016-02-02T16:45:55+08:00 ] ::1 /wisdom/index.php/Mobileweb/Hbgame/app_grules
INFO: [ app_init ] --START--
INFO: Run Behavior\BuildLiteBehavior [ RunTime:0.000000s ]
INFO: [ app_init ] --END-- [ RunTime:0.001000s ]
INFO: [ app_begin ] --START--
INFO: Run Behavior\ReadHtmlCacheBehavior [ RunTime:0.001000s ]
INFO: [ app_begin ] --END-- [ RunTime:0.003000s ]
INFO: [ view_parse ] --START--
INFO: [ template_filter ] --START--
INFO: Run Behavior\ContentReplaceBehavior [ RunTime:0.001000s ]
INFO: [ template_filter ] --END-- [ RunTime:0.001000s ]
INFO: Run Behavior\ParseTemplateBehavior [ RunTime:0.016001s ]
INFO: [ view_parse ] --END-- [ RunTime:0.016001s ]
INFO: [ view_filter ] --START--
INFO: Run Behavior\WriteHtmlCacheBehavior [ RunTime:0.001000s ]
INFO: [ view_filter ] --END-- [ RunTime:0.001000s ]
INFO: [ app_end ] --START--
INFO: Run Behavior\ShowPageTraceBehavior [ RunTime:0.002000s ]
INFO: [ app_end ] --END-- [ RunTime:0.002000s ]

[ 2016-02-02T16:47:04+08:00 ] ::1 /wisdom/index.php/Mobileweb/Hbgame/app_grules
INFO: [ app_init ] --START--
INFO: Run Behavior\BuildLiteBehavior [ RunTime:0.000000s ]
INFO: [ app_init ] --END-- [ RunTime:0.001000s ]
INFO: [ app_begin ] --START--
INFO: Run Behavior\ReadHtmlCacheBehavior [ RunTime:0.001000s ]
INFO: [ app_begin ] --END-- [ RunTime:0.001000s ]
INFO: [ view_parse ] --START--
INFO: [ template_filter ] --START--
INFO: Run Behavior\ContentReplaceBehavior [ RunTime:0.000000s ]
INFO: [ template_filter ] --END-- [ RunTime:0.000000s ]
INFO: Run Behavior\ParseTemplateBehavior [ RunTime:0.011001s ]
INFO: [ view_parse ] --END-- [ RunTime:0.012001s ]
INFO: [ view_filter ] --START--
INFO: Run Behavior\WriteHtmlCacheBehavior [ RunTime:0.001000s ]
INFO: [ view_filter ] --END-- [ RunTime:0.001000s ]
INFO: [ app_end ] --START--
INFO: Run Behavior\ShowPageTraceBehavior [ RunTime:0.002000s ]
INFO: [ app_end ] --END-- [ RunTime:0.002000s ]

[ 2016-02-02T16:47:05+08:00 ] ::1 /wisdom/index.php/Mobileweb/Hbgame/app_grules
INFO: [ app_init ] --START--
INFO: Run Behavior\BuildLiteBehavior [ RunTime:0.000000s ]
INFO: [ app_init ] --END-- [ RunTime:0.003001s ]
INFO: [ app_begin ] --START--
INFO: Run Behavior\ReadHtmlCacheBehavior [ RunTime:0.002000s ]
INFO: [ app_begin ] --END-- [ RunTime:0.003000s ]
INFO: [ view_parse ] --START--
INFO: [ template_filter ] --START--
INFO: Run Behavior\ContentReplaceBehavior [ RunTime:0.000000s ]
INFO: [ template_filter ] --END-- [ RunTime:0.000000s ]
INFO: Run Behavior\ParseTemplateBehavior [ RunTime:0.028002s ]
INFO: [ view_parse ] --END-- [ RunTime:0.028002s ]
INFO: [ view_filter ] --START--
INFO: Run Behavior\WriteHtmlCacheBehavior [ RunTime:0.002000s ]
INFO: [ view_filter ] --END-- [ RunTime:0.002000s ]
INFO: [ app_end ] --START--
INFO: Run Behavior\ShowPageTraceBehavior [ RunTime:0.003000s ]
INFO: [ app_end ] --END-- [ RunTime:0.003000s ]

[ 2016-02-02T16:47:11+08:00 ] ::1 /wisdom/index.php/Mobileweb/Hbgame/app_grules
INFO: [ app_init ] --START--
INFO: Run Behavior\BuildLiteBehavior [ RunTime:0.000000s ]
INFO: [ app_init ] --END-- [ RunTime:0.001000s ]
INFO: [ app_begin ] --START--
INFO: Run Behavior\ReadHtmlCacheBehavior [ RunTime:0.004001s ]
INFO: [ app_begin ] --END-- [ RunTime:0.004001s ]
INFO: [ view_parse ] --START--
INFO: [ template_filter ] --START--
INFO: Run Behavior\ContentReplaceBehavior [ RunTime:0.000000s ]
INFO: [ template_filter ] --END-- [ RunTime:0.000000s ]
INFO: Run Behavior\ParseTemplateBehavior [ RunTime:0.019001s ]
INFO: [ view_parse ] --END-- [ RunTime:0.021001s ]
INFO: [ view_filter ] --START--
INFO: Run Behavior\WriteHtmlCacheBehavior [ RunTime:0.001000s ]
INFO: [ view_filter ] --END-- [ RunTime:0.001000s ]
INFO: [ app_end ] --START--
INFO: Run Behavior\ShowPageTraceBehavior [ RunTime:0.001000s ]
INFO: [ app_end ] --END-- [ RunTime:0.001000s ]

[ 2016-02-02T16:58:12+08:00 ] ::1 /wisdom/index.php/Mobileweb/Hbgame/app_grules
INFO: [ app_init ] --START--
INFO: Run Behavior\BuildLiteBehavior [ RunTime:0.000000s ]
INFO: [ app_init ] --END-- [ RunTime:0.001000s ]
INFO: [ app_begin ] --START--
INFO: Run Behavior\ReadHtmlCacheBehavior [ RunTime:0.003000s ]
INFO: [ app_begin ] --END-- [ RunTime:0.003000s ]
INFO: [ view_parse ] --START--
INFO: [ template_filter ] --START--
INFO: Run Behavior\ContentReplaceBehavior [ RunTime:0.000000s ]
INFO: [ template_filter ] --END-- [ RunTime:0.000000s ]
INFO: Run Behavior\ParseTemplateBehavior [ RunTime:0.018001s ]
INFO: [ view_parse ] --END-- [ RunTime:0.018001s ]
INFO: [ view_filter ] --START--
INFO: Run Behavior\WriteHtmlCacheBehavior [ RunTime:0.002000s ]
INFO: [ view_filter ] --END-- [ RunTime:0.002000s ]
INFO: [ app_end ] --START--
INFO: Run Behavior\ShowPageTraceBehavior [ RunTime:0.002000s ]
INFO: [ app_end ] --END-- [ RunTime:0.002000s ]

[ 2016-02-02T17:14:18+08:00 ] ::1 /wisdom/index.php/Mobileweb/Hbgame/pointsMall
INFO: [ app_init ] --START--
INFO: Run Behavior\BuildLiteBehavior [ RunTime:0.000000s ]
INFO: [ app_init ] --END-- [ RunTime:0.003000s ]
INFO: [ app_begin ] --START--
INFO: Run Behavior\ReadHtmlCacheBehavior [ RunTime:0.001000s ]
INFO: [ app_begin ] --END-- [ RunTime:0.001000s ]
INFO: [ view_parse ] --START--
INFO: [ template_filter ] --START--
INFO: Run Behavior\ContentReplaceBehavior [ RunTime:0.000000s ]
INFO: [ template_filter ] --END-- [ RunTime:0.000000s ]
INFO: Run Behavior\ParseTemplateBehavior [ RunTime:0.027002s ]
INFO: [ view_parse ] --END-- [ RunTime:0.027002s ]
INFO: [ view_filter ] --START--
INFO: Run Behavior\WriteHtmlCacheBehavior [ RunTime:0.001000s ]
INFO: [ view_filter ] --END-- [ RunTime:0.001000s ]
INFO: [ app_end ] --START--
INFO: Run Behavior\ShowPageTraceBehavior [ RunTime:0.001000s ]
INFO: [ app_end ] --END-- [ RunTime:0.001000s ]

[ 2016-02-02T17:16:04+08:00 ] ::1 /wisdom/index.php/Mobileweb/Hbgame/pointsMall
INFO: [ app_init ] --START--
INFO: Run Behavior\BuildLiteBehavior [ RunTime:0.000000s ]
INFO: [ app_init ] --END-- [ RunTime:0.001000s ]
INFO: [ app_begin ] --START--
INFO: Run Behavior\ReadHtmlCacheBehavior [ RunTime:0.003000s ]
INFO: [ app_begin ] --END-- [ RunTime:0.003000s ]
INFO: [ view_parse ] --START--
INFO: [ template_filter ] --START--
INFO: Run Behavior\ContentReplaceBehavior [ RunTime:0.000000s ]
INFO: [ template_filter ] --END-- [ RunTime:0.000000s ]
INFO: Run Behavior\ParseTemplateBehavior [ RunTime:0.051003s ]
INFO: [ view_parse ] --END-- [ RunTime:0.051003s ]
INFO: [ view_filter ] --START--
INFO: Run Behavior\WriteHtmlCacheBehavior [ RunTime:0.004001s ]
INFO: [ view_filter ] --END-- [ RunTime:0.005001s ]
INFO: [ app_end ] --START--
INFO: Run Behavior\ShowPageTraceBehavior [ RunTime:0.003000s ]
INFO: [ app_end ] --END-- [ RunTime:0.003000s ]

[ 2016-02-02T17:16:05+08:00 ] ::1 /wisdom/index.php/Mobileweb/Hbgame/pointsMall
INFO: [ app_init ] --START--
INFO: Run Behavior\BuildLiteBehavior [ RunTime:0.000000s ]
INFO: [ app_init ] --END-- [ RunTime:0.002000s ]
INFO: [ app_begin ] --START--
INFO: Run Behavior\ReadHtmlCacheBehavior [ RunTime:0.002000s ]
INFO: [ app_begin ] --END-- [ RunTime:0.002000s ]
INFO: [ view_parse ] --START--
INFO: [ template_filter ] --START--
INFO: Run Behavior\ContentReplaceBehavior [ RunTime:0.000000s ]
INFO: [ template_filter ] --END-- [ RunTime:0.001000s ]
INFO: Run Behavior\ParseTemplateBehavior [ RunTime:0.010001s ]
INFO: [ view_parse ] --END-- [ RunTime:0.010001s ]
INFO: [ view_filter ] --START--
INFO: Run Behavior\WriteHtmlCacheBehavior [ RunTime:0.001000s ]
INFO: [ view_filter ] --END-- [ RunTime:0.001000s ]
INFO: [ app_end ] --START--
INFO: Run Behavior\ShowPageTraceBehavior [ RunTime:0.002000s ]
INFO: [ app_end ] --END-- [ RunTime:0.002000s ]

[ 2016-02-02T17:16:05+08:00 ] ::1 /wisdom/index.php/Mobileweb/Hbgame/pointsMall
INFO: [ app_init ] --START--
INFO: Run Behavior\BuildLiteBehavior [ RunTime:0.000000s ]
INFO: [ app_init ] --END-- [ RunTime:0.001000s ]
INFO: [ app_begin ] --START--
INFO: Run Behavior\ReadHtmlCacheBehavior [ RunTime:0.001000s ]
INFO: [ app_begin ] --END-- [ RunTime:0.001000s ]
INFO: [ view_parse ] --START--
INFO: [ template_filter ] --START--
INFO: Run Behavior\ContentReplaceBehavior [ RunTime:0.000000s ]
INFO: [ template_filter ] --END-- [ RunTime:0.000000s ]
INFO: Run Behavior\ParseTemplateBehavior [ RunTime:0.012001s ]
INFO: [ view_parse ] --END-- [ RunTime:0.012001s ]
INFO: [ view_filter ] --START--
INFO: Run Behavior\WriteHtmlCacheBehavior [ RunTime:0.001000s ]
INFO: [ view_filter ] --END-- [ RunTime:0.001000s ]
INFO: [ app_end ] --START--
INFO: Run Behavior\ShowPageTraceBehavior [ RunTime:0.001000s ]
INFO: [ app_end ] --END-- [ RunTime:0.001000s ]

[ 2016-02-02T17:17:02+08:00 ] ::1 /wisdom/index.php/Mobileweb/Hbgame/pointsMall
INFO: [ app_init ] --START--
INFO: Run Behavior\BuildLiteBehavior [ RunTime:0.000000s ]
INFO: [ app_init ] --END-- [ RunTime:0.002000s ]
INFO: [ app_begin ] --START--
INFO: Run Behavior\ReadHtmlCacheBehavior [ RunTime:0.001000s ]
INFO: [ app_begin ] --END-- [ RunTime:0.001000s ]
INFO: [ view_parse ] --START--
INFO: [ template_filter ] --START--
INFO: Run Behavior\ContentReplaceBehavior [ RunTime:0.000000s ]
INFO: [ template_filter ] --END-- [ RunTime:0.000000s ]
INFO: Run Behavior\ParseTemplateBehavior [ RunTime:0.025001s ]
INFO: [ view_parse ] --END-- [ RunTime:0.026001s ]
INFO: [ view_filter ] --START--
INFO: Run Behavior\WriteHtmlCacheBehavior [ RunTime:0.004000s ]
INFO: [ view_filter ] --END-- [ RunTime:0.004000s ]
INFO: [ app_end ] --START--
INFO: Run Behavior\ShowPageTraceBehavior [ RunTime:0.001000s ]
INFO: [ app_end ] --END-- [ RunTime:0.002000s ]

[ 2016-02-02T17:17:21+08:00 ] ::1 /wisdom/index.php/Mobileweb/Hbgame/pointsMall
INFO: [ app_init ] --START--
INFO: Run Behavior\BuildLiteBehavior [ RunTime:0.000000s ]
INFO: [ app_init ] --END-- [ RunTime:0.002000s ]
INFO: [ app_begin ] --START--
INFO: Run Behavior\ReadHtmlCacheBehavior [ RunTime:0.002001s ]
INFO: [ app_begin ] --END-- [ RunTime:0.002001s ]
INFO: [ view_parse ] --START--
INFO: [ template_filter ] --START--
INFO: Run Behavior\ContentReplaceBehavior [ RunTime:0.001000s ]
INFO: [ template_filter ] --END-- [ RunTime:0.001000s ]
INFO: Run Behavior\ParseTemplateBehavior [ RunTime:0.018001s ]
INFO: [ view_parse ] --END-- [ RunTime:0.018001s ]
INFO: [ view_filter ] --START--
INFO: Run Behavior\WriteHtmlCacheBehavior [ RunTime:0.000000s ]
INFO: [ view_filter ] --END-- [ RunTime:0.001000s ]
INFO: [ app_end ] --START--
INFO: Run Behavior\ShowPageTraceBehavior [ RunTime:0.000000s ]
INFO: [ app_end ] --END-- [ RunTime:0.001000s ]

[ 2016-02-02T17:17:27+08:00 ] ::1 /wisdom/index.php/Mobileweb/Hbgame/pointsMall
INFO: [ app_init ] --START--
INFO: Run Behavior\BuildLiteBehavior [ RunTime:0.000000s ]
INFO: [ app_init ] --END-- [ RunTime:0.003000s ]
INFO: [ app_begin ] --START--
INFO: Run Behavior\ReadHtmlCacheBehavior [ RunTime:0.002000s ]
INFO: [ app_begin ] --END-- [ RunTime:0.003000s ]
INFO: [ view_parse ] --START--
INFO: [ template_filter ] --START--
INFO: Run Behavior\ContentReplaceBehavior [ RunTime:0.000000s ]
INFO: [ template_filter ] --END-- [ RunTime:0.000000s ]
INFO: Run Behavior\ParseTemplateBehavior [ RunTime:0.010000s ]
INFO: [ view_parse ] --END-- [ RunTime:0.012000s ]
INFO: [ view_filter ] --START--
INFO: Run Behavior\WriteHtmlCacheBehavior [ RunTime:0.008001s ]
INFO: [ view_filter ] --END-- [ RunTime:0.008001s ]
INFO: [ app_end ] --START--
INFO: Run Behavior\ShowPageTraceBehavior [ RunTime:0.002000s ]
INFO: [ app_end ] --END-- [ RunTime:0.002000s ]

[ 2016-02-02T17:21:17+08:00 ] ::1 /wisdom/index.php/Mobileweb/Hbgame/pointsMall
INFO: [ app_init ] --START--
INFO: Run Behavior\BuildLiteBehavior [ RunTime:0.000000s ]
INFO: [ app_init ] --END-- [ RunTime:0.001000s ]
INFO: [ app_begin ] --START--
INFO: Run Behavior\ReadHtmlCacheBehavior [ RunTime:0.001000s ]
INFO: [ app_begin ] --END-- [ RunTime:0.002000s ]
INFO: [ view_parse ] --START--
INFO: [ template_filter ] --START--
INFO: Run Behavior\ContentReplaceBehavior [ RunTime:0.001000s ]
INFO: [ template_filter ] --END-- [ RunTime:0.001000s ]
INFO: Run Behavior\ParseTemplateBehavior [ RunTime:0.021001s ]
INFO: [ view_parse ] --END-- [ RunTime:0.021001s ]
INFO: [ view_filter ] --START--
INFO: Run Behavior\WriteHtmlCacheBehavior [ RunTime:0.003000s ]
INFO: [ view_filter ] --END-- [ RunTime:0.003000s ]
INFO: [ app_end ] --START--
INFO: Run Behavior\ShowPageTraceBehavior [ RunTime:0.003001s ]
INFO: [ app_end ] --END-- [ RunTime:0.003001s ]

[ 2016-02-02T17:21:18+08:00 ] ::1 /wisdom/index.php/Mobileweb/Hbgame/pointsMall
INFO: [ app_init ] --START--
INFO: Run Behavior\BuildLiteBehavior [ RunTime:0.001000s ]
INFO: [ app_init ] --END-- [ RunTime:0.002000s ]
INFO: [ app_begin ] --START--
INFO: Run Behavior\ReadHtmlCacheBehavior [ RunTime:0.002000s ]
INFO: [ app_begin ] --END-- [ RunTime:0.002000s ]
INFO: [ view_parse ] --START--
INFO: [ template_filter ] --START--
INFO: Run Behavior\ContentReplaceBehavior [ RunTime:0.000000s ]
INFO: [ template_filter ] --END-- [ RunTime:0.000000s ]
INFO: Run Behavior\ParseTemplateBehavior [ RunTime:0.009001s ]
INFO: [ view_parse ] --END-- [ RunTime:0.009001s ]
INFO: [ view_filter ] --START--
INFO: Run Behavior\WriteHtmlCacheBehavior [ RunTime:0.003000s ]
INFO: [ view_filter ] --END-- [ RunTime:0.003000s ]
INFO: [ app_end ] --START--
INFO: Run Behavior\ShowPageTraceBehavior [ RunTime:0.001000s ]
INFO: [ app_end ] --END-- [ RunTime:0.001000s ]

