[ 2016-01-08T10:07:43+08:00 ] ::1 /wisdom/index.php/Mobileweb/Events/supervise?userid=1&taskid=686
INFO: [ app_init ] --START--
INFO: Run Behavior\BuildLiteBehavior [ RunTime:0.000000s ]
INFO: [ app_init ] --END-- [ RunTime:0.002000s ]
INFO: [ app_begin ] --START--
INFO: Run Behavior\ReadHtmlCacheBehavior [ RunTime:0.001000s ]
INFO: [ app_begin ] --END-- [ RunTime:0.001000s ]
SQL: SHOW COLUMNS FROM `t_tasksuperaddress` [ RunTime:0.0040s ]
SQL: SELECT * FROM `t_tasksuperaddress` LEFT JOIN t_tasksmallinfo ON t_tasksmallinfo.f_taskid = t_tasksuperaddress.f_task_id LEFT JOIN t_task ON t_task.f_tid = t_tasksuperaddress.f_task_id  WHERE ( f_task_id=686 )  [ RunTime:0.0040s ]
SQL: SHOW COLUMNS FROM `t_taskdraw` [ RunTime:0.0040s ]
SQL: SELECT * FROM `t_taskdraw` WHERE `f_taskid` = 686 AND `f_userid` = 1 AND `f_superAddressID` = 16 LIMIT 1   [ RunTime:0.0030s ]
INFO: [ view_parse ] --START--
INFO: [ template_filter ] --START--
INFO: Run Behavior\ContentReplaceBehavior [ RunTime:0.001000s ]
INFO: [ template_filter ] --END-- [ RunTime:0.001000s ]
NOTIC: [8] Undefined variable: webtitle D:\wamp\www\wisdom\App\Runtime\Cache\Mobileweb\63d9c7308df54f0593662f02e9a0837f.php 第 3 行.
INFO: Run Behavior\ParseTemplateBehavior [ RunTime:0.020001s ]
INFO: [ view_parse ] --END-- [ RunTime:0.021001s ]
INFO: [ view_filter ] --START--
INFO: Run Behavior\WriteHtmlCacheBehavior [ RunTime:0.001000s ]
INFO: [ view_filter ] --END-- [ RunTime:0.001000s ]
INFO: [ app_end ] --START--
INFO: Run Behavior\ShowPageTraceBehavior [ RunTime:0.002000s ]
INFO: [ app_end ] --END-- [ RunTime:0.002000s ]

[ 2016-01-08T10:07:57+08:00 ] ::1 /wisdom/index.php/Mobileweb/Events/supervise?userid=1&taskid=686
INFO: [ app_init ] --START--
INFO: Run Behavior\BuildLiteBehavior [ RunTime:0.000000s ]
INFO: [ app_init ] --END-- [ RunTime:0.003000s ]
INFO: [ app_begin ] --START--
INFO: Run Behavior\ReadHtmlCacheBehavior [ RunTime:0.001000s ]
INFO: [ app_begin ] --END-- [ RunTime:0.001000s ]
SQL: SHOW COLUMNS FROM `t_tasksuperaddress` [ RunTime:0.0030s ]
SQL: SELECT * FROM `t_tasksuperaddress` LEFT JOIN t_tasksmallinfo ON t_tasksmallinfo.f_taskid = t_tasksuperaddress.f_task_id LEFT JOIN t_task ON t_task.f_tid = t_tasksuperaddress.f_task_id  WHERE ( f_task_id=686 )  [ RunTime:0.0030s ]
SQL: SHOW COLUMNS FROM `t_taskdraw` [ RunTime:0.0030s ]
SQL: SELECT * FROM `t_taskdraw` WHERE `f_taskid` = 686 AND `f_userid` = 1 AND `f_superAddressID` = 16 LIMIT 1   [ RunTime:0.0020s ]
INFO: [ view_parse ] --START--
INFO: [ template_filter ] --START--
INFO: Run Behavior\ContentReplaceBehavior [ RunTime:0.001000s ]
INFO: [ template_filter ] --END-- [ RunTime:0.001000s ]
NOTIC: [8] Undefined variable: webtitle D:\wamp\www\wisdom\App\Runtime\Cache\Mobileweb\63d9c7308df54f0593662f02e9a0837f.php 第 3 行.
INFO: Run Behavior\ParseTemplateBehavior [ RunTime:0.024001s ]
INFO: [ view_parse ] --END-- [ RunTime:0.024001s ]
INFO: [ view_filter ] --START--
INFO: Run Behavior\WriteHtmlCacheBehavior [ RunTime:0.003001s ]
INFO: [ view_filter ] --END-- [ RunTime:0.003001s ]
INFO: [ app_end ] --START--
INFO: Run Behavior\ShowPageTraceBehavior [ RunTime:0.002000s ]
INFO: [ app_end ] --END-- [ RunTime:0.003000s ]

[ 2016-01-08T10:08:00+08:00 ] ::1 /wisdom/index.php/Mobileweb/Events/superviseCheck?userid=1&taskid=686&netserial=1&superid=16&longitude=&latitude=
INFO: [ app_init ] --START--
INFO: Run Behavior\BuildLiteBehavior [ RunTime:0.000000s ]
INFO: [ app_init ] --END-- [ RunTime:0.001000s ]
INFO: [ app_begin ] --START--
INFO: Run Behavior\ReadHtmlCacheBehavior [ RunTime:0.002000s ]
INFO: [ app_begin ] --END-- [ RunTime:0.002000s ]
SQL: SHOW COLUMNS FROM `t_taskdraw` [ RunTime:0.0030s ]
SQL: SELECT * FROM `t_taskdraw` WHERE `f_taskid` = 686 AND `f_userid` = 1 LIMIT 1   [ RunTime:0.0020s ]
SQL: SHOW COLUMNS FROM `t_surveytaskdetail` [ RunTime:0.0030s ]
SQL: SELECT * FROM `t_surveytaskdetail` LEFT JOIN t_task ON t_task.f_tid = t_surveytaskdetail.f_taskid  WHERE ( f_taskid=686 )  [ RunTime:0.0040s ]
INFO: [ view_parse ] --START--
INFO: [ template_filter ] --START--
INFO: Run Behavior\ContentReplaceBehavior [ RunTime:0.000000s ]
INFO: [ template_filter ] --END-- [ RunTime:0.000000s ]
NOTIC: [8] Undefined variable: webtitle D:\wamp\www\wisdom\App\Runtime\Cache\Mobileweb\0a7d96152cf50f6f0651097a8c9bda46.php 第 3 行.
INFO: Run Behavior\ParseTemplateBehavior [ RunTime:0.044003s ]
INFO: [ view_parse ] --END-- [ RunTime:0.044003s ]
INFO: [ view_filter ] --START--
INFO: Run Behavior\WriteHtmlCacheBehavior [ RunTime:0.000000s ]
INFO: [ view_filter ] --END-- [ RunTime:0.001000s ]
INFO: [ app_end ] --START--
INFO: Run Behavior\ShowPageTraceBehavior [ RunTime:0.001000s ]
INFO: [ app_end ] --END-- [ RunTime:0.001000s ]

[ 2016-01-08T10:08:02+08:00 ] ::1 /wisdom/index.php/Mobileweb/Events/superviseNext
INFO: [ app_init ] --START--
INFO: Run Behavior\BuildLiteBehavior [ RunTime:0.000000s ]
INFO: [ app_init ] --END-- [ RunTime:0.001000s ]
INFO: [ app_begin ] --START--
INFO: Run Behavior\ReadHtmlCacheBehavior [ RunTime:0.001000s ]
INFO: [ app_begin ] --END-- [ RunTime:0.001000s ]
SQL: SHOW COLUMNS FROM `t_surveyuserchoices` [ RunTime:0.0030s ]
SQL: SELECT * FROM `t_surveyuserchoices` WHERE `f_taskid` = '686' AND `f_userid` = 1 AND `f_serial` = 1 AND `f_netserial` = 1 LIMIT 1   [ RunTime:0.0020s ]
SQL: UPDATE `t_surveyuserchoices` SET `f_answer`='0',`f_ctime`='1452218882' WHERE `f_taskid` = '686' AND `f_userid` = 1 AND `f_serial` = 1 AND `f_netserial` = 1 [ RunTime:0.0030s ]
INFO: [ app_end ] --START--
INFO: Run Behavior\ShowPageTraceBehavior [ RunTime:0.001001s ]
INFO: [ app_end ] --END-- [ RunTime:0.001001s ]

[ 2016-01-08T10:08:08+08:00 ] ::1 /wisdom/index.php/Mobileweb/Events/superviseNext
INFO: [ app_init ] --START--
INFO: Run Behavior\BuildLiteBehavior [ RunTime:0.000000s ]
INFO: [ app_init ] --END-- [ RunTime:0.001001s ]
INFO: [ app_begin ] --START--
INFO: Run Behavior\ReadHtmlCacheBehavior [ RunTime:0.001000s ]
INFO: [ app_begin ] --END-- [ RunTime:0.001000s ]
SQL: SHOW COLUMNS FROM `t_surveyuserchoices` [ RunTime:0.0030s ]
SQL: SELECT * FROM `t_surveyuserchoices` WHERE `f_taskid` = '686' AND `f_userid` = 1 AND `f_serial` = 1 AND `f_netserial` = 1 LIMIT 1   [ RunTime:0.0070s ]
SQL: UPDATE `t_surveyuserchoices` SET `f_answer`='0',`f_ctime`='1452218888' WHERE `f_taskid` = '686' AND `f_userid` = 1 AND `f_serial` = 1 AND `f_netserial` = 1 [ RunTime:0.0040s ]
INFO: [ app_end ] --START--
INFO: Run Behavior\ShowPageTraceBehavior [ RunTime:0.002000s ]
INFO: [ app_end ] --END-- [ RunTime:0.002000s ]

[ 2016-01-08T10:08:39+08:00 ] ::1 /wisdom/index.php/Mobileweb/Events/supervise?userid=1&taskid=686&lng=&lat=
INFO: [ app_init ] --START--
INFO: Run Behavior\BuildLiteBehavior [ RunTime:0.000000s ]
INFO: [ app_init ] --END-- [ RunTime:0.000000s ]
INFO: [ app_begin ] --START--
INFO: Run Behavior\ReadHtmlCacheBehavior [ RunTime:0.001001s ]
INFO: [ app_begin ] --END-- [ RunTime:0.001001s ]
SQL: SHOW COLUMNS FROM `t_tasksuperaddress` [ RunTime:0.0040s ]
SQL: SELECT * FROM `t_tasksuperaddress` LEFT JOIN t_tasksmallinfo ON t_tasksmallinfo.f_taskid = t_tasksuperaddress.f_task_id LEFT JOIN t_task ON t_task.f_tid = t_tasksuperaddress.f_task_id  WHERE ( f_task_id=686 )  [ RunTime:0.0040s ]
SQL: SHOW COLUMNS FROM `t_taskdraw` [ RunTime:0.0030s ]
SQL: SELECT * FROM `t_taskdraw` WHERE `f_taskid` = 686 AND `f_userid` = 1 AND `f_superAddressID` = 16 LIMIT 1   [ RunTime:0.0020s ]
INFO: [ view_parse ] --START--
INFO: [ template_filter ] --START--
INFO: Run Behavior\ContentReplaceBehavior [ RunTime:0.000000s ]
INFO: [ template_filter ] --END-- [ RunTime:0.000000s ]
NOTIC: [8] Undefined variable: webtitle D:\wamp\www\wisdom\App\Runtime\Cache\Mobileweb\63d9c7308df54f0593662f02e9a0837f.php 第 3 行.
INFO: Run Behavior\ParseTemplateBehavior [ RunTime:0.022001s ]
INFO: [ view_parse ] --END-- [ RunTime:0.023001s ]
INFO: [ view_filter ] --START--
INFO: Run Behavior\WriteHtmlCacheBehavior [ RunTime:0.000000s ]
INFO: [ view_filter ] --END-- [ RunTime:0.000000s ]
INFO: [ app_end ] --START--
INFO: Run Behavior\ShowPageTraceBehavior [ RunTime:0.001000s ]
INFO: [ app_end ] --END-- [ RunTime:0.001000s ]

[ 2016-01-08T10:08:41+08:00 ] ::1 /wisdom/index.php/Mobileweb/Events/superviseCheck?userid=1&taskid=686&netserial=1&superid=16&longitude=&latitude=
INFO: [ app_init ] --START--
INFO: Run Behavior\BuildLiteBehavior [ RunTime:0.000000s ]
INFO: [ app_init ] --END-- [ RunTime:0.000000s ]
INFO: [ app_begin ] --START--
INFO: Run Behavior\ReadHtmlCacheBehavior [ RunTime:0.001000s ]
INFO: [ app_begin ] --END-- [ RunTime:0.001000s ]
SQL: SHOW COLUMNS FROM `t_taskdraw` [ RunTime:0.0030s ]
SQL: SELECT * FROM `t_taskdraw` WHERE `f_taskid` = 686 AND `f_userid` = 1 LIMIT 1   [ RunTime:0.0020s ]
SQL: SHOW COLUMNS FROM `t_surveytaskdetail` [ RunTime:0.0030s ]
SQL: SELECT * FROM `t_surveytaskdetail` LEFT JOIN t_task ON t_task.f_tid = t_surveytaskdetail.f_taskid  WHERE ( f_taskid=686 )  [ RunTime:0.0030s ]
INFO: [ view_parse ] --START--
INFO: [ template_filter ] --START--
INFO: Run Behavior\ContentReplaceBehavior [ RunTime:0.000000s ]
INFO: [ template_filter ] --END-- [ RunTime:0.001000s ]
NOTIC: [8] Undefined variable: webtitle D:\wamp\www\wisdom\App\Runtime\Cache\Mobileweb\0a7d96152cf50f6f0651097a8c9bda46.php 第 3 行.
INFO: Run Behavior\ParseTemplateBehavior [ RunTime:0.026002s ]
INFO: [ view_parse ] --END-- [ RunTime:0.026002s ]
INFO: [ view_filter ] --START--
INFO: Run Behavior\WriteHtmlCacheBehavior [ RunTime:0.001000s ]
INFO: [ view_filter ] --END-- [ RunTime:0.001000s ]
INFO: [ app_end ] --START--
INFO: Run Behavior\ShowPageTraceBehavior [ RunTime:0.001000s ]
INFO: [ app_end ] --END-- [ RunTime:0.001000s ]

[ 2016-01-08T10:08:43+08:00 ] ::1 /wisdom/index.php/Mobileweb/Events/supervise?userid=1&taskid=686&lng=&lat=
INFO: [ app_init ] --START--
INFO: Run Behavior\BuildLiteBehavior [ RunTime:0.000000s ]
INFO: [ app_init ] --END-- [ RunTime:0.001000s ]
INFO: [ app_begin ] --START--
INFO: Run Behavior\ReadHtmlCacheBehavior [ RunTime:0.003000s ]
INFO: [ app_begin ] --END-- [ RunTime:0.003000s ]
SQL: SHOW COLUMNS FROM `t_tasksuperaddress` [ RunTime:0.0030s ]
SQL: SELECT * FROM `t_tasksuperaddress` LEFT JOIN t_tasksmallinfo ON t_tasksmallinfo.f_taskid = t_tasksuperaddress.f_task_id LEFT JOIN t_task ON t_task.f_tid = t_tasksuperaddress.f_task_id  WHERE ( f_task_id=686 )  [ RunTime:0.0040s ]
SQL: SHOW COLUMNS FROM `t_taskdraw` [ RunTime:0.0040s ]
SQL: SELECT * FROM `t_taskdraw` WHERE `f_taskid` = 686 AND `f_userid` = 1 AND `f_superAddressID` = 16 LIMIT 1   [ RunTime:0.0020s ]
INFO: [ view_parse ] --START--
INFO: [ template_filter ] --START--
INFO: Run Behavior\ContentReplaceBehavior [ RunTime:0.001000s ]
INFO: [ template_filter ] --END-- [ RunTime:0.001000s ]
NOTIC: [8] Undefined variable: webtitle D:\wamp\www\wisdom\App\Runtime\Cache\Mobileweb\63d9c7308df54f0593662f02e9a0837f.php 第 3 行.
INFO: Run Behavior\ParseTemplateBehavior [ RunTime:0.017001s ]
INFO: [ view_parse ] --END-- [ RunTime:0.017001s ]
INFO: [ view_filter ] --START--
INFO: Run Behavior\WriteHtmlCacheBehavior [ RunTime:0.001000s ]
INFO: [ view_filter ] --END-- [ RunTime:0.001000s ]
INFO: [ app_end ] --START--
INFO: Run Behavior\ShowPageTraceBehavior [ RunTime:0.002000s ]
INFO: [ app_end ] --END-- [ RunTime:0.002000s ]

[ 2016-01-08T10:08:47+08:00 ] ::1 /wisdom/index.php/Mobileweb/Events/superviseCheck?userid=1&taskid=686&netserial=1&superid=16&longitude=&latitude=
INFO: [ app_init ] --START--
INFO: Run Behavior\BuildLiteBehavior [ RunTime:0.000000s ]
INFO: [ app_init ] --END-- [ RunTime:0.003000s ]
INFO: [ app_begin ] --START--
INFO: Run Behavior\ReadHtmlCacheBehavior [ RunTime:0.002000s ]
INFO: [ app_begin ] --END-- [ RunTime:0.002000s ]
SQL: SHOW COLUMNS FROM `t_taskdraw` [ RunTime:0.0050s ]
SQL: SELECT * FROM `t_taskdraw` WHERE `f_taskid` = 686 AND `f_userid` = 1 LIMIT 1   [ RunTime:0.0030s ]
SQL: SHOW COLUMNS FROM `t_surveytaskdetail` [ RunTime:0.0050s ]
SQL: SELECT * FROM `t_surveytaskdetail` LEFT JOIN t_task ON t_task.f_tid = t_surveytaskdetail.f_taskid  WHERE ( f_taskid=686 )  [ RunTime:0.0030s ]
INFO: [ view_parse ] --START--
INFO: [ template_filter ] --START--
INFO: Run Behavior\ContentReplaceBehavior [ RunTime:0.000000s ]
INFO: [ template_filter ] --END-- [ RunTime:0.000000s ]
NOTIC: [8] Undefined variable: webtitle D:\wamp\www\wisdom\App\Runtime\Cache\Mobileweb\0a7d96152cf50f6f0651097a8c9bda46.php 第 3 行.
INFO: Run Behavior\ParseTemplateBehavior [ RunTime:0.031001s ]
INFO: [ view_parse ] --END-- [ RunTime:0.031001s ]
INFO: [ view_filter ] --START--
INFO: Run Behavior\WriteHtmlCacheBehavior [ RunTime:0.001001s ]
INFO: [ view_filter ] --END-- [ RunTime:0.001001s ]
INFO: [ app_end ] --START--
INFO: Run Behavior\ShowPageTraceBehavior [ RunTime:0.004000s ]
INFO: [ app_end ] --END-- [ RunTime:0.006000s ]

[ 2016-01-08T10:08:49+08:00 ] ::1 /wisdom/index.php/Mobileweb/Events/superviseNext
INFO: [ app_init ] --START--
INFO: Run Behavior\BuildLiteBehavior [ RunTime:0.000000s ]
INFO: [ app_init ] --END-- [ RunTime:0.001000s ]
INFO: [ app_begin ] --START--
INFO: Run Behavior\ReadHtmlCacheBehavior [ RunTime:0.001000s ]
INFO: [ app_begin ] --END-- [ RunTime:0.001000s ]
SQL: SHOW COLUMNS FROM `t_surveyuserchoices` [ RunTime:0.0030s ]
SQL: SELECT * FROM `t_surveyuserchoices` WHERE `f_taskid` = '686' AND `f_userid` = 1 AND `f_serial` = 1 AND `f_netserial` = 1 LIMIT 1   [ RunTime:0.0020s ]
SQL: UPDATE `t_surveyuserchoices` SET `f_answer`='0',`f_ctime`='1452218929' WHERE `f_taskid` = '686' AND `f_userid` = 1 AND `f_serial` = 1 AND `f_netserial` = 1 [ RunTime:0.0030s ]
INFO: [ app_end ] --START--
INFO: Run Behavior\ShowPageTraceBehavior [ RunTime:0.000000s ]
INFO: [ app_end ] --END-- [ RunTime:0.001000s ]

[ 2016-01-08T10:08:49+08:00 ] ::1 /wisdom/index.php/Mobileweb/Events/superviseNext
INFO: [ app_init ] --START--
INFO: Run Behavior\BuildLiteBehavior [ RunTime:0.000000s ]
INFO: [ app_init ] --END-- [ RunTime:0.001001s ]
INFO: [ app_begin ] --START--
INFO: Run Behavior\ReadHtmlCacheBehavior [ RunTime:0.001000s ]
INFO: [ app_begin ] --END-- [ RunTime:0.001000s ]
SQL: SHOW COLUMNS FROM `t_surveyuserchoices` [ RunTime:0.0040s ]
SQL: SELECT * FROM `t_surveyuserchoices` WHERE `f_taskid` = '686' AND `f_userid` = 1 AND `f_serial` = 2 AND `f_netserial` = 1 LIMIT 1   [ RunTime:0.0030s ]
SQL: UPDATE `t_surveyuserchoices` SET `f_answer`='',`f_ctime`='1452218929' WHERE `f_taskid` = '686' AND `f_userid` = 1 AND `f_serial` = 2 AND `f_netserial` = 1 [ RunTime:0.0030s ]
INFO: [ app_end ] --START--
INFO: Run Behavior\ShowPageTraceBehavior [ RunTime:0.001000s ]
INFO: [ app_end ] --END-- [ RunTime:0.001000s ]

[ 2016-01-08T10:08:50+08:00 ] ::1 /wisdom/index.php/Mobileweb/Events/superviseNext
INFO: [ app_init ] --START--
INFO: Run Behavior\BuildLiteBehavior [ RunTime:0.000000s ]
INFO: [ app_init ] --END-- [ RunTime:0.002000s ]
INFO: [ app_begin ] --START--
INFO: Run Behavior\ReadHtmlCacheBehavior [ RunTime:0.002000s ]
INFO: [ app_begin ] --END-- [ RunTime:0.003000s ]
SQL: SHOW COLUMNS FROM `t_surveyuserchoices` [ RunTime:0.0040s ]
SQL: SELECT * FROM `t_surveyuserchoices` WHERE `f_taskid` = '686' AND `f_userid` = 1 AND `f_serial` = 3 AND `f_netserial` = 1 LIMIT 1   [ RunTime:0.0030s ]
SQL: UPDATE `t_surveyuserchoices` SET `f_answer`='0',`f_ctime`='1452218930' WHERE `f_taskid` = '686' AND `f_userid` = 1 AND `f_serial` = 3 AND `f_netserial` = 1 [ RunTime:0.0040s ]
INFO: [ app_end ] --START--
INFO: Run Behavior\ShowPageTraceBehavior [ RunTime:0.001000s ]
INFO: [ app_end ] --END-- [ RunTime:0.001000s ]

[ 2016-01-08T10:08:54+08:00 ] ::1 /wisdom/index.php/Mobileweb/Events/superviseNext
INFO: [ app_init ] --START--
INFO: Run Behavior\BuildLiteBehavior [ RunTime:0.000000s ]
INFO: [ app_init ] --END-- [ RunTime:0.001000s ]
INFO: [ app_begin ] --START--
INFO: Run Behavior\ReadHtmlCacheBehavior [ RunTime:0.001000s ]
INFO: [ app_begin ] --END-- [ RunTime:0.001000s ]
SQL: SHOW COLUMNS FROM `t_surveyuserchoices` [ RunTime:0.0030s ]
SQL: SELECT * FROM `t_surveyuserchoices` WHERE `f_taskid` = '686' AND `f_userid` = 1 AND `f_serial` = 4 AND `f_netserial` = 1 LIMIT 1   [ RunTime:0.0020s ]
SQL: UPDATE `t_surveyuserchoices` SET `f_answer`='',`f_ctime`='1452218934' WHERE `f_taskid` = '686' AND `f_userid` = 1 AND `f_serial` = 4 AND `f_netserial` = 1 [ RunTime:0.0020s ]
INFO: [ app_end ] --START--
INFO: Run Behavior\ShowPageTraceBehavior [ RunTime:0.001000s ]
INFO: [ app_end ] --END-- [ RunTime:0.001000s ]

[ 2016-01-08T10:10:50+08:00 ] ::1 /wisdom/index.php/Mobileweb/Events/supervise?userid=1&taskid=686&lng=&lat=
INFO: [ app_init ] --START--
INFO: Run Behavior\BuildLiteBehavior [ RunTime:0.001000s ]
INFO: [ app_init ] --END-- [ RunTime:0.004000s ]
INFO: [ app_begin ] --START--
INFO: Run Behavior\ReadHtmlCacheBehavior [ RunTime:0.002000s ]
INFO: [ app_begin ] --END-- [ RunTime:0.002000s ]
SQL: SHOW COLUMNS FROM `t_tasksuperaddress` [ RunTime:0.0040s ]
SQL: SELECT * FROM `t_tasksuperaddress` LEFT JOIN t_tasksmallinfo ON t_tasksmallinfo.f_taskid = t_tasksuperaddress.f_task_id LEFT JOIN t_task ON t_task.f_tid = t_tasksuperaddress.f_task_id  WHERE ( f_task_id=686 )  [ RunTime:0.0080s ]
SQL: SHOW COLUMNS FROM `t_taskdraw` [ RunTime:0.0030s ]
SQL: SELECT * FROM `t_taskdraw` WHERE `f_taskid` = 686 AND `f_userid` = 1 AND `f_superAddressID` = 16 LIMIT 1   [ RunTime:0.0040s ]
INFO: [ view_parse ] --START--
INFO: [ template_filter ] --START--
INFO: Run Behavior\ContentReplaceBehavior [ RunTime:0.000000s ]
INFO: [ template_filter ] --END-- [ RunTime:0.000000s ]
NOTIC: [8] Undefined variable: webtitle D:\wamp\www\wisdom\App\Runtime\Cache\Mobileweb\63d9c7308df54f0593662f02e9a0837f.php 第 3 行.
INFO: Run Behavior\ParseTemplateBehavior [ RunTime:0.022001s ]
INFO: [ view_parse ] --END-- [ RunTime:0.022001s ]
INFO: [ view_filter ] --START--
INFO: Run Behavior\WriteHtmlCacheBehavior [ RunTime:0.002000s ]
INFO: [ view_filter ] --END-- [ RunTime:0.002000s ]
INFO: [ app_end ] --START--
INFO: Run Behavior\ShowPageTraceBehavior [ RunTime:0.004001s ]
INFO: [ app_end ] --END-- [ RunTime:0.004001s ]

[ 2016-01-08T10:15:21+08:00 ] ::1 /wisdom/index.php/Mobileweb/Events/supervise?userid=1&taskid=686&lng=&lat=
INFO: [ app_init ] --START--
INFO: Run Behavior\BuildLiteBehavior [ RunTime:0.000000s ]
INFO: [ app_init ] --END-- [ RunTime:0.002000s ]
INFO: [ app_begin ] --START--
INFO: Run Behavior\ReadHtmlCacheBehavior [ RunTime:0.002000s ]
INFO: [ app_begin ] --END-- [ RunTime:0.002000s ]
SQL: SHOW COLUMNS FROM `t_tasksuperaddress` [ RunTime:0.0050s ]
SQL: SELECT * FROM `t_tasksuperaddress` LEFT JOIN t_tasksmallinfo ON t_tasksmallinfo.f_taskid = t_tasksuperaddress.f_task_id LEFT JOIN t_task ON t_task.f_tid = t_tasksuperaddress.f_task_id  WHERE ( f_task_id=686 )  [ RunTime:0.0080s ]
SQL: SHOW COLUMNS FROM `t_taskdraw` [ RunTime:0.0030s ]
SQL: SELECT * FROM `t_taskdraw` WHERE `f_taskid` = 686 AND `f_userid` = 1 AND `f_superAddressID` = 16 LIMIT 1   [ RunTime:0.0030s ]
INFO: [ view_parse ] --START--
INFO: [ template_filter ] --START--
INFO: Run Behavior\ContentReplaceBehavior [ RunTime:0.001000s ]
INFO: [ template_filter ] --END-- [ RunTime:0.001000s ]
NOTIC: [8] Undefined variable: webtitle D:\wamp\www\wisdom\App\Runtime\Cache\Mobileweb\63d9c7308df54f0593662f02e9a0837f.php 第 3 行.
INFO: Run Behavior\ParseTemplateBehavior [ RunTime:0.027001s ]
INFO: [ view_parse ] --END-- [ RunTime:0.027001s ]
INFO: [ view_filter ] --START--
INFO: Run Behavior\WriteHtmlCacheBehavior [ RunTime:0.001000s ]
INFO: [ view_filter ] --END-- [ RunTime:0.001000s ]
INFO: [ app_end ] --START--
INFO: Run Behavior\ShowPageTraceBehavior [ RunTime:0.002000s ]
INFO: [ app_end ] --END-- [ RunTime:0.002000s ]

[ 2016-01-08T10:19:35+08:00 ] ::1 /wisdom/index.php/Mobileweb/Events/supervise?userid=1&taskid=686&lng=&lat=
INFO: [ app_init ] --START--
INFO: Run Behavior\BuildLiteBehavior [ RunTime:0.000000s ]
INFO: [ app_init ] --END-- [ RunTime:0.001000s ]
INFO: [ app_begin ] --START--
INFO: Run Behavior\ReadHtmlCacheBehavior [ RunTime:0.002001s ]
INFO: [ app_begin ] --END-- [ RunTime:0.002001s ]
SQL: SHOW COLUMNS FROM `t_tasksuperaddress` [ RunTime:0.0040s ]
SQL: SELECT * FROM `t_tasksuperaddress` LEFT JOIN t_tasksmallinfo ON t_tasksmallinfo.f_taskid = t_tasksuperaddress.f_task_id LEFT JOIN t_task ON t_task.f_tid = t_tasksuperaddress.f_task_id  WHERE ( f_task_id=686 )  [ RunTime:0.0040s ]
SQL: SHOW COLUMNS FROM `t_taskdraw` [ RunTime:0.0030s ]
SQL: SELECT * FROM `t_taskdraw` WHERE `f_taskid` = 686 AND `f_userid` = 1 AND `f_superAddressID` = 16 LIMIT 1   [ RunTime:0.0020s ]
INFO: [ view_parse ] --START--
INFO: [ template_filter ] --START--
INFO: Run Behavior\ContentReplaceBehavior [ RunTime:0.001000s ]
INFO: [ template_filter ] --END-- [ RunTime:0.001000s ]
NOTIC: [8] Undefined variable: webtitle D:\wamp\www\wisdom\App\Runtime\Cache\Mobileweb\63d9c7308df54f0593662f02e9a0837f.php 第 3 行.
INFO: Run Behavior\ParseTemplateBehavior [ RunTime:0.023001s ]
INFO: [ view_parse ] --END-- [ RunTime:0.023001s ]
INFO: [ view_filter ] --START--
INFO: Run Behavior\WriteHtmlCacheBehavior [ RunTime:0.001000s ]
INFO: [ view_filter ] --END-- [ RunTime:0.001000s ]
INFO: [ app_end ] --START--
INFO: Run Behavior\ShowPageTraceBehavior [ RunTime:0.002000s ]
INFO: [ app_end ] --END-- [ RunTime:0.002000s ]

[ 2016-01-08T10:19:53+08:00 ] ::1 /wisdom/index.php/Mobileweb/Events/supervise?userid=1&taskid=686&lng=&lat=
INFO: [ app_init ] --START--
INFO: Run Behavior\BuildLiteBehavior [ RunTime:0.000000s ]
INFO: [ app_init ] --END-- [ RunTime:0.001000s ]
INFO: [ app_begin ] --START--
INFO: Run Behavior\ReadHtmlCacheBehavior [ RunTime:0.001000s ]
INFO: [ app_begin ] --END-- [ RunTime:0.001000s ]
SQL: SHOW COLUMNS FROM `t_tasksuperaddress` [ RunTime:0.0050s ]
SQL: SELECT * FROM `t_tasksuperaddress` LEFT JOIN t_tasksmallinfo ON t_tasksmallinfo.f_taskid = t_tasksuperaddress.f_task_id LEFT JOIN t_task ON t_task.f_tid = t_tasksuperaddress.f_task_id  WHERE ( f_task_id=686 )  [ RunTime:0.0040s ]
SQL: SHOW COLUMNS FROM `t_taskdraw` [ RunTime:0.0040s ]
SQL: SELECT * FROM `t_taskdraw` WHERE `f_taskid` = 686 AND `f_userid` = 1 AND `f_superAddressID` = 16 LIMIT 1   [ RunTime:0.0030s ]
INFO: [ view_parse ] --START--
INFO: [ template_filter ] --START--
INFO: Run Behavior\ContentReplaceBehavior [ RunTime:0.001000s ]
INFO: [ template_filter ] --END-- [ RunTime:0.004000s ]
NOTIC: [8] Undefined variable: webtitle D:\wamp\www\wisdom\App\Runtime\Cache\Mobileweb\63d9c7308df54f0593662f02e9a0837f.php 第 3 行.
INFO: Run Behavior\ParseTemplateBehavior [ RunTime:0.090005s ]
INFO: [ view_parse ] --END-- [ RunTime:0.090005s ]
INFO: [ view_filter ] --START--
INFO: Run Behavior\WriteHtmlCacheBehavior [ RunTime:0.006001s ]
INFO: [ view_filter ] --END-- [ RunTime:0.006001s ]
INFO: [ app_end ] --START--
INFO: Run Behavior\ShowPageTraceBehavior [ RunTime:0.014001s ]
INFO: [ app_end ] --END-- [ RunTime:0.014001s ]

[ 2016-01-08T10:20:06+08:00 ] ::1 /wisdom/index.php/Mobileweb/Events/superviseCheck?userid=1&taskid=686&netserial=1&superid=16&longitude=&latitude=
INFO: [ app_init ] --START--
INFO: Run Behavior\BuildLiteBehavior [ RunTime:0.000000s ]
INFO: [ app_init ] --END-- [ RunTime:0.002000s ]
INFO: [ app_begin ] --START--
INFO: Run Behavior\ReadHtmlCacheBehavior [ RunTime:0.001000s ]
INFO: [ app_begin ] --END-- [ RunTime:0.001000s ]
SQL: SHOW COLUMNS FROM `t_taskdraw` [ RunTime:0.0030s ]
SQL: SELECT * FROM `t_taskdraw` WHERE `f_taskid` = 686 AND `f_userid` = 1 LIMIT 1   [ RunTime:0.0020s ]
SQL: SHOW COLUMNS FROM `t_surveytaskdetail` [ RunTime:0.0040s ]
SQL: SELECT * FROM `t_surveytaskdetail` LEFT JOIN t_task ON t_task.f_tid = t_surveytaskdetail.f_taskid  WHERE ( f_taskid=686 )  [ RunTime:0.0040s ]
INFO: [ view_parse ] --START--
INFO: [ template_filter ] --START--
INFO: Run Behavior\ContentReplaceBehavior [ RunTime:0.000000s ]
INFO: [ template_filter ] --END-- [ RunTime:0.002000s ]
NOTIC: [8] Undefined variable: webtitle D:\wamp\www\wisdom\App\Runtime\Cache\Mobileweb\0a7d96152cf50f6f0651097a8c9bda46.php 第 3 行.
INFO: Run Behavior\ParseTemplateBehavior [ RunTime:0.030002s ]
INFO: [ view_parse ] --END-- [ RunTime:0.030002s ]
INFO: [ view_filter ] --START--
INFO: Run Behavior\WriteHtmlCacheBehavior [ RunTime:0.001000s ]
INFO: [ view_filter ] --END-- [ RunTime:0.001000s ]
INFO: [ app_end ] --START--
INFO: Run Behavior\ShowPageTraceBehavior [ RunTime:0.002000s ]
INFO: [ app_end ] --END-- [ RunTime:0.002000s ]

[ 2016-01-08T10:20:10+08:00 ] ::1 /wisdom/index.php/Mobileweb/Events/supervise?userid=1&taskid=686&lng=&lat=
INFO: [ app_init ] --START--
INFO: Run Behavior\BuildLiteBehavior [ RunTime:0.000000s ]
INFO: [ app_init ] --END-- [ RunTime:0.001000s ]
INFO: [ app_begin ] --START--
INFO: Run Behavior\ReadHtmlCacheBehavior [ RunTime:0.007001s ]
INFO: [ app_begin ] --END-- [ RunTime:0.008001s ]
SQL: SHOW COLUMNS FROM `t_tasksuperaddress` [ RunTime:0.0030s ]
SQL: SELECT * FROM `t_tasksuperaddress` LEFT JOIN t_tasksmallinfo ON t_tasksmallinfo.f_taskid = t_tasksuperaddress.f_task_id LEFT JOIN t_task ON t_task.f_tid = t_tasksuperaddress.f_task_id  WHERE ( f_task_id=686 )  [ RunTime:0.0040s ]
SQL: SHOW COLUMNS FROM `t_taskdraw` [ RunTime:0.0030s ]
SQL: SELECT * FROM `t_taskdraw` WHERE `f_taskid` = 686 AND `f_userid` = 1 AND `f_superAddressID` = 16 LIMIT 1   [ RunTime:0.0080s ]
INFO: [ view_parse ] --START--
INFO: [ template_filter ] --START--
INFO: Run Behavior\ContentReplaceBehavior [ RunTime:0.000000s ]
INFO: [ template_filter ] --END-- [ RunTime:0.000000s ]
NOTIC: [8] Undefined variable: webtitle D:\wamp\www\wisdom\App\Runtime\Cache\Mobileweb\63d9c7308df54f0593662f02e9a0837f.php 第 3 行.
INFO: Run Behavior\ParseTemplateBehavior [ RunTime:0.021001s ]
INFO: [ view_parse ] --END-- [ RunTime:0.021001s ]
INFO: [ view_filter ] --START--
INFO: Run Behavior\WriteHtmlCacheBehavior [ RunTime:0.001000s ]
INFO: [ view_filter ] --END-- [ RunTime:0.001000s ]
INFO: [ app_end ] --START--
INFO: Run Behavior\ShowPageTraceBehavior [ RunTime:0.001000s ]
INFO: [ app_end ] --END-- [ RunTime:0.001000s ]

[ 2016-01-08T10:20:20+08:00 ] ::1 /wisdom/index.php/Mobileweb/Events/superviseCheck?userid=1&taskid=686&netserial=1&superid=16&longitude=&latitude=
INFO: [ app_init ] --START--
INFO: Run Behavior\BuildLiteBehavior [ RunTime:0.000000s ]
INFO: [ app_init ] --END-- [ RunTime:0.003001s ]
INFO: [ app_begin ] --START--
INFO: Run Behavior\ReadHtmlCacheBehavior [ RunTime:0.003000s ]
INFO: [ app_begin ] --END-- [ RunTime:0.003000s ]
SQL: SHOW COLUMNS FROM `t_taskdraw` [ RunTime:0.0030s ]
SQL: SELECT * FROM `t_taskdraw` WHERE `f_taskid` = 686 AND `f_userid` = 1 LIMIT 1   [ RunTime:0.0030s ]
SQL: SHOW COLUMNS FROM `t_surveytaskdetail` [ RunTime:0.0030s ]
SQL: SELECT * FROM `t_surveytaskdetail` LEFT JOIN t_task ON t_task.f_tid = t_surveytaskdetail.f_taskid  WHERE ( f_taskid=686 )  [ RunTime:0.0040s ]
INFO: [ view_parse ] --START--
INFO: [ template_filter ] --START--
INFO: Run Behavior\ContentReplaceBehavior [ RunTime:0.000000s ]
INFO: [ template_filter ] --END-- [ RunTime:0.000000s ]
NOTIC: [8] Undefined variable: webtitle D:\wamp\www\wisdom\App\Runtime\Cache\Mobileweb\0a7d96152cf50f6f0651097a8c9bda46.php 第 3 行.
INFO: Run Behavior\ParseTemplateBehavior [ RunTime:0.028001s ]
INFO: [ view_parse ] --END-- [ RunTime:0.029002s ]
INFO: [ view_filter ] --START--
INFO: Run Behavior\WriteHtmlCacheBehavior [ RunTime:0.001000s ]
INFO: [ view_filter ] --END-- [ RunTime:0.001000s ]
INFO: [ app_end ] --START--
INFO: Run Behavior\ShowPageTraceBehavior [ RunTime:0.003000s ]
INFO: [ app_end ] --END-- [ RunTime:0.003000s ]

[ 2016-01-08T10:20:23+08:00 ] ::1 /wisdom/index.php/Mobileweb/Events/supervise?userid=1&taskid=686&lng=&lat=
INFO: [ app_init ] --START--
INFO: Run Behavior\BuildLiteBehavior [ RunTime:0.000000s ]
INFO: [ app_init ] --END-- [ RunTime:0.001000s ]
INFO: [ app_begin ] --START--
INFO: Run Behavior\ReadHtmlCacheBehavior [ RunTime:0.001000s ]
INFO: [ app_begin ] --END-- [ RunTime:0.001000s ]
SQL: SHOW COLUMNS FROM `t_tasksuperaddress` [ RunTime:0.0050s ]
SQL: SELECT * FROM `t_tasksuperaddress` LEFT JOIN t_tasksmallinfo ON t_tasksmallinfo.f_taskid = t_tasksuperaddress.f_task_id LEFT JOIN t_task ON t_task.f_tid = t_tasksuperaddress.f_task_id  WHERE ( f_task_id=686 )  [ RunTime:0.0040s ]
SQL: SHOW COLUMNS FROM `t_taskdraw` [ RunTime:0.0030s ]
SQL: SELECT * FROM `t_taskdraw` WHERE `f_taskid` = 686 AND `f_userid` = 1 AND `f_superAddressID` = 16 LIMIT 1   [ RunTime:0.0030s ]
INFO: [ view_parse ] --START--
INFO: [ template_filter ] --START--
INFO: Run Behavior\ContentReplaceBehavior [ RunTime:0.000000s ]
INFO: [ template_filter ] --END-- [ RunTime:0.000000s ]
NOTIC: [8] Undefined variable: webtitle D:\wamp\www\wisdom\App\Runtime\Cache\Mobileweb\63d9c7308df54f0593662f02e9a0837f.php 第 3 行.
INFO: Run Behavior\ParseTemplateBehavior [ RunTime:0.026002s ]
INFO: [ view_parse ] --END-- [ RunTime:0.027002s ]
INFO: [ view_filter ] --START--
INFO: Run Behavior\WriteHtmlCacheBehavior [ RunTime:0.000000s ]
INFO: [ view_filter ] --END-- [ RunTime:0.001000s ]
INFO: [ app_end ] --START--
INFO: Run Behavior\ShowPageTraceBehavior [ RunTime:0.003000s ]
INFO: [ app_end ] --END-- [ RunTime:0.004000s ]

[ 2016-01-08T10:22:37+08:00 ] ::1 /wisdom/index.php/Mobileweb/Events/supervise?userid=1&taskid=686&lng=&lat=
INFO: [ app_init ] --START--
INFO: Run Behavior\BuildLiteBehavior [ RunTime:0.000000s ]
INFO: [ app_init ] --END-- [ RunTime:0.002000s ]
INFO: [ app_begin ] --START--
INFO: Run Behavior\ReadHtmlCacheBehavior [ RunTime:0.004000s ]
INFO: [ app_begin ] --END-- [ RunTime:0.004000s ]
SQL: SHOW COLUMNS FROM `t_tasksuperaddress` [ RunTime:0.0050s ]
SQL: SELECT * FROM `t_tasksuperaddress` LEFT JOIN t_tasksmallinfo ON t_tasksmallinfo.f_taskid = t_tasksuperaddress.f_task_id LEFT JOIN t_task ON t_task.f_tid = t_tasksuperaddress.f_task_id  WHERE ( f_task_id=686 ) ORDER BY f_distance asc  [ RunTime:0.0040s ]
SQL: SHOW COLUMNS FROM `t_taskdraw` [ RunTime:0.0040s ]
SQL: SELECT * FROM `t_taskdraw` WHERE `f_taskid` = 686 AND `f_userid` = 1 AND `f_superAddressID` = 16 LIMIT 1   [ RunTime:0.0020s ]
INFO: [ view_parse ] --START--
INFO: [ template_filter ] --START--
INFO: Run Behavior\ContentReplaceBehavior [ RunTime:0.001000s ]
INFO: [ template_filter ] --END-- [ RunTime:0.001000s ]
NOTIC: [8] Undefined variable: webtitle D:\wamp\www\wisdom\App\Runtime\Cache\Mobileweb\63d9c7308df54f0593662f02e9a0837f.php 第 3 行.
INFO: Run Behavior\ParseTemplateBehavior [ RunTime:0.034002s ]
INFO: [ view_parse ] --END-- [ RunTime:0.034002s ]
INFO: [ view_filter ] --START--
INFO: Run Behavior\WriteHtmlCacheBehavior [ RunTime:0.003000s ]
INFO: [ view_filter ] --END-- [ RunTime:0.003000s ]
INFO: [ app_end ] --START--
INFO: Run Behavior\ShowPageTraceBehavior [ RunTime:0.006001s ]
INFO: [ app_end ] --END-- [ RunTime:0.006001s ]

[ 2016-01-08T10:22:40+08:00 ] ::1 /wisdom/index.php/Mobileweb/Events/supervise?userid=1&taskid=686&lng=&lat=
INFO: [ app_init ] --START--
INFO: Run Behavior\BuildLiteBehavior [ RunTime:0.000000s ]
INFO: [ app_init ] --END-- [ RunTime:0.001000s ]
INFO: [ app_begin ] --START--
INFO: Run Behavior\ReadHtmlCacheBehavior [ RunTime:0.002000s ]
INFO: [ app_begin ] --END-- [ RunTime:0.003000s ]
SQL: SHOW COLUMNS FROM `t_tasksuperaddress` [ RunTime:0.0040s ]
SQL: SELECT * FROM `t_tasksuperaddress` LEFT JOIN t_tasksmallinfo ON t_tasksmallinfo.f_taskid = t_tasksuperaddress.f_task_id LEFT JOIN t_task ON t_task.f_tid = t_tasksuperaddress.f_task_id  WHERE ( f_task_id=686 ) ORDER BY f_distance asc  [ RunTime:0.0050s ]
SQL: SHOW COLUMNS FROM `t_taskdraw` [ RunTime:0.0030s ]
SQL: SELECT * FROM `t_taskdraw` WHERE `f_taskid` = 686 AND `f_userid` = 1 AND `f_superAddressID` = 16 LIMIT 1   [ RunTime:0.0020s ]
INFO: [ view_parse ] --START--
INFO: [ template_filter ] --START--
INFO: Run Behavior\ContentReplaceBehavior [ RunTime:0.000000s ]
INFO: [ template_filter ] --END-- [ RunTime:0.000000s ]
NOTIC: [8] Undefined variable: webtitle D:\wamp\www\wisdom\App\Runtime\Cache\Mobileweb\63d9c7308df54f0593662f02e9a0837f.php 第 3 行.
INFO: Run Behavior\ParseTemplateBehavior [ RunTime:0.037002s ]
INFO: [ view_parse ] --END-- [ RunTime:0.037002s ]
INFO: [ view_filter ] --START--
INFO: Run Behavior\WriteHtmlCacheBehavior [ RunTime:0.002000s ]
INFO: [ view_filter ] --END-- [ RunTime:0.002000s ]
INFO: [ app_end ] --START--
INFO: Run Behavior\ShowPageTraceBehavior [ RunTime:0.008001s ]
INFO: [ app_end ] --END-- [ RunTime:0.009001s ]

[ 2016-01-08T10:22:42+08:00 ] ::1 /wisdom/index.php/Mobileweb/Events/supervise?userid=1&taskid=686&lng=&lat=
INFO: [ app_init ] --START--
INFO: Run Behavior\BuildLiteBehavior [ RunTime:0.000000s ]
INFO: [ app_init ] --END-- [ RunTime:0.001000s ]
INFO: [ app_begin ] --START--
INFO: Run Behavior\ReadHtmlCacheBehavior [ RunTime:0.002000s ]
INFO: [ app_begin ] --END-- [ RunTime:0.002000s ]
SQL: SHOW COLUMNS FROM `t_tasksuperaddress` [ RunTime:0.0040s ]
SQL: SELECT * FROM `t_tasksuperaddress` LEFT JOIN t_tasksmallinfo ON t_tasksmallinfo.f_taskid = t_tasksuperaddress.f_task_id LEFT JOIN t_task ON t_task.f_tid = t_tasksuperaddress.f_task_id  WHERE ( f_task_id=686 ) ORDER BY f_distance asc  [ RunTime:0.0040s ]
SQL: SHOW COLUMNS FROM `t_taskdraw` [ RunTime:0.0030s ]
SQL: SELECT * FROM `t_taskdraw` WHERE `f_taskid` = 686 AND `f_userid` = 1 AND `f_superAddressID` = 16 LIMIT 1   [ RunTime:0.0030s ]
INFO: [ view_parse ] --START--
INFO: [ template_filter ] --START--
INFO: Run Behavior\ContentReplaceBehavior [ RunTime:0.001000s ]
INFO: [ template_filter ] --END-- [ RunTime:0.001000s ]
NOTIC: [8] Undefined variable: webtitle D:\wamp\www\wisdom\App\Runtime\Cache\Mobileweb\63d9c7308df54f0593662f02e9a0837f.php 第 3 行.
INFO: Run Behavior\ParseTemplateBehavior [ RunTime:0.030001s ]
INFO: [ view_parse ] --END-- [ RunTime:0.030001s ]
INFO: [ view_filter ] --START--
INFO: Run Behavior\WriteHtmlCacheBehavior [ RunTime:0.001001s ]
INFO: [ view_filter ] --END-- [ RunTime:0.001001s ]
INFO: [ app_end ] --START--
INFO: Run Behavior\ShowPageTraceBehavior [ RunTime:0.002000s ]
INFO: [ app_end ] --END-- [ RunTime:0.002000s ]

[ 2016-01-08T10:22:43+08:00 ] ::1 /wisdom/index.php/Mobileweb/Events/supervise?userid=1&taskid=686&lng=&lat=
INFO: [ app_init ] --START--
INFO: Run Behavior\BuildLiteBehavior [ RunTime:0.000000s ]
INFO: [ app_init ] --END-- [ RunTime:0.003000s ]
INFO: [ app_begin ] --START--
INFO: Run Behavior\ReadHtmlCacheBehavior [ RunTime:0.004000s ]
INFO: [ app_begin ] --END-- [ RunTime:0.004000s ]
SQL: SHOW COLUMNS FROM `t_tasksuperaddress` [ RunTime:0.0050s ]
SQL: SELECT * FROM `t_tasksuperaddress` LEFT JOIN t_tasksmallinfo ON t_tasksmallinfo.f_taskid = t_tasksuperaddress.f_task_id LEFT JOIN t_task ON t_task.f_tid = t_tasksuperaddress.f_task_id  WHERE ( f_task_id=686 ) ORDER BY f_distance asc  [ RunTime:0.0070s ]
SQL: SHOW COLUMNS FROM `t_taskdraw` [ RunTime:0.0040s ]
SQL: SELECT * FROM `t_taskdraw` WHERE `f_taskid` = 686 AND `f_userid` = 1 AND `f_superAddressID` = 16 LIMIT 1   [ RunTime:0.0040s ]
INFO: [ view_parse ] --START--
INFO: [ template_filter ] --START--
INFO: Run Behavior\ContentReplaceBehavior [ RunTime:0.000000s ]
INFO: [ template_filter ] --END-- [ RunTime:0.001000s ]
NOTIC: [8] Undefined variable: webtitle D:\wamp\www\wisdom\App\Runtime\Cache\Mobileweb\63d9c7308df54f0593662f02e9a0837f.php 第 3 行.
INFO: Run Behavior\ParseTemplateBehavior [ RunTime:0.070004s ]
INFO: [ view_parse ] --END-- [ RunTime:0.070004s ]
INFO: [ view_filter ] --START--
INFO: Run Behavior\WriteHtmlCacheBehavior [ RunTime:0.003000s ]
INFO: [ view_filter ] --END-- [ RunTime:0.011000s ]
INFO: [ app_end ] --START--
INFO: Run Behavior\ShowPageTraceBehavior [ RunTime:0.005000s ]
INFO: [ app_end ] --END-- [ RunTime:0.024001s ]

[ 2016-01-08T10:23:10+08:00 ] ::1 /wisdom/index.php/Mobileweb/Events/supervise?userid=1&taskid=686&lng=&lat=
INFO: [ app_init ] --START--
INFO: Run Behavior\BuildLiteBehavior [ RunTime:0.000000s ]
INFO: [ app_init ] --END-- [ RunTime:0.001000s ]
INFO: [ app_begin ] --START--
INFO: Run Behavior\ReadHtmlCacheBehavior [ RunTime:0.001000s ]
INFO: [ app_begin ] --END-- [ RunTime:0.001000s ]
SQL: SHOW COLUMNS FROM `t_tasksuperaddress` [ RunTime:0.0030s ]
SQL: SELECT * FROM `t_tasksuperaddress` LEFT JOIN t_tasksmallinfo ON t_tasksmallinfo.f_taskid = t_tasksuperaddress.f_task_id LEFT JOIN t_task ON t_task.f_tid = t_tasksuperaddress.f_task_id  WHERE ( f_task_id=686 ) ORDER BY f_distance asc  [ RunTime:0.0040s ]
SQL: SHOW COLUMNS FROM `t_taskdraw` [ RunTime:0.0030s ]
SQL: SELECT * FROM `t_taskdraw` WHERE `f_taskid` = 686 AND `f_userid` = 1 AND `f_superAddressID` = 16 LIMIT 1   [ RunTime:0.0030s ]
INFO: [ view_parse ] --START--
INFO: [ template_filter ] --START--
INFO: Run Behavior\ContentReplaceBehavior [ RunTime:0.000000s ]
INFO: [ template_filter ] --END-- [ RunTime:0.000000s ]
NOTIC: [8] Undefined variable: webtitle D:\wamp\www\wisdom\App\Runtime\Cache\Mobileweb\63d9c7308df54f0593662f02e9a0837f.php 第 3 行.
INFO: Run Behavior\ParseTemplateBehavior [ RunTime:0.025001s ]
INFO: [ view_parse ] --END-- [ RunTime:0.025001s ]
INFO: [ view_filter ] --START--
INFO: Run Behavior\WriteHtmlCacheBehavior [ RunTime:0.001000s ]
INFO: [ view_filter ] --END-- [ RunTime:0.001000s ]
INFO: [ app_end ] --START--
INFO: Run Behavior\ShowPageTraceBehavior [ RunTime:0.002000s ]
INFO: [ app_end ] --END-- [ RunTime:0.002000s ]

[ 2016-01-08T10:23:42+08:00 ] ::1 /wisdom/index.php/Mobileweb/Events/supervise?userid=1&taskid=686&lng=&lat=
INFO: [ app_init ] --START--
INFO: Run Behavior\BuildLiteBehavior [ RunTime:0.000000s ]
INFO: [ app_init ] --END-- [ RunTime:0.001000s ]
INFO: [ app_begin ] --START--
INFO: Run Behavior\ReadHtmlCacheBehavior [ RunTime:0.001000s ]
INFO: [ app_begin ] --END-- [ RunTime:0.001000s ]
SQL: SHOW COLUMNS FROM `t_tasksuperaddress` [ RunTime:0.0040s ]
SQL: SELECT * FROM `t_tasksuperaddress` LEFT JOIN t_tasksmallinfo ON t_tasksmallinfo.f_taskid = t_tasksuperaddress.f_task_id LEFT JOIN t_task ON t_task.f_tid = t_tasksuperaddress.f_task_id  WHERE ( f_task_id=686 ) ORDER BY f_distance asc  [ RunTime:0.0060s ]
SQL: SHOW COLUMNS FROM `t_taskdraw` [ RunTime:0.0030s ]
SQL: SELECT * FROM `t_taskdraw` WHERE `f_taskid` = 686 AND `f_userid` = 1 AND `f_superAddressID` = 16 LIMIT 1   [ RunTime:0.0030s ]
INFO: [ view_parse ] --START--
INFO: [ template_filter ] --START--
INFO: Run Behavior\ContentReplaceBehavior [ RunTime:0.001001s ]
INFO: [ template_filter ] --END-- [ RunTime:0.001001s ]
NOTIC: [8] Undefined variable: webtitle D:\wamp\www\wisdom\App\Runtime\Cache\Mobileweb\63d9c7308df54f0593662f02e9a0837f.php 第 3 行.
INFO: Run Behavior\ParseTemplateBehavior [ RunTime:0.018001s ]
INFO: [ view_parse ] --END-- [ RunTime:0.018001s ]
INFO: [ view_filter ] --START--
INFO: Run Behavior\WriteHtmlCacheBehavior [ RunTime:0.001000s ]
INFO: [ view_filter ] --END-- [ RunTime:0.001000s ]
INFO: [ app_end ] --START--
INFO: Run Behavior\ShowPageTraceBehavior [ RunTime:0.004000s ]
INFO: [ app_end ] --END-- [ RunTime:0.005000s ]

[ 2016-01-08T10:23:44+08:00 ] ::1 /wisdom/index.php/Mobileweb/Events/supervise?userid=1&taskid=686&lng=&lat=
INFO: [ app_init ] --START--
INFO: Run Behavior\BuildLiteBehavior [ RunTime:0.000000s ]
INFO: [ app_init ] --END-- [ RunTime:0.001000s ]
INFO: [ app_begin ] --START--
INFO: Run Behavior\ReadHtmlCacheBehavior [ RunTime:0.002001s ]
INFO: [ app_begin ] --END-- [ RunTime:0.002001s ]
SQL: SHOW COLUMNS FROM `t_tasksuperaddress` [ RunTime:0.0050s ]
SQL: SELECT * FROM `t_tasksuperaddress` LEFT JOIN t_tasksmallinfo ON t_tasksmallinfo.f_taskid = t_tasksuperaddress.f_task_id LEFT JOIN t_task ON t_task.f_tid = t_tasksuperaddress.f_task_id  WHERE ( f_task_id=686 ) ORDER BY f_distance asc  [ RunTime:0.0060s ]
SQL: SHOW COLUMNS FROM `t_taskdraw` [ RunTime:0.0030s ]
SQL: SELECT * FROM `t_taskdraw` WHERE `f_taskid` = 686 AND `f_userid` = 1 AND `f_superAddressID` = 16 LIMIT 1   [ RunTime:0.0040s ]
INFO: [ view_parse ] --START--
INFO: [ template_filter ] --START--
INFO: Run Behavior\ContentReplaceBehavior [ RunTime:0.000000s ]
INFO: [ template_filter ] --END-- [ RunTime:0.000000s ]
NOTIC: [8] Undefined variable: webtitle D:\wamp\www\wisdom\App\Runtime\Cache\Mobileweb\63d9c7308df54f0593662f02e9a0837f.php 第 3 行.
INFO: Run Behavior\ParseTemplateBehavior [ RunTime:0.018001s ]
INFO: [ view_parse ] --END-- [ RunTime:0.018001s ]
INFO: [ view_filter ] --START--
INFO: Run Behavior\WriteHtmlCacheBehavior [ RunTime:0.000000s ]
INFO: [ view_filter ] --END-- [ RunTime:0.001000s ]
INFO: [ app_end ] --START--
INFO: Run Behavior\ShowPageTraceBehavior [ RunTime:0.001000s ]
INFO: [ app_end ] --END-- [ RunTime:0.001000s ]

[ 2016-01-08T10:25:18+08:00 ] ::1 /wisdom/index.php/Mobileweb/Events/supervise?userid=1&taskid=686&lng=&lat=
INFO: [ app_init ] --START--
INFO: Run Behavior\BuildLiteBehavior [ RunTime:0.000000s ]
INFO: [ app_init ] --END-- [ RunTime:0.001000s ]
INFO: [ app_begin ] --START--
INFO: Run Behavior\ReadHtmlCacheBehavior [ RunTime:0.002000s ]
INFO: [ app_begin ] --END-- [ RunTime:0.002000s ]
SQL: SHOW COLUMNS FROM `t_tasksuperaddress` [ RunTime:0.0040s ]
SQL: SELECT * FROM `t_tasksuperaddress` LEFT JOIN t_tasksmallinfo ON t_tasksmallinfo.f_taskid = t_tasksuperaddress.f_task_id LEFT JOIN t_task ON t_task.f_tid = t_tasksuperaddress.f_task_id  WHERE ( f_task_id=686 ) ORDER BY f_distance asc  [ RunTime:0.0040s ]
SQL: SHOW COLUMNS FROM `t_taskdraw` [ RunTime:0.0020s ]
SQL: SELECT * FROM `t_taskdraw` WHERE `f_taskid` = 686 AND `f_userid` = 1 AND `f_superAddressID` = 16 LIMIT 1   [ RunTime:0.0020s ]
INFO: [ view_parse ] --START--
INFO: [ template_filter ] --START--
INFO: Run Behavior\ContentReplaceBehavior [ RunTime:0.000000s ]
INFO: [ template_filter ] --END-- [ RunTime:0.000000s ]
NOTIC: [8] Undefined variable: webtitle D:\wamp\www\wisdom\App\Runtime\Cache\Mobileweb\63d9c7308df54f0593662f02e9a0837f.php 第 3 行.
INFO: Run Behavior\ParseTemplateBehavior [ RunTime:0.024001s ]
INFO: [ view_parse ] --END-- [ RunTime:0.024001s ]
INFO: [ view_filter ] --START--
INFO: Run Behavior\WriteHtmlCacheBehavior [ RunTime:0.001000s ]
INFO: [ view_filter ] --END-- [ RunTime:0.001000s ]
INFO: [ app_end ] --START--
INFO: Run Behavior\ShowPageTraceBehavior [ RunTime:0.002000s ]
INFO: [ app_end ] --END-- [ RunTime:0.003000s ]

[ 2016-01-08T10:28:51+08:00 ] ::1 /wisdom/index.php/Mobileweb/Events/supervise?userid=1&taskid=686&lng=&lat=
INFO: [ app_init ] --START--
INFO: Run Behavior\BuildLiteBehavior [ RunTime:0.000000s ]
INFO: [ app_init ] --END-- [ RunTime:0.027001s ]
INFO: [ app_begin ] --START--
INFO: Run Behavior\ReadHtmlCacheBehavior [ RunTime:0.004000s ]
INFO: [ app_begin ] --END-- [ RunTime:0.004000s ]
SQL: SHOW COLUMNS FROM `t_tasksuperaddress` [ RunTime:0.0050s ]
SQL: SELECT * FROM `t_tasksuperaddress` LEFT JOIN t_tasksmallinfo ON t_tasksmallinfo.f_taskid = t_tasksuperaddress.f_task_id LEFT JOIN t_task ON t_task.f_tid = t_tasksuperaddress.f_task_id  WHERE ( f_task_id=686 ) ORDER BY f_distance asc  [ RunTime:0.0040s ]
SQL: SHOW COLUMNS FROM `t_taskdraw` [ RunTime:0.0030s ]
SQL: SELECT * FROM `t_taskdraw` WHERE `f_taskid` = 686 AND `f_userid` = 1 AND `f_superAddressID` = 16 LIMIT 1   [ RunTime:0.0020s ]
INFO: [ view_parse ] --START--
INFO: [ template_filter ] --START--
INFO: Run Behavior\ContentReplaceBehavior [ RunTime:0.000000s ]
INFO: [ template_filter ] --END-- [ RunTime:0.001000s ]
NOTIC: [8] Undefined variable: webtitle D:\wamp\www\wisdom\App\Runtime\Cache\Mobileweb\63d9c7308df54f0593662f02e9a0837f.php 第 3 行.
INFO: Run Behavior\ParseTemplateBehavior [ RunTime:0.042003s ]
INFO: [ view_parse ] --END-- [ RunTime:0.058003s ]
INFO: [ view_filter ] --START--
INFO: Run Behavior\WriteHtmlCacheBehavior [ RunTime:0.002000s ]
INFO: [ view_filter ] --END-- [ RunTime:0.003001s ]
INFO: [ app_end ] --START--
INFO: Run Behavior\ShowPageTraceBehavior [ RunTime:0.005000s ]
INFO: [ app_end ] --END-- [ RunTime:0.005000s ]

[ 2016-01-08T10:30:49+08:00 ] ::1 /wisdom/index.php/Mobileweb/Events/supervise?userid=1&taskid=686&lng=&lat=
INFO: [ app_init ] --START--
INFO: Run Behavior\BuildLiteBehavior [ RunTime:0.000000s ]
INFO: [ app_init ] --END-- [ RunTime:0.002000s ]
INFO: [ app_begin ] --START--
INFO: Run Behavior\ReadHtmlCacheBehavior [ RunTime:0.005000s ]
INFO: [ app_begin ] --END-- [ RunTime:0.005000s ]
SQL: SHOW COLUMNS FROM `t_tasksuperaddress` [ RunTime:0.0030s ]
SQL: SELECT * FROM `t_tasksuperaddress` LEFT JOIN t_tasksmallinfo ON t_tasksmallinfo.f_taskid = t_tasksuperaddress.f_task_id LEFT JOIN t_task ON t_task.f_tid = t_tasksuperaddress.f_task_id  WHERE ( f_task_id=686 ) ORDER BY f_distance asc  [ RunTime:0.0040s ]
SQL: SHOW COLUMNS FROM `t_taskdraw` [ RunTime:0.0030s ]
SQL: SELECT * FROM `t_taskdraw` WHERE `f_taskid` = 686 AND `f_userid` = 1 AND `f_superAddressID` = 16 LIMIT 1   [ RunTime:0.0020s ]
INFO: [ view_parse ] --START--
INFO: [ template_filter ] --START--
INFO: Run Behavior\ContentReplaceBehavior [ RunTime:0.000000s ]
INFO: [ template_filter ] --END-- [ RunTime:0.000000s ]
NOTIC: [8] Undefined variable: webtitle D:\wamp\www\wisdom\App\Runtime\Cache\Mobileweb\63d9c7308df54f0593662f02e9a0837f.php 第 3 行.
INFO: Run Behavior\ParseTemplateBehavior [ RunTime:0.032002s ]
INFO: [ view_parse ] --END-- [ RunTime:0.032002s ]
INFO: [ view_filter ] --START--
INFO: Run Behavior\WriteHtmlCacheBehavior [ RunTime:0.003000s ]
INFO: [ view_filter ] --END-- [ RunTime:0.003000s ]
INFO: [ app_end ] --START--
INFO: Run Behavior\ShowPageTraceBehavior [ RunTime:0.007001s ]
INFO: [ app_end ] --END-- [ RunTime:0.007001s ]

[ 2016-01-08T10:30:58+08:00 ] ::1 /wisdom/index.php/Mobileweb/Events/supervise?userid=1&taskid=686&lng=&lat=
INFO: [ app_init ] --START--
INFO: Run Behavior\BuildLiteBehavior [ RunTime:0.000000s ]
INFO: [ app_init ] --END-- [ RunTime:0.001000s ]
INFO: [ app_begin ] --START--
INFO: Run Behavior\ReadHtmlCacheBehavior [ RunTime:0.001000s ]
INFO: [ app_begin ] --END-- [ RunTime:0.001000s ]
SQL: SHOW COLUMNS FROM `t_tasksuperaddress` [ RunTime:0.0040s ]
SQL: SELECT * FROM `t_tasksuperaddress` LEFT JOIN t_tasksmallinfo ON t_tasksmallinfo.f_taskid = t_tasksuperaddress.f_task_id LEFT JOIN t_task ON t_task.f_tid = t_tasksuperaddress.f_task_id  WHERE ( f_task_id=686 ) ORDER BY f_distance asc  [ RunTime:0.0030s ]
SQL: SHOW COLUMNS FROM `t_taskdraw` [ RunTime:0.0030s ]
SQL: SELECT * FROM `t_taskdraw` WHERE `f_taskid` = 686 AND `f_userid` = 1 AND `f_superAddressID` = 16 LIMIT 1   [ RunTime:0.0020s ]
INFO: [ view_parse ] --START--
INFO: [ template_filter ] --START--
INFO: Run Behavior\ContentReplaceBehavior [ RunTime:0.000000s ]
INFO: [ template_filter ] --END-- [ RunTime:0.000000s ]
NOTIC: [8] Undefined variable: webtitle D:\wamp\www\wisdom\App\Runtime\Cache\Mobileweb\63d9c7308df54f0593662f02e9a0837f.php 第 3 行.
INFO: Run Behavior\ParseTemplateBehavior [ RunTime:0.025002s ]
INFO: [ view_parse ] --END-- [ RunTime:0.025002s ]
INFO: [ view_filter ] --START--
INFO: Run Behavior\WriteHtmlCacheBehavior [ RunTime:0.001000s ]
INFO: [ view_filter ] --END-- [ RunTime:0.001000s ]
INFO: [ app_end ] --START--
INFO: Run Behavior\ShowPageTraceBehavior [ RunTime:0.002000s ]
INFO: [ app_end ] --END-- [ RunTime:0.002000s ]

[ 2016-01-08T10:34:35+08:00 ] ::1 /wisdom/index.php/Mobileweb/Events/supervise?userid=1&taskid=686&lng=&lat=
INFO: [ app_init ] --START--
INFO: Run Behavior\BuildLiteBehavior [ RunTime:0.000000s ]
INFO: [ app_init ] --END-- [ RunTime:0.002000s ]
INFO: [ app_begin ] --START--
INFO: Run Behavior\ReadHtmlCacheBehavior [ RunTime:0.002000s ]
INFO: [ app_begin ] --END-- [ RunTime:0.003000s ]
SQL: SHOW COLUMNS FROM `t_tasksuperaddress` [ RunTime:0.0030s ]
SQL: SELECT * FROM `t_tasksuperaddress` LEFT JOIN t_tasksmallinfo ON t_tasksmallinfo.f_taskid = t_tasksuperaddress.f_task_id LEFT JOIN t_task ON t_task.f_tid = t_tasksuperaddress.f_task_id  WHERE ( f_task_id=686 ) ORDER BY f_distance asc  [ RunTime:0.0050s ]
SQL: SHOW COLUMNS FROM `t_taskdraw` [ RunTime:0.0020s ]
SQL: SELECT * FROM `t_taskdraw` WHERE `f_taskid` = 686 AND `f_userid` = 1 AND `f_superAddressID` = 16 LIMIT 1   [ RunTime:0.0020s ]
INFO: [ view_parse ] --START--
INFO: [ template_filter ] --START--
INFO: Run Behavior\ContentReplaceBehavior [ RunTime:0.000000s ]
INFO: [ template_filter ] --END-- [ RunTime:0.000000s ]
NOTIC: [8] Undefined variable: webtitle D:\wamp\www\wisdom\App\Runtime\Cache\Mobileweb\63d9c7308df54f0593662f02e9a0837f.php 第 3 行.
INFO: Run Behavior\ParseTemplateBehavior [ RunTime:0.023001s ]
INFO: [ view_parse ] --END-- [ RunTime:0.024001s ]
INFO: [ view_filter ] --START--
INFO: Run Behavior\WriteHtmlCacheBehavior [ RunTime:0.001000s ]
INFO: [ view_filter ] --END-- [ RunTime:0.001000s ]
INFO: [ app_end ] --START--
INFO: Run Behavior\ShowPageTraceBehavior [ RunTime:0.002001s ]
INFO: [ app_end ] --END-- [ RunTime:0.002001s ]

[ 2016-01-08T10:34:38+08:00 ] ::1 /wisdom/index.php/Mobileweb/Events/supervise?userid=1&taskid=686&lng=&lat=
INFO: [ app_init ] --START--
INFO: Run Behavior\BuildLiteBehavior [ RunTime:0.000000s ]
INFO: [ app_init ] --END-- [ RunTime:0.001000s ]
INFO: [ app_begin ] --START--
INFO: Run Behavior\ReadHtmlCacheBehavior [ RunTime:0.001000s ]
INFO: [ app_begin ] --END-- [ RunTime:0.001000s ]
SQL: SHOW COLUMNS FROM `t_tasksuperaddress` [ RunTime:0.0030s ]
SQL: SELECT * FROM `t_tasksuperaddress` LEFT JOIN t_tasksmallinfo ON t_tasksmallinfo.f_taskid = t_tasksuperaddress.f_task_id LEFT JOIN t_task ON t_task.f_tid = t_tasksuperaddress.f_task_id  WHERE ( f_task_id=686 ) ORDER BY f_distance asc  [ RunTime:0.0030s ]
SQL: SHOW COLUMNS FROM `t_taskdraw` [ RunTime:0.0030s ]
SQL: SELECT * FROM `t_taskdraw` WHERE `f_taskid` = 686 AND `f_userid` = 1 AND `f_superAddressID` = 16 LIMIT 1   [ RunTime:0.0030s ]
INFO: [ view_parse ] --START--
INFO: [ template_filter ] --START--
INFO: Run Behavior\ContentReplaceBehavior [ RunTime:0.000000s ]
INFO: [ template_filter ] --END-- [ RunTime:0.000000s ]
NOTIC: [8] Undefined variable: webtitle D:\wamp\www\wisdom\App\Runtime\Cache\Mobileweb\63d9c7308df54f0593662f02e9a0837f.php 第 3 行.
INFO: Run Behavior\ParseTemplateBehavior [ RunTime:0.020001s ]
INFO: [ view_parse ] --END-- [ RunTime:0.020001s ]
INFO: [ view_filter ] --START--
INFO: Run Behavior\WriteHtmlCacheBehavior [ RunTime:0.002000s ]
INFO: [ view_filter ] --END-- [ RunTime:0.003000s ]
INFO: [ app_end ] --START--
INFO: Run Behavior\ShowPageTraceBehavior [ RunTime:0.005000s ]
INFO: [ app_end ] --END-- [ RunTime:0.006000s ]

[ 2016-01-08T10:45:27+08:00 ] ::1 /wisdom/index.php/Mobileweb/Events/supervise?userid=1&taskid=686&lng=&lat=
INFO: [ app_init ] --START--
INFO: Run Behavior\BuildLiteBehavior [ RunTime:0.000000s ]
INFO: [ app_init ] --END-- [ RunTime:0.001000s ]
INFO: [ app_begin ] --START--
INFO: Run Behavior\ReadHtmlCacheBehavior [ RunTime:0.001000s ]
INFO: [ app_begin ] --END-- [ RunTime:0.001000s ]
SQL: SHOW COLUMNS FROM `t_tasksuperaddress` [ RunTime:0.0030s ]
SQL: SELECT * FROM `t_tasksuperaddress` LEFT JOIN t_tasksmallinfo ON t_tasksmallinfo.f_taskid = t_tasksuperaddress.f_task_id LEFT JOIN t_task ON t_task.f_tid = t_tasksuperaddress.f_task_id  WHERE ( f_task_id=686 ) ORDER BY f_distance asc  [ RunTime:0.0030s ]
SQL: SHOW COLUMNS FROM `t_taskdraw` [ RunTime:0.0030s ]
SQL: SELECT * FROM `t_taskdraw` WHERE `f_taskid` = 686 AND `f_userid` = 1 AND `f_superAddressID` = 16 LIMIT 1   [ RunTime:0.0020s ]
INFO: [ view_parse ] --START--
INFO: [ template_filter ] --START--
INFO: Run Behavior\ContentReplaceBehavior [ RunTime:0.000000s ]
INFO: [ template_filter ] --END-- [ RunTime:0.000000s ]
NOTIC: [8] Undefined variable: webtitle D:\wamp\www\wisdom\App\Runtime\Cache\Mobileweb\63d9c7308df54f0593662f02e9a0837f.php 第 3 行.
INFO: Run Behavior\ParseTemplateBehavior [ RunTime:0.023001s ]
INFO: [ view_parse ] --END-- [ RunTime:0.023001s ]
INFO: [ view_filter ] --START--
INFO: Run Behavior\WriteHtmlCacheBehavior [ RunTime:0.001000s ]
INFO: [ view_filter ] --END-- [ RunTime:0.001000s ]
INFO: [ app_end ] --START--
INFO: Run Behavior\ShowPageTraceBehavior [ RunTime:0.001000s ]
INFO: [ app_end ] --END-- [ RunTime:0.002000s ]

[ 2016-01-08T10:46:37+08:00 ] ::1 /wisdom/index.php/Mobileweb/Events/supervise?userid=1&taskid=686&lng=&lat=
INFO: [ app_init ] --START--
INFO: Run Behavior\BuildLiteBehavior [ RunTime:0.000000s ]
INFO: [ app_init ] --END-- [ RunTime:0.001001s ]
INFO: [ app_begin ] --START--
INFO: Run Behavior\ReadHtmlCacheBehavior [ RunTime:0.006000s ]
INFO: [ app_begin ] --END-- [ RunTime:0.006000s ]
SQL: SHOW COLUMNS FROM `t_tasksuperaddress` [ RunTime:0.0030s ]
SQL: SELECT * FROM `t_tasksuperaddress` LEFT JOIN t_tasksmallinfo ON t_tasksmallinfo.f_taskid = t_tasksuperaddress.f_task_id LEFT JOIN t_task ON t_task.f_tid = t_tasksuperaddress.f_task_id  WHERE ( f_task_id=686 ) ORDER BY f_distance asc  [ RunTime:0.0040s ]
SQL: SHOW COLUMNS FROM `t_taskdraw` [ RunTime:0.0030s ]
SQL: SELECT * FROM `t_taskdraw` WHERE `f_taskid` = 686 AND `f_userid` = 1 AND `f_superAddressID` = 16 LIMIT 1   [ RunTime:0.0030s ]
INFO: [ view_parse ] --START--
INFO: [ template_filter ] --START--
INFO: Run Behavior\ContentReplaceBehavior [ RunTime:0.000000s ]
INFO: [ template_filter ] --END-- [ RunTime:0.000000s ]
NOTIC: [8] Undefined variable: webtitle D:\wamp\www\wisdom\App\Runtime\Cache\Mobileweb\63d9c7308df54f0593662f02e9a0837f.php 第 3 行.
INFO: Run Behavior\ParseTemplateBehavior [ RunTime:0.033002s ]
INFO: [ view_parse ] --END-- [ RunTime:0.033002s ]
INFO: [ view_filter ] --START--
INFO: Run Behavior\WriteHtmlCacheBehavior [ RunTime:0.002000s ]
INFO: [ view_filter ] --END-- [ RunTime:0.004000s ]
INFO: [ app_end ] --START--
INFO: Run Behavior\ShowPageTraceBehavior [ RunTime:0.010001s ]
INFO: [ app_end ] --END-- [ RunTime:0.010001s ]

[ 2016-01-08T10:46:40+08:00 ] ::1 /wisdom/index.php/Mobileweb/Events/superviseCheck?userid=1&taskid=686&netserial=1&superid=16&longitude=[object%20HTMLInputElement]&latitude=[object%20HTMLInputElement]
INFO: [ app_init ] --START--
INFO: Run Behavior\BuildLiteBehavior [ RunTime:0.000000s ]
INFO: [ app_init ] --END-- [ RunTime:0.002000s ]
INFO: [ app_begin ] --START--
INFO: Run Behavior\ReadHtmlCacheBehavior [ RunTime:0.001001s ]
INFO: [ app_begin ] --END-- [ RunTime:0.001001s ]
SQL: SHOW COLUMNS FROM `t_taskdraw` [ RunTime:0.0030s ]
SQL: SELECT * FROM `t_taskdraw` WHERE `f_taskid` = 686 AND `f_userid` = 1 LIMIT 1   [ RunTime:0.0020s ]
SQL: SHOW COLUMNS FROM `t_surveytaskdetail` [ RunTime:0.0030s ]
SQL: SELECT * FROM `t_surveytaskdetail` LEFT JOIN t_task ON t_task.f_tid = t_surveytaskdetail.f_taskid  WHERE ( f_taskid=686 )  [ RunTime:0.0040s ]
INFO: [ view_parse ] --START--
INFO: [ template_filter ] --START--
INFO: Run Behavior\ContentReplaceBehavior [ RunTime:0.000000s ]
INFO: [ template_filter ] --END-- [ RunTime:0.000000s ]
NOTIC: [8] Undefined variable: webtitle D:\wamp\www\wisdom\App\Runtime\Cache\Mobileweb\0a7d96152cf50f6f0651097a8c9bda46.php 第 3 行.
INFO: Run Behavior\ParseTemplateBehavior [ RunTime:0.030002s ]
INFO: [ view_parse ] --END-- [ RunTime:0.030002s ]
INFO: [ view_filter ] --START--
INFO: Run Behavior\WriteHtmlCacheBehavior [ RunTime:0.003000s ]
INFO: [ view_filter ] --END-- [ RunTime:0.003000s ]
INFO: [ app_end ] --START--
INFO: Run Behavior\ShowPageTraceBehavior [ RunTime:0.003000s ]
INFO: [ app_end ] --END-- [ RunTime:0.003000s ]

[ 2016-01-08T10:53:27+08:00 ] ::1 /wisdom/index.php/Mobileweb/Events/superviseCheck?userid=1&taskid=686&netserial=1&superid=16&longitude=[object%20HTMLInputElement]&latitude=[object%20HTMLInputElement]
INFO: [ app_init ] --START--
INFO: Run Behavior\BuildLiteBehavior [ RunTime:0.000000s ]
INFO: [ app_init ] --END-- [ RunTime:0.001000s ]
INFO: [ app_begin ] --START--
INFO: Run Behavior\ReadHtmlCacheBehavior [ RunTime:0.001000s ]
INFO: [ app_begin ] --END-- [ RunTime:0.001000s ]
SQL: SHOW COLUMNS FROM `t_taskdraw` [ RunTime:0.0050s ]
SQL: SELECT * FROM `t_taskdraw` WHERE `f_taskid` = 686 AND `f_userid` = 1 LIMIT 1   [ RunTime:0.0040s ]
SQL: SHOW COLUMNS FROM `t_surveytaskdetail` [ RunTime:0.0040s ]
SQL: SELECT * FROM `t_surveytaskdetail` LEFT JOIN t_task ON t_task.f_tid = t_surveytaskdetail.f_taskid  WHERE ( f_taskid=686 )  [ RunTime:0.0030s ]
INFO: [ view_parse ] --START--
INFO: [ template_filter ] --START--
INFO: Run Behavior\ContentReplaceBehavior [ RunTime:0.000000s ]
INFO: [ template_filter ] --END-- [ RunTime:0.000000s ]
NOTIC: [8] Undefined variable: webtitle D:\wamp\www\wisdom\App\Runtime\Cache\Mobileweb\0a7d96152cf50f6f0651097a8c9bda46.php 第 3 行.
INFO: Run Behavior\ParseTemplateBehavior [ RunTime:0.034002s ]
INFO: [ view_parse ] --END-- [ RunTime:0.034002s ]
INFO: [ view_filter ] --START--
INFO: Run Behavior\WriteHtmlCacheBehavior [ RunTime:0.001000s ]
INFO: [ view_filter ] --END-- [ RunTime:0.001000s ]
INFO: [ app_end ] --START--
INFO: Run Behavior\ShowPageTraceBehavior [ RunTime:0.002000s ]
INFO: [ app_end ] --END-- [ RunTime:0.003000s ]

[ 2016-01-08T10:56:52+08:00 ] ::1 /wisdom/index.php/Mobileweb/Events/superviseCheck?userid=1&taskid=686&netserial=1&superid=16&longitude=[object%20HTMLInputElement]&latitude=[object%20HTMLInputElement]
INFO: [ app_init ] --START--
INFO: Run Behavior\BuildLiteBehavior [ RunTime:0.000000s ]
INFO: [ app_init ] --END-- [ RunTime:0.002000s ]
INFO: [ app_begin ] --START--
INFO: Run Behavior\ReadHtmlCacheBehavior [ RunTime:0.002000s ]
INFO: [ app_begin ] --END-- [ RunTime:0.003000s ]
SQL: SHOW COLUMNS FROM `t_taskdraw` [ RunTime:0.0030s ]
SQL: SELECT * FROM `t_taskdraw` WHERE `f_taskid` = 686 AND `f_userid` = 1 LIMIT 1   [ RunTime:0.0020s ]
SQL: SHOW COLUMNS FROM `t_surveytaskdetail` [ RunTime:0.0020s ]
SQL: SELECT * FROM `t_surveytaskdetail` LEFT JOIN t_task ON t_task.f_tid = t_surveytaskdetail.f_taskid  WHERE ( f_taskid=686 )  [ RunTime:0.0030s ]
INFO: [ view_parse ] --START--
INFO: [ template_filter ] --START--
INFO: Run Behavior\ContentReplaceBehavior [ RunTime:0.000000s ]
INFO: [ template_filter ] --END-- [ RunTime:0.000000s ]
NOTIC: [8] Undefined variable: webtitle D:\wamp\www\wisdom\App\Runtime\Cache\Mobileweb\0a7d96152cf50f6f0651097a8c9bda46.php 第 3 行.
INFO: Run Behavior\ParseTemplateBehavior [ RunTime:0.025001s ]
INFO: [ view_parse ] --END-- [ RunTime:0.025001s ]
INFO: [ view_filter ] --START--
INFO: Run Behavior\WriteHtmlCacheBehavior [ RunTime:0.001000s ]
INFO: [ view_filter ] --END-- [ RunTime:0.001000s ]
INFO: [ app_end ] --START--
INFO: Run Behavior\ShowPageTraceBehavior [ RunTime:0.001000s ]
INFO: [ app_end ] --END-- [ RunTime:0.001000s ]

[ 2016-01-08T10:57:50+08:00 ] ::1 /wisdom/index.php/Mobileweb/Events/superviseCheck?userid=1&taskid=686&netserial=1&superid=16&longitude=[object%20HTMLInputElement]&latitude=[object%20HTMLInputElement]
INFO: [ app_init ] --START--
INFO: Run Behavior\BuildLiteBehavior [ RunTime:0.000000s ]
INFO: [ app_init ] --END-- [ RunTime:0.001000s ]
INFO: [ app_begin ] --START--
INFO: Run Behavior\ReadHtmlCacheBehavior [ RunTime:0.003000s ]
INFO: [ app_begin ] --END-- [ RunTime:0.003000s ]
SQL: SHOW COLUMNS FROM `t_taskdraw` [ RunTime:0.0030s ]
SQL: SELECT * FROM `t_taskdraw` WHERE `f_taskid` = 686 AND `f_userid` = 1 LIMIT 1   [ RunTime:0.0020s ]
SQL: SHOW COLUMNS FROM `t_surveytaskdetail` [ RunTime:0.0030s ]
SQL: SELECT * FROM `t_surveytaskdetail` LEFT JOIN t_task ON t_task.f_tid = t_surveytaskdetail.f_taskid  WHERE ( f_taskid=686 )  [ RunTime:0.0030s ]
INFO: [ view_parse ] --START--
INFO: [ template_filter ] --START--
INFO: Run Behavior\ContentReplaceBehavior [ RunTime:0.001000s ]
INFO: [ template_filter ] --END-- [ RunTime:0.001000s ]
NOTIC: [8] Undefined variable: webtitle D:\wamp\www\wisdom\App\Runtime\Cache\Mobileweb\0a7d96152cf50f6f0651097a8c9bda46.php 第 3 行.
INFO: Run Behavior\ParseTemplateBehavior [ RunTime:0.027001s ]
INFO: [ view_parse ] --END-- [ RunTime:0.027001s ]
INFO: [ view_filter ] --START--
INFO: Run Behavior\WriteHtmlCacheBehavior [ RunTime:0.003000s ]
INFO: [ view_filter ] --END-- [ RunTime:0.003000s ]
INFO: [ app_end ] --START--
INFO: Run Behavior\ShowPageTraceBehavior [ RunTime:0.002001s ]
INFO: [ app_end ] --END-- [ RunTime:0.002001s ]

[ 2016-01-08T10:57:52+08:00 ] ::1 /wisdom/index.php/Mobileweb/Events/superviseCheck?userid=1&taskid=686&netserial=1&superid=16&longitude=[object%20HTMLInputElement]&latitude=[object%20HTMLInputElement]
INFO: [ app_init ] --START--
INFO: Run Behavior\BuildLiteBehavior [ RunTime:0.000000s ]
INFO: [ app_init ] --END-- [ RunTime:0.002000s ]
INFO: [ app_begin ] --START--
INFO: Run Behavior\ReadHtmlCacheBehavior [ RunTime:0.001000s ]
INFO: [ app_begin ] --END-- [ RunTime:0.001000s ]
SQL: SHOW COLUMNS FROM `t_taskdraw` [ RunTime:0.0030s ]
SQL: SELECT * FROM `t_taskdraw` WHERE `f_taskid` = 686 AND `f_userid` = 1 LIMIT 1   [ RunTime:0.0020s ]
SQL: SHOW COLUMNS FROM `t_surveytaskdetail` [ RunTime:0.0030s ]
SQL: SELECT * FROM `t_surveytaskdetail` LEFT JOIN t_task ON t_task.f_tid = t_surveytaskdetail.f_taskid  WHERE ( f_taskid=686 )  [ RunTime:0.0030s ]
INFO: [ view_parse ] --START--
INFO: [ template_filter ] --START--
INFO: Run Behavior\ContentReplaceBehavior [ RunTime:0.000000s ]
INFO: [ template_filter ] --END-- [ RunTime:0.000000s ]
NOTIC: [8] Undefined variable: webtitle D:\wamp\www\wisdom\App\Runtime\Cache\Mobileweb\0a7d96152cf50f6f0651097a8c9bda46.php 第 3 行.
INFO: Run Behavior\ParseTemplateBehavior [ RunTime:0.029002s ]
INFO: [ view_parse ] --END-- [ RunTime:0.029002s ]
INFO: [ view_filter ] --START--
INFO: Run Behavior\WriteHtmlCacheBehavior [ RunTime:0.001000s ]
INFO: [ view_filter ] --END-- [ RunTime:0.002000s ]
INFO: [ app_end ] --START--
INFO: Run Behavior\ShowPageTraceBehavior [ RunTime:0.005001s ]
INFO: [ app_end ] --END-- [ RunTime:0.006001s ]

[ 2016-01-08T13:37:44+08:00 ] ::1 /wisdom/index.php/Mobileweb/Events/superviseCheck?userid=1&taskid=686&netserial=1&superid=16&longitude=[object%20HTMLInputElement]&latitude=[object%20HTMLInputElement]
INFO: [ app_init ] --START--
INFO: Run Behavior\BuildLiteBehavior [ RunTime:0.000000s ]
INFO: [ app_init ] --END-- [ RunTime:0.002001s ]
INFO: [ app_begin ] --START--
INFO: Run Behavior\ReadHtmlCacheBehavior [ RunTime:0.003000s ]
INFO: [ app_begin ] --END-- [ RunTime:0.003000s ]
SQL: SHOW COLUMNS FROM `t_taskdraw` [ RunTime:0.0040s ]
SQL: SELECT * FROM `t_taskdraw` WHERE `f_taskid` = 686 AND `f_userid` = 1 LIMIT 1   [ RunTime:0.0040s ]
SQL: SHOW COLUMNS FROM `t_surveytaskdetail` [ RunTime:0.0030s ]
SQL: SELECT * FROM `t_surveytaskdetail` LEFT JOIN t_task ON t_task.f_tid = t_surveytaskdetail.f_taskid  WHERE ( f_taskid=686 )  [ RunTime:0.0040s ]
INFO: [ view_parse ] --START--
INFO: [ template_filter ] --START--
INFO: Run Behavior\ContentReplaceBehavior [ RunTime:0.000000s ]
INFO: [ template_filter ] --END-- [ RunTime:0.000000s ]
NOTIC: [8] Undefined variable: webtitle D:\wamp\www\wisdom\App\Runtime\Cache\Mobileweb\0a7d96152cf50f6f0651097a8c9bda46.php 第 3 行.
INFO: Run Behavior\ParseTemplateBehavior [ RunTime:0.031002s ]
INFO: [ view_parse ] --END-- [ RunTime:0.031002s ]
INFO: [ view_filter ] --START--
INFO: Run Behavior\WriteHtmlCacheBehavior [ RunTime:0.002000s ]
INFO: [ view_filter ] --END-- [ RunTime:0.004000s ]
INFO: [ app_end ] --START--
INFO: Run Behavior\ShowPageTraceBehavior [ RunTime:0.002000s ]
INFO: [ app_end ] --END-- [ RunTime:0.003000s ]

[ 2016-01-08T13:37:57+08:00 ] ::1 /wisdom/index.php/Mobileweb/Events/supervise?userid=1&taskid=686&lng=&lat=
INFO: [ app_init ] --START--
INFO: Run Behavior\BuildLiteBehavior [ RunTime:0.000000s ]
INFO: [ app_init ] --END-- [ RunTime:0.001000s ]
INFO: [ app_begin ] --START--
INFO: Run Behavior\ReadHtmlCacheBehavior [ RunTime:0.003000s ]
INFO: [ app_begin ] --END-- [ RunTime:0.003000s ]
SQL: SHOW COLUMNS FROM `t_tasksuperaddress` [ RunTime:0.0040s ]
SQL: SELECT * FROM `t_tasksuperaddress` LEFT JOIN t_tasksmallinfo ON t_tasksmallinfo.f_taskid = t_tasksuperaddress.f_task_id LEFT JOIN t_task ON t_task.f_tid = t_tasksuperaddress.f_task_id  WHERE ( f_task_id=686 ) ORDER BY f_distance asc  [ RunTime:0.0040s ]
SQL: SHOW COLUMNS FROM `t_taskdraw` [ RunTime:0.0030s ]
SQL: SELECT * FROM `t_taskdraw` WHERE `f_taskid` = 686 AND `f_userid` = 1 AND `f_superAddressID` = 16 LIMIT 1   [ RunTime:0.0020s ]
INFO: [ view_parse ] --START--
INFO: [ template_filter ] --START--
INFO: Run Behavior\ContentReplaceBehavior [ RunTime:0.000000s ]
INFO: [ template_filter ] --END-- [ RunTime:0.000000s ]
NOTIC: [8] Undefined variable: webtitle D:\wamp\www\wisdom\App\Runtime\Cache\Mobileweb\63d9c7308df54f0593662f02e9a0837f.php 第 3 行.
INFO: Run Behavior\ParseTemplateBehavior [ RunTime:0.025002s ]
INFO: [ view_parse ] --END-- [ RunTime:0.025002s ]
INFO: [ view_filter ] --START--
INFO: Run Behavior\WriteHtmlCacheBehavior [ RunTime:0.003000s ]
INFO: [ view_filter ] --END-- [ RunTime:0.003000s ]
INFO: [ app_end ] --START--
INFO: Run Behavior\ShowPageTraceBehavior [ RunTime:0.002000s ]
INFO: [ app_end ] --END-- [ RunTime:0.003000s ]

[ 2016-01-08T13:37:59+08:00 ] ::1 /wisdom/index.php/Mobileweb/Events/superviseCheck?userid=1&taskid=686&netserial=1&superid=16&longitude=[object%20HTMLInputElement]&latitude=[object%20HTMLInputElement]
INFO: [ app_init ] --START--
INFO: Run Behavior\BuildLiteBehavior [ RunTime:0.000000s ]
INFO: [ app_init ] --END-- [ RunTime:0.001000s ]
INFO: [ app_begin ] --START--
INFO: Run Behavior\ReadHtmlCacheBehavior [ RunTime:0.001000s ]
INFO: [ app_begin ] --END-- [ RunTime:0.001000s ]
SQL: SHOW COLUMNS FROM `t_taskdraw` [ RunTime:0.0040s ]
SQL: SELECT * FROM `t_taskdraw` WHERE `f_taskid` = 686 AND `f_userid` = 1 LIMIT 1   [ RunTime:0.0020s ]
SQL: SHOW COLUMNS FROM `t_surveytaskdetail` [ RunTime:0.0030s ]
SQL: SELECT * FROM `t_surveytaskdetail` LEFT JOIN t_task ON t_task.f_tid = t_surveytaskdetail.f_taskid  WHERE ( f_taskid=686 )  [ RunTime:0.0030s ]
INFO: [ view_parse ] --START--
INFO: [ template_filter ] --START--
INFO: Run Behavior\ContentReplaceBehavior [ RunTime:0.000000s ]
INFO: [ template_filter ] --END-- [ RunTime:0.000000s ]
NOTIC: [8] Undefined variable: webtitle D:\wamp\www\wisdom\App\Runtime\Cache\Mobileweb\0a7d96152cf50f6f0651097a8c9bda46.php 第 3 行.
INFO: Run Behavior\ParseTemplateBehavior [ RunTime:0.023002s ]
INFO: [ view_parse ] --END-- [ RunTime:0.023002s ]
INFO: [ view_filter ] --START--
INFO: Run Behavior\WriteHtmlCacheBehavior [ RunTime:0.004000s ]
INFO: [ view_filter ] --END-- [ RunTime:0.005000s ]
INFO: [ app_end ] --START--
INFO: Run Behavior\ShowPageTraceBehavior [ RunTime:0.002000s ]
INFO: [ app_end ] --END-- [ RunTime:0.002000s ]

[ 2016-01-08T13:38:04+08:00 ] ::1 /wisdom/index.php/Mobileweb/Events/superviseNext
INFO: [ app_init ] --START--
INFO: Run Behavior\BuildLiteBehavior [ RunTime:0.000000s ]
INFO: [ app_init ] --END-- [ RunTime:0.001000s ]
INFO: [ app_begin ] --START--
INFO: Run Behavior\ReadHtmlCacheBehavior [ RunTime:0.001000s ]
INFO: [ app_begin ] --END-- [ RunTime:0.001000s ]
SQL: SHOW COLUMNS FROM `t_surveyuserchoices` [ RunTime:0.0020s ]
SQL: SELECT * FROM `t_surveyuserchoices` WHERE `f_taskid` = '686' AND `f_userid` = 1 AND `f_serial` = 1 AND `f_netserial` = 1 LIMIT 1   [ RunTime:0.0040s ]
SQL: UPDATE `t_surveyuserchoices` SET `f_answer`='0',`f_ctime`='1452231484' WHERE `f_taskid` = '686' AND `f_userid` = 1 AND `f_serial` = 1 AND `f_netserial` = 1 [ RunTime:0.0040s ]
INFO: [ app_end ] --START--
INFO: Run Behavior\ShowPageTraceBehavior [ RunTime:0.001000s ]
INFO: [ app_end ] --END-- [ RunTime:0.001000s ]

[ 2016-01-08T13:38:05+08:00 ] ::1 /wisdom/index.php/Mobileweb/Events/superviseNext
INFO: [ app_init ] --START--
INFO: Run Behavior\BuildLiteBehavior [ RunTime:0.000000s ]
INFO: [ app_init ] --END-- [ RunTime:0.012001s ]
INFO: [ app_begin ] --START--
INFO: Run Behavior\ReadHtmlCacheBehavior [ RunTime:0.005000s ]
INFO: [ app_begin ] --END-- [ RunTime:0.005000s ]
SQL: SHOW COLUMNS FROM `t_surveyuserchoices` [ RunTime:0.0050s ]
SQL: SELECT * FROM `t_surveyuserchoices` WHERE `f_taskid` = '686' AND `f_userid` = 1 AND `f_serial` = 2 AND `f_netserial` = 1 LIMIT 1   [ RunTime:0.0060s ]
SQL: UPDATE `t_surveyuserchoices` SET `f_answer`='',`f_ctime`='1452231485' WHERE `f_taskid` = '686' AND `f_userid` = 1 AND `f_serial` = 2 AND `f_netserial` = 1 [ RunTime:0.0030s ]
INFO: [ app_end ] --START--
INFO: Run Behavior\ShowPageTraceBehavior [ RunTime:0.002001s ]
INFO: [ app_end ] --END-- [ RunTime:0.002001s ]

[ 2016-01-08T13:38:07+08:00 ] ::1 /wisdom/index.php/Mobileweb/Events/superviseNext
INFO: [ app_init ] --START--
INFO: Run Behavior\BuildLiteBehavior [ RunTime:0.000000s ]
INFO: [ app_init ] --END-- [ RunTime:0.002000s ]
INFO: [ app_begin ] --START--
INFO: Run Behavior\ReadHtmlCacheBehavior [ RunTime:0.004000s ]
INFO: [ app_begin ] --END-- [ RunTime:0.005000s ]
SQL: SHOW COLUMNS FROM `t_surveyuserchoices` [ RunTime:0.0050s ]
SQL: SELECT * FROM `t_surveyuserchoices` WHERE `f_taskid` = '686' AND `f_userid` = 1 AND `f_serial` = 3 AND `f_netserial` = 1 LIMIT 1   [ RunTime:0.0050s ]
SQL: UPDATE `t_surveyuserchoices` SET `f_answer`='0',`f_ctime`='1452231487' WHERE `f_taskid` = '686' AND `f_userid` = 1 AND `f_serial` = 3 AND `f_netserial` = 1 [ RunTime:0.0060s ]
INFO: [ app_end ] --START--
INFO: Run Behavior\ShowPageTraceBehavior [ RunTime:0.009000s ]
INFO: [ app_end ] --END-- [ RunTime:0.009000s ]

