[ 2016-01-28T14:01:05+08:00 ] ::1 /wisdom/index.php/Mobileweb/Hbgame/wechat_gguide
INFO: [ app_init ] --START--
INFO: Run Behavior\BuildLiteBehavior [ RunTime:0.000000s ]
INFO: [ app_init ] --END-- [ RunTime:0.001000s ]
INFO: [ app_begin ] --START--
INFO: Run Behavior\ReadHtmlCacheBehavior [ RunTime:0.002000s ]
INFO: [ app_begin ] --END-- [ RunTime:0.002000s ]
NOTIC: [2] unlink(./App/Runtime/Temp/d86c828583c5c6160e8acfee88ba1590.php): No such file or directory D:\wamp\www\wisdom\ThinkPHP\Library\Think\Cache\Driver\File.class.php 第 157 行.
NOTIC: [8] Undefined index: access_token D:\wamp\www\wisdom\App\Mobileweb\Controller\HbgameController.class.php 第 32 行.
NOTIC: [8] Undefined index: openid D:\wamp\www\wisdom\App\Mobileweb\Controller\HbgameController.class.php 第 33 行.
NOTIC: [2] unlink(./App/Runtime/Temp/d86c828583c5c6160e8acfee88ba1590.php): No such file or directory D:\wamp\www\wisdom\ThinkPHP\Library\Think\Cache\Driver\File.class.php 第 157 行.
INFO: [ view_parse ] --START--
INFO: [ template_filter ] --START--
INFO: Run Behavior\ContentReplaceBehavior [ RunTime:0.000000s ]
INFO: [ template_filter ] --END-- [ RunTime:0.000000s ]
INFO: Run Behavior\ParseTemplateBehavior [ RunTime:0.021001s ]
INFO: [ view_parse ] --END-- [ RunTime:0.021001s ]
INFO: [ view_filter ] --START--
INFO: Run Behavior\WriteHtmlCacheBehavior [ RunTime:0.001000s ]
INFO: [ view_filter ] --END-- [ RunTime:0.001000s ]
INFO: [ app_end ] --START--
INFO: Run Behavior\ShowPageTraceBehavior [ RunTime:0.002000s ]
INFO: [ app_end ] --END-- [ RunTime:0.002000s ]

[ 2016-01-28T14:01:16+08:00 ] ::1 /wisdom/index.php/Mobileweb/Hbgame/wechat_game
INFO: [ app_init ] --START--
INFO: Run Behavior\BuildLiteBehavior [ RunTime:0.000000s ]
INFO: [ app_init ] --END-- [ RunTime:0.001000s ]
INFO: [ app_begin ] --START--
INFO: Run Behavior\ReadHtmlCacheBehavior [ RunTime:0.002001s ]
INFO: [ app_begin ] --END-- [ RunTime:0.002001s ]
NOTIC: [2] unlink(./App/Runtime/Temp/d86c828583c5c6160e8acfee88ba1590.php): No such file or directory D:\wamp\www\wisdom\ThinkPHP\Library\Think\Cache\Driver\File.class.php 第 157 行.
NOTIC: [8] Undefined index: access_token D:\wamp\www\wisdom\App\Mobileweb\Controller\HbgameController.class.php 第 94 行.
NOTIC: [8] Undefined index: openid D:\wamp\www\wisdom\App\Mobileweb\Controller\HbgameController.class.php 第 95 行.
NOTIC: [2] unlink(./App/Runtime/Temp/d86c828583c5c6160e8acfee88ba1590.php): No such file or directory D:\wamp\www\wisdom\ThinkPHP\Library\Think\Cache\Driver\File.class.php 第 157 行.
INFO: [ view_parse ] --START--
INFO: [ template_filter ] --START--
INFO: Run Behavior\ContentReplaceBehavior [ RunTime:0.000000s ]
INFO: [ template_filter ] --END-- [ RunTime:0.000000s ]
NOTIC: [8] Undefined variable: cc D:\wamp\www\wisdom\App\Runtime\Cache\Mobileweb\ae48f219b254c3227e3efaf022c6490e.php 第 218 行.
INFO: Run Behavior\ParseTemplateBehavior [ RunTime:0.034002s ]
INFO: [ view_parse ] --END-- [ RunTime:0.035002s ]
INFO: [ view_filter ] --START--
INFO: Run Behavior\WriteHtmlCacheBehavior [ RunTime:0.001000s ]
INFO: [ view_filter ] --END-- [ RunTime:0.001000s ]
INFO: [ app_end ] --START--
INFO: Run Behavior\ShowPageTraceBehavior [ RunTime:0.001000s ]
INFO: [ app_end ] --END-- [ RunTime:0.002000s ]

[ 2016-01-28T14:01:53+08:00 ] ::1 /wisdom/index.php/Mobileweb/Hbgame/app_game
INFO: [ app_init ] --START--
INFO: Run Behavior\BuildLiteBehavior [ RunTime:0.000000s ]
INFO: [ app_init ] --END-- [ RunTime:0.000000s ]
INFO: [ app_begin ] --START--
INFO: Run Behavior\ReadHtmlCacheBehavior [ RunTime:0.001001s ]
INFO: [ app_begin ] --END-- [ RunTime:0.001001s ]
INFO: [ view_parse ] --START--
INFO: [ template_filter ] --START--
INFO: Run Behavior\ContentReplaceBehavior [ RunTime:0.000000s ]
INFO: [ template_filter ] --END-- [ RunTime:0.000000s ]
INFO: Run Behavior\ParseTemplateBehavior [ RunTime:0.031001s ]
INFO: [ view_parse ] --END-- [ RunTime:0.031001s ]
INFO: [ view_filter ] --START--
INFO: Run Behavior\WriteHtmlCacheBehavior [ RunTime:0.001000s ]
INFO: [ view_filter ] --END-- [ RunTime:0.002001s ]
INFO: [ app_end ] --START--
INFO: Run Behavior\ShowPageTraceBehavior [ RunTime:0.003000s ]
INFO: [ app_end ] --END-- [ RunTime:0.003000s ]

[ 2016-01-28T14:01:57+08:00 ] ::1 /wisdom/index.php/Mobileweb/Hbgame/app_game
INFO: [ app_init ] --START--
INFO: Run Behavior\BuildLiteBehavior [ RunTime:0.000000s ]
INFO: [ app_init ] --END-- [ RunTime:0.002000s ]
INFO: [ app_begin ] --START--
INFO: Run Behavior\ReadHtmlCacheBehavior [ RunTime:0.001000s ]
INFO: [ app_begin ] --END-- [ RunTime:0.001000s ]
INFO: [ view_parse ] --START--
INFO: [ template_filter ] --START--
INFO: Run Behavior\ContentReplaceBehavior [ RunTime:0.000000s ]
INFO: [ template_filter ] --END-- [ RunTime:0.000000s ]
INFO: Run Behavior\ParseTemplateBehavior [ RunTime:0.017001s ]
INFO: [ view_parse ] --END-- [ RunTime:0.017001s ]
INFO: [ view_filter ] --START--
INFO: Run Behavior\WriteHtmlCacheBehavior [ RunTime:0.001000s ]
INFO: [ view_filter ] --END-- [ RunTime:0.001000s ]
INFO: [ app_end ] --START--
INFO: Run Behavior\ShowPageTraceBehavior [ RunTime:0.001000s ]
INFO: [ app_end ] --END-- [ RunTime:0.001000s ]

[ 2016-01-28T14:04:18+08:00 ] ::1 /wisdom/index.php/Mobileweb/Hbgame/wechat_game
INFO: [ app_init ] --START--
INFO: Run Behavior\BuildLiteBehavior [ RunTime:0.000000s ]
INFO: [ app_init ] --END-- [ RunTime:0.001000s ]
INFO: [ app_begin ] --START--
INFO: Run Behavior\ReadHtmlCacheBehavior [ RunTime:0.002000s ]
INFO: [ app_begin ] --END-- [ RunTime:0.002000s ]
NOTIC: [2] unlink(./App/Runtime/Temp/d86c828583c5c6160e8acfee88ba1590.php): No such file or directory D:\wamp\www\wisdom\ThinkPHP\Library\Think\Cache\Driver\File.class.php 第 157 行.
NOTIC: [8] Undefined index: access_token D:\wamp\www\wisdom\App\Mobileweb\Controller\HbgameController.class.php 第 94 行.
NOTIC: [8] Undefined index: openid D:\wamp\www\wisdom\App\Mobileweb\Controller\HbgameController.class.php 第 95 行.
NOTIC: [2] unlink(./App/Runtime/Temp/d86c828583c5c6160e8acfee88ba1590.php): No such file or directory D:\wamp\www\wisdom\ThinkPHP\Library\Think\Cache\Driver\File.class.php 第 157 行.
INFO: [ view_parse ] --START--
INFO: [ template_filter ] --START--
INFO: Run Behavior\ContentReplaceBehavior [ RunTime:0.000000s ]
INFO: [ template_filter ] --END-- [ RunTime:0.000000s ]
NOTIC: [8] Undefined variable: cc D:\wamp\www\wisdom\App\Runtime\Cache\Mobileweb\ae48f219b254c3227e3efaf022c6490e.php 第 218 行.
INFO: Run Behavior\ParseTemplateBehavior [ RunTime:0.019001s ]
INFO: [ view_parse ] --END-- [ RunTime:0.019001s ]
INFO: [ view_filter ] --START--
INFO: Run Behavior\WriteHtmlCacheBehavior [ RunTime:0.002000s ]
INFO: [ view_filter ] --END-- [ RunTime:0.002000s ]
INFO: [ app_end ] --START--
INFO: Run Behavior\ShowPageTraceBehavior [ RunTime:0.002001s ]
INFO: [ app_end ] --END-- [ RunTime:0.002001s ]

[ 2016-01-28T14:04:21+08:00 ] ::1 /wisdom/index.php/Mobileweb/Hbgame/wechat_game
INFO: [ app_init ] --START--
INFO: Run Behavior\BuildLiteBehavior [ RunTime:0.000000s ]
INFO: [ app_init ] --END-- [ RunTime:0.001000s ]
INFO: [ app_begin ] --START--
INFO: Run Behavior\ReadHtmlCacheBehavior [ RunTime:0.002000s ]
INFO: [ app_begin ] --END-- [ RunTime:0.002000s ]
NOTIC: [2] unlink(./App/Runtime/Temp/d86c828583c5c6160e8acfee88ba1590.php): No such file or directory D:\wamp\www\wisdom\ThinkPHP\Library\Think\Cache\Driver\File.class.php 第 157 行.
NOTIC: [8] Undefined index: access_token D:\wamp\www\wisdom\App\Mobileweb\Controller\HbgameController.class.php 第 94 行.
NOTIC: [8] Undefined index: openid D:\wamp\www\wisdom\App\Mobileweb\Controller\HbgameController.class.php 第 95 行.
NOTIC: [2] unlink(./App/Runtime/Temp/d86c828583c5c6160e8acfee88ba1590.php): No such file or directory D:\wamp\www\wisdom\ThinkPHP\Library\Think\Cache\Driver\File.class.php 第 157 行.
INFO: [ view_parse ] --START--
INFO: [ template_filter ] --START--
INFO: Run Behavior\ContentReplaceBehavior [ RunTime:0.000000s ]
INFO: [ template_filter ] --END-- [ RunTime:0.000000s ]
NOTIC: [8] Undefined variable: cc D:\wamp\www\wisdom\App\Runtime\Cache\Mobileweb\ae48f219b254c3227e3efaf022c6490e.php 第 218 行.
INFO: Run Behavior\ParseTemplateBehavior [ RunTime:0.010001s ]
INFO: [ view_parse ] --END-- [ RunTime:0.010001s ]
INFO: [ view_filter ] --START--
INFO: Run Behavior\WriteHtmlCacheBehavior [ RunTime:0.000000s ]
INFO: [ view_filter ] --END-- [ RunTime:0.001000s ]
INFO: [ app_end ] --START--
INFO: Run Behavior\ShowPageTraceBehavior [ RunTime:0.001000s ]
INFO: [ app_end ] --END-- [ RunTime:0.002000s ]

[ 2016-01-28T14:04:32+08:00 ] ::1 /wisdom/index.php/Mobileweb/Hbgame/wechat_game
INFO: [ app_init ] --START--
INFO: Run Behavior\BuildLiteBehavior [ RunTime:0.000000s ]
INFO: [ app_init ] --END-- [ RunTime:0.001000s ]
INFO: [ app_begin ] --START--
INFO: Run Behavior\ReadHtmlCacheBehavior [ RunTime:0.001001s ]
INFO: [ app_begin ] --END-- [ RunTime:0.001001s ]
NOTIC: [2] unlink(./App/Runtime/Temp/d86c828583c5c6160e8acfee88ba1590.php): No such file or directory D:\wamp\www\wisdom\ThinkPHP\Library\Think\Cache\Driver\File.class.php 第 157 行.
NOTIC: [8] Undefined index: access_token D:\wamp\www\wisdom\App\Mobileweb\Controller\HbgameController.class.php 第 94 行.
NOTIC: [8] Undefined index: openid D:\wamp\www\wisdom\App\Mobileweb\Controller\HbgameController.class.php 第 95 行.
NOTIC: [2] unlink(./App/Runtime/Temp/d86c828583c5c6160e8acfee88ba1590.php): No such file or directory D:\wamp\www\wisdom\ThinkPHP\Library\Think\Cache\Driver\File.class.php 第 157 行.
INFO: [ view_parse ] --START--
INFO: [ template_filter ] --START--
INFO: Run Behavior\ContentReplaceBehavior [ RunTime:0.000000s ]
INFO: [ template_filter ] --END-- [ RunTime:0.001000s ]
NOTIC: [8] Undefined variable: cc D:\wamp\www\wisdom\App\Runtime\Cache\Mobileweb\ae48f219b254c3227e3efaf022c6490e.php 第 218 行.
INFO: Run Behavior\ParseTemplateBehavior [ RunTime:0.014001s ]
INFO: [ view_parse ] --END-- [ RunTime:0.014001s ]
INFO: [ view_filter ] --START--
INFO: Run Behavior\WriteHtmlCacheBehavior [ RunTime:0.002000s ]
INFO: [ view_filter ] --END-- [ RunTime:0.002000s ]
INFO: [ app_end ] --START--
INFO: Run Behavior\ShowPageTraceBehavior [ RunTime:0.001000s ]
INFO: [ app_end ] --END-- [ RunTime:0.001000s ]

[ 2016-01-28T14:06:38+08:00 ] ::1 /wisdom/index.php/Mobileweb/Hbgame/wechat_game
INFO: [ app_init ] --START--
INFO: Run Behavior\BuildLiteBehavior [ RunTime:0.000000s ]
INFO: [ app_init ] --END-- [ RunTime:0.001000s ]
INFO: [ app_begin ] --START--
INFO: Run Behavior\ReadHtmlCacheBehavior [ RunTime:0.001000s ]
INFO: [ app_begin ] --END-- [ RunTime:0.002000s ]
NOTIC: [2] unlink(./App/Runtime/Temp/d86c828583c5c6160e8acfee88ba1590.php): No such file or directory D:\wamp\www\wisdom\ThinkPHP\Library\Think\Cache\Driver\File.class.php 第 157 行.
NOTIC: [8] Undefined index: access_token D:\wamp\www\wisdom\App\Mobileweb\Controller\HbgameController.class.php 第 94 行.
NOTIC: [8] Undefined index: openid D:\wamp\www\wisdom\App\Mobileweb\Controller\HbgameController.class.php 第 95 行.
NOTIC: [2] unlink(./App/Runtime/Temp/d86c828583c5c6160e8acfee88ba1590.php): No such file or directory D:\wamp\www\wisdom\ThinkPHP\Library\Think\Cache\Driver\File.class.php 第 157 行.
INFO: [ view_parse ] --START--
INFO: [ template_filter ] --START--
INFO: Run Behavior\ContentReplaceBehavior [ RunTime:0.000000s ]
INFO: [ template_filter ] --END-- [ RunTime:0.000000s ]
NOTIC: [8] Undefined variable: cc D:\wamp\www\wisdom\App\Runtime\Cache\Mobileweb\ae48f219b254c3227e3efaf022c6490e.php 第 218 行.
INFO: Run Behavior\ParseTemplateBehavior [ RunTime:0.020001s ]
INFO: [ view_parse ] --END-- [ RunTime:0.021001s ]
INFO: [ view_filter ] --START--
INFO: Run Behavior\WriteHtmlCacheBehavior [ RunTime:0.003000s ]
INFO: [ view_filter ] --END-- [ RunTime:0.004000s ]
INFO: [ app_end ] --START--
INFO: Run Behavior\ShowPageTraceBehavior [ RunTime:0.003000s ]
INFO: [ app_end ] --END-- [ RunTime:0.004000s ]

[ 2016-01-28T14:06:41+08:00 ] ::1 /wisdom/index.php/Mobileweb/Hbgame/wechat_game
INFO: [ app_init ] --START--
INFO: Run Behavior\BuildLiteBehavior [ RunTime:0.000000s ]
INFO: [ app_init ] --END-- [ RunTime:0.005001s ]
INFO: [ app_begin ] --START--
INFO: Run Behavior\ReadHtmlCacheBehavior [ RunTime:0.003000s ]
INFO: [ app_begin ] --END-- [ RunTime:0.003000s ]
NOTIC: [2] unlink(./App/Runtime/Temp/d86c828583c5c6160e8acfee88ba1590.php): No such file or directory D:\wamp\www\wisdom\ThinkPHP\Library\Think\Cache\Driver\File.class.php 第 157 行.
NOTIC: [8] Undefined index: access_token D:\wamp\www\wisdom\App\Mobileweb\Controller\HbgameController.class.php 第 94 行.
NOTIC: [8] Undefined index: openid D:\wamp\www\wisdom\App\Mobileweb\Controller\HbgameController.class.php 第 95 行.
NOTIC: [2] unlink(./App/Runtime/Temp/d86c828583c5c6160e8acfee88ba1590.php): No such file or directory D:\wamp\www\wisdom\ThinkPHP\Library\Think\Cache\Driver\File.class.php 第 157 行.
INFO: [ view_parse ] --START--
INFO: [ template_filter ] --START--
INFO: Run Behavior\ContentReplaceBehavior [ RunTime:0.000000s ]
INFO: [ template_filter ] --END-- [ RunTime:0.000000s ]
NOTIC: [8] Undefined variable: cc D:\wamp\www\wisdom\App\Runtime\Cache\Mobileweb\ae48f219b254c3227e3efaf022c6490e.php 第 218 行.
INFO: Run Behavior\ParseTemplateBehavior [ RunTime:0.014000s ]
INFO: [ view_parse ] --END-- [ RunTime:0.014000s ]
INFO: [ view_filter ] --START--
INFO: Run Behavior\WriteHtmlCacheBehavior [ RunTime:0.001000s ]
INFO: [ view_filter ] --END-- [ RunTime:0.001000s ]
INFO: [ app_end ] --START--
INFO: Run Behavior\ShowPageTraceBehavior [ RunTime:0.001000s ]
INFO: [ app_end ] --END-- [ RunTime:0.001000s ]

[ 2016-01-28T14:07:40+08:00 ] ::1 /wisdom/index.php/Mobileweb/Hbgame/wechat_game
INFO: [ app_init ] --START--
INFO: Run Behavior\BuildLiteBehavior [ RunTime:0.000000s ]
INFO: [ app_init ] --END-- [ RunTime:0.005000s ]
INFO: [ app_begin ] --START--
INFO: Run Behavior\ReadHtmlCacheBehavior [ RunTime:0.001000s ]
INFO: [ app_begin ] --END-- [ RunTime:0.001000s ]
NOTIC: [2] unlink(./App/Runtime/Temp/d86c828583c5c6160e8acfee88ba1590.php): No such file or directory D:\wamp\www\wisdom\ThinkPHP\Library\Think\Cache\Driver\File.class.php 第 157 行.
NOTIC: [8] Undefined index: access_token D:\wamp\www\wisdom\App\Mobileweb\Controller\HbgameController.class.php 第 94 行.
NOTIC: [8] Undefined index: openid D:\wamp\www\wisdom\App\Mobileweb\Controller\HbgameController.class.php 第 95 行.
NOTIC: [2] unlink(./App/Runtime/Temp/d86c828583c5c6160e8acfee88ba1590.php): No such file or directory D:\wamp\www\wisdom\ThinkPHP\Library\Think\Cache\Driver\File.class.php 第 157 行.
INFO: [ view_parse ] --START--
INFO: [ template_filter ] --START--
INFO: Run Behavior\ContentReplaceBehavior [ RunTime:0.000000s ]
INFO: [ template_filter ] --END-- [ RunTime:0.001000s ]
NOTIC: [8] Undefined variable: cc D:\wamp\www\wisdom\App\Runtime\Cache\Mobileweb\ae48f219b254c3227e3efaf022c6490e.php 第 219 行.
INFO: Run Behavior\ParseTemplateBehavior [ RunTime:0.030002s ]
INFO: [ view_parse ] --END-- [ RunTime:0.030002s ]
INFO: [ view_filter ] --START--
INFO: Run Behavior\WriteHtmlCacheBehavior [ RunTime:0.002000s ]
INFO: [ view_filter ] --END-- [ RunTime:0.002000s ]
INFO: [ app_end ] --START--
INFO: Run Behavior\ShowPageTraceBehavior [ RunTime:0.005001s ]
INFO: [ app_end ] --END-- [ RunTime:0.005001s ]

[ 2016-01-28T14:08:57+08:00 ] ::1 /wisdom/index.php/Mobileweb/Hbgame/wechat_game
INFO: [ app_init ] --START--
INFO: Run Behavior\BuildLiteBehavior [ RunTime:0.000000s ]
INFO: [ app_init ] --END-- [ RunTime:0.004000s ]
INFO: [ app_begin ] --START--
INFO: Run Behavior\ReadHtmlCacheBehavior [ RunTime:0.002000s ]
INFO: [ app_begin ] --END-- [ RunTime:0.002000s ]
NOTIC: [2] unlink(./App/Runtime/Temp/d86c828583c5c6160e8acfee88ba1590.php): No such file or directory D:\wamp\www\wisdom\ThinkPHP\Library\Think\Cache\Driver\File.class.php 第 157 行.
NOTIC: [8] Undefined index: access_token D:\wamp\www\wisdom\App\Mobileweb\Controller\HbgameController.class.php 第 94 行.
NOTIC: [8] Undefined index: openid D:\wamp\www\wisdom\App\Mobileweb\Controller\HbgameController.class.php 第 95 行.
NOTIC: [2] unlink(./App/Runtime/Temp/d86c828583c5c6160e8acfee88ba1590.php): No such file or directory D:\wamp\www\wisdom\ThinkPHP\Library\Think\Cache\Driver\File.class.php 第 157 行.
INFO: [ view_parse ] --START--
INFO: [ template_filter ] --START--
INFO: Run Behavior\ContentReplaceBehavior [ RunTime:0.000000s ]
INFO: [ template_filter ] --END-- [ RunTime:0.000000s ]
NOTIC: [8] Undefined variable: cc D:\wamp\www\wisdom\App\Runtime\Cache\Mobileweb\ae48f219b254c3227e3efaf022c6490e.php 第 219 行.
INFO: Run Behavior\ParseTemplateBehavior [ RunTime:0.024001s ]
INFO: [ view_parse ] --END-- [ RunTime:0.024001s ]
INFO: [ view_filter ] --START--
INFO: Run Behavior\WriteHtmlCacheBehavior [ RunTime:0.002000s ]
INFO: [ view_filter ] --END-- [ RunTime:0.002000s ]
INFO: [ app_end ] --START--
INFO: Run Behavior\ShowPageTraceBehavior [ RunTime:0.002000s ]
INFO: [ app_end ] --END-- [ RunTime:0.002000s ]

[ 2016-01-28T14:08:59+08:00 ] ::1 /wisdom/index.php/Mobileweb/Hbgame/wechat_game
INFO: [ app_init ] --START--
INFO: Run Behavior\BuildLiteBehavior [ RunTime:0.000000s ]
INFO: [ app_init ] --END-- [ RunTime:0.002000s ]
INFO: [ app_begin ] --START--
INFO: Run Behavior\ReadHtmlCacheBehavior [ RunTime:0.003000s ]
INFO: [ app_begin ] --END-- [ RunTime:0.003000s ]
NOTIC: [2] unlink(./App/Runtime/Temp/d86c828583c5c6160e8acfee88ba1590.php): No such file or directory D:\wamp\www\wisdom\ThinkPHP\Library\Think\Cache\Driver\File.class.php 第 157 行.
NOTIC: [8] Undefined index: access_token D:\wamp\www\wisdom\App\Mobileweb\Controller\HbgameController.class.php 第 94 行.
NOTIC: [8] Undefined index: openid D:\wamp\www\wisdom\App\Mobileweb\Controller\HbgameController.class.php 第 95 行.
NOTIC: [2] unlink(./App/Runtime/Temp/d86c828583c5c6160e8acfee88ba1590.php): No such file or directory D:\wamp\www\wisdom\ThinkPHP\Library\Think\Cache\Driver\File.class.php 第 157 行.
INFO: [ view_parse ] --START--
INFO: [ template_filter ] --START--
INFO: Run Behavior\ContentReplaceBehavior [ RunTime:0.000000s ]
INFO: [ template_filter ] --END-- [ RunTime:0.000000s ]
NOTIC: [8] Undefined variable: cc D:\wamp\www\wisdom\App\Runtime\Cache\Mobileweb\ae48f219b254c3227e3efaf022c6490e.php 第 219 行.
INFO: Run Behavior\ParseTemplateBehavior [ RunTime:0.014000s ]
INFO: [ view_parse ] --END-- [ RunTime:0.014000s ]
INFO: [ view_filter ] --START--
INFO: Run Behavior\WriteHtmlCacheBehavior [ RunTime:0.001000s ]
INFO: [ view_filter ] --END-- [ RunTime:0.001000s ]
INFO: [ app_end ] --START--
INFO: Run Behavior\ShowPageTraceBehavior [ RunTime:0.001000s ]
INFO: [ app_end ] --END-- [ RunTime:0.001000s ]

[ 2016-01-28T14:09:09+08:00 ] ::1 /wisdom/index.php/Mobileweb/Hbgame/wechat_game
INFO: [ app_init ] --START--
INFO: Run Behavior\BuildLiteBehavior [ RunTime:0.000000s ]
INFO: [ app_init ] --END-- [ RunTime:0.001000s ]
INFO: [ app_begin ] --START--
INFO: Run Behavior\ReadHtmlCacheBehavior [ RunTime:0.002000s ]
INFO: [ app_begin ] --END-- [ RunTime:0.002000s ]
NOTIC: [2] unlink(./App/Runtime/Temp/d86c828583c5c6160e8acfee88ba1590.php): No such file or directory D:\wamp\www\wisdom\ThinkPHP\Library\Think\Cache\Driver\File.class.php 第 157 行.
NOTIC: [8] Undefined index: access_token D:\wamp\www\wisdom\App\Mobileweb\Controller\HbgameController.class.php 第 94 行.
NOTIC: [8] Undefined index: openid D:\wamp\www\wisdom\App\Mobileweb\Controller\HbgameController.class.php 第 95 行.
NOTIC: [2] unlink(./App/Runtime/Temp/d86c828583c5c6160e8acfee88ba1590.php): No such file or directory D:\wamp\www\wisdom\ThinkPHP\Library\Think\Cache\Driver\File.class.php 第 157 行.
INFO: [ view_parse ] --START--
INFO: [ template_filter ] --START--
INFO: Run Behavior\ContentReplaceBehavior [ RunTime:0.000000s ]
INFO: [ template_filter ] --END-- [ RunTime:0.000000s ]
NOTIC: [8] Undefined variable: cc D:\wamp\www\wisdom\App\Runtime\Cache\Mobileweb\ae48f219b254c3227e3efaf022c6490e.php 第 219 行.
INFO: Run Behavior\ParseTemplateBehavior [ RunTime:0.015001s ]
INFO: [ view_parse ] --END-- [ RunTime:0.016001s ]
INFO: [ view_filter ] --START--
INFO: Run Behavior\WriteHtmlCacheBehavior [ RunTime:0.001000s ]
INFO: [ view_filter ] --END-- [ RunTime:0.001000s ]
INFO: [ app_end ] --START--
INFO: Run Behavior\ShowPageTraceBehavior [ RunTime:0.001000s ]
INFO: [ app_end ] --END-- [ RunTime:0.001000s ]

[ 2016-01-28T14:59:29+08:00 ] ::1 /wisdom/index.php/Mobileweb/Hbgame/wechat_game
INFO: [ app_init ] --START--
INFO: Run Behavior\BuildLiteBehavior [ RunTime:0.000000s ]
INFO: [ app_init ] --END-- [ RunTime:0.001000s ]
INFO: [ app_begin ] --START--
INFO: Run Behavior\ReadHtmlCacheBehavior [ RunTime:0.002000s ]
INFO: [ app_begin ] --END-- [ RunTime:0.002000s ]
NOTIC: [2] unlink(./App/Runtime/Temp/d86c828583c5c6160e8acfee88ba1590.php): No such file or directory D:\wamp\www\wisdom\ThinkPHP\Library\Think\Cache\Driver\File.class.php 第 157 行.
NOTIC: [8] Undefined index: access_token D:\wamp\www\wisdom\App\Mobileweb\Controller\HbgameController.class.php 第 94 行.
NOTIC: [8] Undefined index: openid D:\wamp\www\wisdom\App\Mobileweb\Controller\HbgameController.class.php 第 95 行.
NOTIC: [2] unlink(./App/Runtime/Temp/d86c828583c5c6160e8acfee88ba1590.php): No such file or directory D:\wamp\www\wisdom\ThinkPHP\Library\Think\Cache\Driver\File.class.php 第 157 行.
INFO: [ view_parse ] --START--
INFO: [ template_filter ] --START--
INFO: Run Behavior\ContentReplaceBehavior [ RunTime:0.000000s ]
INFO: [ template_filter ] --END-- [ RunTime:0.000000s ]
NOTIC: [8] Undefined variable: cc D:\wamp\www\wisdom\App\Runtime\Cache\Mobileweb\ae48f219b254c3227e3efaf022c6490e.php 第 219 行.
INFO: Run Behavior\ParseTemplateBehavior [ RunTime:0.035002s ]
INFO: [ view_parse ] --END-- [ RunTime:0.035002s ]
INFO: [ view_filter ] --START--
INFO: Run Behavior\WriteHtmlCacheBehavior [ RunTime:0.002000s ]
INFO: [ view_filter ] --END-- [ RunTime:0.002000s ]
INFO: [ app_end ] --START--
INFO: Run Behavior\ShowPageTraceBehavior [ RunTime:0.001000s ]
INFO: [ app_end ] --END-- [ RunTime:0.002000s ]

[ 2016-01-28T15:00:44+08:00 ] ::1 /wisdom/index.php/Mobileweb/Hbgame/wechat_game
INFO: [ app_init ] --START--
INFO: Run Behavior\BuildLiteBehavior [ RunTime:0.000000s ]
INFO: [ app_init ] --END-- [ RunTime:0.002000s ]
INFO: [ app_begin ] --START--
INFO: Run Behavior\ReadHtmlCacheBehavior [ RunTime:0.002000s ]
INFO: [ app_begin ] --END-- [ RunTime:0.002000s ]
INFO: [ view_parse ] --START--
INFO: [ template_filter ] --START--
INFO: Run Behavior\ContentReplaceBehavior [ RunTime:0.000000s ]
INFO: [ template_filter ] --END-- [ RunTime:0.001000s ]
NOTIC: [8] Undefined variable: cc D:\wamp\www\wisdom\App\Runtime\Cache\Mobileweb\ae48f219b254c3227e3efaf022c6490e.php 第 219 行.
NOTIC: [8] Undefined variable: info D:\wamp\www\wisdom\App\Runtime\Cache\Mobileweb\ae48f219b254c3227e3efaf022c6490e.php 第 265 行.
INFO: Run Behavior\ParseTemplateBehavior [ RunTime:0.014000s ]
INFO: [ view_parse ] --END-- [ RunTime:0.014000s ]
INFO: [ view_filter ] --START--
INFO: Run Behavior\WriteHtmlCacheBehavior [ RunTime:0.001000s ]
INFO: [ view_filter ] --END-- [ RunTime:0.001000s ]
INFO: [ app_end ] --START--
INFO: Run Behavior\ShowPageTraceBehavior [ RunTime:0.001000s ]
INFO: [ app_end ] --END-- [ RunTime:0.001000s ]

[ 2016-01-28T15:44:51+08:00 ] ::1 /wisdom/index.php/Mobileweb/Hbgame/wechat_game
INFO: [ app_init ] --START--
INFO: Run Behavior\BuildLiteBehavior [ RunTime:0.001000s ]
INFO: [ app_init ] --END-- [ RunTime:0.003000s ]
INFO: [ app_begin ] --START--
INFO: Run Behavior\ReadHtmlCacheBehavior [ RunTime:0.001000s ]
INFO: [ app_begin ] --END-- [ RunTime:0.001000s ]
INFO: [ view_parse ] --START--
INFO: [ template_filter ] --START--
INFO: Run Behavior\ContentReplaceBehavior [ RunTime:0.001000s ]
INFO: [ template_filter ] --END-- [ RunTime:0.001000s ]
NOTIC: [8] Undefined variable: cc D:\wamp\www\wisdom\App\Runtime\Cache\Mobileweb\ae48f219b254c3227e3efaf022c6490e.php 第 219 行.
NOTIC: [8] Undefined variable: info D:\wamp\www\wisdom\App\Runtime\Cache\Mobileweb\ae48f219b254c3227e3efaf022c6490e.php 第 265 行.
INFO: Run Behavior\ParseTemplateBehavior [ RunTime:0.031002s ]
INFO: [ view_parse ] --END-- [ RunTime:0.031002s ]
INFO: [ view_filter ] --START--
INFO: Run Behavior\WriteHtmlCacheBehavior [ RunTime:0.001000s ]
INFO: [ view_filter ] --END-- [ RunTime:0.001000s ]
INFO: [ app_end ] --START--
INFO: Run Behavior\ShowPageTraceBehavior [ RunTime:0.002000s ]
INFO: [ app_end ] --END-- [ RunTime:0.002000s ]

[ 2016-01-28T15:45:00+08:00 ] ::1 /wisdom/index.php/Mobileweb/Hbgame/app_game
INFO: [ app_init ] --START--
INFO: Run Behavior\BuildLiteBehavior [ RunTime:0.000000s ]
INFO: [ app_init ] --END-- [ RunTime:0.002000s ]
INFO: [ app_begin ] --START--
INFO: Run Behavior\ReadHtmlCacheBehavior [ RunTime:0.001000s ]
INFO: [ app_begin ] --END-- [ RunTime:0.002000s ]
INFO: [ view_parse ] --START--
INFO: [ template_filter ] --START--
INFO: Run Behavior\ContentReplaceBehavior [ RunTime:0.001000s ]
INFO: [ template_filter ] --END-- [ RunTime:0.001000s ]
INFO: Run Behavior\ParseTemplateBehavior [ RunTime:0.028001s ]
INFO: [ view_parse ] --END-- [ RunTime:0.029001s ]
INFO: [ view_filter ] --START--
INFO: Run Behavior\WriteHtmlCacheBehavior [ RunTime:0.002001s ]
INFO: [ view_filter ] --END-- [ RunTime:0.002001s ]
INFO: [ app_end ] --START--
INFO: Run Behavior\ShowPageTraceBehavior [ RunTime:0.002000s ]
INFO: [ app_end ] --END-- [ RunTime:0.002000s ]

[ 2016-01-28T15:45:33+08:00 ] ::1 /wisdom/index.php/Mobileweb/Games/conf
INFO: [ app_init ] --START--
INFO: Run Behavior\BuildLiteBehavior [ RunTime:0.000000s ]
INFO: [ app_init ] --END-- [ RunTime:0.001000s ]
INFO: [ app_begin ] --START--
INFO: Run Behavior\ReadHtmlCacheBehavior [ RunTime:0.002000s ]
INFO: [ app_begin ] --END-- [ RunTime:0.002000s ]
INFO: [ app_end ] --START--
INFO: Run Behavior\ShowPageTraceBehavior [ RunTime:0.002000s ]
INFO: [ app_end ] --END-- [ RunTime:0.002000s ]

[ 2016-01-28T15:46:25+08:00 ] ::1 /wisdom/index.php/Mobileweb/Hbgame/app_game
INFO: [ app_init ] --START--
INFO: Run Behavior\BuildLiteBehavior [ RunTime:0.000000s ]
INFO: [ app_init ] --END-- [ RunTime:0.002000s ]
INFO: [ app_begin ] --START--
INFO: Run Behavior\ReadHtmlCacheBehavior [ RunTime:0.002000s ]
INFO: [ app_begin ] --END-- [ RunTime:0.003000s ]
INFO: [ view_parse ] --START--
INFO: [ template_filter ] --START--
INFO: Run Behavior\ContentReplaceBehavior [ RunTime:0.000000s ]
INFO: [ template_filter ] --END-- [ RunTime:0.000000s ]
INFO: Run Behavior\ParseTemplateBehavior [ RunTime:0.014001s ]
INFO: [ view_parse ] --END-- [ RunTime:0.014001s ]
INFO: [ view_filter ] --START--
INFO: Run Behavior\WriteHtmlCacheBehavior [ RunTime:0.002000s ]
INFO: [ view_filter ] --END-- [ RunTime:0.003000s ]
INFO: [ app_end ] --START--
INFO: Run Behavior\ShowPageTraceBehavior [ RunTime:0.004001s ]
INFO: [ app_end ] --END-- [ RunTime:0.005001s ]

[ 2016-01-28T15:46:57+08:00 ] ::1 /wisdom/index.php/Mobileweb/Games/conf
INFO: [ app_init ] --START--
INFO: Run Behavior\BuildLiteBehavior [ RunTime:0.000000s ]
INFO: [ app_init ] --END-- [ RunTime:0.001000s ]
INFO: [ app_begin ] --START--
INFO: Run Behavior\ReadHtmlCacheBehavior [ RunTime:0.006001s ]
INFO: [ app_begin ] --END-- [ RunTime:0.006001s ]
INFO: [ app_end ] --START--
INFO: Run Behavior\ShowPageTraceBehavior [ RunTime:0.003000s ]
INFO: [ app_end ] --END-- [ RunTime:0.004000s ]

[ 2016-01-28T16:05:23+08:00 ] ::1 /wisdom/index.php/Mobileweb/Hbgame/app_game
INFO: [ app_init ] --START--
INFO: Run Behavior\BuildLiteBehavior [ RunTime:0.000000s ]
INFO: [ app_init ] --END-- [ RunTime:0.002000s ]
INFO: [ app_begin ] --START--
INFO: Run Behavior\ReadHtmlCacheBehavior [ RunTime:0.010000s ]
INFO: [ app_begin ] --END-- [ RunTime:0.010000s ]
INFO: [ view_parse ] --START--
INFO: [ template_filter ] --START--
INFO: Run Behavior\ContentReplaceBehavior [ RunTime:0.001000s ]
INFO: [ template_filter ] --END-- [ RunTime:0.002001s ]
INFO: Run Behavior\ParseTemplateBehavior [ RunTime:0.157009s ]
INFO: [ view_parse ] --END-- [ RunTime:0.158009s ]
INFO: [ view_filter ] --START--
INFO: Run Behavior\WriteHtmlCacheBehavior [ RunTime:0.001000s ]
INFO: [ view_filter ] --END-- [ RunTime:0.002000s ]
INFO: [ app_end ] --START--
INFO: Run Behavior\ShowPageTraceBehavior [ RunTime:0.237014s ]
INFO: [ app_end ] --END-- [ RunTime:0.287016s ]

[ 2016-01-28T16:06:39+08:00 ] ::1 /wisdom/index.php/Mobileweb/Hbgame/app_game
INFO: [ app_init ] --START--
INFO: Run Behavior\BuildLiteBehavior [ RunTime:0.000000s ]
INFO: [ app_init ] --END-- [ RunTime:0.002000s ]
INFO: [ app_begin ] --START--
INFO: Run Behavior\ReadHtmlCacheBehavior [ RunTime:0.002000s ]
INFO: [ app_begin ] --END-- [ RunTime:0.002000s ]
INFO: [ view_parse ] --START--
INFO: [ template_filter ] --START--
INFO: Run Behavior\ContentReplaceBehavior [ RunTime:0.001000s ]
INFO: [ template_filter ] --END-- [ RunTime:0.001000s ]
INFO: Run Behavior\ParseTemplateBehavior [ RunTime:0.028002s ]
INFO: [ view_parse ] --END-- [ RunTime:0.028002s ]
INFO: [ view_filter ] --START--
INFO: Run Behavior\WriteHtmlCacheBehavior [ RunTime:0.002000s ]
INFO: [ view_filter ] --END-- [ RunTime:0.002000s ]
INFO: [ app_end ] --START--
INFO: Run Behavior\ShowPageTraceBehavior [ RunTime:0.003000s ]
INFO: [ app_end ] --END-- [ RunTime:0.003000s ]

[ 2016-01-28T16:07:12+08:00 ] ::1 /wisdom/index.php/Mobileweb/Games/conf
INFO: [ app_init ] --START--
INFO: Run Behavior\BuildLiteBehavior [ RunTime:0.000000s ]
INFO: [ app_init ] --END-- [ RunTime:0.001000s ]
INFO: [ app_begin ] --START--
INFO: Run Behavior\ReadHtmlCacheBehavior [ RunTime:0.002000s ]
INFO: [ app_begin ] --END-- [ RunTime:0.002000s ]
INFO: [ app_end ] --START--
INFO: Run Behavior\ShowPageTraceBehavior [ RunTime:0.001001s ]
INFO: [ app_end ] --END-- [ RunTime:0.001001s ]

[ 2016-01-28T16:07:30+08:00 ] ::1 /wisdom/index.php/Mobileweb/Hbgame/app_game
INFO: [ app_init ] --START--
INFO: Run Behavior\BuildLiteBehavior [ RunTime:0.000000s ]
INFO: [ app_init ] --END-- [ RunTime:0.001000s ]
INFO: [ app_begin ] --START--
INFO: Run Behavior\ReadHtmlCacheBehavior [ RunTime:0.003000s ]
INFO: [ app_begin ] --END-- [ RunTime:0.003000s ]
INFO: [ view_parse ] --START--
INFO: [ template_filter ] --START--
INFO: Run Behavior\ContentReplaceBehavior [ RunTime:0.000000s ]
INFO: [ template_filter ] --END-- [ RunTime:0.001000s ]
INFO: Run Behavior\ParseTemplateBehavior [ RunTime:0.027002s ]
INFO: [ view_parse ] --END-- [ RunTime:0.028002s ]
INFO: [ view_filter ] --START--
INFO: Run Behavior\WriteHtmlCacheBehavior [ RunTime:0.001000s ]
INFO: [ view_filter ] --END-- [ RunTime:0.001000s ]
INFO: [ app_end ] --START--
INFO: Run Behavior\ShowPageTraceBehavior [ RunTime:0.003000s ]
INFO: [ app_end ] --END-- [ RunTime:0.004000s ]

[ 2016-01-28T16:08:02+08:00 ] ::1 /wisdom/index.php/Mobileweb/Games/conf
INFO: [ app_init ] --START--
INFO: Run Behavior\BuildLiteBehavior [ RunTime:0.001000s ]
INFO: [ app_init ] --END-- [ RunTime:0.005001s ]
INFO: [ app_begin ] --START--
INFO: Run Behavior\ReadHtmlCacheBehavior [ RunTime:0.016001s ]
INFO: [ app_begin ] --END-- [ RunTime:0.016001s ]
INFO: [ app_end ] --START--
INFO: Run Behavior\ShowPageTraceBehavior [ RunTime:0.001000s ]
INFO: [ app_end ] --END-- [ RunTime:0.001000s ]

[ 2016-01-28T16:09:14+08:00 ] ::1 /wisdom/index.php/Mobileweb/Hbgame/app_game
INFO: [ app_init ] --START--
INFO: Run Behavior\BuildLiteBehavior [ RunTime:0.000000s ]
INFO: [ app_init ] --END-- [ RunTime:0.002000s ]
INFO: [ app_begin ] --START--
INFO: Run Behavior\ReadHtmlCacheBehavior [ RunTime:0.003001s ]
INFO: [ app_begin ] --END-- [ RunTime:0.004001s ]
INFO: [ view_parse ] --START--
INFO: [ template_filter ] --START--
INFO: Run Behavior\ContentReplaceBehavior [ RunTime:0.001000s ]
INFO: [ template_filter ] --END-- [ RunTime:0.002000s ]
INFO: Run Behavior\ParseTemplateBehavior [ RunTime:0.042003s ]
INFO: [ view_parse ] --END-- [ RunTime:0.042003s ]
INFO: [ view_filter ] --START--
INFO: Run Behavior\WriteHtmlCacheBehavior [ RunTime:0.003000s ]
INFO: [ view_filter ] --END-- [ RunTime:0.003000s ]
INFO: [ app_end ] --START--
INFO: Run Behavior\ShowPageTraceBehavior [ RunTime:0.002000s ]
INFO: [ app_end ] --END-- [ RunTime:0.003000s ]

[ 2016-01-28T16:09:47+08:00 ] ::1 /wisdom/index.php/Mobileweb/Games/conf
INFO: [ app_init ] --START--
INFO: Run Behavior\BuildLiteBehavior [ RunTime:0.000000s ]
INFO: [ app_init ] --END-- [ RunTime:0.001000s ]
INFO: [ app_begin ] --START--
INFO: Run Behavior\ReadHtmlCacheBehavior [ RunTime:0.002000s ]
INFO: [ app_begin ] --END-- [ RunTime:0.003000s ]
INFO: [ app_end ] --START--
INFO: Run Behavior\ShowPageTraceBehavior [ RunTime:0.010001s ]
INFO: [ app_end ] --END-- [ RunTime:0.010001s ]

[ 2016-01-28T16:09:58+08:00 ] ::1 /wisdom/index.php/Mobileweb/Hbgame/app_game
INFO: [ app_init ] --START--
INFO: Run Behavior\BuildLiteBehavior [ RunTime:0.000000s ]
INFO: [ app_init ] --END-- [ RunTime:0.005000s ]
INFO: [ app_begin ] --START--
INFO: Run Behavior\ReadHtmlCacheBehavior [ RunTime:0.004000s ]
INFO: [ app_begin ] --END-- [ RunTime:0.004000s ]
INFO: [ view_parse ] --START--
INFO: [ template_filter ] --START--
INFO: Run Behavior\ContentReplaceBehavior [ RunTime:0.000000s ]
INFO: [ template_filter ] --END-- [ RunTime:0.000000s ]
INFO: Run Behavior\ParseTemplateBehavior [ RunTime:0.041002s ]
INFO: [ view_parse ] --END-- [ RunTime:0.041002s ]
INFO: [ view_filter ] --START--
INFO: Run Behavior\WriteHtmlCacheBehavior [ RunTime:0.009001s ]
INFO: [ view_filter ] --END-- [ RunTime:0.010001s ]
INFO: [ app_end ] --START--
INFO: Run Behavior\ShowPageTraceBehavior [ RunTime:0.004000s ]
INFO: [ app_end ] --END-- [ RunTime:0.004000s ]

[ 2016-01-28T16:10:31+08:00 ] ::1 /wisdom/index.php/Mobileweb/Games/conf
INFO: [ app_init ] --START--
INFO: Run Behavior\BuildLiteBehavior [ RunTime:0.000000s ]
INFO: [ app_init ] --END-- [ RunTime:0.001000s ]
INFO: [ app_begin ] --START--
INFO: Run Behavior\ReadHtmlCacheBehavior [ RunTime:0.001000s ]
INFO: [ app_begin ] --END-- [ RunTime:0.002001s ]
INFO: [ app_end ] --START--
INFO: Run Behavior\ShowPageTraceBehavior [ RunTime:0.001000s ]
INFO: [ app_end ] --END-- [ RunTime:0.001000s ]

[ 2016-01-28T16:11:06+08:00 ] ::1 /wisdom/index.php/Mobileweb/Hbgame/app_game
INFO: [ app_init ] --START--
INFO: Run Behavior\BuildLiteBehavior [ RunTime:0.000000s ]
INFO: [ app_init ] --END-- [ RunTime:0.002000s ]
INFO: [ app_begin ] --START--
INFO: Run Behavior\ReadHtmlCacheBehavior [ RunTime:0.004000s ]
INFO: [ app_begin ] --END-- [ RunTime:0.004000s ]
INFO: [ view_parse ] --START--
INFO: [ template_filter ] --START--
INFO: Run Behavior\ContentReplaceBehavior [ RunTime:0.000000s ]
INFO: [ template_filter ] --END-- [ RunTime:0.001000s ]
INFO: Run Behavior\ParseTemplateBehavior [ RunTime:0.036002s ]
INFO: [ view_parse ] --END-- [ RunTime:0.036002s ]
INFO: [ view_filter ] --START--
INFO: Run Behavior\WriteHtmlCacheBehavior [ RunTime:0.002000s ]
INFO: [ view_filter ] --END-- [ RunTime:0.002000s ]
INFO: [ app_end ] --START--
INFO: Run Behavior\ShowPageTraceBehavior [ RunTime:0.004000s ]
INFO: [ app_end ] --END-- [ RunTime:0.005000s ]

[ 2016-01-28T16:11:38+08:00 ] ::1 /wisdom/index.php/Mobileweb/Games/conf
INFO: [ app_init ] --START--
INFO: Run Behavior\BuildLiteBehavior [ RunTime:0.000000s ]
INFO: [ app_init ] --END-- [ RunTime:0.000000s ]
INFO: [ app_begin ] --START--
INFO: Run Behavior\ReadHtmlCacheBehavior [ RunTime:0.001000s ]
INFO: [ app_begin ] --END-- [ RunTime:0.001000s ]
INFO: [ app_end ] --START--
INFO: Run Behavior\ShowPageTraceBehavior [ RunTime:0.001000s ]
INFO: [ app_end ] --END-- [ RunTime:0.001000s ]

[ 2016-01-28T16:13:34+08:00 ] ::1 /wisdom/index.php/Mobileweb/Hbgame/app_game
INFO: [ app_init ] --START--
INFO: Run Behavior\BuildLiteBehavior [ RunTime:0.000000s ]
INFO: [ app_init ] --END-- [ RunTime:0.004000s ]
INFO: [ app_begin ] --START--
INFO: Run Behavior\ReadHtmlCacheBehavior [ RunTime:0.008001s ]
INFO: [ app_begin ] --END-- [ RunTime:0.009001s ]
INFO: [ view_parse ] --START--
INFO: [ template_filter ] --START--
INFO: Run Behavior\ContentReplaceBehavior [ RunTime:0.000000s ]
INFO: [ template_filter ] --END-- [ RunTime:0.001000s ]
INFO: Run Behavior\ParseTemplateBehavior [ RunTime:0.034002s ]
INFO: [ view_parse ] --END-- [ RunTime:0.034002s ]
INFO: [ view_filter ] --START--
INFO: Run Behavior\WriteHtmlCacheBehavior [ RunTime:0.001000s ]
INFO: [ view_filter ] --END-- [ RunTime:0.002000s ]
INFO: [ app_end ] --START--
INFO: Run Behavior\ShowPageTraceBehavior [ RunTime:0.002000s ]
INFO: [ app_end ] --END-- [ RunTime:0.003000s ]

[ 2016-01-28T16:14:06+08:00 ] ::1 /wisdom/index.php/Mobileweb/Games/conf
INFO: [ app_init ] --START--
INFO: Run Behavior\BuildLiteBehavior [ RunTime:0.000000s ]
INFO: [ app_init ] --END-- [ RunTime:0.002000s ]
INFO: [ app_begin ] --START--
INFO: Run Behavior\ReadHtmlCacheBehavior [ RunTime:0.004000s ]
INFO: [ app_begin ] --END-- [ RunTime:0.004000s ]
INFO: [ app_end ] --START--
INFO: Run Behavior\ShowPageTraceBehavior [ RunTime:0.002000s ]
INFO: [ app_end ] --END-- [ RunTime:0.002000s ]

[ 2016-01-28T16:14:28+08:00 ] ::1 /wisdom/index.php/Mobileweb/Hbgame/app_game
INFO: [ app_init ] --START--
INFO: Run Behavior\BuildLiteBehavior [ RunTime:0.000000s ]
INFO: [ app_init ] --END-- [ RunTime:0.001000s ]
INFO: [ app_begin ] --START--
INFO: Run Behavior\ReadHtmlCacheBehavior [ RunTime:0.002000s ]
INFO: [ app_begin ] --END-- [ RunTime:0.003000s ]
INFO: [ view_parse ] --START--
INFO: [ template_filter ] --START--
INFO: Run Behavior\ContentReplaceBehavior [ RunTime:0.000000s ]
INFO: [ template_filter ] --END-- [ RunTime:0.001000s ]
INFO: Run Behavior\ParseTemplateBehavior [ RunTime:0.024001s ]
INFO: [ view_parse ] --END-- [ RunTime:0.024001s ]
INFO: [ view_filter ] --START--
INFO: Run Behavior\WriteHtmlCacheBehavior [ RunTime:0.001000s ]
INFO: [ view_filter ] --END-- [ RunTime:0.001000s ]
INFO: [ app_end ] --START--
INFO: Run Behavior\ShowPageTraceBehavior [ RunTime:0.002000s ]
INFO: [ app_end ] --END-- [ RunTime:0.002000s ]

[ 2016-01-28T16:15:02+08:00 ] ::1 /wisdom/index.php/Mobileweb/Games/conf
INFO: [ app_init ] --START--
INFO: Run Behavior\BuildLiteBehavior [ RunTime:0.000000s ]
INFO: [ app_init ] --END-- [ RunTime:0.003001s ]
INFO: [ app_begin ] --START--
INFO: Run Behavior\ReadHtmlCacheBehavior [ RunTime:0.002000s ]
INFO: [ app_begin ] --END-- [ RunTime:0.003000s ]
INFO: [ app_end ] --START--
INFO: Run Behavior\ShowPageTraceBehavior [ RunTime:0.005000s ]
INFO: [ app_end ] --END-- [ RunTime:0.006000s ]

[ 2016-01-28T18:04:52+08:00 ] ::1 /wisdom/index.php/Mobileweb/Hbgame/app_game
INFO: [ app_init ] --START--
INFO: Run Behavior\BuildLiteBehavior [ RunTime:0.000000s ]
INFO: [ app_init ] --END-- [ RunTime:0.002001s ]
INFO: [ app_begin ] --START--
INFO: Run Behavior\ReadHtmlCacheBehavior [ RunTime:0.002000s ]
INFO: [ app_begin ] --END-- [ RunTime:0.002000s ]
SQL: SHOW COLUMNS FROM `t_playcity` [ RunTime:0.0040s ]
SQL: SELECT * FROM `t_playcity` WHERE ( f_wechatid='' ) LIMIT 1   [ RunTime:0.0020s ]
SQL: SHOW COLUMNS FROM `t_playcitydetail` [ RunTime:0.0040s ]
ERR: SQLSTATE[42000]: Syntax error or access violation: 1064 You have an error in your SQL syntax; check the manual that corresponds to your MySQL server version for the right syntax to use near 'and  f_hepcid <> 0 ) LIMIT 1' at line 1

[ 2016-01-28T18:04:57+08:00 ] ::1 /wisdom/index.php/Mobileweb/Hbgame/app_game
INFO: [ app_init ] --START--
INFO: Run Behavior\BuildLiteBehavior [ RunTime:0.000000s ]
INFO: [ app_init ] --END-- [ RunTime:0.002000s ]
INFO: [ app_begin ] --START--
INFO: Run Behavior\ReadHtmlCacheBehavior [ RunTime:0.001000s ]
INFO: [ app_begin ] --END-- [ RunTime:0.001000s ]
SQL: SHOW COLUMNS FROM `t_playcity` [ RunTime:0.0030s ]
SQL: SELECT * FROM `t_playcity` WHERE ( f_wechatid='' ) LIMIT 1   [ RunTime:0.0020s ]
SQL: SHOW COLUMNS FROM `t_playcitydetail` [ RunTime:0.0050s ]
ERR: SQLSTATE[42000]: Syntax error or access violation: 1064 You have an error in your SQL syntax; check the manual that corresponds to your MySQL server version for the right syntax to use near 'and  f_hepcid <> 0 ) LIMIT 1' at line 1

[ 2016-01-28T18:04:58+08:00 ] ::1 /wisdom/index.php/Mobileweb/Hbgame/app_game
INFO: [ app_init ] --START--
INFO: Run Behavior\BuildLiteBehavior [ RunTime:0.000000s ]
INFO: [ app_init ] --END-- [ RunTime:0.001000s ]
INFO: [ app_begin ] --START--
INFO: Run Behavior\ReadHtmlCacheBehavior [ RunTime:0.003000s ]
INFO: [ app_begin ] --END-- [ RunTime:0.003000s ]
SQL: SHOW COLUMNS FROM `t_playcity` [ RunTime:0.0040s ]
SQL: SELECT * FROM `t_playcity` WHERE ( f_wechatid='' ) LIMIT 1   [ RunTime:0.0020s ]
SQL: SHOW COLUMNS FROM `t_playcitydetail` [ RunTime:0.0030s ]
ERR: SQLSTATE[42000]: Syntax error or access violation: 1064 You have an error in your SQL syntax; check the manual that corresponds to your MySQL server version for the right syntax to use near 'and  f_hepcid <> 0 ) LIMIT 1' at line 1

[ 2016-01-28T18:05:12+08:00 ] ::1 /wisdom/index.php/Mobileweb/Hbgame/app_game
INFO: [ app_init ] --START--
INFO: Run Behavior\BuildLiteBehavior [ RunTime:0.000000s ]
INFO: [ app_init ] --END-- [ RunTime:0.001000s ]
INFO: [ app_begin ] --START--
INFO: Run Behavior\ReadHtmlCacheBehavior [ RunTime:0.001000s ]
INFO: [ app_begin ] --END-- [ RunTime:0.001000s ]
SQL: SHOW COLUMNS FROM `t_playcity` [ RunTime:0.0040s ]
SQL: SELECT * FROM `t_playcity` WHERE ( f_wechatid='' ) LIMIT 1   [ RunTime:0.0020s ]
SQL: SHOW COLUMNS FROM `t_playcitydetail` [ RunTime:0.0030s ]
ERR: SQLSTATE[42000]: Syntax error or access violation: 1064 You have an error in your SQL syntax; check the manual that corresponds to your MySQL server version for the right syntax to use near 'and  f_hepcid <> 0 ) LIMIT 1' at line 1

[ 2016-01-28T18:06:05+08:00 ] ::1 /wisdom/index.php/Mobileweb/Hbgame/app_game
INFO: [ app_init ] --START--
INFO: Run Behavior\BuildLiteBehavior [ RunTime:0.000000s ]
INFO: [ app_init ] --END-- [ RunTime:0.002000s ]
INFO: [ app_begin ] --START--
INFO: Run Behavior\ReadHtmlCacheBehavior [ RunTime:0.003000s ]
INFO: [ app_begin ] --END-- [ RunTime:0.004000s ]
INFO: [ view_parse ] --START--
INFO: [ template_filter ] --START--
INFO: Run Behavior\ContentReplaceBehavior [ RunTime:0.001000s ]
INFO: [ template_filter ] --END-- [ RunTime:0.002000s ]
NOTIC: [8] Undefined variable: cc D:\wamp\www\wisdom\App\Runtime\Cache\Mobileweb\2a7d19ae778e2f2fdc5e023a198366e5.php 第 229 行.
NOTIC: [8] Undefined variable: data D:\wamp\www\wisdom\App\Runtime\Cache\Mobileweb\2a7d19ae778e2f2fdc5e023a198366e5.php 第 230 行.
NOTIC: [8] Undefined variable: data D:\wamp\www\wisdom\App\Runtime\Cache\Mobileweb\2a7d19ae778e2f2fdc5e023a198366e5.php 第 231 行.
NOTIC: [8] Undefined variable: data D:\wamp\www\wisdom\App\Runtime\Cache\Mobileweb\2a7d19ae778e2f2fdc5e023a198366e5.php 第 232 行.
NOTIC: [8] Undefined variable: data D:\wamp\www\wisdom\App\Runtime\Cache\Mobileweb\2a7d19ae778e2f2fdc5e023a198366e5.php 第 233 行.
NOTIC: [8] Undefined variable: taskinfo D:\wamp\www\wisdom\App\Runtime\Cache\Mobileweb\2a7d19ae778e2f2fdc5e023a198366e5.php 第 263 行.
NOTIC: [8] Undefined variable: taskinfo D:\wamp\www\wisdom\App\Runtime\Cache\Mobileweb\2a7d19ae778e2f2fdc5e023a198366e5.php 第 264 行.
NOTIC: [8] Undefined variable: imgpath D:\wamp\www\wisdom\App\Runtime\Cache\Mobileweb\2a7d19ae778e2f2fdc5e023a198366e5.php 第 265 行.
NOTIC: [8] Undefined variable: userid D:\wamp\www\wisdom\App\Runtime\Cache\Mobileweb\2a7d19ae778e2f2fdc5e023a198366e5.php 第 268 行.
NOTIC: [8] Undefined variable: taskid D:\wamp\www\wisdom\App\Runtime\Cache\Mobileweb\2a7d19ae778e2f2fdc5e023a198366e5.php 第 268 行.
NOTIC: [8] Undefined variable: cc D:\wamp\www\wisdom\App\Runtime\Cache\Mobileweb\2a7d19ae778e2f2fdc5e023a198366e5.php 第 296 行.
NOTIC: [8] Undefined variable: f_wechatid D:\wamp\www\wisdom\App\Runtime\Cache\Mobileweb\2a7d19ae778e2f2fdc5e023a198366e5.php 第 323 行.
NOTIC: [8] Undefined variable: f_wechatnice D:\wamp\www\wisdom\App\Runtime\Cache\Mobileweb\2a7d19ae778e2f2fdc5e023a198366e5.php 第 324 行.
NOTIC: [8] Undefined variable: f_mypcid D:\wamp\www\wisdom\App\Runtime\Cache\Mobileweb\2a7d19ae778e2f2fdc5e023a198366e5.php 第 325 行.
INFO: Run Behavior\ParseTemplateBehavior [ RunTime:0.054003s ]
INFO: [ view_parse ] --END-- [ RunTime:0.055003s ]
INFO: [ view_filter ] --START--
INFO: Run Behavior\WriteHtmlCacheBehavior [ RunTime:0.004000s ]
INFO: [ view_filter ] --END-- [ RunTime:0.005000s ]
INFO: [ app_end ] --START--
INFO: Run Behavior\ShowPageTraceBehavior [ RunTime:0.006001s ]
INFO: [ app_end ] --END-- [ RunTime:0.006001s ]

[ 2016-01-28T18:15:31+08:00 ] ::1 /wisdom/index.php/Mobileweb/Hbgame/app_game
INFO: [ app_init ] --START--
INFO: Run Behavior\BuildLiteBehavior [ RunTime:0.000000s ]
INFO: [ app_init ] --END-- [ RunTime:0.003001s ]
INFO: [ app_begin ] --START--
INFO: Run Behavior\ReadHtmlCacheBehavior [ RunTime:0.002000s ]
INFO: [ app_begin ] --END-- [ RunTime:0.002000s ]
INFO: [ view_parse ] --START--
INFO: [ template_filter ] --START--
INFO: Run Behavior\ContentReplaceBehavior [ RunTime:0.000000s ]
INFO: [ template_filter ] --END-- [ RunTime:0.000000s ]
NOTIC: [8] Undefined variable: cc D:\wamp\www\wisdom\App\Runtime\Cache\Mobileweb\2a7d19ae778e2f2fdc5e023a198366e5.php 第 229 行.
NOTIC: [8] Undefined variable: data D:\wamp\www\wisdom\App\Runtime\Cache\Mobileweb\2a7d19ae778e2f2fdc5e023a198366e5.php 第 230 行.
NOTIC: [8] Undefined variable: data D:\wamp\www\wisdom\App\Runtime\Cache\Mobileweb\2a7d19ae778e2f2fdc5e023a198366e5.php 第 231 行.
NOTIC: [8] Undefined variable: data D:\wamp\www\wisdom\App\Runtime\Cache\Mobileweb\2a7d19ae778e2f2fdc5e023a198366e5.php 第 232 行.
NOTIC: [8] Undefined variable: data D:\wamp\www\wisdom\App\Runtime\Cache\Mobileweb\2a7d19ae778e2f2fdc5e023a198366e5.php 第 233 行.
NOTIC: [8] Undefined variable: taskinfo D:\wamp\www\wisdom\App\Runtime\Cache\Mobileweb\2a7d19ae778e2f2fdc5e023a198366e5.php 第 263 行.
NOTIC: [8] Undefined variable: taskinfo D:\wamp\www\wisdom\App\Runtime\Cache\Mobileweb\2a7d19ae778e2f2fdc5e023a198366e5.php 第 264 行.
NOTIC: [8] Undefined variable: imgpath D:\wamp\www\wisdom\App\Runtime\Cache\Mobileweb\2a7d19ae778e2f2fdc5e023a198366e5.php 第 265 行.
NOTIC: [8] Undefined variable: userid D:\wamp\www\wisdom\App\Runtime\Cache\Mobileweb\2a7d19ae778e2f2fdc5e023a198366e5.php 第 268 行.
NOTIC: [8] Undefined variable: taskid D:\wamp\www\wisdom\App\Runtime\Cache\Mobileweb\2a7d19ae778e2f2fdc5e023a198366e5.php 第 268 行.
NOTIC: [8] Undefined variable: cc D:\wamp\www\wisdom\App\Runtime\Cache\Mobileweb\2a7d19ae778e2f2fdc5e023a198366e5.php 第 299 行.
NOTIC: [8] Undefined variable: f_wechatid D:\wamp\www\wisdom\App\Runtime\Cache\Mobileweb\2a7d19ae778e2f2fdc5e023a198366e5.php 第 326 行.
NOTIC: [8] Undefined variable: f_wechatnice D:\wamp\www\wisdom\App\Runtime\Cache\Mobileweb\2a7d19ae778e2f2fdc5e023a198366e5.php 第 327 行.
NOTIC: [8] Undefined variable: f_mypcid D:\wamp\www\wisdom\App\Runtime\Cache\Mobileweb\2a7d19ae778e2f2fdc5e023a198366e5.php 第 328 行.
INFO: Run Behavior\ParseTemplateBehavior [ RunTime:0.028001s ]
INFO: [ view_parse ] --END-- [ RunTime:0.028001s ]
INFO: [ view_filter ] --START--
INFO: Run Behavior\WriteHtmlCacheBehavior [ RunTime:0.002000s ]
INFO: [ view_filter ] --END-- [ RunTime:0.002000s ]
INFO: [ app_end ] --START--
INFO: Run Behavior\ShowPageTraceBehavior [ RunTime:0.001000s ]
INFO: [ app_end ] --END-- [ RunTime:0.002000s ]

[ 2016-01-28T18:20:09+08:00 ] ::1 /wisdom/index.php/Mobileweb/Hbgame/app_game
INFO: [ app_init ] --START--
INFO: Run Behavior\BuildLiteBehavior [ RunTime:0.000000s ]
INFO: [ app_init ] --END-- [ RunTime:0.001000s ]
INFO: [ app_begin ] --START--
INFO: Run Behavior\ReadHtmlCacheBehavior [ RunTime:0.006000s ]
INFO: [ app_begin ] --END-- [ RunTime:0.006000s ]
INFO: [ view_parse ] --START--
INFO: [ template_filter ] --START--
INFO: Run Behavior\ContentReplaceBehavior [ RunTime:0.000000s ]
INFO: [ template_filter ] --END-- [ RunTime:0.000000s ]
NOTIC: [8] Undefined variable: cc D:\wamp\www\wisdom\App\Runtime\Cache\Mobileweb\2a7d19ae778e2f2fdc5e023a198366e5.php 第 229 行.
NOTIC: [8] Undefined variable: data D:\wamp\www\wisdom\App\Runtime\Cache\Mobileweb\2a7d19ae778e2f2fdc5e023a198366e5.php 第 230 行.
NOTIC: [8] Undefined variable: data D:\wamp\www\wisdom\App\Runtime\Cache\Mobileweb\2a7d19ae778e2f2fdc5e023a198366e5.php 第 231 行.
NOTIC: [8] Undefined variable: data D:\wamp\www\wisdom\App\Runtime\Cache\Mobileweb\2a7d19ae778e2f2fdc5e023a198366e5.php 第 232 行.
NOTIC: [8] Undefined variable: data D:\wamp\www\wisdom\App\Runtime\Cache\Mobileweb\2a7d19ae778e2f2fdc5e023a198366e5.php 第 233 行.
NOTIC: [8] Undefined variable: taskinfo D:\wamp\www\wisdom\App\Runtime\Cache\Mobileweb\2a7d19ae778e2f2fdc5e023a198366e5.php 第 263 行.
NOTIC: [8] Undefined variable: taskinfo D:\wamp\www\wisdom\App\Runtime\Cache\Mobileweb\2a7d19ae778e2f2fdc5e023a198366e5.php 第 264 行.
NOTIC: [8] Undefined variable: imgpath D:\wamp\www\wisdom\App\Runtime\Cache\Mobileweb\2a7d19ae778e2f2fdc5e023a198366e5.php 第 265 行.
NOTIC: [8] Undefined variable: userid D:\wamp\www\wisdom\App\Runtime\Cache\Mobileweb\2a7d19ae778e2f2fdc5e023a198366e5.php 第 268 行.
NOTIC: [8] Undefined variable: taskid D:\wamp\www\wisdom\App\Runtime\Cache\Mobileweb\2a7d19ae778e2f2fdc5e023a198366e5.php 第 268 行.
NOTIC: [8] Undefined variable: cc D:\wamp\www\wisdom\App\Runtime\Cache\Mobileweb\2a7d19ae778e2f2fdc5e023a198366e5.php 第 299 行.
NOTIC: [8] Undefined variable: f_wechatid D:\wamp\www\wisdom\App\Runtime\Cache\Mobileweb\2a7d19ae778e2f2fdc5e023a198366e5.php 第 327 行.
NOTIC: [8] Undefined variable: f_wechatnice D:\wamp\www\wisdom\App\Runtime\Cache\Mobileweb\2a7d19ae778e2f2fdc5e023a198366e5.php 第 328 行.
NOTIC: [8] Undefined variable: f_mypcid D:\wamp\www\wisdom\App\Runtime\Cache\Mobileweb\2a7d19ae778e2f2fdc5e023a198366e5.php 第 329 行.
INFO: Run Behavior\ParseTemplateBehavior [ RunTime:0.016001s ]
INFO: [ view_parse ] --END-- [ RunTime:0.018001s ]
INFO: [ view_filter ] --START--
INFO: Run Behavior\WriteHtmlCacheBehavior [ RunTime:0.004000s ]
INFO: [ view_filter ] --END-- [ RunTime:0.004000s ]
INFO: [ app_end ] --START--
INFO: Run Behavior\ShowPageTraceBehavior [ RunTime:0.002000s ]
INFO: [ app_end ] --END-- [ RunTime:0.002000s ]

[ 2016-01-28T18:23:16+08:00 ] ::1 /wisdom/index.php/Mobileweb/Hbgame/wechat_game
INFO: [ app_init ] --START--
INFO: Run Behavior\BuildLiteBehavior [ RunTime:0.000000s ]
INFO: [ app_init ] --END-- [ RunTime:0.003000s ]
INFO: [ app_begin ] --START--
INFO: Run Behavior\ReadHtmlCacheBehavior [ RunTime:0.002000s ]
INFO: [ app_begin ] --END-- [ RunTime:0.002000s ]
INFO: [ view_parse ] --START--
INFO: [ template_filter ] --START--
INFO: Run Behavior\ContentReplaceBehavior [ RunTime:0.000000s ]
INFO: [ template_filter ] --END-- [ RunTime:0.000000s ]
NOTIC: [8] Undefined variable: cc D:\wamp\www\wisdom\App\Runtime\Cache\Mobileweb\ae48f219b254c3227e3efaf022c6490e.php 第 219 行.
NOTIC: [8] Undefined variable: info D:\wamp\www\wisdom\App\Runtime\Cache\Mobileweb\ae48f219b254c3227e3efaf022c6490e.php 第 265 行.
INFO: Run Behavior\ParseTemplateBehavior [ RunTime:0.026001s ]
INFO: [ view_parse ] --END-- [ RunTime:0.026001s ]
INFO: [ view_filter ] --START--
INFO: Run Behavior\WriteHtmlCacheBehavior [ RunTime:0.001000s ]
INFO: [ view_filter ] --END-- [ RunTime:0.001000s ]
INFO: [ app_end ] --START--
INFO: Run Behavior\ShowPageTraceBehavior [ RunTime:0.001000s ]
INFO: [ app_end ] --END-- [ RunTime:0.002000s ]

[ 2016-01-28T18:34:07+08:00 ] ::1 /wisdom/index.php/Mobileweb/Hbgame/app_game
INFO: [ app_init ] --START--
INFO: Run Behavior\BuildLiteBehavior [ RunTime:0.000000s ]
INFO: [ app_init ] --END-- [ RunTime:0.002000s ]
INFO: [ app_begin ] --START--
INFO: Run Behavior\ReadHtmlCacheBehavior [ RunTime:0.002000s ]
INFO: [ app_begin ] --END-- [ RunTime:0.002000s ]
INFO: [ view_parse ] --START--
INFO: [ template_filter ] --START--
INFO: Run Behavior\ContentReplaceBehavior [ RunTime:0.000000s ]
INFO: [ template_filter ] --END-- [ RunTime:0.000000s ]
NOTIC: [8] Undefined variable: cc D:\wamp\www\wisdom\App\Runtime\Cache\Mobileweb\2a7d19ae778e2f2fdc5e023a198366e5.php 第 247 行.
NOTIC: [8] Undefined variable: data D:\wamp\www\wisdom\App\Runtime\Cache\Mobileweb\2a7d19ae778e2f2fdc5e023a198366e5.php 第 248 行.
NOTIC: [8] Undefined variable: data D:\wamp\www\wisdom\App\Runtime\Cache\Mobileweb\2a7d19ae778e2f2fdc5e023a198366e5.php 第 249 行.
NOTIC: [8] Undefined variable: data D:\wamp\www\wisdom\App\Runtime\Cache\Mobileweb\2a7d19ae778e2f2fdc5e023a198366e5.php 第 250 行.
NOTIC: [8] Undefined variable: data D:\wamp\www\wisdom\App\Runtime\Cache\Mobileweb\2a7d19ae778e2f2fdc5e023a198366e5.php 第 251 行.
NOTIC: [8] Undefined variable: taskinfo D:\wamp\www\wisdom\App\Runtime\Cache\Mobileweb\2a7d19ae778e2f2fdc5e023a198366e5.php 第 281 行.
NOTIC: [8] Undefined variable: taskinfo D:\wamp\www\wisdom\App\Runtime\Cache\Mobileweb\2a7d19ae778e2f2fdc5e023a198366e5.php 第 282 行.
NOTIC: [8] Undefined variable: imgpath D:\wamp\www\wisdom\App\Runtime\Cache\Mobileweb\2a7d19ae778e2f2fdc5e023a198366e5.php 第 283 行.
NOTIC: [8] Undefined variable: userid D:\wamp\www\wisdom\App\Runtime\Cache\Mobileweb\2a7d19ae778e2f2fdc5e023a198366e5.php 第 286 行.
NOTIC: [8] Undefined variable: taskid D:\wamp\www\wisdom\App\Runtime\Cache\Mobileweb\2a7d19ae778e2f2fdc5e023a198366e5.php 第 286 行.
NOTIC: [8] Undefined variable: cc D:\wamp\www\wisdom\App\Runtime\Cache\Mobileweb\2a7d19ae778e2f2fdc5e023a198366e5.php 第 317 行.
NOTIC: [8] Undefined variable: f_wechatid D:\wamp\www\wisdom\App\Runtime\Cache\Mobileweb\2a7d19ae778e2f2fdc5e023a198366e5.php 第 345 行.
NOTIC: [8] Undefined variable: f_wechatnice D:\wamp\www\wisdom\App\Runtime\Cache\Mobileweb\2a7d19ae778e2f2fdc5e023a198366e5.php 第 346 行.
NOTIC: [8] Undefined variable: f_mypcid D:\wamp\www\wisdom\App\Runtime\Cache\Mobileweb\2a7d19ae778e2f2fdc5e023a198366e5.php 第 347 行.
INFO: Run Behavior\ParseTemplateBehavior [ RunTime:0.024001s ]
INFO: [ view_parse ] --END-- [ RunTime:0.024001s ]
INFO: [ view_filter ] --START--
INFO: Run Behavior\WriteHtmlCacheBehavior [ RunTime:0.004000s ]
INFO: [ view_filter ] --END-- [ RunTime:0.004000s ]
INFO: [ app_end ] --START--
INFO: Run Behavior\ShowPageTraceBehavior [ RunTime:0.003001s ]
INFO: [ app_end ] --END-- [ RunTime:0.003001s ]

