[ 2016-01-07T14:34:20+08:00 ] ::1 /wisdom/index.php/Mobileweb/Events/supervise?userid=1&taskid=686
INFO: [ app_init ] --START--
INFO: Run Behavior\BuildLiteBehavior [ RunTime:0.000000s ]
INFO: [ app_init ] --END-- [ RunTime:0.021001s ]
INFO: [ app_begin ] --START--
INFO: Run Behavior\ReadHtmlCacheBehavior [ RunTime:0.011000s ]
INFO: [ app_begin ] --END-- [ RunTime:0.011000s ]
SQL: SHOW COLUMNS FROM `t_tasksuperaddress` [ RunTime:0.0040s ]
SQL: SELECT * FROM `t_tasksuperaddress` LEFT JOIN t_tasksmallinfo ON t_tasksmallinfo.f_taskid = t_tasksuperaddress.f_task_id LEFT JOIN t_task ON t_task.f_tid = t_tasksuperaddress.f_task_id  WHERE ( f_task_id=686 )  [ RunTime:0.0040s ]
SQL: SHOW COLUMNS FROM `t_taskdraw` [ RunTime:0.1800s ]
SQL: SELECT * FROM `t_taskdraw` WHERE `f_taskid` = 686 AND `f_userid` = 1 AND `f_superAddressID` = 16 LIMIT 1   [ RunTime:0.0030s ]
INFO: [ view_parse ] --START--
INFO: [ template_filter ] --START--
INFO: Run Behavior\ContentReplaceBehavior [ RunTime:0.000000s ]
INFO: [ template_filter ] --END-- [ RunTime:0.000000s ]
NOTIC: [8] Undefined variable: webtitle D:\wamp\www\wisdom\App\Runtime\Cache\Mobileweb\63d9c7308df54f0593662f02e9a0837f.php 第 3 行.
INFO: Run Behavior\ParseTemplateBehavior [ RunTime:0.493028s ]
INFO: [ view_parse ] --END-- [ RunTime:0.493028s ]
INFO: [ view_filter ] --START--
INFO: Run Behavior\WriteHtmlCacheBehavior [ RunTime:0.019001s ]
INFO: [ view_filter ] --END-- [ RunTime:0.019001s ]
INFO: [ app_end ] --START--
INFO: Run Behavior\ShowPageTraceBehavior [ RunTime:0.015000s ]
INFO: [ app_end ] --END-- [ RunTime:0.016000s ]

[ 2016-01-07T14:37:22+08:00 ] ::1 /wisdom/index.php/Mobileweb/Events/supervise?userid=1&taskid=686
INFO: [ app_init ] --START--
INFO: Run Behavior\BuildLiteBehavior [ RunTime:0.000000s ]
INFO: [ app_init ] --END-- [ RunTime:0.002000s ]
INFO: [ app_begin ] --START--
INFO: Run Behavior\ReadHtmlCacheBehavior [ RunTime:0.002000s ]
INFO: [ app_begin ] --END-- [ RunTime:0.002000s ]
SQL: SHOW COLUMNS FROM `t_tasksuperaddress` [ RunTime:0.0040s ]
SQL: SELECT * FROM `t_tasksuperaddress` LEFT JOIN t_tasksmallinfo ON t_tasksmallinfo.f_taskid = t_tasksuperaddress.f_task_id LEFT JOIN t_task ON t_task.f_tid = t_tasksuperaddress.f_task_id  WHERE ( f_task_id=686 )  [ RunTime:0.0030s ]
SQL: SHOW COLUMNS FROM `t_taskdraw` [ RunTime:0.0030s ]
SQL: SELECT * FROM `t_taskdraw` WHERE `f_taskid` = 686 AND `f_userid` = 1 AND `f_superAddressID` = 16 LIMIT 1   [ RunTime:0.0030s ]
INFO: [ view_parse ] --START--
INFO: [ template_filter ] --START--
INFO: Run Behavior\ContentReplaceBehavior [ RunTime:0.000000s ]
INFO: [ template_filter ] --END-- [ RunTime:0.001000s ]
NOTIC: [8] Undefined variable: webtitle D:\wamp\www\wisdom\App\Runtime\Cache\Mobileweb\63d9c7308df54f0593662f02e9a0837f.php 第 3 行.
INFO: Run Behavior\ParseTemplateBehavior [ RunTime:0.038002s ]
INFO: [ view_parse ] --END-- [ RunTime:0.038002s ]
INFO: [ view_filter ] --START--
INFO: Run Behavior\WriteHtmlCacheBehavior [ RunTime:0.002001s ]
INFO: [ view_filter ] --END-- [ RunTime:0.003001s ]
INFO: [ app_end ] --START--
INFO: Run Behavior\ShowPageTraceBehavior [ RunTime:0.008000s ]
INFO: [ app_end ] --END-- [ RunTime:0.009000s ]

[ 2016-01-07T14:37:26+08:00 ] ::1 /wisdom/index.php/Mobileweb/Events/supervise?userid=1&taskid=686
INFO: [ app_init ] --START--
INFO: Run Behavior\BuildLiteBehavior [ RunTime:0.000000s ]
INFO: [ app_init ] --END-- [ RunTime:0.001000s ]
INFO: [ app_begin ] --START--
INFO: Run Behavior\ReadHtmlCacheBehavior [ RunTime:0.002000s ]
INFO: [ app_begin ] --END-- [ RunTime:0.002000s ]
SQL: SHOW COLUMNS FROM `t_tasksuperaddress` [ RunTime:0.0050s ]
SQL: SELECT * FROM `t_tasksuperaddress` LEFT JOIN t_tasksmallinfo ON t_tasksmallinfo.f_taskid = t_tasksuperaddress.f_task_id LEFT JOIN t_task ON t_task.f_tid = t_tasksuperaddress.f_task_id  WHERE ( f_task_id=686 )  [ RunTime:0.0040s ]
SQL: SHOW COLUMNS FROM `t_taskdraw` [ RunTime:0.0040s ]
SQL: SELECT * FROM `t_taskdraw` WHERE `f_taskid` = 686 AND `f_userid` = 1 AND `f_superAddressID` = 16 LIMIT 1   [ RunTime:0.0030s ]
INFO: [ view_parse ] --START--
INFO: [ template_filter ] --START--
INFO: Run Behavior\ContentReplaceBehavior [ RunTime:0.001000s ]
INFO: [ template_filter ] --END-- [ RunTime:0.001000s ]
NOTIC: [8] Undefined variable: webtitle D:\wamp\www\wisdom\App\Runtime\Cache\Mobileweb\63d9c7308df54f0593662f02e9a0837f.php 第 3 行.
INFO: Run Behavior\ParseTemplateBehavior [ RunTime:0.059003s ]
INFO: [ view_parse ] --END-- [ RunTime:0.059003s ]
INFO: [ view_filter ] --START--
INFO: Run Behavior\WriteHtmlCacheBehavior [ RunTime:0.001000s ]
INFO: [ view_filter ] --END-- [ RunTime:0.002000s ]
INFO: [ app_end ] --START--
INFO: Run Behavior\ShowPageTraceBehavior [ RunTime:0.008001s ]
INFO: [ app_end ] --END-- [ RunTime:0.009001s ]

[ 2016-01-07T14:40:49+08:00 ] ::1 /wisdom/index.php/Mobileweb/Events/supervise?userid=1&taskid=686
INFO: [ app_init ] --START--
INFO: Run Behavior\BuildLiteBehavior [ RunTime:0.000000s ]
INFO: [ app_init ] --END-- [ RunTime:0.002000s ]
INFO: [ app_begin ] --START--
INFO: Run Behavior\ReadHtmlCacheBehavior [ RunTime:0.001001s ]
INFO: [ app_begin ] --END-- [ RunTime:0.001001s ]
SQL: SHOW COLUMNS FROM `t_tasksuperaddress` [ RunTime:0.0040s ]
SQL: SELECT * FROM `t_tasksuperaddress` LEFT JOIN t_tasksmallinfo ON t_tasksmallinfo.f_taskid = t_tasksuperaddress.f_task_id LEFT JOIN t_task ON t_task.f_tid = t_tasksuperaddress.f_task_id  WHERE ( f_task_id=686 )  [ RunTime:0.0060s ]
SQL: SHOW COLUMNS FROM `t_taskdraw` [ RunTime:0.0030s ]
SQL: SELECT * FROM `t_taskdraw` WHERE `f_taskid` = 686 AND `f_userid` = 1 AND `f_superAddressID` = 16 LIMIT 1   [ RunTime:0.0030s ]
INFO: [ view_parse ] --START--
INFO: [ template_filter ] --START--
INFO: Run Behavior\ContentReplaceBehavior [ RunTime:0.001000s ]
INFO: [ template_filter ] --END-- [ RunTime:0.001000s ]
NOTIC: [8] Undefined variable: webtitle D:\wamp\www\wisdom\App\Runtime\Cache\Mobileweb\63d9c7308df54f0593662f02e9a0837f.php 第 3 行.
INFO: Run Behavior\ParseTemplateBehavior [ RunTime:0.032001s ]
INFO: [ view_parse ] --END-- [ RunTime:0.032001s ]
INFO: [ view_filter ] --START--
INFO: Run Behavior\WriteHtmlCacheBehavior [ RunTime:0.008001s ]
INFO: [ view_filter ] --END-- [ RunTime:0.008001s ]
INFO: [ app_end ] --START--
INFO: Run Behavior\ShowPageTraceBehavior [ RunTime:0.004000s ]
INFO: [ app_end ] --END-- [ RunTime:0.005000s ]

[ 2016-01-07T14:42:23+08:00 ] ::1 /wisdom/index.php/Mobileweb/Events/supervise?userid=1&taskid=686
INFO: [ app_init ] --START--
INFO: Run Behavior\BuildLiteBehavior [ RunTime:0.000000s ]
INFO: [ app_init ] --END-- [ RunTime:0.002000s ]
INFO: [ app_begin ] --START--
INFO: Run Behavior\ReadHtmlCacheBehavior [ RunTime:0.002000s ]
INFO: [ app_begin ] --END-- [ RunTime:0.002000s ]
SQL: SHOW COLUMNS FROM `t_tasksuperaddress` [ RunTime:0.0060s ]
SQL: SELECT * FROM `t_tasksuperaddress` LEFT JOIN t_tasksmallinfo ON t_tasksmallinfo.f_taskid = t_tasksuperaddress.f_task_id LEFT JOIN t_task ON t_task.f_tid = t_tasksuperaddress.f_task_id  WHERE ( f_task_id=686 )  [ RunTime:0.0030s ]
SQL: SHOW COLUMNS FROM `t_taskdraw` [ RunTime:0.0040s ]
SQL: SELECT * FROM `t_taskdraw` WHERE `f_taskid` = 686 AND `f_userid` = 1 AND `f_superAddressID` = 16 LIMIT 1   [ RunTime:0.0040s ]
INFO: [ view_parse ] --START--
INFO: [ template_filter ] --START--
INFO: Run Behavior\ContentReplaceBehavior [ RunTime:0.001000s ]
INFO: [ template_filter ] --END-- [ RunTime:0.001000s ]
NOTIC: [8] Undefined variable: webtitle D:\wamp\www\wisdom\App\Runtime\Cache\Mobileweb\63d9c7308df54f0593662f02e9a0837f.php 第 3 行.
INFO: Run Behavior\ParseTemplateBehavior [ RunTime:0.037002s ]
INFO: [ view_parse ] --END-- [ RunTime:0.038003s ]
INFO: [ view_filter ] --START--
INFO: Run Behavior\WriteHtmlCacheBehavior [ RunTime:0.005000s ]
INFO: [ view_filter ] --END-- [ RunTime:0.005000s ]
INFO: [ app_end ] --START--
INFO: Run Behavior\ShowPageTraceBehavior [ RunTime:0.009000s ]
INFO: [ app_end ] --END-- [ RunTime:0.009000s ]

[ 2016-01-07T14:42:55+08:00 ] ::1 /wisdom/index.php/Mobileweb/Events/supervise?userid=1&taskid=686
INFO: [ app_init ] --START--
INFO: Run Behavior\BuildLiteBehavior [ RunTime:0.000000s ]
INFO: [ app_init ] --END-- [ RunTime:0.002000s ]
INFO: [ app_begin ] --START--
INFO: Run Behavior\ReadHtmlCacheBehavior [ RunTime:0.003000s ]
INFO: [ app_begin ] --END-- [ RunTime:0.004000s ]
SQL: SHOW COLUMNS FROM `t_tasksuperaddress` [ RunTime:0.0040s ]
SQL: SELECT * FROM `t_tasksuperaddress` LEFT JOIN t_tasksmallinfo ON t_tasksmallinfo.f_taskid = t_tasksuperaddress.f_task_id LEFT JOIN t_task ON t_task.f_tid = t_tasksuperaddress.f_task_id  WHERE ( f_task_id=686 )  [ RunTime:0.0040s ]
SQL: SHOW COLUMNS FROM `t_taskdraw` [ RunTime:0.0070s ]
SQL: SELECT * FROM `t_taskdraw` WHERE `f_taskid` = 686 AND `f_userid` = 1 AND `f_superAddressID` = 16 LIMIT 1   [ RunTime:0.0030s ]
INFO: [ view_parse ] --START--
INFO: [ template_filter ] --START--
INFO: Run Behavior\ContentReplaceBehavior [ RunTime:0.000000s ]
INFO: [ template_filter ] --END-- [ RunTime:0.001000s ]
NOTIC: [8] Undefined variable: webtitle D:\wamp\www\wisdom\App\Runtime\Cache\Mobileweb\63d9c7308df54f0593662f02e9a0837f.php 第 3 行.
INFO: Run Behavior\ParseTemplateBehavior [ RunTime:0.045002s ]
INFO: [ view_parse ] --END-- [ RunTime:0.045002s ]
INFO: [ view_filter ] --START--
INFO: Run Behavior\WriteHtmlCacheBehavior [ RunTime:0.004001s ]
INFO: [ view_filter ] --END-- [ RunTime:0.004001s ]
INFO: [ app_end ] --START--
INFO: Run Behavior\ShowPageTraceBehavior [ RunTime:0.026001s ]
INFO: [ app_end ] --END-- [ RunTime:0.027001s ]

[ 2016-01-07T14:49:24+08:00 ] ::1 /wisdom/index.php/Mobileweb/Events/supervise?userid=1&taskid=686
INFO: [ app_init ] --START--
INFO: Run Behavior\BuildLiteBehavior [ RunTime:0.000000s ]
INFO: [ app_init ] --END-- [ RunTime:0.007001s ]
INFO: [ app_begin ] --START--
INFO: Run Behavior\ReadHtmlCacheBehavior [ RunTime:0.002000s ]
INFO: [ app_begin ] --END-- [ RunTime:0.002000s ]
SQL: SHOW COLUMNS FROM `t_tasksuperaddress` [ RunTime:0.0040s ]
SQL: SELECT * FROM `t_tasksuperaddress` LEFT JOIN t_tasksmallinfo ON t_tasksmallinfo.f_taskid = t_tasksuperaddress.f_task_id LEFT JOIN t_task ON t_task.f_tid = t_tasksuperaddress.f_task_id  WHERE ( f_task_id=686 )  [ RunTime:0.0040s ]
SQL: SHOW COLUMNS FROM `t_taskdraw` [ RunTime:0.0040s ]
SQL: SELECT * FROM `t_taskdraw` WHERE `f_taskid` = 686 AND `f_userid` = 1 AND `f_superAddressID` = 16 LIMIT 1   [ RunTime:0.0020s ]
INFO: [ view_parse ] --START--
INFO: [ template_filter ] --START--
INFO: Run Behavior\ContentReplaceBehavior [ RunTime:0.000000s ]
INFO: [ template_filter ] --END-- [ RunTime:0.000000s ]
NOTIC: [8] Undefined variable: webtitle D:\wamp\www\wisdom\App\Runtime\Cache\Mobileweb\63d9c7308df54f0593662f02e9a0837f.php 第 3 行.
INFO: Run Behavior\ParseTemplateBehavior [ RunTime:0.030002s ]
INFO: [ view_parse ] --END-- [ RunTime:0.030002s ]
INFO: [ view_filter ] --START--
INFO: Run Behavior\WriteHtmlCacheBehavior [ RunTime:0.000000s ]
INFO: [ view_filter ] --END-- [ RunTime:0.002000s ]
INFO: [ app_end ] --START--
INFO: Run Behavior\ShowPageTraceBehavior [ RunTime:0.003000s ]
INFO: [ app_end ] --END-- [ RunTime:0.003000s ]

[ 2016-01-07T14:49:56+08:00 ] ::1 /wisdom/index.php/Mobileweb/Events/supervise?userid=1&taskid=686
INFO: [ app_init ] --START--
INFO: Run Behavior\BuildLiteBehavior [ RunTime:0.000000s ]
INFO: [ app_init ] --END-- [ RunTime:0.002000s ]
INFO: [ app_begin ] --START--
INFO: Run Behavior\ReadHtmlCacheBehavior [ RunTime:0.002000s ]
INFO: [ app_begin ] --END-- [ RunTime:0.002000s ]
SQL: SHOW COLUMNS FROM `t_tasksuperaddress` [ RunTime:0.0040s ]
SQL: SELECT * FROM `t_tasksuperaddress` LEFT JOIN t_tasksmallinfo ON t_tasksmallinfo.f_taskid = t_tasksuperaddress.f_task_id LEFT JOIN t_task ON t_task.f_tid = t_tasksuperaddress.f_task_id  WHERE ( f_task_id=686 )  [ RunTime:0.0030s ]
SQL: SHOW COLUMNS FROM `t_taskdraw` [ RunTime:0.0030s ]
SQL: SELECT * FROM `t_taskdraw` WHERE `f_taskid` = 686 AND `f_userid` = 1 AND `f_superAddressID` = 16 LIMIT 1   [ RunTime:0.0030s ]
INFO: [ view_parse ] --START--
INFO: [ template_filter ] --START--
INFO: Run Behavior\ContentReplaceBehavior [ RunTime:0.000000s ]
INFO: [ template_filter ] --END-- [ RunTime:0.001000s ]
NOTIC: [8] Undefined variable: webtitle D:\wamp\www\wisdom\App\Runtime\Cache\Mobileweb\63d9c7308df54f0593662f02e9a0837f.php 第 3 行.
INFO: Run Behavior\ParseTemplateBehavior [ RunTime:0.098005s ]
INFO: [ view_parse ] --END-- [ RunTime:0.099005s ]
INFO: [ view_filter ] --START--
INFO: Run Behavior\WriteHtmlCacheBehavior [ RunTime:0.003000s ]
INFO: [ view_filter ] --END-- [ RunTime:0.003000s ]
INFO: [ app_end ] --START--
INFO: Run Behavior\ShowPageTraceBehavior [ RunTime:0.013000s ]
INFO: [ app_end ] --END-- [ RunTime:0.014001s ]

[ 2016-01-07T14:50:07+08:00 ] ::1 /wisdom/index.php/Mobileweb/Events/supervise?userid=1&taskid=686
INFO: [ app_init ] --START--
INFO: Run Behavior\BuildLiteBehavior [ RunTime:0.000000s ]
INFO: [ app_init ] --END-- [ RunTime:0.001000s ]
INFO: [ app_begin ] --START--
INFO: Run Behavior\ReadHtmlCacheBehavior [ RunTime:0.003000s ]
INFO: [ app_begin ] --END-- [ RunTime:0.003000s ]
SQL: SHOW COLUMNS FROM `t_tasksuperaddress` [ RunTime:0.0040s ]
SQL: SELECT * FROM `t_tasksuperaddress` LEFT JOIN t_tasksmallinfo ON t_tasksmallinfo.f_taskid = t_tasksuperaddress.f_task_id LEFT JOIN t_task ON t_task.f_tid = t_tasksuperaddress.f_task_id  WHERE ( f_task_id=686 )  [ RunTime:0.0040s ]
SQL: SHOW COLUMNS FROM `t_taskdraw` [ RunTime:0.0030s ]
SQL: SELECT * FROM `t_taskdraw` WHERE `f_taskid` = 686 AND `f_userid` = 1 AND `f_superAddressID` = 16 LIMIT 1   [ RunTime:0.0020s ]
INFO: [ view_parse ] --START--
INFO: [ template_filter ] --START--
INFO: Run Behavior\ContentReplaceBehavior [ RunTime:0.001000s ]
INFO: [ template_filter ] --END-- [ RunTime:0.001000s ]
NOTIC: [8] Undefined variable: webtitle D:\wamp\www\wisdom\App\Runtime\Cache\Mobileweb\63d9c7308df54f0593662f02e9a0837f.php 第 3 行.
INFO: Run Behavior\ParseTemplateBehavior [ RunTime:0.041003s ]
INFO: [ view_parse ] --END-- [ RunTime:0.041003s ]
INFO: [ view_filter ] --START--
INFO: Run Behavior\WriteHtmlCacheBehavior [ RunTime:0.006000s ]
INFO: [ view_filter ] --END-- [ RunTime:0.007000s ]
INFO: [ app_end ] --START--
INFO: Run Behavior\ShowPageTraceBehavior [ RunTime:0.017001s ]
INFO: [ app_end ] --END-- [ RunTime:0.018001s ]

[ 2016-01-07T14:54:52+08:00 ] ::1 /wisdom/index.php/Mobileweb/Events/supervise?userid=1&taskid=686
INFO: [ app_init ] --START--
INFO: Run Behavior\BuildLiteBehavior [ RunTime:0.000000s ]
INFO: [ app_init ] --END-- [ RunTime:0.002000s ]
INFO: [ app_begin ] --START--
INFO: Run Behavior\ReadHtmlCacheBehavior [ RunTime:0.006000s ]
INFO: [ app_begin ] --END-- [ RunTime:0.006000s ]
SQL: SHOW COLUMNS FROM `t_tasksuperaddress` [ RunTime:0.0040s ]
SQL: SELECT * FROM `t_tasksuperaddress` LEFT JOIN t_tasksmallinfo ON t_tasksmallinfo.f_taskid = t_tasksuperaddress.f_task_id LEFT JOIN t_task ON t_task.f_tid = t_tasksuperaddress.f_task_id  WHERE ( f_task_id=686 )  [ RunTime:0.0050s ]
SQL: SHOW COLUMNS FROM `t_taskdraw` [ RunTime:0.0030s ]
SQL: SELECT * FROM `t_taskdraw` WHERE `f_taskid` = 686 AND `f_userid` = 1 AND `f_superAddressID` = 16 LIMIT 1   [ RunTime:0.0020s ]
INFO: [ view_parse ] --START--
INFO: [ template_filter ] --START--
INFO: Run Behavior\ContentReplaceBehavior [ RunTime:0.000000s ]
INFO: [ template_filter ] --END-- [ RunTime:0.000000s ]
NOTIC: [8] Undefined variable: webtitle D:\wamp\www\wisdom\App\Runtime\Cache\Mobileweb\63d9c7308df54f0593662f02e9a0837f.php 第 3 行.
INFO: Run Behavior\ParseTemplateBehavior [ RunTime:0.072005s ]
INFO: [ view_parse ] --END-- [ RunTime:0.072005s ]
INFO: [ view_filter ] --START--
INFO: Run Behavior\WriteHtmlCacheBehavior [ RunTime:0.008000s ]
INFO: [ view_filter ] --END-- [ RunTime:0.008000s ]
INFO: [ app_end ] --START--
INFO: Run Behavior\ShowPageTraceBehavior [ RunTime:0.005001s ]
INFO: [ app_end ] --END-- [ RunTime:0.008001s ]

[ 2016-01-07T15:00:19+08:00 ] ::1 /wisdom/index.php/Mobileweb/Events/supervise?userid=1&taskid=686
INFO: [ app_init ] --START--
INFO: Run Behavior\BuildLiteBehavior [ RunTime:0.000000s ]
INFO: [ app_init ] --END-- [ RunTime:0.005000s ]
INFO: [ app_begin ] --START--
INFO: Run Behavior\ReadHtmlCacheBehavior [ RunTime:0.004000s ]
INFO: [ app_begin ] --END-- [ RunTime:0.004000s ]
SQL: SHOW COLUMNS FROM `t_tasksuperaddress` [ RunTime:0.0040s ]
SQL: SELECT * FROM `t_tasksuperaddress` LEFT JOIN t_tasksmallinfo ON t_tasksmallinfo.f_taskid = t_tasksuperaddress.f_task_id LEFT JOIN t_task ON t_task.f_tid = t_tasksuperaddress.f_task_id  WHERE ( f_task_id=686 )  [ RunTime:0.0040s ]
SQL: SHOW COLUMNS FROM `t_taskdraw` [ RunTime:0.0040s ]
SQL: SELECT * FROM `t_taskdraw` WHERE `f_taskid` = 686 AND `f_userid` = 1 AND `f_superAddressID` = 16 LIMIT 1   [ RunTime:0.0020s ]
INFO: [ view_parse ] --START--
INFO: [ template_filter ] --START--
INFO: Run Behavior\ContentReplaceBehavior [ RunTime:0.001000s ]
INFO: [ template_filter ] --END-- [ RunTime:0.001000s ]
NOTIC: [8] Undefined variable: webtitle D:\wamp\www\wisdom\App\Runtime\Cache\Mobileweb\63d9c7308df54f0593662f02e9a0837f.php 第 3 行.
INFO: Run Behavior\ParseTemplateBehavior [ RunTime:0.063004s ]
INFO: [ view_parse ] --END-- [ RunTime:0.065004s ]
INFO: [ view_filter ] --START--
INFO: Run Behavior\WriteHtmlCacheBehavior [ RunTime:0.007000s ]
INFO: [ view_filter ] --END-- [ RunTime:0.008000s ]
INFO: [ app_end ] --START--
INFO: Run Behavior\ShowPageTraceBehavior [ RunTime:0.004000s ]
INFO: [ app_end ] --END-- [ RunTime:0.004000s ]

[ 2016-01-07T15:00:59+08:00 ] ::1 /wisdom/index.php/Mobileweb/Events/supervise?userid=1&taskid=686
INFO: [ app_init ] --START--
INFO: Run Behavior\BuildLiteBehavior [ RunTime:0.000000s ]
INFO: [ app_init ] --END-- [ RunTime:0.001000s ]
INFO: [ app_begin ] --START--
INFO: Run Behavior\ReadHtmlCacheBehavior [ RunTime:0.002000s ]
INFO: [ app_begin ] --END-- [ RunTime:0.002000s ]
SQL: SHOW COLUMNS FROM `t_tasksuperaddress` [ RunTime:0.0050s ]
SQL: SELECT * FROM `t_tasksuperaddress` LEFT JOIN t_tasksmallinfo ON t_tasksmallinfo.f_taskid = t_tasksuperaddress.f_task_id LEFT JOIN t_task ON t_task.f_tid = t_tasksuperaddress.f_task_id  WHERE ( f_task_id=686 )  [ RunTime:0.0030s ]
SQL: SHOW COLUMNS FROM `t_taskdraw` [ RunTime:0.0040s ]
SQL: SELECT * FROM `t_taskdraw` WHERE `f_taskid` = 686 AND `f_userid` = 1 AND `f_superAddressID` = 16 LIMIT 1   [ RunTime:0.0080s ]
INFO: [ view_parse ] --START--
INFO: [ template_filter ] --START--
INFO: Run Behavior\ContentReplaceBehavior [ RunTime:0.001000s ]
INFO: [ template_filter ] --END-- [ RunTime:0.001000s ]
NOTIC: [8] Undefined variable: webtitle D:\wamp\www\wisdom\App\Runtime\Cache\Mobileweb\63d9c7308df54f0593662f02e9a0837f.php 第 3 行.
INFO: Run Behavior\ParseTemplateBehavior [ RunTime:0.057004s ]
INFO: [ view_parse ] --END-- [ RunTime:0.058004s ]
INFO: [ view_filter ] --START--
INFO: Run Behavior\WriteHtmlCacheBehavior [ RunTime:0.005000s ]
INFO: [ view_filter ] --END-- [ RunTime:0.005000s ]
INFO: [ app_end ] --START--
INFO: Run Behavior\ShowPageTraceBehavior [ RunTime:0.005000s ]
INFO: [ app_end ] --END-- [ RunTime:0.005000s ]

[ 2016-01-07T15:01:44+08:00 ] ::1 /wisdom/index.php/Mobileweb/Events/supervise?userid=1&taskid=686
INFO: [ app_init ] --START--
INFO: Run Behavior\BuildLiteBehavior [ RunTime:0.000000s ]
INFO: [ app_init ] --END-- [ RunTime:0.002000s ]
INFO: [ app_begin ] --START--
INFO: Run Behavior\ReadHtmlCacheBehavior [ RunTime:0.002001s ]
INFO: [ app_begin ] --END-- [ RunTime:0.002001s ]
SQL: SHOW COLUMNS FROM `t_tasksuperaddress` [ RunTime:0.0330s ]
SQL: SELECT * FROM `t_tasksuperaddress` LEFT JOIN t_tasksmallinfo ON t_tasksmallinfo.f_taskid = t_tasksuperaddress.f_task_id LEFT JOIN t_task ON t_task.f_tid = t_tasksuperaddress.f_task_id  WHERE ( f_task_id=686 )  [ RunTime:0.0030s ]
SQL: SHOW COLUMNS FROM `t_taskdraw` [ RunTime:0.0040s ]
SQL: SELECT * FROM `t_taskdraw` WHERE `f_taskid` = 686 AND `f_userid` = 1 AND `f_superAddressID` = 16 LIMIT 1   [ RunTime:0.0020s ]
INFO: [ view_parse ] --START--
INFO: [ template_filter ] --START--
INFO: Run Behavior\ContentReplaceBehavior [ RunTime:0.001000s ]
INFO: [ template_filter ] --END-- [ RunTime:0.001000s ]
NOTIC: [8] Undefined variable: webtitle D:\wamp\www\wisdom\App\Runtime\Cache\Mobileweb\63d9c7308df54f0593662f02e9a0837f.php 第 3 行.
INFO: Run Behavior\ParseTemplateBehavior [ RunTime:0.030002s ]
INFO: [ view_parse ] --END-- [ RunTime:0.032002s ]
INFO: [ view_filter ] --START--
INFO: Run Behavior\WriteHtmlCacheBehavior [ RunTime:0.006000s ]
INFO: [ view_filter ] --END-- [ RunTime:0.006000s ]
INFO: [ app_end ] --START--
INFO: Run Behavior\ShowPageTraceBehavior [ RunTime:0.005000s ]
INFO: [ app_end ] --END-- [ RunTime:0.005000s ]

[ 2016-01-07T15:02:10+08:00 ] ::1 /wisdom/index.php/Mobileweb/Events/supervise?userid=1&taskid=686
INFO: [ app_init ] --START--
INFO: Run Behavior\BuildLiteBehavior [ RunTime:0.000000s ]
INFO: [ app_init ] --END-- [ RunTime:0.002001s ]
INFO: [ app_begin ] --START--
INFO: Run Behavior\ReadHtmlCacheBehavior [ RunTime:0.001000s ]
INFO: [ app_begin ] --END-- [ RunTime:0.001000s ]
SQL: SHOW COLUMNS FROM `t_tasksuperaddress` [ RunTime:0.0030s ]
SQL: SELECT * FROM `t_tasksuperaddress` LEFT JOIN t_tasksmallinfo ON t_tasksmallinfo.f_taskid = t_tasksuperaddress.f_task_id LEFT JOIN t_task ON t_task.f_tid = t_tasksuperaddress.f_task_id  WHERE ( f_task_id=686 )  [ RunTime:0.0030s ]
SQL: SHOW COLUMNS FROM `t_taskdraw` [ RunTime:0.0030s ]
SQL: SELECT * FROM `t_taskdraw` WHERE `f_taskid` = 686 AND `f_userid` = 1 AND `f_superAddressID` = 16 LIMIT 1   [ RunTime:0.0030s ]
INFO: [ view_parse ] --START--
INFO: [ template_filter ] --START--
INFO: Run Behavior\ContentReplaceBehavior [ RunTime:0.000000s ]
INFO: [ template_filter ] --END-- [ RunTime:0.000000s ]
NOTIC: [8] Undefined variable: webtitle D:\wamp\www\wisdom\App\Runtime\Cache\Mobileweb\63d9c7308df54f0593662f02e9a0837f.php 第 3 行.
INFO: Run Behavior\ParseTemplateBehavior [ RunTime:0.028002s ]
INFO: [ view_parse ] --END-- [ RunTime:0.028002s ]
INFO: [ view_filter ] --START--
INFO: Run Behavior\WriteHtmlCacheBehavior [ RunTime:0.005000s ]
INFO: [ view_filter ] --END-- [ RunTime:0.005000s ]
INFO: [ app_end ] --START--
INFO: Run Behavior\ShowPageTraceBehavior [ RunTime:0.005001s ]
INFO: [ app_end ] --END-- [ RunTime:0.006001s ]

[ 2016-01-07T15:03:20+08:00 ] ::1 /wisdom/index.php/Mobileweb/Events/supervise?userid=1&taskid=686
INFO: [ app_init ] --START--
INFO: Run Behavior\BuildLiteBehavior [ RunTime:0.000000s ]
INFO: [ app_init ] --END-- [ RunTime:0.001000s ]
INFO: [ app_begin ] --START--
INFO: Run Behavior\ReadHtmlCacheBehavior [ RunTime:0.001000s ]
INFO: [ app_begin ] --END-- [ RunTime:0.001000s ]
SQL: SHOW COLUMNS FROM `t_tasksuperaddress` [ RunTime:0.0030s ]
SQL: SELECT * FROM `t_tasksuperaddress` LEFT JOIN t_tasksmallinfo ON t_tasksmallinfo.f_taskid = t_tasksuperaddress.f_task_id LEFT JOIN t_task ON t_task.f_tid = t_tasksuperaddress.f_task_id  WHERE ( f_task_id=686 )  [ RunTime:0.0040s ]
SQL: SHOW COLUMNS FROM `t_taskdraw` [ RunTime:0.0040s ]
SQL: SELECT * FROM `t_taskdraw` WHERE `f_taskid` = 686 AND `f_userid` = 1 AND `f_superAddressID` = 16 LIMIT 1   [ RunTime:0.0020s ]
INFO: [ view_parse ] --START--
INFO: [ template_filter ] --START--
INFO: Run Behavior\ContentReplaceBehavior [ RunTime:0.001000s ]
INFO: [ template_filter ] --END-- [ RunTime:0.001000s ]
NOTIC: [8] Undefined variable: webtitle D:\wamp\www\wisdom\App\Runtime\Cache\Mobileweb\63d9c7308df54f0593662f02e9a0837f.php 第 3 行.
INFO: Run Behavior\ParseTemplateBehavior [ RunTime:0.060004s ]
INFO: [ view_parse ] --END-- [ RunTime:0.060004s ]
INFO: [ view_filter ] --START--
INFO: Run Behavior\WriteHtmlCacheBehavior [ RunTime:0.002000s ]
INFO: [ view_filter ] --END-- [ RunTime:0.003000s ]
INFO: [ app_end ] --START--
INFO: Run Behavior\ShowPageTraceBehavior [ RunTime:0.005000s ]
INFO: [ app_end ] --END-- [ RunTime:0.006000s ]

[ 2016-01-07T15:04:24+08:00 ] ::1 /wisdom/index.php/Mobileweb/Events/superviseCheck?userid=1&taskid=686&netserial=1&superid=16&longitude=&latitude=
INFO: [ app_init ] --START--
INFO: Run Behavior\BuildLiteBehavior [ RunTime:0.000000s ]
INFO: [ app_init ] --END-- [ RunTime:0.003000s ]
INFO: [ app_begin ] --START--
INFO: Run Behavior\ReadHtmlCacheBehavior [ RunTime:0.006000s ]
INFO: [ app_begin ] --END-- [ RunTime:0.007000s ]
SQL: SHOW COLUMNS FROM `t_taskdraw` [ RunTime:0.0040s ]
SQL: SELECT * FROM `t_taskdraw` WHERE `f_taskid` = 686 AND `f_userid` = 1 LIMIT 1   [ RunTime:0.0030s ]
SQL: SHOW COLUMNS FROM `t_surveytaskdetail` [ RunTime:0.0060s ]
SQL: SELECT * FROM `t_surveytaskdetail` LEFT JOIN t_task ON t_task.f_tid = t_surveytaskdetail.f_taskid  WHERE ( f_taskid=686 )  [ RunTime:0.0040s ]
INFO: [ view_parse ] --START--
INFO: [ template_filter ] --START--
INFO: Run Behavior\ContentReplaceBehavior [ RunTime:0.004000s ]
INFO: [ template_filter ] --END-- [ RunTime:0.005000s ]
NOTIC: [8] Undefined variable: webtitle D:\wamp\www\wisdom\App\Runtime\Cache\Mobileweb\0a7d96152cf50f6f0651097a8c9bda46.php 第 3 行.
INFO: Run Behavior\ParseTemplateBehavior [ RunTime:0.066004s ]
INFO: [ view_parse ] --END-- [ RunTime:0.066004s ]
INFO: [ view_filter ] --START--
INFO: Run Behavior\WriteHtmlCacheBehavior [ RunTime:0.002000s ]
INFO: [ view_filter ] --END-- [ RunTime:0.003000s ]
INFO: [ app_end ] --START--
INFO: Run Behavior\ShowPageTraceBehavior [ RunTime:0.019001s ]
INFO: [ app_end ] --END-- [ RunTime:0.019001s ]

[ 2016-01-07T15:04:30+08:00 ] ::1 /wisdom/index.php/Mobileweb/Events/superviseNext
INFO: [ app_init ] --START--
INFO: Run Behavior\BuildLiteBehavior [ RunTime:0.001000s ]
INFO: [ app_init ] --END-- [ RunTime:0.002000s ]
INFO: [ app_begin ] --START--
INFO: Run Behavior\ReadHtmlCacheBehavior [ RunTime:0.002000s ]
INFO: [ app_begin ] --END-- [ RunTime:0.002000s ]
SQL: SHOW COLUMNS FROM `t_surveyuserchoices` [ RunTime:0.0030s ]
SQL: SELECT * FROM `t_surveyuserchoices` WHERE `f_taskid` = '686' AND `f_userid` = 1 AND `f_serial` = 1 AND `f_netserial` = 1 LIMIT 1   [ RunTime:0.0040s ]
SQL: UPDATE `t_surveyuserchoices` SET `f_answer`='0',`f_ctime`='1452150270' WHERE `f_taskid` = '686' AND `f_userid` = 1 AND `f_serial` = 1 AND `f_netserial` = 1 [ RunTime:0.0040s ]
INFO: [ app_end ] --START--
INFO: Run Behavior\ShowPageTraceBehavior [ RunTime:0.001000s ]
INFO: [ app_end ] --END-- [ RunTime:0.002000s ]

[ 2016-01-07T15:04:31+08:00 ] ::1 /wisdom/index.php/Mobileweb/Events/superviseNext
INFO: [ app_init ] --START--
INFO: Run Behavior\BuildLiteBehavior [ RunTime:0.000000s ]
INFO: [ app_init ] --END-- [ RunTime:0.001001s ]
INFO: [ app_begin ] --START--
INFO: Run Behavior\ReadHtmlCacheBehavior [ RunTime:0.033002s ]
INFO: [ app_begin ] --END-- [ RunTime:0.034002s ]
SQL: SHOW COLUMNS FROM `t_surveyuserchoices` [ RunTime:0.0040s ]
SQL: SELECT * FROM `t_surveyuserchoices` WHERE `f_taskid` = '686' AND `f_userid` = 1 AND `f_serial` = 2 AND `f_netserial` = 1 LIMIT 1   [ RunTime:0.0040s ]
SQL: UPDATE `t_surveyuserchoices` SET `f_answer`='',`f_ctime`='1452150271' WHERE `f_taskid` = '686' AND `f_userid` = 1 AND `f_serial` = 2 AND `f_netserial` = 1 [ RunTime:0.0040s ]
INFO: [ app_end ] --START--
INFO: Run Behavior\ShowPageTraceBehavior [ RunTime:0.001000s ]
INFO: [ app_end ] --END-- [ RunTime:0.002000s ]

[ 2016-01-07T15:04:33+08:00 ] ::1 /wisdom/index.php/Mobileweb/Events/superviseNext
INFO: [ app_init ] --START--
INFO: Run Behavior\BuildLiteBehavior [ RunTime:0.000000s ]
INFO: [ app_init ] --END-- [ RunTime:0.005000s ]
INFO: [ app_begin ] --START--
INFO: Run Behavior\ReadHtmlCacheBehavior [ RunTime:0.007001s ]
INFO: [ app_begin ] --END-- [ RunTime:0.007001s ]
SQL: SHOW COLUMNS FROM `t_surveyuserchoices` [ RunTime:0.0050s ]
SQL: SELECT * FROM `t_surveyuserchoices` WHERE `f_taskid` = '686' AND `f_userid` = 1 AND `f_serial` = 3 AND `f_netserial` = 1 LIMIT 1   [ RunTime:0.0100s ]
SQL: UPDATE `t_surveyuserchoices` SET `f_answer`='0',`f_ctime`='1452150273' WHERE `f_taskid` = '686' AND `f_userid` = 1 AND `f_serial` = 3 AND `f_netserial` = 1 [ RunTime:0.0190s ]
INFO: [ app_end ] --START--
INFO: Run Behavior\ShowPageTraceBehavior [ RunTime:0.002000s ]
INFO: [ app_end ] --END-- [ RunTime:0.002000s ]

[ 2016-01-07T15:04:38+08:00 ] ::1 /wisdom/index.php/Mobileweb/Events/superviseNext
INFO: [ app_init ] --START--
INFO: Run Behavior\BuildLiteBehavior [ RunTime:0.000000s ]
INFO: [ app_init ] --END-- [ RunTime:0.002000s ]
INFO: [ app_begin ] --START--
INFO: Run Behavior\ReadHtmlCacheBehavior [ RunTime:0.001000s ]
INFO: [ app_begin ] --END-- [ RunTime:0.002000s ]
SQL: SHOW COLUMNS FROM `t_surveyuserchoices` [ RunTime:0.0040s ]
SQL: SELECT * FROM `t_surveyuserchoices` WHERE `f_taskid` = '686' AND `f_userid` = 1 AND `f_serial` = 4 AND `f_netserial` = 1 LIMIT 1   [ RunTime:0.0040s ]
SQL: UPDATE `t_surveyuserchoices` SET `f_answer`='',`f_ctime`='1452150278' WHERE `f_taskid` = '686' AND `f_userid` = 1 AND `f_serial` = 4 AND `f_netserial` = 1 [ RunTime:0.0040s ]
INFO: [ app_end ] --START--
INFO: Run Behavior\ShowPageTraceBehavior [ RunTime:0.001000s ]
INFO: [ app_end ] --END-- [ RunTime:0.001000s ]

[ 2016-01-07T15:04:41+08:00 ] ::1 /wisdom/index.php/Mobileweb/Events/supervise?userid=1&taskid=686&lng=&lat=
INFO: [ app_init ] --START--
INFO: Run Behavior\BuildLiteBehavior [ RunTime:0.000000s ]
INFO: [ app_init ] --END-- [ RunTime:0.002000s ]
INFO: [ app_begin ] --START--
INFO: Run Behavior\ReadHtmlCacheBehavior [ RunTime:0.002000s ]
INFO: [ app_begin ] --END-- [ RunTime:0.002000s ]
SQL: SHOW COLUMNS FROM `t_tasksuperaddress` [ RunTime:0.0050s ]
SQL: SELECT * FROM `t_tasksuperaddress` LEFT JOIN t_tasksmallinfo ON t_tasksmallinfo.f_taskid = t_tasksuperaddress.f_task_id LEFT JOIN t_task ON t_task.f_tid = t_tasksuperaddress.f_task_id  WHERE ( f_task_id=686 )  [ RunTime:0.0090s ]
SQL: SHOW COLUMNS FROM `t_taskdraw` [ RunTime:0.0050s ]
SQL: SELECT * FROM `t_taskdraw` WHERE `f_taskid` = 686 AND `f_userid` = 1 AND `f_superAddressID` = 16 LIMIT 1   [ RunTime:0.0070s ]
INFO: [ view_parse ] --START--
INFO: [ template_filter ] --START--
INFO: Run Behavior\ContentReplaceBehavior [ RunTime:0.000000s ]
INFO: [ template_filter ] --END-- [ RunTime:0.000000s ]
NOTIC: [8] Undefined variable: webtitle D:\wamp\www\wisdom\App\Runtime\Cache\Mobileweb\63d9c7308df54f0593662f02e9a0837f.php 第 3 行.
INFO: Run Behavior\ParseTemplateBehavior [ RunTime:0.050003s ]
INFO: [ view_parse ] --END-- [ RunTime:0.050003s ]
INFO: [ view_filter ] --START--
INFO: Run Behavior\WriteHtmlCacheBehavior [ RunTime:0.002000s ]
INFO: [ view_filter ] --END-- [ RunTime:0.002000s ]
INFO: [ app_end ] --START--
INFO: Run Behavior\ShowPageTraceBehavior [ RunTime:0.009001s ]
INFO: [ app_end ] --END-- [ RunTime:0.011001s ]

