[ 2015-09-15T09:46:45+08:00 ] ::1 /wisdom/index.php/Admin/Index
INFO: [ app_init ] --START--
INFO: Run Behavior\BuildLiteBehavior [ RunTime:0.000000s ]
INFO: [ app_init ] --END-- [ RunTime:0.000000s ]
INFO: [ app_begin ] --START--
INFO: Run Behavior\ReadHtmlCacheBehavior [ RunTime:0.002000s ]
INFO: [ app_begin ] --END-- [ RunTime:0.002000s ]
ERR: 模板不存在:./App/Admin/View/Black/Index/index.html

[ 2015-09-15T10:32:17+08:00 ] 127.0.0.1 /wisdom/index.php/Admin/Group/index
INFO: [ app_init ] --START--
INFO: Run Behavior\BuildLiteBehavior [ RunTime:0.000000s ]
INFO: [ app_init ] --END-- [ RunTime:0.001000s ]
INFO: [ app_begin ] --START--
INFO: Run Behavior\ReadHtmlCacheBehavior [ RunTime:0.001000s ]
INFO: [ app_begin ] --END-- [ RunTime:0.001000s ]
INFO: [ view_parse ] --START--
INFO: [ template_filter ] --START--
INFO: Run Behavior\ContentReplaceBehavior [ RunTime:0.000000s ]
INFO: [ template_filter ] --END-- [ RunTime:0.000000s ]
INFO: Run Behavior\ParseTemplateBehavior [ RunTime:0.024001s ]
INFO: [ view_parse ] --END-- [ RunTime:0.025001s ]
INFO: [ view_filter ] --START--
INFO: Run Behavior\WriteHtmlCacheBehavior [ RunTime:0.000000s ]
INFO: [ view_filter ] --END-- [ RunTime:0.000000s ]
INFO: [ app_end ] --START--
INFO: Run Behavior\ShowPageTraceBehavior [ RunTime:0.000000s ]
INFO: [ app_end ] --END-- [ RunTime:0.000000s ]

[ 2015-09-15T10:32:51+08:00 ] 127.0.0.1 /wisdom/index.php/Admin/Group/index
INFO: [ app_init ] --START--
INFO: Run Behavior\BuildLiteBehavior [ RunTime:0.000000s ]
INFO: [ app_init ] --END-- [ RunTime:0.001000s ]
INFO: [ app_begin ] --START--
INFO: Run Behavior\ReadHtmlCacheBehavior [ RunTime:0.001000s ]
INFO: [ app_begin ] --END-- [ RunTime:0.001000s ]
INFO: [ view_parse ] --START--
INFO: [ template_filter ] --START--
INFO: Run Behavior\ContentReplaceBehavior [ RunTime:0.000000s ]
INFO: [ template_filter ] --END-- [ RunTime:0.000000s ]
NOTIC: [8] Use of undefined constant departId - assumed 'departId' D:\wamp\www\wisdom\App\Runtime\Cache\Admin\5c930ed5983955faddef17bf18733928.php 第 198 行.
NOTIC: [8] Use of undefined constant departId - assumed 'departId' D:\wamp\www\wisdom\App\Runtime\Cache\Admin\5c930ed5983955faddef17bf18733928.php 第 198 行.
NOTIC: [8] Use of undefined constant departId - assumed 'departId' D:\wamp\www\wisdom\App\Runtime\Cache\Admin\5c930ed5983955faddef17bf18733928.php 第 198 行.
NOTIC: [8] Use of undefined constant departId - assumed 'departId' D:\wamp\www\wisdom\App\Runtime\Cache\Admin\5c930ed5983955faddef17bf18733928.php 第 198 行.
NOTIC: [8] Use of undefined constant departId - assumed 'departId' D:\wamp\www\wisdom\App\Runtime\Cache\Admin\5c930ed5983955faddef17bf18733928.php 第 198 行.
NOTIC: [8] Use of undefined constant departId - assumed 'departId' D:\wamp\www\wisdom\App\Runtime\Cache\Admin\5c930ed5983955faddef17bf18733928.php 第 198 行.
NOTIC: [8] Use of undefined constant departId - assumed 'departId' D:\wamp\www\wisdom\App\Runtime\Cache\Admin\5c930ed5983955faddef17bf18733928.php 第 198 行.
NOTIC: [8] Use of undefined constant departId - assumed 'departId' D:\wamp\www\wisdom\App\Runtime\Cache\Admin\5c930ed5983955faddef17bf18733928.php 第 198 行.
NOTIC: [8] Use of undefined constant departId - assumed 'departId' D:\wamp\www\wisdom\App\Runtime\Cache\Admin\5c930ed5983955faddef17bf18733928.php 第 198 行.
NOTIC: [8] Use of undefined constant departId - assumed 'departId' D:\wamp\www\wisdom\App\Runtime\Cache\Admin\5c930ed5983955faddef17bf18733928.php 第 198 行.
NOTIC: [8] Use of undefined constant departId - assumed 'departId' D:\wamp\www\wisdom\App\Runtime\Cache\Admin\5c930ed5983955faddef17bf18733928.php 第 198 行.
NOTIC: [8] Use of undefined constant departId - assumed 'departId' D:\wamp\www\wisdom\App\Runtime\Cache\Admin\5c930ed5983955faddef17bf18733928.php 第 198 行.
NOTIC: [8] Use of undefined constant isOmsUser - assumed 'isOmsUser' D:\wamp\www\wisdom\App\Runtime\Cache\Admin\5c930ed5983955faddef17bf18733928.php 第 203 行.
NOTIC: [8] Use of undefined constant departId - assumed 'departId' D:\wamp\www\wisdom\App\Runtime\Cache\Admin\5c930ed5983955faddef17bf18733928.php 第 198 行.
NOTIC: [8] Use of undefined constant departId - assumed 'departId' D:\wamp\www\wisdom\App\Runtime\Cache\Admin\5c930ed5983955faddef17bf18733928.php 第 198 行.
NOTIC: [8] Use of undefined constant departId - assumed 'departId' D:\wamp\www\wisdom\App\Runtime\Cache\Admin\5c930ed5983955faddef17bf18733928.php 第 198 行.
NOTIC: [8] Use of undefined constant departId - assumed 'departId' D:\wamp\www\wisdom\App\Runtime\Cache\Admin\5c930ed5983955faddef17bf18733928.php 第 198 行.
NOTIC: [8] Use of undefined constant departId - assumed 'departId' D:\wamp\www\wisdom\App\Runtime\Cache\Admin\5c930ed5983955faddef17bf18733928.php 第 198 行.
NOTIC: [8] Use of undefined constant departId - assumed 'departId' D:\wamp\www\wisdom\App\Runtime\Cache\Admin\5c930ed5983955faddef17bf18733928.php 第 198 行.
NOTIC: [8] Use of undefined constant departId - assumed 'departId' D:\wamp\www\wisdom\App\Runtime\Cache\Admin\5c930ed5983955faddef17bf18733928.php 第 198 行.
NOTIC: [8] Use of undefined constant departId - assumed 'departId' D:\wamp\www\wisdom\App\Runtime\Cache\Admin\5c930ed5983955faddef17bf18733928.php 第 198 行.
NOTIC: [8] Use of undefined constant departId - assumed 'departId' D:\wamp\www\wisdom\App\Runtime\Cache\Admin\5c930ed5983955faddef17bf18733928.php 第 198 行.
NOTIC: [8] Use of undefined constant departId - assumed 'departId' D:\wamp\www\wisdom\App\Runtime\Cache\Admin\5c930ed5983955faddef17bf18733928.php 第 198 行.
NOTIC: [8] Use of undefined constant departId - assumed 'departId' D:\wamp\www\wisdom\App\Runtime\Cache\Admin\5c930ed5983955faddef17bf18733928.php 第 198 行.
NOTIC: [8] Use of undefined constant departId - assumed 'departId' D:\wamp\www\wisdom\App\Runtime\Cache\Admin\5c930ed5983955faddef17bf18733928.php 第 198 行.
NOTIC: [8] Use of undefined constant isOmsUser - assumed 'isOmsUser' D:\wamp\www\wisdom\App\Runtime\Cache\Admin\5c930ed5983955faddef17bf18733928.php 第 203 行.
NOTIC: [8] Use of undefined constant departId - assumed 'departId' D:\wamp\www\wisdom\App\Runtime\Cache\Admin\5c930ed5983955faddef17bf18733928.php 第 198 行.
NOTIC: [8] Use of undefined constant departId - assumed 'departId' D:\wamp\www\wisdom\App\Runtime\Cache\Admin\5c930ed5983955faddef17bf18733928.php 第 198 行.
NOTIC: [8] Use of undefined constant departId - assumed 'departId' D:\wamp\www\wisdom\App\Runtime\Cache\Admin\5c930ed5983955faddef17bf18733928.php 第 198 行.
NOTIC: [8] Use of undefined constant departId - assumed 'departId' D:\wamp\www\wisdom\App\Runtime\Cache\Admin\5c930ed5983955faddef17bf18733928.php 第 198 行.
NOTIC: [8] Use of undefined constant departId - assumed 'departId' D:\wamp\www\wisdom\App\Runtime\Cache\Admin\5c930ed5983955faddef17bf18733928.php 第 198 行.
NOTIC: [8] Use of undefined constant departId - assumed 'departId' D:\wamp\www\wisdom\App\Runtime\Cache\Admin\5c930ed5983955faddef17bf18733928.php 第 198 行.
NOTIC: [8] Use of undefined constant departId - assumed 'departId' D:\wamp\www\wisdom\App\Runtime\Cache\Admin\5c930ed5983955faddef17bf18733928.php 第 198 行.
NOTIC: [8] Use of undefined constant departId - assumed 'departId' D:\wamp\www\wisdom\App\Runtime\Cache\Admin\5c930ed5983955faddef17bf18733928.php 第 198 行.
NOTIC: [8] Use of undefined constant departId - assumed 'departId' D:\wamp\www\wisdom\App\Runtime\Cache\Admin\5c930ed5983955faddef17bf18733928.php 第 198 行.
NOTIC: [8] Use of undefined constant departId - assumed 'departId' D:\wamp\www\wisdom\App\Runtime\Cache\Admin\5c930ed5983955faddef17bf18733928.php 第 198 行.
NOTIC: [8] Use of undefined constant departId - assumed 'departId' D:\wamp\www\wisdom\App\Runtime\Cache\Admin\5c930ed5983955faddef17bf18733928.php 第 198 行.
NOTIC: [8] Use of undefined constant departId - assumed 'departId' D:\wamp\www\wisdom\App\Runtime\Cache\Admin\5c930ed5983955faddef17bf18733928.php 第 198 行.
NOTIC: [8] Use of undefined constant isOmsUser - assumed 'isOmsUser' D:\wamp\www\wisdom\App\Runtime\Cache\Admin\5c930ed5983955faddef17bf18733928.php 第 203 行.
NOTIC: [8] Use of undefined constant departId - assumed 'departId' D:\wamp\www\wisdom\App\Runtime\Cache\Admin\5c930ed5983955faddef17bf18733928.php 第 198 行.
NOTIC: [8] Use of undefined constant departId - assumed 'departId' D:\wamp\www\wisdom\App\Runtime\Cache\Admin\5c930ed5983955faddef17bf18733928.php 第 198 行.
NOTIC: [8] Use of undefined constant departId - assumed 'departId' D:\wamp\www\wisdom\App\Runtime\Cache\Admin\5c930ed5983955faddef17bf18733928.php 第 198 行.
NOTIC: [8] Use of undefined constant departId - assumed 'departId' D:\wamp\www\wisdom\App\Runtime\Cache\Admin\5c930ed5983955faddef17bf18733928.php 第 198 行.
NOTIC: [8] Use of undefined constant departId - assumed 'departId' D:\wamp\www\wisdom\App\Runtime\Cache\Admin\5c930ed5983955faddef17bf18733928.php 第 198 行.
NOTIC: [8] Use of undefined constant departId - assumed 'departId' D:\wamp\www\wisdom\App\Runtime\Cache\Admin\5c930ed5983955faddef17bf18733928.php 第 198 行.
NOTIC: [8] Use of undefined constant departId - assumed 'departId' D:\wamp\www\wisdom\App\Runtime\Cache\Admin\5c930ed5983955faddef17bf18733928.php 第 198 行.
NOTIC: [8] Use of undefined constant departId - assumed 'departId' D:\wamp\www\wisdom\App\Runtime\Cache\Admin\5c930ed5983955faddef17bf18733928.php 第 198 行.
NOTIC: [8] Use of undefined constant departId - assumed 'departId' D:\wamp\www\wisdom\App\Runtime\Cache\Admin\5c930ed5983955faddef17bf18733928.php 第 198 行.
NOTIC: [8] Use of undefined constant departId - assumed 'departId' D:\wamp\www\wisdom\App\Runtime\Cache\Admin\5c930ed5983955faddef17bf18733928.php 第 198 行.
NOTIC: [8] Use of undefined constant departId - assumed 'departId' D:\wamp\www\wisdom\App\Runtime\Cache\Admin\5c930ed5983955faddef17bf18733928.php 第 198 行.
NOTIC: [8] Use of undefined constant departId - assumed 'departId' D:\wamp\www\wisdom\App\Runtime\Cache\Admin\5c930ed5983955faddef17bf18733928.php 第 198 行.
NOTIC: [8] Use of undefined constant isOmsUser - assumed 'isOmsUser' D:\wamp\www\wisdom\App\Runtime\Cache\Admin\5c930ed5983955faddef17bf18733928.php 第 203 行.
NOTIC: [8] Use of undefined constant departId - assumed 'departId' D:\wamp\www\wisdom\App\Runtime\Cache\Admin\5c930ed5983955faddef17bf18733928.php 第 198 行.
NOTIC: [8] Use of undefined constant departId - assumed 'departId' D:\wamp\www\wisdom\App\Runtime\Cache\Admin\5c930ed5983955faddef17bf18733928.php 第 198 行.
NOTIC: [8] Use of undefined constant departId - assumed 'departId' D:\wamp\www\wisdom\App\Runtime\Cache\Admin\5c930ed5983955faddef17bf18733928.php 第 198 行.
NOTIC: [8] Use of undefined constant departId - assumed 'departId' D:\wamp\www\wisdom\App\Runtime\Cache\Admin\5c930ed5983955faddef17bf18733928.php 第 198 行.
NOTIC: [8] Use of undefined constant departId - assumed 'departId' D:\wamp\www\wisdom\App\Runtime\Cache\Admin\5c930ed5983955faddef17bf18733928.php 第 198 行.
NOTIC: [8] Use of undefined constant departId - assumed 'departId' D:\wamp\www\wisdom\App\Runtime\Cache\Admin\5c930ed5983955faddef17bf18733928.php 第 198 行.
NOTIC: [8] Use of undefined constant departId - assumed 'departId' D:\wamp\www\wisdom\App\Runtime\Cache\Admin\5c930ed5983955faddef17bf18733928.php 第 198 行.
NOTIC: [8] Use of undefined constant departId - assumed 'departId' D:\wamp\www\wisdom\App\Runtime\Cache\Admin\5c930ed5983955faddef17bf18733928.php 第 198 行.
NOTIC: [8] Use of undefined constant departId - assumed 'departId' D:\wamp\www\wisdom\App\Runtime\Cache\Admin\5c930ed5983955faddef17bf18733928.php 第 198 行.
NOTIC: [8] Use of undefined constant departId - assumed 'departId' D:\wamp\www\wisdom\App\Runtime\Cache\Admin\5c930ed5983955faddef17bf18733928.php 第 198 行.
NOTIC: [8] Use of undefined constant departId - assumed 'departId' D:\wamp\www\wisdom\App\Runtime\Cache\Admin\5c930ed5983955faddef17bf18733928.php 第 198 行.
NOTIC: [8] Use of undefined constant departId - assumed 'departId' D:\wamp\www\wisdom\App\Runtime\Cache\Admin\5c930ed5983955faddef17bf18733928.php 第 198 行.
NOTIC: [8] Use of undefined constant isOmsUser - assumed 'isOmsUser' D:\wamp\www\wisdom\App\Runtime\Cache\Admin\5c930ed5983955faddef17bf18733928.php 第 203 行.
NOTIC: [8] Use of undefined constant departId - assumed 'departId' D:\wamp\www\wisdom\App\Runtime\Cache\Admin\5c930ed5983955faddef17bf18733928.php 第 198 行.
NOTIC: [8] Use of undefined constant departId - assumed 'departId' D:\wamp\www\wisdom\App\Runtime\Cache\Admin\5c930ed5983955faddef17bf18733928.php 第 198 行.
NOTIC: [8] Use of undefined constant departId - assumed 'departId' D:\wamp\www\wisdom\App\Runtime\Cache\Admin\5c930ed5983955faddef17bf18733928.php 第 198 行.
NOTIC: [8] Use of undefined constant departId - assumed 'departId' D:\wamp\www\wisdom\App\Runtime\Cache\Admin\5c930ed5983955faddef17bf18733928.php 第 198 行.
NOTIC: [8] Use of undefined constant departId - assumed 'departId' D:\wamp\www\wisdom\App\Runtime\Cache\Admin\5c930ed5983955faddef17bf18733928.php 第 198 行.
NOTIC: [8] Use of undefined constant departId - assumed 'departId' D:\wamp\www\wisdom\App\Runtime\Cache\Admin\5c930ed5983955faddef17bf18733928.php 第 198 行.
NOTIC: [8] Use of undefined constant departId - assumed 'departId' D:\wamp\www\wisdom\App\Runtime\Cache\Admin\5c930ed5983955faddef17bf18733928.php 第 198 行.
NOTIC: [8] Use of undefined constant departId - assumed 'departId' D:\wamp\www\wisdom\App\Runtime\Cache\Admin\5c930ed5983955faddef17bf18733928.php 第 198 行.
NOTIC: [8] Use of undefined constant departId - assumed 'departId' D:\wamp\www\wisdom\App\Runtime\Cache\Admin\5c930ed5983955faddef17bf18733928.php 第 198 行.
NOTIC: [8] Use of undefined constant departId - assumed 'departId' D:\wamp\www\wisdom\App\Runtime\Cache\Admin\5c930ed5983955faddef17bf18733928.php 第 198 行.
NOTIC: [8] Use of undefined constant departId - assumed 'departId' D:\wamp\www\wisdom\App\Runtime\Cache\Admin\5c930ed5983955faddef17bf18733928.php 第 198 行.
NOTIC: [8] Use of undefined constant departId - assumed 'departId' D:\wamp\www\wisdom\App\Runtime\Cache\Admin\5c930ed5983955faddef17bf18733928.php 第 198 行.
NOTIC: [8] Use of undefined constant isOmsUser - assumed 'isOmsUser' D:\wamp\www\wisdom\App\Runtime\Cache\Admin\5c930ed5983955faddef17bf18733928.php 第 203 行.
NOTIC: [8] Use of undefined constant departId - assumed 'departId' D:\wamp\www\wisdom\App\Runtime\Cache\Admin\5c930ed5983955faddef17bf18733928.php 第 198 行.
NOTIC: [8] Use of undefined constant departId - assumed 'departId' D:\wamp\www\wisdom\App\Runtime\Cache\Admin\5c930ed5983955faddef17bf18733928.php 第 198 行.
NOTIC: [8] Use of undefined constant departId - assumed 'departId' D:\wamp\www\wisdom\App\Runtime\Cache\Admin\5c930ed5983955faddef17bf18733928.php 第 198 行.
NOTIC: [8] Use of undefined constant departId - assumed 'departId' D:\wamp\www\wisdom\App\Runtime\Cache\Admin\5c930ed5983955faddef17bf18733928.php 第 198 行.
NOTIC: [8] Use of undefined constant departId - assumed 'departId' D:\wamp\www\wisdom\App\Runtime\Cache\Admin\5c930ed5983955faddef17bf18733928.php 第 198 行.
NOTIC: [8] Use of undefined constant departId - assumed 'departId' D:\wamp\www\wisdom\App\Runtime\Cache\Admin\5c930ed5983955faddef17bf18733928.php 第 198 行.
NOTIC: [8] Use of undefined constant departId - assumed 'departId' D:\wamp\www\wisdom\App\Runtime\Cache\Admin\5c930ed5983955faddef17bf18733928.php 第 198 行.
NOTIC: [8] Use of undefined constant departId - assumed 'departId' D:\wamp\www\wisdom\App\Runtime\Cache\Admin\5c930ed5983955faddef17bf18733928.php 第 198 行.
NOTIC: [8] Use of undefined constant departId - assumed 'departId' D:\wamp\www\wisdom\App\Runtime\Cache\Admin\5c930ed5983955faddef17bf18733928.php 第 198 行.
NOTIC: [8] Use of undefined constant departId - assumed 'departId' D:\wamp\www\wisdom\App\Runtime\Cache\Admin\5c930ed5983955faddef17bf18733928.php 第 198 行.
NOTIC: [8] Use of undefined constant departId - assumed 'departId' D:\wamp\www\wisdom\App\Runtime\Cache\Admin\5c930ed5983955faddef17bf18733928.php 第 198 行.
NOTIC: [8] Use of undefined constant departId - assumed 'departId' D:\wamp\www\wisdom\App\Runtime\Cache\Admin\5c930ed5983955faddef17bf18733928.php 第 198 行.
NOTIC: [8] Use of undefined constant isOmsUser - assumed 'isOmsUser' D:\wamp\www\wisdom\App\Runtime\Cache\Admin\5c930ed5983955faddef17bf18733928.php 第 203 行.
NOTIC: [8] Use of undefined constant departId - assumed 'departId' D:\wamp\www\wisdom\App\Runtime\Cache\Admin\5c930ed5983955faddef17bf18733928.php 第 198 行.
NOTIC: [8] Use of undefined constant departId - assumed 'departId' D:\wamp\www\wisdom\App\Runtime\Cache\Admin\5c930ed5983955faddef17bf18733928.php 第 198 行.
NOTIC: [8] Use of undefined constant departId - assumed 'departId' D:\wamp\www\wisdom\App\Runtime\Cache\Admin\5c930ed5983955faddef17bf18733928.php 第 198 行.
NOTIC: [8] Use of undefined constant departId - assumed 'departId' D:\wamp\www\wisdom\App\Runtime\Cache\Admin\5c930ed5983955faddef17bf18733928.php 第 198 行.
NOTIC: [8] Use of undefined constant departId - assumed 'departId' D:\wamp\www\wisdom\App\Runtime\Cache\Admin\5c930ed5983955faddef17bf18733928.php 第 198 行.
NOTIC: [8] Use of undefined constant departId - assumed 'departId' D:\wamp\www\wisdom\App\Runtime\Cache\Admin\5c930ed5983955faddef17bf18733928.php 第 198 行.
NOTIC: [8] Use of undefined constant departId - assumed 'departId' D:\wamp\www\wisdom\App\Runtime\Cache\Admin\5c930ed5983955faddef17bf18733928.php 第 198 行.
NOTIC: [8] Use of undefined constant departId - assumed 'departId' D:\wamp\www\wisdom\App\Runtime\Cache\Admin\5c930ed5983955faddef17bf18733928.php 第 198 行.
NOTIC: [8] Use of undefined constant departId - assumed 'departId' D:\wamp\www\wisdom\App\Runtime\Cache\Admin\5c930ed5983955faddef17bf18733928.php 第 198 行.
NOTIC: [8] Use of undefined constant departId - assumed 'departId' D:\wamp\www\wisdom\App\Runtime\Cache\Admin\5c930ed5983955faddef17bf18733928.php 第 198 行.
NOTIC: [8] Use of undefined constant departId - assumed 'departId' D:\wamp\www\wisdom\App\Runtime\Cache\Admin\5c930ed5983955faddef17bf18733928.php 第 198 行.
NOTIC: [8] Use of undefined constant departId - assumed 'departId' D:\wamp\www\wisdom\App\Runtime\Cache\Admin\5c930ed5983955faddef17bf18733928.php 第 198 行.
NOTIC: [8] Use of undefined constant isOmsUser - assumed 'isOmsUser' D:\wamp\www\wisdom\App\Runtime\Cache\Admin\5c930ed5983955faddef17bf18733928.php 第 203 行.
NOTIC: [8] Use of undefined constant departId - assumed 'departId' D:\wamp\www\wisdom\App\Runtime\Cache\Admin\5c930ed5983955faddef17bf18733928.php 第 198 行.
NOTIC: [8] Use of undefined constant departId - assumed 'departId' D:\wamp\www\wisdom\App\Runtime\Cache\Admin\5c930ed5983955faddef17bf18733928.php 第 198 行.
NOTIC: [8] Use of undefined constant departId - assumed 'departId' D:\wamp\www\wisdom\App\Runtime\Cache\Admin\5c930ed5983955faddef17bf18733928.php 第 198 行.
NOTIC: [8] Use of undefined constant departId - assumed 'departId' D:\wamp\www\wisdom\App\Runtime\Cache\Admin\5c930ed5983955faddef17bf18733928.php 第 198 行.
NOTIC: [8] Use of undefined constant departId - assumed 'departId' D:\wamp\www\wisdom\App\Runtime\Cache\Admin\5c930ed5983955faddef17bf18733928.php 第 198 行.
NOTIC: [8] Use of undefined constant departId - assumed 'departId' D:\wamp\www\wisdom\App\Runtime\Cache\Admin\5c930ed5983955faddef17bf18733928.php 第 198 行.
NOTIC: [8] Use of undefined constant departId - assumed 'departId' D:\wamp\www\wisdom\App\Runtime\Cache\Admin\5c930ed5983955faddef17bf18733928.php 第 198 行.
NOTIC: [8] Use of undefined constant departId - assumed 'departId' D:\wamp\www\wisdom\App\Runtime\Cache\Admin\5c930ed5983955faddef17bf18733928.php 第 198 行.
NOTIC: [8] Use of undefined constant departId - assumed 'departId' D:\wamp\www\wisdom\App\Runtime\Cache\Admin\5c930ed5983955faddef17bf18733928.php 第 198 行.
NOTIC: [8] Use of undefined constant departId - assumed 'departId' D:\wamp\www\wisdom\App\Runtime\Cache\Admin\5c930ed5983955faddef17bf18733928.php 第 198 行.
NOTIC: [8] Use of undefined constant departId - assumed 'departId' D:\wamp\www\wisdom\App\Runtime\Cache\Admin\5c930ed5983955faddef17bf18733928.php 第 198 行.
NOTIC: [8] Use of undefined constant departId - assumed 'departId' D:\wamp\www\wisdom\App\Runtime\Cache\Admin\5c930ed5983955faddef17bf18733928.php 第 198 行.
NOTIC: [8] Use of undefined constant isOmsUser - assumed 'isOmsUser' D:\wamp\www\wisdom\App\Runtime\Cache\Admin\5c930ed5983955faddef17bf18733928.php 第 203 行.
NOTIC: [8] Use of undefined constant departId - assumed 'departId' D:\wamp\www\wisdom\App\Runtime\Cache\Admin\5c930ed5983955faddef17bf18733928.php 第 198 行.
NOTIC: [8] Use of undefined constant departId - assumed 'departId' D:\wamp\www\wisdom\App\Runtime\Cache\Admin\5c930ed5983955faddef17bf18733928.php 第 198 行.
NOTIC: [8] Use of undefined constant departId - assumed 'departId' D:\wamp\www\wisdom\App\Runtime\Cache\Admin\5c930ed5983955faddef17bf18733928.php 第 198 行.
NOTIC: [8] Use of undefined constant departId - assumed 'departId' D:\wamp\www\wisdom\App\Runtime\Cache\Admin\5c930ed5983955faddef17bf18733928.php 第 198 行.
NOTIC: [8] Use of undefined constant departId - assumed 'departId' D:\wamp\www\wisdom\App\Runtime\Cache\Admin\5c930ed5983955faddef17bf18733928.php 第 198 行.
NOTIC: [8] Use of undefined constant departId - assumed 'departId' D:\wamp\www\wisdom\App\Runtime\Cache\Admin\5c930ed5983955faddef17bf18733928.php 第 198 行.
NOTIC: [8] Use of undefined constant departId - assumed 'departId' D:\wamp\www\wisdom\App\Runtime\Cache\Admin\5c930ed5983955faddef17bf18733928.php 第 198 行.
NOTIC: [8] Use of undefined constant departId - assumed 'departId' D:\wamp\www\wisdom\App\Runtime\Cache\Admin\5c930ed5983955faddef17bf18733928.php 第 198 行.
NOTIC: [8] Use of undefined constant departId - assumed 'departId' D:\wamp\www\wisdom\App\Runtime\Cache\Admin\5c930ed5983955faddef17bf18733928.php 第 198 行.
NOTIC: [8] Use of undefined constant departId - assumed 'departId' D:\wamp\www\wisdom\App\Runtime\Cache\Admin\5c930ed5983955faddef17bf18733928.php 第 198 行.
NOTIC: [8] Use of undefined constant departId - assumed 'departId' D:\wamp\www\wisdom\App\Runtime\Cache\Admin\5c930ed5983955faddef17bf18733928.php 第 198 行.
NOTIC: [8] Use of undefined constant departId - assumed 'departId' D:\wamp\www\wisdom\App\Runtime\Cache\Admin\5c930ed5983955faddef17bf18733928.php 第 198 行.
NOTIC: [8] Use of undefined constant isOmsUser - assumed 'isOmsUser' D:\wamp\www\wisdom\App\Runtime\Cache\Admin\5c930ed5983955faddef17bf18733928.php 第 203 行.
NOTIC: [8] Use of undefined constant departId - assumed 'departId' D:\wamp\www\wisdom\App\Runtime\Cache\Admin\5c930ed5983955faddef17bf18733928.php 第 198 行.
NOTIC: [8] Use of undefined constant departId - assumed 'departId' D:\wamp\www\wisdom\App\Runtime\Cache\Admin\5c930ed5983955faddef17bf18733928.php 第 198 行.
NOTIC: [8] Use of undefined constant departId - assumed 'departId' D:\wamp\www\wisdom\App\Runtime\Cache\Admin\5c930ed5983955faddef17bf18733928.php 第 198 行.
NOTIC: [8] Use of undefined constant departId - assumed 'departId' D:\wamp\www\wisdom\App\Runtime\Cache\Admin\5c930ed5983955faddef17bf18733928.php 第 198 行.
NOTIC: [8] Use of undefined constant departId - assumed 'departId' D:\wamp\www\wisdom\App\Runtime\Cache\Admin\5c930ed5983955faddef17bf18733928.php 第 198 行.
NOTIC: [8] Use of undefined constant departId - assumed 'departId' D:\wamp\www\wisdom\App\Runtime\Cache\Admin\5c930ed5983955faddef17bf18733928.php 第 198 行.
NOTIC: [8] Use of undefined constant departId - assumed 'departId' D:\wamp\www\wisdom\App\Runtime\Cache\Admin\5c930ed5983955faddef17bf18733928.php 第 198 行.
NOTIC: [8] Use of undefined constant departId - assumed 'departId' D:\wamp\www\wisdom\App\Runtime\Cache\Admin\5c930ed5983955faddef17bf18733928.php 第 198 行.
NOTIC: [8] Use of undefined constant departId - assumed 'departId' D:\wamp\www\wisdom\App\Runtime\Cache\Admin\5c930ed5983955faddef17bf18733928.php 第 198 行.
NOTIC: [8] Use of undefined constant departId - assumed 'departId' D:\wamp\www\wisdom\App\Runtime\Cache\Admin\5c930ed5983955faddef17bf18733928.php 第 198 行.
NOTIC: [8] Use of undefined constant departId - assumed 'departId' D:\wamp\www\wisdom\App\Runtime\Cache\Admin\5c930ed5983955faddef17bf18733928.php 第 198 行.
NOTIC: [8] Use of undefined constant departId - assumed 'departId' D:\wamp\www\wisdom\App\Runtime\Cache\Admin\5c930ed5983955faddef17bf18733928.php 第 198 行.
NOTIC: [8] Use of undefined constant isOmsUser - assumed 'isOmsUser' D:\wamp\www\wisdom\App\Runtime\Cache\Admin\5c930ed5983955faddef17bf18733928.php 第 203 行.
NOTIC: [8] Use of undefined constant departId - assumed 'departId' D:\wamp\www\wisdom\App\Runtime\Cache\Admin\5c930ed5983955faddef17bf18733928.php 第 198 行.
NOTIC: [8] Use of undefined constant departId - assumed 'departId' D:\wamp\www\wisdom\App\Runtime\Cache\Admin\5c930ed5983955faddef17bf18733928.php 第 198 行.
NOTIC: [8] Use of undefined constant departId - assumed 'departId' D:\wamp\www\wisdom\App\Runtime\Cache\Admin\5c930ed5983955faddef17bf18733928.php 第 198 行.
NOTIC: [8] Use of undefined constant departId - assumed 'departId' D:\wamp\www\wisdom\App\Runtime\Cache\Admin\5c930ed5983955faddef17bf18733928.php 第 198 行.
NOTIC: [8] Use of undefined constant departId - assumed 'departId' D:\wamp\www\wisdom\App\Runtime\Cache\Admin\5c930ed5983955faddef17bf18733928.php 第 198 行.
NOTIC: [8] Use of undefined constant departId - assumed 'departId' D:\wamp\www\wisdom\App\Runtime\Cache\Admin\5c930ed5983955faddef17bf18733928.php 第 198 行.
NOTIC: [8] Use of undefined constant departId - assumed 'departId' D:\wamp\www\wisdom\App\Runtime\Cache\Admin\5c930ed5983955faddef17bf18733928.php 第 198 行.
NOTIC: [8] Use of undefined constant departId - assumed 'departId' D:\wamp\www\wisdom\App\Runtime\Cache\Admin\5c930ed5983955faddef17bf18733928.php 第 198 行.
NOTIC: [8] Use of undefined constant departId - assumed 'departId' D:\wamp\www\wisdom\App\Runtime\Cache\Admin\5c930ed5983955faddef17bf18733928.php 第 198 行.
NOTIC: [8] Use of undefined constant departId - assumed 'departId' D:\wamp\www\wisdom\App\Runtime\Cache\Admin\5c930ed5983955faddef17bf18733928.php 第 198 行.
NOTIC: [8] Use of undefined constant departId - assumed 'departId' D:\wamp\www\wisdom\App\Runtime\Cache\Admin\5c930ed5983955faddef17bf18733928.php 第 198 行.
NOTIC: [8] Use of undefined constant departId - assumed 'departId' D:\wamp\www\wisdom\App\Runtime\Cache\Admin\5c930ed5983955faddef17bf18733928.php 第 198 行.
NOTIC: [8] Use of undefined constant isOmsUser - assumed 'isOmsUser' D:\wamp\www\wisdom\App\Runtime\Cache\Admin\5c930ed5983955faddef17bf18733928.php 第 203 行.
NOTIC: [8] Use of undefined constant departId - assumed 'departId' D:\wamp\www\wisdom\App\Runtime\Cache\Admin\5c930ed5983955faddef17bf18733928.php 第 198 行.
NOTIC: [8] Use of undefined constant departId - assumed 'departId' D:\wamp\www\wisdom\App\Runtime\Cache\Admin\5c930ed5983955faddef17bf18733928.php 第 198 行.
NOTIC: [8] Use of undefined constant departId - assumed 'departId' D:\wamp\www\wisdom\App\Runtime\Cache\Admin\5c930ed5983955faddef17bf18733928.php 第 198 行.
NOTIC: [8] Use of undefined constant departId - assumed 'departId' D:\wamp\www\wisdom\App\Runtime\Cache\Admin\5c930ed5983955faddef17bf18733928.php 第 198 行.
NOTIC: [8] Use of undefined constant departId - assumed 'departId' D:\wamp\www\wisdom\App\Runtime\Cache\Admin\5c930ed5983955faddef17bf18733928.php 第 198 行.
NOTIC: [8] Use of undefined constant departId - assumed 'departId' D:\wamp\www\wisdom\App\Runtime\Cache\Admin\5c930ed5983955faddef17bf18733928.php 第 198 行.
NOTIC: [8] Use of undefined constant departId - assumed 'departId' D:\wamp\www\wisdom\App\Runtime\Cache\Admin\5c930ed5983955faddef17bf18733928.php 第 198 行.
NOTIC: [8] Use of undefined constant departId - assumed 'departId' D:\wamp\www\wisdom\App\Runtime\Cache\Admin\5c930ed5983955faddef17bf18733928.php 第 198 行.
NOTIC: [8] Use of undefined constant departId - assumed 'departId' D:\wamp\www\wisdom\App\Runtime\Cache\Admin\5c930ed5983955faddef17bf18733928.php 第 198 行.
NOTIC: [8] Use of undefined constant departId - assumed 'departId' D:\wamp\www\wisdom\App\Runtime\Cache\Admin\5c930ed5983955faddef17bf18733928.php 第 198 行.
NOTIC: [8] Use of undefined constant departId - assumed 'departId' D:\wamp\www\wisdom\App\Runtime\Cache\Admin\5c930ed5983955faddef17bf18733928.php 第 198 行.
NOTIC: [8] Use of undefined constant departId - assumed 'departId' D:\wamp\www\wisdom\App\Runtime\Cache\Admin\5c930ed5983955faddef17bf18733928.php 第 198 行.
NOTIC: [8] Use of undefined constant isOmsUser - assumed 'isOmsUser' D:\wamp\www\wisdom\App\Runtime\Cache\Admin\5c930ed5983955faddef17bf18733928.php 第 203 行.
NOTIC: [8] Use of undefined constant departId - assumed 'departId' D:\wamp\www\wisdom\App\Runtime\Cache\Admin\5c930ed5983955faddef17bf18733928.php 第 198 行.
NOTIC: [8] Use of undefined constant departId - assumed 'departId' D:\wamp\www\wisdom\App\Runtime\Cache\Admin\5c930ed5983955faddef17bf18733928.php 第 198 行.
NOTIC: [8] Use of undefined constant departId - assumed 'departId' D:\wamp\www\wisdom\App\Runtime\Cache\Admin\5c930ed5983955faddef17bf18733928.php 第 198 行.
NOTIC: [8] Use of undefined constant departId - assumed 'departId' D:\wamp\www\wisdom\App\Runtime\Cache\Admin\5c930ed5983955faddef17bf18733928.php 第 198 行.
NOTIC: [8] Use of undefined constant departId - assumed 'departId' D:\wamp\www\wisdom\App\Runtime\Cache\Admin\5c930ed5983955faddef17bf18733928.php 第 198 行.
NOTIC: [8] Use of undefined constant departId - assumed 'departId' D:\wamp\www\wisdom\App\Runtime\Cache\Admin\5c930ed5983955faddef17bf18733928.php 第 198 行.
NOTIC: [8] Use of undefined constant departId - assumed 'departId' D:\wamp\www\wisdom\App\Runtime\Cache\Admin\5c930ed5983955faddef17bf18733928.php 第 198 行.
NOTIC: [8] Use of undefined constant departId - assumed 'departId' D:\wamp\www\wisdom\App\Runtime\Cache\Admin\5c930ed5983955faddef17bf18733928.php 第 198 行.
NOTIC: [8] Use of undefined constant departId - assumed 'departId' D:\wamp\www\wisdom\App\Runtime\Cache\Admin\5c930ed5983955faddef17bf18733928.php 第 198 行.
NOTIC: [8] Use of undefined constant departId - assumed 'departId' D:\wamp\www\wisdom\App\Runtime\Cache\Admin\5c930ed5983955faddef17bf18733928.php 第 198 行.
NOTIC: [8] Use of undefined constant departId - assumed 'departId' D:\wamp\www\wisdom\App\Runtime\Cache\Admin\5c930ed5983955faddef17bf18733928.php 第 198 行.
NOTIC: [8] Use of undefined constant departId - assumed 'departId' D:\wamp\www\wisdom\App\Runtime\Cache\Admin\5c930ed5983955faddef17bf18733928.php 第 198 行.
NOTIC: [8] Use of undefined constant isOmsUser - assumed 'isOmsUser' D:\wamp\www\wisdom\App\Runtime\Cache\Admin\5c930ed5983955faddef17bf18733928.php 第 203 行.
NOTIC: [8] Use of undefined constant departId - assumed 'departId' D:\wamp\www\wisdom\App\Runtime\Cache\Admin\5c930ed5983955faddef17bf18733928.php 第 198 行.
NOTIC: [8] Use of undefined constant departId - assumed 'departId' D:\wamp\www\wisdom\App\Runtime\Cache\Admin\5c930ed5983955faddef17bf18733928.php 第 198 行.
NOTIC: [8] Use of undefined constant departId - assumed 'departId' D:\wamp\www\wisdom\App\Runtime\Cache\Admin\5c930ed5983955faddef17bf18733928.php 第 198 行.
NOTIC: [8] Use of undefined constant departId - assumed 'departId' D:\wamp\www\wisdom\App\Runtime\Cache\Admin\5c930ed5983955faddef17bf18733928.php 第 198 行.
NOTIC: [8] Use of undefined constant departId - assumed 'departId' D:\wamp\www\wisdom\App\Runtime\Cache\Admin\5c930ed5983955faddef17bf18733928.php 第 198 行.
NOTIC: [8] Use of undefined constant departId - assumed 'departId' D:\wamp\www\wisdom\App\Runtime\Cache\Admin\5c930ed5983955faddef17bf18733928.php 第 198 行.
NOTIC: [8] Use of undefined constant departId - assumed 'departId' D:\wamp\www\wisdom\App\Runtime\Cache\Admin\5c930ed5983955faddef17bf18733928.php 第 198 行.
NOTIC: [8] Use of undefined constant departId - assumed 'departId' D:\wamp\www\wisdom\App\Runtime\Cache\Admin\5c930ed5983955faddef17bf18733928.php 第 198 行.
NOTIC: [8] Use of undefined constant departId - assumed 'departId' D:\wamp\www\wisdom\App\Runtime\Cache\Admin\5c930ed5983955faddef17bf18733928.php 第 198 行.
NOTIC: [8] Use of undefined constant departId - assumed 'departId' D:\wamp\www\wisdom\App\Runtime\Cache\Admin\5c930ed5983955faddef17bf18733928.php 第 198 行.
NOTIC: [8] Use of undefined constant departId - assumed 'departId' D:\wamp\www\wisdom\App\Runtime\Cache\Admin\5c930ed5983955faddef17bf18733928.php 第 198 行.
NOTIC: [8] Use of undefined constant departId - assumed 'departId' D:\wamp\www\wisdom\App\Runtime\Cache\Admin\5c930ed5983955faddef17bf18733928.php 第 198 行.
NOTIC: [8] Use of undefined constant isOmsUser - assumed 'isOmsUser' D:\wamp\www\wisdom\App\Runtime\Cache\Admin\5c930ed5983955faddef17bf18733928.php 第 203 行.
INFO: Run Behavior\ParseTemplateBehavior [ RunTime:0.085004s ]
INFO: [ view_parse ] --END-- [ RunTime:0.085004s ]
INFO: [ view_filter ] --START--
INFO: Run Behavior\WriteHtmlCacheBehavior [ RunTime:0.001001s ]
INFO: [ view_filter ] --END-- [ RunTime:0.001001s ]
INFO: [ app_end ] --START--
INFO: Run Behavior\ShowPageTraceBehavior [ RunTime:0.001000s ]
INFO: [ app_end ] --END-- [ RunTime:0.002000s ]

[ 2015-09-15T10:32:55+08:00 ] 127.0.0.1 /wisdom/index.php/Admin/Group/addStaff
INFO: [ app_init ] --START--
INFO: Run Behavior\BuildLiteBehavior [ RunTime:0.000000s ]
INFO: [ app_init ] --END-- [ RunTime:0.003000s ]
INFO: [ app_begin ] --START--
INFO: Run Behavior\ReadHtmlCacheBehavior [ RunTime:0.000000s ]
INFO: [ app_begin ] --END-- [ RunTime:0.001000s ]
INFO: [ view_parse ] --START--
INFO: [ template_filter ] --START--
INFO: Run Behavior\ContentReplaceBehavior [ RunTime:0.000000s ]
INFO: [ template_filter ] --END-- [ RunTime:0.001000s ]
INFO: Run Behavior\ParseTemplateBehavior [ RunTime:0.031001s ]
INFO: [ view_parse ] --END-- [ RunTime:0.031001s ]
INFO: [ view_filter ] --START--
INFO: Run Behavior\WriteHtmlCacheBehavior [ RunTime:0.001000s ]
INFO: [ view_filter ] --END-- [ RunTime:0.002001s ]
INFO: [ app_end ] --START--
INFO: Run Behavior\ShowPageTraceBehavior [ RunTime:0.003000s ]
INFO: [ app_end ] --END-- [ RunTime:0.003000s ]

[ 2015-09-15T10:33:50+08:00 ] 127.0.0.1 /wisdom/index.php/Admin/Group/addStaff
INFO: [ app_init ] --START--
INFO: Run Behavior\BuildLiteBehavior [ RunTime:0.000000s ]
INFO: [ app_init ] --END-- [ RunTime:0.001000s ]
INFO: [ app_begin ] --START--
INFO: Run Behavior\ReadHtmlCacheBehavior [ RunTime:0.000000s ]
INFO: [ app_begin ] --END-- [ RunTime:0.000000s ]
INFO: [ view_parse ] --START--
INFO: [ template_filter ] --START--
INFO: Run Behavior\ContentReplaceBehavior [ RunTime:0.000000s ]
INFO: [ template_filter ] --END-- [ RunTime:0.000000s ]
INFO: Run Behavior\ParseTemplateBehavior [ RunTime:0.018001s ]
INFO: [ view_parse ] --END-- [ RunTime:0.018001s ]
INFO: [ view_filter ] --START--
INFO: Run Behavior\WriteHtmlCacheBehavior [ RunTime:0.001000s ]
INFO: [ view_filter ] --END-- [ RunTime:0.001000s ]
INFO: [ app_end ] --START--
INFO: Run Behavior\ShowPageTraceBehavior [ RunTime:0.000000s ]
INFO: [ app_end ] --END-- [ RunTime:0.000000s ]

[ 2015-09-15T10:37:43+08:00 ] 127.0.0.1 /wisdom/index.php/Admin/Group/addClient
INFO: [ app_init ] --START--
INFO: Run Behavior\BuildLiteBehavior [ RunTime:0.000000s ]
INFO: [ app_init ] --END-- [ RunTime:0.000000s ]
INFO: [ app_begin ] --START--
INFO: Run Behavior\ReadHtmlCacheBehavior [ RunTime:0.000000s ]
INFO: [ app_begin ] --END-- [ RunTime:0.000000s ]
ERR: 非法操作:addClient

[ 2015-09-15T10:39:44+08:00 ] 127.0.0.1 /wisdom/index.php/Admin/Group/addClient
INFO: [ app_init ] --START--
INFO: Run Behavior\BuildLiteBehavior [ RunTime:0.000000s ]
INFO: [ app_init ] --END-- [ RunTime:0.000000s ]
INFO: [ app_begin ] --START--
INFO: Run Behavior\ReadHtmlCacheBehavior [ RunTime:0.002000s ]
INFO: [ app_begin ] --END-- [ RunTime:0.002000s ]
ERR: 非法操作:addClient

[ 2015-09-15T10:41:07+08:00 ] 127.0.0.1 /wisdom/index.php/Admin/Group/addClient
INFO: [ app_init ] --START--
INFO: Run Behavior\BuildLiteBehavior [ RunTime:0.000000s ]
INFO: [ app_init ] --END-- [ RunTime:0.001000s ]
INFO: [ app_begin ] --START--
INFO: Run Behavior\ReadHtmlCacheBehavior [ RunTime:0.002000s ]
INFO: [ app_begin ] --END-- [ RunTime:0.002000s ]
ERR: 非法操作:addClient

