[ 2015-11-16T11:41:52+08:00 ] 127.0.0.1 /wisdom/index.php/Admin/Group/index
INFO: [ app_init ] --START--
INFO: Run Behavior\BuildLiteBehavior [ RunTime:0.000000s ]
INFO: [ app_init ] --END-- [ RunTime:0.001000s ]
INFO: [ app_begin ] --START--
INFO: Run Behavior\ReadHtmlCacheBehavior [ RunTime:0.001000s ]
INFO: [ app_begin ] --END-- [ RunTime:0.003000s ]
SQL: SHOW COLUMNS FROM `t_user_role` [ RunTime:0.0050s ]
SQL: SELECT * FROM `t_user_role` WHERE ( f_user_id=10862 ) LIMIT 1   [ RunTime:0.0020s ]
SQL: SHOW COLUMNS FROM `t_role` [ RunTime:0.0030s ]
SQL: SELECT * FROM `t_role` WHERE ( f_id=112 ) LIMIT 1   [ RunTime:0.0020s ]
INFO: [ view_parse ] --START--
INFO: [ template_filter ] --START--
INFO: Run Behavior\ContentReplaceBehavior [ RunTime:0.001000s ]
INFO: [ template_filter ] --END-- [ RunTime:0.001000s ]
NOTIC: [8] Use of undefined constant departId - assumed 'departId' D:\wamp\www\wisdom\App\Runtime\Cache\Admin\5c930ed5983955faddef17bf18733928.php 第 207 行.
NOTIC: [8] Use of undefined constant departId - assumed 'departId' D:\wamp\www\wisdom\App\Runtime\Cache\Admin\5c930ed5983955faddef17bf18733928.php 第 207 行.
NOTIC: [8] Use of undefined constant departId - assumed 'departId' D:\wamp\www\wisdom\App\Runtime\Cache\Admin\5c930ed5983955faddef17bf18733928.php 第 207 行.
NOTIC: [8] Use of undefined constant departId - assumed 'departId' D:\wamp\www\wisdom\App\Runtime\Cache\Admin\5c930ed5983955faddef17bf18733928.php 第 207 行.
NOTIC: [8] Use of undefined constant departId - assumed 'departId' D:\wamp\www\wisdom\App\Runtime\Cache\Admin\5c930ed5983955faddef17bf18733928.php 第 207 行.
NOTIC: [8] Use of undefined constant departId - assumed 'departId' D:\wamp\www\wisdom\App\Runtime\Cache\Admin\5c930ed5983955faddef17bf18733928.php 第 207 行.
NOTIC: [8] Use of undefined constant departId - assumed 'departId' D:\wamp\www\wisdom\App\Runtime\Cache\Admin\5c930ed5983955faddef17bf18733928.php 第 207 行.
NOTIC: [8] Use of undefined constant departId - assumed 'departId' D:\wamp\www\wisdom\App\Runtime\Cache\Admin\5c930ed5983955faddef17bf18733928.php 第 207 行.
NOTIC: [8] Use of undefined constant departId - assumed 'departId' D:\wamp\www\wisdom\App\Runtime\Cache\Admin\5c930ed5983955faddef17bf18733928.php 第 207 行.
NOTIC: [8] Use of undefined constant departId - assumed 'departId' D:\wamp\www\wisdom\App\Runtime\Cache\Admin\5c930ed5983955faddef17bf18733928.php 第 207 行.
NOTIC: [8] Use of undefined constant departId - assumed 'departId' D:\wamp\www\wisdom\App\Runtime\Cache\Admin\5c930ed5983955faddef17bf18733928.php 第 207 行.
NOTIC: [8] Use of undefined constant departId - assumed 'departId' D:\wamp\www\wisdom\App\Runtime\Cache\Admin\5c930ed5983955faddef17bf18733928.php 第 207 行.
NOTIC: [8] Use of undefined constant departId - assumed 'departId' D:\wamp\www\wisdom\App\Runtime\Cache\Admin\5c930ed5983955faddef17bf18733928.php 第 207 行.
NOTIC: [8] Use of undefined constant departId - assumed 'departId' D:\wamp\www\wisdom\App\Runtime\Cache\Admin\5c930ed5983955faddef17bf18733928.php 第 207 行.
NOTIC: [8] Use of undefined constant departId - assumed 'departId' D:\wamp\www\wisdom\App\Runtime\Cache\Admin\5c930ed5983955faddef17bf18733928.php 第 207 行.
NOTIC: [8] Use of undefined constant departId - assumed 'departId' D:\wamp\www\wisdom\App\Runtime\Cache\Admin\5c930ed5983955faddef17bf18733928.php 第 207 行.
NOTIC: [8] Use of undefined constant isOmsUser - assumed 'isOmsUser' D:\wamp\www\wisdom\App\Runtime\Cache\Admin\5c930ed5983955faddef17bf18733928.php 第 212 行.
NOTIC: [8] Use of undefined constant isOmsUser - assumed 'isOmsUser' D:\wamp\www\wisdom\App\Runtime\Cache\Admin\5c930ed5983955faddef17bf18733928.php 第 213 行.
NOTIC: [8] Use of undefined constant departId - assumed 'departId' D:\wamp\www\wisdom\App\Runtime\Cache\Admin\5c930ed5983955faddef17bf18733928.php 第 207 行.
NOTIC: [8] Use of undefined constant departId - assumed 'departId' D:\wamp\www\wisdom\App\Runtime\Cache\Admin\5c930ed5983955faddef17bf18733928.php 第 207 行.
NOTIC: [8] Use of undefined constant departId - assumed 'departId' D:\wamp\www\wisdom\App\Runtime\Cache\Admin\5c930ed5983955faddef17bf18733928.php 第 207 行.
NOTIC: [8] Use of undefined constant departId - assumed 'departId' D:\wamp\www\wisdom\App\Runtime\Cache\Admin\5c930ed5983955faddef17bf18733928.php 第 207 行.
NOTIC: [8] Use of undefined constant departId - assumed 'departId' D:\wamp\www\wisdom\App\Runtime\Cache\Admin\5c930ed5983955faddef17bf18733928.php 第 207 行.
NOTIC: [8] Use of undefined constant departId - assumed 'departId' D:\wamp\www\wisdom\App\Runtime\Cache\Admin\5c930ed5983955faddef17bf18733928.php 第 207 行.
NOTIC: [8] Use of undefined constant departId - assumed 'departId' D:\wamp\www\wisdom\App\Runtime\Cache\Admin\5c930ed5983955faddef17bf18733928.php 第 207 行.
NOTIC: [8] Use of undefined constant departId - assumed 'departId' D:\wamp\www\wisdom\App\Runtime\Cache\Admin\5c930ed5983955faddef17bf18733928.php 第 207 行.
NOTIC: [8] Use of undefined constant departId - assumed 'departId' D:\wamp\www\wisdom\App\Runtime\Cache\Admin\5c930ed5983955faddef17bf18733928.php 第 207 行.
NOTIC: [8] Use of undefined constant departId - assumed 'departId' D:\wamp\www\wisdom\App\Runtime\Cache\Admin\5c930ed5983955faddef17bf18733928.php 第 207 行.
NOTIC: [8] Use of undefined constant departId - assumed 'departId' D:\wamp\www\wisdom\App\Runtime\Cache\Admin\5c930ed5983955faddef17bf18733928.php 第 207 行.
NOTIC: [8] Use of undefined constant departId - assumed 'departId' D:\wamp\www\wisdom\App\Runtime\Cache\Admin\5c930ed5983955faddef17bf18733928.php 第 207 行.
NOTIC: [8] Use of undefined constant departId - assumed 'departId' D:\wamp\www\wisdom\App\Runtime\Cache\Admin\5c930ed5983955faddef17bf18733928.php 第 207 行.
NOTIC: [8] Use of undefined constant departId - assumed 'departId' D:\wamp\www\wisdom\App\Runtime\Cache\Admin\5c930ed5983955faddef17bf18733928.php 第 207 行.
NOTIC: [8] Use of undefined constant departId - assumed 'departId' D:\wamp\www\wisdom\App\Runtime\Cache\Admin\5c930ed5983955faddef17bf18733928.php 第 207 行.
NOTIC: [8] Use of undefined constant departId - assumed 'departId' D:\wamp\www\wisdom\App\Runtime\Cache\Admin\5c930ed5983955faddef17bf18733928.php 第 207 行.
NOTIC: [8] Use of undefined constant isOmsUser - assumed 'isOmsUser' D:\wamp\www\wisdom\App\Runtime\Cache\Admin\5c930ed5983955faddef17bf18733928.php 第 212 行.
NOTIC: [8] Use of undefined constant isOmsUser - assumed 'isOmsUser' D:\wamp\www\wisdom\App\Runtime\Cache\Admin\5c930ed5983955faddef17bf18733928.php 第 213 行.
NOTIC: [8] Use of undefined constant departId - assumed 'departId' D:\wamp\www\wisdom\App\Runtime\Cache\Admin\5c930ed5983955faddef17bf18733928.php 第 207 行.
NOTIC: [8] Use of undefined constant departId - assumed 'departId' D:\wamp\www\wisdom\App\Runtime\Cache\Admin\5c930ed5983955faddef17bf18733928.php 第 207 行.
NOTIC: [8] Use of undefined constant departId - assumed 'departId' D:\wamp\www\wisdom\App\Runtime\Cache\Admin\5c930ed5983955faddef17bf18733928.php 第 207 行.
NOTIC: [8] Use of undefined constant departId - assumed 'departId' D:\wamp\www\wisdom\App\Runtime\Cache\Admin\5c930ed5983955faddef17bf18733928.php 第 207 行.
NOTIC: [8] Use of undefined constant departId - assumed 'departId' D:\wamp\www\wisdom\App\Runtime\Cache\Admin\5c930ed5983955faddef17bf18733928.php 第 207 行.
NOTIC: [8] Use of undefined constant departId - assumed 'departId' D:\wamp\www\wisdom\App\Runtime\Cache\Admin\5c930ed5983955faddef17bf18733928.php 第 207 行.
NOTIC: [8] Use of undefined constant departId - assumed 'departId' D:\wamp\www\wisdom\App\Runtime\Cache\Admin\5c930ed5983955faddef17bf18733928.php 第 207 行.
NOTIC: [8] Use of undefined constant departId - assumed 'departId' D:\wamp\www\wisdom\App\Runtime\Cache\Admin\5c930ed5983955faddef17bf18733928.php 第 207 行.
NOTIC: [8] Use of undefined constant departId - assumed 'departId' D:\wamp\www\wisdom\App\Runtime\Cache\Admin\5c930ed5983955faddef17bf18733928.php 第 207 行.
NOTIC: [8] Use of undefined constant departId - assumed 'departId' D:\wamp\www\wisdom\App\Runtime\Cache\Admin\5c930ed5983955faddef17bf18733928.php 第 207 行.
NOTIC: [8] Use of undefined constant departId - assumed 'departId' D:\wamp\www\wisdom\App\Runtime\Cache\Admin\5c930ed5983955faddef17bf18733928.php 第 207 行.
NOTIC: [8] Use of undefined constant departId - assumed 'departId' D:\wamp\www\wisdom\App\Runtime\Cache\Admin\5c930ed5983955faddef17bf18733928.php 第 207 行.
NOTIC: [8] Use of undefined constant departId - assumed 'departId' D:\wamp\www\wisdom\App\Runtime\Cache\Admin\5c930ed5983955faddef17bf18733928.php 第 207 行.
NOTIC: [8] Use of undefined constant departId - assumed 'departId' D:\wamp\www\wisdom\App\Runtime\Cache\Admin\5c930ed5983955faddef17bf18733928.php 第 207 行.
NOTIC: [8] Use of undefined constant departId - assumed 'departId' D:\wamp\www\wisdom\App\Runtime\Cache\Admin\5c930ed5983955faddef17bf18733928.php 第 207 行.
NOTIC: [8] Use of undefined constant departId - assumed 'departId' D:\wamp\www\wisdom\App\Runtime\Cache\Admin\5c930ed5983955faddef17bf18733928.php 第 207 行.
NOTIC: [8] Use of undefined constant isOmsUser - assumed 'isOmsUser' D:\wamp\www\wisdom\App\Runtime\Cache\Admin\5c930ed5983955faddef17bf18733928.php 第 212 行.
NOTIC: [8] Use of undefined constant isOmsUser - assumed 'isOmsUser' D:\wamp\www\wisdom\App\Runtime\Cache\Admin\5c930ed5983955faddef17bf18733928.php 第 213 行.
NOTIC: [8] Use of undefined constant departId - assumed 'departId' D:\wamp\www\wisdom\App\Runtime\Cache\Admin\5c930ed5983955faddef17bf18733928.php 第 207 行.
NOTIC: [8] Use of undefined constant departId - assumed 'departId' D:\wamp\www\wisdom\App\Runtime\Cache\Admin\5c930ed5983955faddef17bf18733928.php 第 207 行.
NOTIC: [8] Use of undefined constant departId - assumed 'departId' D:\wamp\www\wisdom\App\Runtime\Cache\Admin\5c930ed5983955faddef17bf18733928.php 第 207 行.
NOTIC: [8] Use of undefined constant departId - assumed 'departId' D:\wamp\www\wisdom\App\Runtime\Cache\Admin\5c930ed5983955faddef17bf18733928.php 第 207 行.
NOTIC: [8] Use of undefined constant departId - assumed 'departId' D:\wamp\www\wisdom\App\Runtime\Cache\Admin\5c930ed5983955faddef17bf18733928.php 第 207 行.
NOTIC: [8] Use of undefined constant departId - assumed 'departId' D:\wamp\www\wisdom\App\Runtime\Cache\Admin\5c930ed5983955faddef17bf18733928.php 第 207 行.
NOTIC: [8] Use of undefined constant departId - assumed 'departId' D:\wamp\www\wisdom\App\Runtime\Cache\Admin\5c930ed5983955faddef17bf18733928.php 第 207 行.
NOTIC: [8] Use of undefined constant departId - assumed 'departId' D:\wamp\www\wisdom\App\Runtime\Cache\Admin\5c930ed5983955faddef17bf18733928.php 第 207 行.
NOTIC: [8] Use of undefined constant departId - assumed 'departId' D:\wamp\www\wisdom\App\Runtime\Cache\Admin\5c930ed5983955faddef17bf18733928.php 第 207 行.
NOTIC: [8] Use of undefined constant departId - assumed 'departId' D:\wamp\www\wisdom\App\Runtime\Cache\Admin\5c930ed5983955faddef17bf18733928.php 第 207 行.
NOTIC: [8] Use of undefined constant departId - assumed 'departId' D:\wamp\www\wisdom\App\Runtime\Cache\Admin\5c930ed5983955faddef17bf18733928.php 第 207 行.
NOTIC: [8] Use of undefined constant departId - assumed 'departId' D:\wamp\www\wisdom\App\Runtime\Cache\Admin\5c930ed5983955faddef17bf18733928.php 第 207 行.
NOTIC: [8] Use of undefined constant departId - assumed 'departId' D:\wamp\www\wisdom\App\Runtime\Cache\Admin\5c930ed5983955faddef17bf18733928.php 第 207 行.
NOTIC: [8] Use of undefined constant departId - assumed 'departId' D:\wamp\www\wisdom\App\Runtime\Cache\Admin\5c930ed5983955faddef17bf18733928.php 第 207 行.
NOTIC: [8] Use of undefined constant departId - assumed 'departId' D:\wamp\www\wisdom\App\Runtime\Cache\Admin\5c930ed5983955faddef17bf18733928.php 第 207 行.
NOTIC: [8] Use of undefined constant departId - assumed 'departId' D:\wamp\www\wisdom\App\Runtime\Cache\Admin\5c930ed5983955faddef17bf18733928.php 第 207 行.
NOTIC: [8] Use of undefined constant isOmsUser - assumed 'isOmsUser' D:\wamp\www\wisdom\App\Runtime\Cache\Admin\5c930ed5983955faddef17bf18733928.php 第 212 行.
NOTIC: [8] Use of undefined constant isOmsUser - assumed 'isOmsUser' D:\wamp\www\wisdom\App\Runtime\Cache\Admin\5c930ed5983955faddef17bf18733928.php 第 213 行.
NOTIC: [8] Use of undefined constant departId - assumed 'departId' D:\wamp\www\wisdom\App\Runtime\Cache\Admin\5c930ed5983955faddef17bf18733928.php 第 207 行.
NOTIC: [8] Use of undefined constant departId - assumed 'departId' D:\wamp\www\wisdom\App\Runtime\Cache\Admin\5c930ed5983955faddef17bf18733928.php 第 207 行.
NOTIC: [8] Use of undefined constant departId - assumed 'departId' D:\wamp\www\wisdom\App\Runtime\Cache\Admin\5c930ed5983955faddef17bf18733928.php 第 207 行.
NOTIC: [8] Use of undefined constant departId - assumed 'departId' D:\wamp\www\wisdom\App\Runtime\Cache\Admin\5c930ed5983955faddef17bf18733928.php 第 207 行.
NOTIC: [8] Use of undefined constant departId - assumed 'departId' D:\wamp\www\wisdom\App\Runtime\Cache\Admin\5c930ed5983955faddef17bf18733928.php 第 207 行.
NOTIC: [8] Use of undefined constant departId - assumed 'departId' D:\wamp\www\wisdom\App\Runtime\Cache\Admin\5c930ed5983955faddef17bf18733928.php 第 207 行.
NOTIC: [8] Use of undefined constant departId - assumed 'departId' D:\wamp\www\wisdom\App\Runtime\Cache\Admin\5c930ed5983955faddef17bf18733928.php 第 207 行.
NOTIC: [8] Use of undefined constant departId - assumed 'departId' D:\wamp\www\wisdom\App\Runtime\Cache\Admin\5c930ed5983955faddef17bf18733928.php 第 207 行.
NOTIC: [8] Use of undefined constant departId - assumed 'departId' D:\wamp\www\wisdom\App\Runtime\Cache\Admin\5c930ed5983955faddef17bf18733928.php 第 207 行.
NOTIC: [8] Use of undefined constant departId - assumed 'departId' D:\wamp\www\wisdom\App\Runtime\Cache\Admin\5c930ed5983955faddef17bf18733928.php 第 207 行.
NOTIC: [8] Use of undefined constant departId - assumed 'departId' D:\wamp\www\wisdom\App\Runtime\Cache\Admin\5c930ed5983955faddef17bf18733928.php 第 207 行.
NOTIC: [8] Use of undefined constant departId - assumed 'departId' D:\wamp\www\wisdom\App\Runtime\Cache\Admin\5c930ed5983955faddef17bf18733928.php 第 207 行.
NOTIC: [8] Use of undefined constant departId - assumed 'departId' D:\wamp\www\wisdom\App\Runtime\Cache\Admin\5c930ed5983955faddef17bf18733928.php 第 207 行.
NOTIC: [8] Use of undefined constant departId - assumed 'departId' D:\wamp\www\wisdom\App\Runtime\Cache\Admin\5c930ed5983955faddef17bf18733928.php 第 207 行.
NOTIC: [8] Use of undefined constant departId - assumed 'departId' D:\wamp\www\wisdom\App\Runtime\Cache\Admin\5c930ed5983955faddef17bf18733928.php 第 207 行.
NOTIC: [8] Use of undefined constant departId - assumed 'departId' D:\wamp\www\wisdom\App\Runtime\Cache\Admin\5c930ed5983955faddef17bf18733928.php 第 207 行.
NOTIC: [8] Use of undefined constant isOmsUser - assumed 'isOmsUser' D:\wamp\www\wisdom\App\Runtime\Cache\Admin\5c930ed5983955faddef17bf18733928.php 第 212 行.
NOTIC: [8] Use of undefined constant isOmsUser - assumed 'isOmsUser' D:\wamp\www\wisdom\App\Runtime\Cache\Admin\5c930ed5983955faddef17bf18733928.php 第 213 行.
INFO: Run Behavior\ParseTemplateBehavior [ RunTime:0.119007s ]
INFO: [ view_parse ] --END-- [ RunTime:0.119007s ]
INFO: [ view_filter ] --START--
INFO: Run Behavior\WriteHtmlCacheBehavior [ RunTime:0.001000s ]
INFO: [ view_filter ] --END-- [ RunTime:0.001000s ]
INFO: [ app_end ] --START--
INFO: Run Behavior\ShowPageTraceBehavior [ RunTime:0.001000s ]
INFO: [ app_end ] --END-- [ RunTime:0.007000s ]

[ 2015-11-16T11:42:14+08:00 ] 127.0.0.1 /wisdom/index.php/Admin/Access/index
INFO: [ app_init ] --START--
INFO: Run Behavior\BuildLiteBehavior [ RunTime:0.000000s ]
INFO: [ app_init ] --END-- [ RunTime:0.000000s ]
INFO: [ app_begin ] --START--
INFO: Run Behavior\ReadHtmlCacheBehavior [ RunTime:0.000000s ]
INFO: [ app_begin ] --END-- [ RunTime:0.000000s ]
SQL: SHOW COLUMNS FROM `t_user_role` [ RunTime:0.0040s ]
SQL: SELECT * FROM `t_user_role` WHERE ( f_user_id=10862 ) LIMIT 1   [ RunTime:0.0020s ]
SQL: SHOW COLUMNS FROM `t_role` [ RunTime:0.0020s ]
SQL: SELECT * FROM `t_role` WHERE ( f_id=112 ) LIMIT 1   [ RunTime:0.0020s ]
INFO: [ view_parse ] --START--
INFO: [ template_filter ] --START--
INFO: Run Behavior\ContentReplaceBehavior [ RunTime:0.000000s ]
INFO: [ template_filter ] --END-- [ RunTime:0.000000s ]
INFO: Run Behavior\ParseTemplateBehavior [ RunTime:0.018001s ]
INFO: [ view_parse ] --END-- [ RunTime:0.018001s ]
INFO: [ view_filter ] --START--
INFO: Run Behavior\WriteHtmlCacheBehavior [ RunTime:0.000000s ]
INFO: [ view_filter ] --END-- [ RunTime:0.000000s ]
INFO: [ app_end ] --START--
INFO: Run Behavior\ShowPageTraceBehavior [ RunTime:0.001000s ]
INFO: [ app_end ] --END-- [ RunTime:0.001000s ]

[ 2015-11-16T11:42:16+08:00 ] 127.0.0.1 /wisdom/index.php/Admin/Access/show_nodelist?roleid=114
INFO: [ app_init ] --START--
INFO: Run Behavior\BuildLiteBehavior [ RunTime:0.000000s ]
INFO: [ app_init ] --END-- [ RunTime:0.000000s ]
INFO: [ app_begin ] --START--
INFO: Run Behavior\ReadHtmlCacheBehavior [ RunTime:0.000000s ]
INFO: [ app_begin ] --END-- [ RunTime:0.001000s ]
SQL: SHOW COLUMNS FROM `t_user_role` [ RunTime:0.0020s ]
SQL: SELECT * FROM `t_user_role` WHERE ( f_user_id=10862 ) LIMIT 1   [ RunTime:0.0010s ]
SQL: SHOW COLUMNS FROM `t_role` [ RunTime:0.0040s ]
SQL: SELECT * FROM `t_role` WHERE ( f_id=112 ) LIMIT 1   [ RunTime:0.0010s ]
SQL: SELECT `f_access`,`f_name` FROM `t_role` WHERE ( f_id=114 )  [ RunTime:0.0030s ]
SQL: SHOW COLUMNS FROM `t_node` [ RunTime:0.0030s ]
SQL: SELECT * FROM `t_node` WHERE ( `f_pid`=0 )  [ RunTime:0.0020s ]
SQL: SELECT * FROM `t_node` WHERE ( f_pid=1 )  [ RunTime:0.0020s ]
SQL: SELECT * FROM `t_node` WHERE ( f_pid=5 )  [ RunTime:0.0020s ]
SQL: SELECT * FROM `t_node` WHERE ( f_pid=9 )  [ RunTime:0.0020s ]
SQL: SELECT * FROM `t_node` WHERE ( f_pid=13 )  [ RunTime:0.0020s ]
SQL: SELECT * FROM `t_node` WHERE ( f_pid=19 )  [ RunTime:0.0020s ]
INFO: [ view_parse ] --START--
INFO: [ template_filter ] --START--
INFO: Run Behavior\ContentReplaceBehavior [ RunTime:0.000000s ]
INFO: [ template_filter ] --END-- [ RunTime:0.000000s ]
NOTIC: [8] Use of undefined constant f_value - assumed 'f_value' D:\wamp\www\wisdom\App\Runtime\Cache\Admin\1e1abd8e20fc6cdefce0cefe2f6d5694.php 第 67 行.
NOTIC: [8] Use of undefined constant f_value - assumed 'f_value' D:\wamp\www\wisdom\App\Runtime\Cache\Admin\1e1abd8e20fc6cdefce0cefe2f6d5694.php 第 67 行.
NOTIC: [8] Use of undefined constant f_value - assumed 'f_value' D:\wamp\www\wisdom\App\Runtime\Cache\Admin\1e1abd8e20fc6cdefce0cefe2f6d5694.php 第 67 行.
NOTIC: [8] Use of undefined constant f_value - assumed 'f_value' D:\wamp\www\wisdom\App\Runtime\Cache\Admin\1e1abd8e20fc6cdefce0cefe2f6d5694.php 第 67 行.
NOTIC: [8] Use of undefined constant f_value - assumed 'f_value' D:\wamp\www\wisdom\App\Runtime\Cache\Admin\1e1abd8e20fc6cdefce0cefe2f6d5694.php 第 67 行.
NOTIC: [8] Use of undefined constant f_value - assumed 'f_value' D:\wamp\www\wisdom\App\Runtime\Cache\Admin\1e1abd8e20fc6cdefce0cefe2f6d5694.php 第 67 行.
NOTIC: [8] Use of undefined constant f_value - assumed 'f_value' D:\wamp\www\wisdom\App\Runtime\Cache\Admin\1e1abd8e20fc6cdefce0cefe2f6d5694.php 第 67 行.
NOTIC: [8] Use of undefined constant f_value - assumed 'f_value' D:\wamp\www\wisdom\App\Runtime\Cache\Admin\1e1abd8e20fc6cdefce0cefe2f6d5694.php 第 67 行.
NOTIC: [8] Use of undefined constant f_value - assumed 'f_value' D:\wamp\www\wisdom\App\Runtime\Cache\Admin\1e1abd8e20fc6cdefce0cefe2f6d5694.php 第 67 行.
NOTIC: [8] Use of undefined constant f_value - assumed 'f_value' D:\wamp\www\wisdom\App\Runtime\Cache\Admin\1e1abd8e20fc6cdefce0cefe2f6d5694.php 第 67 行.
NOTIC: [8] Use of undefined constant f_value - assumed 'f_value' D:\wamp\www\wisdom\App\Runtime\Cache\Admin\1e1abd8e20fc6cdefce0cefe2f6d5694.php 第 67 行.
NOTIC: [8] Use of undefined constant f_value - assumed 'f_value' D:\wamp\www\wisdom\App\Runtime\Cache\Admin\1e1abd8e20fc6cdefce0cefe2f6d5694.php 第 67 行.
NOTIC: [8] Use of undefined constant f_value - assumed 'f_value' D:\wamp\www\wisdom\App\Runtime\Cache\Admin\1e1abd8e20fc6cdefce0cefe2f6d5694.php 第 67 行.
NOTIC: [8] Use of undefined constant f_value - assumed 'f_value' D:\wamp\www\wisdom\App\Runtime\Cache\Admin\1e1abd8e20fc6cdefce0cefe2f6d5694.php 第 67 行.
NOTIC: [8] Use of undefined constant f_value - assumed 'f_value' D:\wamp\www\wisdom\App\Runtime\Cache\Admin\1e1abd8e20fc6cdefce0cefe2f6d5694.php 第 67 行.
INFO: Run Behavior\ParseTemplateBehavior [ RunTime:0.026002s ]
INFO: [ view_parse ] --END-- [ RunTime:0.026002s ]
INFO: [ view_filter ] --START--
INFO: Run Behavior\WriteHtmlCacheBehavior [ RunTime:0.000000s ]
INFO: [ view_filter ] --END-- [ RunTime:0.000000s ]
INFO: [ app_end ] --START--
INFO: Run Behavior\ShowPageTraceBehavior [ RunTime:0.000000s ]
INFO: [ app_end ] --END-- [ RunTime:0.000000s ]

[ 2015-11-16T11:42:19+08:00 ] 127.0.0.1 /wisdom/index.php/Admin/Access/addrole
INFO: [ app_init ] --START--
INFO: Run Behavior\BuildLiteBehavior [ RunTime:0.000000s ]
INFO: [ app_init ] --END-- [ RunTime:0.000000s ]
INFO: [ app_begin ] --START--
INFO: Run Behavior\ReadHtmlCacheBehavior [ RunTime:0.000000s ]
INFO: [ app_begin ] --END-- [ RunTime:0.000000s ]
SQL: SHOW COLUMNS FROM `t_user_role` [ RunTime:0.0030s ]
SQL: SELECT * FROM `t_user_role` WHERE ( f_user_id=10862 ) LIMIT 1   [ RunTime:0.0020s ]
SQL: SHOW COLUMNS FROM `t_role` [ RunTime:0.0030s ]
SQL: SELECT * FROM `t_role` WHERE ( f_id=112 ) LIMIT 1   [ RunTime:0.0020s ]
SQL: SHOW COLUMNS FROM `t_node` [ RunTime:0.0040s ]
SQL: SELECT * FROM `t_node` WHERE ( `f_pid`=0 )  [ RunTime:0.0020s ]
SQL: SELECT * FROM `t_node` WHERE ( f_pid=1 )  [ RunTime:0.0020s ]
SQL: SELECT * FROM `t_node` WHERE ( f_pid=5 )  [ RunTime:0.0020s ]
SQL: SELECT * FROM `t_node` WHERE ( f_pid=9 )  [ RunTime:0.0020s ]
SQL: SELECT * FROM `t_node` WHERE ( f_pid=13 )  [ RunTime:0.0020s ]
SQL: SELECT * FROM `t_node` WHERE ( f_pid=19 )  [ RunTime:0.0040s ]
INFO: [ view_parse ] --START--
INFO: [ template_filter ] --START--
INFO: Run Behavior\ContentReplaceBehavior [ RunTime:0.000000s ]
INFO: [ template_filter ] --END-- [ RunTime:0.000000s ]
INFO: Run Behavior\ParseTemplateBehavior [ RunTime:0.019002s ]
INFO: [ view_parse ] --END-- [ RunTime:0.019002s ]
INFO: [ view_filter ] --START--
INFO: Run Behavior\WriteHtmlCacheBehavior [ RunTime:0.000000s ]
INFO: [ view_filter ] --END-- [ RunTime:0.000000s ]
INFO: [ app_end ] --START--
INFO: Run Behavior\ShowPageTraceBehavior [ RunTime:0.000000s ]
INFO: [ app_end ] --END-- [ RunTime:0.000000s ]

[ 2015-11-16T11:42:23+08:00 ] 127.0.0.1 /wisdom/index.php/Admin/Access/index
INFO: [ app_init ] --START--
INFO: Run Behavior\BuildLiteBehavior [ RunTime:0.000000s ]
INFO: [ app_init ] --END-- [ RunTime:0.001000s ]
INFO: [ app_begin ] --START--
INFO: Run Behavior\ReadHtmlCacheBehavior [ RunTime:0.001000s ]
INFO: [ app_begin ] --END-- [ RunTime:0.001000s ]
SQL: SHOW COLUMNS FROM `t_user_role` [ RunTime:0.0040s ]
SQL: SELECT * FROM `t_user_role` WHERE ( f_user_id=10862 ) LIMIT 1   [ RunTime:0.0030s ]
SQL: SHOW COLUMNS FROM `t_role` [ RunTime:0.0030s ]
SQL: SELECT * FROM `t_role` WHERE ( f_id=112 ) LIMIT 1   [ RunTime:0.0030s ]
INFO: [ view_parse ] --START--
INFO: [ template_filter ] --START--
INFO: Run Behavior\ContentReplaceBehavior [ RunTime:0.001000s ]
INFO: [ template_filter ] --END-- [ RunTime:0.001000s ]
INFO: Run Behavior\ParseTemplateBehavior [ RunTime:0.009000s ]
INFO: [ view_parse ] --END-- [ RunTime:0.009000s ]
INFO: [ view_filter ] --START--
INFO: Run Behavior\WriteHtmlCacheBehavior [ RunTime:0.001000s ]
INFO: [ view_filter ] --END-- [ RunTime:0.001000s ]
INFO: [ app_end ] --START--
INFO: Run Behavior\ShowPageTraceBehavior [ RunTime:0.000000s ]
INFO: [ app_end ] --END-- [ RunTime:0.001000s ]

[ 2015-11-16T11:42:24+08:00 ] 127.0.0.1 /wisdom/index.php/Admin/Group/index
INFO: [ app_init ] --START--
INFO: Run Behavior\BuildLiteBehavior [ RunTime:0.001000s ]
INFO: [ app_init ] --END-- [ RunTime:0.001000s ]
INFO: [ app_begin ] --START--
INFO: Run Behavior\ReadHtmlCacheBehavior [ RunTime:0.001000s ]
INFO: [ app_begin ] --END-- [ RunTime:0.001000s ]
SQL: SHOW COLUMNS FROM `t_user_role` [ RunTime:0.0030s ]
SQL: SELECT * FROM `t_user_role` WHERE ( f_user_id=10862 ) LIMIT 1   [ RunTime:0.0020s ]
SQL: SHOW COLUMNS FROM `t_role` [ RunTime:0.0030s ]
SQL: SELECT * FROM `t_role` WHERE ( f_id=112 ) LIMIT 1   [ RunTime:0.0020s ]
INFO: [ view_parse ] --START--
INFO: [ template_filter ] --START--
INFO: Run Behavior\ContentReplaceBehavior [ RunTime:0.000000s ]
INFO: [ template_filter ] --END-- [ RunTime:0.001000s ]
NOTIC: [8] Use of undefined constant departId - assumed 'departId' D:\wamp\www\wisdom\App\Runtime\Cache\Admin\5c930ed5983955faddef17bf18733928.php 第 207 行.
NOTIC: [8] Use of undefined constant departId - assumed 'departId' D:\wamp\www\wisdom\App\Runtime\Cache\Admin\5c930ed5983955faddef17bf18733928.php 第 207 行.
NOTIC: [8] Use of undefined constant departId - assumed 'departId' D:\wamp\www\wisdom\App\Runtime\Cache\Admin\5c930ed5983955faddef17bf18733928.php 第 207 行.
NOTIC: [8] Use of undefined constant departId - assumed 'departId' D:\wamp\www\wisdom\App\Runtime\Cache\Admin\5c930ed5983955faddef17bf18733928.php 第 207 行.
NOTIC: [8] Use of undefined constant departId - assumed 'departId' D:\wamp\www\wisdom\App\Runtime\Cache\Admin\5c930ed5983955faddef17bf18733928.php 第 207 行.
NOTIC: [8] Use of undefined constant departId - assumed 'departId' D:\wamp\www\wisdom\App\Runtime\Cache\Admin\5c930ed5983955faddef17bf18733928.php 第 207 行.
NOTIC: [8] Use of undefined constant departId - assumed 'departId' D:\wamp\www\wisdom\App\Runtime\Cache\Admin\5c930ed5983955faddef17bf18733928.php 第 207 行.
NOTIC: [8] Use of undefined constant departId - assumed 'departId' D:\wamp\www\wisdom\App\Runtime\Cache\Admin\5c930ed5983955faddef17bf18733928.php 第 207 行.
NOTIC: [8] Use of undefined constant departId - assumed 'departId' D:\wamp\www\wisdom\App\Runtime\Cache\Admin\5c930ed5983955faddef17bf18733928.php 第 207 行.
NOTIC: [8] Use of undefined constant departId - assumed 'departId' D:\wamp\www\wisdom\App\Runtime\Cache\Admin\5c930ed5983955faddef17bf18733928.php 第 207 行.
NOTIC: [8] Use of undefined constant departId - assumed 'departId' D:\wamp\www\wisdom\App\Runtime\Cache\Admin\5c930ed5983955faddef17bf18733928.php 第 207 行.
NOTIC: [8] Use of undefined constant departId - assumed 'departId' D:\wamp\www\wisdom\App\Runtime\Cache\Admin\5c930ed5983955faddef17bf18733928.php 第 207 行.
NOTIC: [8] Use of undefined constant departId - assumed 'departId' D:\wamp\www\wisdom\App\Runtime\Cache\Admin\5c930ed5983955faddef17bf18733928.php 第 207 行.
NOTIC: [8] Use of undefined constant departId - assumed 'departId' D:\wamp\www\wisdom\App\Runtime\Cache\Admin\5c930ed5983955faddef17bf18733928.php 第 207 行.
NOTIC: [8] Use of undefined constant departId - assumed 'departId' D:\wamp\www\wisdom\App\Runtime\Cache\Admin\5c930ed5983955faddef17bf18733928.php 第 207 行.
NOTIC: [8] Use of undefined constant departId - assumed 'departId' D:\wamp\www\wisdom\App\Runtime\Cache\Admin\5c930ed5983955faddef17bf18733928.php 第 207 行.
NOTIC: [8] Use of undefined constant isOmsUser - assumed 'isOmsUser' D:\wamp\www\wisdom\App\Runtime\Cache\Admin\5c930ed5983955faddef17bf18733928.php 第 212 行.
NOTIC: [8] Use of undefined constant isOmsUser - assumed 'isOmsUser' D:\wamp\www\wisdom\App\Runtime\Cache\Admin\5c930ed5983955faddef17bf18733928.php 第 213 行.
NOTIC: [8] Use of undefined constant departId - assumed 'departId' D:\wamp\www\wisdom\App\Runtime\Cache\Admin\5c930ed5983955faddef17bf18733928.php 第 207 行.
NOTIC: [8] Use of undefined constant departId - assumed 'departId' D:\wamp\www\wisdom\App\Runtime\Cache\Admin\5c930ed5983955faddef17bf18733928.php 第 207 行.
NOTIC: [8] Use of undefined constant departId - assumed 'departId' D:\wamp\www\wisdom\App\Runtime\Cache\Admin\5c930ed5983955faddef17bf18733928.php 第 207 行.
NOTIC: [8] Use of undefined constant departId - assumed 'departId' D:\wamp\www\wisdom\App\Runtime\Cache\Admin\5c930ed5983955faddef17bf18733928.php 第 207 行.
NOTIC: [8] Use of undefined constant departId - assumed 'departId' D:\wamp\www\wisdom\App\Runtime\Cache\Admin\5c930ed5983955faddef17bf18733928.php 第 207 行.
NOTIC: [8] Use of undefined constant departId - assumed 'departId' D:\wamp\www\wisdom\App\Runtime\Cache\Admin\5c930ed5983955faddef17bf18733928.php 第 207 行.
NOTIC: [8] Use of undefined constant departId - assumed 'departId' D:\wamp\www\wisdom\App\Runtime\Cache\Admin\5c930ed5983955faddef17bf18733928.php 第 207 行.
NOTIC: [8] Use of undefined constant departId - assumed 'departId' D:\wamp\www\wisdom\App\Runtime\Cache\Admin\5c930ed5983955faddef17bf18733928.php 第 207 行.
NOTIC: [8] Use of undefined constant departId - assumed 'departId' D:\wamp\www\wisdom\App\Runtime\Cache\Admin\5c930ed5983955faddef17bf18733928.php 第 207 行.
NOTIC: [8] Use of undefined constant departId - assumed 'departId' D:\wamp\www\wisdom\App\Runtime\Cache\Admin\5c930ed5983955faddef17bf18733928.php 第 207 行.
NOTIC: [8] Use of undefined constant departId - assumed 'departId' D:\wamp\www\wisdom\App\Runtime\Cache\Admin\5c930ed5983955faddef17bf18733928.php 第 207 行.
NOTIC: [8] Use of undefined constant departId - assumed 'departId' D:\wamp\www\wisdom\App\Runtime\Cache\Admin\5c930ed5983955faddef17bf18733928.php 第 207 行.
NOTIC: [8] Use of undefined constant departId - assumed 'departId' D:\wamp\www\wisdom\App\Runtime\Cache\Admin\5c930ed5983955faddef17bf18733928.php 第 207 行.
NOTIC: [8] Use of undefined constant departId - assumed 'departId' D:\wamp\www\wisdom\App\Runtime\Cache\Admin\5c930ed5983955faddef17bf18733928.php 第 207 行.
NOTIC: [8] Use of undefined constant departId - assumed 'departId' D:\wamp\www\wisdom\App\Runtime\Cache\Admin\5c930ed5983955faddef17bf18733928.php 第 207 行.
NOTIC: [8] Use of undefined constant departId - assumed 'departId' D:\wamp\www\wisdom\App\Runtime\Cache\Admin\5c930ed5983955faddef17bf18733928.php 第 207 行.
NOTIC: [8] Use of undefined constant isOmsUser - assumed 'isOmsUser' D:\wamp\www\wisdom\App\Runtime\Cache\Admin\5c930ed5983955faddef17bf18733928.php 第 212 行.
NOTIC: [8] Use of undefined constant isOmsUser - assumed 'isOmsUser' D:\wamp\www\wisdom\App\Runtime\Cache\Admin\5c930ed5983955faddef17bf18733928.php 第 213 行.
NOTIC: [8] Use of undefined constant departId - assumed 'departId' D:\wamp\www\wisdom\App\Runtime\Cache\Admin\5c930ed5983955faddef17bf18733928.php 第 207 行.
NOTIC: [8] Use of undefined constant departId - assumed 'departId' D:\wamp\www\wisdom\App\Runtime\Cache\Admin\5c930ed5983955faddef17bf18733928.php 第 207 行.
NOTIC: [8] Use of undefined constant departId - assumed 'departId' D:\wamp\www\wisdom\App\Runtime\Cache\Admin\5c930ed5983955faddef17bf18733928.php 第 207 行.
NOTIC: [8] Use of undefined constant departId - assumed 'departId' D:\wamp\www\wisdom\App\Runtime\Cache\Admin\5c930ed5983955faddef17bf18733928.php 第 207 行.
NOTIC: [8] Use of undefined constant departId - assumed 'departId' D:\wamp\www\wisdom\App\Runtime\Cache\Admin\5c930ed5983955faddef17bf18733928.php 第 207 行.
NOTIC: [8] Use of undefined constant departId - assumed 'departId' D:\wamp\www\wisdom\App\Runtime\Cache\Admin\5c930ed5983955faddef17bf18733928.php 第 207 行.
NOTIC: [8] Use of undefined constant departId - assumed 'departId' D:\wamp\www\wisdom\App\Runtime\Cache\Admin\5c930ed5983955faddef17bf18733928.php 第 207 行.
NOTIC: [8] Use of undefined constant departId - assumed 'departId' D:\wamp\www\wisdom\App\Runtime\Cache\Admin\5c930ed5983955faddef17bf18733928.php 第 207 行.
NOTIC: [8] Use of undefined constant departId - assumed 'departId' D:\wamp\www\wisdom\App\Runtime\Cache\Admin\5c930ed5983955faddef17bf18733928.php 第 207 行.
NOTIC: [8] Use of undefined constant departId - assumed 'departId' D:\wamp\www\wisdom\App\Runtime\Cache\Admin\5c930ed5983955faddef17bf18733928.php 第 207 行.
NOTIC: [8] Use of undefined constant departId - assumed 'departId' D:\wamp\www\wisdom\App\Runtime\Cache\Admin\5c930ed5983955faddef17bf18733928.php 第 207 行.
NOTIC: [8] Use of undefined constant departId - assumed 'departId' D:\wamp\www\wisdom\App\Runtime\Cache\Admin\5c930ed5983955faddef17bf18733928.php 第 207 行.
NOTIC: [8] Use of undefined constant departId - assumed 'departId' D:\wamp\www\wisdom\App\Runtime\Cache\Admin\5c930ed5983955faddef17bf18733928.php 第 207 行.
NOTIC: [8] Use of undefined constant departId - assumed 'departId' D:\wamp\www\wisdom\App\Runtime\Cache\Admin\5c930ed5983955faddef17bf18733928.php 第 207 行.
NOTIC: [8] Use of undefined constant departId - assumed 'departId' D:\wamp\www\wisdom\App\Runtime\Cache\Admin\5c930ed5983955faddef17bf18733928.php 第 207 行.
NOTIC: [8] Use of undefined constant departId - assumed 'departId' D:\wamp\www\wisdom\App\Runtime\Cache\Admin\5c930ed5983955faddef17bf18733928.php 第 207 行.
NOTIC: [8] Use of undefined constant isOmsUser - assumed 'isOmsUser' D:\wamp\www\wisdom\App\Runtime\Cache\Admin\5c930ed5983955faddef17bf18733928.php 第 212 行.
NOTIC: [8] Use of undefined constant isOmsUser - assumed 'isOmsUser' D:\wamp\www\wisdom\App\Runtime\Cache\Admin\5c930ed5983955faddef17bf18733928.php 第 213 行.
NOTIC: [8] Use of undefined constant departId - assumed 'departId' D:\wamp\www\wisdom\App\Runtime\Cache\Admin\5c930ed5983955faddef17bf18733928.php 第 207 行.
NOTIC: [8] Use of undefined constant departId - assumed 'departId' D:\wamp\www\wisdom\App\Runtime\Cache\Admin\5c930ed5983955faddef17bf18733928.php 第 207 行.
NOTIC: [8] Use of undefined constant departId - assumed 'departId' D:\wamp\www\wisdom\App\Runtime\Cache\Admin\5c930ed5983955faddef17bf18733928.php 第 207 行.
NOTIC: [8] Use of undefined constant departId - assumed 'departId' D:\wamp\www\wisdom\App\Runtime\Cache\Admin\5c930ed5983955faddef17bf18733928.php 第 207 行.
NOTIC: [8] Use of undefined constant departId - assumed 'departId' D:\wamp\www\wisdom\App\Runtime\Cache\Admin\5c930ed5983955faddef17bf18733928.php 第 207 行.
NOTIC: [8] Use of undefined constant departId - assumed 'departId' D:\wamp\www\wisdom\App\Runtime\Cache\Admin\5c930ed5983955faddef17bf18733928.php 第 207 行.
NOTIC: [8] Use of undefined constant departId - assumed 'departId' D:\wamp\www\wisdom\App\Runtime\Cache\Admin\5c930ed5983955faddef17bf18733928.php 第 207 行.
NOTIC: [8] Use of undefined constant departId - assumed 'departId' D:\wamp\www\wisdom\App\Runtime\Cache\Admin\5c930ed5983955faddef17bf18733928.php 第 207 行.
NOTIC: [8] Use of undefined constant departId - assumed 'departId' D:\wamp\www\wisdom\App\Runtime\Cache\Admin\5c930ed5983955faddef17bf18733928.php 第 207 行.
NOTIC: [8] Use of undefined constant departId - assumed 'departId' D:\wamp\www\wisdom\App\Runtime\Cache\Admin\5c930ed5983955faddef17bf18733928.php 第 207 行.
NOTIC: [8] Use of undefined constant departId - assumed 'departId' D:\wamp\www\wisdom\App\Runtime\Cache\Admin\5c930ed5983955faddef17bf18733928.php 第 207 行.
NOTIC: [8] Use of undefined constant departId - assumed 'departId' D:\wamp\www\wisdom\App\Runtime\Cache\Admin\5c930ed5983955faddef17bf18733928.php 第 207 行.
NOTIC: [8] Use of undefined constant departId - assumed 'departId' D:\wamp\www\wisdom\App\Runtime\Cache\Admin\5c930ed5983955faddef17bf18733928.php 第 207 行.
NOTIC: [8] Use of undefined constant departId - assumed 'departId' D:\wamp\www\wisdom\App\Runtime\Cache\Admin\5c930ed5983955faddef17bf18733928.php 第 207 行.
NOTIC: [8] Use of undefined constant departId - assumed 'departId' D:\wamp\www\wisdom\App\Runtime\Cache\Admin\5c930ed5983955faddef17bf18733928.php 第 207 行.
NOTIC: [8] Use of undefined constant departId - assumed 'departId' D:\wamp\www\wisdom\App\Runtime\Cache\Admin\5c930ed5983955faddef17bf18733928.php 第 207 行.
NOTIC: [8] Use of undefined constant isOmsUser - assumed 'isOmsUser' D:\wamp\www\wisdom\App\Runtime\Cache\Admin\5c930ed5983955faddef17bf18733928.php 第 212 行.
NOTIC: [8] Use of undefined constant isOmsUser - assumed 'isOmsUser' D:\wamp\www\wisdom\App\Runtime\Cache\Admin\5c930ed5983955faddef17bf18733928.php 第 213 行.
NOTIC: [8] Use of undefined constant departId - assumed 'departId' D:\wamp\www\wisdom\App\Runtime\Cache\Admin\5c930ed5983955faddef17bf18733928.php 第 207 行.
NOTIC: [8] Use of undefined constant departId - assumed 'departId' D:\wamp\www\wisdom\App\Runtime\Cache\Admin\5c930ed5983955faddef17bf18733928.php 第 207 行.
NOTIC: [8] Use of undefined constant departId - assumed 'departId' D:\wamp\www\wisdom\App\Runtime\Cache\Admin\5c930ed5983955faddef17bf18733928.php 第 207 行.
NOTIC: [8] Use of undefined constant departId - assumed 'departId' D:\wamp\www\wisdom\App\Runtime\Cache\Admin\5c930ed5983955faddef17bf18733928.php 第 207 行.
NOTIC: [8] Use of undefined constant departId - assumed 'departId' D:\wamp\www\wisdom\App\Runtime\Cache\Admin\5c930ed5983955faddef17bf18733928.php 第 207 行.
NOTIC: [8] Use of undefined constant departId - assumed 'departId' D:\wamp\www\wisdom\App\Runtime\Cache\Admin\5c930ed5983955faddef17bf18733928.php 第 207 行.
NOTIC: [8] Use of undefined constant departId - assumed 'departId' D:\wamp\www\wisdom\App\Runtime\Cache\Admin\5c930ed5983955faddef17bf18733928.php 第 207 行.
NOTIC: [8] Use of undefined constant departId - assumed 'departId' D:\wamp\www\wisdom\App\Runtime\Cache\Admin\5c930ed5983955faddef17bf18733928.php 第 207 行.
NOTIC: [8] Use of undefined constant departId - assumed 'departId' D:\wamp\www\wisdom\App\Runtime\Cache\Admin\5c930ed5983955faddef17bf18733928.php 第 207 行.
NOTIC: [8] Use of undefined constant departId - assumed 'departId' D:\wamp\www\wisdom\App\Runtime\Cache\Admin\5c930ed5983955faddef17bf18733928.php 第 207 行.
NOTIC: [8] Use of undefined constant departId - assumed 'departId' D:\wamp\www\wisdom\App\Runtime\Cache\Admin\5c930ed5983955faddef17bf18733928.php 第 207 行.
NOTIC: [8] Use of undefined constant departId - assumed 'departId' D:\wamp\www\wisdom\App\Runtime\Cache\Admin\5c930ed5983955faddef17bf18733928.php 第 207 行.
NOTIC: [8] Use of undefined constant departId - assumed 'departId' D:\wamp\www\wisdom\App\Runtime\Cache\Admin\5c930ed5983955faddef17bf18733928.php 第 207 行.
NOTIC: [8] Use of undefined constant departId - assumed 'departId' D:\wamp\www\wisdom\App\Runtime\Cache\Admin\5c930ed5983955faddef17bf18733928.php 第 207 行.
NOTIC: [8] Use of undefined constant departId - assumed 'departId' D:\wamp\www\wisdom\App\Runtime\Cache\Admin\5c930ed5983955faddef17bf18733928.php 第 207 行.
NOTIC: [8] Use of undefined constant departId - assumed 'departId' D:\wamp\www\wisdom\App\Runtime\Cache\Admin\5c930ed5983955faddef17bf18733928.php 第 207 行.
NOTIC: [8] Use of undefined constant isOmsUser - assumed 'isOmsUser' D:\wamp\www\wisdom\App\Runtime\Cache\Admin\5c930ed5983955faddef17bf18733928.php 第 212 行.
NOTIC: [8] Use of undefined constant isOmsUser - assumed 'isOmsUser' D:\wamp\www\wisdom\App\Runtime\Cache\Admin\5c930ed5983955faddef17bf18733928.php 第 213 行.
INFO: Run Behavior\ParseTemplateBehavior [ RunTime:0.033002s ]
INFO: [ view_parse ] --END-- [ RunTime:0.033002s ]
INFO: [ view_filter ] --START--
INFO: Run Behavior\WriteHtmlCacheBehavior [ RunTime:0.000000s ]
INFO: [ view_filter ] --END-- [ RunTime:0.000000s ]
INFO: [ app_end ] --START--
INFO: Run Behavior\ShowPageTraceBehavior [ RunTime:0.000000s ]
INFO: [ app_end ] --END-- [ RunTime:0.001000s ]

[ 2015-11-16T11:42:26+08:00 ] 127.0.0.1 /wisdom/index.php/Admin/Group/addStaff
INFO: [ app_init ] --START--
INFO: Run Behavior\BuildLiteBehavior [ RunTime:0.000000s ]
INFO: [ app_init ] --END-- [ RunTime:0.001000s ]
INFO: [ app_begin ] --START--
INFO: Run Behavior\ReadHtmlCacheBehavior [ RunTime:0.000000s ]
INFO: [ app_begin ] --END-- [ RunTime:0.000000s ]
SQL: SHOW COLUMNS FROM `t_user_role` [ RunTime:0.0020s ]
SQL: SELECT * FROM `t_user_role` WHERE ( f_user_id=10862 ) LIMIT 1   [ RunTime:0.0020s ]
SQL: SHOW COLUMNS FROM `t_role` [ RunTime:0.0030s ]
SQL: SELECT * FROM `t_role` WHERE ( f_id=112 ) LIMIT 1   [ RunTime:0.0030s ]
INFO: [ view_parse ] --START--
INFO: [ template_filter ] --START--
INFO: Run Behavior\ContentReplaceBehavior [ RunTime:0.000000s ]
INFO: [ template_filter ] --END-- [ RunTime:0.001000s ]
INFO: Run Behavior\ParseTemplateBehavior [ RunTime:0.038002s ]
INFO: [ view_parse ] --END-- [ RunTime:0.038002s ]
INFO: [ view_filter ] --START--
INFO: Run Behavior\WriteHtmlCacheBehavior [ RunTime:0.000000s ]
INFO: [ view_filter ] --END-- [ RunTime:0.001000s ]
INFO: [ app_end ] --START--
INFO: Run Behavior\ShowPageTraceBehavior [ RunTime:0.000000s ]
INFO: [ app_end ] --END-- [ RunTime:0.000000s ]

