[ 2015-11-19T15:44:41+08:00 ] ::1 /wisdom/Index.php/Admin/Group/index
INFO: [ app_init ] --START--
INFO: Run Behavior\BuildLiteBehavior [ RunTime:0.000000s ]
INFO: [ app_init ] --END-- [ RunTime:0.001000s ]
INFO: [ app_begin ] --START--
INFO: Run Behavior\ReadHtmlCacheBehavior [ RunTime:0.006000s ]
INFO: [ app_begin ] --END-- [ RunTime:0.006000s ]
SQL: SHOW COLUMNS FROM `t_user_role` [ RunTime:0.0160s ]
SQL: SELECT * FROM `t_user_role` WHERE ( f_user_id=10862 ) LIMIT 1   [ RunTime:0.0100s ]
SQL: SHOW COLUMNS FROM `t_role` [ RunTime:0.0130s ]
SQL: SELECT * FROM `t_role` WHERE ( f_id=112 ) LIMIT 1   [ RunTime:0.0130s ]
INFO: [ view_parse ] --START--
INFO: [ template_filter ] --START--
INFO: Run Behavior\ContentReplaceBehavior [ RunTime:0.000000s ]
INFO: [ template_filter ] --END-- [ RunTime:0.000000s ]
NOTIC: [8] Use of undefined constant departId - assumed 'departId' D:\wamp\www\wisdom\App\Runtime\Cache\Admin\5c930ed5983955faddef17bf18733928.php 第 207 行.
NOTIC: [8] Use of undefined constant departId - assumed 'departId' D:\wamp\www\wisdom\App\Runtime\Cache\Admin\5c930ed5983955faddef17bf18733928.php 第 207 行.
NOTIC: [8] Use of undefined constant departId - assumed 'departId' D:\wamp\www\wisdom\App\Runtime\Cache\Admin\5c930ed5983955faddef17bf18733928.php 第 207 行.
NOTIC: [8] Use of undefined constant departId - assumed 'departId' D:\wamp\www\wisdom\App\Runtime\Cache\Admin\5c930ed5983955faddef17bf18733928.php 第 207 行.
NOTIC: [8] Use of undefined constant departId - assumed 'departId' D:\wamp\www\wisdom\App\Runtime\Cache\Admin\5c930ed5983955faddef17bf18733928.php 第 207 行.
NOTIC: [8] Use of undefined constant departId - assumed 'departId' D:\wamp\www\wisdom\App\Runtime\Cache\Admin\5c930ed5983955faddef17bf18733928.php 第 207 行.
NOTIC: [8] Use of undefined constant departId - assumed 'departId' D:\wamp\www\wisdom\App\Runtime\Cache\Admin\5c930ed5983955faddef17bf18733928.php 第 207 行.
NOTIC: [8] Use of undefined constant departId - assumed 'departId' D:\wamp\www\wisdom\App\Runtime\Cache\Admin\5c930ed5983955faddef17bf18733928.php 第 207 行.
NOTIC: [8] Use of undefined constant departId - assumed 'departId' D:\wamp\www\wisdom\App\Runtime\Cache\Admin\5c930ed5983955faddef17bf18733928.php 第 207 行.
NOTIC: [8] Use of undefined constant departId - assumed 'departId' D:\wamp\www\wisdom\App\Runtime\Cache\Admin\5c930ed5983955faddef17bf18733928.php 第 207 行.
NOTIC: [8] Use of undefined constant departId - assumed 'departId' D:\wamp\www\wisdom\App\Runtime\Cache\Admin\5c930ed5983955faddef17bf18733928.php 第 207 行.
NOTIC: [8] Use of undefined constant departId - assumed 'departId' D:\wamp\www\wisdom\App\Runtime\Cache\Admin\5c930ed5983955faddef17bf18733928.php 第 207 行.
NOTIC: [8] Use of undefined constant departId - assumed 'departId' D:\wamp\www\wisdom\App\Runtime\Cache\Admin\5c930ed5983955faddef17bf18733928.php 第 207 行.
NOTIC: [8] Use of undefined constant departId - assumed 'departId' D:\wamp\www\wisdom\App\Runtime\Cache\Admin\5c930ed5983955faddef17bf18733928.php 第 207 行.
NOTIC: [8] Use of undefined constant departId - assumed 'departId' D:\wamp\www\wisdom\App\Runtime\Cache\Admin\5c930ed5983955faddef17bf18733928.php 第 207 行.
NOTIC: [8] Use of undefined constant departId - assumed 'departId' D:\wamp\www\wisdom\App\Runtime\Cache\Admin\5c930ed5983955faddef17bf18733928.php 第 207 行.
NOTIC: [8] Use of undefined constant isOmsUser - assumed 'isOmsUser' D:\wamp\www\wisdom\App\Runtime\Cache\Admin\5c930ed5983955faddef17bf18733928.php 第 212 行.
NOTIC: [8] Use of undefined constant isOmsUser - assumed 'isOmsUser' D:\wamp\www\wisdom\App\Runtime\Cache\Admin\5c930ed5983955faddef17bf18733928.php 第 213 行.
NOTIC: [8] Use of undefined constant departId - assumed 'departId' D:\wamp\www\wisdom\App\Runtime\Cache\Admin\5c930ed5983955faddef17bf18733928.php 第 207 行.
NOTIC: [8] Use of undefined constant departId - assumed 'departId' D:\wamp\www\wisdom\App\Runtime\Cache\Admin\5c930ed5983955faddef17bf18733928.php 第 207 行.
NOTIC: [8] Use of undefined constant departId - assumed 'departId' D:\wamp\www\wisdom\App\Runtime\Cache\Admin\5c930ed5983955faddef17bf18733928.php 第 207 行.
NOTIC: [8] Use of undefined constant departId - assumed 'departId' D:\wamp\www\wisdom\App\Runtime\Cache\Admin\5c930ed5983955faddef17bf18733928.php 第 207 行.
NOTIC: [8] Use of undefined constant departId - assumed 'departId' D:\wamp\www\wisdom\App\Runtime\Cache\Admin\5c930ed5983955faddef17bf18733928.php 第 207 行.
NOTIC: [8] Use of undefined constant departId - assumed 'departId' D:\wamp\www\wisdom\App\Runtime\Cache\Admin\5c930ed5983955faddef17bf18733928.php 第 207 行.
NOTIC: [8] Use of undefined constant departId - assumed 'departId' D:\wamp\www\wisdom\App\Runtime\Cache\Admin\5c930ed5983955faddef17bf18733928.php 第 207 行.
NOTIC: [8] Use of undefined constant departId - assumed 'departId' D:\wamp\www\wisdom\App\Runtime\Cache\Admin\5c930ed5983955faddef17bf18733928.php 第 207 行.
NOTIC: [8] Use of undefined constant departId - assumed 'departId' D:\wamp\www\wisdom\App\Runtime\Cache\Admin\5c930ed5983955faddef17bf18733928.php 第 207 行.
NOTIC: [8] Use of undefined constant departId - assumed 'departId' D:\wamp\www\wisdom\App\Runtime\Cache\Admin\5c930ed5983955faddef17bf18733928.php 第 207 行.
NOTIC: [8] Use of undefined constant departId - assumed 'departId' D:\wamp\www\wisdom\App\Runtime\Cache\Admin\5c930ed5983955faddef17bf18733928.php 第 207 行.
NOTIC: [8] Use of undefined constant departId - assumed 'departId' D:\wamp\www\wisdom\App\Runtime\Cache\Admin\5c930ed5983955faddef17bf18733928.php 第 207 行.
NOTIC: [8] Use of undefined constant departId - assumed 'departId' D:\wamp\www\wisdom\App\Runtime\Cache\Admin\5c930ed5983955faddef17bf18733928.php 第 207 行.
NOTIC: [8] Use of undefined constant departId - assumed 'departId' D:\wamp\www\wisdom\App\Runtime\Cache\Admin\5c930ed5983955faddef17bf18733928.php 第 207 行.
NOTIC: [8] Use of undefined constant departId - assumed 'departId' D:\wamp\www\wisdom\App\Runtime\Cache\Admin\5c930ed5983955faddef17bf18733928.php 第 207 行.
NOTIC: [8] Use of undefined constant departId - assumed 'departId' D:\wamp\www\wisdom\App\Runtime\Cache\Admin\5c930ed5983955faddef17bf18733928.php 第 207 行.
NOTIC: [8] Use of undefined constant isOmsUser - assumed 'isOmsUser' D:\wamp\www\wisdom\App\Runtime\Cache\Admin\5c930ed5983955faddef17bf18733928.php 第 212 行.
NOTIC: [8] Use of undefined constant isOmsUser - assumed 'isOmsUser' D:\wamp\www\wisdom\App\Runtime\Cache\Admin\5c930ed5983955faddef17bf18733928.php 第 213 行.
NOTIC: [8] Use of undefined constant departId - assumed 'departId' D:\wamp\www\wisdom\App\Runtime\Cache\Admin\5c930ed5983955faddef17bf18733928.php 第 207 行.
NOTIC: [8] Use of undefined constant departId - assumed 'departId' D:\wamp\www\wisdom\App\Runtime\Cache\Admin\5c930ed5983955faddef17bf18733928.php 第 207 行.
NOTIC: [8] Use of undefined constant departId - assumed 'departId' D:\wamp\www\wisdom\App\Runtime\Cache\Admin\5c930ed5983955faddef17bf18733928.php 第 207 行.
NOTIC: [8] Use of undefined constant departId - assumed 'departId' D:\wamp\www\wisdom\App\Runtime\Cache\Admin\5c930ed5983955faddef17bf18733928.php 第 207 行.
NOTIC: [8] Use of undefined constant departId - assumed 'departId' D:\wamp\www\wisdom\App\Runtime\Cache\Admin\5c930ed5983955faddef17bf18733928.php 第 207 行.
NOTIC: [8] Use of undefined constant departId - assumed 'departId' D:\wamp\www\wisdom\App\Runtime\Cache\Admin\5c930ed5983955faddef17bf18733928.php 第 207 行.
NOTIC: [8] Use of undefined constant departId - assumed 'departId' D:\wamp\www\wisdom\App\Runtime\Cache\Admin\5c930ed5983955faddef17bf18733928.php 第 207 行.
NOTIC: [8] Use of undefined constant departId - assumed 'departId' D:\wamp\www\wisdom\App\Runtime\Cache\Admin\5c930ed5983955faddef17bf18733928.php 第 207 行.
NOTIC: [8] Use of undefined constant departId - assumed 'departId' D:\wamp\www\wisdom\App\Runtime\Cache\Admin\5c930ed5983955faddef17bf18733928.php 第 207 行.
NOTIC: [8] Use of undefined constant departId - assumed 'departId' D:\wamp\www\wisdom\App\Runtime\Cache\Admin\5c930ed5983955faddef17bf18733928.php 第 207 行.
NOTIC: [8] Use of undefined constant departId - assumed 'departId' D:\wamp\www\wisdom\App\Runtime\Cache\Admin\5c930ed5983955faddef17bf18733928.php 第 207 行.
NOTIC: [8] Use of undefined constant departId - assumed 'departId' D:\wamp\www\wisdom\App\Runtime\Cache\Admin\5c930ed5983955faddef17bf18733928.php 第 207 行.
NOTIC: [8] Use of undefined constant departId - assumed 'departId' D:\wamp\www\wisdom\App\Runtime\Cache\Admin\5c930ed5983955faddef17bf18733928.php 第 207 行.
NOTIC: [8] Use of undefined constant departId - assumed 'departId' D:\wamp\www\wisdom\App\Runtime\Cache\Admin\5c930ed5983955faddef17bf18733928.php 第 207 行.
NOTIC: [8] Use of undefined constant departId - assumed 'departId' D:\wamp\www\wisdom\App\Runtime\Cache\Admin\5c930ed5983955faddef17bf18733928.php 第 207 行.
NOTIC: [8] Use of undefined constant departId - assumed 'departId' D:\wamp\www\wisdom\App\Runtime\Cache\Admin\5c930ed5983955faddef17bf18733928.php 第 207 行.
NOTIC: [8] Use of undefined constant isOmsUser - assumed 'isOmsUser' D:\wamp\www\wisdom\App\Runtime\Cache\Admin\5c930ed5983955faddef17bf18733928.php 第 212 行.
NOTIC: [8] Use of undefined constant isOmsUser - assumed 'isOmsUser' D:\wamp\www\wisdom\App\Runtime\Cache\Admin\5c930ed5983955faddef17bf18733928.php 第 213 行.
NOTIC: [8] Use of undefined constant departId - assumed 'departId' D:\wamp\www\wisdom\App\Runtime\Cache\Admin\5c930ed5983955faddef17bf18733928.php 第 207 行.
NOTIC: [8] Use of undefined constant departId - assumed 'departId' D:\wamp\www\wisdom\App\Runtime\Cache\Admin\5c930ed5983955faddef17bf18733928.php 第 207 行.
NOTIC: [8] Use of undefined constant departId - assumed 'departId' D:\wamp\www\wisdom\App\Runtime\Cache\Admin\5c930ed5983955faddef17bf18733928.php 第 207 行.
NOTIC: [8] Use of undefined constant departId - assumed 'departId' D:\wamp\www\wisdom\App\Runtime\Cache\Admin\5c930ed5983955faddef17bf18733928.php 第 207 行.
NOTIC: [8] Use of undefined constant departId - assumed 'departId' D:\wamp\www\wisdom\App\Runtime\Cache\Admin\5c930ed5983955faddef17bf18733928.php 第 207 行.
NOTIC: [8] Use of undefined constant departId - assumed 'departId' D:\wamp\www\wisdom\App\Runtime\Cache\Admin\5c930ed5983955faddef17bf18733928.php 第 207 行.
NOTIC: [8] Use of undefined constant departId - assumed 'departId' D:\wamp\www\wisdom\App\Runtime\Cache\Admin\5c930ed5983955faddef17bf18733928.php 第 207 行.
NOTIC: [8] Use of undefined constant departId - assumed 'departId' D:\wamp\www\wisdom\App\Runtime\Cache\Admin\5c930ed5983955faddef17bf18733928.php 第 207 行.
NOTIC: [8] Use of undefined constant departId - assumed 'departId' D:\wamp\www\wisdom\App\Runtime\Cache\Admin\5c930ed5983955faddef17bf18733928.php 第 207 行.
NOTIC: [8] Use of undefined constant departId - assumed 'departId' D:\wamp\www\wisdom\App\Runtime\Cache\Admin\5c930ed5983955faddef17bf18733928.php 第 207 行.
NOTIC: [8] Use of undefined constant departId - assumed 'departId' D:\wamp\www\wisdom\App\Runtime\Cache\Admin\5c930ed5983955faddef17bf18733928.php 第 207 行.
NOTIC: [8] Use of undefined constant departId - assumed 'departId' D:\wamp\www\wisdom\App\Runtime\Cache\Admin\5c930ed5983955faddef17bf18733928.php 第 207 行.
NOTIC: [8] Use of undefined constant departId - assumed 'departId' D:\wamp\www\wisdom\App\Runtime\Cache\Admin\5c930ed5983955faddef17bf18733928.php 第 207 行.
NOTIC: [8] Use of undefined constant departId - assumed 'departId' D:\wamp\www\wisdom\App\Runtime\Cache\Admin\5c930ed5983955faddef17bf18733928.php 第 207 行.
NOTIC: [8] Use of undefined constant departId - assumed 'departId' D:\wamp\www\wisdom\App\Runtime\Cache\Admin\5c930ed5983955faddef17bf18733928.php 第 207 行.
NOTIC: [8] Use of undefined constant departId - assumed 'departId' D:\wamp\www\wisdom\App\Runtime\Cache\Admin\5c930ed5983955faddef17bf18733928.php 第 207 行.
NOTIC: [8] Use of undefined constant isOmsUser - assumed 'isOmsUser' D:\wamp\www\wisdom\App\Runtime\Cache\Admin\5c930ed5983955faddef17bf18733928.php 第 212 行.
NOTIC: [8] Use of undefined constant isOmsUser - assumed 'isOmsUser' D:\wamp\www\wisdom\App\Runtime\Cache\Admin\5c930ed5983955faddef17bf18733928.php 第 213 行.
NOTIC: [8] Use of undefined constant departId - assumed 'departId' D:\wamp\www\wisdom\App\Runtime\Cache\Admin\5c930ed5983955faddef17bf18733928.php 第 207 行.
NOTIC: [8] Use of undefined constant departId - assumed 'departId' D:\wamp\www\wisdom\App\Runtime\Cache\Admin\5c930ed5983955faddef17bf18733928.php 第 207 行.
NOTIC: [8] Use of undefined constant departId - assumed 'departId' D:\wamp\www\wisdom\App\Runtime\Cache\Admin\5c930ed5983955faddef17bf18733928.php 第 207 行.
NOTIC: [8] Use of undefined constant departId - assumed 'departId' D:\wamp\www\wisdom\App\Runtime\Cache\Admin\5c930ed5983955faddef17bf18733928.php 第 207 行.
NOTIC: [8] Use of undefined constant departId - assumed 'departId' D:\wamp\www\wisdom\App\Runtime\Cache\Admin\5c930ed5983955faddef17bf18733928.php 第 207 行.
NOTIC: [8] Use of undefined constant departId - assumed 'departId' D:\wamp\www\wisdom\App\Runtime\Cache\Admin\5c930ed5983955faddef17bf18733928.php 第 207 行.
NOTIC: [8] Use of undefined constant departId - assumed 'departId' D:\wamp\www\wisdom\App\Runtime\Cache\Admin\5c930ed5983955faddef17bf18733928.php 第 207 行.
NOTIC: [8] Use of undefined constant departId - assumed 'departId' D:\wamp\www\wisdom\App\Runtime\Cache\Admin\5c930ed5983955faddef17bf18733928.php 第 207 行.
NOTIC: [8] Use of undefined constant departId - assumed 'departId' D:\wamp\www\wisdom\App\Runtime\Cache\Admin\5c930ed5983955faddef17bf18733928.php 第 207 行.
NOTIC: [8] Use of undefined constant departId - assumed 'departId' D:\wamp\www\wisdom\App\Runtime\Cache\Admin\5c930ed5983955faddef17bf18733928.php 第 207 行.
NOTIC: [8] Use of undefined constant departId - assumed 'departId' D:\wamp\www\wisdom\App\Runtime\Cache\Admin\5c930ed5983955faddef17bf18733928.php 第 207 行.
NOTIC: [8] Use of undefined constant departId - assumed 'departId' D:\wamp\www\wisdom\App\Runtime\Cache\Admin\5c930ed5983955faddef17bf18733928.php 第 207 行.
NOTIC: [8] Use of undefined constant departId - assumed 'departId' D:\wamp\www\wisdom\App\Runtime\Cache\Admin\5c930ed5983955faddef17bf18733928.php 第 207 行.
NOTIC: [8] Use of undefined constant departId - assumed 'departId' D:\wamp\www\wisdom\App\Runtime\Cache\Admin\5c930ed5983955faddef17bf18733928.php 第 207 行.
NOTIC: [8] Use of undefined constant departId - assumed 'departId' D:\wamp\www\wisdom\App\Runtime\Cache\Admin\5c930ed5983955faddef17bf18733928.php 第 207 行.
NOTIC: [8] Use of undefined constant departId - assumed 'departId' D:\wamp\www\wisdom\App\Runtime\Cache\Admin\5c930ed5983955faddef17bf18733928.php 第 207 行.
NOTIC: [8] Use of undefined constant isOmsUser - assumed 'isOmsUser' D:\wamp\www\wisdom\App\Runtime\Cache\Admin\5c930ed5983955faddef17bf18733928.php 第 212 行.
NOTIC: [8] Use of undefined constant isOmsUser - assumed 'isOmsUser' D:\wamp\www\wisdom\App\Runtime\Cache\Admin\5c930ed5983955faddef17bf18733928.php 第 213 行.
INFO: Run Behavior\ParseTemplateBehavior [ RunTime:0.102006s ]
INFO: [ view_parse ] --END-- [ RunTime:0.102006s ]
INFO: [ view_filter ] --START--
INFO: Run Behavior\WriteHtmlCacheBehavior [ RunTime:0.002000s ]
INFO: [ view_filter ] --END-- [ RunTime:0.002000s ]
INFO: [ app_end ] --START--
INFO: Run Behavior\ShowPageTraceBehavior [ RunTime:0.002000s ]
INFO: [ app_end ] --END-- [ RunTime:0.002000s ]

[ 2015-11-19T15:44:46+08:00 ] ::1 /wisdom/Index.php/Admin/Access/addPower?userId=10866
INFO: [ app_init ] --START--
INFO: Run Behavior\BuildLiteBehavior [ RunTime:0.001000s ]
INFO: [ app_init ] --END-- [ RunTime:0.002000s ]
INFO: [ app_begin ] --START--
INFO: Run Behavior\ReadHtmlCacheBehavior [ RunTime:0.009001s ]
INFO: [ app_begin ] --END-- [ RunTime:0.009001s ]
SQL: SHOW COLUMNS FROM `t_user_role` [ RunTime:0.0110s ]
SQL: SELECT * FROM `t_user_role` WHERE ( f_user_id=10862 ) LIMIT 1   [ RunTime:0.0090s ]
SQL: SHOW COLUMNS FROM `t_role` [ RunTime:0.0110s ]
SQL: SELECT * FROM `t_role` WHERE ( f_id=112 ) LIMIT 1   [ RunTime:0.0100s ]
SQL: SELECT * FROM `t_role` WHERE `f_company_id` = 1002  [ RunTime:0.0110s ]
SQL: SELECT * FROM `t_user_role` WHERE ( f_user_id=10866 ) LIMIT 1   [ RunTime:0.0110s ]
NOTIC: [8] Undefined variable: istruespuerId D:\wamp\www\wisdom\App\Admin\Controller\AccessController.class.php 第 105 行.
INFO: [ view_parse ] --START--
INFO: [ template_filter ] --START--
INFO: Run Behavior\ContentReplaceBehavior [ RunTime:0.000000s ]
INFO: [ template_filter ] --END-- [ RunTime:0.000000s ]
NOTIC: [8] Undefined variable: companyName D:\wamp\www\wisdom\App\Runtime\Cache\Admin\f47b296d77c08b59b0cd82dbfba62052.php 第 69 行.
INFO: Run Behavior\ParseTemplateBehavior [ RunTime:0.083004s ]
INFO: [ view_parse ] --END-- [ RunTime:0.085004s ]
INFO: [ view_filter ] --START--
INFO: Run Behavior\WriteHtmlCacheBehavior [ RunTime:0.003001s ]
INFO: [ view_filter ] --END-- [ RunTime:0.003001s ]
INFO: [ app_end ] --START--
INFO: Run Behavior\ShowPageTraceBehavior [ RunTime:0.025001s ]
INFO: [ app_end ] --END-- [ RunTime:0.029001s ]

[ 2015-11-19T15:44:52+08:00 ] ::1 /wisdom/Index.php/Admin/Access/index
INFO: [ app_init ] --START--
INFO: Run Behavior\BuildLiteBehavior [ RunTime:0.000000s ]
INFO: [ app_init ] --END-- [ RunTime:0.002000s ]
INFO: [ app_begin ] --START--
INFO: Run Behavior\ReadHtmlCacheBehavior [ RunTime:0.009001s ]
INFO: [ app_begin ] --END-- [ RunTime:0.011001s ]
SQL: SHOW COLUMNS FROM `t_user_role` [ RunTime:0.0070s ]
SQL: SELECT * FROM `t_user_role` WHERE ( f_user_id=10862 ) LIMIT 1   [ RunTime:0.0080s ]
SQL: SHOW COLUMNS FROM `t_role` [ RunTime:0.0080s ]
SQL: SELECT * FROM `t_role` WHERE ( f_id=112 ) LIMIT 1   [ RunTime:0.0080s ]
INFO: [ view_parse ] --START--
INFO: [ template_filter ] --START--
INFO: Run Behavior\ContentReplaceBehavior [ RunTime:0.001000s ]
INFO: [ template_filter ] --END-- [ RunTime:0.001000s ]
INFO: Run Behavior\ParseTemplateBehavior [ RunTime:0.090006s ]
INFO: [ view_parse ] --END-- [ RunTime:0.090006s ]
INFO: [ view_filter ] --START--
INFO: Run Behavior\WriteHtmlCacheBehavior [ RunTime:0.006000s ]
INFO: [ view_filter ] --END-- [ RunTime:0.006000s ]
INFO: [ app_end ] --START--
INFO: Run Behavior\ShowPageTraceBehavior [ RunTime:0.002000s ]
INFO: [ app_end ] --END-- [ RunTime:0.002000s ]

[ 2015-11-19T15:44:55+08:00 ] ::1 /wisdom/Index.php/Admin/Access/addrole
INFO: [ app_init ] --START--
INFO: Run Behavior\BuildLiteBehavior [ RunTime:0.000000s ]
INFO: [ app_init ] --END-- [ RunTime:0.004000s ]
INFO: [ app_begin ] --START--
INFO: Run Behavior\ReadHtmlCacheBehavior [ RunTime:0.016001s ]
INFO: [ app_begin ] --END-- [ RunTime:0.016001s ]
SQL: SHOW COLUMNS FROM `t_user_role` [ RunTime:0.0070s ]
SQL: SELECT * FROM `t_user_role` WHERE ( f_user_id=10862 ) LIMIT 1   [ RunTime:0.0030s ]
SQL: SHOW COLUMNS FROM `t_role` [ RunTime:0.0060s ]
SQL: SELECT * FROM `t_role` WHERE ( f_id=112 ) LIMIT 1   [ RunTime:0.0080s ]
SQL: SHOW COLUMNS FROM `t_node` [ RunTime:0.0060s ]
SQL: SELECT * FROM `t_node` WHERE ( `f_pid`=0 )  [ RunTime:0.0050s ]
SQL: SELECT * FROM `t_node` WHERE ( f_pid=1 )  [ RunTime:0.0070s ]
SQL: SELECT * FROM `t_node` WHERE ( f_pid=5 )  [ RunTime:0.0040s ]
SQL: SELECT * FROM `t_node` WHERE ( f_pid=9 )  [ RunTime:0.0060s ]
SQL: SELECT * FROM `t_node` WHERE ( f_pid=13 )  [ RunTime:0.0040s ]
SQL: SELECT * FROM `t_node` WHERE ( f_pid=19 )  [ RunTime:0.0050s ]
INFO: [ view_parse ] --START--
INFO: [ template_filter ] --START--
INFO: Run Behavior\ContentReplaceBehavior [ RunTime:0.000000s ]
INFO: [ template_filter ] --END-- [ RunTime:0.000000s ]
INFO: Run Behavior\ParseTemplateBehavior [ RunTime:0.112006s ]
INFO: [ view_parse ] --END-- [ RunTime:0.114006s ]
INFO: [ view_filter ] --START--
INFO: Run Behavior\WriteHtmlCacheBehavior [ RunTime:0.022002s ]
INFO: [ view_filter ] --END-- [ RunTime:0.023002s ]
INFO: [ app_end ] --START--
INFO: Run Behavior\ShowPageTraceBehavior [ RunTime:0.012000s ]
INFO: [ app_end ] --END-- [ RunTime:0.012000s ]

