[ 2015-11-17T17:02:17+08:00 ] ::1 /wisdom/Index.php/Admin/Group/index
INFO: [ app_init ] --START--
INFO: Run Behavior\BuildLiteBehavior [ RunTime:0.000000s ]
INFO: [ app_init ] --END-- [ RunTime:0.001001s ]
INFO: [ app_begin ] --START--
INFO: Run Behavior\ReadHtmlCacheBehavior [ RunTime:0.000000s ]
INFO: [ app_begin ] --END-- [ RunTime:0.001000s ]
SQL: SHOW COLUMNS FROM `t_user_role` [ RunTime:0.0030s ]
SQL: SELECT * FROM `t_user_role` WHERE ( f_user_id=10862 ) LIMIT 1   [ RunTime:0.0030s ]
SQL: SHOW COLUMNS FROM `t_role` [ RunTime:0.0020s ]
SQL: SELECT * FROM `t_role` WHERE ( f_id=112 ) LIMIT 1   [ RunTime:0.0030s ]
INFO: [ view_parse ] --START--
INFO: [ template_filter ] --START--
INFO: Run Behavior\ContentReplaceBehavior [ RunTime:0.001000s ]
INFO: [ template_filter ] --END-- [ RunTime:0.001000s ]
NOTIC: [8] Use of undefined constant departId - assumed 'departId' D:\wamp\www\wisdom\App\Runtime\Cache\Admin\5c930ed5983955faddef17bf18733928.php 第 207 行.
NOTIC: [8] Use of undefined constant departId - assumed 'departId' D:\wamp\www\wisdom\App\Runtime\Cache\Admin\5c930ed5983955faddef17bf18733928.php 第 207 行.
NOTIC: [8] Use of undefined constant departId - assumed 'departId' D:\wamp\www\wisdom\App\Runtime\Cache\Admin\5c930ed5983955faddef17bf18733928.php 第 207 行.
NOTIC: [8] Use of undefined constant departId - assumed 'departId' D:\wamp\www\wisdom\App\Runtime\Cache\Admin\5c930ed5983955faddef17bf18733928.php 第 207 行.
NOTIC: [8] Use of undefined constant departId - assumed 'departId' D:\wamp\www\wisdom\App\Runtime\Cache\Admin\5c930ed5983955faddef17bf18733928.php 第 207 行.
NOTIC: [8] Use of undefined constant departId - assumed 'departId' D:\wamp\www\wisdom\App\Runtime\Cache\Admin\5c930ed5983955faddef17bf18733928.php 第 207 行.
NOTIC: [8] Use of undefined constant departId - assumed 'departId' D:\wamp\www\wisdom\App\Runtime\Cache\Admin\5c930ed5983955faddef17bf18733928.php 第 207 行.
NOTIC: [8] Use of undefined constant departId - assumed 'departId' D:\wamp\www\wisdom\App\Runtime\Cache\Admin\5c930ed5983955faddef17bf18733928.php 第 207 行.
NOTIC: [8] Use of undefined constant departId - assumed 'departId' D:\wamp\www\wisdom\App\Runtime\Cache\Admin\5c930ed5983955faddef17bf18733928.php 第 207 行.
NOTIC: [8] Use of undefined constant departId - assumed 'departId' D:\wamp\www\wisdom\App\Runtime\Cache\Admin\5c930ed5983955faddef17bf18733928.php 第 207 行.
NOTIC: [8] Use of undefined constant departId - assumed 'departId' D:\wamp\www\wisdom\App\Runtime\Cache\Admin\5c930ed5983955faddef17bf18733928.php 第 207 行.
NOTIC: [8] Use of undefined constant departId - assumed 'departId' D:\wamp\www\wisdom\App\Runtime\Cache\Admin\5c930ed5983955faddef17bf18733928.php 第 207 行.
NOTIC: [8] Use of undefined constant departId - assumed 'departId' D:\wamp\www\wisdom\App\Runtime\Cache\Admin\5c930ed5983955faddef17bf18733928.php 第 207 行.
NOTIC: [8] Use of undefined constant departId - assumed 'departId' D:\wamp\www\wisdom\App\Runtime\Cache\Admin\5c930ed5983955faddef17bf18733928.php 第 207 行.
NOTIC: [8] Use of undefined constant departId - assumed 'departId' D:\wamp\www\wisdom\App\Runtime\Cache\Admin\5c930ed5983955faddef17bf18733928.php 第 207 行.
NOTIC: [8] Use of undefined constant departId - assumed 'departId' D:\wamp\www\wisdom\App\Runtime\Cache\Admin\5c930ed5983955faddef17bf18733928.php 第 207 行.
NOTIC: [8] Use of undefined constant isOmsUser - assumed 'isOmsUser' D:\wamp\www\wisdom\App\Runtime\Cache\Admin\5c930ed5983955faddef17bf18733928.php 第 212 行.
NOTIC: [8] Use of undefined constant isOmsUser - assumed 'isOmsUser' D:\wamp\www\wisdom\App\Runtime\Cache\Admin\5c930ed5983955faddef17bf18733928.php 第 213 行.
NOTIC: [8] Use of undefined constant departId - assumed 'departId' D:\wamp\www\wisdom\App\Runtime\Cache\Admin\5c930ed5983955faddef17bf18733928.php 第 207 行.
NOTIC: [8] Use of undefined constant departId - assumed 'departId' D:\wamp\www\wisdom\App\Runtime\Cache\Admin\5c930ed5983955faddef17bf18733928.php 第 207 行.
NOTIC: [8] Use of undefined constant departId - assumed 'departId' D:\wamp\www\wisdom\App\Runtime\Cache\Admin\5c930ed5983955faddef17bf18733928.php 第 207 行.
NOTIC: [8] Use of undefined constant departId - assumed 'departId' D:\wamp\www\wisdom\App\Runtime\Cache\Admin\5c930ed5983955faddef17bf18733928.php 第 207 行.
NOTIC: [8] Use of undefined constant departId - assumed 'departId' D:\wamp\www\wisdom\App\Runtime\Cache\Admin\5c930ed5983955faddef17bf18733928.php 第 207 行.
NOTIC: [8] Use of undefined constant departId - assumed 'departId' D:\wamp\www\wisdom\App\Runtime\Cache\Admin\5c930ed5983955faddef17bf18733928.php 第 207 行.
NOTIC: [8] Use of undefined constant departId - assumed 'departId' D:\wamp\www\wisdom\App\Runtime\Cache\Admin\5c930ed5983955faddef17bf18733928.php 第 207 行.
NOTIC: [8] Use of undefined constant departId - assumed 'departId' D:\wamp\www\wisdom\App\Runtime\Cache\Admin\5c930ed5983955faddef17bf18733928.php 第 207 行.
NOTIC: [8] Use of undefined constant departId - assumed 'departId' D:\wamp\www\wisdom\App\Runtime\Cache\Admin\5c930ed5983955faddef17bf18733928.php 第 207 行.
NOTIC: [8] Use of undefined constant departId - assumed 'departId' D:\wamp\www\wisdom\App\Runtime\Cache\Admin\5c930ed5983955faddef17bf18733928.php 第 207 行.
NOTIC: [8] Use of undefined constant departId - assumed 'departId' D:\wamp\www\wisdom\App\Runtime\Cache\Admin\5c930ed5983955faddef17bf18733928.php 第 207 行.
NOTIC: [8] Use of undefined constant departId - assumed 'departId' D:\wamp\www\wisdom\App\Runtime\Cache\Admin\5c930ed5983955faddef17bf18733928.php 第 207 行.
NOTIC: [8] Use of undefined constant departId - assumed 'departId' D:\wamp\www\wisdom\App\Runtime\Cache\Admin\5c930ed5983955faddef17bf18733928.php 第 207 行.
NOTIC: [8] Use of undefined constant departId - assumed 'departId' D:\wamp\www\wisdom\App\Runtime\Cache\Admin\5c930ed5983955faddef17bf18733928.php 第 207 行.
NOTIC: [8] Use of undefined constant departId - assumed 'departId' D:\wamp\www\wisdom\App\Runtime\Cache\Admin\5c930ed5983955faddef17bf18733928.php 第 207 行.
NOTIC: [8] Use of undefined constant departId - assumed 'departId' D:\wamp\www\wisdom\App\Runtime\Cache\Admin\5c930ed5983955faddef17bf18733928.php 第 207 行.
NOTIC: [8] Use of undefined constant isOmsUser - assumed 'isOmsUser' D:\wamp\www\wisdom\App\Runtime\Cache\Admin\5c930ed5983955faddef17bf18733928.php 第 212 行.
NOTIC: [8] Use of undefined constant isOmsUser - assumed 'isOmsUser' D:\wamp\www\wisdom\App\Runtime\Cache\Admin\5c930ed5983955faddef17bf18733928.php 第 213 行.
NOTIC: [8] Use of undefined constant departId - assumed 'departId' D:\wamp\www\wisdom\App\Runtime\Cache\Admin\5c930ed5983955faddef17bf18733928.php 第 207 行.
NOTIC: [8] Use of undefined constant departId - assumed 'departId' D:\wamp\www\wisdom\App\Runtime\Cache\Admin\5c930ed5983955faddef17bf18733928.php 第 207 行.
NOTIC: [8] Use of undefined constant departId - assumed 'departId' D:\wamp\www\wisdom\App\Runtime\Cache\Admin\5c930ed5983955faddef17bf18733928.php 第 207 行.
NOTIC: [8] Use of undefined constant departId - assumed 'departId' D:\wamp\www\wisdom\App\Runtime\Cache\Admin\5c930ed5983955faddef17bf18733928.php 第 207 行.
NOTIC: [8] Use of undefined constant departId - assumed 'departId' D:\wamp\www\wisdom\App\Runtime\Cache\Admin\5c930ed5983955faddef17bf18733928.php 第 207 行.
NOTIC: [8] Use of undefined constant departId - assumed 'departId' D:\wamp\www\wisdom\App\Runtime\Cache\Admin\5c930ed5983955faddef17bf18733928.php 第 207 行.
NOTIC: [8] Use of undefined constant departId - assumed 'departId' D:\wamp\www\wisdom\App\Runtime\Cache\Admin\5c930ed5983955faddef17bf18733928.php 第 207 行.
NOTIC: [8] Use of undefined constant departId - assumed 'departId' D:\wamp\www\wisdom\App\Runtime\Cache\Admin\5c930ed5983955faddef17bf18733928.php 第 207 行.
NOTIC: [8] Use of undefined constant departId - assumed 'departId' D:\wamp\www\wisdom\App\Runtime\Cache\Admin\5c930ed5983955faddef17bf18733928.php 第 207 行.
NOTIC: [8] Use of undefined constant departId - assumed 'departId' D:\wamp\www\wisdom\App\Runtime\Cache\Admin\5c930ed5983955faddef17bf18733928.php 第 207 行.
NOTIC: [8] Use of undefined constant departId - assumed 'departId' D:\wamp\www\wisdom\App\Runtime\Cache\Admin\5c930ed5983955faddef17bf18733928.php 第 207 行.
NOTIC: [8] Use of undefined constant departId - assumed 'departId' D:\wamp\www\wisdom\App\Runtime\Cache\Admin\5c930ed5983955faddef17bf18733928.php 第 207 行.
NOTIC: [8] Use of undefined constant departId - assumed 'departId' D:\wamp\www\wisdom\App\Runtime\Cache\Admin\5c930ed5983955faddef17bf18733928.php 第 207 行.
NOTIC: [8] Use of undefined constant departId - assumed 'departId' D:\wamp\www\wisdom\App\Runtime\Cache\Admin\5c930ed5983955faddef17bf18733928.php 第 207 行.
NOTIC: [8] Use of undefined constant departId - assumed 'departId' D:\wamp\www\wisdom\App\Runtime\Cache\Admin\5c930ed5983955faddef17bf18733928.php 第 207 行.
NOTIC: [8] Use of undefined constant departId - assumed 'departId' D:\wamp\www\wisdom\App\Runtime\Cache\Admin\5c930ed5983955faddef17bf18733928.php 第 207 行.
NOTIC: [8] Use of undefined constant isOmsUser - assumed 'isOmsUser' D:\wamp\www\wisdom\App\Runtime\Cache\Admin\5c930ed5983955faddef17bf18733928.php 第 212 行.
NOTIC: [8] Use of undefined constant isOmsUser - assumed 'isOmsUser' D:\wamp\www\wisdom\App\Runtime\Cache\Admin\5c930ed5983955faddef17bf18733928.php 第 213 行.
NOTIC: [8] Use of undefined constant departId - assumed 'departId' D:\wamp\www\wisdom\App\Runtime\Cache\Admin\5c930ed5983955faddef17bf18733928.php 第 207 行.
NOTIC: [8] Use of undefined constant departId - assumed 'departId' D:\wamp\www\wisdom\App\Runtime\Cache\Admin\5c930ed5983955faddef17bf18733928.php 第 207 行.
NOTIC: [8] Use of undefined constant departId - assumed 'departId' D:\wamp\www\wisdom\App\Runtime\Cache\Admin\5c930ed5983955faddef17bf18733928.php 第 207 行.
NOTIC: [8] Use of undefined constant departId - assumed 'departId' D:\wamp\www\wisdom\App\Runtime\Cache\Admin\5c930ed5983955faddef17bf18733928.php 第 207 行.
NOTIC: [8] Use of undefined constant departId - assumed 'departId' D:\wamp\www\wisdom\App\Runtime\Cache\Admin\5c930ed5983955faddef17bf18733928.php 第 207 行.
NOTIC: [8] Use of undefined constant departId - assumed 'departId' D:\wamp\www\wisdom\App\Runtime\Cache\Admin\5c930ed5983955faddef17bf18733928.php 第 207 行.
NOTIC: [8] Use of undefined constant departId - assumed 'departId' D:\wamp\www\wisdom\App\Runtime\Cache\Admin\5c930ed5983955faddef17bf18733928.php 第 207 行.
NOTIC: [8] Use of undefined constant departId - assumed 'departId' D:\wamp\www\wisdom\App\Runtime\Cache\Admin\5c930ed5983955faddef17bf18733928.php 第 207 行.
NOTIC: [8] Use of undefined constant departId - assumed 'departId' D:\wamp\www\wisdom\App\Runtime\Cache\Admin\5c930ed5983955faddef17bf18733928.php 第 207 行.
NOTIC: [8] Use of undefined constant departId - assumed 'departId' D:\wamp\www\wisdom\App\Runtime\Cache\Admin\5c930ed5983955faddef17bf18733928.php 第 207 行.
NOTIC: [8] Use of undefined constant departId - assumed 'departId' D:\wamp\www\wisdom\App\Runtime\Cache\Admin\5c930ed5983955faddef17bf18733928.php 第 207 行.
NOTIC: [8] Use of undefined constant departId - assumed 'departId' D:\wamp\www\wisdom\App\Runtime\Cache\Admin\5c930ed5983955faddef17bf18733928.php 第 207 行.
NOTIC: [8] Use of undefined constant departId - assumed 'departId' D:\wamp\www\wisdom\App\Runtime\Cache\Admin\5c930ed5983955faddef17bf18733928.php 第 207 行.
NOTIC: [8] Use of undefined constant departId - assumed 'departId' D:\wamp\www\wisdom\App\Runtime\Cache\Admin\5c930ed5983955faddef17bf18733928.php 第 207 行.
NOTIC: [8] Use of undefined constant departId - assumed 'departId' D:\wamp\www\wisdom\App\Runtime\Cache\Admin\5c930ed5983955faddef17bf18733928.php 第 207 行.
NOTIC: [8] Use of undefined constant departId - assumed 'departId' D:\wamp\www\wisdom\App\Runtime\Cache\Admin\5c930ed5983955faddef17bf18733928.php 第 207 行.
NOTIC: [8] Use of undefined constant isOmsUser - assumed 'isOmsUser' D:\wamp\www\wisdom\App\Runtime\Cache\Admin\5c930ed5983955faddef17bf18733928.php 第 212 行.
NOTIC: [8] Use of undefined constant isOmsUser - assumed 'isOmsUser' D:\wamp\www\wisdom\App\Runtime\Cache\Admin\5c930ed5983955faddef17bf18733928.php 第 213 行.
NOTIC: [8] Use of undefined constant departId - assumed 'departId' D:\wamp\www\wisdom\App\Runtime\Cache\Admin\5c930ed5983955faddef17bf18733928.php 第 207 行.
NOTIC: [8] Use of undefined constant departId - assumed 'departId' D:\wamp\www\wisdom\App\Runtime\Cache\Admin\5c930ed5983955faddef17bf18733928.php 第 207 行.
NOTIC: [8] Use of undefined constant departId - assumed 'departId' D:\wamp\www\wisdom\App\Runtime\Cache\Admin\5c930ed5983955faddef17bf18733928.php 第 207 行.
NOTIC: [8] Use of undefined constant departId - assumed 'departId' D:\wamp\www\wisdom\App\Runtime\Cache\Admin\5c930ed5983955faddef17bf18733928.php 第 207 行.
NOTIC: [8] Use of undefined constant departId - assumed 'departId' D:\wamp\www\wisdom\App\Runtime\Cache\Admin\5c930ed5983955faddef17bf18733928.php 第 207 行.
NOTIC: [8] Use of undefined constant departId - assumed 'departId' D:\wamp\www\wisdom\App\Runtime\Cache\Admin\5c930ed5983955faddef17bf18733928.php 第 207 行.
NOTIC: [8] Use of undefined constant departId - assumed 'departId' D:\wamp\www\wisdom\App\Runtime\Cache\Admin\5c930ed5983955faddef17bf18733928.php 第 207 行.
NOTIC: [8] Use of undefined constant departId - assumed 'departId' D:\wamp\www\wisdom\App\Runtime\Cache\Admin\5c930ed5983955faddef17bf18733928.php 第 207 行.
NOTIC: [8] Use of undefined constant departId - assumed 'departId' D:\wamp\www\wisdom\App\Runtime\Cache\Admin\5c930ed5983955faddef17bf18733928.php 第 207 行.
NOTIC: [8] Use of undefined constant departId - assumed 'departId' D:\wamp\www\wisdom\App\Runtime\Cache\Admin\5c930ed5983955faddef17bf18733928.php 第 207 行.
NOTIC: [8] Use of undefined constant departId - assumed 'departId' D:\wamp\www\wisdom\App\Runtime\Cache\Admin\5c930ed5983955faddef17bf18733928.php 第 207 行.
NOTIC: [8] Use of undefined constant departId - assumed 'departId' D:\wamp\www\wisdom\App\Runtime\Cache\Admin\5c930ed5983955faddef17bf18733928.php 第 207 行.
NOTIC: [8] Use of undefined constant departId - assumed 'departId' D:\wamp\www\wisdom\App\Runtime\Cache\Admin\5c930ed5983955faddef17bf18733928.php 第 207 行.
NOTIC: [8] Use of undefined constant departId - assumed 'departId' D:\wamp\www\wisdom\App\Runtime\Cache\Admin\5c930ed5983955faddef17bf18733928.php 第 207 行.
NOTIC: [8] Use of undefined constant departId - assumed 'departId' D:\wamp\www\wisdom\App\Runtime\Cache\Admin\5c930ed5983955faddef17bf18733928.php 第 207 行.
NOTIC: [8] Use of undefined constant departId - assumed 'departId' D:\wamp\www\wisdom\App\Runtime\Cache\Admin\5c930ed5983955faddef17bf18733928.php 第 207 行.
NOTIC: [8] Use of undefined constant isOmsUser - assumed 'isOmsUser' D:\wamp\www\wisdom\App\Runtime\Cache\Admin\5c930ed5983955faddef17bf18733928.php 第 212 行.
NOTIC: [8] Use of undefined constant isOmsUser - assumed 'isOmsUser' D:\wamp\www\wisdom\App\Runtime\Cache\Admin\5c930ed5983955faddef17bf18733928.php 第 213 行.
INFO: Run Behavior\ParseTemplateBehavior [ RunTime:0.096006s ]
INFO: [ view_parse ] --END-- [ RunTime:0.097006s ]
INFO: [ view_filter ] --START--
INFO: Run Behavior\WriteHtmlCacheBehavior [ RunTime:0.001000s ]
INFO: [ view_filter ] --END-- [ RunTime:0.001000s ]
INFO: [ app_end ] --START--
INFO: Run Behavior\ShowPageTraceBehavior [ RunTime:0.015001s ]
INFO: [ app_end ] --END-- [ RunTime:0.015001s ]

[ 2015-11-17T17:05:11+08:00 ] ::1 /wisdom/Index.php/Admin/Systemset/index
INFO: [ app_init ] --START--
INFO: Run Behavior\BuildLiteBehavior [ RunTime:0.000000s ]
INFO: [ app_init ] --END-- [ RunTime:0.000000s ]
INFO: [ app_begin ] --START--
INFO: Run Behavior\ReadHtmlCacheBehavior [ RunTime:0.001000s ]
INFO: [ app_begin ] --END-- [ RunTime:0.002000s ]
SQL: SHOW COLUMNS FROM `t_user_role` [ RunTime:0.0030s ]
SQL: SELECT * FROM `t_user_role` WHERE ( f_user_id=10862 ) LIMIT 1   [ RunTime:0.0020s ]
SQL: SHOW COLUMNS FROM `t_role` [ RunTime:0.0040s ]
SQL: SELECT * FROM `t_role` WHERE ( f_id=112 ) LIMIT 1   [ RunTime:0.0020s ]
INFO: [ view_parse ] --START--
INFO: [ template_filter ] --START--
INFO: Run Behavior\ContentReplaceBehavior [ RunTime:0.000000s ]
INFO: [ template_filter ] --END-- [ RunTime:0.000000s ]
INFO: Run Behavior\ParseTemplateBehavior [ RunTime:0.006000s ]
INFO: [ view_parse ] --END-- [ RunTime:0.006000s ]
INFO: [ view_filter ] --START--
INFO: Run Behavior\WriteHtmlCacheBehavior [ RunTime:0.000000s ]
INFO: [ view_filter ] --END-- [ RunTime:0.000000s ]
INFO: [ app_end ] --START--
INFO: Run Behavior\ShowPageTraceBehavior [ RunTime:0.001000s ]
INFO: [ app_end ] --END-- [ RunTime:0.001000s ]

[ 2015-11-17T17:05:36+08:00 ] ::1 /wisdom/Index.php/Admin/Companyset/index
INFO: [ app_init ] --START--
INFO: Run Behavior\BuildLiteBehavior [ RunTime:0.001000s ]
INFO: [ app_init ] --END-- [ RunTime:0.001000s ]
INFO: [ app_begin ] --START--
INFO: Run Behavior\ReadHtmlCacheBehavior [ RunTime:0.000000s ]
INFO: [ app_begin ] --END-- [ RunTime:0.000000s ]
SQL: SHOW COLUMNS FROM `t_user_role` [ RunTime:0.0040s ]
SQL: SELECT * FROM `t_user_role` WHERE ( f_user_id=10862 ) LIMIT 1   [ RunTime:0.0020s ]
SQL: SHOW COLUMNS FROM `t_role` [ RunTime:0.0020s ]
SQL: SELECT * FROM `t_role` WHERE ( f_id=112 ) LIMIT 1   [ RunTime:0.0030s ]
INFO: [ view_parse ] --START--
INFO: [ template_filter ] --START--
INFO: Run Behavior\ContentReplaceBehavior [ RunTime:0.000000s ]
INFO: [ template_filter ] --END-- [ RunTime:0.001000s ]
INFO: Run Behavior\ParseTemplateBehavior [ RunTime:0.064004s ]
INFO: [ view_parse ] --END-- [ RunTime:0.065004s ]
INFO: [ view_filter ] --START--
INFO: Run Behavior\WriteHtmlCacheBehavior [ RunTime:0.001000s ]
INFO: [ view_filter ] --END-- [ RunTime:0.001000s ]
INFO: [ app_end ] --START--
INFO: Run Behavior\ShowPageTraceBehavior [ RunTime:0.002000s ]
INFO: [ app_end ] --END-- [ RunTime:0.002000s ]

[ 2015-11-17T17:06:27+08:00 ] ::1 /wisdom/Index.php/Admin
INFO: [ app_init ] --START--
INFO: Run Behavior\BuildLiteBehavior [ RunTime:0.000000s ]
INFO: [ app_init ] --END-- [ RunTime:0.001000s ]
INFO: [ app_begin ] --START--
INFO: Run Behavior\ReadHtmlCacheBehavior [ RunTime:0.001000s ]
INFO: [ app_begin ] --END-- [ RunTime:0.001000s ]
INFO: [ view_parse ] --START--
INFO: [ template_filter ] --START--
INFO: Run Behavior\ContentReplaceBehavior [ RunTime:0.001000s ]
INFO: [ template_filter ] --END-- [ RunTime:0.001000s ]
INFO: Run Behavior\ParseTemplateBehavior [ RunTime:0.045003s ]
INFO: [ view_parse ] --END-- [ RunTime:0.045003s ]
INFO: [ view_filter ] --START--
INFO: Run Behavior\WriteHtmlCacheBehavior [ RunTime:0.000000s ]
INFO: [ view_filter ] --END-- [ RunTime:0.000000s ]
INFO: [ app_end ] --START--
INFO: Run Behavior\ShowPageTraceBehavior [ RunTime:0.001000s ]
INFO: [ app_end ] --END-- [ RunTime:0.001000s ]

[ 2015-11-17T17:07:41+08:00 ] ::1 /wisdom/Index.php/Admin/Companyset/index
INFO: [ app_init ] --START--
INFO: Run Behavior\BuildLiteBehavior [ RunTime:0.000000s ]
INFO: [ app_init ] --END-- [ RunTime:0.000000s ]
INFO: [ app_begin ] --START--
INFO: Run Behavior\ReadHtmlCacheBehavior [ RunTime:0.000000s ]
INFO: [ app_begin ] --END-- [ RunTime:0.000000s ]
SQL: SHOW COLUMNS FROM `t_user_role` [ RunTime:0.0020s ]
SQL: SELECT * FROM `t_user_role` WHERE ( f_user_id=10862 ) LIMIT 1   [ RunTime:0.0040s ]
SQL: SHOW COLUMNS FROM `t_role` [ RunTime:0.0030s ]
SQL: SELECT * FROM `t_role` WHERE ( f_id=112 ) LIMIT 1   [ RunTime:0.0020s ]
INFO: [ view_parse ] --START--
INFO: [ template_filter ] --START--
INFO: Run Behavior\ContentReplaceBehavior [ RunTime:0.001000s ]
INFO: [ template_filter ] --END-- [ RunTime:0.001000s ]
INFO: Run Behavior\ParseTemplateBehavior [ RunTime:0.020001s ]
INFO: [ view_parse ] --END-- [ RunTime:0.021001s ]
INFO: [ view_filter ] --START--
INFO: Run Behavior\WriteHtmlCacheBehavior [ RunTime:0.000000s ]
INFO: [ view_filter ] --END-- [ RunTime:0.001000s ]
INFO: [ app_end ] --START--
INFO: Run Behavior\ShowPageTraceBehavior [ RunTime:0.001000s ]
INFO: [ app_end ] --END-- [ RunTime:0.001000s ]

[ 2015-11-17T17:10:00+08:00 ] ::1 /wisdom/Index.php/Admin/Access/index
INFO: [ app_init ] --START--
INFO: Run Behavior\BuildLiteBehavior [ RunTime:0.000000s ]
INFO: [ app_init ] --END-- [ RunTime:0.001000s ]
INFO: [ app_begin ] --START--
INFO: Run Behavior\ReadHtmlCacheBehavior [ RunTime:0.001000s ]
INFO: [ app_begin ] --END-- [ RunTime:0.001000s ]
SQL: SHOW COLUMNS FROM `t_user_role` [ RunTime:0.0030s ]
SQL: SELECT * FROM `t_user_role` WHERE ( f_user_id=10862 ) LIMIT 1   [ RunTime:0.0020s ]
SQL: SHOW COLUMNS FROM `t_role` [ RunTime:0.0020s ]
SQL: SELECT * FROM `t_role` WHERE ( f_id=112 ) LIMIT 1   [ RunTime:0.0020s ]
INFO: [ view_parse ] --START--
INFO: [ template_filter ] --START--
INFO: Run Behavior\ContentReplaceBehavior [ RunTime:0.000000s ]
INFO: [ template_filter ] --END-- [ RunTime:0.000000s ]
INFO: Run Behavior\ParseTemplateBehavior [ RunTime:0.009001s ]
INFO: [ view_parse ] --END-- [ RunTime:0.010001s ]
INFO: [ view_filter ] --START--
INFO: Run Behavior\WriteHtmlCacheBehavior [ RunTime:0.000000s ]
INFO: [ view_filter ] --END-- [ RunTime:0.000000s ]
INFO: [ app_end ] --START--
INFO: Run Behavior\ShowPageTraceBehavior [ RunTime:0.001000s ]
INFO: [ app_end ] --END-- [ RunTime:0.001000s ]

[ 2015-11-17T17:10:02+08:00 ] ::1 /wisdom/Index.php/Admin/Group/index
INFO: [ app_init ] --START--
INFO: Run Behavior\BuildLiteBehavior [ RunTime:0.000000s ]
INFO: [ app_init ] --END-- [ RunTime:0.000000s ]
INFO: [ app_begin ] --START--
INFO: Run Behavior\ReadHtmlCacheBehavior [ RunTime:0.000000s ]
INFO: [ app_begin ] --END-- [ RunTime:0.001000s ]
SQL: SHOW COLUMNS FROM `t_user_role` [ RunTime:0.0040s ]
SQL: SELECT * FROM `t_user_role` WHERE ( f_user_id=10862 ) LIMIT 1   [ RunTime:0.0020s ]
SQL: SHOW COLUMNS FROM `t_role` [ RunTime:0.0020s ]
SQL: SELECT * FROM `t_role` WHERE ( f_id=112 ) LIMIT 1   [ RunTime:0.0020s ]
INFO: [ view_parse ] --START--
INFO: [ template_filter ] --START--
INFO: Run Behavior\ContentReplaceBehavior [ RunTime:0.001001s ]
INFO: [ template_filter ] --END-- [ RunTime:0.001001s ]
NOTIC: [8] Use of undefined constant departId - assumed 'departId' D:\wamp\www\wisdom\App\Runtime\Cache\Admin\5c930ed5983955faddef17bf18733928.php 第 207 行.
NOTIC: [8] Use of undefined constant departId - assumed 'departId' D:\wamp\www\wisdom\App\Runtime\Cache\Admin\5c930ed5983955faddef17bf18733928.php 第 207 行.
NOTIC: [8] Use of undefined constant departId - assumed 'departId' D:\wamp\www\wisdom\App\Runtime\Cache\Admin\5c930ed5983955faddef17bf18733928.php 第 207 行.
NOTIC: [8] Use of undefined constant departId - assumed 'departId' D:\wamp\www\wisdom\App\Runtime\Cache\Admin\5c930ed5983955faddef17bf18733928.php 第 207 行.
NOTIC: [8] Use of undefined constant departId - assumed 'departId' D:\wamp\www\wisdom\App\Runtime\Cache\Admin\5c930ed5983955faddef17bf18733928.php 第 207 行.
NOTIC: [8] Use of undefined constant departId - assumed 'departId' D:\wamp\www\wisdom\App\Runtime\Cache\Admin\5c930ed5983955faddef17bf18733928.php 第 207 行.
NOTIC: [8] Use of undefined constant departId - assumed 'departId' D:\wamp\www\wisdom\App\Runtime\Cache\Admin\5c930ed5983955faddef17bf18733928.php 第 207 行.
NOTIC: [8] Use of undefined constant departId - assumed 'departId' D:\wamp\www\wisdom\App\Runtime\Cache\Admin\5c930ed5983955faddef17bf18733928.php 第 207 行.
NOTIC: [8] Use of undefined constant departId - assumed 'departId' D:\wamp\www\wisdom\App\Runtime\Cache\Admin\5c930ed5983955faddef17bf18733928.php 第 207 行.
NOTIC: [8] Use of undefined constant departId - assumed 'departId' D:\wamp\www\wisdom\App\Runtime\Cache\Admin\5c930ed5983955faddef17bf18733928.php 第 207 行.
NOTIC: [8] Use of undefined constant departId - assumed 'departId' D:\wamp\www\wisdom\App\Runtime\Cache\Admin\5c930ed5983955faddef17bf18733928.php 第 207 行.
NOTIC: [8] Use of undefined constant departId - assumed 'departId' D:\wamp\www\wisdom\App\Runtime\Cache\Admin\5c930ed5983955faddef17bf18733928.php 第 207 行.
NOTIC: [8] Use of undefined constant departId - assumed 'departId' D:\wamp\www\wisdom\App\Runtime\Cache\Admin\5c930ed5983955faddef17bf18733928.php 第 207 行.
NOTIC: [8] Use of undefined constant departId - assumed 'departId' D:\wamp\www\wisdom\App\Runtime\Cache\Admin\5c930ed5983955faddef17bf18733928.php 第 207 行.
NOTIC: [8] Use of undefined constant departId - assumed 'departId' D:\wamp\www\wisdom\App\Runtime\Cache\Admin\5c930ed5983955faddef17bf18733928.php 第 207 行.
NOTIC: [8] Use of undefined constant departId - assumed 'departId' D:\wamp\www\wisdom\App\Runtime\Cache\Admin\5c930ed5983955faddef17bf18733928.php 第 207 行.
NOTIC: [8] Use of undefined constant isOmsUser - assumed 'isOmsUser' D:\wamp\www\wisdom\App\Runtime\Cache\Admin\5c930ed5983955faddef17bf18733928.php 第 212 行.
NOTIC: [8] Use of undefined constant isOmsUser - assumed 'isOmsUser' D:\wamp\www\wisdom\App\Runtime\Cache\Admin\5c930ed5983955faddef17bf18733928.php 第 213 行.
NOTIC: [8] Use of undefined constant departId - assumed 'departId' D:\wamp\www\wisdom\App\Runtime\Cache\Admin\5c930ed5983955faddef17bf18733928.php 第 207 行.
NOTIC: [8] Use of undefined constant departId - assumed 'departId' D:\wamp\www\wisdom\App\Runtime\Cache\Admin\5c930ed5983955faddef17bf18733928.php 第 207 行.
NOTIC: [8] Use of undefined constant departId - assumed 'departId' D:\wamp\www\wisdom\App\Runtime\Cache\Admin\5c930ed5983955faddef17bf18733928.php 第 207 行.
NOTIC: [8] Use of undefined constant departId - assumed 'departId' D:\wamp\www\wisdom\App\Runtime\Cache\Admin\5c930ed5983955faddef17bf18733928.php 第 207 行.
NOTIC: [8] Use of undefined constant departId - assumed 'departId' D:\wamp\www\wisdom\App\Runtime\Cache\Admin\5c930ed5983955faddef17bf18733928.php 第 207 行.
NOTIC: [8] Use of undefined constant departId - assumed 'departId' D:\wamp\www\wisdom\App\Runtime\Cache\Admin\5c930ed5983955faddef17bf18733928.php 第 207 行.
NOTIC: [8] Use of undefined constant departId - assumed 'departId' D:\wamp\www\wisdom\App\Runtime\Cache\Admin\5c930ed5983955faddef17bf18733928.php 第 207 行.
NOTIC: [8] Use of undefined constant departId - assumed 'departId' D:\wamp\www\wisdom\App\Runtime\Cache\Admin\5c930ed5983955faddef17bf18733928.php 第 207 行.
NOTIC: [8] Use of undefined constant departId - assumed 'departId' D:\wamp\www\wisdom\App\Runtime\Cache\Admin\5c930ed5983955faddef17bf18733928.php 第 207 行.
NOTIC: [8] Use of undefined constant departId - assumed 'departId' D:\wamp\www\wisdom\App\Runtime\Cache\Admin\5c930ed5983955faddef17bf18733928.php 第 207 行.
NOTIC: [8] Use of undefined constant departId - assumed 'departId' D:\wamp\www\wisdom\App\Runtime\Cache\Admin\5c930ed5983955faddef17bf18733928.php 第 207 行.
NOTIC: [8] Use of undefined constant departId - assumed 'departId' D:\wamp\www\wisdom\App\Runtime\Cache\Admin\5c930ed5983955faddef17bf18733928.php 第 207 行.
NOTIC: [8] Use of undefined constant departId - assumed 'departId' D:\wamp\www\wisdom\App\Runtime\Cache\Admin\5c930ed5983955faddef17bf18733928.php 第 207 行.
NOTIC: [8] Use of undefined constant departId - assumed 'departId' D:\wamp\www\wisdom\App\Runtime\Cache\Admin\5c930ed5983955faddef17bf18733928.php 第 207 行.
NOTIC: [8] Use of undefined constant departId - assumed 'departId' D:\wamp\www\wisdom\App\Runtime\Cache\Admin\5c930ed5983955faddef17bf18733928.php 第 207 行.
NOTIC: [8] Use of undefined constant departId - assumed 'departId' D:\wamp\www\wisdom\App\Runtime\Cache\Admin\5c930ed5983955faddef17bf18733928.php 第 207 行.
NOTIC: [8] Use of undefined constant isOmsUser - assumed 'isOmsUser' D:\wamp\www\wisdom\App\Runtime\Cache\Admin\5c930ed5983955faddef17bf18733928.php 第 212 行.
NOTIC: [8] Use of undefined constant isOmsUser - assumed 'isOmsUser' D:\wamp\www\wisdom\App\Runtime\Cache\Admin\5c930ed5983955faddef17bf18733928.php 第 213 行.
NOTIC: [8] Use of undefined constant departId - assumed 'departId' D:\wamp\www\wisdom\App\Runtime\Cache\Admin\5c930ed5983955faddef17bf18733928.php 第 207 行.
NOTIC: [8] Use of undefined constant departId - assumed 'departId' D:\wamp\www\wisdom\App\Runtime\Cache\Admin\5c930ed5983955faddef17bf18733928.php 第 207 行.
NOTIC: [8] Use of undefined constant departId - assumed 'departId' D:\wamp\www\wisdom\App\Runtime\Cache\Admin\5c930ed5983955faddef17bf18733928.php 第 207 行.
NOTIC: [8] Use of undefined constant departId - assumed 'departId' D:\wamp\www\wisdom\App\Runtime\Cache\Admin\5c930ed5983955faddef17bf18733928.php 第 207 行.
NOTIC: [8] Use of undefined constant departId - assumed 'departId' D:\wamp\www\wisdom\App\Runtime\Cache\Admin\5c930ed5983955faddef17bf18733928.php 第 207 行.
NOTIC: [8] Use of undefined constant departId - assumed 'departId' D:\wamp\www\wisdom\App\Runtime\Cache\Admin\5c930ed5983955faddef17bf18733928.php 第 207 行.
NOTIC: [8] Use of undefined constant departId - assumed 'departId' D:\wamp\www\wisdom\App\Runtime\Cache\Admin\5c930ed5983955faddef17bf18733928.php 第 207 行.
NOTIC: [8] Use of undefined constant departId - assumed 'departId' D:\wamp\www\wisdom\App\Runtime\Cache\Admin\5c930ed5983955faddef17bf18733928.php 第 207 行.
NOTIC: [8] Use of undefined constant departId - assumed 'departId' D:\wamp\www\wisdom\App\Runtime\Cache\Admin\5c930ed5983955faddef17bf18733928.php 第 207 行.
NOTIC: [8] Use of undefined constant departId - assumed 'departId' D:\wamp\www\wisdom\App\Runtime\Cache\Admin\5c930ed5983955faddef17bf18733928.php 第 207 行.
NOTIC: [8] Use of undefined constant departId - assumed 'departId' D:\wamp\www\wisdom\App\Runtime\Cache\Admin\5c930ed5983955faddef17bf18733928.php 第 207 行.
NOTIC: [8] Use of undefined constant departId - assumed 'departId' D:\wamp\www\wisdom\App\Runtime\Cache\Admin\5c930ed5983955faddef17bf18733928.php 第 207 行.
NOTIC: [8] Use of undefined constant departId - assumed 'departId' D:\wamp\www\wisdom\App\Runtime\Cache\Admin\5c930ed5983955faddef17bf18733928.php 第 207 行.
NOTIC: [8] Use of undefined constant departId - assumed 'departId' D:\wamp\www\wisdom\App\Runtime\Cache\Admin\5c930ed5983955faddef17bf18733928.php 第 207 行.
NOTIC: [8] Use of undefined constant departId - assumed 'departId' D:\wamp\www\wisdom\App\Runtime\Cache\Admin\5c930ed5983955faddef17bf18733928.php 第 207 行.
NOTIC: [8] Use of undefined constant departId - assumed 'departId' D:\wamp\www\wisdom\App\Runtime\Cache\Admin\5c930ed5983955faddef17bf18733928.php 第 207 行.
NOTIC: [8] Use of undefined constant isOmsUser - assumed 'isOmsUser' D:\wamp\www\wisdom\App\Runtime\Cache\Admin\5c930ed5983955faddef17bf18733928.php 第 212 行.
NOTIC: [8] Use of undefined constant isOmsUser - assumed 'isOmsUser' D:\wamp\www\wisdom\App\Runtime\Cache\Admin\5c930ed5983955faddef17bf18733928.php 第 213 行.
NOTIC: [8] Use of undefined constant departId - assumed 'departId' D:\wamp\www\wisdom\App\Runtime\Cache\Admin\5c930ed5983955faddef17bf18733928.php 第 207 行.
NOTIC: [8] Use of undefined constant departId - assumed 'departId' D:\wamp\www\wisdom\App\Runtime\Cache\Admin\5c930ed5983955faddef17bf18733928.php 第 207 行.
NOTIC: [8] Use of undefined constant departId - assumed 'departId' D:\wamp\www\wisdom\App\Runtime\Cache\Admin\5c930ed5983955faddef17bf18733928.php 第 207 行.
NOTIC: [8] Use of undefined constant departId - assumed 'departId' D:\wamp\www\wisdom\App\Runtime\Cache\Admin\5c930ed5983955faddef17bf18733928.php 第 207 行.
NOTIC: [8] Use of undefined constant departId - assumed 'departId' D:\wamp\www\wisdom\App\Runtime\Cache\Admin\5c930ed5983955faddef17bf18733928.php 第 207 行.
NOTIC: [8] Use of undefined constant departId - assumed 'departId' D:\wamp\www\wisdom\App\Runtime\Cache\Admin\5c930ed5983955faddef17bf18733928.php 第 207 行.
NOTIC: [8] Use of undefined constant departId - assumed 'departId' D:\wamp\www\wisdom\App\Runtime\Cache\Admin\5c930ed5983955faddef17bf18733928.php 第 207 行.
NOTIC: [8] Use of undefined constant departId - assumed 'departId' D:\wamp\www\wisdom\App\Runtime\Cache\Admin\5c930ed5983955faddef17bf18733928.php 第 207 行.
NOTIC: [8] Use of undefined constant departId - assumed 'departId' D:\wamp\www\wisdom\App\Runtime\Cache\Admin\5c930ed5983955faddef17bf18733928.php 第 207 行.
NOTIC: [8] Use of undefined constant departId - assumed 'departId' D:\wamp\www\wisdom\App\Runtime\Cache\Admin\5c930ed5983955faddef17bf18733928.php 第 207 行.
NOTIC: [8] Use of undefined constant departId - assumed 'departId' D:\wamp\www\wisdom\App\Runtime\Cache\Admin\5c930ed5983955faddef17bf18733928.php 第 207 行.
NOTIC: [8] Use of undefined constant departId - assumed 'departId' D:\wamp\www\wisdom\App\Runtime\Cache\Admin\5c930ed5983955faddef17bf18733928.php 第 207 行.
NOTIC: [8] Use of undefined constant departId - assumed 'departId' D:\wamp\www\wisdom\App\Runtime\Cache\Admin\5c930ed5983955faddef17bf18733928.php 第 207 行.
NOTIC: [8] Use of undefined constant departId - assumed 'departId' D:\wamp\www\wisdom\App\Runtime\Cache\Admin\5c930ed5983955faddef17bf18733928.php 第 207 行.
NOTIC: [8] Use of undefined constant departId - assumed 'departId' D:\wamp\www\wisdom\App\Runtime\Cache\Admin\5c930ed5983955faddef17bf18733928.php 第 207 行.
NOTIC: [8] Use of undefined constant departId - assumed 'departId' D:\wamp\www\wisdom\App\Runtime\Cache\Admin\5c930ed5983955faddef17bf18733928.php 第 207 行.
NOTIC: [8] Use of undefined constant isOmsUser - assumed 'isOmsUser' D:\wamp\www\wisdom\App\Runtime\Cache\Admin\5c930ed5983955faddef17bf18733928.php 第 212 行.
NOTIC: [8] Use of undefined constant isOmsUser - assumed 'isOmsUser' D:\wamp\www\wisdom\App\Runtime\Cache\Admin\5c930ed5983955faddef17bf18733928.php 第 213 行.
NOTIC: [8] Use of undefined constant departId - assumed 'departId' D:\wamp\www\wisdom\App\Runtime\Cache\Admin\5c930ed5983955faddef17bf18733928.php 第 207 行.
NOTIC: [8] Use of undefined constant departId - assumed 'departId' D:\wamp\www\wisdom\App\Runtime\Cache\Admin\5c930ed5983955faddef17bf18733928.php 第 207 行.
NOTIC: [8] Use of undefined constant departId - assumed 'departId' D:\wamp\www\wisdom\App\Runtime\Cache\Admin\5c930ed5983955faddef17bf18733928.php 第 207 行.
NOTIC: [8] Use of undefined constant departId - assumed 'departId' D:\wamp\www\wisdom\App\Runtime\Cache\Admin\5c930ed5983955faddef17bf18733928.php 第 207 行.
NOTIC: [8] Use of undefined constant departId - assumed 'departId' D:\wamp\www\wisdom\App\Runtime\Cache\Admin\5c930ed5983955faddef17bf18733928.php 第 207 行.
NOTIC: [8] Use of undefined constant departId - assumed 'departId' D:\wamp\www\wisdom\App\Runtime\Cache\Admin\5c930ed5983955faddef17bf18733928.php 第 207 行.
NOTIC: [8] Use of undefined constant departId - assumed 'departId' D:\wamp\www\wisdom\App\Runtime\Cache\Admin\5c930ed5983955faddef17bf18733928.php 第 207 行.
NOTIC: [8] Use of undefined constant departId - assumed 'departId' D:\wamp\www\wisdom\App\Runtime\Cache\Admin\5c930ed5983955faddef17bf18733928.php 第 207 行.
NOTIC: [8] Use of undefined constant departId - assumed 'departId' D:\wamp\www\wisdom\App\Runtime\Cache\Admin\5c930ed5983955faddef17bf18733928.php 第 207 行.
NOTIC: [8] Use of undefined constant departId - assumed 'departId' D:\wamp\www\wisdom\App\Runtime\Cache\Admin\5c930ed5983955faddef17bf18733928.php 第 207 行.
NOTIC: [8] Use of undefined constant departId - assumed 'departId' D:\wamp\www\wisdom\App\Runtime\Cache\Admin\5c930ed5983955faddef17bf18733928.php 第 207 行.
NOTIC: [8] Use of undefined constant departId - assumed 'departId' D:\wamp\www\wisdom\App\Runtime\Cache\Admin\5c930ed5983955faddef17bf18733928.php 第 207 行.
NOTIC: [8] Use of undefined constant departId - assumed 'departId' D:\wamp\www\wisdom\App\Runtime\Cache\Admin\5c930ed5983955faddef17bf18733928.php 第 207 行.
NOTIC: [8] Use of undefined constant departId - assumed 'departId' D:\wamp\www\wisdom\App\Runtime\Cache\Admin\5c930ed5983955faddef17bf18733928.php 第 207 行.
NOTIC: [8] Use of undefined constant departId - assumed 'departId' D:\wamp\www\wisdom\App\Runtime\Cache\Admin\5c930ed5983955faddef17bf18733928.php 第 207 行.
NOTIC: [8] Use of undefined constant departId - assumed 'departId' D:\wamp\www\wisdom\App\Runtime\Cache\Admin\5c930ed5983955faddef17bf18733928.php 第 207 行.
NOTIC: [8] Use of undefined constant isOmsUser - assumed 'isOmsUser' D:\wamp\www\wisdom\App\Runtime\Cache\Admin\5c930ed5983955faddef17bf18733928.php 第 212 行.
NOTIC: [8] Use of undefined constant isOmsUser - assumed 'isOmsUser' D:\wamp\www\wisdom\App\Runtime\Cache\Admin\5c930ed5983955faddef17bf18733928.php 第 213 行.
INFO: Run Behavior\ParseTemplateBehavior [ RunTime:0.072004s ]
INFO: [ view_parse ] --END-- [ RunTime:0.073004s ]
INFO: [ view_filter ] --START--
INFO: Run Behavior\WriteHtmlCacheBehavior [ RunTime:0.001000s ]
INFO: [ view_filter ] --END-- [ RunTime:0.001000s ]
INFO: [ app_end ] --START--
INFO: Run Behavior\ShowPageTraceBehavior [ RunTime:0.000000s ]
INFO: [ app_end ] --END-- [ RunTime:0.001000s ]

