[ 2015-08-20T09:30:59+08:00 ] ::1 /wisdom/index.php/Taskadmin/Fun/getBigTrade
INFO: [ app_init ] --START--
INFO: Run Behavior\BuildLiteBehavior [ RunTime:0.000000s ]
INFO: [ app_init ] --END-- [ RunTime:0.001001s ]
INFO: [ app_begin ] --START--
INFO: Run Behavior\ReadHtmlCacheBehavior [ RunTime:0.002000s ]
INFO: [ app_begin ] --END-- [ RunTime:0.002000s ]
SQL: SHOW COLUMNS FROM `t_tradetype` [ RunTime:0.0100s ]
SQL: SELECT * FROM `t_tradetype` WHERE ( f_parentID=0 )  [ RunTime:0.0100s ]
INFO: [ app_end ] --START--
INFO: Run Behavior\ShowPageTraceBehavior [ RunTime:0.003001s ]
INFO: [ app_end ] --END-- [ RunTime:0.003001s ]

[ 2015-08-20T09:42:20+08:00 ] ::1 /wisdom/index.php/Taskadmin/Fun/getBigTrade
INFO: [ app_init ] --START--
INFO: Run Behavior\BuildLiteBehavior [ RunTime:0.000000s ]
INFO: [ app_init ] --END-- [ RunTime:0.002000s ]
INFO: [ app_begin ] --START--
INFO: Run Behavior\ReadHtmlCacheBehavior [ RunTime:0.001000s ]
INFO: [ app_begin ] --END-- [ RunTime:0.001000s ]
SQL: SHOW COLUMNS FROM `t_tradetype` [ RunTime:0.0110s ]
SQL: SELECT * FROM `t_tradetype` WHERE ( f_parentID=0 )  [ RunTime:0.0100s ]
INFO: [ app_end ] --START--
INFO: Run Behavior\ShowPageTraceBehavior [ RunTime:0.001000s ]
INFO: [ app_end ] --END-- [ RunTime:0.001000s ]

[ 2015-08-20T10:43:45+08:00 ] ::1 /wisdom/index.php/Taskadmin/Fun/getBigTrade
INFO: [ app_init ] --START--
INFO: Run Behavior\BuildLiteBehavior [ RunTime:0.001000s ]
INFO: [ app_init ] --END-- [ RunTime:0.001000s ]
INFO: [ app_begin ] --START--
INFO: Run Behavior\ReadHtmlCacheBehavior [ RunTime:0.001000s ]
INFO: [ app_begin ] --END-- [ RunTime:0.001000s ]
SQL: SHOW COLUMNS FROM `t_tradetype` [ RunTime:0.0090s ]
SQL: SELECT * FROM `t_tradetype` WHERE ( f_parentID=0 )  [ RunTime:0.0080s ]
INFO: [ app_end ] --START--
INFO: Run Behavior\ShowPageTraceBehavior [ RunTime:0.002000s ]
INFO: [ app_end ] --END-- [ RunTime:0.003000s ]

