[ 2015-12-21T11:37:51+08:00 ] ::1 /wisdom/index.php/Taskadmin/Fun/getTasktype
INFO: [ app_init ] --START--
INFO: Run Behavior\BuildLiteBehavior [ RunTime:0.000000s ]
INFO: [ app_init ] --END-- [ RunTime:0.002000s ]
INFO: [ app_begin ] --START--
INFO: Run Behavior\ReadHtmlCacheBehavior [ RunTime:0.002000s ]
INFO: [ app_begin ] --END-- [ RunTime:0.002000s ]
SQL: SHOW COLUMNS FROM `t_tasktype` [ RunTime:0.0030s ]
SQL: SELECT * FROM `t_tasktype` WHERE ( F_PARENTID=2 )  [ RunTime:0.0030s ]
INFO: [ app_end ] --START--
INFO: Run Behavior\ShowPageTraceBehavior [ RunTime:0.003001s ]
INFO: [ app_end ] --END-- [ RunTime:0.004001s ]

[ 2015-12-21T11:43:36+08:00 ] ::1 /wisdom/index.php/Taskadmin/Fun/getTasktype
INFO: [ app_init ] --START--
INFO: Run Behavior\BuildLiteBehavior [ RunTime:0.000000s ]
INFO: [ app_init ] --END-- [ RunTime:0.002000s ]
INFO: [ app_begin ] --START--
INFO: Run Behavior\ReadHtmlCacheBehavior [ RunTime:0.005000s ]
INFO: [ app_begin ] --END-- [ RunTime:0.006000s ]
SQL: SHOW COLUMNS FROM `t_tasktype` [ RunTime:0.0020s ]
SQL: SELECT * FROM `t_tasktype` WHERE ( F_PARENTID=2 )  [ RunTime:0.0010s ]
INFO: [ app_end ] --START--
INFO: Run Behavior\ShowPageTraceBehavior [ RunTime:0.002000s ]
INFO: [ app_end ] --END-- [ RunTime:0.003000s ]

[ 2015-12-21T11:45:09+08:00 ] ::1 /wisdom/index.php/Taskadmin/Fun/getTasktype
INFO: [ app_init ] --START--
INFO: Run Behavior\BuildLiteBehavior [ RunTime:0.000000s ]
INFO: [ app_init ] --END-- [ RunTime:0.002001s ]
INFO: [ app_begin ] --START--
INFO: Run Behavior\ReadHtmlCacheBehavior [ RunTime:0.012001s ]
INFO: [ app_begin ] --END-- [ RunTime:0.013001s ]
SQL: SHOW COLUMNS FROM `t_tasktype` [ RunTime:0.0030s ]
SQL: SELECT * FROM `t_tasktype` WHERE ( F_PARENTID=2 )  [ RunTime:0.0030s ]
INFO: [ app_end ] --START--
INFO: Run Behavior\ShowPageTraceBehavior [ RunTime:0.002000s ]
INFO: [ app_end ] --END-- [ RunTime:0.002000s ]

[ 2015-12-21T11:50:35+08:00 ] ::1 /wisdom/index.php/Taskadmin/Fun/getTasktype
INFO: [ app_init ] --START--
INFO: Run Behavior\BuildLiteBehavior [ RunTime:0.000000s ]
INFO: [ app_init ] --END-- [ RunTime:0.001000s ]
INFO: [ app_begin ] --START--
INFO: Run Behavior\ReadHtmlCacheBehavior [ RunTime:0.006000s ]
INFO: [ app_begin ] --END-- [ RunTime:0.006000s ]
SQL: SHOW COLUMNS FROM `t_tasktype` [ RunTime:0.0030s ]
SQL: SELECT * FROM `t_tasktype` WHERE ( F_PARENTID=2 )  [ RunTime:0.0020s ]
INFO: [ app_end ] --START--
INFO: Run Behavior\ShowPageTraceBehavior [ RunTime:0.006000s ]
INFO: [ app_end ] --END-- [ RunTime:0.006000s ]

[ 2015-12-21T11:54:08+08:00 ] ::1 /wisdom/index.php/Taskadmin/Fun/getTasktype
INFO: [ app_init ] --START--
INFO: Run Behavior\BuildLiteBehavior [ RunTime:0.000000s ]
INFO: [ app_init ] --END-- [ RunTime:0.002000s ]
INFO: [ app_begin ] --START--
INFO: Run Behavior\ReadHtmlCacheBehavior [ RunTime:0.003000s ]
INFO: [ app_begin ] --END-- [ RunTime:0.004000s ]
SQL: SHOW COLUMNS FROM `t_tasktype` [ RunTime:0.0040s ]
SQL: SELECT * FROM `t_tasktype` WHERE ( F_PARENTID=2 )  [ RunTime:0.0020s ]
INFO: [ app_end ] --START--
INFO: Run Behavior\ShowPageTraceBehavior [ RunTime:0.009000s ]
INFO: [ app_end ] --END-- [ RunTime:0.009000s ]

[ 2015-12-21T11:55:42+08:00 ] ::1 /wisdom/index.php/Taskadmin/Fun/getTasktype
INFO: [ app_init ] --START--
INFO: Run Behavior\BuildLiteBehavior [ RunTime:0.000000s ]
INFO: [ app_init ] --END-- [ RunTime:0.001000s ]
INFO: [ app_begin ] --START--
INFO: Run Behavior\ReadHtmlCacheBehavior [ RunTime:0.008001s ]
INFO: [ app_begin ] --END-- [ RunTime:0.009001s ]
SQL: SHOW COLUMNS FROM `t_tasktype` [ RunTime:0.0070s ]
SQL: SELECT * FROM `t_tasktype` WHERE ( F_PARENTID=2 )  [ RunTime:0.0020s ]
INFO: [ app_end ] --START--
INFO: Run Behavior\ShowPageTraceBehavior [ RunTime:0.003000s ]
INFO: [ app_end ] --END-- [ RunTime:0.003000s ]

[ 2015-12-21T11:56:19+08:00 ] ::1 /wisdom/index.php/Taskadmin/Fun/getTasktype
INFO: [ app_init ] --START--
INFO: Run Behavior\BuildLiteBehavior [ RunTime:0.000000s ]
INFO: [ app_init ] --END-- [ RunTime:0.002000s ]
INFO: [ app_begin ] --START--
INFO: Run Behavior\ReadHtmlCacheBehavior [ RunTime:0.002001s ]
INFO: [ app_begin ] --END-- [ RunTime:0.002001s ]
SQL: SHOW COLUMNS FROM `t_tasktype` [ RunTime:0.0030s ]
SQL: SELECT * FROM `t_tasktype` WHERE ( F_PARENTID=2 )  [ RunTime:0.0030s ]
INFO: [ app_end ] --START--
INFO: Run Behavior\ShowPageTraceBehavior [ RunTime:0.004000s ]
INFO: [ app_end ] --END-- [ RunTime:0.004000s ]

[ 2015-12-21T17:26:15+08:00 ] ::1 /wisdom/index.php/Taskadmin/
INFO: [ app_init ] --START--
INFO: Run Behavior\BuildLiteBehavior [ RunTime:0.000000s ]
INFO: [ app_init ] --END-- [ RunTime:0.001000s ]
INFO: [ app_begin ] --START--
INFO: Run Behavior\ReadHtmlCacheBehavior [ RunTime:0.001000s ]
INFO: [ app_begin ] --END-- [ RunTime:0.001000s ]
INFO: [ view_parse ] --START--
INFO: [ template_filter ] --START--
INFO: Run Behavior\ContentReplaceBehavior [ RunTime:0.000000s ]
INFO: [ template_filter ] --END-- [ RunTime:0.000000s ]
INFO: Run Behavior\ParseTemplateBehavior [ RunTime:0.050003s ]
INFO: [ view_parse ] --END-- [ RunTime:0.050003s ]
INFO: [ view_filter ] --START--
INFO: Run Behavior\WriteHtmlCacheBehavior [ RunTime:0.003000s ]
INFO: [ view_filter ] --END-- [ RunTime:0.003000s ]
INFO: [ app_end ] --START--
INFO: Run Behavior\ShowPageTraceBehavior [ RunTime:0.002000s ]
INFO: [ app_end ] --END-- [ RunTime:0.003000s ]

[ 2015-12-21T17:26:15+08:00 ] ::1 /wisdom/index.php/Taskadmin/Index/verify_c.html?3759
INFO: [ app_init ] --START--
INFO: Run Behavior\BuildLiteBehavior [ RunTime:0.000000s ]
INFO: [ app_init ] --END-- [ RunTime:0.001000s ]
INFO: [ app_begin ] --START--
INFO: Run Behavior\ReadHtmlCacheBehavior [ RunTime:0.005001s ]
INFO: [ app_begin ] --END-- [ RunTime:0.006001s ]
INFO: [ app_end ] --START--
INFO: Run Behavior\ShowPageTraceBehavior [ RunTime:0.006000s ]
INFO: [ app_end ] --END-- [ RunTime:0.006000s ]

[ 2015-12-21T17:26:21+08:00 ] ::1 /wisdom/index.php/Taskadmin/Index/check_verify_c.html?code=2744
INFO: [ app_init ] --START--
INFO: Run Behavior\BuildLiteBehavior [ RunTime:0.000000s ]
INFO: [ app_init ] --END-- [ RunTime:0.001000s ]
INFO: [ app_begin ] --START--
INFO: Run Behavior\ReadHtmlCacheBehavior [ RunTime:0.007000s ]
INFO: [ app_begin ] --END-- [ RunTime:0.007000s ]
INFO: [ app_end ] --START--
INFO: Run Behavior\ShowPageTraceBehavior [ RunTime:0.003000s ]
INFO: [ app_end ] --END-- [ RunTime:0.003000s ]

[ 2015-12-21T17:26:22+08:00 ] ::1 /wisdom/index.php/Taskadmin/Index/main.html
INFO: [ app_init ] --START--
INFO: Run Behavior\BuildLiteBehavior [ RunTime:0.000000s ]
INFO: [ app_init ] --END-- [ RunTime:0.002000s ]
INFO: [ app_begin ] --START--
INFO: Run Behavior\ReadHtmlCacheBehavior [ RunTime:0.006001s ]
INFO: [ app_begin ] --END-- [ RunTime:0.006001s ]
SQL: SHOW COLUMNS FROM `t_dealerbaseinfo` [ RunTime:0.0070s ]
SQL: SELECT COUNT(f_dealerid) AS tp_count FROM `t_dealerbaseinfo` LEFT JOIN t_task ON t_dealerbaseinfo.f_taskid = t_task.f_tid  WHERE `f_dealer_strats` = 0 AND `f_status` = 3 LIMIT 1   [ RunTime:0.0030s ]
SQL: SELECT COUNT(f_dealerid) AS tp_count FROM `t_dealerbaseinfo` LEFT JOIN t_task ON t_dealerbaseinfo.f_taskid = t_task.f_tid  WHERE ( f_status=3 ) LIMIT 1   [ RunTime:0.0020s ]
SQL: SELECT COUNT(f_dealerid) AS tp_count FROM `t_dealerbaseinfo` LEFT JOIN t_task ON t_dealerbaseinfo.f_taskid = t_task.f_tid  WHERE `f_dealer_strats` = 1 AND `f_status` = 3 LIMIT 1   [ RunTime:0.0020s ]
SQL: SELECT COUNT(f_dealerid) AS tp_count FROM `t_dealerbaseinfo` LEFT JOIN t_task ON t_dealerbaseinfo.f_taskid = t_task.f_tid  WHERE ( f_status=3 ) LIMIT 1   [ RunTime:0.0020s ]
SQL: SELECT COUNT(f_dealerid) AS tp_count FROM `t_dealerbaseinfo` LEFT JOIN t_task ON t_dealerbaseinfo.f_taskid = t_task.f_tid  WHERE `f_dealer_strats` = 2 AND `f_status` = 3 LIMIT 1   [ RunTime:0.0020s ]
SQL: SELECT COUNT(f_dealerid) AS tp_count FROM `t_dealerbaseinfo` LEFT JOIN t_task ON t_dealerbaseinfo.f_taskid = t_task.f_tid  WHERE ( f_status=3 ) LIMIT 1   [ RunTime:0.0020s ]
SQL: SELECT COUNT(f_dealerid) AS tp_count FROM `t_dealerbaseinfo` LEFT JOIN t_task ON t_dealerbaseinfo.f_taskid = t_task.f_tid  WHERE `f_dealer_strats` = 3 AND `f_status` = 3 LIMIT 1   [ RunTime:0.0020s ]
SQL: SELECT COUNT(f_dealerid) AS tp_count FROM `t_dealerbaseinfo` LEFT JOIN t_task ON t_dealerbaseinfo.f_taskid = t_task.f_tid  WHERE ( f_status=3 ) LIMIT 1   [ RunTime:0.0030s ]
NOTIC: [8] Undefined variable: sum D:\wamp\www\wisdom\App\Taskadmin\Controller\IndexController.class.php 第 41 行.
SQL: SHOW COLUMNS FROM `t_task` [ RunTime:0.0050s ]
SQL: SELECT COUNT(f_tid) AS tp_count FROM `t_task` WHERE `f_tasktypeid` IN ('2','4','5','6') LIMIT 1   [ RunTime:0.0020s ]
SQL: SELECT COUNT(f_tid) AS tp_count FROM `t_task` WHERE `f_status` = 0 AND `f_tasktypeid` IN ('2','4','5','6') LIMIT 1   [ RunTime:0.0020s ]
SQL: SELECT COUNT(f_tid) AS tp_count FROM `t_task` WHERE `f_status` = 1 AND `f_tasktypeid` IN ('2','4','5','6') LIMIT 1   [ RunTime:0.0030s ]
SQL: SELECT COUNT(f_tid) AS tp_count FROM `t_task` WHERE `f_status` = 2 AND `f_tasktypeid` IN ('2','4','5','6') LIMIT 1   [ RunTime:0.0020s ]
SQL: SELECT COUNT(f_tid) AS tp_count FROM `t_task` WHERE `f_status` = 3 AND `f_tasktypeid` IN ('2','4','5','6') LIMIT 1   [ RunTime:0.0020s ]
SQL: SELECT COUNT(f_tid) AS tp_count FROM `t_task` WHERE `f_status` = 4 AND `f_tasktypeid` IN ('2','4','5','6') LIMIT 1   [ RunTime:0.0020s ]
SQL: SELECT COUNT(f_tid) AS tp_count FROM `t_task` WHERE `f_status` = 5 AND `f_tasktypeid` IN ('2','4','5','6') LIMIT 1   [ RunTime:0.0020s ]
SQL: SELECT COUNT(f_tid) AS tp_count FROM `t_task` WHERE `f_status` = 6 AND `f_tasktypeid` IN ('2','4','5','6') LIMIT 1   [ RunTime:0.0020s ]
SQL: SELECT COUNT(f_tid) AS tp_count FROM `t_task` WHERE `f_status` = 7 AND `f_tasktypeid` IN ('2','4','5','6') LIMIT 1   [ RunTime:0.0020s ]
SQL: SELECT COUNT(f_tid) AS tp_count FROM `t_task` WHERE `f_status` = 11 AND `f_tasktypeid` IN ('2','4','5','6') LIMIT 1   [ RunTime:0.0020s ]
INFO: [ view_parse ] --START--
INFO: [ template_filter ] --START--
INFO: Run Behavior\ContentReplaceBehavior [ RunTime:0.000000s ]
INFO: [ template_filter ] --END-- [ RunTime:0.000000s ]
INFO: Run Behavior\ParseTemplateBehavior [ RunTime:0.086005s ]
INFO: [ view_parse ] --END-- [ RunTime:0.087005s ]
INFO: [ view_filter ] --START--
INFO: Run Behavior\WriteHtmlCacheBehavior [ RunTime:0.005000s ]
INFO: [ view_filter ] --END-- [ RunTime:0.005000s ]
INFO: [ app_end ] --START--
INFO: Run Behavior\ShowPageTraceBehavior [ RunTime:0.006000s ]
INFO: [ app_end ] --END-- [ RunTime:0.007001s ]

[ 2015-12-21T17:26:27+08:00 ] ::1 /wisdom/index.php/Taskadmin/Task/index?access=100
INFO: [ app_init ] --START--
INFO: Run Behavior\BuildLiteBehavior [ RunTime:0.000000s ]
INFO: [ app_init ] --END-- [ RunTime:0.001000s ]
INFO: [ app_begin ] --START--
INFO: Run Behavior\ReadHtmlCacheBehavior [ RunTime:0.003000s ]
INFO: [ app_begin ] --END-- [ RunTime:0.003000s ]
INFO: [ view_parse ] --START--
INFO: [ template_filter ] --START--
INFO: Run Behavior\ContentReplaceBehavior [ RunTime:0.000000s ]
INFO: [ template_filter ] --END-- [ RunTime:0.001000s ]
NOTIC: [8] Undefined variable: tab D:\wamp\www\wisdom\App\Runtime\Cache\Taskadmin\782a28071b1ea47d710045b1ce2d13dc.php 第 70 行.
INFO: Run Behavior\ParseTemplateBehavior [ RunTime:0.054003s ]
INFO: [ view_parse ] --END-- [ RunTime:0.054003s ]
INFO: [ view_filter ] --START--
INFO: Run Behavior\WriteHtmlCacheBehavior [ RunTime:0.002000s ]
INFO: [ view_filter ] --END-- [ RunTime:0.002000s ]
INFO: [ app_end ] --START--
INFO: Run Behavior\ShowPageTraceBehavior [ RunTime:0.003000s ]
INFO: [ app_end ] --END-- [ RunTime:0.004000s ]

[ 2015-12-21T17:26:28+08:00 ] ::1 /wisdom/index.php/Taskadmin/Review/index?access=200
INFO: [ app_init ] --START--
INFO: Run Behavior\BuildLiteBehavior [ RunTime:0.000000s ]
INFO: [ app_init ] --END-- [ RunTime:0.002000s ]
INFO: [ app_begin ] --START--
INFO: Run Behavior\ReadHtmlCacheBehavior [ RunTime:0.001000s ]
INFO: [ app_begin ] --END-- [ RunTime:0.001000s ]
INFO: [ view_parse ] --START--
INFO: [ template_filter ] --START--
INFO: Run Behavior\ContentReplaceBehavior [ RunTime:0.000000s ]
INFO: [ template_filter ] --END-- [ RunTime:0.000000s ]
INFO: Run Behavior\ParseTemplateBehavior [ RunTime:0.030002s ]
INFO: [ view_parse ] --END-- [ RunTime:0.031002s ]
INFO: [ view_filter ] --START--
INFO: Run Behavior\WriteHtmlCacheBehavior [ RunTime:0.001000s ]
INFO: [ view_filter ] --END-- [ RunTime:0.002000s ]
INFO: [ app_end ] --START--
INFO: Run Behavior\ShowPageTraceBehavior [ RunTime:0.001000s ]
INFO: [ app_end ] --END-- [ RunTime:0.001000s ]

[ 2015-12-21T17:26:30+08:00 ] ::1 /wisdom/index.php/Taskadmin/Sales/index?access=300
INFO: [ app_init ] --START--
INFO: Run Behavior\BuildLiteBehavior [ RunTime:0.000000s ]
INFO: [ app_init ] --END-- [ RunTime:0.002000s ]
INFO: [ app_begin ] --START--
INFO: Run Behavior\ReadHtmlCacheBehavior [ RunTime:0.001000s ]
INFO: [ app_begin ] --END-- [ RunTime:0.002000s ]
SQL: SHOW COLUMNS FROM `t_memberlibary` [ RunTime:0.0040s ]
SQL: SELECT DISTINCT  f_industrytype FROM t_memberlibary WHERE f_industrytype<>'' [ RunTime:0.0020s ]
INFO: [ view_parse ] --START--
INFO: [ template_filter ] --START--
INFO: Run Behavior\ContentReplaceBehavior [ RunTime:0.000000s ]
INFO: [ template_filter ] --END-- [ RunTime:0.000000s ]
NOTIC: [8] Use of undefined constant f_industrytype - assumed 'f_industrytype' D:\wamp\www\wisdom\App\Runtime\Cache\Taskadmin\926a96a84155dc1b5cc6341fe561aabb.php 第 123 行.
NOTIC: [8] Use of undefined constant f_industrytype - assumed 'f_industrytype' D:\wamp\www\wisdom\App\Runtime\Cache\Taskadmin\926a96a84155dc1b5cc6341fe561aabb.php 第 123 行.
NOTIC: [8] Use of undefined constant f_industrytype - assumed 'f_industrytype' D:\wamp\www\wisdom\App\Runtime\Cache\Taskadmin\926a96a84155dc1b5cc6341fe561aabb.php 第 123 行.
NOTIC: [8] Use of undefined constant f_industrytype - assumed 'f_industrytype' D:\wamp\www\wisdom\App\Runtime\Cache\Taskadmin\926a96a84155dc1b5cc6341fe561aabb.php 第 123 行.
NOTIC: [8] Use of undefined constant f_industrytype - assumed 'f_industrytype' D:\wamp\www\wisdom\App\Runtime\Cache\Taskadmin\926a96a84155dc1b5cc6341fe561aabb.php 第 123 行.
NOTIC: [8] Use of undefined constant f_industrytype - assumed 'f_industrytype' D:\wamp\www\wisdom\App\Runtime\Cache\Taskadmin\926a96a84155dc1b5cc6341fe561aabb.php 第 123 行.
NOTIC: [8] Use of undefined constant f_industrytype - assumed 'f_industrytype' D:\wamp\www\wisdom\App\Runtime\Cache\Taskadmin\926a96a84155dc1b5cc6341fe561aabb.php 第 123 行.
NOTIC: [8] Use of undefined constant f_industrytype - assumed 'f_industrytype' D:\wamp\www\wisdom\App\Runtime\Cache\Taskadmin\926a96a84155dc1b5cc6341fe561aabb.php 第 123 行.
NOTIC: [8] Use of undefined constant f_industrytype - assumed 'f_industrytype' D:\wamp\www\wisdom\App\Runtime\Cache\Taskadmin\926a96a84155dc1b5cc6341fe561aabb.php 第 123 行.
NOTIC: [8] Use of undefined constant f_industrytype - assumed 'f_industrytype' D:\wamp\www\wisdom\App\Runtime\Cache\Taskadmin\926a96a84155dc1b5cc6341fe561aabb.php 第 123 行.
NOTIC: [8] Use of undefined constant f_industrytype - assumed 'f_industrytype' D:\wamp\www\wisdom\App\Runtime\Cache\Taskadmin\926a96a84155dc1b5cc6341fe561aabb.php 第 123 行.
NOTIC: [8] Use of undefined constant f_industrytype - assumed 'f_industrytype' D:\wamp\www\wisdom\App\Runtime\Cache\Taskadmin\926a96a84155dc1b5cc6341fe561aabb.php 第 123 行.
NOTIC: [8] Use of undefined constant f_industrytype - assumed 'f_industrytype' D:\wamp\www\wisdom\App\Runtime\Cache\Taskadmin\926a96a84155dc1b5cc6341fe561aabb.php 第 123 行.
NOTIC: [8] Use of undefined constant f_industrytype - assumed 'f_industrytype' D:\wamp\www\wisdom\App\Runtime\Cache\Taskadmin\926a96a84155dc1b5cc6341fe561aabb.php 第 123 行.
NOTIC: [8] Use of undefined constant f_industrytype - assumed 'f_industrytype' D:\wamp\www\wisdom\App\Runtime\Cache\Taskadmin\926a96a84155dc1b5cc6341fe561aabb.php 第 123 行.
NOTIC: [8] Use of undefined constant f_industrytype - assumed 'f_industrytype' D:\wamp\www\wisdom\App\Runtime\Cache\Taskadmin\926a96a84155dc1b5cc6341fe561aabb.php 第 123 行.
NOTIC: [8] Use of undefined constant f_industrytype - assumed 'f_industrytype' D:\wamp\www\wisdom\App\Runtime\Cache\Taskadmin\926a96a84155dc1b5cc6341fe561aabb.php 第 123 行.
NOTIC: [8] Use of undefined constant f_industrytype - assumed 'f_industrytype' D:\wamp\www\wisdom\App\Runtime\Cache\Taskadmin\926a96a84155dc1b5cc6341fe561aabb.php 第 123 行.
NOTIC: [8] Use of undefined constant f_industrytype - assumed 'f_industrytype' D:\wamp\www\wisdom\App\Runtime\Cache\Taskadmin\926a96a84155dc1b5cc6341fe561aabb.php 第 123 行.
NOTIC: [8] Use of undefined constant f_industrytype - assumed 'f_industrytype' D:\wamp\www\wisdom\App\Runtime\Cache\Taskadmin\926a96a84155dc1b5cc6341fe561aabb.php 第 123 行.
NOTIC: [8] Use of undefined constant f_industrytype - assumed 'f_industrytype' D:\wamp\www\wisdom\App\Runtime\Cache\Taskadmin\926a96a84155dc1b5cc6341fe561aabb.php 第 123 行.
NOTIC: [8] Use of undefined constant f_industrytype - assumed 'f_industrytype' D:\wamp\www\wisdom\App\Runtime\Cache\Taskadmin\926a96a84155dc1b5cc6341fe561aabb.php 第 123 行.
NOTIC: [8] Use of undefined constant f_industrytype - assumed 'f_industrytype' D:\wamp\www\wisdom\App\Runtime\Cache\Taskadmin\926a96a84155dc1b5cc6341fe561aabb.php 第 123 行.
NOTIC: [8] Use of undefined constant f_industrytype - assumed 'f_industrytype' D:\wamp\www\wisdom\App\Runtime\Cache\Taskadmin\926a96a84155dc1b5cc6341fe561aabb.php 第 123 行.
NOTIC: [8] Use of undefined constant f_industrytype - assumed 'f_industrytype' D:\wamp\www\wisdom\App\Runtime\Cache\Taskadmin\926a96a84155dc1b5cc6341fe561aabb.php 第 123 行.
NOTIC: [8] Use of undefined constant f_industrytype - assumed 'f_industrytype' D:\wamp\www\wisdom\App\Runtime\Cache\Taskadmin\926a96a84155dc1b5cc6341fe561aabb.php 第 123 行.
NOTIC: [8] Use of undefined constant f_industrytype - assumed 'f_industrytype' D:\wamp\www\wisdom\App\Runtime\Cache\Taskadmin\926a96a84155dc1b5cc6341fe561aabb.php 第 123 行.
NOTIC: [8] Use of undefined constant f_industrytype - assumed 'f_industrytype' D:\wamp\www\wisdom\App\Runtime\Cache\Taskadmin\926a96a84155dc1b5cc6341fe561aabb.php 第 123 行.
NOTIC: [8] Use of undefined constant f_industrytype - assumed 'f_industrytype' D:\wamp\www\wisdom\App\Runtime\Cache\Taskadmin\926a96a84155dc1b5cc6341fe561aabb.php 第 123 行.
NOTIC: [8] Use of undefined constant f_industrytype - assumed 'f_industrytype' D:\wamp\www\wisdom\App\Runtime\Cache\Taskadmin\926a96a84155dc1b5cc6341fe561aabb.php 第 123 行.
NOTIC: [8] Use of undefined constant f_industrytype - assumed 'f_industrytype' D:\wamp\www\wisdom\App\Runtime\Cache\Taskadmin\926a96a84155dc1b5cc6341fe561aabb.php 第 123 行.
NOTIC: [8] Use of undefined constant f_industrytype - assumed 'f_industrytype' D:\wamp\www\wisdom\App\Runtime\Cache\Taskadmin\926a96a84155dc1b5cc6341fe561aabb.php 第 123 行.
NOTIC: [8] Use of undefined constant f_industrytype - assumed 'f_industrytype' D:\wamp\www\wisdom\App\Runtime\Cache\Taskadmin\926a96a84155dc1b5cc6341fe561aabb.php 第 123 行.
NOTIC: [8] Use of undefined constant f_industrytype - assumed 'f_industrytype' D:\wamp\www\wisdom\App\Runtime\Cache\Taskadmin\926a96a84155dc1b5cc6341fe561aabb.php 第 123 行.
NOTIC: [8] Use of undefined constant f_industrytype - assumed 'f_industrytype' D:\wamp\www\wisdom\App\Runtime\Cache\Taskadmin\926a96a84155dc1b5cc6341fe561aabb.php 第 123 行.
NOTIC: [8] Use of undefined constant f_industrytype - assumed 'f_industrytype' D:\wamp\www\wisdom\App\Runtime\Cache\Taskadmin\926a96a84155dc1b5cc6341fe561aabb.php 第 123 行.
NOTIC: [8] Use of undefined constant f_industrytype - assumed 'f_industrytype' D:\wamp\www\wisdom\App\Runtime\Cache\Taskadmin\926a96a84155dc1b5cc6341fe561aabb.php 第 123 行.
NOTIC: [8] Use of undefined constant f_industrytype - assumed 'f_industrytype' D:\wamp\www\wisdom\App\Runtime\Cache\Taskadmin\926a96a84155dc1b5cc6341fe561aabb.php 第 123 行.
NOTIC: [8] Use of undefined constant f_industrytype - assumed 'f_industrytype' D:\wamp\www\wisdom\App\Runtime\Cache\Taskadmin\926a96a84155dc1b5cc6341fe561aabb.php 第 123 行.
NOTIC: [8] Use of undefined constant f_industrytype - assumed 'f_industrytype' D:\wamp\www\wisdom\App\Runtime\Cache\Taskadmin\926a96a84155dc1b5cc6341fe561aabb.php 第 123 行.
NOTIC: [8] Use of undefined constant f_industrytype - assumed 'f_industrytype' D:\wamp\www\wisdom\App\Runtime\Cache\Taskadmin\926a96a84155dc1b5cc6341fe561aabb.php 第 123 行.
NOTIC: [8] Use of undefined constant f_industrytype - assumed 'f_industrytype' D:\wamp\www\wisdom\App\Runtime\Cache\Taskadmin\926a96a84155dc1b5cc6341fe561aabb.php 第 123 行.
NOTIC: [8] Use of undefined constant f_industrytype - assumed 'f_industrytype' D:\wamp\www\wisdom\App\Runtime\Cache\Taskadmin\926a96a84155dc1b5cc6341fe561aabb.php 第 123 行.
NOTIC: [8] Use of undefined constant f_industrytype - assumed 'f_industrytype' D:\wamp\www\wisdom\App\Runtime\Cache\Taskadmin\926a96a84155dc1b5cc6341fe561aabb.php 第 123 行.
NOTIC: [8] Use of undefined constant f_industrytype - assumed 'f_industrytype' D:\wamp\www\wisdom\App\Runtime\Cache\Taskadmin\926a96a84155dc1b5cc6341fe561aabb.php 第 123 行.
NOTIC: [8] Use of undefined constant f_industrytype - assumed 'f_industrytype' D:\wamp\www\wisdom\App\Runtime\Cache\Taskadmin\926a96a84155dc1b5cc6341fe561aabb.php 第 123 行.
NOTIC: [8] Use of undefined constant f_industrytype - assumed 'f_industrytype' D:\wamp\www\wisdom\App\Runtime\Cache\Taskadmin\926a96a84155dc1b5cc6341fe561aabb.php 第 123 行.
NOTIC: [8] Use of undefined constant f_industrytype - assumed 'f_industrytype' D:\wamp\www\wisdom\App\Runtime\Cache\Taskadmin\926a96a84155dc1b5cc6341fe561aabb.php 第 123 行.
NOTIC: [8] Use of undefined constant f_industrytype - assumed 'f_industrytype' D:\wamp\www\wisdom\App\Runtime\Cache\Taskadmin\926a96a84155dc1b5cc6341fe561aabb.php 第 123 行.
NOTIC: [8] Use of undefined constant f_industrytype - assumed 'f_industrytype' D:\wamp\www\wisdom\App\Runtime\Cache\Taskadmin\926a96a84155dc1b5cc6341fe561aabb.php 第 123 行.
NOTIC: [8] Use of undefined constant f_industrytype - assumed 'f_industrytype' D:\wamp\www\wisdom\App\Runtime\Cache\Taskadmin\926a96a84155dc1b5cc6341fe561aabb.php 第 123 行.
NOTIC: [8] Use of undefined constant f_industrytype - assumed 'f_industrytype' D:\wamp\www\wisdom\App\Runtime\Cache\Taskadmin\926a96a84155dc1b5cc6341fe561aabb.php 第 123 行.
NOTIC: [8] Use of undefined constant f_industrytype - assumed 'f_industrytype' D:\wamp\www\wisdom\App\Runtime\Cache\Taskadmin\926a96a84155dc1b5cc6341fe561aabb.php 第 123 行.
NOTIC: [8] Use of undefined constant f_industrytype - assumed 'f_industrytype' D:\wamp\www\wisdom\App\Runtime\Cache\Taskadmin\926a96a84155dc1b5cc6341fe561aabb.php 第 123 行.
NOTIC: [8] Use of undefined constant f_industrytype - assumed 'f_industrytype' D:\wamp\www\wisdom\App\Runtime\Cache\Taskadmin\926a96a84155dc1b5cc6341fe561aabb.php 第 123 行.
NOTIC: [8] Use of undefined constant f_industrytype - assumed 'f_industrytype' D:\wamp\www\wisdom\App\Runtime\Cache\Taskadmin\926a96a84155dc1b5cc6341fe561aabb.php 第 123 行.
NOTIC: [8] Use of undefined constant f_industrytype - assumed 'f_industrytype' D:\wamp\www\wisdom\App\Runtime\Cache\Taskadmin\926a96a84155dc1b5cc6341fe561aabb.php 第 123 行.
NOTIC: [8] Use of undefined constant f_industrytype - assumed 'f_industrytype' D:\wamp\www\wisdom\App\Runtime\Cache\Taskadmin\926a96a84155dc1b5cc6341fe561aabb.php 第 123 行.
NOTIC: [8] Use of undefined constant f_industrytype - assumed 'f_industrytype' D:\wamp\www\wisdom\App\Runtime\Cache\Taskadmin\926a96a84155dc1b5cc6341fe561aabb.php 第 123 行.
NOTIC: [8] Use of undefined constant f_industrytype - assumed 'f_industrytype' D:\wamp\www\wisdom\App\Runtime\Cache\Taskadmin\926a96a84155dc1b5cc6341fe561aabb.php 第 123 行.
NOTIC: [8] Use of undefined constant f_industrytype - assumed 'f_industrytype' D:\wamp\www\wisdom\App\Runtime\Cache\Taskadmin\926a96a84155dc1b5cc6341fe561aabb.php 第 123 行.
NOTIC: [8] Use of undefined constant f_industrytype - assumed 'f_industrytype' D:\wamp\www\wisdom\App\Runtime\Cache\Taskadmin\926a96a84155dc1b5cc6341fe561aabb.php 第 123 行.
NOTIC: [8] Use of undefined constant f_industrytype - assumed 'f_industrytype' D:\wamp\www\wisdom\App\Runtime\Cache\Taskadmin\926a96a84155dc1b5cc6341fe561aabb.php 第 123 行.
NOTIC: [8] Use of undefined constant f_industrytype - assumed 'f_industrytype' D:\wamp\www\wisdom\App\Runtime\Cache\Taskadmin\926a96a84155dc1b5cc6341fe561aabb.php 第 123 行.
NOTIC: [8] Use of undefined constant f_industrytype - assumed 'f_industrytype' D:\wamp\www\wisdom\App\Runtime\Cache\Taskadmin\926a96a84155dc1b5cc6341fe561aabb.php 第 123 行.
NOTIC: [8] Use of undefined constant f_industrytype - assumed 'f_industrytype' D:\wamp\www\wisdom\App\Runtime\Cache\Taskadmin\926a96a84155dc1b5cc6341fe561aabb.php 第 123 行.
NOTIC: [8] Use of undefined constant f_industrytype - assumed 'f_industrytype' D:\wamp\www\wisdom\App\Runtime\Cache\Taskadmin\926a96a84155dc1b5cc6341fe561aabb.php 第 123 行.
NOTIC: [8] Use of undefined constant f_industrytype - assumed 'f_industrytype' D:\wamp\www\wisdom\App\Runtime\Cache\Taskadmin\926a96a84155dc1b5cc6341fe561aabb.php 第 123 行.
NOTIC: [8] Use of undefined constant f_industrytype - assumed 'f_industrytype' D:\wamp\www\wisdom\App\Runtime\Cache\Taskadmin\926a96a84155dc1b5cc6341fe561aabb.php 第 123 行.
NOTIC: [8] Use of undefined constant f_industrytype - assumed 'f_industrytype' D:\wamp\www\wisdom\App\Runtime\Cache\Taskadmin\926a96a84155dc1b5cc6341fe561aabb.php 第 123 行.
NOTIC: [8] Use of undefined constant f_industrytype - assumed 'f_industrytype' D:\wamp\www\wisdom\App\Runtime\Cache\Taskadmin\926a96a84155dc1b5cc6341fe561aabb.php 第 123 行.
NOTIC: [8] Use of undefined constant f_industrytype - assumed 'f_industrytype' D:\wamp\www\wisdom\App\Runtime\Cache\Taskadmin\926a96a84155dc1b5cc6341fe561aabb.php 第 123 行.
NOTIC: [8] Use of undefined constant f_industrytype - assumed 'f_industrytype' D:\wamp\www\wisdom\App\Runtime\Cache\Taskadmin\926a96a84155dc1b5cc6341fe561aabb.php 第 123 行.
NOTIC: [8] Use of undefined constant f_industrytype - assumed 'f_industrytype' D:\wamp\www\wisdom\App\Runtime\Cache\Taskadmin\926a96a84155dc1b5cc6341fe561aabb.php 第 123 行.
NOTIC: [8] Use of undefined constant f_industrytype - assumed 'f_industrytype' D:\wamp\www\wisdom\App\Runtime\Cache\Taskadmin\926a96a84155dc1b5cc6341fe561aabb.php 第 123 行.
NOTIC: [8] Use of undefined constant f_industrytype - assumed 'f_industrytype' D:\wamp\www\wisdom\App\Runtime\Cache\Taskadmin\926a96a84155dc1b5cc6341fe561aabb.php 第 123 行.
NOTIC: [8] Use of undefined constant f_industrytype - assumed 'f_industrytype' D:\wamp\www\wisdom\App\Runtime\Cache\Taskadmin\926a96a84155dc1b5cc6341fe561aabb.php 第 123 行.
NOTIC: [8] Use of undefined constant f_industrytype - assumed 'f_industrytype' D:\wamp\www\wisdom\App\Runtime\Cache\Taskadmin\926a96a84155dc1b5cc6341fe561aabb.php 第 123 行.
NOTIC: [8] Use of undefined constant f_industrytype - assumed 'f_industrytype' D:\wamp\www\wisdom\App\Runtime\Cache\Taskadmin\926a96a84155dc1b5cc6341fe561aabb.php 第 123 行.
NOTIC: [8] Use of undefined constant f_industrytype - assumed 'f_industrytype' D:\wamp\www\wisdom\App\Runtime\Cache\Taskadmin\926a96a84155dc1b5cc6341fe561aabb.php 第 123 行.
NOTIC: [8] Use of undefined constant f_industrytype - assumed 'f_industrytype' D:\wamp\www\wisdom\App\Runtime\Cache\Taskadmin\926a96a84155dc1b5cc6341fe561aabb.php 第 123 行.
NOTIC: [8] Use of undefined constant f_industrytype - assumed 'f_industrytype' D:\wamp\www\wisdom\App\Runtime\Cache\Taskadmin\926a96a84155dc1b5cc6341fe561aabb.php 第 123 行.
NOTIC: [8] Use of undefined constant f_industrytype - assumed 'f_industrytype' D:\wamp\www\wisdom\App\Runtime\Cache\Taskadmin\926a96a84155dc1b5cc6341fe561aabb.php 第 123 行.
NOTIC: [8] Use of undefined constant f_industrytype - assumed 'f_industrytype' D:\wamp\www\wisdom\App\Runtime\Cache\Taskadmin\926a96a84155dc1b5cc6341fe561aabb.php 第 123 行.
NOTIC: [8] Use of undefined constant f_industrytype - assumed 'f_industrytype' D:\wamp\www\wisdom\App\Runtime\Cache\Taskadmin\926a96a84155dc1b5cc6341fe561aabb.php 第 123 行.
NOTIC: [8] Use of undefined constant f_industrytype - assumed 'f_industrytype' D:\wamp\www\wisdom\App\Runtime\Cache\Taskadmin\926a96a84155dc1b5cc6341fe561aabb.php 第 123 行.
NOTIC: [8] Use of undefined constant f_industrytype - assumed 'f_industrytype' D:\wamp\www\wisdom\App\Runtime\Cache\Taskadmin\926a96a84155dc1b5cc6341fe561aabb.php 第 123 行.
NOTIC: [8] Use of undefined constant f_industrytype - assumed 'f_industrytype' D:\wamp\www\wisdom\App\Runtime\Cache\Taskadmin\926a96a84155dc1b5cc6341fe561aabb.php 第 123 行.
NOTIC: [8] Use of undefined constant f_industrytype - assumed 'f_industrytype' D:\wamp\www\wisdom\App\Runtime\Cache\Taskadmin\926a96a84155dc1b5cc6341fe561aabb.php 第 123 行.
NOTIC: [8] Use of undefined constant f_industrytype - assumed 'f_industrytype' D:\wamp\www\wisdom\App\Runtime\Cache\Taskadmin\926a96a84155dc1b5cc6341fe561aabb.php 第 123 行.
INFO: Run Behavior\ParseTemplateBehavior [ RunTime:0.032002s ]
INFO: [ view_parse ] --END-- [ RunTime:0.033002s ]
INFO: [ view_filter ] --START--
INFO: Run Behavior\WriteHtmlCacheBehavior [ RunTime:0.001000s ]
INFO: [ view_filter ] --END-- [ RunTime:0.001000s ]
INFO: [ app_end ] --START--
INFO: Run Behavior\ShowPageTraceBehavior [ RunTime:0.001000s ]
INFO: [ app_end ] --END-- [ RunTime:0.001000s ]

[ 2015-12-21T18:08:55+08:00 ] ::1 /wisdom/index.php/Taskadmin/Task/index?access=100
INFO: [ app_init ] --START--
INFO: Run Behavior\BuildLiteBehavior [ RunTime:0.000000s ]
INFO: [ app_init ] --END-- [ RunTime:0.001000s ]
INFO: [ app_begin ] --START--
INFO: Run Behavior\ReadHtmlCacheBehavior [ RunTime:0.002000s ]
INFO: [ app_begin ] --END-- [ RunTime:0.002000s ]
INFO: [ view_parse ] --START--
INFO: [ template_filter ] --START--
INFO: Run Behavior\ContentReplaceBehavior [ RunTime:0.000000s ]
INFO: [ template_filter ] --END-- [ RunTime:0.000000s ]
NOTIC: [8] Undefined variable: tab D:\wamp\www\wisdom\App\Runtime\Cache\Taskadmin\782a28071b1ea47d710045b1ce2d13dc.php 第 70 行.
INFO: Run Behavior\ParseTemplateBehavior [ RunTime:0.021001s ]
INFO: [ view_parse ] --END-- [ RunTime:0.021001s ]
INFO: [ view_filter ] --START--
INFO: Run Behavior\WriteHtmlCacheBehavior [ RunTime:0.001000s ]
INFO: [ view_filter ] --END-- [ RunTime:0.002000s ]
INFO: [ app_end ] --START--
INFO: Run Behavior\ShowPageTraceBehavior [ RunTime:0.002000s ]
INFO: [ app_end ] --END-- [ RunTime:0.002000s ]

[ 2015-12-21T18:35:16+08:00 ] ::1 /wisdom/index.php/Taskadmin/Fun/user_setting
INFO: [ app_init ] --START--
INFO: Run Behavior\BuildLiteBehavior [ RunTime:0.000000s ]
INFO: [ app_init ] --END-- [ RunTime:0.003000s ]
INFO: [ app_begin ] --START--
INFO: Run Behavior\ReadHtmlCacheBehavior [ RunTime:0.005000s ]
INFO: [ app_begin ] --END-- [ RunTime:0.006000s ]
SQL: SHOW COLUMNS FROM `t_sysuser` [ RunTime:0.0040s ]
SQL: SELECT * FROM `t_sysuser` WHERE ( id=1 ) LIMIT 1   [ RunTime:0.0020s ]
SQL: SHOW COLUMNS FROM `t_sysaccess` [ RunTime:0.0030s ]
SQL: SELECT * FROM `t_sysaccess`  [ RunTime:0.0040s ]
INFO: [ view_parse ] --START--
INFO: [ template_filter ] --START--
INFO: Run Behavior\ContentReplaceBehavior [ RunTime:0.000000s ]
INFO: [ template_filter ] --END-- [ RunTime:0.000000s ]
NOTIC: [8] Undefined variable: tab D:\wamp\www\wisdom\App\Runtime\Cache\Taskadmin\45b2e1f66652d167f3d2ccd95be84411.php 第 15 行.
NOTIC: [8] Undefined index: list D:\wamp\www\wisdom\App\Runtime\Cache\Taskadmin\45b2e1f66652d167f3d2ccd95be84411.php 第 56 行.
NOTIC: [8] Undefined index: list D:\wamp\www\wisdom\App\Runtime\Cache\Taskadmin\45b2e1f66652d167f3d2ccd95be84411.php 第 56 行.
NOTIC: [8] Undefined index: list D:\wamp\www\wisdom\App\Runtime\Cache\Taskadmin\45b2e1f66652d167f3d2ccd95be84411.php 第 56 行.
NOTIC: [8] Undefined index: list D:\wamp\www\wisdom\App\Runtime\Cache\Taskadmin\45b2e1f66652d167f3d2ccd95be84411.php 第 56 行.
NOTIC: [8] Undefined index: list D:\wamp\www\wisdom\App\Runtime\Cache\Taskadmin\45b2e1f66652d167f3d2ccd95be84411.php 第 56 行.
NOTIC: [8] Undefined index: list D:\wamp\www\wisdom\App\Runtime\Cache\Taskadmin\45b2e1f66652d167f3d2ccd95be84411.php 第 56 行.
NOTIC: [8] Undefined index: list D:\wamp\www\wisdom\App\Runtime\Cache\Taskadmin\45b2e1f66652d167f3d2ccd95be84411.php 第 56 行.
NOTIC: [8] Undefined index: list D:\wamp\www\wisdom\App\Runtime\Cache\Taskadmin\45b2e1f66652d167f3d2ccd95be84411.php 第 56 行.
NOTIC: [8] Undefined index: list D:\wamp\www\wisdom\App\Runtime\Cache\Taskadmin\45b2e1f66652d167f3d2ccd95be84411.php 第 56 行.
NOTIC: [8] Undefined index: list D:\wamp\www\wisdom\App\Runtime\Cache\Taskadmin\45b2e1f66652d167f3d2ccd95be84411.php 第 56 行.
NOTIC: [8] Undefined index: list D:\wamp\www\wisdom\App\Runtime\Cache\Taskadmin\45b2e1f66652d167f3d2ccd95be84411.php 第 56 行.
NOTIC: [8] Undefined index: list D:\wamp\www\wisdom\App\Runtime\Cache\Taskadmin\45b2e1f66652d167f3d2ccd95be84411.php 第 56 行.
NOTIC: [8] Undefined index: list D:\wamp\www\wisdom\App\Runtime\Cache\Taskadmin\45b2e1f66652d167f3d2ccd95be84411.php 第 56 行.
NOTIC: [8] Undefined index: list D:\wamp\www\wisdom\App\Runtime\Cache\Taskadmin\45b2e1f66652d167f3d2ccd95be84411.php 第 56 行.
NOTIC: [8] Undefined index: list D:\wamp\www\wisdom\App\Runtime\Cache\Taskadmin\45b2e1f66652d167f3d2ccd95be84411.php 第 56 行.
NOTIC: [8] Undefined index: list D:\wamp\www\wisdom\App\Runtime\Cache\Taskadmin\45b2e1f66652d167f3d2ccd95be84411.php 第 56 行.
NOTIC: [8] Undefined index: list D:\wamp\www\wisdom\App\Runtime\Cache\Taskadmin\45b2e1f66652d167f3d2ccd95be84411.php 第 56 行.
NOTIC: [8] Undefined index: list D:\wamp\www\wisdom\App\Runtime\Cache\Taskadmin\45b2e1f66652d167f3d2ccd95be84411.php 第 56 行.
NOTIC: [8] Undefined index: list D:\wamp\www\wisdom\App\Runtime\Cache\Taskadmin\45b2e1f66652d167f3d2ccd95be84411.php 第 56 行.
NOTIC: [8] Undefined index: list D:\wamp\www\wisdom\App\Runtime\Cache\Taskadmin\45b2e1f66652d167f3d2ccd95be84411.php 第 56 行.
INFO: Run Behavior\ParseTemplateBehavior [ RunTime:0.049003s ]
INFO: [ view_parse ] --END-- [ RunTime:0.050003s ]
INFO: [ view_filter ] --START--
INFO: Run Behavior\WriteHtmlCacheBehavior [ RunTime:0.006000s ]
INFO: [ view_filter ] --END-- [ RunTime:0.007000s ]
INFO: [ app_end ] --START--
INFO: Run Behavior\ShowPageTraceBehavior [ RunTime:0.004000s ]
INFO: [ app_end ] --END-- [ RunTime:0.004000s ]

[ 2015-12-21T18:35:25+08:00 ] ::1 /wisdom/index.php/Taskadmin/Task/index?access=100
INFO: [ app_init ] --START--
INFO: Run Behavior\BuildLiteBehavior [ RunTime:0.000000s ]
INFO: [ app_init ] --END-- [ RunTime:0.001000s ]
INFO: [ app_begin ] --START--
INFO: Run Behavior\ReadHtmlCacheBehavior [ RunTime:0.002000s ]
INFO: [ app_begin ] --END-- [ RunTime:0.002000s ]
INFO: [ view_parse ] --START--
INFO: [ template_filter ] --START--
INFO: Run Behavior\ContentReplaceBehavior [ RunTime:0.000000s ]
INFO: [ template_filter ] --END-- [ RunTime:0.000000s ]
NOTIC: [8] Undefined variable: tab D:\wamp\www\wisdom\App\Runtime\Cache\Taskadmin\782a28071b1ea47d710045b1ce2d13dc.php 第 70 行.
INFO: Run Behavior\ParseTemplateBehavior [ RunTime:0.028001s ]
INFO: [ view_parse ] --END-- [ RunTime:0.028001s ]
INFO: [ view_filter ] --START--
INFO: Run Behavior\WriteHtmlCacheBehavior [ RunTime:0.002001s ]
INFO: [ view_filter ] --END-- [ RunTime:0.002001s ]
INFO: [ app_end ] --START--
INFO: Run Behavior\ShowPageTraceBehavior [ RunTime:0.002000s ]
INFO: [ app_end ] --END-- [ RunTime:0.002000s ]

[ 2015-12-21T18:35:28+08:00 ] ::1 /wisdom/index.php/Taskadmin/Index/main
INFO: [ app_init ] --START--
INFO: Run Behavior\BuildLiteBehavior [ RunTime:0.000000s ]
INFO: [ app_init ] --END-- [ RunTime:0.001000s ]
INFO: [ app_begin ] --START--
INFO: Run Behavior\ReadHtmlCacheBehavior [ RunTime:0.002000s ]
INFO: [ app_begin ] --END-- [ RunTime:0.002000s ]
SQL: SHOW COLUMNS FROM `t_dealerbaseinfo` [ RunTime:0.0050s ]
SQL: SELECT COUNT(f_dealerid) AS tp_count FROM `t_dealerbaseinfo` LEFT JOIN t_task ON t_dealerbaseinfo.f_taskid = t_task.f_tid  WHERE `f_dealer_strats` = 0 AND `f_status` = 3 LIMIT 1   [ RunTime:0.0070s ]
SQL: SELECT COUNT(f_dealerid) AS tp_count FROM `t_dealerbaseinfo` LEFT JOIN t_task ON t_dealerbaseinfo.f_taskid = t_task.f_tid  WHERE ( f_status=3 ) LIMIT 1   [ RunTime:0.0060s ]
SQL: SELECT COUNT(f_dealerid) AS tp_count FROM `t_dealerbaseinfo` LEFT JOIN t_task ON t_dealerbaseinfo.f_taskid = t_task.f_tid  WHERE `f_dealer_strats` = 1 AND `f_status` = 3 LIMIT 1   [ RunTime:0.0040s ]
SQL: SELECT COUNT(f_dealerid) AS tp_count FROM `t_dealerbaseinfo` LEFT JOIN t_task ON t_dealerbaseinfo.f_taskid = t_task.f_tid  WHERE ( f_status=3 ) LIMIT 1   [ RunTime:0.0030s ]
SQL: SELECT COUNT(f_dealerid) AS tp_count FROM `t_dealerbaseinfo` LEFT JOIN t_task ON t_dealerbaseinfo.f_taskid = t_task.f_tid  WHERE `f_dealer_strats` = 2 AND `f_status` = 3 LIMIT 1   [ RunTime:0.0040s ]
SQL: SELECT COUNT(f_dealerid) AS tp_count FROM `t_dealerbaseinfo` LEFT JOIN t_task ON t_dealerbaseinfo.f_taskid = t_task.f_tid  WHERE ( f_status=3 ) LIMIT 1   [ RunTime:0.0030s ]
SQL: SELECT COUNT(f_dealerid) AS tp_count FROM `t_dealerbaseinfo` LEFT JOIN t_task ON t_dealerbaseinfo.f_taskid = t_task.f_tid  WHERE `f_dealer_strats` = 3 AND `f_status` = 3 LIMIT 1   [ RunTime:0.0040s ]
SQL: SELECT COUNT(f_dealerid) AS tp_count FROM `t_dealerbaseinfo` LEFT JOIN t_task ON t_dealerbaseinfo.f_taskid = t_task.f_tid  WHERE ( f_status=3 ) LIMIT 1   [ RunTime:0.0020s ]
NOTIC: [8] Undefined variable: sum D:\wamp\www\wisdom\App\Taskadmin\Controller\IndexController.class.php 第 41 行.
SQL: SHOW COLUMNS FROM `t_task` [ RunTime:0.0030s ]
SQL: SELECT COUNT(f_tid) AS tp_count FROM `t_task` WHERE `f_tasktypeid` IN ('2','4','5','6') LIMIT 1   [ RunTime:0.0030s ]
SQL: SELECT COUNT(f_tid) AS tp_count FROM `t_task` WHERE `f_status` = 0 AND `f_tasktypeid` IN ('2','4','5','6') LIMIT 1   [ RunTime:0.0030s ]
SQL: SELECT COUNT(f_tid) AS tp_count FROM `t_task` WHERE `f_status` = 1 AND `f_tasktypeid` IN ('2','4','5','6') LIMIT 1   [ RunTime:0.0030s ]
SQL: SELECT COUNT(f_tid) AS tp_count FROM `t_task` WHERE `f_status` = 2 AND `f_tasktypeid` IN ('2','4','5','6') LIMIT 1   [ RunTime:0.0030s ]
SQL: SELECT COUNT(f_tid) AS tp_count FROM `t_task` WHERE `f_status` = 3 AND `f_tasktypeid` IN ('2','4','5','6') LIMIT 1   [ RunTime:0.0020s ]
SQL: SELECT COUNT(f_tid) AS tp_count FROM `t_task` WHERE `f_status` = 4 AND `f_tasktypeid` IN ('2','4','5','6') LIMIT 1   [ RunTime:0.0030s ]
SQL: SELECT COUNT(f_tid) AS tp_count FROM `t_task` WHERE `f_status` = 5 AND `f_tasktypeid` IN ('2','4','5','6') LIMIT 1   [ RunTime:0.0030s ]
SQL: SELECT COUNT(f_tid) AS tp_count FROM `t_task` WHERE `f_status` = 6 AND `f_tasktypeid` IN ('2','4','5','6') LIMIT 1   [ RunTime:0.0030s ]
SQL: SELECT COUNT(f_tid) AS tp_count FROM `t_task` WHERE `f_status` = 7 AND `f_tasktypeid` IN ('2','4','5','6') LIMIT 1   [ RunTime:0.0020s ]
SQL: SELECT COUNT(f_tid) AS tp_count FROM `t_task` WHERE `f_status` = 11 AND `f_tasktypeid` IN ('2','4','5','6') LIMIT 1   [ RunTime:0.0020s ]
INFO: [ view_parse ] --START--
INFO: [ template_filter ] --START--
INFO: Run Behavior\ContentReplaceBehavior [ RunTime:0.001000s ]
INFO: [ template_filter ] --END-- [ RunTime:0.001000s ]
INFO: Run Behavior\ParseTemplateBehavior [ RunTime:0.030002s ]
INFO: [ view_parse ] --END-- [ RunTime:0.030002s ]
INFO: [ view_filter ] --START--
INFO: Run Behavior\WriteHtmlCacheBehavior [ RunTime:0.002000s ]
INFO: [ view_filter ] --END-- [ RunTime:0.002000s ]
INFO: [ app_end ] --START--
INFO: Run Behavior\ShowPageTraceBehavior [ RunTime:0.002000s ]
INFO: [ app_end ] --END-- [ RunTime:0.002000s ]

[ 2015-12-21T18:35:31+08:00 ] ::1 /wisdom/index.php/Taskadmin/Fun/user_setting
INFO: [ app_init ] --START--
INFO: Run Behavior\BuildLiteBehavior [ RunTime:0.000000s ]
INFO: [ app_init ] --END-- [ RunTime:0.002000s ]
INFO: [ app_begin ] --START--
INFO: Run Behavior\ReadHtmlCacheBehavior [ RunTime:0.007001s ]
INFO: [ app_begin ] --END-- [ RunTime:0.007001s ]
SQL: SHOW COLUMNS FROM `t_sysuser` [ RunTime:0.0040s ]
SQL: SELECT * FROM `t_sysuser` WHERE ( id=1 ) LIMIT 1   [ RunTime:0.0030s ]
SQL: SHOW COLUMNS FROM `t_sysaccess` [ RunTime:0.0040s ]
SQL: SELECT * FROM `t_sysaccess`  [ RunTime:0.0030s ]
INFO: [ view_parse ] --START--
INFO: [ template_filter ] --START--
INFO: Run Behavior\ContentReplaceBehavior [ RunTime:0.000000s ]
INFO: [ template_filter ] --END-- [ RunTime:0.000000s ]
NOTIC: [8] Undefined variable: tab D:\wamp\www\wisdom\App\Runtime\Cache\Taskadmin\45b2e1f66652d167f3d2ccd95be84411.php 第 15 行.
NOTIC: [8] Undefined index: list D:\wamp\www\wisdom\App\Runtime\Cache\Taskadmin\45b2e1f66652d167f3d2ccd95be84411.php 第 56 行.
NOTIC: [8] Undefined index: list D:\wamp\www\wisdom\App\Runtime\Cache\Taskadmin\45b2e1f66652d167f3d2ccd95be84411.php 第 56 行.
NOTIC: [8] Undefined index: list D:\wamp\www\wisdom\App\Runtime\Cache\Taskadmin\45b2e1f66652d167f3d2ccd95be84411.php 第 56 行.
NOTIC: [8] Undefined index: list D:\wamp\www\wisdom\App\Runtime\Cache\Taskadmin\45b2e1f66652d167f3d2ccd95be84411.php 第 56 行.
NOTIC: [8] Undefined index: list D:\wamp\www\wisdom\App\Runtime\Cache\Taskadmin\45b2e1f66652d167f3d2ccd95be84411.php 第 56 行.
NOTIC: [8] Undefined index: list D:\wamp\www\wisdom\App\Runtime\Cache\Taskadmin\45b2e1f66652d167f3d2ccd95be84411.php 第 56 行.
NOTIC: [8] Undefined index: list D:\wamp\www\wisdom\App\Runtime\Cache\Taskadmin\45b2e1f66652d167f3d2ccd95be84411.php 第 56 行.
NOTIC: [8] Undefined index: list D:\wamp\www\wisdom\App\Runtime\Cache\Taskadmin\45b2e1f66652d167f3d2ccd95be84411.php 第 56 行.
NOTIC: [8] Undefined index: list D:\wamp\www\wisdom\App\Runtime\Cache\Taskadmin\45b2e1f66652d167f3d2ccd95be84411.php 第 56 行.
NOTIC: [8] Undefined index: list D:\wamp\www\wisdom\App\Runtime\Cache\Taskadmin\45b2e1f66652d167f3d2ccd95be84411.php 第 56 行.
NOTIC: [8] Undefined index: list D:\wamp\www\wisdom\App\Runtime\Cache\Taskadmin\45b2e1f66652d167f3d2ccd95be84411.php 第 56 行.
NOTIC: [8] Undefined index: list D:\wamp\www\wisdom\App\Runtime\Cache\Taskadmin\45b2e1f66652d167f3d2ccd95be84411.php 第 56 行.
NOTIC: [8] Undefined index: list D:\wamp\www\wisdom\App\Runtime\Cache\Taskadmin\45b2e1f66652d167f3d2ccd95be84411.php 第 56 行.
NOTIC: [8] Undefined index: list D:\wamp\www\wisdom\App\Runtime\Cache\Taskadmin\45b2e1f66652d167f3d2ccd95be84411.php 第 56 行.
NOTIC: [8] Undefined index: list D:\wamp\www\wisdom\App\Runtime\Cache\Taskadmin\45b2e1f66652d167f3d2ccd95be84411.php 第 56 行.
NOTIC: [8] Undefined index: list D:\wamp\www\wisdom\App\Runtime\Cache\Taskadmin\45b2e1f66652d167f3d2ccd95be84411.php 第 56 行.
NOTIC: [8] Undefined index: list D:\wamp\www\wisdom\App\Runtime\Cache\Taskadmin\45b2e1f66652d167f3d2ccd95be84411.php 第 56 行.
NOTIC: [8] Undefined index: list D:\wamp\www\wisdom\App\Runtime\Cache\Taskadmin\45b2e1f66652d167f3d2ccd95be84411.php 第 56 行.
NOTIC: [8] Undefined index: list D:\wamp\www\wisdom\App\Runtime\Cache\Taskadmin\45b2e1f66652d167f3d2ccd95be84411.php 第 56 行.
NOTIC: [8] Undefined index: list D:\wamp\www\wisdom\App\Runtime\Cache\Taskadmin\45b2e1f66652d167f3d2ccd95be84411.php 第 56 行.
INFO: Run Behavior\ParseTemplateBehavior [ RunTime:0.048003s ]
INFO: [ view_parse ] --END-- [ RunTime:0.049003s ]
INFO: [ view_filter ] --START--
INFO: Run Behavior\WriteHtmlCacheBehavior [ RunTime:0.001000s ]
INFO: [ view_filter ] --END-- [ RunTime:0.001000s ]
INFO: [ app_end ] --START--
INFO: Run Behavior\ShowPageTraceBehavior [ RunTime:0.001000s ]
INFO: [ app_end ] --END-- [ RunTime:0.001000s ]

[ 2015-12-21T18:35:36+08:00 ] ::1 /wisdom/index.php/Taskadmin/Task/index?access=100
INFO: [ app_init ] --START--
INFO: Run Behavior\BuildLiteBehavior [ RunTime:0.000000s ]
INFO: [ app_init ] --END-- [ RunTime:0.000000s ]
INFO: [ app_begin ] --START--
INFO: Run Behavior\ReadHtmlCacheBehavior [ RunTime:0.004000s ]
INFO: [ app_begin ] --END-- [ RunTime:0.005000s ]
INFO: [ view_parse ] --START--
INFO: [ template_filter ] --START--
INFO: Run Behavior\ContentReplaceBehavior [ RunTime:0.000000s ]
INFO: [ template_filter ] --END-- [ RunTime:0.000000s ]
NOTIC: [8] Undefined variable: tab D:\wamp\www\wisdom\App\Runtime\Cache\Taskadmin\782a28071b1ea47d710045b1ce2d13dc.php 第 70 行.
INFO: Run Behavior\ParseTemplateBehavior [ RunTime:0.036002s ]
INFO: [ view_parse ] --END-- [ RunTime:0.036002s ]
INFO: [ view_filter ] --START--
INFO: Run Behavior\WriteHtmlCacheBehavior [ RunTime:0.005000s ]
INFO: [ view_filter ] --END-- [ RunTime:0.005000s ]
INFO: [ app_end ] --START--
INFO: Run Behavior\ShowPageTraceBehavior [ RunTime:0.002000s ]
INFO: [ app_end ] --END-- [ RunTime:0.002000s ]

[ 2015-12-21T18:35:41+08:00 ] ::1 /wisdom/index.php/Taskadmin/Review/index?access=200
INFO: [ app_init ] --START--
INFO: Run Behavior\BuildLiteBehavior [ RunTime:0.000000s ]
INFO: [ app_init ] --END-- [ RunTime:0.001000s ]
INFO: [ app_begin ] --START--
INFO: Run Behavior\ReadHtmlCacheBehavior [ RunTime:0.002001s ]
INFO: [ app_begin ] --END-- [ RunTime:0.002001s ]
INFO: [ view_parse ] --START--
INFO: [ template_filter ] --START--
INFO: Run Behavior\ContentReplaceBehavior [ RunTime:0.000000s ]
INFO: [ template_filter ] --END-- [ RunTime:0.000000s ]
INFO: Run Behavior\ParseTemplateBehavior [ RunTime:0.025001s ]
INFO: [ view_parse ] --END-- [ RunTime:0.025001s ]
INFO: [ view_filter ] --START--
INFO: Run Behavior\WriteHtmlCacheBehavior [ RunTime:0.001001s ]
INFO: [ view_filter ] --END-- [ RunTime:0.001001s ]
INFO: [ app_end ] --START--
INFO: Run Behavior\ShowPageTraceBehavior [ RunTime:0.001000s ]
INFO: [ app_end ] --END-- [ RunTime:0.002000s ]

[ 2015-12-21T18:35:52+08:00 ] ::1 /wisdom/index.php/Taskadmin/Review/index?access=200
INFO: [ app_init ] --START--
INFO: Run Behavior\BuildLiteBehavior [ RunTime:0.000000s ]
INFO: [ app_init ] --END-- [ RunTime:0.002000s ]
INFO: [ app_begin ] --START--
INFO: Run Behavior\ReadHtmlCacheBehavior [ RunTime:0.002000s ]
INFO: [ app_begin ] --END-- [ RunTime:0.002000s ]
INFO: [ view_parse ] --START--
INFO: [ template_filter ] --START--
INFO: Run Behavior\ContentReplaceBehavior [ RunTime:0.000000s ]
INFO: [ template_filter ] --END-- [ RunTime:0.000000s ]
INFO: Run Behavior\ParseTemplateBehavior [ RunTime:0.027002s ]
INFO: [ view_parse ] --END-- [ RunTime:0.027002s ]
INFO: [ view_filter ] --START--
INFO: Run Behavior\WriteHtmlCacheBehavior [ RunTime:0.003000s ]
INFO: [ view_filter ] --END-- [ RunTime:0.003000s ]
INFO: [ app_end ] --START--
INFO: Run Behavior\ShowPageTraceBehavior [ RunTime:0.002000s ]
INFO: [ app_end ] --END-- [ RunTime:0.002000s ]

[ 2015-12-21T18:35:53+08:00 ] ::1 /wisdom/index.php/Taskadmin/Sales/index?access=300
INFO: [ app_init ] --START--
INFO: Run Behavior\BuildLiteBehavior [ RunTime:0.000000s ]
INFO: [ app_init ] --END-- [ RunTime:0.001000s ]
INFO: [ app_begin ] --START--
INFO: Run Behavior\ReadHtmlCacheBehavior [ RunTime:0.002001s ]
INFO: [ app_begin ] --END-- [ RunTime:0.003001s ]
SQL: SHOW COLUMNS FROM `t_memberlibary` [ RunTime:0.0060s ]
SQL: SELECT DISTINCT  f_industrytype FROM t_memberlibary WHERE f_industrytype<>'' [ RunTime:0.0020s ]
INFO: [ view_parse ] --START--
INFO: [ template_filter ] --START--
INFO: Run Behavior\ContentReplaceBehavior [ RunTime:0.000000s ]
INFO: [ template_filter ] --END-- [ RunTime:0.000000s ]
NOTIC: [8] Use of undefined constant f_industrytype - assumed 'f_industrytype' D:\wamp\www\wisdom\App\Runtime\Cache\Taskadmin\926a96a84155dc1b5cc6341fe561aabb.php 第 123 行.
NOTIC: [8] Use of undefined constant f_industrytype - assumed 'f_industrytype' D:\wamp\www\wisdom\App\Runtime\Cache\Taskadmin\926a96a84155dc1b5cc6341fe561aabb.php 第 123 行.
NOTIC: [8] Use of undefined constant f_industrytype - assumed 'f_industrytype' D:\wamp\www\wisdom\App\Runtime\Cache\Taskadmin\926a96a84155dc1b5cc6341fe561aabb.php 第 123 行.
NOTIC: [8] Use of undefined constant f_industrytype - assumed 'f_industrytype' D:\wamp\www\wisdom\App\Runtime\Cache\Taskadmin\926a96a84155dc1b5cc6341fe561aabb.php 第 123 行.
NOTIC: [8] Use of undefined constant f_industrytype - assumed 'f_industrytype' D:\wamp\www\wisdom\App\Runtime\Cache\Taskadmin\926a96a84155dc1b5cc6341fe561aabb.php 第 123 行.
NOTIC: [8] Use of undefined constant f_industrytype - assumed 'f_industrytype' D:\wamp\www\wisdom\App\Runtime\Cache\Taskadmin\926a96a84155dc1b5cc6341fe561aabb.php 第 123 行.
NOTIC: [8] Use of undefined constant f_industrytype - assumed 'f_industrytype' D:\wamp\www\wisdom\App\Runtime\Cache\Taskadmin\926a96a84155dc1b5cc6341fe561aabb.php 第 123 行.
NOTIC: [8] Use of undefined constant f_industrytype - assumed 'f_industrytype' D:\wamp\www\wisdom\App\Runtime\Cache\Taskadmin\926a96a84155dc1b5cc6341fe561aabb.php 第 123 行.
NOTIC: [8] Use of undefined constant f_industrytype - assumed 'f_industrytype' D:\wamp\www\wisdom\App\Runtime\Cache\Taskadmin\926a96a84155dc1b5cc6341fe561aabb.php 第 123 行.
NOTIC: [8] Use of undefined constant f_industrytype - assumed 'f_industrytype' D:\wamp\www\wisdom\App\Runtime\Cache\Taskadmin\926a96a84155dc1b5cc6341fe561aabb.php 第 123 行.
NOTIC: [8] Use of undefined constant f_industrytype - assumed 'f_industrytype' D:\wamp\www\wisdom\App\Runtime\Cache\Taskadmin\926a96a84155dc1b5cc6341fe561aabb.php 第 123 行.
NOTIC: [8] Use of undefined constant f_industrytype - assumed 'f_industrytype' D:\wamp\www\wisdom\App\Runtime\Cache\Taskadmin\926a96a84155dc1b5cc6341fe561aabb.php 第 123 行.
NOTIC: [8] Use of undefined constant f_industrytype - assumed 'f_industrytype' D:\wamp\www\wisdom\App\Runtime\Cache\Taskadmin\926a96a84155dc1b5cc6341fe561aabb.php 第 123 行.
NOTIC: [8] Use of undefined constant f_industrytype - assumed 'f_industrytype' D:\wamp\www\wisdom\App\Runtime\Cache\Taskadmin\926a96a84155dc1b5cc6341fe561aabb.php 第 123 行.
NOTIC: [8] Use of undefined constant f_industrytype - assumed 'f_industrytype' D:\wamp\www\wisdom\App\Runtime\Cache\Taskadmin\926a96a84155dc1b5cc6341fe561aabb.php 第 123 行.
NOTIC: [8] Use of undefined constant f_industrytype - assumed 'f_industrytype' D:\wamp\www\wisdom\App\Runtime\Cache\Taskadmin\926a96a84155dc1b5cc6341fe561aabb.php 第 123 行.
NOTIC: [8] Use of undefined constant f_industrytype - assumed 'f_industrytype' D:\wamp\www\wisdom\App\Runtime\Cache\Taskadmin\926a96a84155dc1b5cc6341fe561aabb.php 第 123 行.
NOTIC: [8] Use of undefined constant f_industrytype - assumed 'f_industrytype' D:\wamp\www\wisdom\App\Runtime\Cache\Taskadmin\926a96a84155dc1b5cc6341fe561aabb.php 第 123 行.
NOTIC: [8] Use of undefined constant f_industrytype - assumed 'f_industrytype' D:\wamp\www\wisdom\App\Runtime\Cache\Taskadmin\926a96a84155dc1b5cc6341fe561aabb.php 第 123 行.
NOTIC: [8] Use of undefined constant f_industrytype - assumed 'f_industrytype' D:\wamp\www\wisdom\App\Runtime\Cache\Taskadmin\926a96a84155dc1b5cc6341fe561aabb.php 第 123 行.
NOTIC: [8] Use of undefined constant f_industrytype - assumed 'f_industrytype' D:\wamp\www\wisdom\App\Runtime\Cache\Taskadmin\926a96a84155dc1b5cc6341fe561aabb.php 第 123 行.
NOTIC: [8] Use of undefined constant f_industrytype - assumed 'f_industrytype' D:\wamp\www\wisdom\App\Runtime\Cache\Taskadmin\926a96a84155dc1b5cc6341fe561aabb.php 第 123 行.
NOTIC: [8] Use of undefined constant f_industrytype - assumed 'f_industrytype' D:\wamp\www\wisdom\App\Runtime\Cache\Taskadmin\926a96a84155dc1b5cc6341fe561aabb.php 第 123 行.
NOTIC: [8] Use of undefined constant f_industrytype - assumed 'f_industrytype' D:\wamp\www\wisdom\App\Runtime\Cache\Taskadmin\926a96a84155dc1b5cc6341fe561aabb.php 第 123 行.
NOTIC: [8] Use of undefined constant f_industrytype - assumed 'f_industrytype' D:\wamp\www\wisdom\App\Runtime\Cache\Taskadmin\926a96a84155dc1b5cc6341fe561aabb.php 第 123 行.
NOTIC: [8] Use of undefined constant f_industrytype - assumed 'f_industrytype' D:\wamp\www\wisdom\App\Runtime\Cache\Taskadmin\926a96a84155dc1b5cc6341fe561aabb.php 第 123 行.
NOTIC: [8] Use of undefined constant f_industrytype - assumed 'f_industrytype' D:\wamp\www\wisdom\App\Runtime\Cache\Taskadmin\926a96a84155dc1b5cc6341fe561aabb.php 第 123 行.
NOTIC: [8] Use of undefined constant f_industrytype - assumed 'f_industrytype' D:\wamp\www\wisdom\App\Runtime\Cache\Taskadmin\926a96a84155dc1b5cc6341fe561aabb.php 第 123 行.
NOTIC: [8] Use of undefined constant f_industrytype - assumed 'f_industrytype' D:\wamp\www\wisdom\App\Runtime\Cache\Taskadmin\926a96a84155dc1b5cc6341fe561aabb.php 第 123 行.
NOTIC: [8] Use of undefined constant f_industrytype - assumed 'f_industrytype' D:\wamp\www\wisdom\App\Runtime\Cache\Taskadmin\926a96a84155dc1b5cc6341fe561aabb.php 第 123 行.
NOTIC: [8] Use of undefined constant f_industrytype - assumed 'f_industrytype' D:\wamp\www\wisdom\App\Runtime\Cache\Taskadmin\926a96a84155dc1b5cc6341fe561aabb.php 第 123 行.
NOTIC: [8] Use of undefined constant f_industrytype - assumed 'f_industrytype' D:\wamp\www\wisdom\App\Runtime\Cache\Taskadmin\926a96a84155dc1b5cc6341fe561aabb.php 第 123 行.
NOTIC: [8] Use of undefined constant f_industrytype - assumed 'f_industrytype' D:\wamp\www\wisdom\App\Runtime\Cache\Taskadmin\926a96a84155dc1b5cc6341fe561aabb.php 第 123 行.
NOTIC: [8] Use of undefined constant f_industrytype - assumed 'f_industrytype' D:\wamp\www\wisdom\App\Runtime\Cache\Taskadmin\926a96a84155dc1b5cc6341fe561aabb.php 第 123 行.
NOTIC: [8] Use of undefined constant f_industrytype - assumed 'f_industrytype' D:\wamp\www\wisdom\App\Runtime\Cache\Taskadmin\926a96a84155dc1b5cc6341fe561aabb.php 第 123 行.
NOTIC: [8] Use of undefined constant f_industrytype - assumed 'f_industrytype' D:\wamp\www\wisdom\App\Runtime\Cache\Taskadmin\926a96a84155dc1b5cc6341fe561aabb.php 第 123 行.
NOTIC: [8] Use of undefined constant f_industrytype - assumed 'f_industrytype' D:\wamp\www\wisdom\App\Runtime\Cache\Taskadmin\926a96a84155dc1b5cc6341fe561aabb.php 第 123 行.
NOTIC: [8] Use of undefined constant f_industrytype - assumed 'f_industrytype' D:\wamp\www\wisdom\App\Runtime\Cache\Taskadmin\926a96a84155dc1b5cc6341fe561aabb.php 第 123 行.
NOTIC: [8] Use of undefined constant f_industrytype - assumed 'f_industrytype' D:\wamp\www\wisdom\App\Runtime\Cache\Taskadmin\926a96a84155dc1b5cc6341fe561aabb.php 第 123 行.
NOTIC: [8] Use of undefined constant f_industrytype - assumed 'f_industrytype' D:\wamp\www\wisdom\App\Runtime\Cache\Taskadmin\926a96a84155dc1b5cc6341fe561aabb.php 第 123 行.
NOTIC: [8] Use of undefined constant f_industrytype - assumed 'f_industrytype' D:\wamp\www\wisdom\App\Runtime\Cache\Taskadmin\926a96a84155dc1b5cc6341fe561aabb.php 第 123 行.
NOTIC: [8] Use of undefined constant f_industrytype - assumed 'f_industrytype' D:\wamp\www\wisdom\App\Runtime\Cache\Taskadmin\926a96a84155dc1b5cc6341fe561aabb.php 第 123 行.
NOTIC: [8] Use of undefined constant f_industrytype - assumed 'f_industrytype' D:\wamp\www\wisdom\App\Runtime\Cache\Taskadmin\926a96a84155dc1b5cc6341fe561aabb.php 第 123 行.
NOTIC: [8] Use of undefined constant f_industrytype - assumed 'f_industrytype' D:\wamp\www\wisdom\App\Runtime\Cache\Taskadmin\926a96a84155dc1b5cc6341fe561aabb.php 第 123 行.
NOTIC: [8] Use of undefined constant f_industrytype - assumed 'f_industrytype' D:\wamp\www\wisdom\App\Runtime\Cache\Taskadmin\926a96a84155dc1b5cc6341fe561aabb.php 第 123 行.
NOTIC: [8] Use of undefined constant f_industrytype - assumed 'f_industrytype' D:\wamp\www\wisdom\App\Runtime\Cache\Taskadmin\926a96a84155dc1b5cc6341fe561aabb.php 第 123 行.
NOTIC: [8] Use of undefined constant f_industrytype - assumed 'f_industrytype' D:\wamp\www\wisdom\App\Runtime\Cache\Taskadmin\926a96a84155dc1b5cc6341fe561aabb.php 第 123 行.
NOTIC: [8] Use of undefined constant f_industrytype - assumed 'f_industrytype' D:\wamp\www\wisdom\App\Runtime\Cache\Taskadmin\926a96a84155dc1b5cc6341fe561aabb.php 第 123 行.
NOTIC: [8] Use of undefined constant f_industrytype - assumed 'f_industrytype' D:\wamp\www\wisdom\App\Runtime\Cache\Taskadmin\926a96a84155dc1b5cc6341fe561aabb.php 第 123 行.
NOTIC: [8] Use of undefined constant f_industrytype - assumed 'f_industrytype' D:\wamp\www\wisdom\App\Runtime\Cache\Taskadmin\926a96a84155dc1b5cc6341fe561aabb.php 第 123 行.
NOTIC: [8] Use of undefined constant f_industrytype - assumed 'f_industrytype' D:\wamp\www\wisdom\App\Runtime\Cache\Taskadmin\926a96a84155dc1b5cc6341fe561aabb.php 第 123 行.
NOTIC: [8] Use of undefined constant f_industrytype - assumed 'f_industrytype' D:\wamp\www\wisdom\App\Runtime\Cache\Taskadmin\926a96a84155dc1b5cc6341fe561aabb.php 第 123 行.
NOTIC: [8] Use of undefined constant f_industrytype - assumed 'f_industrytype' D:\wamp\www\wisdom\App\Runtime\Cache\Taskadmin\926a96a84155dc1b5cc6341fe561aabb.php 第 123 行.
NOTIC: [8] Use of undefined constant f_industrytype - assumed 'f_industrytype' D:\wamp\www\wisdom\App\Runtime\Cache\Taskadmin\926a96a84155dc1b5cc6341fe561aabb.php 第 123 行.
NOTIC: [8] Use of undefined constant f_industrytype - assumed 'f_industrytype' D:\wamp\www\wisdom\App\Runtime\Cache\Taskadmin\926a96a84155dc1b5cc6341fe561aabb.php 第 123 行.
NOTIC: [8] Use of undefined constant f_industrytype - assumed 'f_industrytype' D:\wamp\www\wisdom\App\Runtime\Cache\Taskadmin\926a96a84155dc1b5cc6341fe561aabb.php 第 123 行.
NOTIC: [8] Use of undefined constant f_industrytype - assumed 'f_industrytype' D:\wamp\www\wisdom\App\Runtime\Cache\Taskadmin\926a96a84155dc1b5cc6341fe561aabb.php 第 123 行.
NOTIC: [8] Use of undefined constant f_industrytype - assumed 'f_industrytype' D:\wamp\www\wisdom\App\Runtime\Cache\Taskadmin\926a96a84155dc1b5cc6341fe561aabb.php 第 123 行.
NOTIC: [8] Use of undefined constant f_industrytype - assumed 'f_industrytype' D:\wamp\www\wisdom\App\Runtime\Cache\Taskadmin\926a96a84155dc1b5cc6341fe561aabb.php 第 123 行.
NOTIC: [8] Use of undefined constant f_industrytype - assumed 'f_industrytype' D:\wamp\www\wisdom\App\Runtime\Cache\Taskadmin\926a96a84155dc1b5cc6341fe561aabb.php 第 123 行.
NOTIC: [8] Use of undefined constant f_industrytype - assumed 'f_industrytype' D:\wamp\www\wisdom\App\Runtime\Cache\Taskadmin\926a96a84155dc1b5cc6341fe561aabb.php 第 123 行.
NOTIC: [8] Use of undefined constant f_industrytype - assumed 'f_industrytype' D:\wamp\www\wisdom\App\Runtime\Cache\Taskadmin\926a96a84155dc1b5cc6341fe561aabb.php 第 123 行.
NOTIC: [8] Use of undefined constant f_industrytype - assumed 'f_industrytype' D:\wamp\www\wisdom\App\Runtime\Cache\Taskadmin\926a96a84155dc1b5cc6341fe561aabb.php 第 123 行.
NOTIC: [8] Use of undefined constant f_industrytype - assumed 'f_industrytype' D:\wamp\www\wisdom\App\Runtime\Cache\Taskadmin\926a96a84155dc1b5cc6341fe561aabb.php 第 123 行.
NOTIC: [8] Use of undefined constant f_industrytype - assumed 'f_industrytype' D:\wamp\www\wisdom\App\Runtime\Cache\Taskadmin\926a96a84155dc1b5cc6341fe561aabb.php 第 123 行.
NOTIC: [8] Use of undefined constant f_industrytype - assumed 'f_industrytype' D:\wamp\www\wisdom\App\Runtime\Cache\Taskadmin\926a96a84155dc1b5cc6341fe561aabb.php 第 123 行.
NOTIC: [8] Use of undefined constant f_industrytype - assumed 'f_industrytype' D:\wamp\www\wisdom\App\Runtime\Cache\Taskadmin\926a96a84155dc1b5cc6341fe561aabb.php 第 123 行.
NOTIC: [8] Use of undefined constant f_industrytype - assumed 'f_industrytype' D:\wamp\www\wisdom\App\Runtime\Cache\Taskadmin\926a96a84155dc1b5cc6341fe561aabb.php 第 123 行.
NOTIC: [8] Use of undefined constant f_industrytype - assumed 'f_industrytype' D:\wamp\www\wisdom\App\Runtime\Cache\Taskadmin\926a96a84155dc1b5cc6341fe561aabb.php 第 123 行.
NOTIC: [8] Use of undefined constant f_industrytype - assumed 'f_industrytype' D:\wamp\www\wisdom\App\Runtime\Cache\Taskadmin\926a96a84155dc1b5cc6341fe561aabb.php 第 123 行.
NOTIC: [8] Use of undefined constant f_industrytype - assumed 'f_industrytype' D:\wamp\www\wisdom\App\Runtime\Cache\Taskadmin\926a96a84155dc1b5cc6341fe561aabb.php 第 123 行.
NOTIC: [8] Use of undefined constant f_industrytype - assumed 'f_industrytype' D:\wamp\www\wisdom\App\Runtime\Cache\Taskadmin\926a96a84155dc1b5cc6341fe561aabb.php 第 123 行.
NOTIC: [8] Use of undefined constant f_industrytype - assumed 'f_industrytype' D:\wamp\www\wisdom\App\Runtime\Cache\Taskadmin\926a96a84155dc1b5cc6341fe561aabb.php 第 123 行.
NOTIC: [8] Use of undefined constant f_industrytype - assumed 'f_industrytype' D:\wamp\www\wisdom\App\Runtime\Cache\Taskadmin\926a96a84155dc1b5cc6341fe561aabb.php 第 123 行.
NOTIC: [8] Use of undefined constant f_industrytype - assumed 'f_industrytype' D:\wamp\www\wisdom\App\Runtime\Cache\Taskadmin\926a96a84155dc1b5cc6341fe561aabb.php 第 123 行.
NOTIC: [8] Use of undefined constant f_industrytype - assumed 'f_industrytype' D:\wamp\www\wisdom\App\Runtime\Cache\Taskadmin\926a96a84155dc1b5cc6341fe561aabb.php 第 123 行.
NOTIC: [8] Use of undefined constant f_industrytype - assumed 'f_industrytype' D:\wamp\www\wisdom\App\Runtime\Cache\Taskadmin\926a96a84155dc1b5cc6341fe561aabb.php 第 123 行.
NOTIC: [8] Use of undefined constant f_industrytype - assumed 'f_industrytype' D:\wamp\www\wisdom\App\Runtime\Cache\Taskadmin\926a96a84155dc1b5cc6341fe561aabb.php 第 123 行.
NOTIC: [8] Use of undefined constant f_industrytype - assumed 'f_industrytype' D:\wamp\www\wisdom\App\Runtime\Cache\Taskadmin\926a96a84155dc1b5cc6341fe561aabb.php 第 123 行.
NOTIC: [8] Use of undefined constant f_industrytype - assumed 'f_industrytype' D:\wamp\www\wisdom\App\Runtime\Cache\Taskadmin\926a96a84155dc1b5cc6341fe561aabb.php 第 123 行.
NOTIC: [8] Use of undefined constant f_industrytype - assumed 'f_industrytype' D:\wamp\www\wisdom\App\Runtime\Cache\Taskadmin\926a96a84155dc1b5cc6341fe561aabb.php 第 123 行.
NOTIC: [8] Use of undefined constant f_industrytype - assumed 'f_industrytype' D:\wamp\www\wisdom\App\Runtime\Cache\Taskadmin\926a96a84155dc1b5cc6341fe561aabb.php 第 123 行.
NOTIC: [8] Use of undefined constant f_industrytype - assumed 'f_industrytype' D:\wamp\www\wisdom\App\Runtime\Cache\Taskadmin\926a96a84155dc1b5cc6341fe561aabb.php 第 123 行.
NOTIC: [8] Use of undefined constant f_industrytype - assumed 'f_industrytype' D:\wamp\www\wisdom\App\Runtime\Cache\Taskadmin\926a96a84155dc1b5cc6341fe561aabb.php 第 123 行.
NOTIC: [8] Use of undefined constant f_industrytype - assumed 'f_industrytype' D:\wamp\www\wisdom\App\Runtime\Cache\Taskadmin\926a96a84155dc1b5cc6341fe561aabb.php 第 123 行.
NOTIC: [8] Use of undefined constant f_industrytype - assumed 'f_industrytype' D:\wamp\www\wisdom\App\Runtime\Cache\Taskadmin\926a96a84155dc1b5cc6341fe561aabb.php 第 123 行.
NOTIC: [8] Use of undefined constant f_industrytype - assumed 'f_industrytype' D:\wamp\www\wisdom\App\Runtime\Cache\Taskadmin\926a96a84155dc1b5cc6341fe561aabb.php 第 123 行.
NOTIC: [8] Use of undefined constant f_industrytype - assumed 'f_industrytype' D:\wamp\www\wisdom\App\Runtime\Cache\Taskadmin\926a96a84155dc1b5cc6341fe561aabb.php 第 123 行.
NOTIC: [8] Use of undefined constant f_industrytype - assumed 'f_industrytype' D:\wamp\www\wisdom\App\Runtime\Cache\Taskadmin\926a96a84155dc1b5cc6341fe561aabb.php 第 123 行.
NOTIC: [8] Use of undefined constant f_industrytype - assumed 'f_industrytype' D:\wamp\www\wisdom\App\Runtime\Cache\Taskadmin\926a96a84155dc1b5cc6341fe561aabb.php 第 123 行.
INFO: Run Behavior\ParseTemplateBehavior [ RunTime:0.031002s ]
INFO: [ view_parse ] --END-- [ RunTime:0.031002s ]
INFO: [ view_filter ] --START--
INFO: Run Behavior\WriteHtmlCacheBehavior [ RunTime:0.002000s ]
INFO: [ view_filter ] --END-- [ RunTime:0.002000s ]
INFO: [ app_end ] --START--
INFO: Run Behavior\ShowPageTraceBehavior [ RunTime:0.003001s ]
INFO: [ app_end ] --END-- [ RunTime:0.003001s ]

[ 2015-12-21T18:35:59+08:00 ] ::1 /wisdom/index.php/Taskadmin/Ad/index?access=500
INFO: [ app_init ] --START--
INFO: Run Behavior\BuildLiteBehavior [ RunTime:0.000000s ]
INFO: [ app_init ] --END-- [ RunTime:0.001000s ]
INFO: [ app_begin ] --START--
INFO: Run Behavior\ReadHtmlCacheBehavior [ RunTime:0.002000s ]
INFO: [ app_begin ] --END-- [ RunTime:0.002000s ]
INFO: [ view_parse ] --START--
INFO: [ template_filter ] --START--
INFO: Run Behavior\ContentReplaceBehavior [ RunTime:0.000000s ]
INFO: [ template_filter ] --END-- [ RunTime:0.000000s ]
INFO: Run Behavior\ParseTemplateBehavior [ RunTime:0.032002s ]
INFO: [ view_parse ] --END-- [ RunTime:0.032002s ]
INFO: [ view_filter ] --START--
INFO: Run Behavior\WriteHtmlCacheBehavior [ RunTime:0.002000s ]
INFO: [ view_filter ] --END-- [ RunTime:0.002000s ]
INFO: [ app_end ] --START--
INFO: Run Behavior\ShowPageTraceBehavior [ RunTime:0.005000s ]
INFO: [ app_end ] --END-- [ RunTime:0.005000s ]

[ 2015-12-21T18:36:04+08:00 ] ::1 /wisdom/index.php/Taskadmin/Withdraw/index?access=600
INFO: [ app_init ] --START--
INFO: Run Behavior\BuildLiteBehavior [ RunTime:0.001000s ]
INFO: [ app_init ] --END-- [ RunTime:0.003000s ]
INFO: [ app_begin ] --START--
INFO: Run Behavior\ReadHtmlCacheBehavior [ RunTime:0.001000s ]
INFO: [ app_begin ] --END-- [ RunTime:0.001000s ]
INFO: [ view_parse ] --START--
INFO: [ template_filter ] --START--
INFO: Run Behavior\ContentReplaceBehavior [ RunTime:0.000000s ]
INFO: [ template_filter ] --END-- [ RunTime:0.000000s ]
INFO: Run Behavior\ParseTemplateBehavior [ RunTime:0.035002s ]
INFO: [ view_parse ] --END-- [ RunTime:0.035002s ]
INFO: [ view_filter ] --START--
INFO: Run Behavior\WriteHtmlCacheBehavior [ RunTime:0.001000s ]
INFO: [ view_filter ] --END-- [ RunTime:0.001000s ]
INFO: [ app_end ] --START--
INFO: Run Behavior\ShowPageTraceBehavior [ RunTime:0.002000s ]
INFO: [ app_end ] --END-- [ RunTime:0.002000s ]

[ 2015-12-21T18:36:04+08:00 ] ::1 /wisdom/index.php/Taskadmin/Fun/getWithdrawListNo?label=withdraw&strats=0&page=1
INFO: [ app_init ] --START--
INFO: Run Behavior\BuildLiteBehavior [ RunTime:0.000000s ]
INFO: [ app_init ] --END-- [ RunTime:0.001000s ]
INFO: [ app_begin ] --START--
INFO: Run Behavior\ReadHtmlCacheBehavior [ RunTime:0.002000s ]
INFO: [ app_begin ] --END-- [ RunTime:0.003000s ]
SQL: SHOW COLUMNS FROM `t_shopsheet` [ RunTime:0.0030s ]
SQL: SELECT COUNT(*) AS tp_count FROM `t_shopsheet` WHERE `f_label` = 'withdraw' AND `f_strats` = 0 LIMIT 1   [ RunTime:0.0040s ]
INFO: [ app_end ] --START--
INFO: Run Behavior\ShowPageTraceBehavior [ RunTime:0.002000s ]
INFO: [ app_end ] --END-- [ RunTime:0.002000s ]

[ 2015-12-21T18:36:05+08:00 ] ::1 /wisdom/index.php/Taskadmin/Fun/getWithdrawList?label=withdraw&strats=0&page=1
INFO: [ app_init ] --START--
INFO: Run Behavior\BuildLiteBehavior [ RunTime:0.000000s ]
INFO: [ app_init ] --END-- [ RunTime:0.001000s ]
INFO: [ app_begin ] --START--
INFO: Run Behavior\ReadHtmlCacheBehavior [ RunTime:0.002000s ]
INFO: [ app_begin ] --END-- [ RunTime:0.003000s ]
SQL: SHOW COLUMNS FROM `t_shopsheet` [ RunTime:0.0040s ]
SQL: SELECT COUNT(*) AS tp_count FROM `t_shopsheet` WHERE `f_label` = 'withdraw' AND `f_strats` = 0 LIMIT 1   [ RunTime:0.0020s ]
SQL: SELECT t_shopsheet.f_indexid,t_shopsheet.f_userid,`f_taskid`,`f_amount`,`f_useraccountid`,`f_optiondate`,`f_strats`,`f_label`,`f_accounttype`,`f_accountname`,`f_bankaccount` FROM `t_shopsheet` LEFT JOIN t_useraccount ON t_useraccount.f_indexID = t_shopsheet.f_useraccountid  WHERE `f_label` = 'withdraw' AND `f_strats` = '0' ORDER BY f_optiondate LIMIT 0,18   [ RunTime:0.0060s ]
INFO: [ app_end ] --START--
INFO: Run Behavior\ShowPageTraceBehavior [ RunTime:0.002000s ]
INFO: [ app_end ] --END-- [ RunTime:0.002000s ]

[ 2015-12-21T18:36:17+08:00 ] ::1 /wisdom/index.php/Taskadmin/Salesreport/index
INFO: [ app_init ] --START--
INFO: Run Behavior\BuildLiteBehavior [ RunTime:0.000000s ]
INFO: [ app_init ] --END-- [ RunTime:0.001000s ]
INFO: [ app_begin ] --START--
INFO: Run Behavior\ReadHtmlCacheBehavior [ RunTime:0.001000s ]
INFO: [ app_begin ] --END-- [ RunTime:0.001000s ]
INFO: [ view_parse ] --START--
INFO: [ template_filter ] --START--
INFO: Run Behavior\ContentReplaceBehavior [ RunTime:0.001000s ]
INFO: [ template_filter ] --END-- [ RunTime:0.001000s ]
INFO: Run Behavior\ParseTemplateBehavior [ RunTime:0.037002s ]
INFO: [ view_parse ] --END-- [ RunTime:0.037002s ]
INFO: [ view_filter ] --START--
INFO: Run Behavior\WriteHtmlCacheBehavior [ RunTime:0.003001s ]
INFO: [ view_filter ] --END-- [ RunTime:0.003001s ]
INFO: [ app_end ] --START--
INFO: Run Behavior\ShowPageTraceBehavior [ RunTime:0.002000s ]
INFO: [ app_end ] --END-- [ RunTime:0.002000s ]

