[ 2015-12-22T09:17:32+08:00 ] ::1 /wisdom/index.php/Taskadmin/Fun/user_setting
INFO: [ app_init ] --START--
INFO: Run Behavior\BuildLiteBehavior [ RunTime:0.000000s ]
INFO: [ app_init ] --END-- [ RunTime:0.009001s ]
INFO: [ app_begin ] --START--
INFO: Run Behavior\ReadHtmlCacheBehavior [ RunTime:0.009001s ]
INFO: [ app_begin ] --END-- [ RunTime:0.010001s ]
SQL: SHOW COLUMNS FROM `t_sysuser` [ RunTime:0.0040s ]
SQL: SELECT * FROM `t_sysuser` WHERE ( id=1 ) LIMIT 1   [ RunTime:0.0040s ]
SQL: SHOW COLUMNS FROM `t_sysaccess` [ RunTime:0.0050s ]
SQL: SELECT * FROM `t_sysaccess`  [ RunTime:0.0140s ]
INFO: [ view_parse ] --START--
INFO: [ template_filter ] --START--
INFO: Run Behavior\ContentReplaceBehavior [ RunTime:0.001001s ]
INFO: [ template_filter ] --END-- [ RunTime:0.001001s ]
NOTIC: [8] Undefined variable: tab D:\wamp\www\wisdom\App\Runtime\Cache\Taskadmin\45b2e1f66652d167f3d2ccd95be84411.php 第 15 行.
NOTIC: [8] Undefined index: list D:\wamp\www\wisdom\App\Runtime\Cache\Taskadmin\45b2e1f66652d167f3d2ccd95be84411.php 第 56 行.
NOTIC: [8] Undefined index: list D:\wamp\www\wisdom\App\Runtime\Cache\Taskadmin\45b2e1f66652d167f3d2ccd95be84411.php 第 56 行.
NOTIC: [8] Undefined index: list D:\wamp\www\wisdom\App\Runtime\Cache\Taskadmin\45b2e1f66652d167f3d2ccd95be84411.php 第 56 行.
NOTIC: [8] Undefined index: list D:\wamp\www\wisdom\App\Runtime\Cache\Taskadmin\45b2e1f66652d167f3d2ccd95be84411.php 第 56 行.
NOTIC: [8] Undefined index: list D:\wamp\www\wisdom\App\Runtime\Cache\Taskadmin\45b2e1f66652d167f3d2ccd95be84411.php 第 56 行.
NOTIC: [8] Undefined index: list D:\wamp\www\wisdom\App\Runtime\Cache\Taskadmin\45b2e1f66652d167f3d2ccd95be84411.php 第 56 行.
NOTIC: [8] Undefined index: list D:\wamp\www\wisdom\App\Runtime\Cache\Taskadmin\45b2e1f66652d167f3d2ccd95be84411.php 第 56 行.
NOTIC: [8] Undefined index: list D:\wamp\www\wisdom\App\Runtime\Cache\Taskadmin\45b2e1f66652d167f3d2ccd95be84411.php 第 56 行.
NOTIC: [8] Undefined index: list D:\wamp\www\wisdom\App\Runtime\Cache\Taskadmin\45b2e1f66652d167f3d2ccd95be84411.php 第 56 行.
NOTIC: [8] Undefined index: list D:\wamp\www\wisdom\App\Runtime\Cache\Taskadmin\45b2e1f66652d167f3d2ccd95be84411.php 第 56 行.
NOTIC: [8] Undefined index: list D:\wamp\www\wisdom\App\Runtime\Cache\Taskadmin\45b2e1f66652d167f3d2ccd95be84411.php 第 56 行.
NOTIC: [8] Undefined index: list D:\wamp\www\wisdom\App\Runtime\Cache\Taskadmin\45b2e1f66652d167f3d2ccd95be84411.php 第 56 行.
NOTIC: [8] Undefined index: list D:\wamp\www\wisdom\App\Runtime\Cache\Taskadmin\45b2e1f66652d167f3d2ccd95be84411.php 第 56 行.
NOTIC: [8] Undefined index: list D:\wamp\www\wisdom\App\Runtime\Cache\Taskadmin\45b2e1f66652d167f3d2ccd95be84411.php 第 56 行.
NOTIC: [8] Undefined index: list D:\wamp\www\wisdom\App\Runtime\Cache\Taskadmin\45b2e1f66652d167f3d2ccd95be84411.php 第 56 行.
NOTIC: [8] Undefined index: list D:\wamp\www\wisdom\App\Runtime\Cache\Taskadmin\45b2e1f66652d167f3d2ccd95be84411.php 第 56 行.
NOTIC: [8] Undefined index: list D:\wamp\www\wisdom\App\Runtime\Cache\Taskadmin\45b2e1f66652d167f3d2ccd95be84411.php 第 56 行.
NOTIC: [8] Undefined index: list D:\wamp\www\wisdom\App\Runtime\Cache\Taskadmin\45b2e1f66652d167f3d2ccd95be84411.php 第 56 行.
NOTIC: [8] Undefined index: list D:\wamp\www\wisdom\App\Runtime\Cache\Taskadmin\45b2e1f66652d167f3d2ccd95be84411.php 第 56 行.
NOTIC: [8] Undefined index: list D:\wamp\www\wisdom\App\Runtime\Cache\Taskadmin\45b2e1f66652d167f3d2ccd95be84411.php 第 56 行.
INFO: Run Behavior\ParseTemplateBehavior [ RunTime:0.128008s ]
INFO: [ view_parse ] --END-- [ RunTime:0.129008s ]
INFO: [ view_filter ] --START--
INFO: Run Behavior\WriteHtmlCacheBehavior [ RunTime:0.012000s ]
INFO: [ view_filter ] --END-- [ RunTime:0.012000s ]
INFO: [ app_end ] --START--
INFO: Run Behavior\ShowPageTraceBehavior [ RunTime:0.025002s ]
INFO: [ app_end ] --END-- [ RunTime:0.025002s ]

[ 2015-12-22T09:17:43+08:00 ] ::1 /wisdom/index.php/Taskadmin/Salesreport/index
INFO: [ app_init ] --START--
INFO: Run Behavior\BuildLiteBehavior [ RunTime:0.000000s ]
INFO: [ app_init ] --END-- [ RunTime:0.001000s ]
INFO: [ app_begin ] --START--
INFO: Run Behavior\ReadHtmlCacheBehavior [ RunTime:0.002000s ]
INFO: [ app_begin ] --END-- [ RunTime:0.002000s ]
INFO: [ view_parse ] --START--
INFO: [ template_filter ] --START--
INFO: Run Behavior\ContentReplaceBehavior [ RunTime:0.000000s ]
INFO: [ template_filter ] --END-- [ RunTime:0.000000s ]
INFO: Run Behavior\ParseTemplateBehavior [ RunTime:0.030002s ]
INFO: [ view_parse ] --END-- [ RunTime:0.030002s ]
INFO: [ view_filter ] --START--
INFO: Run Behavior\WriteHtmlCacheBehavior [ RunTime:0.001000s ]
INFO: [ view_filter ] --END-- [ RunTime:0.001000s ]
INFO: [ app_end ] --START--
INFO: Run Behavior\ShowPageTraceBehavior [ RunTime:0.008001s ]
INFO: [ app_end ] --END-- [ RunTime:0.009001s ]

[ 2015-12-22T09:18:38+08:00 ] ::1 /wisdom/index.php/Taskadmin/Shop/index?access=900
INFO: [ app_init ] --START--
INFO: Run Behavior\BuildLiteBehavior [ RunTime:0.000000s ]
INFO: [ app_init ] --END-- [ RunTime:0.004000s ]
INFO: [ app_begin ] --START--
INFO: Run Behavior\ReadHtmlCacheBehavior [ RunTime:0.004000s ]
INFO: [ app_begin ] --END-- [ RunTime:0.005000s ]
SQL: SHOW COLUMNS FROM `t_shopclass` [ RunTime:0.0050s ]
SQL: SELECT * FROM `t_shopclass` WHERE `f_classpid` = 0 AND `f_status` = 1  [ RunTime:0.0030s ]
SQL: SELECT * FROM `t_shopclass` WHERE `f_classpid` = 40 AND `f_status` = 1  [ RunTime:0.0020s ]
SQL: SELECT * FROM `t_shopclass` WHERE `f_classpid` = 41 AND `f_status` = 1  [ RunTime:0.0020s ]
SQL: SELECT * FROM `t_shopclass` WHERE `f_classpid` = 43 AND `f_status` = 1  [ RunTime:0.0040s ]
SQL: SELECT * FROM `t_shopclass` WHERE `f_classpid` = 44 AND `f_status` = 1  [ RunTime:0.0020s ]
INFO: [ view_parse ] --START--
INFO: [ template_filter ] --START--
INFO: Run Behavior\ContentReplaceBehavior [ RunTime:0.000000s ]
INFO: [ template_filter ] --END-- [ RunTime:0.000000s ]
INFO: Run Behavior\ParseTemplateBehavior [ RunTime:0.040002s ]
INFO: [ view_parse ] --END-- [ RunTime:0.041002s ]
INFO: [ view_filter ] --START--
INFO: Run Behavior\WriteHtmlCacheBehavior [ RunTime:0.003000s ]
INFO: [ view_filter ] --END-- [ RunTime:0.003000s ]
INFO: [ app_end ] --START--
INFO: Run Behavior\ShowPageTraceBehavior [ RunTime:0.003001s ]
INFO: [ app_end ] --END-- [ RunTime:0.003001s ]

[ 2015-12-22T09:18:58+08:00 ] ::1 /wisdom/index.php/Taskadmin/Power/index?access=1400
INFO: [ app_init ] --START--
INFO: Run Behavior\BuildLiteBehavior [ RunTime:0.000000s ]
INFO: [ app_init ] --END-- [ RunTime:0.001000s ]
INFO: [ app_begin ] --START--
INFO: Run Behavior\ReadHtmlCacheBehavior [ RunTime:0.002000s ]
INFO: [ app_begin ] --END-- [ RunTime:0.002000s ]
INFO: [ view_parse ] --START--
INFO: [ template_filter ] --START--
INFO: Run Behavior\ContentReplaceBehavior [ RunTime:0.000000s ]
INFO: [ template_filter ] --END-- [ RunTime:0.000000s ]
INFO: Run Behavior\ParseTemplateBehavior [ RunTime:0.033002s ]
INFO: [ view_parse ] --END-- [ RunTime:0.033002s ]
INFO: [ view_filter ] --START--
INFO: Run Behavior\WriteHtmlCacheBehavior [ RunTime:0.002000s ]
INFO: [ view_filter ] --END-- [ RunTime:0.002000s ]
INFO: [ app_end ] --START--
INFO: Run Behavior\ShowPageTraceBehavior [ RunTime:0.004001s ]
INFO: [ app_end ] --END-- [ RunTime:0.004001s ]

[ 2015-12-22T09:19:11+08:00 ] ::1 /wisdom/index.php/Taskadmin/power/add_user
INFO: [ app_init ] --START--
INFO: Run Behavior\BuildLiteBehavior [ RunTime:0.000000s ]
INFO: [ app_init ] --END-- [ RunTime:0.001000s ]
INFO: [ app_begin ] --START--
INFO: Run Behavior\ReadHtmlCacheBehavior [ RunTime:0.004000s ]
INFO: [ app_begin ] --END-- [ RunTime:0.004000s ]
SQL: SHOW COLUMNS FROM `t_sysaccess` [ RunTime:0.0040s ]
SQL: SELECT * FROM `t_sysaccess`  [ RunTime:0.0040s ]
INFO: [ view_parse ] --START--
INFO: [ template_filter ] --START--
INFO: Run Behavior\ContentReplaceBehavior [ RunTime:0.000000s ]
INFO: [ template_filter ] --END-- [ RunTime:0.000000s ]
NOTIC: [8] Undefined variable: tab D:\wamp\www\wisdom\App\Runtime\Cache\Taskadmin\47a78f063d8b68ddfef4af9d51bea32d.php 第 35 行.
INFO: Run Behavior\ParseTemplateBehavior [ RunTime:0.102006s ]
INFO: [ view_parse ] --END-- [ RunTime:0.102006s ]
INFO: [ view_filter ] --START--
INFO: Run Behavior\WriteHtmlCacheBehavior [ RunTime:0.006000s ]
INFO: [ view_filter ] --END-- [ RunTime:0.007000s ]
INFO: [ app_end ] --START--
INFO: Run Behavior\ShowPageTraceBehavior [ RunTime:0.009001s ]
INFO: [ app_end ] --END-- [ RunTime:0.009001s ]

[ 2015-12-22T09:19:56+08:00 ] ::1 /wisdom/index.php/Taskadmin/Dealer/index?access=1100
INFO: [ app_init ] --START--
INFO: Run Behavior\BuildLiteBehavior [ RunTime:0.000000s ]
INFO: [ app_init ] --END-- [ RunTime:0.001000s ]
INFO: [ app_begin ] --START--
INFO: Run Behavior\ReadHtmlCacheBehavior [ RunTime:0.005001s ]
INFO: [ app_begin ] --END-- [ RunTime:0.005001s ]
SQL: SHOW COLUMNS FROM `t_dealerlibrary` [ RunTime:0.0030s ]
SQL: SELECT DISTINCT  f_industrytype FROM t_dealerlibrary WHERE f_industrytype<>'' [ RunTime:0.0020s ]
INFO: [ view_parse ] --START--
INFO: [ template_filter ] --START--
INFO: Run Behavior\ContentReplaceBehavior [ RunTime:0.001000s ]
INFO: [ template_filter ] --END-- [ RunTime:0.001000s ]
NOTIC: [8] Use of undefined constant f_industrytype - assumed 'f_industrytype' D:\wamp\www\wisdom\App\Runtime\Cache\Taskadmin\3d0071a06dddbcfa37a8cfb7302c65d2.php 第 74 行.
NOTIC: [8] Use of undefined constant f_industrytype - assumed 'f_industrytype' D:\wamp\www\wisdom\App\Runtime\Cache\Taskadmin\3d0071a06dddbcfa37a8cfb7302c65d2.php 第 74 行.
NOTIC: [8] Use of undefined constant f_industrytype - assumed 'f_industrytype' D:\wamp\www\wisdom\App\Runtime\Cache\Taskadmin\3d0071a06dddbcfa37a8cfb7302c65d2.php 第 74 行.
NOTIC: [8] Use of undefined constant f_industrytype - assumed 'f_industrytype' D:\wamp\www\wisdom\App\Runtime\Cache\Taskadmin\3d0071a06dddbcfa37a8cfb7302c65d2.php 第 74 行.
NOTIC: [8] Use of undefined constant f_industrytype - assumed 'f_industrytype' D:\wamp\www\wisdom\App\Runtime\Cache\Taskadmin\3d0071a06dddbcfa37a8cfb7302c65d2.php 第 74 行.
NOTIC: [8] Use of undefined constant f_industrytype - assumed 'f_industrytype' D:\wamp\www\wisdom\App\Runtime\Cache\Taskadmin\3d0071a06dddbcfa37a8cfb7302c65d2.php 第 74 行.
NOTIC: [8] Use of undefined constant f_industrytype - assumed 'f_industrytype' D:\wamp\www\wisdom\App\Runtime\Cache\Taskadmin\3d0071a06dddbcfa37a8cfb7302c65d2.php 第 74 行.
NOTIC: [8] Use of undefined constant f_industrytype - assumed 'f_industrytype' D:\wamp\www\wisdom\App\Runtime\Cache\Taskadmin\3d0071a06dddbcfa37a8cfb7302c65d2.php 第 74 行.
NOTIC: [8] Use of undefined constant f_industrytype - assumed 'f_industrytype' D:\wamp\www\wisdom\App\Runtime\Cache\Taskadmin\3d0071a06dddbcfa37a8cfb7302c65d2.php 第 74 行.
NOTIC: [8] Use of undefined constant f_industrytype - assumed 'f_industrytype' D:\wamp\www\wisdom\App\Runtime\Cache\Taskadmin\3d0071a06dddbcfa37a8cfb7302c65d2.php 第 74 行.
NOTIC: [8] Use of undefined constant f_industrytype - assumed 'f_industrytype' D:\wamp\www\wisdom\App\Runtime\Cache\Taskadmin\3d0071a06dddbcfa37a8cfb7302c65d2.php 第 74 行.
NOTIC: [8] Use of undefined constant f_industrytype - assumed 'f_industrytype' D:\wamp\www\wisdom\App\Runtime\Cache\Taskadmin\3d0071a06dddbcfa37a8cfb7302c65d2.php 第 74 行.
NOTIC: [8] Use of undefined constant f_industrytype - assumed 'f_industrytype' D:\wamp\www\wisdom\App\Runtime\Cache\Taskadmin\3d0071a06dddbcfa37a8cfb7302c65d2.php 第 74 行.
NOTIC: [8] Use of undefined constant f_industrytype - assumed 'f_industrytype' D:\wamp\www\wisdom\App\Runtime\Cache\Taskadmin\3d0071a06dddbcfa37a8cfb7302c65d2.php 第 74 行.
NOTIC: [8] Use of undefined constant f_industrytype - assumed 'f_industrytype' D:\wamp\www\wisdom\App\Runtime\Cache\Taskadmin\3d0071a06dddbcfa37a8cfb7302c65d2.php 第 74 行.
NOTIC: [8] Use of undefined constant f_industrytype - assumed 'f_industrytype' D:\wamp\www\wisdom\App\Runtime\Cache\Taskadmin\3d0071a06dddbcfa37a8cfb7302c65d2.php 第 74 行.
NOTIC: [8] Use of undefined constant f_industrytype - assumed 'f_industrytype' D:\wamp\www\wisdom\App\Runtime\Cache\Taskadmin\3d0071a06dddbcfa37a8cfb7302c65d2.php 第 74 行.
NOTIC: [8] Use of undefined constant f_industrytype - assumed 'f_industrytype' D:\wamp\www\wisdom\App\Runtime\Cache\Taskadmin\3d0071a06dddbcfa37a8cfb7302c65d2.php 第 74 行.
NOTIC: [8] Use of undefined constant f_industrytype - assumed 'f_industrytype' D:\wamp\www\wisdom\App\Runtime\Cache\Taskadmin\3d0071a06dddbcfa37a8cfb7302c65d2.php 第 74 行.
NOTIC: [8] Use of undefined constant f_industrytype - assumed 'f_industrytype' D:\wamp\www\wisdom\App\Runtime\Cache\Taskadmin\3d0071a06dddbcfa37a8cfb7302c65d2.php 第 74 行.
NOTIC: [8] Use of undefined constant f_industrytype - assumed 'f_industrytype' D:\wamp\www\wisdom\App\Runtime\Cache\Taskadmin\3d0071a06dddbcfa37a8cfb7302c65d2.php 第 74 行.
NOTIC: [8] Use of undefined constant f_industrytype - assumed 'f_industrytype' D:\wamp\www\wisdom\App\Runtime\Cache\Taskadmin\3d0071a06dddbcfa37a8cfb7302c65d2.php 第 74 行.
NOTIC: [8] Use of undefined constant f_industrytype - assumed 'f_industrytype' D:\wamp\www\wisdom\App\Runtime\Cache\Taskadmin\3d0071a06dddbcfa37a8cfb7302c65d2.php 第 74 行.
NOTIC: [8] Use of undefined constant f_industrytype - assumed 'f_industrytype' D:\wamp\www\wisdom\App\Runtime\Cache\Taskadmin\3d0071a06dddbcfa37a8cfb7302c65d2.php 第 74 行.
NOTIC: [8] Use of undefined constant f_industrytype - assumed 'f_industrytype' D:\wamp\www\wisdom\App\Runtime\Cache\Taskadmin\3d0071a06dddbcfa37a8cfb7302c65d2.php 第 74 行.
NOTIC: [8] Use of undefined constant f_industrytype - assumed 'f_industrytype' D:\wamp\www\wisdom\App\Runtime\Cache\Taskadmin\3d0071a06dddbcfa37a8cfb7302c65d2.php 第 74 行.
NOTIC: [8] Use of undefined constant f_industrytype - assumed 'f_industrytype' D:\wamp\www\wisdom\App\Runtime\Cache\Taskadmin\3d0071a06dddbcfa37a8cfb7302c65d2.php 第 74 行.
NOTIC: [8] Use of undefined constant f_industrytype - assumed 'f_industrytype' D:\wamp\www\wisdom\App\Runtime\Cache\Taskadmin\3d0071a06dddbcfa37a8cfb7302c65d2.php 第 74 行.
NOTIC: [8] Use of undefined constant f_industrytype - assumed 'f_industrytype' D:\wamp\www\wisdom\App\Runtime\Cache\Taskadmin\3d0071a06dddbcfa37a8cfb7302c65d2.php 第 74 行.
NOTIC: [8] Use of undefined constant f_industrytype - assumed 'f_industrytype' D:\wamp\www\wisdom\App\Runtime\Cache\Taskadmin\3d0071a06dddbcfa37a8cfb7302c65d2.php 第 74 行.
NOTIC: [8] Use of undefined constant f_industrytype - assumed 'f_industrytype' D:\wamp\www\wisdom\App\Runtime\Cache\Taskadmin\3d0071a06dddbcfa37a8cfb7302c65d2.php 第 74 行.
NOTIC: [8] Use of undefined constant f_industrytype - assumed 'f_industrytype' D:\wamp\www\wisdom\App\Runtime\Cache\Taskadmin\3d0071a06dddbcfa37a8cfb7302c65d2.php 第 74 行.
NOTIC: [8] Use of undefined constant f_industrytype - assumed 'f_industrytype' D:\wamp\www\wisdom\App\Runtime\Cache\Taskadmin\3d0071a06dddbcfa37a8cfb7302c65d2.php 第 74 行.
NOTIC: [8] Use of undefined constant f_industrytype - assumed 'f_industrytype' D:\wamp\www\wisdom\App\Runtime\Cache\Taskadmin\3d0071a06dddbcfa37a8cfb7302c65d2.php 第 74 行.
NOTIC: [8] Use of undefined constant f_industrytype - assumed 'f_industrytype' D:\wamp\www\wisdom\App\Runtime\Cache\Taskadmin\3d0071a06dddbcfa37a8cfb7302c65d2.php 第 74 行.
NOTIC: [8] Use of undefined constant f_industrytype - assumed 'f_industrytype' D:\wamp\www\wisdom\App\Runtime\Cache\Taskadmin\3d0071a06dddbcfa37a8cfb7302c65d2.php 第 74 行.
INFO: Run Behavior\ParseTemplateBehavior [ RunTime:0.028001s ]
INFO: [ view_parse ] --END-- [ RunTime:0.028001s ]
INFO: [ view_filter ] --START--
INFO: Run Behavior\WriteHtmlCacheBehavior [ RunTime:0.002001s ]
INFO: [ view_filter ] --END-- [ RunTime:0.002001s ]
INFO: [ app_end ] --START--
INFO: Run Behavior\ShowPageTraceBehavior [ RunTime:0.003000s ]
INFO: [ app_end ] --END-- [ RunTime:0.003000s ]

[ 2015-12-22T09:20:01+08:00 ] ::1 /wisdom/index.php/Taskadmin/UserInfo/index?access=1300
INFO: [ app_init ] --START--
INFO: Run Behavior\BuildLiteBehavior [ RunTime:0.000000s ]
INFO: [ app_init ] --END-- [ RunTime:0.001000s ]
INFO: [ app_begin ] --START--
INFO: Run Behavior\ReadHtmlCacheBehavior [ RunTime:0.003001s ]
INFO: [ app_begin ] --END-- [ RunTime:0.003001s ]
INFO: [ view_parse ] --START--
INFO: [ template_filter ] --START--
INFO: Run Behavior\ContentReplaceBehavior [ RunTime:0.000000s ]
INFO: [ template_filter ] --END-- [ RunTime:0.000000s ]
INFO: Run Behavior\ParseTemplateBehavior [ RunTime:0.025001s ]
INFO: [ view_parse ] --END-- [ RunTime:0.025001s ]
INFO: [ view_filter ] --START--
INFO: Run Behavior\WriteHtmlCacheBehavior [ RunTime:0.002000s ]
INFO: [ view_filter ] --END-- [ RunTime:0.002000s ]
INFO: [ app_end ] --START--
INFO: Run Behavior\ShowPageTraceBehavior [ RunTime:0.002000s ]
INFO: [ app_end ] --END-- [ RunTime:0.002000s ]

