[ 2015-08-27T10:17:28+08:00 ] 127.0.0.1 /wisdom/index.php/Api/Info/conf?command=getArea&taskid=0
INFO: [ app_init ] --START--
INFO: Run Behavior\BuildLiteBehavior [ RunTime:0.001000s ]
INFO: [ app_init ] --END-- [ RunTime:0.002000s ]
INFO: [ app_begin ] --START--
INFO: Run Behavior\ReadHtmlCacheBehavior [ RunTime:0.001000s ]
INFO: [ app_begin ] --END-- [ RunTime:0.001000s ]
SQL: SHOW COLUMNS FROM `t_task` [ RunTime:0.0130s ]
SQL: SHOW COLUMNS FROM `t_taskmtareaqty` [ RunTime:0.0100s ]
SQL: SELECT * FROM `t_taskmtareaqty` WHERE ( f_taskid=0 )  [ RunTime:0.0100s ]
INFO: [ app_end ] --START--
INFO: Run Behavior\ShowPageTraceBehavior [ RunTime:0.000000s ]
INFO: [ app_end ] --END-- [ RunTime:0.000000s ]

[ 2015-08-27T10:17:28+08:00 ] 127.0.0.1 /wisdom/index.php/Api/Info/conf?command=getPro&taskid=0
INFO: [ app_init ] --START--
INFO: Run Behavior\BuildLiteBehavior [ RunTime:0.000000s ]
INFO: [ app_init ] --END-- [ RunTime:0.001000s ]
INFO: [ app_begin ] --START--
INFO: Run Behavior\ReadHtmlCacheBehavior [ RunTime:0.001000s ]
INFO: [ app_begin ] --END-- [ RunTime:0.001000s ]
SQL: SHOW COLUMNS FROM `t_task` [ RunTime:0.0040s ]
SQL: SHOW COLUMNS FROM `t_taskmtgoodsdetail` [ RunTime:0.0040s ]
SQL: SELECT * FROM `t_taskmtgoodsdetail` WHERE ( f_taskid=0 )  [ RunTime:0.0030s ]
INFO: [ app_end ] --START--
INFO: Run Behavior\ShowPageTraceBehavior [ RunTime:0.002000s ]
INFO: [ app_end ] --END-- [ RunTime:0.002000s ]

[ 2015-08-27T10:26:06+08:00 ] 127.0.0.1 /wisdom/index.php/Api/Info/conf?command=getArea&taskid=0
INFO: [ app_init ] --START--
INFO: Run Behavior\BuildLiteBehavior [ RunTime:0.000000s ]
INFO: [ app_init ] --END-- [ RunTime:0.001000s ]
INFO: [ app_begin ] --START--
INFO: Run Behavior\ReadHtmlCacheBehavior [ RunTime:0.001000s ]
INFO: [ app_begin ] --END-- [ RunTime:0.001000s ]
SQL: SHOW COLUMNS FROM `t_task` [ RunTime:0.0050s ]
SQL: SHOW COLUMNS FROM `t_taskmtareaqty` [ RunTime:0.0040s ]
SQL: SELECT * FROM `t_taskmtareaqty` WHERE ( f_taskid=0 )  [ RunTime:0.0040s ]
INFO: [ app_end ] --START--
INFO: Run Behavior\ShowPageTraceBehavior [ RunTime:0.001000s ]
INFO: [ app_end ] --END-- [ RunTime:0.001000s ]

[ 2015-08-27T10:26:06+08:00 ] 127.0.0.1 /wisdom/index.php/Api/Info/conf?command=getPro&taskid=0
INFO: [ app_init ] --START--
INFO: Run Behavior\BuildLiteBehavior [ RunTime:0.000000s ]
INFO: [ app_init ] --END-- [ RunTime:0.001000s ]
INFO: [ app_begin ] --START--
INFO: Run Behavior\ReadHtmlCacheBehavior [ RunTime:0.001000s ]
INFO: [ app_begin ] --END-- [ RunTime:0.001000s ]
SQL: SHOW COLUMNS FROM `t_task` [ RunTime:0.0040s ]
SQL: SHOW COLUMNS FROM `t_taskmtgoodsdetail` [ RunTime:0.0040s ]
SQL: SELECT * FROM `t_taskmtgoodsdetail` WHERE ( f_taskid=0 )  [ RunTime:0.0040s ]
INFO: [ app_end ] --START--
INFO: Run Behavior\ShowPageTraceBehavior [ RunTime:0.001000s ]
INFO: [ app_end ] --END-- [ RunTime:0.001000s ]

[ 2015-08-27T14:35:06+08:00 ] 127.0.0.1 /wisdom/index.php/Api/Info/conf?command=getArea&taskid=0
INFO: [ app_init ] --START--
INFO: Run Behavior\BuildLiteBehavior [ RunTime:0.000000s ]
INFO: [ app_init ] --END-- [ RunTime:0.001000s ]
INFO: [ app_begin ] --START--
INFO: Run Behavior\ReadHtmlCacheBehavior [ RunTime:0.001000s ]
INFO: [ app_begin ] --END-- [ RunTime:0.001000s ]
SQL: SHOW COLUMNS FROM `t_task` [ RunTime:0.0050s ]
SQL: SHOW COLUMNS FROM `t_taskmtareaqty` [ RunTime:0.0040s ]
SQL: SELECT * FROM `t_taskmtareaqty` WHERE ( f_taskid=0 )  [ RunTime:0.0040s ]
INFO: [ app_end ] --START--
INFO: Run Behavior\ShowPageTraceBehavior [ RunTime:0.001000s ]
INFO: [ app_end ] --END-- [ RunTime:0.001000s ]

[ 2015-08-27T14:35:06+08:00 ] 127.0.0.1 /wisdom/index.php/Api/Info/conf?command=getPro&taskid=0
INFO: [ app_init ] --START--
INFO: Run Behavior\BuildLiteBehavior [ RunTime:0.000000s ]
INFO: [ app_init ] --END-- [ RunTime:0.001000s ]
INFO: [ app_begin ] --START--
INFO: Run Behavior\ReadHtmlCacheBehavior [ RunTime:0.001000s ]
INFO: [ app_begin ] --END-- [ RunTime:0.001000s ]
SQL: SHOW COLUMNS FROM `t_task` [ RunTime:0.0110s ]
SQL: SHOW COLUMNS FROM `t_taskmtgoodsdetail` [ RunTime:0.0110s ]
SQL: SELECT * FROM `t_taskmtgoodsdetail` WHERE ( f_taskid=0 )  [ RunTime:0.0100s ]
INFO: [ app_end ] --START--
INFO: Run Behavior\ShowPageTraceBehavior [ RunTime:0.001000s ]
INFO: [ app_end ] --END-- [ RunTime:0.001000s ]

[ 2015-08-27T14:35:10+08:00 ] 127.0.0.1 /wisdom/index.php/Api/Info/conf?command=getArea&taskid=0
INFO: [ app_init ] --START--
INFO: Run Behavior\BuildLiteBehavior [ RunTime:0.000000s ]
INFO: [ app_init ] --END-- [ RunTime:0.001000s ]
INFO: [ app_begin ] --START--
INFO: Run Behavior\ReadHtmlCacheBehavior [ RunTime:0.000000s ]
INFO: [ app_begin ] --END-- [ RunTime:0.001000s ]
SQL: SHOW COLUMNS FROM `t_task` [ RunTime:0.0100s ]
SQL: SHOW COLUMNS FROM `t_taskmtareaqty` [ RunTime:0.0050s ]
SQL: SELECT * FROM `t_taskmtareaqty` WHERE ( f_taskid=0 )  [ RunTime:0.0030s ]
INFO: [ app_end ] --START--
INFO: Run Behavior\ShowPageTraceBehavior [ RunTime:0.001001s ]
INFO: [ app_end ] --END-- [ RunTime:0.001001s ]

[ 2015-08-27T14:35:10+08:00 ] 127.0.0.1 /wisdom/index.php/Api/Info/conf?command=getPro&taskid=0
INFO: [ app_init ] --START--
INFO: Run Behavior\BuildLiteBehavior [ RunTime:0.000000s ]
INFO: [ app_init ] --END-- [ RunTime:0.001000s ]
INFO: [ app_begin ] --START--
INFO: Run Behavior\ReadHtmlCacheBehavior [ RunTime:0.001000s ]
INFO: [ app_begin ] --END-- [ RunTime:0.001000s ]
SQL: SHOW COLUMNS FROM `t_task` [ RunTime:0.0110s ]
SQL: SHOW COLUMNS FROM `t_taskmtgoodsdetail` [ RunTime:0.0100s ]
SQL: SELECT * FROM `t_taskmtgoodsdetail` WHERE ( f_taskid=0 )  [ RunTime:0.0090s ]
INFO: [ app_end ] --START--
INFO: Run Behavior\ShowPageTraceBehavior [ RunTime:0.000000s ]
INFO: [ app_end ] --END-- [ RunTime:0.001000s ]

[ 2015-08-27T16:41:36+08:00 ] 127.0.0.1 /wisdom/index.php/Api/Info/conf?command=getArea&taskid=0
INFO: [ app_init ] --START--
INFO: Run Behavior\BuildLiteBehavior [ RunTime:0.000000s ]
INFO: [ app_init ] --END-- [ RunTime:0.000000s ]
INFO: [ app_begin ] --START--
INFO: Run Behavior\ReadHtmlCacheBehavior [ RunTime:0.000000s ]
INFO: [ app_begin ] --END-- [ RunTime:0.000000s ]
SQL: SHOW COLUMNS FROM `t_task` [ RunTime:0.0110s ]
SQL: SHOW COLUMNS FROM `t_taskmtareaqty` [ RunTime:0.0100s ]
SQL: SELECT * FROM `t_taskmtareaqty` WHERE ( f_taskid=0 )  [ RunTime:0.0110s ]
INFO: [ app_end ] --START--
INFO: Run Behavior\ShowPageTraceBehavior [ RunTime:0.000000s ]
INFO: [ app_end ] --END-- [ RunTime:0.000000s ]

[ 2015-08-27T16:41:36+08:00 ] 127.0.0.1 /wisdom/index.php/Api/Info/conf?command=getPro&taskid=0
INFO: [ app_init ] --START--
INFO: Run Behavior\BuildLiteBehavior [ RunTime:0.000000s ]
INFO: [ app_init ] --END-- [ RunTime:0.001000s ]
INFO: [ app_begin ] --START--
INFO: Run Behavior\ReadHtmlCacheBehavior [ RunTime:0.001000s ]
INFO: [ app_begin ] --END-- [ RunTime:0.001000s ]
SQL: SHOW COLUMNS FROM `t_task` [ RunTime:0.0070s ]
SQL: SHOW COLUMNS FROM `t_taskmtgoodsdetail` [ RunTime:0.0070s ]
SQL: SELECT * FROM `t_taskmtgoodsdetail` WHERE ( f_taskid=0 )  [ RunTime:0.0060s ]
INFO: [ app_end ] --START--
INFO: Run Behavior\ShowPageTraceBehavior [ RunTime:0.000000s ]
INFO: [ app_end ] --END-- [ RunTime:0.000000s ]

[ 2015-08-27T16:41:44+08:00 ] 127.0.0.1 /wisdom/index.php/Api/Upfile/upF/type/2.html
INFO: [ app_init ] --START--
INFO: Run Behavior\BuildLiteBehavior [ RunTime:0.001001s ]
INFO: [ app_init ] --END-- [ RunTime:0.001001s ]
INFO: [ app_begin ] --START--
INFO: Run Behavior\ReadHtmlCacheBehavior [ RunTime:0.003000s ]
INFO: [ app_begin ] --END-- [ RunTime:0.003000s ]
NOTIC: [2] call_user_func() expects parameter 1 to be a valid callback, no array or string given D:\wamp\www\wisdom\ThinkPHP\Library\Think\Upload.class.php 第 170 行.
SQL: SHOW COLUMNS FROM `t_files` [ RunTime:0.0040s ]
SQL: SHOW COLUMNS FROM `t_files` [ RunTime:0.0040s ]
SQL: INSERT INTO `t_files` (`f_filename`,`f_filepath`,`f_uptime`) VALUES ('55decd4887f67.jpg','20150827/','1440664904') [ RunTime:0.0160s ]
INFO: [ app_end ] --START--
INFO: Run Behavior\ShowPageTraceBehavior [ RunTime:0.001000s ]
INFO: [ app_end ] --END-- [ RunTime:0.002000s ]

[ 2015-08-27T16:41:48+08:00 ] 127.0.0.1 /wisdom/index.php/Api/Upfile/upF/type/2.html
INFO: [ app_init ] --START--
INFO: Run Behavior\BuildLiteBehavior [ RunTime:0.000000s ]
INFO: [ app_init ] --END-- [ RunTime:0.001000s ]
INFO: [ app_begin ] --START--
INFO: Run Behavior\ReadHtmlCacheBehavior [ RunTime:0.001000s ]
INFO: [ app_begin ] --END-- [ RunTime:0.001000s ]
NOTIC: [2] call_user_func() expects parameter 1 to be a valid callback, no array or string given D:\wamp\www\wisdom\ThinkPHP\Library\Think\Upload.class.php 第 170 行.
SQL: SHOW COLUMNS FROM `t_files` [ RunTime:0.0100s ]
SQL: SHOW COLUMNS FROM `t_files` [ RunTime:0.0100s ]
SQL: INSERT INTO `t_files` (`f_filename`,`f_filepath`,`f_uptime`) VALUES ('55decd4c480cd.png','20150827/','1440664908') [ RunTime:0.0100s ]
INFO: [ app_end ] --START--
INFO: Run Behavior\ShowPageTraceBehavior [ RunTime:0.004000s ]
INFO: [ app_end ] --END-- [ RunTime:0.004000s ]

[ 2015-08-27T16:41:57+08:00 ] 127.0.0.1 /wisdom/index.php/Api/Info/conf
INFO: [ app_init ] --START--
INFO: Run Behavior\BuildLiteBehavior [ RunTime:0.000000s ]
INFO: [ app_init ] --END-- [ RunTime:0.000000s ]
INFO: [ app_begin ] --START--
INFO: Run Behavior\ReadHtmlCacheBehavior [ RunTime:0.001000s ]
INFO: [ app_begin ] --END-- [ RunTime:0.001000s ]
SQL: SHOW COLUMNS FROM `t_task` [ RunTime:0.0110s ]
SQL: SHOW COLUMNS FROM `t_task` [ RunTime:0.0110s ]
SQL: INSERT INTO `t_task` (`f_creatuserid`,`f_paletid`,`f_companyid`,`f_tasktypeid`,`f_creatdate`,`f_surveno`,`f_title`,`f_fileid`,`f_fileid_ban`,`f_begindate`,`f_enddate`,`f_linkman`,`f_linkphone`,`f_status`,`f_harder`,`f_description`) VALUES ('0',NULL,'63','3','1440664917','144066491738038116','f','2508','2509','2015-08-27','2015-08-29','f','17757128602','2','0','f') [ RunTime:0.0110s ]
SQL: SHOW COLUMNS FROM `t_taskreject` [ RunTime:0.0100s ]
SQL: INSERT INTO `t_taskreject` (`f_rejectuserid`,`f_taskid`,`f_datetime`,`f_reason`) VALUES ('523','615','1440664917','招商任务新增第一步') [ RunTime:0.0100s ]
INFO: [ app_end ] --START--
INFO: Run Behavior\ShowPageTraceBehavior [ RunTime:0.003001s ]
INFO: [ app_end ] --END-- [ RunTime:0.003001s ]

[ 2015-08-27T16:49:22+08:00 ] 127.0.0.1 /wisdom/index.php/Api/Info/conf?command=getPro&taskid=0
INFO: [ app_init ] --START--
INFO: Run Behavior\BuildLiteBehavior [ RunTime:0.000000s ]
INFO: [ app_init ] --END-- [ RunTime:0.000000s ]
INFO: [ app_begin ] --START--
INFO: Run Behavior\ReadHtmlCacheBehavior [ RunTime:0.000000s ]
INFO: [ app_begin ] --END-- [ RunTime:0.001000s ]
SQL: SHOW COLUMNS FROM `t_task` [ RunTime:0.0070s ]
SQL: SHOW COLUMNS FROM `t_taskmtgoodsdetail` [ RunTime:0.0070s ]
SQL: SELECT * FROM `t_taskmtgoodsdetail` WHERE ( f_taskid=0 )  [ RunTime:0.0060s ]
INFO: [ app_end ] --START--
INFO: Run Behavior\ShowPageTraceBehavior [ RunTime:0.001000s ]
INFO: [ app_end ] --END-- [ RunTime:0.001000s ]

[ 2015-08-27T16:49:22+08:00 ] 127.0.0.1 /wisdom/index.php/Api/Info/conf?command=getArea&taskid=0
INFO: [ app_init ] --START--
INFO: Run Behavior\BuildLiteBehavior [ RunTime:0.000000s ]
INFO: [ app_init ] --END-- [ RunTime:0.001000s ]
INFO: [ app_begin ] --START--
INFO: Run Behavior\ReadHtmlCacheBehavior [ RunTime:0.001000s ]
INFO: [ app_begin ] --END-- [ RunTime:0.001000s ]
SQL: SHOW COLUMNS FROM `t_task` [ RunTime:0.0080s ]
SQL: SHOW COLUMNS FROM `t_taskmtareaqty` [ RunTime:0.0060s ]
SQL: SELECT * FROM `t_taskmtareaqty` WHERE ( f_taskid=0 )  [ RunTime:0.0060s ]
INFO: [ app_end ] --START--
INFO: Run Behavior\ShowPageTraceBehavior [ RunTime:0.001000s ]
INFO: [ app_end ] --END-- [ RunTime:0.001000s ]

[ 2015-08-27T16:49:23+08:00 ] 127.0.0.1 /wisdom/index.php/Api/Info/conf
INFO: [ app_init ] --START--
INFO: Run Behavior\BuildLiteBehavior [ RunTime:0.000000s ]
INFO: [ app_init ] --END-- [ RunTime:0.000000s ]
INFO: [ app_begin ] --START--
INFO: Run Behavior\ReadHtmlCacheBehavior [ RunTime:0.001000s ]
INFO: [ app_begin ] --END-- [ RunTime:0.001000s ]
SQL: SHOW COLUMNS FROM `t_task` [ RunTime:0.0070s ]
SQL: SHOW COLUMNS FROM `t_task` [ RunTime:0.0070s ]
SQL: INSERT INTO `t_task` (`f_creatuserid`,`f_paletid`,`f_companyid`,`f_tasktypeid`,`f_creatdate`,`f_surveno`,`f_title`,`f_fileid`,`f_fileid_ban`,`f_begindate`,`f_enddate`,`f_linkman`,`f_linkphone`,`f_status`,`f_harder`,`f_description`) VALUES ('0',NULL,'63','3','1440665363','144066536338654724','f','2508','2509','2015-08-27','2015-08-29','f','17757128602','2','0','f') [ RunTime:0.0060s ]
SQL: SHOW COLUMNS FROM `t_taskreject` [ RunTime:0.0060s ]
SQL: INSERT INTO `t_taskreject` (`f_rejectuserid`,`f_taskid`,`f_datetime`,`f_reason`) VALUES ('523','617','1440665363','招商任务新增第一步') [ RunTime:0.0050s ]
INFO: [ app_end ] --START--
INFO: Run Behavior\ShowPageTraceBehavior [ RunTime:0.000000s ]
INFO: [ app_end ] --END-- [ RunTime:0.000000s ]

[ 2015-08-27T16:50:15+08:00 ] 127.0.0.1 /wisdom/index.php/Api/Info/conf?command=getArea&taskid=0
INFO: [ app_init ] --START--
INFO: Run Behavior\BuildLiteBehavior [ RunTime:0.000000s ]
INFO: [ app_init ] --END-- [ RunTime:0.000000s ]
INFO: [ app_begin ] --START--
INFO: Run Behavior\ReadHtmlCacheBehavior [ RunTime:0.001000s ]
INFO: [ app_begin ] --END-- [ RunTime:0.001000s ]
SQL: SHOW COLUMNS FROM `t_task` [ RunTime:0.0040s ]
SQL: SHOW COLUMNS FROM `t_taskmtareaqty` [ RunTime:0.0040s ]
SQL: SELECT * FROM `t_taskmtareaqty` WHERE ( f_taskid=0 )  [ RunTime:0.0030s ]
INFO: [ app_end ] --START--
INFO: Run Behavior\ShowPageTraceBehavior [ RunTime:0.001000s ]
INFO: [ app_end ] --END-- [ RunTime:0.001000s ]

[ 2015-08-27T16:50:15+08:00 ] 127.0.0.1 /wisdom/index.php/Api/Info/conf?command=getPro&taskid=0
INFO: [ app_init ] --START--
INFO: Run Behavior\BuildLiteBehavior [ RunTime:0.001000s ]
INFO: [ app_init ] --END-- [ RunTime:0.001000s ]
INFO: [ app_begin ] --START--
INFO: Run Behavior\ReadHtmlCacheBehavior [ RunTime:0.001000s ]
INFO: [ app_begin ] --END-- [ RunTime:0.001000s ]
SQL: SHOW COLUMNS FROM `t_task` [ RunTime:0.0040s ]
SQL: SHOW COLUMNS FROM `t_taskmtgoodsdetail` [ RunTime:0.0040s ]
SQL: SELECT * FROM `t_taskmtgoodsdetail` WHERE ( f_taskid=0 )  [ RunTime:0.0040s ]
INFO: [ app_end ] --START--
INFO: Run Behavior\ShowPageTraceBehavior [ RunTime:0.000000s ]
INFO: [ app_end ] --END-- [ RunTime:0.001000s ]

[ 2015-08-27T16:50:16+08:00 ] 127.0.0.1 /wisdom/index.php/Api/Info/conf
INFO: [ app_init ] --START--
INFO: Run Behavior\BuildLiteBehavior [ RunTime:0.000000s ]
INFO: [ app_init ] --END-- [ RunTime:0.001000s ]
INFO: [ app_begin ] --START--
INFO: Run Behavior\ReadHtmlCacheBehavior [ RunTime:0.001000s ]
INFO: [ app_begin ] --END-- [ RunTime:0.001000s ]
SQL: SHOW COLUMNS FROM `t_task` [ RunTime:0.0100s ]
SQL: SHOW COLUMNS FROM `t_task` [ RunTime:0.0110s ]
SQL: INSERT INTO `t_task` (`f_creatuserid`,`f_paletid`,`f_companyid`,`f_tasktypeid`,`f_creatdate`,`f_surveno`,`f_title`,`f_fileid`,`f_fileid_ban`,`f_begindate`,`f_enddate`,`f_linkman`,`f_linkphone`,`f_status`,`f_harder`,`f_description`) VALUES ('0',NULL,'63','3','1440665416','144066541634286834','f','2508','2509','2015-08-27','2015-08-29','f','17757128602','2','0','f') [ RunTime:0.0100s ]
SQL: SHOW COLUMNS FROM `t_taskreject` [ RunTime:0.0100s ]
SQL: INSERT INTO `t_taskreject` (`f_rejectuserid`,`f_taskid`,`f_datetime`,`f_reason`) VALUES ('523','618','1440665416','招商任务新增第一步') [ RunTime:0.0090s ]
INFO: [ app_end ] --START--
INFO: Run Behavior\ShowPageTraceBehavior [ RunTime:0.001000s ]
INFO: [ app_end ] --END-- [ RunTime:0.001000s ]

[ 2015-08-27T16:56:49+08:00 ] 127.0.0.1 /wisdom/index.php/Api/Info/conf?command=getArea&taskid=0
INFO: [ app_init ] --START--
INFO: Run Behavior\BuildLiteBehavior [ RunTime:0.000000s ]
INFO: [ app_init ] --END-- [ RunTime:0.001000s ]
INFO: [ app_begin ] --START--
INFO: Run Behavior\ReadHtmlCacheBehavior [ RunTime:0.001000s ]
INFO: [ app_begin ] --END-- [ RunTime:0.001000s ]
SQL: SHOW COLUMNS FROM `t_task` [ RunTime:0.0110s ]
SQL: SHOW COLUMNS FROM `t_taskmtareaqty` [ RunTime:0.0110s ]
SQL: SELECT * FROM `t_taskmtareaqty` WHERE ( f_taskid=0 )  [ RunTime:0.0100s ]
INFO: [ app_end ] --START--
INFO: Run Behavior\ShowPageTraceBehavior [ RunTime:0.001000s ]
INFO: [ app_end ] --END-- [ RunTime:0.001000s ]

[ 2015-08-27T16:56:50+08:00 ] 127.0.0.1 /wisdom/index.php/Api/Info/conf?command=getPro&taskid=0
INFO: [ app_init ] --START--
INFO: Run Behavior\BuildLiteBehavior [ RunTime:0.000000s ]
INFO: [ app_init ] --END-- [ RunTime:0.000000s ]
INFO: [ app_begin ] --START--
INFO: Run Behavior\ReadHtmlCacheBehavior [ RunTime:0.001000s ]
INFO: [ app_begin ] --END-- [ RunTime:0.001000s ]
SQL: SHOW COLUMNS FROM `t_task` [ RunTime:0.0110s ]
SQL: SHOW COLUMNS FROM `t_taskmtgoodsdetail` [ RunTime:0.0110s ]
SQL: SELECT * FROM `t_taskmtgoodsdetail` WHERE ( f_taskid=0 )  [ RunTime:0.0110s ]
INFO: [ app_end ] --START--
INFO: Run Behavior\ShowPageTraceBehavior [ RunTime:0.000000s ]
INFO: [ app_end ] --END-- [ RunTime:0.001000s ]

[ 2015-08-27T16:56:51+08:00 ] 127.0.0.1 /wisdom/index.php/Api/Info/conf
INFO: [ app_init ] --START--
INFO: Run Behavior\BuildLiteBehavior [ RunTime:0.000000s ]
INFO: [ app_init ] --END-- [ RunTime:0.001000s ]
INFO: [ app_begin ] --START--
INFO: Run Behavior\ReadHtmlCacheBehavior [ RunTime:0.000000s ]
INFO: [ app_begin ] --END-- [ RunTime:0.000000s ]
SQL: SHOW COLUMNS FROM `t_task` [ RunTime:0.0040s ]
SQL: SHOW COLUMNS FROM `t_task` [ RunTime:0.0040s ]
SQL: INSERT INTO `t_task` (`f_creatuserid`,`f_paletid`,`f_companyid`,`f_tasktypeid`,`f_creatdate`,`f_surveno`,`f_title`,`f_fileid`,`f_fileid_ban`,`f_begindate`,`f_enddate`,`f_linkman`,`f_linkphone`,`f_status`,`f_harder`,`f_description`) VALUES ('0',NULL,'63','3','1440665811','144066581136171264','f','2508','2509','2015-08-27','2015-08-29','f','17757128602','2','0','f') [ RunTime:0.0040s ]
SQL: SHOW COLUMNS FROM `t_taskreject` [ RunTime:0.0060s ]
SQL: INSERT INTO `t_taskreject` (`f_rejectuserid`,`f_taskid`,`f_datetime`,`f_reason`) VALUES ('523','620','1440665811','招商任务新增第一步') [ RunTime:0.0030s ]
INFO: [ app_end ] --START--
INFO: Run Behavior\ShowPageTraceBehavior [ RunTime:0.001000s ]
INFO: [ app_end ] --END-- [ RunTime:0.001000s ]

[ 2015-08-27T16:59:37+08:00 ] 127.0.0.1 /wisdom/index.php/Api/Info/conf?command=getArea&taskid=0
INFO: [ app_init ] --START--
INFO: Run Behavior\BuildLiteBehavior [ RunTime:0.000000s ]
INFO: [ app_init ] --END-- [ RunTime:0.000000s ]
INFO: [ app_begin ] --START--
INFO: Run Behavior\ReadHtmlCacheBehavior [ RunTime:0.001000s ]
INFO: [ app_begin ] --END-- [ RunTime:0.001000s ]
SQL: SHOW COLUMNS FROM `t_task` [ RunTime:0.0040s ]
SQL: SHOW COLUMNS FROM `t_taskmtareaqty` [ RunTime:0.0040s ]
SQL: SELECT * FROM `t_taskmtareaqty` WHERE ( f_taskid=0 )  [ RunTime:0.0040s ]
INFO: [ app_end ] --START--
INFO: Run Behavior\ShowPageTraceBehavior [ RunTime:0.001000s ]
INFO: [ app_end ] --END-- [ RunTime:0.001000s ]

[ 2015-08-27T16:59:37+08:00 ] 127.0.0.1 /wisdom/index.php/Api/Info/conf?command=getPro&taskid=0
INFO: [ app_init ] --START--
INFO: Run Behavior\BuildLiteBehavior [ RunTime:0.000000s ]
INFO: [ app_init ] --END-- [ RunTime:0.001000s ]
INFO: [ app_begin ] --START--
INFO: Run Behavior\ReadHtmlCacheBehavior [ RunTime:0.001001s ]
INFO: [ app_begin ] --END-- [ RunTime:0.001001s ]
SQL: SHOW COLUMNS FROM `t_task` [ RunTime:0.0040s ]
SQL: SHOW COLUMNS FROM `t_taskmtgoodsdetail` [ RunTime:0.0050s ]
SQL: SELECT * FROM `t_taskmtgoodsdetail` WHERE ( f_taskid=0 )  [ RunTime:0.0040s ]
INFO: [ app_end ] --START--
INFO: Run Behavior\ShowPageTraceBehavior [ RunTime:0.000000s ]
INFO: [ app_end ] --END-- [ RunTime:0.001001s ]

[ 2015-08-27T16:59:39+08:00 ] 127.0.0.1 /wisdom/index.php/Api/Info/conf
INFO: [ app_init ] --START--
INFO: Run Behavior\BuildLiteBehavior [ RunTime:0.001000s ]
INFO: [ app_init ] --END-- [ RunTime:0.001000s ]
INFO: [ app_begin ] --START--
INFO: Run Behavior\ReadHtmlCacheBehavior [ RunTime:0.000000s ]
INFO: [ app_begin ] --END-- [ RunTime:0.000000s ]
SQL: SHOW COLUMNS FROM `t_task` [ RunTime:0.0100s ]
SQL: SHOW COLUMNS FROM `t_task` [ RunTime:0.0100s ]
SQL: INSERT INTO `t_task` (`f_creatuserid`,`f_paletid`,`f_companyid`,`f_tasktypeid`,`f_creatdate`,`f_surveno`,`f_title`,`f_fileid`,`f_fileid_ban`,`f_begindate`,`f_enddate`,`f_linkman`,`f_linkphone`,`f_status`,`f_harder`,`f_description`) VALUES ('0',NULL,'63','3','1440665978','144066597839933258','f','2508','2509','2015-08-27','2015-08-29','f','17757128602','2','0','f') [ RunTime:0.0100s ]
SQL: SHOW COLUMNS FROM `t_taskreject` [ RunTime:0.0100s ]
SQL: INSERT INTO `t_taskreject` (`f_rejectuserid`,`f_taskid`,`f_datetime`,`f_reason`) VALUES ('523','622','1440665978','招商任务新增第一步') [ RunTime:0.0100s ]
INFO: [ app_end ] --START--
INFO: Run Behavior\ShowPageTraceBehavior [ RunTime:0.000000s ]
INFO: [ app_end ] --END-- [ RunTime:0.001000s ]

[ 2015-08-27T17:08:00+08:00 ] 127.0.0.1 /wisdom/index.php/Api/Info/conf?command=getArea&taskid=0
INFO: [ app_init ] --START--
INFO: Run Behavior\BuildLiteBehavior [ RunTime:0.000000s ]
INFO: [ app_init ] --END-- [ RunTime:0.000000s ]
INFO: [ app_begin ] --START--
INFO: Run Behavior\ReadHtmlCacheBehavior [ RunTime:0.001000s ]
INFO: [ app_begin ] --END-- [ RunTime:0.001000s ]
SQL: SHOW COLUMNS FROM `t_task` [ RunTime:0.0080s ]
SQL: SHOW COLUMNS FROM `t_taskmtareaqty` [ RunTime:0.0070s ]
SQL: SELECT * FROM `t_taskmtareaqty` WHERE ( f_taskid=0 )  [ RunTime:0.0070s ]
INFO: [ app_end ] --START--
INFO: Run Behavior\ShowPageTraceBehavior [ RunTime:0.000000s ]
INFO: [ app_end ] --END-- [ RunTime:0.000000s ]

[ 2015-08-27T17:08:00+08:00 ] 127.0.0.1 /wisdom/index.php/Api/Info/conf?command=getPro&taskid=0
INFO: [ app_init ] --START--
INFO: Run Behavior\BuildLiteBehavior [ RunTime:0.001000s ]
INFO: [ app_init ] --END-- [ RunTime:0.001000s ]
INFO: [ app_begin ] --START--
INFO: Run Behavior\ReadHtmlCacheBehavior [ RunTime:0.000000s ]
INFO: [ app_begin ] --END-- [ RunTime:0.001000s ]
SQL: SHOW COLUMNS FROM `t_task` [ RunTime:0.0040s ]
SQL: SHOW COLUMNS FROM `t_taskmtgoodsdetail` [ RunTime:0.0040s ]
SQL: SELECT * FROM `t_taskmtgoodsdetail` WHERE ( f_taskid=0 )  [ RunTime:0.0040s ]
INFO: [ app_end ] --START--
INFO: Run Behavior\ShowPageTraceBehavior [ RunTime:0.000000s ]
INFO: [ app_end ] --END-- [ RunTime:0.001001s ]

[ 2015-08-27T17:08:02+08:00 ] 127.0.0.1 /wisdom/index.php/Api/Info/conf
INFO: [ app_init ] --START--
INFO: Run Behavior\BuildLiteBehavior [ RunTime:0.000000s ]
INFO: [ app_init ] --END-- [ RunTime:0.000000s ]
INFO: [ app_begin ] --START--
INFO: Run Behavior\ReadHtmlCacheBehavior [ RunTime:0.000000s ]
INFO: [ app_begin ] --END-- [ RunTime:0.000000s ]
SQL: SHOW COLUMNS FROM `t_task` [ RunTime:0.0110s ]
SQL: SHOW COLUMNS FROM `t_task` [ RunTime:0.0110s ]
SQL: INSERT INTO `t_task` (`f_creatuserid`,`f_paletid`,`f_companyid`,`f_tasktypeid`,`f_creatdate`,`f_surveno`,`f_title`,`f_fileid`,`f_fileid_ban`,`f_begindate`,`f_enddate`,`f_linkman`,`f_linkphone`,`f_status`,`f_harder`,`f_description`) VALUES ('0',NULL,'63','3','1440666482','144066648235412658','f','2508','2509','2015-08-27','2015-08-29','f','17757128602','2','0','f') [ RunTime:0.0100s ]
SQL: SHOW COLUMNS FROM `t_taskreject` [ RunTime:0.0110s ]
SQL: INSERT INTO `t_taskreject` (`f_rejectuserid`,`f_taskid`,`f_datetime`,`f_reason`) VALUES ('523','623','1440666482','招商任务新增第一步') [ RunTime:0.0110s ]
INFO: [ app_end ] --START--
INFO: Run Behavior\ShowPageTraceBehavior [ RunTime:0.001000s ]
INFO: [ app_end ] --END-- [ RunTime:0.001000s ]

[ 2015-08-27T17:08:13+08:00 ] 127.0.0.1 /wisdom/index.php/Api/Info/conf
INFO: [ app_init ] --START--
INFO: Run Behavior\BuildLiteBehavior [ RunTime:0.000000s ]
INFO: [ app_init ] --END-- [ RunTime:0.001000s ]
INFO: [ app_begin ] --START--
INFO: Run Behavior\ReadHtmlCacheBehavior [ RunTime:0.001000s ]
INFO: [ app_begin ] --END-- [ RunTime:0.001000s ]
SQL: SHOW COLUMNS FROM `t_task` [ RunTime:0.0100s ]
SQL: SHOW COLUMNS FROM `t_taskmtbaseinfo` [ RunTime:0.0110s ]
SQL: SHOW COLUMNS FROM `t_taskreject` [ RunTime:0.0110s ]
SQL: INSERT INTO `t_taskreject` (`f_rejectuserid`,`f_reason`,`f_taskid`,`f_datetime`) VALUES ('523','招商任务新增第二步','623','1440666493') [ RunTime:0.0100s ]
SQL: INSERT INTO `t_taskmtbaseinfo` (`f_taskid`,`f_mtbrand`,`f_mtgoods`,`f_tradeid`,`f_unitfirstAmount`,`f_unitcashdeposit`,`f_unitfranchisefee`,`f_unitotheramount`,`f_unittotalamount`,`f_unitcommission`,`f_unitpreownedgold`) VALUES ('623','yh','h','2','44444444444444','0','0','0','44444444444444','5555555555555.5','11111111111111') [ RunTime:0.0100s ]
INFO: [ app_end ] --START--
INFO: Run Behavior\ShowPageTraceBehavior [ RunTime:0.001000s ]
INFO: [ app_end ] --END-- [ RunTime:0.001000s ]

[ 2015-08-27T17:08:21+08:00 ] 127.0.0.1 /wisdom/index.php/Api/Info/conf
INFO: [ app_init ] --START--
INFO: Run Behavior\BuildLiteBehavior [ RunTime:0.001000s ]
INFO: [ app_init ] --END-- [ RunTime:0.001000s ]
INFO: [ app_begin ] --START--
INFO: Run Behavior\ReadHtmlCacheBehavior [ RunTime:0.001000s ]
INFO: [ app_begin ] --END-- [ RunTime:0.001000s ]
SQL: SHOW COLUMNS FROM `t_task` [ RunTime:0.0040s ]
SQL: SHOW COLUMNS FROM `t_taskmtareaqty` [ RunTime:0.0040s ]
SQL: SHOW COLUMNS FROM `t_taskreject` [ RunTime:0.0040s ]
SQL: INSERT INTO `t_taskreject` (`f_rejectuserid`,`f_reason`,`f_taskid`,`f_datetime`) VALUES ('523','招商任务新增区域','623','1440666501') [ RunTime:0.0030s ]
SQL: INSERT INTO `t_taskmtareaqty` (`f_taskid`,`f_area`,`f_qty`) VALUES ('623','重庆市|重庆市|沙坪坝区','444') [ RunTime:0.0030s ]
INFO: [ app_end ] --START--
INFO: Run Behavior\ShowPageTraceBehavior [ RunTime:0.001000s ]
INFO: [ app_end ] --END-- [ RunTime:0.001000s ]

[ 2015-08-27T17:08:22+08:00 ] 127.0.0.1 /wisdom/index.php/Api/Info/conf?command=getArea&taskid=623
INFO: [ app_init ] --START--
INFO: Run Behavior\BuildLiteBehavior [ RunTime:0.000000s ]
INFO: [ app_init ] --END-- [ RunTime:0.000000s ]
INFO: [ app_begin ] --START--
INFO: Run Behavior\ReadHtmlCacheBehavior [ RunTime:0.000000s ]
INFO: [ app_begin ] --END-- [ RunTime:0.000000s ]
SQL: SHOW COLUMNS FROM `t_task` [ RunTime:0.0090s ]
SQL: SHOW COLUMNS FROM `t_taskmtareaqty` [ RunTime:0.0080s ]
SQL: SELECT * FROM `t_taskmtareaqty` WHERE ( f_taskid=623 )  [ RunTime:0.0080s ]
INFO: [ app_end ] --START--
INFO: Run Behavior\ShowPageTraceBehavior [ RunTime:0.001000s ]
INFO: [ app_end ] --END-- [ RunTime:0.001000s ]

[ 2015-08-27T17:08:28+08:00 ] 127.0.0.1 /wisdom/index.php/Api/Info/conf
INFO: [ app_init ] --START--
INFO: Run Behavior\BuildLiteBehavior [ RunTime:0.000000s ]
INFO: [ app_init ] --END-- [ RunTime:0.001000s ]
INFO: [ app_begin ] --START--
INFO: Run Behavior\ReadHtmlCacheBehavior [ RunTime:0.000000s ]
INFO: [ app_begin ] --END-- [ RunTime:0.001001s ]
SQL: SHOW COLUMNS FROM `t_task` [ RunTime:0.0070s ]
SQL: SHOW COLUMNS FROM `t_taskmtgoodsdetail` [ RunTime:0.0070s ]
SQL: INSERT INTO `t_taskmtgoodsdetail` (`f_taskid`,`f_goodsname`,`f_modle`,`f_unit`,`f_agencyprice`,`f_sellingprice`,`f_saleprice`) VALUES ('623','444','444','4','4','4','4') [ RunTime:0.0070s ]
INFO: [ app_end ] --START--
INFO: Run Behavior\ShowPageTraceBehavior [ RunTime:0.000000s ]
INFO: [ app_end ] --END-- [ RunTime:0.001000s ]

[ 2015-08-27T17:08:28+08:00 ] 127.0.0.1 /wisdom/index.php/Api/Info/conf?command=getPro&taskid=623
INFO: [ app_init ] --START--
INFO: Run Behavior\BuildLiteBehavior [ RunTime:0.000000s ]
INFO: [ app_init ] --END-- [ RunTime:0.001000s ]
INFO: [ app_begin ] --START--
INFO: Run Behavior\ReadHtmlCacheBehavior [ RunTime:0.000000s ]
INFO: [ app_begin ] --END-- [ RunTime:0.001000s ]
SQL: SHOW COLUMNS FROM `t_task` [ RunTime:0.0070s ]
SQL: SHOW COLUMNS FROM `t_taskmtgoodsdetail` [ RunTime:0.0070s ]
SQL: SELECT * FROM `t_taskmtgoodsdetail` WHERE ( f_taskid=623 )  [ RunTime:0.0060s ]
INFO: [ app_end ] --START--
INFO: Run Behavior\ShowPageTraceBehavior [ RunTime:0.001000s ]
INFO: [ app_end ] --END-- [ RunTime:0.001000s ]

[ 2015-08-27T17:09:22+08:00 ] 127.0.0.1 /wisdom/index.php/Api/Info/conf
INFO: [ app_init ] --START--
INFO: Run Behavior\BuildLiteBehavior [ RunTime:0.000000s ]
INFO: [ app_init ] --END-- [ RunTime:0.001001s ]
INFO: [ app_begin ] --START--
INFO: Run Behavior\ReadHtmlCacheBehavior [ RunTime:0.000000s ]
INFO: [ app_begin ] --END-- [ RunTime:0.000000s ]
SQL: SHOW COLUMNS FROM `t_task` [ RunTime:0.0140s ]
SQL: SHOW COLUMNS FROM `t_taskmtdetailedinfo` [ RunTime:0.0080s ]
SQL: INSERT INTO `t_taskmtdetailedinfo` (`f_taskid`,`f_brandlocation`,`f_slogan`,`f_sellingpoint`,`f_targetgroup`,`f_distributorsrequir`,`f_retailoutlets`,`f_channelpolicy`,`f_note`) VALUES ('623','4','4','4','4','4','4','4','<p><br/></p><p><strong>标题</strong></p><p><br/><strong><span style=\"font-size:12px;font-family: 宋体;color:red\"></span></strong><strong></strong></p><p><strong><span style=\"font-size:12px;font-family:宋体\">参与说明：&nbsp;</span></strong></p><p><strong><span style=\"font-size:12px;font-family:宋体\"><br/></span></strong></p><p><strong><span style=\"font-size:12px;font-family:宋体;color:red\">招商要求：</span></strong></p><p><strong><span style=\"font-size:12px;font-family:宋体;color:red\">招商区域及数量：</span></strong></p><p><strong><span style=\"font-size:12px;font-family:宋体;color:red\">招商产品：</span></strong></p><p><strong><span style=\"font-size:12px;font-family:宋体;color:red\">招商详情</span></strong></p><p style=\"margin-left:0\"><span style=\"font-size:12px;font-family:宋体;color:red\">经销要求：</span></p><p><span style=\"font-size:12px;font-family:宋体;color:red\">主销网点：</span></p><p><span style=\"font-size:12px;font-family:宋体;color:red\">广宣支持：</span></p><p><span style=\"font-size:12px;font-family:宋体;color:red\">品牌定位：</span></p><p><span style=\"font-size:12px;font-family:宋体;color:red\">品牌广告：</span></p><p><span style=\"font-size:12px;font-family:宋体;color:red\">产品卖点：</span></p><p><span style=\"font-size:12px;font-family:宋体;color:red\">目标消费者：</span><span style=\"font-size:12px;font-family:宋体\"></span></p><p><strong><span style=\"font-size:12px;font-family:宋体;color:red\">品牌介绍：</span></strong></p><p><span style=\"font-size:12px;font-family:宋体\"><br/><span></span><span></span></span></p><p><br/></p>') [ RunTime:0.0090s ]
SQL: SHOW COLUMNS FROM `t_taskreject` [ RunTime:0.0090s ]
SQL: INSERT INTO `t_taskreject` (`f_rejectuserid`,`f_reason`,`f_taskid`,`f_datetime`) VALUES ('523','招商任务新增第四步','623','1440666562') [ RunTime:0.0080s ]
INFO: [ app_end ] --START--
INFO: Run Behavior\ShowPageTraceBehavior [ RunTime:0.001000s ]
INFO: [ app_end ] --END-- [ RunTime:0.001000s ]

[ 2015-08-27T17:09:36+08:00 ] 127.0.0.1 /wisdom/index.php/Api/Info/conf?command=getArea&taskid=0
INFO: [ app_init ] --START--
INFO: Run Behavior\BuildLiteBehavior [ RunTime:0.000000s ]
INFO: [ app_init ] --END-- [ RunTime:0.000000s ]
INFO: [ app_begin ] --START--
INFO: Run Behavior\ReadHtmlCacheBehavior [ RunTime:0.001000s ]
INFO: [ app_begin ] --END-- [ RunTime:0.001000s ]
SQL: SHOW COLUMNS FROM `t_task` [ RunTime:0.0080s ]
SQL: SHOW COLUMNS FROM `t_taskmtareaqty` [ RunTime:0.0070s ]
SQL: SELECT * FROM `t_taskmtareaqty` WHERE ( f_taskid=0 )  [ RunTime:0.0070s ]
INFO: [ app_end ] --START--
INFO: Run Behavior\ShowPageTraceBehavior [ RunTime:0.000000s ]
INFO: [ app_end ] --END-- [ RunTime:0.001000s ]

[ 2015-08-27T17:09:37+08:00 ] 127.0.0.1 /wisdom/index.php/Api/Info/conf?command=getPro&taskid=0
INFO: [ app_init ] --START--
INFO: Run Behavior\BuildLiteBehavior [ RunTime:0.000000s ]
INFO: [ app_init ] --END-- [ RunTime:0.000000s ]
INFO: [ app_begin ] --START--
INFO: Run Behavior\ReadHtmlCacheBehavior [ RunTime:0.002000s ]
INFO: [ app_begin ] --END-- [ RunTime:0.015001s ]
SQL: SHOW COLUMNS FROM `t_task` [ RunTime:0.0110s ]
SQL: SHOW COLUMNS FROM `t_taskmtgoodsdetail` [ RunTime:0.0100s ]
SQL: SELECT * FROM `t_taskmtgoodsdetail` WHERE ( f_taskid=0 )  [ RunTime:0.0090s ]
INFO: [ app_end ] --START--
INFO: Run Behavior\ShowPageTraceBehavior [ RunTime:0.000000s ]
INFO: [ app_end ] --END-- [ RunTime:0.001000s ]

[ 2015-08-27T17:09:42+08:00 ] 127.0.0.1 /wisdom/index.php/Api/Info/conf
INFO: [ app_init ] --START--
INFO: Run Behavior\BuildLiteBehavior [ RunTime:0.000000s ]
INFO: [ app_init ] --END-- [ RunTime:0.000000s ]
INFO: [ app_begin ] --START--
INFO: Run Behavior\ReadHtmlCacheBehavior [ RunTime:0.000000s ]
INFO: [ app_begin ] --END-- [ RunTime:0.000000s ]
SQL: SHOW COLUMNS FROM `t_task` [ RunTime:0.0110s ]
SQL: SHOW COLUMNS FROM `t_task` [ RunTime:0.0100s ]
SQL: INSERT INTO `t_task` (`f_creatuserid`,`f_paletid`,`f_companyid`,`f_tasktypeid`,`f_creatdate`,`f_surveno`,`f_title`,`f_fileid`,`f_fileid_ban`,`f_begindate`,`f_enddate`,`f_linkman`,`f_linkphone`,`f_status`,`f_harder`,`f_description`) VALUES ('0',NULL,'63','3','1440666582','144066658233403533','f','2508','2509','2015-08-27','2015-08-29','f','17757128602','2','0','f') [ RunTime:0.0120s ]
SQL: SHOW COLUMNS FROM `t_taskreject` [ RunTime:0.0100s ]
SQL: INSERT INTO `t_taskreject` (`f_rejectuserid`,`f_taskid`,`f_datetime`,`f_reason`) VALUES ('523','624','1440666582','招商任务新增第一步') [ RunTime:0.0100s ]
INFO: [ app_end ] --START--
INFO: Run Behavior\ShowPageTraceBehavior [ RunTime:0.000000s ]
INFO: [ app_end ] --END-- [ RunTime:0.000000s ]

[ 2015-08-27T17:09:45+08:00 ] 127.0.0.1 /wisdom/index.php/Api/Info/conf
INFO: [ app_init ] --START--
INFO: Run Behavior\BuildLiteBehavior [ RunTime:0.000000s ]
INFO: [ app_init ] --END-- [ RunTime:0.000000s ]
INFO: [ app_begin ] --START--
INFO: Run Behavior\ReadHtmlCacheBehavior [ RunTime:0.000000s ]
INFO: [ app_begin ] --END-- [ RunTime:0.000000s ]
SQL: SHOW COLUMNS FROM `t_task` [ RunTime:0.0120s ]
SQL: SHOW COLUMNS FROM `t_taskmtbaseinfo` [ RunTime:0.0110s ]
SQL: SHOW COLUMNS FROM `t_taskreject` [ RunTime:0.0110s ]
SQL: INSERT INTO `t_taskreject` (`f_rejectuserid`,`f_reason`,`f_taskid`,`f_datetime`) VALUES ('523','招商任务新增第二步','624','1440666585') [ RunTime:0.0100s ]
SQL: INSERT INTO `t_taskmtbaseinfo` (`f_taskid`,`f_mtbrand`,`f_mtgoods`,`f_tradeid`,`f_unitfirstAmount`,`f_unitcashdeposit`,`f_unitfranchisefee`,`f_unitotheramount`,`f_unittotalamount`,`f_unitcommission`,`f_unitpreownedgold`) VALUES ('624','yh','h','0','44444444444444','0','0','0','44444444444444','5555555555555.5','11111111111111') [ RunTime:0.3070s ]
INFO: [ app_end ] --START--
INFO: Run Behavior\ShowPageTraceBehavior [ RunTime:0.002000s ]
INFO: [ app_end ] --END-- [ RunTime:0.002000s ]

[ 2015-08-27T17:09:51+08:00 ] 127.0.0.1 /wisdom/index.php/Api/Info/conf
INFO: [ app_init ] --START--
INFO: Run Behavior\BuildLiteBehavior [ RunTime:0.000000s ]
INFO: [ app_init ] --END-- [ RunTime:0.000000s ]
INFO: [ app_begin ] --START--
INFO: Run Behavior\ReadHtmlCacheBehavior [ RunTime:0.000000s ]
INFO: [ app_begin ] --END-- [ RunTime:0.001000s ]
SQL: SHOW COLUMNS FROM `t_task` [ RunTime:0.0110s ]
SQL: SHOW COLUMNS FROM `t_taskmtdetailedinfo` [ RunTime:0.0110s ]
SQL: INSERT INTO `t_taskmtdetailedinfo` (`f_taskid`,`f_brandlocation`,`f_slogan`,`f_sellingpoint`,`f_targetgroup`,`f_distributorsrequir`,`f_retailoutlets`,`f_channelpolicy`,`f_note`) VALUES ('624','4','4','4','4','4','4','4','<p><br/></p><p><strong>标题</strong></p><p><br/><strong><span style=\"font-size:12px;font-family: 宋体;color:red\"></span></strong><strong></strong></p><p><strong><span style=\"font-size:12px;font-family:宋体\">参与说明：&nbsp;</span></strong></p><p><strong><span style=\"font-size:12px;font-family:宋体\"><br/></span></strong></p><p><strong><span style=\"font-size:12px;font-family:宋体;color:red\">招商要求：</span></strong></p><p><strong><span style=\"font-size:12px;font-family:宋体;color:red\">招商区域及数量：</span></strong></p><p><strong><span style=\"font-size:12px;font-family:宋体;color:red\">招商产品：</span></strong></p><p><strong><span style=\"font-size:12px;font-family:宋体;color:red\">招商详情</span></strong></p><p style=\"margin-left:0\"><span style=\"font-size:12px;font-family:宋体;color:red\">经销要求：</span></p><p><span style=\"font-size:12px;font-family:宋体;color:red\">主销网点：</span></p><p><span style=\"font-size:12px;font-family:宋体;color:red\">广宣支持：</span></p><p><span style=\"font-size:12px;font-family:宋体;color:red\">品牌定位：</span></p><p><span style=\"font-size:12px;font-family:宋体;color:red\">品牌广告：</span></p><p><span style=\"font-size:12px;font-family:宋体;color:red\">产品卖点：</span></p><p><span style=\"font-size:12px;font-family:宋体;color:red\">目标消费者：</span><span style=\"font-size:12px;font-family:宋体\"></span></p><p><strong><span style=\"font-size:12px;font-family:宋体;color:red\">品牌介绍：</span></strong></p><p><span style=\"font-size:12px;font-family:宋体\"><br/><span></span><span></span></span></p><p><br/></p>') [ RunTime:0.0120s ]
SQL: SHOW COLUMNS FROM `t_taskreject` [ RunTime:0.0110s ]
SQL: INSERT INTO `t_taskreject` (`f_rejectuserid`,`f_reason`,`f_taskid`,`f_datetime`) VALUES ('523','招商任务新增第四步','624','1440666591') [ RunTime:0.0100s ]
INFO: [ app_end ] --START--
INFO: Run Behavior\ShowPageTraceBehavior [ RunTime:0.002000s ]
INFO: [ app_end ] --END-- [ RunTime:0.002000s ]

[ 2015-08-27T17:10:01+08:00 ] 127.0.0.1 /wisdom/index.php/Api/Info/conf?command=getArea&taskid=0
INFO: [ app_init ] --START--
INFO: Run Behavior\BuildLiteBehavior [ RunTime:0.000000s ]
INFO: [ app_init ] --END-- [ RunTime:0.000000s ]
INFO: [ app_begin ] --START--
INFO: Run Behavior\ReadHtmlCacheBehavior [ RunTime:0.001000s ]
INFO: [ app_begin ] --END-- [ RunTime:0.001000s ]
SQL: SHOW COLUMNS FROM `t_task` [ RunTime:0.0080s ]
SQL: SHOW COLUMNS FROM `t_taskmtareaqty` [ RunTime:0.0070s ]
SQL: SELECT * FROM `t_taskmtareaqty` WHERE ( f_taskid=0 )  [ RunTime:0.0070s ]
INFO: [ app_end ] --START--
INFO: Run Behavior\ShowPageTraceBehavior [ RunTime:0.001000s ]
INFO: [ app_end ] --END-- [ RunTime:0.001000s ]

[ 2015-08-27T17:10:01+08:00 ] 127.0.0.1 /wisdom/index.php/Api/Info/conf?command=getPro&taskid=0
INFO: [ app_init ] --START--
INFO: Run Behavior\BuildLiteBehavior [ RunTime:0.000000s ]
INFO: [ app_init ] --END-- [ RunTime:0.001000s ]
INFO: [ app_begin ] --START--
INFO: Run Behavior\ReadHtmlCacheBehavior [ RunTime:0.001000s ]
INFO: [ app_begin ] --END-- [ RunTime:0.001000s ]
SQL: SHOW COLUMNS FROM `t_task` [ RunTime:0.0040s ]
SQL: SHOW COLUMNS FROM `t_taskmtgoodsdetail` [ RunTime:0.0040s ]
SQL: SELECT * FROM `t_taskmtgoodsdetail` WHERE ( f_taskid=0 )  [ RunTime:0.0040s ]
INFO: [ app_end ] --START--
INFO: Run Behavior\ShowPageTraceBehavior [ RunTime:0.001000s ]
INFO: [ app_end ] --END-- [ RunTime:0.001000s ]

[ 2015-08-27T17:12:06+08:00 ] 127.0.0.1 /wisdom/index.php/Api/Info/conf
INFO: [ app_init ] --START--
INFO: Run Behavior\BuildLiteBehavior [ RunTime:0.000000s ]
INFO: [ app_init ] --END-- [ RunTime:0.000000s ]
INFO: [ app_begin ] --START--
INFO: Run Behavior\ReadHtmlCacheBehavior [ RunTime:0.000000s ]
INFO: [ app_begin ] --END-- [ RunTime:0.000000s ]
SQL: SHOW COLUMNS FROM `t_task` [ RunTime:0.0120s ]
SQL: SHOW COLUMNS FROM `t_task` [ RunTime:0.0150s ]
SQL: INSERT INTO `t_task` (`f_creatuserid`,`f_paletid`,`f_companyid`,`f_tasktypeid`,`f_creatdate`,`f_surveno`,`f_title`,`f_fileid`,`f_fileid_ban`,`f_begindate`,`f_enddate`,`f_linkman`,`f_linkphone`,`f_status`,`f_harder`,`f_description`) VALUES ('0',NULL,'63','3','1440666726','144066672632141479','f','2508','2509','2015-08-27','2015-08-29','f','17757128602','2','0','f') [ RunTime:0.0090s ]
SQL: SHOW COLUMNS FROM `t_taskreject` [ RunTime:0.0140s ]
SQL: INSERT INTO `t_taskreject` (`f_rejectuserid`,`f_taskid`,`f_datetime`,`f_reason`) VALUES ('523','625','1440666726','招商任务新增第一步') [ RunTime:0.0090s ]
INFO: [ app_end ] --START--
INFO: Run Behavior\ShowPageTraceBehavior [ RunTime:0.000000s ]
INFO: [ app_end ] --END-- [ RunTime:0.000000s ]

[ 2015-08-27T17:12:08+08:00 ] 127.0.0.1 /wisdom/index.php/Api/Info/conf
INFO: [ app_init ] --START--
INFO: Run Behavior\BuildLiteBehavior [ RunTime:0.000000s ]
INFO: [ app_init ] --END-- [ RunTime:0.001000s ]
INFO: [ app_begin ] --START--
INFO: Run Behavior\ReadHtmlCacheBehavior [ RunTime:0.001000s ]
INFO: [ app_begin ] --END-- [ RunTime:0.001000s ]
SQL: SHOW COLUMNS FROM `t_task` [ RunTime:0.0090s ]
SQL: SHOW COLUMNS FROM `t_taskmtbaseinfo` [ RunTime:0.0080s ]
SQL: SHOW COLUMNS FROM `t_taskreject` [ RunTime:0.0080s ]
SQL: INSERT INTO `t_taskreject` (`f_rejectuserid`,`f_reason`,`f_taskid`,`f_datetime`) VALUES ('523','招商任务新增第二步','625','1440666728') [ RunTime:0.0070s ]
SQL: INSERT INTO `t_taskmtbaseinfo` (`f_taskid`,`f_mtbrand`,`f_mtgoods`,`f_tradeid`,`f_unitfirstAmount`,`f_unitcashdeposit`,`f_unitfranchisefee`,`f_unitotheramount`,`f_unittotalamount`,`f_unitcommission`,`f_unitpreownedgold`) VALUES ('625','yh','h','0','44444444444444','0','0','0','44444444444444','5555555555555.5','11111111111111') [ RunTime:0.0070s ]
INFO: [ app_end ] --START--
INFO: Run Behavior\ShowPageTraceBehavior [ RunTime:0.000000s ]
INFO: [ app_end ] --END-- [ RunTime:0.000000s ]

[ 2015-08-27T17:20:28+08:00 ] 127.0.0.1 /wisdom/index.php/Api/Info/conf?command=getArea&taskid=0
INFO: [ app_init ] --START--
INFO: Run Behavior\BuildLiteBehavior [ RunTime:0.001000s ]
INFO: [ app_init ] --END-- [ RunTime:0.005001s ]
INFO: [ app_begin ] --START--
INFO: Run Behavior\ReadHtmlCacheBehavior [ RunTime:0.001000s ]
INFO: [ app_begin ] --END-- [ RunTime:0.001000s ]
SQL: SHOW COLUMNS FROM `t_task` [ RunTime:0.0110s ]
SQL: SHOW COLUMNS FROM `t_taskmtareaqty` [ RunTime:0.0100s ]
SQL: SELECT * FROM `t_taskmtareaqty` WHERE ( f_taskid=0 )  [ RunTime:0.0100s ]
INFO: [ app_end ] --START--
INFO: Run Behavior\ShowPageTraceBehavior [ RunTime:0.000000s ]
INFO: [ app_end ] --END-- [ RunTime:0.000000s ]

[ 2015-08-27T17:20:28+08:00 ] 127.0.0.1 /wisdom/index.php/Api/Info/conf?command=getPro&taskid=0
INFO: [ app_init ] --START--
INFO: Run Behavior\BuildLiteBehavior [ RunTime:0.000000s ]
INFO: [ app_init ] --END-- [ RunTime:0.001000s ]
INFO: [ app_begin ] --START--
INFO: Run Behavior\ReadHtmlCacheBehavior [ RunTime:0.001000s ]
INFO: [ app_begin ] --END-- [ RunTime:0.001000s ]
SQL: SHOW COLUMNS FROM `t_task` [ RunTime:0.0100s ]
SQL: SHOW COLUMNS FROM `t_taskmtgoodsdetail` [ RunTime:0.0090s ]
SQL: SELECT * FROM `t_taskmtgoodsdetail` WHERE ( f_taskid=0 )  [ RunTime:0.0080s ]
INFO: [ app_end ] --START--
INFO: Run Behavior\ShowPageTraceBehavior [ RunTime:0.000000s ]
INFO: [ app_end ] --END-- [ RunTime:0.001000s ]

[ 2015-08-27T17:20:34+08:00 ] 127.0.0.1 /wisdom/index.php/Api/Info/conf
INFO: [ app_init ] --START--
INFO: Run Behavior\BuildLiteBehavior [ RunTime:0.000000s ]
INFO: [ app_init ] --END-- [ RunTime:0.000000s ]
INFO: [ app_begin ] --START--
INFO: Run Behavior\ReadHtmlCacheBehavior [ RunTime:0.001000s ]
INFO: [ app_begin ] --END-- [ RunTime:0.001000s ]
SQL: SHOW COLUMNS FROM `t_task` [ RunTime:0.0110s ]
SQL: SHOW COLUMNS FROM `t_task` [ RunTime:0.0070s ]
SQL: INSERT INTO `t_task` (`f_creatuserid`,`f_paletid`,`f_companyid`,`f_tasktypeid`,`f_creatdate`,`f_surveno`,`f_title`,`f_fileid`,`f_fileid_ban`,`f_begindate`,`f_enddate`,`f_linkman`,`f_linkphone`,`f_status`,`f_harder`,`f_description`) VALUES ('0',NULL,'63','3','1440667234','144066723434567535','f','2508','2509','2015-08-27','2015-08-29','f','17757128602','2','0','f') [ RunTime:0.0070s ]
SQL: SHOW COLUMNS FROM `t_taskreject` [ RunTime:0.0080s ]
SQL: INSERT INTO `t_taskreject` (`f_rejectuserid`,`f_taskid`,`f_datetime`,`f_reason`) VALUES ('523','629','1440667234','招商任务新增第一步') [ RunTime:0.0070s ]
INFO: [ app_end ] --START--
INFO: Run Behavior\ShowPageTraceBehavior [ RunTime:0.001000s ]
INFO: [ app_end ] --END-- [ RunTime:0.001000s ]

[ 2015-08-27T17:20:37+08:00 ] 127.0.0.1 /wisdom/index.php/Api/Info/conf
INFO: [ app_init ] --START--
INFO: Run Behavior\BuildLiteBehavior [ RunTime:0.000000s ]
INFO: [ app_init ] --END-- [ RunTime:0.000000s ]
INFO: [ app_begin ] --START--
INFO: Run Behavior\ReadHtmlCacheBehavior [ RunTime:0.000000s ]
INFO: [ app_begin ] --END-- [ RunTime:0.001000s ]
SQL: SHOW COLUMNS FROM `t_task` [ RunTime:0.0110s ]
SQL: SHOW COLUMNS FROM `t_taskmtbaseinfo` [ RunTime:0.0100s ]
SQL: SHOW COLUMNS FROM `t_taskreject` [ RunTime:0.0100s ]
SQL: INSERT INTO `t_taskreject` (`f_rejectuserid`,`f_reason`,`f_taskid`,`f_datetime`) VALUES ('523','招商任务新增第二步','629','1440667237') [ RunTime:0.0100s ]
SQL: INSERT INTO `t_taskmtbaseinfo` (`f_taskid`,`f_mtbrand`,`f_mtgoods`,`f_tradeid`,`f_unitfirstAmount`,`f_unitcashdeposit`,`f_unitfranchisefee`,`f_unitotheramount`,`f_unittotalamount`,`f_unitcommission`,`f_unitpreownedgold`) VALUES ('629','yh','h','0','44444444444444','0','0','0','44444444444444','5555555555555.5','11111111111111') [ RunTime:0.3180s ]
INFO: [ app_end ] --START--
INFO: Run Behavior\ShowPageTraceBehavior [ RunTime:0.001000s ]
INFO: [ app_end ] --END-- [ RunTime:0.001000s ]

[ 2015-08-27T17:23:29+08:00 ] 127.0.0.1 /wisdom/index.php/Api/Info/conf?command=getArea&taskid=0
INFO: [ app_init ] --START--
INFO: Run Behavior\BuildLiteBehavior [ RunTime:0.000000s ]
INFO: [ app_init ] --END-- [ RunTime:0.000000s ]
INFO: [ app_begin ] --START--
INFO: Run Behavior\ReadHtmlCacheBehavior [ RunTime:0.001000s ]
INFO: [ app_begin ] --END-- [ RunTime:0.001000s ]
SQL: SHOW COLUMNS FROM `t_task` [ RunTime:0.0100s ]
SQL: SHOW COLUMNS FROM `t_taskmtareaqty` [ RunTime:0.0080s ]
SQL: SELECT * FROM `t_taskmtareaqty` WHERE ( f_taskid=0 )  [ RunTime:0.0070s ]
INFO: [ app_end ] --START--
INFO: Run Behavior\ShowPageTraceBehavior [ RunTime:0.001001s ]
INFO: [ app_end ] --END-- [ RunTime:0.001001s ]

[ 2015-08-27T17:23:29+08:00 ] 127.0.0.1 /wisdom/index.php/Api/Info/conf?command=getPro&taskid=0
INFO: [ app_init ] --START--
INFO: Run Behavior\BuildLiteBehavior [ RunTime:0.000000s ]
INFO: [ app_init ] --END-- [ RunTime:0.001000s ]
INFO: [ app_begin ] --START--
INFO: Run Behavior\ReadHtmlCacheBehavior [ RunTime:0.000000s ]
INFO: [ app_begin ] --END-- [ RunTime:0.000000s ]
SQL: SHOW COLUMNS FROM `t_task` [ RunTime:0.0040s ]
SQL: SHOW COLUMNS FROM `t_taskmtgoodsdetail` [ RunTime:0.0040s ]
SQL: SELECT * FROM `t_taskmtgoodsdetail` WHERE ( f_taskid=0 )  [ RunTime:0.0040s ]
INFO: [ app_end ] --START--
INFO: Run Behavior\ShowPageTraceBehavior [ RunTime:0.001000s ]
INFO: [ app_end ] --END-- [ RunTime:0.001000s ]

[ 2015-08-27T17:23:32+08:00 ] 127.0.0.1 /wisdom/index.php/Api/Info/conf
INFO: [ app_init ] --START--
INFO: Run Behavior\BuildLiteBehavior [ RunTime:0.000000s ]
INFO: [ app_init ] --END-- [ RunTime:0.001000s ]
INFO: [ app_begin ] --START--
INFO: Run Behavior\ReadHtmlCacheBehavior [ RunTime:0.000000s ]
INFO: [ app_begin ] --END-- [ RunTime:0.000000s ]
SQL: SHOW COLUMNS FROM `t_task` [ RunTime:0.0110s ]
SQL: SHOW COLUMNS FROM `t_task` [ RunTime:0.0120s ]
SQL: INSERT INTO `t_task` (`f_creatuserid`,`f_paletid`,`f_companyid`,`f_tasktypeid`,`f_creatdate`,`f_surveno`,`f_title`,`f_fileid`,`f_fileid_ban`,`f_begindate`,`f_enddate`,`f_linkman`,`f_linkphone`,`f_status`,`f_harder`,`f_description`) VALUES ('0',NULL,'63','3','1440667412','144066741237798889','f','2508','2509','2015-08-27','2015-08-29','f','17757128602','2','0','f') [ RunTime:0.0110s ]
SQL: SHOW COLUMNS FROM `t_taskreject` [ RunTime:0.0110s ]
SQL: INSERT INTO `t_taskreject` (`f_rejectuserid`,`f_taskid`,`f_datetime`,`f_reason`) VALUES ('523','630','1440667412','招商任务新增第一步') [ RunTime:0.0100s ]
INFO: [ app_end ] --START--
INFO: Run Behavior\ShowPageTraceBehavior [ RunTime:0.001000s ]
INFO: [ app_end ] --END-- [ RunTime:0.001000s ]

[ 2015-08-27T17:23:35+08:00 ] 127.0.0.1 /wisdom/index.php/Api/Info/conf
INFO: [ app_init ] --START--
INFO: Run Behavior\BuildLiteBehavior [ RunTime:0.000000s ]
INFO: [ app_init ] --END-- [ RunTime:0.000000s ]
INFO: [ app_begin ] --START--
INFO: Run Behavior\ReadHtmlCacheBehavior [ RunTime:0.001000s ]
INFO: [ app_begin ] --END-- [ RunTime:0.001000s ]
SQL: SHOW COLUMNS FROM `t_task` [ RunTime:0.0070s ]
SQL: SHOW COLUMNS FROM `t_taskmtbaseinfo` [ RunTime:0.0070s ]
SQL: SHOW COLUMNS FROM `t_taskreject` [ RunTime:0.0080s ]
SQL: INSERT INTO `t_taskreject` (`f_rejectuserid`,`f_reason`,`f_taskid`,`f_datetime`) VALUES ('523','招商任务新增第二步','630','1440667415') [ RunTime:0.0070s ]
SQL: INSERT INTO `t_taskmtbaseinfo` (`f_taskid`,`f_mtbrand`,`f_mtgoods`,`f_tradeid`,`f_unitfirstAmount`,`f_unitcashdeposit`,`f_unitfranchisefee`,`f_unitotheramount`,`f_unittotalamount`,`f_unitcommission`,`f_unitpreownedgold`) VALUES ('630','yh','h','0','44444444444444','0','0','0','44444444444444','5555555555555.5','11111111111111') [ RunTime:0.0060s ]
INFO: [ app_end ] --START--
INFO: Run Behavior\ShowPageTraceBehavior [ RunTime:0.001000s ]
INFO: [ app_end ] --END-- [ RunTime:0.001000s ]

[ 2015-08-27T17:25:55+08:00 ] 127.0.0.1 /wisdom/index.php/Api/Info/conf?command=getArea&taskid=0
INFO: [ app_init ] --START--
INFO: Run Behavior\BuildLiteBehavior [ RunTime:0.000000s ]
INFO: [ app_init ] --END-- [ RunTime:0.000000s ]
INFO: [ app_begin ] --START--
INFO: Run Behavior\ReadHtmlCacheBehavior [ RunTime:0.000000s ]
INFO: [ app_begin ] --END-- [ RunTime:0.000000s ]
SQL: SHOW COLUMNS FROM `t_task` [ RunTime:0.0200s ]
SQL: SHOW COLUMNS FROM `t_taskmtareaqty` [ RunTime:0.0100s ]
SQL: SELECT * FROM `t_taskmtareaqty` WHERE ( f_taskid=0 )  [ RunTime:0.0100s ]
INFO: [ app_end ] --START--
INFO: Run Behavior\ShowPageTraceBehavior [ RunTime:0.000000s ]
INFO: [ app_end ] --END-- [ RunTime:0.000000s ]

[ 2015-08-27T17:25:55+08:00 ] 127.0.0.1 /wisdom/index.php/Api/Info/conf?command=getPro&taskid=0
INFO: [ app_init ] --START--
INFO: Run Behavior\BuildLiteBehavior [ RunTime:0.000000s ]
INFO: [ app_init ] --END-- [ RunTime:0.000000s ]
INFO: [ app_begin ] --START--
INFO: Run Behavior\ReadHtmlCacheBehavior [ RunTime:0.001000s ]
INFO: [ app_begin ] --END-- [ RunTime:0.001000s ]
SQL: SHOW COLUMNS FROM `t_task` [ RunTime:0.0100s ]
SQL: SHOW COLUMNS FROM `t_taskmtgoodsdetail` [ RunTime:0.0100s ]
SQL: SELECT * FROM `t_taskmtgoodsdetail` WHERE ( f_taskid=0 )  [ RunTime:0.0100s ]
INFO: [ app_end ] --START--
INFO: Run Behavior\ShowPageTraceBehavior [ RunTime:0.001000s ]
INFO: [ app_end ] --END-- [ RunTime:0.001000s ]

[ 2015-08-27T17:25:56+08:00 ] 127.0.0.1 /wisdom/index.php/Api/Info/conf
INFO: [ app_init ] --START--
INFO: Run Behavior\BuildLiteBehavior [ RunTime:0.000000s ]
INFO: [ app_init ] --END-- [ RunTime:0.000000s ]
INFO: [ app_begin ] --START--
INFO: Run Behavior\ReadHtmlCacheBehavior [ RunTime:0.000000s ]
INFO: [ app_begin ] --END-- [ RunTime:0.000000s ]
SQL: SHOW COLUMNS FROM `t_task` [ RunTime:0.0110s ]
SQL: SHOW COLUMNS FROM `t_task` [ RunTime:0.0120s ]
SQL: INSERT INTO `t_task` (`f_creatuserid`,`f_paletid`,`f_companyid`,`f_tasktypeid`,`f_creatdate`,`f_surveno`,`f_title`,`f_fileid`,`f_fileid_ban`,`f_begindate`,`f_enddate`,`f_linkman`,`f_linkphone`,`f_status`,`f_harder`,`f_description`) VALUES ('0',NULL,'63','3','1440667556','144066755634545013','f','2508','2509','2015-08-27','2015-08-29','f','17757128602','2','0','f') [ RunTime:0.0090s ]
SQL: SHOW COLUMNS FROM `t_taskreject` [ RunTime:0.0100s ]
SQL: INSERT INTO `t_taskreject` (`f_rejectuserid`,`f_taskid`,`f_datetime`,`f_reason`) VALUES ('523','631','1440667556','招商任务新增第一步') [ RunTime:0.0100s ]
INFO: [ app_end ] --START--
INFO: Run Behavior\ShowPageTraceBehavior [ RunTime:0.002000s ]
INFO: [ app_end ] --END-- [ RunTime:0.002000s ]

[ 2015-08-27T17:25:58+08:00 ] 127.0.0.1 /wisdom/index.php/Api/Info/conf
INFO: [ app_init ] --START--
INFO: Run Behavior\BuildLiteBehavior [ RunTime:0.001000s ]
INFO: [ app_init ] --END-- [ RunTime:0.001000s ]
INFO: [ app_begin ] --START--
INFO: Run Behavior\ReadHtmlCacheBehavior [ RunTime:0.000000s ]
INFO: [ app_begin ] --END-- [ RunTime:0.000000s ]
SQL: SHOW COLUMNS FROM `t_task` [ RunTime:0.0080s ]
SQL: SHOW COLUMNS FROM `t_taskmtbaseinfo` [ RunTime:0.0040s ]
SQL: SHOW COLUMNS FROM `t_taskreject` [ RunTime:0.0050s ]
SQL: INSERT INTO `t_taskreject` (`f_rejectuserid`,`f_reason`,`f_taskid`,`f_datetime`) VALUES ('523','招商任务新增第二步','631','1440667557') [ RunTime:0.0040s ]
SQL: INSERT INTO `t_taskmtbaseinfo` (`f_taskid`,`f_mtbrand`,`f_mtgoods`,`f_tradeid`,`f_unitfirstAmount`,`f_unitcashdeposit`,`f_unitfranchisefee`,`f_unitotheramount`,`f_unittotalamount`,`f_unitcommission`,`f_unitpreownedgold`) VALUES ('631','yh','h','0','44444444444444','0','0','0','44444444444444','5555555555555.5','11111111111111') [ RunTime:0.0030s ]
INFO: [ app_end ] --START--
INFO: Run Behavior\ShowPageTraceBehavior [ RunTime:0.001000s ]
INFO: [ app_end ] --END-- [ RunTime:0.001000s ]

[ 2015-08-27T17:28:40+08:00 ] 127.0.0.1 /wisdom/index.php/Api/Info/conf?command=getPro&taskid=0
INFO: [ app_init ] --START--
INFO: Run Behavior\BuildLiteBehavior [ RunTime:0.000000s ]
INFO: [ app_init ] --END-- [ RunTime:0.000000s ]
INFO: [ app_begin ] --START--
INFO: Run Behavior\ReadHtmlCacheBehavior [ RunTime:0.000000s ]
INFO: [ app_begin ] --END-- [ RunTime:0.000000s ]
SQL: SHOW COLUMNS FROM `t_task` [ RunTime:0.0110s ]
SQL: SHOW COLUMNS FROM `t_taskmtgoodsdetail` [ RunTime:0.0110s ]
SQL: SELECT * FROM `t_taskmtgoodsdetail` WHERE ( f_taskid=0 )  [ RunTime:0.0100s ]
INFO: [ app_end ] --START--
INFO: Run Behavior\ShowPageTraceBehavior [ RunTime:0.001000s ]
INFO: [ app_end ] --END-- [ RunTime:0.001000s ]

[ 2015-08-27T17:28:40+08:00 ] 127.0.0.1 /wisdom/index.php/Api/Info/conf?command=getArea&taskid=0
INFO: [ app_init ] --START--
INFO: Run Behavior\BuildLiteBehavior [ RunTime:0.000000s ]
INFO: [ app_init ] --END-- [ RunTime:0.001000s ]
INFO: [ app_begin ] --START--
INFO: Run Behavior\ReadHtmlCacheBehavior [ RunTime:0.001000s ]
INFO: [ app_begin ] --END-- [ RunTime:0.001000s ]
SQL: SHOW COLUMNS FROM `t_task` [ RunTime:0.0050s ]
SQL: SHOW COLUMNS FROM `t_taskmtareaqty` [ RunTime:0.0040s ]
SQL: SELECT * FROM `t_taskmtareaqty` WHERE ( f_taskid=0 )  [ RunTime:0.0030s ]
INFO: [ app_end ] --START--
INFO: Run Behavior\ShowPageTraceBehavior [ RunTime:0.000000s ]
INFO: [ app_end ] --END-- [ RunTime:0.000000s ]

[ 2015-08-27T17:28:44+08:00 ] 127.0.0.1 /wisdom/index.php/Api/Info/conf
INFO: [ app_init ] --START--
INFO: Run Behavior\BuildLiteBehavior [ RunTime:0.000000s ]
INFO: [ app_init ] --END-- [ RunTime:0.000000s ]
INFO: [ app_begin ] --START--
INFO: Run Behavior\ReadHtmlCacheBehavior [ RunTime:0.001000s ]
INFO: [ app_begin ] --END-- [ RunTime:0.001000s ]
SQL: SHOW COLUMNS FROM `t_task` [ RunTime:0.0040s ]
SQL: SHOW COLUMNS FROM `t_task` [ RunTime:0.0050s ]
SQL: INSERT INTO `t_task` (`f_creatuserid`,`f_paletid`,`f_companyid`,`f_tasktypeid`,`f_creatdate`,`f_surveno`,`f_title`,`f_fileid`,`f_fileid_ban`,`f_begindate`,`f_enddate`,`f_linkman`,`f_linkphone`,`f_status`,`f_harder`,`f_description`) VALUES ('0',NULL,'63','3','1440667724','144066772435625244','f','2508','2509','2015-08-27','2015-08-29','f','17757128602','2','0','f') [ RunTime:0.0030s ]
SQL: SHOW COLUMNS FROM `t_taskreject` [ RunTime:0.0040s ]
SQL: INSERT INTO `t_taskreject` (`f_rejectuserid`,`f_taskid`,`f_datetime`,`f_reason`) VALUES ('523','632','1440667724','招商任务新增第一步') [ RunTime:0.0030s ]
INFO: [ app_end ] --START--
INFO: Run Behavior\ShowPageTraceBehavior [ RunTime:0.001000s ]
INFO: [ app_end ] --END-- [ RunTime:0.001000s ]

[ 2015-08-27T17:28:45+08:00 ] 127.0.0.1 /wisdom/index.php/Api/Info/conf
INFO: [ app_init ] --START--
INFO: Run Behavior\BuildLiteBehavior [ RunTime:0.000000s ]
INFO: [ app_init ] --END-- [ RunTime:0.000000s ]
INFO: [ app_begin ] --START--
INFO: Run Behavior\ReadHtmlCacheBehavior [ RunTime:0.000000s ]
INFO: [ app_begin ] --END-- [ RunTime:0.000000s ]
SQL: SHOW COLUMNS FROM `t_task` [ RunTime:0.0210s ]
SQL: SHOW COLUMNS FROM `t_taskmtbaseinfo` [ RunTime:0.0080s ]
SQL: SHOW COLUMNS FROM `t_taskreject` [ RunTime:0.0080s ]
SQL: INSERT INTO `t_taskreject` (`f_rejectuserid`,`f_reason`,`f_taskid`,`f_datetime`) VALUES ('523','招商任务新增第二步','632','1440667725') [ RunTime:0.0080s ]
SQL: INSERT INTO `t_taskmtbaseinfo` (`f_taskid`,`f_mtbrand`,`f_mtgoods`,`f_tradeid`,`f_unitfirstAmount`,`f_unitcashdeposit`,`f_unitfranchisefee`,`f_unitotheramount`,`f_unittotalamount`,`f_unitcommission`,`f_unitpreownedgold`) VALUES ('632','yh','h','0','44444444444444','0','0','0','44444444444444','5555555555555.5','11111111111111') [ RunTime:0.0080s ]
INFO: [ app_end ] --START--
INFO: Run Behavior\ShowPageTraceBehavior [ RunTime:0.001000s ]
INFO: [ app_end ] --END-- [ RunTime:0.001000s ]

[ 2015-08-27T17:34:42+08:00 ] 127.0.0.1 /wisdom/index.php/Api/Info/conf?command=getArea&taskid=0
INFO: [ app_init ] --START--
INFO: Run Behavior\BuildLiteBehavior [ RunTime:0.000000s ]
INFO: [ app_init ] --END-- [ RunTime:0.001000s ]
INFO: [ app_begin ] --START--
INFO: Run Behavior\ReadHtmlCacheBehavior [ RunTime:0.001000s ]
INFO: [ app_begin ] --END-- [ RunTime:0.001000s ]
SQL: SHOW COLUMNS FROM `t_task` [ RunTime:0.0120s ]
SQL: SHOW COLUMNS FROM `t_taskmtareaqty` [ RunTime:0.0090s ]
SQL: SELECT * FROM `t_taskmtareaqty` WHERE ( f_taskid=0 )  [ RunTime:0.0090s ]
INFO: [ app_end ] --START--
INFO: Run Behavior\ShowPageTraceBehavior [ RunTime:0.000000s ]
INFO: [ app_end ] --END-- [ RunTime:0.000000s ]

[ 2015-08-27T17:34:42+08:00 ] 127.0.0.1 /wisdom/index.php/Api/Info/conf?command=getPro&taskid=0
INFO: [ app_init ] --START--
INFO: Run Behavior\BuildLiteBehavior [ RunTime:0.000000s ]
INFO: [ app_init ] --END-- [ RunTime:0.001000s ]
INFO: [ app_begin ] --START--
INFO: Run Behavior\ReadHtmlCacheBehavior [ RunTime:0.001000s ]
INFO: [ app_begin ] --END-- [ RunTime:0.001000s ]
SQL: SHOW COLUMNS FROM `t_task` [ RunTime:0.0100s ]
SQL: SHOW COLUMNS FROM `t_taskmtgoodsdetail` [ RunTime:0.0100s ]
SQL: SELECT * FROM `t_taskmtgoodsdetail` WHERE ( f_taskid=0 )  [ RunTime:0.0090s ]
INFO: [ app_end ] --START--
INFO: Run Behavior\ShowPageTraceBehavior [ RunTime:0.000000s ]
INFO: [ app_end ] --END-- [ RunTime:0.000000s ]

[ 2015-08-27T17:34:50+08:00 ] 127.0.0.1 /wisdom/index.php/Api/Info/conf
INFO: [ app_init ] --START--
INFO: Run Behavior\BuildLiteBehavior [ RunTime:0.000000s ]
INFO: [ app_init ] --END-- [ RunTime:0.000000s ]
INFO: [ app_begin ] --START--
INFO: Run Behavior\ReadHtmlCacheBehavior [ RunTime:0.001000s ]
INFO: [ app_begin ] --END-- [ RunTime:0.001000s ]
SQL: SHOW COLUMNS FROM `t_task` [ RunTime:0.0050s ]
SQL: SHOW COLUMNS FROM `t_task` [ RunTime:0.0040s ]
SQL: INSERT INTO `t_task` (`f_creatuserid`,`f_paletid`,`f_companyid`,`f_tasktypeid`,`f_creatdate`,`f_surveno`,`f_title`,`f_fileid`,`f_fileid_ban`,`f_begindate`,`f_enddate`,`f_linkman`,`f_linkphone`,`f_status`,`f_harder`,`f_description`) VALUES ('0',NULL,'63','3','1440668090','144066809033417266','f','2508','2509','2015-08-27','2015-08-29','f','17757128602','2','0','f') [ RunTime:0.0040s ]
SQL: SHOW COLUMNS FROM `t_taskreject` [ RunTime:0.0040s ]
SQL: INSERT INTO `t_taskreject` (`f_rejectuserid`,`f_taskid`,`f_datetime`,`f_reason`) VALUES ('523','633','1440668090','招商任务新增第一步') [ RunTime:0.0050s ]
INFO: [ app_end ] --START--
INFO: Run Behavior\ShowPageTraceBehavior [ RunTime:0.000000s ]
INFO: [ app_end ] --END-- [ RunTime:0.001000s ]

[ 2015-08-27T17:34:51+08:00 ] 127.0.0.1 /wisdom/index.php/Api/Info/conf
INFO: [ app_init ] --START--
INFO: Run Behavior\BuildLiteBehavior [ RunTime:0.000000s ]
INFO: [ app_init ] --END-- [ RunTime:0.000000s ]
INFO: [ app_begin ] --START--
INFO: Run Behavior\ReadHtmlCacheBehavior [ RunTime:0.000000s ]
INFO: [ app_begin ] --END-- [ RunTime:0.000000s ]
SQL: SHOW COLUMNS FROM `t_task` [ RunTime:0.0060s ]
SQL: SHOW COLUMNS FROM `t_taskmtbaseinfo` [ RunTime:0.0040s ]
SQL: SHOW COLUMNS FROM `t_taskreject` [ RunTime:0.0040s ]
SQL: INSERT INTO `t_taskreject` (`f_rejectuserid`,`f_reason`,`f_taskid`,`f_datetime`) VALUES ('523','招商任务新增第二步','633','1440668091') [ RunTime:0.0030s ]
SQL: INSERT INTO `t_taskmtbaseinfo` (`f_taskid`,`f_mtbrand`,`f_mtgoods`,`f_tradeid`,`f_unitfirstAmount`,`f_unitcashdeposit`,`f_unitfranchisefee`,`f_unitotheramount`,`f_unittotalamount`,`f_unitcommission`,`f_unitpreownedgold`) VALUES ('633','yh','h','0','44444444444444','0','0','0','44444444444444','5555555555555.5','11111111111111') [ RunTime:0.0040s ]
INFO: [ app_end ] --START--
INFO: Run Behavior\ShowPageTraceBehavior [ RunTime:0.000000s ]
INFO: [ app_end ] --END-- [ RunTime:0.000000s ]

[ 2015-08-27T17:36:14+08:00 ] 127.0.0.1 /wisdom/index.php/Api/Info/conf?command=getArea&taskid=0
INFO: [ app_init ] --START--
INFO: Run Behavior\BuildLiteBehavior [ RunTime:0.000000s ]
INFO: [ app_init ] --END-- [ RunTime:0.000000s ]
INFO: [ app_begin ] --START--
INFO: Run Behavior\ReadHtmlCacheBehavior [ RunTime:0.001000s ]
INFO: [ app_begin ] --END-- [ RunTime:0.001000s ]
SQL: SHOW COLUMNS FROM `t_task` [ RunTime:0.0120s ]
SQL: SHOW COLUMNS FROM `t_taskmtareaqty` [ RunTime:0.0100s ]
SQL: SELECT * FROM `t_taskmtareaqty` WHERE ( f_taskid=0 )  [ RunTime:0.0100s ]
INFO: [ app_end ] --START--
INFO: Run Behavior\ShowPageTraceBehavior [ RunTime:0.001000s ]
INFO: [ app_end ] --END-- [ RunTime:0.001000s ]

[ 2015-08-27T17:36:14+08:00 ] 127.0.0.1 /wisdom/index.php/Api/Info/conf?command=getPro&taskid=0
INFO: [ app_init ] --START--
INFO: Run Behavior\BuildLiteBehavior [ RunTime:0.000000s ]
INFO: [ app_init ] --END-- [ RunTime:0.000000s ]
INFO: [ app_begin ] --START--
INFO: Run Behavior\ReadHtmlCacheBehavior [ RunTime:0.001000s ]
INFO: [ app_begin ] --END-- [ RunTime:0.001000s ]
SQL: SHOW COLUMNS FROM `t_task` [ RunTime:0.0050s ]
SQL: SHOW COLUMNS FROM `t_taskmtgoodsdetail` [ RunTime:0.0040s ]
SQL: SELECT * FROM `t_taskmtgoodsdetail` WHERE ( f_taskid=0 )  [ RunTime:0.0030s ]
INFO: [ app_end ] --START--
INFO: Run Behavior\ShowPageTraceBehavior [ RunTime:0.001000s ]
INFO: [ app_end ] --END-- [ RunTime:0.001000s ]

[ 2015-08-27T17:36:17+08:00 ] 127.0.0.1 /wisdom/index.php/Api/Info/conf
INFO: [ app_init ] --START--
INFO: Run Behavior\BuildLiteBehavior [ RunTime:0.000000s ]
INFO: [ app_init ] --END-- [ RunTime:0.000000s ]
INFO: [ app_begin ] --START--
INFO: Run Behavior\ReadHtmlCacheBehavior [ RunTime:0.000000s ]
INFO: [ app_begin ] --END-- [ RunTime:0.001000s ]
SQL: SHOW COLUMNS FROM `t_task` [ RunTime:0.0120s ]
SQL: SHOW COLUMNS FROM `t_task` [ RunTime:0.0110s ]
SQL: INSERT INTO `t_task` (`f_creatuserid`,`f_paletid`,`f_companyid`,`f_tasktypeid`,`f_creatdate`,`f_surveno`,`f_title`,`f_fileid`,`f_fileid_ban`,`f_begindate`,`f_enddate`,`f_linkman`,`f_linkphone`,`f_status`,`f_harder`,`f_description`) VALUES ('0',NULL,'63','3','1440668176','144066817637857116','f','2508','2509','2015-08-27','2015-08-29','f','17757128602','2','0','f') [ RunTime:0.0100s ]
SQL: SHOW COLUMNS FROM `t_taskreject` [ RunTime:0.0100s ]
SQL: INSERT INTO `t_taskreject` (`f_rejectuserid`,`f_taskid`,`f_datetime`,`f_reason`) VALUES ('523','634','1440668176','招商任务新增第一步') [ RunTime:0.0100s ]
INFO: [ app_end ] --START--
INFO: Run Behavior\ShowPageTraceBehavior [ RunTime:0.001000s ]
INFO: [ app_end ] --END-- [ RunTime:0.001000s ]

[ 2015-08-27T17:36:18+08:00 ] 127.0.0.1 /wisdom/index.php/Api/Info/conf
INFO: [ app_init ] --START--
INFO: Run Behavior\BuildLiteBehavior [ RunTime:0.000000s ]
INFO: [ app_init ] --END-- [ RunTime:0.000000s ]
INFO: [ app_begin ] --START--
INFO: Run Behavior\ReadHtmlCacheBehavior [ RunTime:0.001000s ]
INFO: [ app_begin ] --END-- [ RunTime:0.001000s ]
SQL: SHOW COLUMNS FROM `t_task` [ RunTime:0.0050s ]
SQL: SHOW COLUMNS FROM `t_taskmtbaseinfo` [ RunTime:0.0040s ]
SQL: SHOW COLUMNS FROM `t_taskreject` [ RunTime:0.0030s ]
SQL: INSERT INTO `t_taskreject` (`f_rejectuserid`,`f_reason`,`f_taskid`,`f_datetime`) VALUES ('523','招商任务新增第二步','634','1440668178') [ RunTime:0.0030s ]
SQL: INSERT INTO `t_taskmtbaseinfo` (`f_taskid`,`f_mtbrand`,`f_mtgoods`,`f_tradeid`,`f_unitfirstAmount`,`f_unitcashdeposit`,`f_unitfranchisefee`,`f_unitotheramount`,`f_unittotalamount`,`f_unitcommission`,`f_unitpreownedgold`) VALUES ('634','yh','h','0','44444444444444','0','0','0','44444444444444','5555555555555.5','11111111111111') [ RunTime:0.0050s ]
INFO: [ app_end ] --START--
INFO: Run Behavior\ShowPageTraceBehavior [ RunTime:0.001000s ]
INFO: [ app_end ] --END-- [ RunTime:0.001000s ]

[ 2015-08-27T17:36:50+08:00 ] 127.0.0.1 /wisdom/index.php/Api/Info/conf?command=getArea&taskid=0
INFO: [ app_init ] --START--
INFO: Run Behavior\BuildLiteBehavior [ RunTime:0.000000s ]
INFO: [ app_init ] --END-- [ RunTime:0.002000s ]
INFO: [ app_begin ] --START--
INFO: Run Behavior\ReadHtmlCacheBehavior [ RunTime:0.001000s ]
INFO: [ app_begin ] --END-- [ RunTime:0.002000s ]
SQL: SHOW COLUMNS FROM `t_task` [ RunTime:0.0100s ]
SQL: SHOW COLUMNS FROM `t_taskmtareaqty` [ RunTime:0.0040s ]
SQL: SELECT * FROM `t_taskmtareaqty` WHERE ( f_taskid=0 )  [ RunTime:0.0040s ]
INFO: [ app_end ] --START--
INFO: Run Behavior\ShowPageTraceBehavior [ RunTime:0.001000s ]
INFO: [ app_end ] --END-- [ RunTime:0.001000s ]

[ 2015-08-27T17:36:50+08:00 ] 127.0.0.1 /wisdom/index.php/Api/Info/conf?command=getPro&taskid=0
INFO: [ app_init ] --START--
INFO: Run Behavior\BuildLiteBehavior [ RunTime:0.000000s ]
INFO: [ app_init ] --END-- [ RunTime:0.001000s ]
INFO: [ app_begin ] --START--
INFO: Run Behavior\ReadHtmlCacheBehavior [ RunTime:0.002000s ]
INFO: [ app_begin ] --END-- [ RunTime:0.002000s ]
SQL: SHOW COLUMNS FROM `t_task` [ RunTime:0.0110s ]
SQL: SHOW COLUMNS FROM `t_taskmtgoodsdetail` [ RunTime:0.0090s ]
SQL: SELECT * FROM `t_taskmtgoodsdetail` WHERE ( f_taskid=0 )  [ RunTime:0.0100s ]
INFO: [ app_end ] --START--
INFO: Run Behavior\ShowPageTraceBehavior [ RunTime:0.001000s ]
INFO: [ app_end ] --END-- [ RunTime:0.001000s ]

[ 2015-08-27T17:37:02+08:00 ] 127.0.0.1 /wisdom/index.php/Api/Info/conf
INFO: [ app_init ] --START--
INFO: Run Behavior\BuildLiteBehavior [ RunTime:0.000000s ]
INFO: [ app_init ] --END-- [ RunTime:0.000000s ]
INFO: [ app_begin ] --START--
INFO: Run Behavior\ReadHtmlCacheBehavior [ RunTime:0.000000s ]
INFO: [ app_begin ] --END-- [ RunTime:0.001000s ]
SQL: SHOW COLUMNS FROM `t_task` [ RunTime:0.0050s ]
SQL: SHOW COLUMNS FROM `t_task` [ RunTime:0.0040s ]
SQL: INSERT INTO `t_task` (`f_creatuserid`,`f_paletid`,`f_companyid`,`f_tasktypeid`,`f_creatdate`,`f_surveno`,`f_title`,`f_fileid`,`f_fileid_ban`,`f_begindate`,`f_enddate`,`f_linkman`,`f_linkphone`,`f_status`,`f_harder`,`f_description`) VALUES ('0',NULL,'63','3','1440668222','144066822231722625','f','2508','2509','2015-08-27','2015-08-29','f','17757128602','2','0','f') [ RunTime:0.0030s ]
SQL: SHOW COLUMNS FROM `t_taskreject` [ RunTime:0.0040s ]
SQL: INSERT INTO `t_taskreject` (`f_rejectuserid`,`f_taskid`,`f_datetime`,`f_reason`) VALUES ('523','635','1440668222','招商任务新增第一步') [ RunTime:0.0040s ]
INFO: [ app_end ] --START--
INFO: Run Behavior\ShowPageTraceBehavior [ RunTime:0.000000s ]
INFO: [ app_end ] --END-- [ RunTime:0.000000s ]

[ 2015-08-27T17:37:05+08:00 ] 127.0.0.1 /wisdom/index.php/Api/Info/conf
INFO: [ app_init ] --START--
INFO: Run Behavior\BuildLiteBehavior [ RunTime:0.000000s ]
INFO: [ app_init ] --END-- [ RunTime:0.001001s ]
INFO: [ app_begin ] --START--
INFO: Run Behavior\ReadHtmlCacheBehavior [ RunTime:0.000000s ]
INFO: [ app_begin ] --END-- [ RunTime:0.000000s ]
SQL: SHOW COLUMNS FROM `t_task` [ RunTime:0.0040s ]
SQL: SHOW COLUMNS FROM `t_taskmtbaseinfo` [ RunTime:0.0040s ]
SQL: SHOW COLUMNS FROM `t_taskreject` [ RunTime:0.0050s ]
SQL: INSERT INTO `t_taskreject` (`f_rejectuserid`,`f_reason`,`f_taskid`,`f_datetime`) VALUES ('523','招商任务新增第二步','635','1440668225') [ RunTime:0.0030s ]
SQL: INSERT INTO `t_taskmtbaseinfo` (`f_taskid`,`f_mtbrand`,`f_mtgoods`,`f_tradeid`,`f_unitfirstAmount`,`f_unitcashdeposit`,`f_unitfranchisefee`,`f_unitotheramount`,`f_unittotalamount`,`f_unitcommission`,`f_unitpreownedgold`) VALUES ('635','yh','h','0','44444444444444','0','0','0','44444444444444','5555555555555.5','11111111111111') [ RunTime:0.0040s ]
INFO: [ app_end ] --START--
INFO: Run Behavior\ShowPageTraceBehavior [ RunTime:0.000000s ]
INFO: [ app_end ] --END-- [ RunTime:0.000000s ]

[ 2015-08-27T17:38:55+08:00 ] 127.0.0.1 /wisdom/index.php/Api/Info/conf?command=getPro&taskid=0
INFO: [ app_init ] --START--
INFO: Run Behavior\BuildLiteBehavior [ RunTime:0.000000s ]
INFO: [ app_init ] --END-- [ RunTime:0.001000s ]
INFO: [ app_begin ] --START--
INFO: Run Behavior\ReadHtmlCacheBehavior [ RunTime:0.000000s ]
INFO: [ app_begin ] --END-- [ RunTime:0.000000s ]
SQL: SHOW COLUMNS FROM `t_task` [ RunTime:0.0040s ]
SQL: SHOW COLUMNS FROM `t_taskmtgoodsdetail` [ RunTime:0.0030s ]
SQL: SELECT * FROM `t_taskmtgoodsdetail` WHERE ( f_taskid=0 )  [ RunTime:0.0040s ]
INFO: [ app_end ] --START--
INFO: Run Behavior\ShowPageTraceBehavior [ RunTime:0.000000s ]
INFO: [ app_end ] --END-- [ RunTime:0.001000s ]

[ 2015-08-27T17:38:55+08:00 ] 127.0.0.1 /wisdom/index.php/Api/Info/conf?command=getArea&taskid=0
INFO: [ app_init ] --START--
INFO: Run Behavior\BuildLiteBehavior [ RunTime:0.000000s ]
INFO: [ app_init ] --END-- [ RunTime:0.000000s ]
INFO: [ app_begin ] --START--
INFO: Run Behavior\ReadHtmlCacheBehavior [ RunTime:0.001000s ]
INFO: [ app_begin ] --END-- [ RunTime:0.001000s ]
SQL: SHOW COLUMNS FROM `t_task` [ RunTime:0.0100s ]
SQL: SHOW COLUMNS FROM `t_taskmtareaqty` [ RunTime:0.0090s ]
SQL: SELECT * FROM `t_taskmtareaqty` WHERE ( f_taskid=0 )  [ RunTime:0.0090s ]
INFO: [ app_end ] --START--
INFO: Run Behavior\ShowPageTraceBehavior [ RunTime:0.001000s ]
INFO: [ app_end ] --END-- [ RunTime:0.001000s ]

[ 2015-08-27T17:39:09+08:00 ] 127.0.0.1 /wisdom/index.php/Api/Info/conf?command=getArea&taskid=0
INFO: [ app_init ] --START--
INFO: Run Behavior\BuildLiteBehavior [ RunTime:0.000000s ]
INFO: [ app_init ] --END-- [ RunTime:0.000000s ]
INFO: [ app_begin ] --START--
INFO: Run Behavior\ReadHtmlCacheBehavior [ RunTime:0.000000s ]
INFO: [ app_begin ] --END-- [ RunTime:0.001000s ]
SQL: SHOW COLUMNS FROM `t_task` [ RunTime:0.0110s ]
SQL: SHOW COLUMNS FROM `t_taskmtareaqty` [ RunTime:0.0110s ]
SQL: SELECT * FROM `t_taskmtareaqty` WHERE ( f_taskid=0 )  [ RunTime:0.0100s ]
INFO: [ app_end ] --START--
INFO: Run Behavior\ShowPageTraceBehavior [ RunTime:0.000000s ]
INFO: [ app_end ] --END-- [ RunTime:0.000000s ]

[ 2015-08-27T17:39:09+08:00 ] 127.0.0.1 /wisdom/index.php/Api/Info/conf?command=getPro&taskid=0
INFO: [ app_init ] --START--
INFO: Run Behavior\BuildLiteBehavior [ RunTime:0.000000s ]
INFO: [ app_init ] --END-- [ RunTime:0.001000s ]
INFO: [ app_begin ] --START--
INFO: Run Behavior\ReadHtmlCacheBehavior [ RunTime:0.000000s ]
INFO: [ app_begin ] --END-- [ RunTime:0.001000s ]
SQL: SHOW COLUMNS FROM `t_task` [ RunTime:0.0110s ]
SQL: SHOW COLUMNS FROM `t_taskmtgoodsdetail` [ RunTime:0.0100s ]
SQL: SELECT * FROM `t_taskmtgoodsdetail` WHERE ( f_taskid=0 )  [ RunTime:0.0090s ]
INFO: [ app_end ] --START--
INFO: Run Behavior\ShowPageTraceBehavior [ RunTime:0.001000s ]
INFO: [ app_end ] --END-- [ RunTime:0.001000s ]

[ 2015-08-27T17:39:38+08:00 ] 127.0.0.1 /wisdom/index.php/Api/Info/conf
INFO: [ app_init ] --START--
INFO: Run Behavior\BuildLiteBehavior [ RunTime:0.000000s ]
INFO: [ app_init ] --END-- [ RunTime:0.001000s ]
INFO: [ app_begin ] --START--
INFO: Run Behavior\ReadHtmlCacheBehavior [ RunTime:0.001000s ]
INFO: [ app_begin ] --END-- [ RunTime:0.001000s ]
SQL: SHOW COLUMNS FROM `t_task` [ RunTime:0.0080s ]
SQL: SHOW COLUMNS FROM `t_task` [ RunTime:0.0080s ]
SQL: INSERT INTO `t_task` (`f_creatuserid`,`f_paletid`,`f_companyid`,`f_tasktypeid`,`f_creatdate`,`f_surveno`,`f_title`,`f_fileid`,`f_fileid_ban`,`f_begindate`,`f_enddate`,`f_linkman`,`f_linkphone`,`f_status`,`f_harder`,`f_description`) VALUES ('0',NULL,'63','3','1440668378','144066837838300415','f','2508','2509','2015-08-27','2015-08-29','f','17757128602','2','0','f') [ RunTime:0.0070s ]
SQL: SHOW COLUMNS FROM `t_taskreject` [ RunTime:0.0070s ]
SQL: INSERT INTO `t_taskreject` (`f_rejectuserid`,`f_taskid`,`f_datetime`,`f_reason`) VALUES ('523','636','1440668378','招商任务新增第一步') [ RunTime:0.0070s ]
INFO: [ app_end ] --START--
INFO: Run Behavior\ShowPageTraceBehavior [ RunTime:0.001000s ]
INFO: [ app_end ] --END-- [ RunTime:0.001000s ]

[ 2015-08-27T17:39:49+08:00 ] 127.0.0.1 /wisdom/index.php/Api/Info/conf
INFO: [ app_init ] --START--
INFO: Run Behavior\BuildLiteBehavior [ RunTime:0.000000s ]
INFO: [ app_init ] --END-- [ RunTime:0.001000s ]
INFO: [ app_begin ] --START--
INFO: Run Behavior\ReadHtmlCacheBehavior [ RunTime:0.000000s ]
INFO: [ app_begin ] --END-- [ RunTime:0.000000s ]
SQL: SHOW COLUMNS FROM `t_task` [ RunTime:0.0040s ]
SQL: SHOW COLUMNS FROM `t_taskmtbaseinfo` [ RunTime:0.0040s ]
SQL: SHOW COLUMNS FROM `t_taskreject` [ RunTime:0.0040s ]
SQL: INSERT INTO `t_taskreject` (`f_rejectuserid`,`f_reason`,`f_taskid`,`f_datetime`) VALUES ('523','招商任务新增第二步','636','1440668389') [ RunTime:0.0030s ]
SQL: INSERT INTO `t_taskmtbaseinfo` (`f_taskid`,`f_mtbrand`,`f_mtgoods`,`f_tradeid`,`f_unitfirstAmount`,`f_unitcashdeposit`,`f_unitfranchisefee`,`f_unitotheramount`,`f_unittotalamount`,`f_unitcommission`,`f_unitpreownedgold`) VALUES ('636','yh','h','0','44444444444444','0','0','0','44444444444444','5555555555555.5','11111111111111') [ RunTime:0.0040s ]
INFO: [ app_end ] --START--
INFO: Run Behavior\ShowPageTraceBehavior [ RunTime:0.000000s ]
INFO: [ app_end ] --END-- [ RunTime:0.000000s ]

[ 2015-08-27T17:40:08+08:00 ] 127.0.0.1 /wisdom/index.php/Api/Info/conf?command=getArea&taskid=0
INFO: [ app_init ] --START--
INFO: Run Behavior\BuildLiteBehavior [ RunTime:0.000000s ]
INFO: [ app_init ] --END-- [ RunTime:0.001000s ]
INFO: [ app_begin ] --START--
INFO: Run Behavior\ReadHtmlCacheBehavior [ RunTime:0.001000s ]
INFO: [ app_begin ] --END-- [ RunTime:0.001000s ]
SQL: SHOW COLUMNS FROM `t_task` [ RunTime:0.0090s ]
SQL: SHOW COLUMNS FROM `t_taskmtareaqty` [ RunTime:0.0070s ]
SQL: SELECT * FROM `t_taskmtareaqty` WHERE ( f_taskid=0 )  [ RunTime:0.0070s ]
INFO: [ app_end ] --START--
INFO: Run Behavior\ShowPageTraceBehavior [ RunTime:0.000000s ]
INFO: [ app_end ] --END-- [ RunTime:0.001000s ]

[ 2015-08-27T17:40:08+08:00 ] 127.0.0.1 /wisdom/index.php/Api/Info/conf?command=getPro&taskid=0
INFO: [ app_init ] --START--
INFO: Run Behavior\BuildLiteBehavior [ RunTime:0.000000s ]
INFO: [ app_init ] --END-- [ RunTime:0.001000s ]
INFO: [ app_begin ] --START--
INFO: Run Behavior\ReadHtmlCacheBehavior [ RunTime:0.000000s ]
INFO: [ app_begin ] --END-- [ RunTime:0.001000s ]
SQL: SHOW COLUMNS FROM `t_task` [ RunTime:0.0110s ]
SQL: SHOW COLUMNS FROM `t_taskmtgoodsdetail` [ RunTime:0.0100s ]
SQL: SELECT * FROM `t_taskmtgoodsdetail` WHERE ( f_taskid=0 )  [ RunTime:0.0100s ]
INFO: [ app_end ] --START--
INFO: Run Behavior\ShowPageTraceBehavior [ RunTime:0.001000s ]
INFO: [ app_end ] --END-- [ RunTime:0.001000s ]

[ 2015-08-27T17:40:09+08:00 ] 127.0.0.1 /wisdom/index.php/Api/Info/conf
INFO: [ app_init ] --START--
INFO: Run Behavior\BuildLiteBehavior [ RunTime:0.000000s ]
INFO: [ app_init ] --END-- [ RunTime:0.000000s ]
INFO: [ app_begin ] --START--
INFO: Run Behavior\ReadHtmlCacheBehavior [ RunTime:0.000000s ]
INFO: [ app_begin ] --END-- [ RunTime:0.000000s ]
SQL: SHOW COLUMNS FROM `t_task` [ RunTime:0.0080s ]
SQL: SHOW COLUMNS FROM `t_task` [ RunTime:0.0070s ]
SQL: INSERT INTO `t_task` (`f_creatuserid`,`f_paletid`,`f_companyid`,`f_tasktypeid`,`f_creatdate`,`f_surveno`,`f_title`,`f_fileid`,`f_fileid_ban`,`f_begindate`,`f_enddate`,`f_linkman`,`f_linkphone`,`f_status`,`f_harder`,`f_description`) VALUES ('0',NULL,'63','3','1440668409','144066840939823394','f','2508','2509','2015-08-27','2015-08-29','f','17757128602','2','0','f') [ RunTime:0.0060s ]
SQL: SHOW COLUMNS FROM `t_taskreject` [ RunTime:0.0070s ]
SQL: INSERT INTO `t_taskreject` (`f_rejectuserid`,`f_taskid`,`f_datetime`,`f_reason`) VALUES ('523','637','1440668409','招商任务新增第一步') [ RunTime:0.0070s ]
INFO: [ app_end ] --START--
INFO: Run Behavior\ShowPageTraceBehavior [ RunTime:0.000000s ]
INFO: [ app_end ] --END-- [ RunTime:0.000000s ]

[ 2015-08-27T17:40:10+08:00 ] 127.0.0.1 /wisdom/index.php/Api/Info/conf
INFO: [ app_init ] --START--
INFO: Run Behavior\BuildLiteBehavior [ RunTime:0.000000s ]
INFO: [ app_init ] --END-- [ RunTime:0.000000s ]
INFO: [ app_begin ] --START--
INFO: Run Behavior\ReadHtmlCacheBehavior [ RunTime:0.001000s ]
INFO: [ app_begin ] --END-- [ RunTime:0.001000s ]
SQL: SHOW COLUMNS FROM `t_task` [ RunTime:0.0100s ]
SQL: SHOW COLUMNS FROM `t_taskmtbaseinfo` [ RunTime:0.0100s ]
SQL: SHOW COLUMNS FROM `t_taskreject` [ RunTime:0.0100s ]
SQL: INSERT INTO `t_taskreject` (`f_rejectuserid`,`f_reason`,`f_taskid`,`f_datetime`) VALUES ('523','招商任务新增第二步','637','1440668410') [ RunTime:0.0090s ]
SQL: INSERT INTO `t_taskmtbaseinfo` (`f_taskid`,`f_mtbrand`,`f_mtgoods`,`f_tradeid`,`f_unitfirstAmount`,`f_unitcashdeposit`,`f_unitfranchisefee`,`f_unitotheramount`,`f_unittotalamount`,`f_unitcommission`,`f_unitpreownedgold`) VALUES ('637','yh','h','0','44444444444444','0','0','0','44444444444444','5555555555555.5','11111111111111') [ RunTime:0.0100s ]
INFO: [ app_end ] --START--
INFO: Run Behavior\ShowPageTraceBehavior [ RunTime:0.000000s ]
INFO: [ app_end ] --END-- [ RunTime:0.001000s ]

[ 2015-08-27T17:40:46+08:00 ] 127.0.0.1 /wisdom/index.php/Api/Info/conf?command=getArea&taskid=0
INFO: [ app_init ] --START--
INFO: Run Behavior\BuildLiteBehavior [ RunTime:0.000000s ]
INFO: [ app_init ] --END-- [ RunTime:0.000000s ]
INFO: [ app_begin ] --START--
INFO: Run Behavior\ReadHtmlCacheBehavior [ RunTime:0.000000s ]
INFO: [ app_begin ] --END-- [ RunTime:0.001000s ]
SQL: SHOW COLUMNS FROM `t_task` [ RunTime:0.0080s ]
SQL: SHOW COLUMNS FROM `t_taskmtareaqty` [ RunTime:0.0070s ]
SQL: SELECT * FROM `t_taskmtareaqty` WHERE ( f_taskid=0 )  [ RunTime:0.0060s ]
INFO: [ app_end ] --START--
INFO: Run Behavior\ShowPageTraceBehavior [ RunTime:0.001000s ]
INFO: [ app_end ] --END-- [ RunTime:0.001000s ]

[ 2015-08-27T17:40:46+08:00 ] 127.0.0.1 /wisdom/index.php/Api/Info/conf?command=getPro&taskid=0
INFO: [ app_init ] --START--
INFO: Run Behavior\BuildLiteBehavior [ RunTime:0.000000s ]
INFO: [ app_init ] --END-- [ RunTime:0.001000s ]
INFO: [ app_begin ] --START--
INFO: Run Behavior\ReadHtmlCacheBehavior [ RunTime:0.001000s ]
INFO: [ app_begin ] --END-- [ RunTime:0.001000s ]
SQL: SHOW COLUMNS FROM `t_task` [ RunTime:0.0130s ]
SQL: SHOW COLUMNS FROM `t_taskmtgoodsdetail` [ RunTime:0.0110s ]
SQL: SELECT * FROM `t_taskmtgoodsdetail` WHERE ( f_taskid=0 )  [ RunTime:0.0140s ]
INFO: [ app_end ] --START--
INFO: Run Behavior\ShowPageTraceBehavior [ RunTime:0.001000s ]
INFO: [ app_end ] --END-- [ RunTime:0.001000s ]

[ 2015-08-27T17:40:53+08:00 ] 127.0.0.1 /wisdom/index.php/Api/Info/conf
INFO: [ app_init ] --START--
INFO: Run Behavior\BuildLiteBehavior [ RunTime:0.000000s ]
INFO: [ app_init ] --END-- [ RunTime:0.001000s ]
INFO: [ app_begin ] --START--
INFO: Run Behavior\ReadHtmlCacheBehavior [ RunTime:0.001000s ]
INFO: [ app_begin ] --END-- [ RunTime:0.001000s ]
SQL: SHOW COLUMNS FROM `t_task` [ RunTime:0.0040s ]
SQL: SHOW COLUMNS FROM `t_task` [ RunTime:0.0040s ]
SQL: INSERT INTO `t_task` (`f_creatuserid`,`f_paletid`,`f_companyid`,`f_tasktypeid`,`f_creatdate`,`f_surveno`,`f_title`,`f_fileid`,`f_fileid_ban`,`f_begindate`,`f_enddate`,`f_linkman`,`f_linkphone`,`f_status`,`f_harder`,`f_description`) VALUES ('0',NULL,'63','3','1440668453','144066845337874420','f','2508','2509','2015-08-27','2015-08-29','f','17757128602','2','0','f') [ RunTime:0.0040s ]
SQL: SHOW COLUMNS FROM `t_taskreject` [ RunTime:0.0030s ]
SQL: INSERT INTO `t_taskreject` (`f_rejectuserid`,`f_taskid`,`f_datetime`,`f_reason`) VALUES ('523','638','1440668453','招商任务新增第一步') [ RunTime:0.0030s ]
INFO: [ app_end ] --START--
INFO: Run Behavior\ShowPageTraceBehavior [ RunTime:0.001000s ]
INFO: [ app_end ] --END-- [ RunTime:0.001000s ]

[ 2015-08-27T17:40:57+08:00 ] 127.0.0.1 /wisdom/index.php/Api/Info/conf
INFO: [ app_init ] --START--
INFO: Run Behavior\BuildLiteBehavior [ RunTime:0.000000s ]
INFO: [ app_init ] --END-- [ RunTime:0.001000s ]
INFO: [ app_begin ] --START--
INFO: Run Behavior\ReadHtmlCacheBehavior [ RunTime:0.001000s ]
INFO: [ app_begin ] --END-- [ RunTime:0.001000s ]
SQL: SHOW COLUMNS FROM `t_task` [ RunTime:0.0040s ]
SQL: SHOW COLUMNS FROM `t_taskmtbaseinfo` [ RunTime:0.0040s ]
SQL: SHOW COLUMNS FROM `t_taskreject` [ RunTime:0.0040s ]
SQL: INSERT INTO `t_taskreject` (`f_rejectuserid`,`f_reason`,`f_taskid`,`f_datetime`) VALUES ('523','招商任务新增第二步','638','1440668457') [ RunTime:0.0040s ]
SQL: INSERT INTO `t_taskmtbaseinfo` (`f_taskid`,`f_mtbrand`,`f_mtgoods`,`f_tradeid`,`f_unitfirstAmount`,`f_unitcashdeposit`,`f_unitfranchisefee`,`f_unitotheramount`,`f_unittotalamount`,`f_unitcommission`,`f_unitpreownedgold`) VALUES ('638','yh','h','0','44444444444444','0','0','0','44444444444444','5555555555555.5','11111111111111') [ RunTime:0.0030s ]
INFO: [ app_end ] --START--
INFO: Run Behavior\ShowPageTraceBehavior [ RunTime:0.000000s ]
INFO: [ app_end ] --END-- [ RunTime:0.000000s ]

[ 2015-08-27T17:45:49+08:00 ] 127.0.0.1 /wisdom/index.php/Api/Info/conf?command=getArea&taskid=0
INFO: [ app_init ] --START--
INFO: Run Behavior\BuildLiteBehavior [ RunTime:0.000000s ]
INFO: [ app_init ] --END-- [ RunTime:0.001000s ]
INFO: [ app_begin ] --START--
INFO: Run Behavior\ReadHtmlCacheBehavior [ RunTime:0.001000s ]
INFO: [ app_begin ] --END-- [ RunTime:0.001000s ]
SQL: SHOW COLUMNS FROM `t_task` [ RunTime:0.0050s ]
SQL: SHOW COLUMNS FROM `t_taskmtareaqty` [ RunTime:0.0040s ]
SQL: SELECT * FROM `t_taskmtareaqty` WHERE ( f_taskid=0 )  [ RunTime:0.0040s ]
INFO: [ app_end ] --START--
INFO: Run Behavior\ShowPageTraceBehavior [ RunTime:0.001000s ]
INFO: [ app_end ] --END-- [ RunTime:0.001000s ]

[ 2015-08-27T17:45:49+08:00 ] 127.0.0.1 /wisdom/index.php/Api/Info/conf?command=getPro&taskid=0
INFO: [ app_init ] --START--
INFO: Run Behavior\BuildLiteBehavior [ RunTime:0.000000s ]
INFO: [ app_init ] --END-- [ RunTime:0.000000s ]
INFO: [ app_begin ] --START--
INFO: Run Behavior\ReadHtmlCacheBehavior [ RunTime:0.001000s ]
INFO: [ app_begin ] --END-- [ RunTime:0.001000s ]
SQL: SHOW COLUMNS FROM `t_task` [ RunTime:0.0050s ]
SQL: SHOW COLUMNS FROM `t_taskmtgoodsdetail` [ RunTime:0.0040s ]
SQL: SELECT * FROM `t_taskmtgoodsdetail` WHERE ( f_taskid=0 )  [ RunTime:0.0040s ]
INFO: [ app_end ] --START--
INFO: Run Behavior\ShowPageTraceBehavior [ RunTime:0.001000s ]
INFO: [ app_end ] --END-- [ RunTime:0.001000s ]

[ 2015-08-27T17:45:50+08:00 ] 127.0.0.1 /wisdom/index.php/Api/Info/conf
INFO: [ app_init ] --START--
INFO: Run Behavior\BuildLiteBehavior [ RunTime:0.000000s ]
INFO: [ app_init ] --END-- [ RunTime:0.000000s ]
INFO: [ app_begin ] --START--
INFO: Run Behavior\ReadHtmlCacheBehavior [ RunTime:0.000000s ]
INFO: [ app_begin ] --END-- [ RunTime:0.000000s ]
SQL: SHOW COLUMNS FROM `t_task` [ RunTime:0.0070s ]
SQL: SHOW COLUMNS FROM `t_task` [ RunTime:0.0070s ]
SQL: INSERT INTO `t_task` (`f_creatuserid`,`f_paletid`,`f_companyid`,`f_tasktypeid`,`f_creatdate`,`f_surveno`,`f_title`,`f_fileid`,`f_fileid_ban`,`f_begindate`,`f_enddate`,`f_linkman`,`f_linkphone`,`f_status`,`f_harder`,`f_description`) VALUES ('0',NULL,'63','3','1440668750','144066875037124328','f','2508','2509','2015-08-27','2015-08-29','f','17757128602','2','0','f') [ RunTime:0.0070s ]
SQL: SHOW COLUMNS FROM `t_taskreject` [ RunTime:0.0060s ]
SQL: INSERT INTO `t_taskreject` (`f_rejectuserid`,`f_taskid`,`f_datetime`,`f_reason`) VALUES ('523','639','1440668750','招商任务新增第一步') [ RunTime:0.0060s ]
INFO: [ app_end ] --START--
INFO: Run Behavior\ShowPageTraceBehavior [ RunTime:0.000000s ]
INFO: [ app_end ] --END-- [ RunTime:0.001000s ]

[ 2015-08-27T17:45:51+08:00 ] 127.0.0.1 /wisdom/index.php/Api/Info/conf
INFO: [ app_init ] --START--
INFO: Run Behavior\BuildLiteBehavior [ RunTime:0.000000s ]
INFO: [ app_init ] --END-- [ RunTime:0.000000s ]
INFO: [ app_begin ] --START--
INFO: Run Behavior\ReadHtmlCacheBehavior [ RunTime:0.000000s ]
INFO: [ app_begin ] --END-- [ RunTime:0.000000s ]
SQL: SHOW COLUMNS FROM `t_task` [ RunTime:0.0110s ]
SQL: SHOW COLUMNS FROM `t_taskmtbaseinfo` [ RunTime:0.0110s ]
SQL: SHOW COLUMNS FROM `t_taskreject` [ RunTime:0.0110s ]
SQL: INSERT INTO `t_taskreject` (`f_rejectuserid`,`f_reason`,`f_taskid`,`f_datetime`) VALUES ('523','招商任务新增第二步','639','1440668751') [ RunTime:0.0150s ]
SQL: INSERT INTO `t_taskmtbaseinfo` (`f_taskid`,`f_mtbrand`,`f_mtgoods`,`f_tradeid`,`f_unitfirstAmount`,`f_unitcashdeposit`,`f_unitfranchisefee`,`f_unitotheramount`,`f_unittotalamount`,`f_unitcommission`,`f_unitpreownedgold`) VALUES ('639','yh','h','0','44444444444444','0','0','0','44444444444444','5555555555555.5','11111111111111') [ RunTime:0.0090s ]
INFO: [ app_end ] --START--
INFO: Run Behavior\ShowPageTraceBehavior [ RunTime:0.001000s ]
INFO: [ app_end ] --END-- [ RunTime:0.001000s ]

[ 2015-08-27T17:46:39+08:00 ] 127.0.0.1 /wisdom/index.php/Api/Info/conf?command=getArea&taskid=0
INFO: [ app_init ] --START--
INFO: Run Behavior\BuildLiteBehavior [ RunTime:0.000000s ]
INFO: [ app_init ] --END-- [ RunTime:0.000000s ]
INFO: [ app_begin ] --START--
INFO: Run Behavior\ReadHtmlCacheBehavior [ RunTime:0.000000s ]
INFO: [ app_begin ] --END-- [ RunTime:0.000000s ]
SQL: SHOW COLUMNS FROM `t_task` [ RunTime:0.0110s ]
SQL: SHOW COLUMNS FROM `t_taskmtareaqty` [ RunTime:0.0090s ]
SQL: SELECT * FROM `t_taskmtareaqty` WHERE ( f_taskid=0 )  [ RunTime:0.3100s ]
INFO: [ app_end ] --START--
INFO: Run Behavior\ShowPageTraceBehavior [ RunTime:0.001000s ]
INFO: [ app_end ] --END-- [ RunTime:0.001000s ]

[ 2015-08-27T17:46:39+08:00 ] 127.0.0.1 /wisdom/index.php/Api/Info/conf?command=getPro&taskid=0
INFO: [ app_init ] --START--
INFO: Run Behavior\BuildLiteBehavior [ RunTime:0.000000s ]
INFO: [ app_init ] --END-- [ RunTime:0.000000s ]
INFO: [ app_begin ] --START--
INFO: Run Behavior\ReadHtmlCacheBehavior [ RunTime:0.001000s ]
INFO: [ app_begin ] --END-- [ RunTime:0.001000s ]
SQL: SHOW COLUMNS FROM `t_task` [ RunTime:0.0070s ]
SQL: SHOW COLUMNS FROM `t_taskmtgoodsdetail` [ RunTime:0.0070s ]
SQL: SELECT * FROM `t_taskmtgoodsdetail` WHERE ( f_taskid=0 )  [ RunTime:0.0060s ]
INFO: [ app_end ] --START--
INFO: Run Behavior\ShowPageTraceBehavior [ RunTime:0.001000s ]
INFO: [ app_end ] --END-- [ RunTime:0.001000s ]

[ 2015-08-27T17:46:40+08:00 ] 127.0.0.1 /wisdom/index.php/Api/Info/conf
INFO: [ app_init ] --START--
INFO: Run Behavior\BuildLiteBehavior [ RunTime:0.000000s ]
INFO: [ app_init ] --END-- [ RunTime:0.000000s ]
INFO: [ app_begin ] --START--
INFO: Run Behavior\ReadHtmlCacheBehavior [ RunTime:0.000000s ]
INFO: [ app_begin ] --END-- [ RunTime:0.000000s ]
SQL: SHOW COLUMNS FROM `t_task` [ RunTime:0.0090s ]
SQL: SHOW COLUMNS FROM `t_task` [ RunTime:0.0100s ]
SQL: INSERT INTO `t_task` (`f_creatuserid`,`f_paletid`,`f_companyid`,`f_tasktypeid`,`f_creatdate`,`f_surveno`,`f_title`,`f_fileid`,`f_fileid_ban`,`f_begindate`,`f_enddate`,`f_linkman`,`f_linkphone`,`f_status`,`f_harder`,`f_description`) VALUES ('0',NULL,'63','3','1440668800','144066880034536224','f','2508','2509','2015-08-27','2015-08-29','f','17757128602','2','0','f') [ RunTime:0.0080s ]
SQL: SHOW COLUMNS FROM `t_taskreject` [ RunTime:0.0080s ]
SQL: INSERT INTO `t_taskreject` (`f_rejectuserid`,`f_taskid`,`f_datetime`,`f_reason`) VALUES ('523','640','1440668800','招商任务新增第一步') [ RunTime:0.0150s ]
INFO: [ app_end ] --START--
INFO: Run Behavior\ShowPageTraceBehavior [ RunTime:0.001000s ]
INFO: [ app_end ] --END-- [ RunTime:0.001000s ]

[ 2015-08-27T17:46:41+08:00 ] 127.0.0.1 /wisdom/index.php/Api/Info/conf
INFO: [ app_init ] --START--
INFO: Run Behavior\BuildLiteBehavior [ RunTime:0.000000s ]
INFO: [ app_init ] --END-- [ RunTime:0.001000s ]
INFO: [ app_begin ] --START--
INFO: Run Behavior\ReadHtmlCacheBehavior [ RunTime:0.000000s ]
INFO: [ app_begin ] --END-- [ RunTime:0.000000s ]
SQL: SHOW COLUMNS FROM `t_task` [ RunTime:0.0100s ]
SQL: SHOW COLUMNS FROM `t_taskmtbaseinfo` [ RunTime:0.0100s ]
SQL: SHOW COLUMNS FROM `t_taskreject` [ RunTime:0.0110s ]
SQL: INSERT INTO `t_taskreject` (`f_rejectuserid`,`f_reason`,`f_taskid`,`f_datetime`) VALUES ('523','招商任务新增第二步','640','1440668801') [ RunTime:0.0100s ]
SQL: INSERT INTO `t_taskmtbaseinfo` (`f_taskid`,`f_mtbrand`,`f_mtgoods`,`f_tradeid`,`f_unitfirstAmount`,`f_unitcashdeposit`,`f_unitfranchisefee`,`f_unitotheramount`,`f_unittotalamount`,`f_unitcommission`,`f_unitpreownedgold`) VALUES ('640','yh','h','0','44444444444444','0','0','0','44444444444444','5555555555555.5','11111111111111') [ RunTime:0.0090s ]
INFO: [ app_end ] --START--
INFO: Run Behavior\ShowPageTraceBehavior [ RunTime:0.002001s ]
INFO: [ app_end ] --END-- [ RunTime:0.002001s ]

[ 2015-08-27T17:52:55+08:00 ] 127.0.0.1 /wisdom/index.php/Api/Info/conf?command=getArea&taskid=0
INFO: [ app_init ] --START--
INFO: Run Behavior\BuildLiteBehavior [ RunTime:0.000000s ]
INFO: [ app_init ] --END-- [ RunTime:0.000000s ]
INFO: [ app_begin ] --START--
INFO: Run Behavior\ReadHtmlCacheBehavior [ RunTime:0.001000s ]
INFO: [ app_begin ] --END-- [ RunTime:0.001000s ]
SQL: SHOW COLUMNS FROM `t_task` [ RunTime:0.0080s ]
SQL: SHOW COLUMNS FROM `t_taskmtareaqty` [ RunTime:0.0080s ]
SQL: SELECT * FROM `t_taskmtareaqty` WHERE ( f_taskid=0 )  [ RunTime:0.0070s ]
INFO: [ app_end ] --START--
INFO: Run Behavior\ShowPageTraceBehavior [ RunTime:0.001000s ]
INFO: [ app_end ] --END-- [ RunTime:0.001000s ]

[ 2015-08-27T17:52:55+08:00 ] 127.0.0.1 /wisdom/index.php/Api/Info/conf?command=getPro&taskid=0
INFO: [ app_init ] --START--
INFO: Run Behavior\BuildLiteBehavior [ RunTime:0.000000s ]
INFO: [ app_init ] --END-- [ RunTime:0.000000s ]
INFO: [ app_begin ] --START--
INFO: Run Behavior\ReadHtmlCacheBehavior [ RunTime:0.002000s ]
INFO: [ app_begin ] --END-- [ RunTime:0.002000s ]
SQL: SHOW COLUMNS FROM `t_task` [ RunTime:0.0110s ]
SQL: SHOW COLUMNS FROM `t_taskmtgoodsdetail` [ RunTime:0.0100s ]
SQL: SELECT * FROM `t_taskmtgoodsdetail` WHERE ( f_taskid=0 )  [ RunTime:0.0100s ]
INFO: [ app_end ] --START--
INFO: Run Behavior\ShowPageTraceBehavior [ RunTime:0.000000s ]
INFO: [ app_end ] --END-- [ RunTime:0.000000s ]

[ 2015-08-27T17:53:04+08:00 ] 127.0.0.1 /wisdom/index.php/Api/Info/conf
INFO: [ app_init ] --START--
INFO: Run Behavior\BuildLiteBehavior [ RunTime:0.000000s ]
INFO: [ app_init ] --END-- [ RunTime:0.001000s ]
INFO: [ app_begin ] --START--
INFO: Run Behavior\ReadHtmlCacheBehavior [ RunTime:0.000000s ]
INFO: [ app_begin ] --END-- [ RunTime:0.000000s ]
SQL: SHOW COLUMNS FROM `t_task` [ RunTime:0.0070s ]
SQL: SHOW COLUMNS FROM `t_task` [ RunTime:0.0070s ]
SQL: INSERT INTO `t_task` (`f_creatuserid`,`f_paletid`,`f_companyid`,`f_tasktypeid`,`f_creatdate`,`f_surveno`,`f_title`,`f_fileid`,`f_fileid_ban`,`f_begindate`,`f_enddate`,`f_linkman`,`f_linkphone`,`f_status`,`f_harder`,`f_description`) VALUES ('0',NULL,'63','3','1440669184','144066918434547485','f','2508','2509','2015-08-27','2015-08-29','f','17757128602','2','0','f') [ RunTime:0.0060s ]
SQL: SHOW COLUMNS FROM `t_taskreject` [ RunTime:0.0070s ]
SQL: INSERT INTO `t_taskreject` (`f_rejectuserid`,`f_taskid`,`f_datetime`,`f_reason`) VALUES ('523','641','1440669184','招商任务新增第一步') [ RunTime:0.0050s ]
INFO: [ app_end ] --START--
INFO: Run Behavior\ShowPageTraceBehavior [ RunTime:0.000000s ]
INFO: [ app_end ] --END-- [ RunTime:0.000000s ]

[ 2015-08-27T17:53:05+08:00 ] 127.0.0.1 /wisdom/index.php/Api/Info/conf
INFO: [ app_init ] --START--
INFO: Run Behavior\BuildLiteBehavior [ RunTime:0.000000s ]
INFO: [ app_init ] --END-- [ RunTime:0.001000s ]
INFO: [ app_begin ] --START--
INFO: Run Behavior\ReadHtmlCacheBehavior [ RunTime:0.001000s ]
INFO: [ app_begin ] --END-- [ RunTime:0.001000s ]
SQL: SHOW COLUMNS FROM `t_task` [ RunTime:0.0080s ]
SQL: SHOW COLUMNS FROM `t_taskmtbaseinfo` [ RunTime:0.0080s ]
SQL: SHOW COLUMNS FROM `t_taskreject` [ RunTime:0.0080s ]
SQL: INSERT INTO `t_taskreject` (`f_rejectuserid`,`f_reason`,`f_taskid`,`f_datetime`) VALUES ('523','招商任务新增第二步','641','1440669185') [ RunTime:0.0170s ]
SQL: INSERT INTO `t_taskmtbaseinfo` (`f_taskid`,`f_mtbrand`,`f_mtgoods`,`f_tradeid`,`f_unitfirstAmount`,`f_unitcashdeposit`,`f_unitfranchisefee`,`f_unitotheramount`,`f_unittotalamount`,`f_unitcommission`,`f_unitpreownedgold`) VALUES ('641','yh','h','0','44444444444444','0','0','0','44444444444444','5555555555555.5','11111111111111') [ RunTime:0.0070s ]
INFO: [ app_end ] --START--
INFO: Run Behavior\ShowPageTraceBehavior [ RunTime:0.000000s ]
INFO: [ app_end ] --END-- [ RunTime:0.000000s ]

