[ 2015-08-11T09:50:23+08:00 ] ::1 /wisdom/index.php/Api/Info/conf
INFO: [ app_init ] --START--
INFO: Run Behavior\BuildLiteBehavior [ RunTime:0.000000s ]
INFO: [ app_init ] --END-- [ RunTime:0.001000s ]
INFO: [ app_begin ] --START--
INFO: Run Behavior\ReadHtmlCacheBehavior [ RunTime:0.001000s ]
INFO: [ app_begin ] --END-- [ RunTime:0.001000s ]
INFO: [ app_end ] --START--
INFO: Run Behavior\ShowPageTraceBehavior [ RunTime:0.001000s ]
INFO: [ app_end ] --END-- [ RunTime:0.001000s ]

[ 2015-08-11T09:50:23+08:00 ] ::1 /wisdom/index.php/Api/Info/conf
INFO: [ app_init ] --START--
INFO: Run Behavior\BuildLiteBehavior [ RunTime:0.000000s ]
INFO: [ app_init ] --END-- [ RunTime:0.000000s ]
INFO: [ app_begin ] --START--
INFO: Run Behavior\ReadHtmlCacheBehavior [ RunTime:0.001000s ]
INFO: [ app_begin ] --END-- [ RunTime:0.001000s ]
INFO: [ app_end ] --START--
INFO: Run Behavior\ShowPageTraceBehavior [ RunTime:0.001000s ]
INFO: [ app_end ] --END-- [ RunTime:0.001000s ]

[ 2015-08-11T09:50:24+08:00 ] ::1 /wisdom/index.php/Api/Web/gettasktitle
INFO: [ app_init ] --START--
INFO: Run Behavior\BuildLiteBehavior [ RunTime:0.000000s ]
INFO: [ app_init ] --END-- [ RunTime:0.002000s ]
INFO: [ app_begin ] --START--
INFO: Run Behavior\ReadHtmlCacheBehavior [ RunTime:0.000000s ]
INFO: [ app_begin ] --END-- [ RunTime:0.001000s ]
SQL: SHOW COLUMNS FROM `t_tasktype` [ RunTime:0.0070s ]
SQL: SELECT `F_TYPEID` FROM `t_tasktype` WHERE ( F_PARENTID=3 )  [ RunTime:0.0050s ]
SQL: SHOW COLUMNS FROM `t_task` [ RunTime:0.0390s ]
SQL: SELECT * FROM `t_task` LEFT JOIN t_tasktype ON t_tasktype.f_typeid = t_task.f_tasktypeid LEFT JOIN t_taskmtbaseinfo ON t_taskmtbaseinfo.f_taskid = t_task.f_tid  WHERE `f_tasktypeid` IN ('3') AND `f_companyid` = '63' AND `f_status` = 3 ORDER BY f_creatdate desc  [ RunTime:0.0050s ]
INFO: [ app_end ] --START--
INFO: Run Behavior\ShowPageTraceBehavior [ RunTime:0.001000s ]
INFO: [ app_end ] --END-- [ RunTime:0.001000s ]

[ 2015-08-11T09:50:25+08:00 ] ::1 /wisdom/index.php/Api/Web/InvTargetstatistics
INFO: [ app_init ] --START--
INFO: Run Behavior\BuildLiteBehavior [ RunTime:0.000000s ]
INFO: [ app_init ] --END-- [ RunTime:0.001000s ]
INFO: [ app_begin ] --START--
INFO: Run Behavior\ReadHtmlCacheBehavior [ RunTime:0.000000s ]
INFO: [ app_begin ] --END-- [ RunTime:0.001000s ]
SQL: SHOW COLUMNS FROM `t_taskmtareaqty` [ RunTime:0.3020s ]
SQL: SELECT SUM(f_qty) AS tp_sum FROM `t_taskmtareaqty` WHERE ( f_taskid =60 ) LIMIT 1   [ RunTime:0.0030s ]
SQL: SHOW COLUMNS FROM `t_taskmtbaseinfo` [ RunTime:0.0040s ]
SQL: SELECT * FROM `t_taskmtbaseinfo` WHERE ( f_taskid =60 ) LIMIT 1   [ RunTime:0.0410s ]
SQL: SHOW COLUMNS FROM `t_dealerbaseinfo` [ RunTime:0.0480s ]
SQL: SELECT COUNT(*) AS tp_count FROM `t_dealerbaseinfo` WHERE ( f_taskid =60 and  f_dealer_strats = 3 ) LIMIT 1   [ RunTime:0.0050s ]
SQL: SELECT COUNT(*) AS tp_count FROM `t_dealerbaseinfo` WHERE ( f_taskid =60 and f_dealer_strats = 1 ) LIMIT 1   [ RunTime:0.0040s ]
SQL: SELECT * FROM `t_taskmtareaqty` WHERE ( f_taskid =60 ) ORDER BY f_qty LIMIT 5   [ RunTime:0.0420s ]
INFO: [ app_end ] --START--
INFO: Run Behavior\ShowPageTraceBehavior [ RunTime:0.000000s ]
INFO: [ app_end ] --END-- [ RunTime:0.000000s ]

[ 2015-08-11T09:50:28+08:00 ] ::1 /wisdom/index.php/Api/Web/gettasktitle
INFO: [ app_init ] --START--
INFO: Run Behavior\BuildLiteBehavior [ RunTime:0.000000s ]
INFO: [ app_init ] --END-- [ RunTime:0.001000s ]
INFO: [ app_begin ] --START--
INFO: Run Behavior\ReadHtmlCacheBehavior [ RunTime:0.001000s ]
INFO: [ app_begin ] --END-- [ RunTime:0.002000s ]
SQL: SHOW COLUMNS FROM `t_tasktype` [ RunTime:0.0500s ]
SQL: SELECT `F_TYPEID` FROM `t_tasktype` WHERE ( F_PARENTID=1 )  [ RunTime:0.0490s ]
SQL: SHOW COLUMNS FROM `t_task` [ RunTime:0.0980s ]
SQL: SELECT * FROM `t_task` LEFT JOIN t_tasktype ON t_tasktype.f_typeid = t_task.f_tasktypeid  WHERE `f_tasktypeid` IN ('1') AND `f_companyid` = '63' AND `f_status` = 3 ORDER BY f_creatdate desc  [ RunTime:0.1000s ]
INFO: [ app_end ] --START--
INFO: Run Behavior\ShowPageTraceBehavior [ RunTime:0.001000s ]
INFO: [ app_end ] --END-- [ RunTime:0.001000s ]

[ 2015-08-11T09:50:28+08:00 ] ::1 /wisdom/index.php/Api/Web/promReport
INFO: [ app_init ] --START--
INFO: Run Behavior\BuildLiteBehavior [ RunTime:0.000000s ]
INFO: [ app_init ] --END-- [ RunTime:0.000000s ]
INFO: [ app_begin ] --START--
INFO: Run Behavior\ReadHtmlCacheBehavior [ RunTime:0.000000s ]
INFO: [ app_begin ] --END-- [ RunTime:0.001000s ]
SQL: SHOW COLUMNS FROM `t_tasksmallinfo` [ RunTime:0.0450s ]
SQL: SELECT * FROM `t_tasksmallinfo` WHERE ( f_taskid=207 )  [ RunTime:0.0490s ]
NOTIC: [8] Use of undefined constant share - assumed 'share' D:\wamp\www\wisdom\App\Api\Controller\WebController.class.php 第 2010 行.
SQL: SHOW COLUMNS FROM `t_share` [ RunTime:0.0050s ]
SQL: SELECT COUNT(*) AS tp_count FROM `t_share` WHERE ( f_taskid =207 ) LIMIT 1   [ RunTime:0.0430s ]
INFO: [ app_end ] --START--
INFO: Run Behavior\ShowPageTraceBehavior [ RunTime:0.000000s ]
INFO: [ app_end ] --END-- [ RunTime:0.001000s ]

[ 2015-08-11T09:50:29+08:00 ] ::1 /wisdom/index.php/Api/Web/gettasktitle
INFO: [ app_init ] --START--
INFO: Run Behavior\BuildLiteBehavior [ RunTime:0.000000s ]
INFO: [ app_init ] --END-- [ RunTime:0.001000s ]
INFO: [ app_begin ] --START--
INFO: Run Behavior\ReadHtmlCacheBehavior [ RunTime:0.001000s ]
INFO: [ app_begin ] --END-- [ RunTime:0.001000s ]
SQL: SHOW COLUMNS FROM `t_tasktype` [ RunTime:0.1000s ]
SQL: SELECT `F_TYPEID` FROM `t_tasktype` WHERE ( F_PARENTID=2 )  [ RunTime:0.0990s ]
SQL: SHOW COLUMNS FROM `t_task` [ RunTime:0.1000s ]
SQL: SELECT * FROM `t_task` LEFT JOIN t_tasktype ON t_tasktype.f_typeid = t_task.f_tasktypeid  WHERE `f_tasktypeid` IN ('4','5','6') AND `f_companyid` = '63' AND `f_status` = 3 ORDER BY f_creatdate desc  [ RunTime:0.1060s ]
INFO: [ app_end ] --START--
INFO: Run Behavior\ShowPageTraceBehavior [ RunTime:0.001000s ]
INFO: [ app_end ] --END-- [ RunTime:0.001000s ]

[ 2015-08-11T09:50:30+08:00 ] ::1 /wisdom/index.php/Api/Web/promReport
INFO: [ app_init ] --START--
INFO: Run Behavior\BuildLiteBehavior [ RunTime:0.000000s ]
INFO: [ app_init ] --END-- [ RunTime:0.000000s ]
INFO: [ app_begin ] --START--
INFO: Run Behavior\ReadHtmlCacheBehavior [ RunTime:0.003001s ]
INFO: [ app_begin ] --END-- [ RunTime:0.003001s ]
SQL: SHOW COLUMNS FROM `t_tasksmallinfo` [ RunTime:0.1490s ]
SQL: SELECT * FROM `t_tasksmallinfo` WHERE ( f_taskid=151 )  [ RunTime:0.1500s ]
SQL: SHOW COLUMNS FROM `t_taskdraw` [ RunTime:0.1510s ]
SQL: SELECT COUNT(*) AS tp_count FROM `t_taskdraw` WHERE ( f_taskid =151 and  f_utask_status=2 ) LIMIT 1   [ RunTime:0.1500s ]
SQL: SELECT COUNT(*) AS tp_count FROM `t_taskdraw` WHERE ( f_taskid =151 and  f_utask_status=3 ) LIMIT 1   [ RunTime:0.1500s ]
INFO: [ app_end ] --START--
INFO: Run Behavior\ShowPageTraceBehavior [ RunTime:0.001000s ]
INFO: [ app_end ] --END-- [ RunTime:0.001000s ]

[ 2015-08-11T09:50:33+08:00 ] ::1 /wisdom/index.php/Api/Web/gettasktitle
INFO: [ app_init ] --START--
INFO: Run Behavior\BuildLiteBehavior [ RunTime:0.001000s ]
INFO: [ app_init ] --END-- [ RunTime:0.002000s ]
INFO: [ app_begin ] --START--
INFO: Run Behavior\ReadHtmlCacheBehavior [ RunTime:0.000000s ]
INFO: [ app_begin ] --END-- [ RunTime:0.000000s ]
SQL: SHOW COLUMNS FROM `t_tasktype` [ RunTime:0.0090s ]
SQL: SELECT `F_TYPEID` FROM `t_tasktype` WHERE ( F_PARENTID=3 )  [ RunTime:0.0060s ]
SQL: SHOW COLUMNS FROM `t_task` [ RunTime:0.0090s ]
SQL: SELECT * FROM `t_task` LEFT JOIN t_tasktype ON t_tasktype.f_typeid = t_task.f_tasktypeid LEFT JOIN t_taskmtbaseinfo ON t_taskmtbaseinfo.f_taskid = t_task.f_tid  WHERE `f_tasktypeid` IN ('3') AND `f_companyid` = '63' AND `f_status` = 3 ORDER BY f_creatdate desc  [ RunTime:0.0070s ]
INFO: [ app_end ] --START--
INFO: Run Behavior\ShowPageTraceBehavior [ RunTime:0.002000s ]
INFO: [ app_end ] --END-- [ RunTime:0.003000s ]

[ 2015-08-11T09:50:33+08:00 ] ::1 /wisdom/index.php/Api/Web/InvTargetstatistics
INFO: [ app_init ] --START--
INFO: Run Behavior\BuildLiteBehavior [ RunTime:0.000000s ]
INFO: [ app_init ] --END-- [ RunTime:0.001000s ]
INFO: [ app_begin ] --START--
INFO: Run Behavior\ReadHtmlCacheBehavior [ RunTime:0.002000s ]
INFO: [ app_begin ] --END-- [ RunTime:0.002000s ]
SQL: SHOW COLUMNS FROM `t_taskmtareaqty` [ RunTime:0.0070s ]
SQL: SELECT SUM(f_qty) AS tp_sum FROM `t_taskmtareaqty` WHERE ( f_taskid =60 ) LIMIT 1   [ RunTime:0.0060s ]
SQL: SHOW COLUMNS FROM `t_taskmtbaseinfo` [ RunTime:0.0070s ]
SQL: SELECT * FROM `t_taskmtbaseinfo` WHERE ( f_taskid =60 ) LIMIT 1   [ RunTime:0.0070s ]
SQL: SHOW COLUMNS FROM `t_dealerbaseinfo` [ RunTime:0.0070s ]
SQL: SELECT COUNT(*) AS tp_count FROM `t_dealerbaseinfo` WHERE ( f_taskid =60 and  f_dealer_strats = 3 ) LIMIT 1   [ RunTime:0.0060s ]
SQL: SELECT COUNT(*) AS tp_count FROM `t_dealerbaseinfo` WHERE ( f_taskid =60 and f_dealer_strats = 1 ) LIMIT 1   [ RunTime:0.0070s ]
SQL: SELECT * FROM `t_taskmtareaqty` WHERE ( f_taskid =60 ) ORDER BY f_qty LIMIT 5   [ RunTime:0.0060s ]
INFO: [ app_end ] --START--
INFO: Run Behavior\ShowPageTraceBehavior [ RunTime:0.001000s ]
INFO: [ app_end ] --END-- [ RunTime:0.001000s ]

[ 2015-08-11T09:50:34+08:00 ] ::1 /wisdom/index.php/Api/Web/gettasktitle
INFO: [ app_init ] --START--
INFO: Run Behavior\BuildLiteBehavior [ RunTime:0.000000s ]
INFO: [ app_init ] --END-- [ RunTime:0.002000s ]
INFO: [ app_begin ] --START--
INFO: Run Behavior\ReadHtmlCacheBehavior [ RunTime:0.000000s ]
INFO: [ app_begin ] --END-- [ RunTime:0.000000s ]
SQL: SHOW COLUMNS FROM `t_tasktype` [ RunTime:0.0100s ]
SQL: SELECT `F_TYPEID` FROM `t_tasktype` WHERE ( F_PARENTID=1 )  [ RunTime:0.0100s ]
SQL: SHOW COLUMNS FROM `t_task` [ RunTime:0.0100s ]
SQL: SELECT * FROM `t_task` LEFT JOIN t_tasktype ON t_tasktype.f_typeid = t_task.f_tasktypeid  WHERE `f_tasktypeid` IN ('1') AND `f_companyid` = '63' AND `f_status` = 3 ORDER BY f_creatdate desc  [ RunTime:0.0110s ]
INFO: [ app_end ] --START--
INFO: Run Behavior\ShowPageTraceBehavior [ RunTime:0.001000s ]
INFO: [ app_end ] --END-- [ RunTime:0.001000s ]

[ 2015-08-11T09:50:34+08:00 ] ::1 /wisdom/index.php/Api/Web/promReport
INFO: [ app_init ] --START--
INFO: Run Behavior\BuildLiteBehavior [ RunTime:0.000000s ]
INFO: [ app_init ] --END-- [ RunTime:0.000000s ]
INFO: [ app_begin ] --START--
INFO: Run Behavior\ReadHtmlCacheBehavior [ RunTime:0.001000s ]
INFO: [ app_begin ] --END-- [ RunTime:0.001000s ]
SQL: SHOW COLUMNS FROM `t_tasksmallinfo` [ RunTime:0.0100s ]
SQL: SELECT * FROM `t_tasksmallinfo` WHERE ( f_taskid=207 )  [ RunTime:0.0090s ]
NOTIC: [8] Use of undefined constant share - assumed 'share' D:\wamp\www\wisdom\App\Api\Controller\WebController.class.php 第 2010 行.
SQL: SHOW COLUMNS FROM `t_share` [ RunTime:0.0100s ]
SQL: SELECT COUNT(*) AS tp_count FROM `t_share` WHERE ( f_taskid =207 ) LIMIT 1   [ RunTime:0.0130s ]
INFO: [ app_end ] --START--
INFO: Run Behavior\ShowPageTraceBehavior [ RunTime:0.000000s ]
INFO: [ app_end ] --END-- [ RunTime:0.001000s ]

[ 2015-08-11T09:50:35+08:00 ] ::1 /wisdom/index.php/Api/Web/gettasktitle
INFO: [ app_init ] --START--
INFO: Run Behavior\BuildLiteBehavior [ RunTime:0.000000s ]
INFO: [ app_init ] --END-- [ RunTime:0.000000s ]
INFO: [ app_begin ] --START--
INFO: Run Behavior\ReadHtmlCacheBehavior [ RunTime:0.000000s ]
INFO: [ app_begin ] --END-- [ RunTime:0.000000s ]
SQL: SHOW COLUMNS FROM `t_tasktype` [ RunTime:0.0060s ]
SQL: SELECT `F_TYPEID` FROM `t_tasktype` WHERE ( F_PARENTID=2 )  [ RunTime:0.0050s ]
SQL: SHOW COLUMNS FROM `t_task` [ RunTime:0.0060s ]
SQL: SELECT * FROM `t_task` LEFT JOIN t_tasktype ON t_tasktype.f_typeid = t_task.f_tasktypeid  WHERE `f_tasktypeid` IN ('4','5','6') AND `f_companyid` = '63' AND `f_status` = 3 ORDER BY f_creatdate desc  [ RunTime:0.0070s ]
INFO: [ app_end ] --START--
INFO: Run Behavior\ShowPageTraceBehavior [ RunTime:0.001000s ]
INFO: [ app_end ] --END-- [ RunTime:0.001000s ]

[ 2015-08-11T09:50:35+08:00 ] ::1 /wisdom/index.php/Api/Web/promReport
INFO: [ app_init ] --START--
INFO: Run Behavior\BuildLiteBehavior [ RunTime:0.000000s ]
INFO: [ app_init ] --END-- [ RunTime:0.001000s ]
INFO: [ app_begin ] --START--
INFO: Run Behavior\ReadHtmlCacheBehavior [ RunTime:0.000000s ]
INFO: [ app_begin ] --END-- [ RunTime:0.000000s ]
SQL: SHOW COLUMNS FROM `t_tasksmallinfo` [ RunTime:0.0040s ]
SQL: SELECT * FROM `t_tasksmallinfo` WHERE ( f_taskid=151 )  [ RunTime:0.0030s ]
SQL: SHOW COLUMNS FROM `t_taskdraw` [ RunTime:0.0040s ]
SQL: SELECT COUNT(*) AS tp_count FROM `t_taskdraw` WHERE ( f_taskid =151 and  f_utask_status=2 ) LIMIT 1   [ RunTime:0.0040s ]
SQL: SELECT COUNT(*) AS tp_count FROM `t_taskdraw` WHERE ( f_taskid =151 and  f_utask_status=3 ) LIMIT 1   [ RunTime:0.0040s ]
INFO: [ app_end ] --START--
INFO: Run Behavior\ShowPageTraceBehavior [ RunTime:0.000000s ]
INFO: [ app_end ] --END-- [ RunTime:0.000000s ]

[ 2015-08-11T09:50:39+08:00 ] ::1 /wisdom/index.php/Api/Web/gettasktitle
INFO: [ app_init ] --START--
INFO: Run Behavior\BuildLiteBehavior [ RunTime:0.000000s ]
INFO: [ app_init ] --END-- [ RunTime:0.001000s ]
INFO: [ app_begin ] --START--
INFO: Run Behavior\ReadHtmlCacheBehavior [ RunTime:0.001000s ]
INFO: [ app_begin ] --END-- [ RunTime:0.001000s ]
SQL: SHOW COLUMNS FROM `t_tasktype` [ RunTime:0.0040s ]
SQL: SELECT `F_TYPEID` FROM `t_tasktype` WHERE ( F_PARENTID=3 )  [ RunTime:0.0040s ]
SQL: SHOW COLUMNS FROM `t_task` [ RunTime:0.0040s ]
SQL: SELECT * FROM `t_task` LEFT JOIN t_tasktype ON t_tasktype.f_typeid = t_task.f_tasktypeid LEFT JOIN t_taskmtbaseinfo ON t_taskmtbaseinfo.f_taskid = t_task.f_tid  WHERE `f_tasktypeid` IN ('3') AND `f_companyid` = '63' AND `f_status` = 3 ORDER BY f_creatdate desc  [ RunTime:0.0070s ]
INFO: [ app_end ] --START--
INFO: Run Behavior\ShowPageTraceBehavior [ RunTime:0.004000s ]
INFO: [ app_end ] --END-- [ RunTime:0.005000s ]

[ 2015-08-11T09:50:39+08:00 ] ::1 /wisdom/index.php/Api/Web/InvTargetstatistics
INFO: [ app_init ] --START--
INFO: Run Behavior\BuildLiteBehavior [ RunTime:0.000000s ]
INFO: [ app_init ] --END-- [ RunTime:0.002000s ]
INFO: [ app_begin ] --START--
INFO: Run Behavior\ReadHtmlCacheBehavior [ RunTime:0.001001s ]
INFO: [ app_begin ] --END-- [ RunTime:0.001001s ]
SQL: SHOW COLUMNS FROM `t_taskmtareaqty` [ RunTime:0.0100s ]
SQL: SELECT SUM(f_qty) AS tp_sum FROM `t_taskmtareaqty` WHERE ( f_taskid =60 ) LIMIT 1   [ RunTime:0.0100s ]
SQL: SHOW COLUMNS FROM `t_taskmtbaseinfo` [ RunTime:0.0100s ]
SQL: SELECT * FROM `t_taskmtbaseinfo` WHERE ( f_taskid =60 ) LIMIT 1   [ RunTime:0.0090s ]
SQL: SHOW COLUMNS FROM `t_dealerbaseinfo` [ RunTime:0.0100s ]
SQL: SELECT COUNT(*) AS tp_count FROM `t_dealerbaseinfo` WHERE ( f_taskid =60 and  f_dealer_strats = 3 ) LIMIT 1   [ RunTime:0.0090s ]
SQL: SELECT COUNT(*) AS tp_count FROM `t_dealerbaseinfo` WHERE ( f_taskid =60 and f_dealer_strats = 1 ) LIMIT 1   [ RunTime:0.0100s ]
SQL: SELECT * FROM `t_taskmtareaqty` WHERE ( f_taskid =60 ) ORDER BY f_qty LIMIT 5   [ RunTime:0.0110s ]
INFO: [ app_end ] --START--
INFO: Run Behavior\ShowPageTraceBehavior [ RunTime:0.001001s ]
INFO: [ app_end ] --END-- [ RunTime:0.001001s ]

[ 2015-08-11T09:50:42+08:00 ] ::1 /wisdom/index.php/Api/Web/gettasktitle
INFO: [ app_init ] --START--
INFO: Run Behavior\BuildLiteBehavior [ RunTime:0.000000s ]
INFO: [ app_init ] --END-- [ RunTime:0.000000s ]
INFO: [ app_begin ] --START--
INFO: Run Behavior\ReadHtmlCacheBehavior [ RunTime:0.000000s ]
INFO: [ app_begin ] --END-- [ RunTime:0.001000s ]
SQL: SHOW COLUMNS FROM `t_tasktype` [ RunTime:0.0110s ]
SQL: SELECT `F_TYPEID` FROM `t_tasktype` WHERE ( F_PARENTID=1 )  [ RunTime:0.0110s ]
SQL: SHOW COLUMNS FROM `t_task` [ RunTime:0.0120s ]
SQL: SELECT * FROM `t_task` LEFT JOIN t_tasktype ON t_tasktype.f_typeid = t_task.f_tasktypeid  WHERE `f_tasktypeid` IN ('1') AND `f_companyid` = '63' AND `f_status` = 3 ORDER BY f_creatdate desc  [ RunTime:0.0130s ]
INFO: [ app_end ] --START--
INFO: Run Behavior\ShowPageTraceBehavior [ RunTime:0.000000s ]
INFO: [ app_end ] --END-- [ RunTime:0.000000s ]

[ 2015-08-11T09:50:42+08:00 ] ::1 /wisdom/index.php/Api/Web/promReport
INFO: [ app_init ] --START--
INFO: Run Behavior\BuildLiteBehavior [ RunTime:0.000000s ]
INFO: [ app_init ] --END-- [ RunTime:0.001000s ]
INFO: [ app_begin ] --START--
INFO: Run Behavior\ReadHtmlCacheBehavior [ RunTime:0.003000s ]
INFO: [ app_begin ] --END-- [ RunTime:0.004000s ]
SQL: SHOW COLUMNS FROM `t_tasksmallinfo` [ RunTime:0.0090s ]
SQL: SELECT * FROM `t_tasksmallinfo` WHERE ( f_taskid=207 )  [ RunTime:0.0080s ]
NOTIC: [8] Use of undefined constant share - assumed 'share' D:\wamp\www\wisdom\App\Api\Controller\WebController.class.php 第 2010 行.
SQL: SHOW COLUMNS FROM `t_share` [ RunTime:0.0080s ]
SQL: SELECT COUNT(*) AS tp_count FROM `t_share` WHERE ( f_taskid =207 ) LIMIT 1   [ RunTime:0.0140s ]
INFO: [ app_end ] --START--
INFO: Run Behavior\ShowPageTraceBehavior [ RunTime:0.000000s ]
INFO: [ app_end ] --END-- [ RunTime:0.001000s ]

[ 2015-08-11T09:50:42+08:00 ] ::1 /wisdom/index.php/Api/Web/gettasktitle
INFO: [ app_init ] --START--
INFO: Run Behavior\BuildLiteBehavior [ RunTime:0.000000s ]
INFO: [ app_init ] --END-- [ RunTime:0.000000s ]
INFO: [ app_begin ] --START--
INFO: Run Behavior\ReadHtmlCacheBehavior [ RunTime:0.000000s ]
INFO: [ app_begin ] --END-- [ RunTime:0.000000s ]
SQL: SHOW COLUMNS FROM `t_tasktype` [ RunTime:0.0070s ]
SQL: SELECT `F_TYPEID` FROM `t_tasktype` WHERE ( F_PARENTID=2 )  [ RunTime:0.0070s ]
SQL: SHOW COLUMNS FROM `t_task` [ RunTime:0.0070s ]
SQL: SELECT * FROM `t_task` LEFT JOIN t_tasktype ON t_tasktype.f_typeid = t_task.f_tasktypeid  WHERE `f_tasktypeid` IN ('4','5','6') AND `f_companyid` = '63' AND `f_status` = 3 ORDER BY f_creatdate desc  [ RunTime:0.0080s ]
INFO: [ app_end ] --START--
INFO: Run Behavior\ShowPageTraceBehavior [ RunTime:0.000000s ]
INFO: [ app_end ] --END-- [ RunTime:0.000000s ]

[ 2015-08-11T09:50:43+08:00 ] ::1 /wisdom/index.php/Api/Web/promReport
INFO: [ app_init ] --START--
INFO: Run Behavior\BuildLiteBehavior [ RunTime:0.000000s ]
INFO: [ app_init ] --END-- [ RunTime:0.001000s ]
INFO: [ app_begin ] --START--
INFO: Run Behavior\ReadHtmlCacheBehavior [ RunTime:0.001000s ]
INFO: [ app_begin ] --END-- [ RunTime:0.001000s ]
SQL: SHOW COLUMNS FROM `t_tasksmallinfo` [ RunTime:0.0070s ]
SQL: SELECT * FROM `t_tasksmallinfo` WHERE ( f_taskid=151 )  [ RunTime:0.0070s ]
SQL: SHOW COLUMNS FROM `t_taskdraw` [ RunTime:0.0070s ]
SQL: SELECT COUNT(*) AS tp_count FROM `t_taskdraw` WHERE ( f_taskid =151 and  f_utask_status=2 ) LIMIT 1   [ RunTime:0.0060s ]
SQL: SELECT COUNT(*) AS tp_count FROM `t_taskdraw` WHERE ( f_taskid =151 and  f_utask_status=3 ) LIMIT 1   [ RunTime:0.0060s ]
INFO: [ app_end ] --START--
INFO: Run Behavior\ShowPageTraceBehavior [ RunTime:0.000000s ]
INFO: [ app_end ] --END-- [ RunTime:0.001000s ]

[ 2015-08-11T09:50:46+08:00 ] ::1 /wisdom/index.php/Api/Web/gettasktitle
INFO: [ app_init ] --START--
INFO: Run Behavior\BuildLiteBehavior [ RunTime:0.000000s ]
INFO: [ app_init ] --END-- [ RunTime:0.001000s ]
INFO: [ app_begin ] --START--
INFO: Run Behavior\ReadHtmlCacheBehavior [ RunTime:0.000000s ]
INFO: [ app_begin ] --END-- [ RunTime:0.001000s ]
SQL: SHOW COLUMNS FROM `t_tasktype` [ RunTime:0.0170s ]
SQL: SELECT `F_TYPEID` FROM `t_tasktype` WHERE ( F_PARENTID=1 )  [ RunTime:0.0070s ]
SQL: SHOW COLUMNS FROM `t_task` [ RunTime:0.0070s ]
SQL: SELECT * FROM `t_task` LEFT JOIN t_tasktype ON t_tasktype.f_typeid = t_task.f_tasktypeid  WHERE `f_tasktypeid` IN ('1') AND `f_companyid` = '63' AND `f_status` = 3 ORDER BY f_creatdate desc  [ RunTime:0.0080s ]
INFO: [ app_end ] --START--
INFO: Run Behavior\ShowPageTraceBehavior [ RunTime:0.001000s ]
INFO: [ app_end ] --END-- [ RunTime:0.001000s ]

[ 2015-08-11T09:50:46+08:00 ] ::1 /wisdom/index.php/Api/Web/promReport
INFO: [ app_init ] --START--
INFO: Run Behavior\BuildLiteBehavior [ RunTime:0.000000s ]
INFO: [ app_init ] --END-- [ RunTime:0.000000s ]
INFO: [ app_begin ] --START--
INFO: Run Behavior\ReadHtmlCacheBehavior [ RunTime:0.001000s ]
INFO: [ app_begin ] --END-- [ RunTime:0.001000s ]
SQL: SHOW COLUMNS FROM `t_tasksmallinfo` [ RunTime:0.0060s ]
SQL: SELECT * FROM `t_tasksmallinfo` WHERE ( f_taskid=207 )  [ RunTime:0.0060s ]
NOTIC: [8] Use of undefined constant share - assumed 'share' D:\wamp\www\wisdom\App\Api\Controller\WebController.class.php 第 2010 行.
SQL: SHOW COLUMNS FROM `t_share` [ RunTime:0.0060s ]
SQL: SELECT COUNT(*) AS tp_count FROM `t_share` WHERE ( f_taskid =207 ) LIMIT 1   [ RunTime:0.0110s ]
INFO: [ app_end ] --START--
INFO: Run Behavior\ShowPageTraceBehavior [ RunTime:0.000000s ]
INFO: [ app_end ] --END-- [ RunTime:0.000000s ]

[ 2015-08-11T09:50:46+08:00 ] ::1 /wisdom/index.php/Api/Web/gettasktitle
INFO: [ app_init ] --START--
INFO: Run Behavior\BuildLiteBehavior [ RunTime:0.000000s ]
INFO: [ app_init ] --END-- [ RunTime:0.000000s ]
INFO: [ app_begin ] --START--
INFO: Run Behavior\ReadHtmlCacheBehavior [ RunTime:0.001000s ]
INFO: [ app_begin ] --END-- [ RunTime:0.001000s ]
SQL: SHOW COLUMNS FROM `t_tasktype` [ RunTime:0.0030s ]
SQL: SELECT `F_TYPEID` FROM `t_tasktype` WHERE ( F_PARENTID=2 )  [ RunTime:0.0030s ]
SQL: SHOW COLUMNS FROM `t_task` [ RunTime:0.0050s ]
SQL: SELECT * FROM `t_task` LEFT JOIN t_tasktype ON t_tasktype.f_typeid = t_task.f_tasktypeid  WHERE `f_tasktypeid` IN ('4','5','6') AND `f_companyid` = '63' AND `f_status` = 3 ORDER BY f_creatdate desc  [ RunTime:0.0050s ]
INFO: [ app_end ] --START--
INFO: Run Behavior\ShowPageTraceBehavior [ RunTime:0.000000s ]
INFO: [ app_end ] --END-- [ RunTime:0.000000s ]

[ 2015-08-11T09:50:46+08:00 ] ::1 /wisdom/index.php/Api/Web/promReport
INFO: [ app_init ] --START--
INFO: Run Behavior\BuildLiteBehavior [ RunTime:0.000000s ]
INFO: [ app_init ] --END-- [ RunTime:0.000000s ]
INFO: [ app_begin ] --START--
INFO: Run Behavior\ReadHtmlCacheBehavior [ RunTime:0.000000s ]
INFO: [ app_begin ] --END-- [ RunTime:0.000000s ]
SQL: SHOW COLUMNS FROM `t_tasksmallinfo` [ RunTime:0.0150s ]
SQL: SELECT * FROM `t_tasksmallinfo` WHERE ( f_taskid=151 )  [ RunTime:0.0110s ]
SQL: SHOW COLUMNS FROM `t_taskdraw` [ RunTime:0.0110s ]
SQL: SELECT COUNT(*) AS tp_count FROM `t_taskdraw` WHERE ( f_taskid =151 and  f_utask_status=2 ) LIMIT 1   [ RunTime:0.0100s ]
SQL: SELECT COUNT(*) AS tp_count FROM `t_taskdraw` WHERE ( f_taskid =151 and  f_utask_status=3 ) LIMIT 1   [ RunTime:0.0100s ]
INFO: [ app_end ] --START--
INFO: Run Behavior\ShowPageTraceBehavior [ RunTime:0.000000s ]
INFO: [ app_end ] --END-- [ RunTime:0.000000s ]

[ 2015-08-11T09:50:49+08:00 ] ::1 /wisdom/index.php/Api/Web/gettasktitle
INFO: [ app_init ] --START--
INFO: Run Behavior\BuildLiteBehavior [ RunTime:0.000000s ]
INFO: [ app_init ] --END-- [ RunTime:0.001000s ]
INFO: [ app_begin ] --START--
INFO: Run Behavior\ReadHtmlCacheBehavior [ RunTime:0.001000s ]
INFO: [ app_begin ] --END-- [ RunTime:0.001000s ]
SQL: SHOW COLUMNS FROM `t_tasktype` [ RunTime:0.0100s ]
SQL: SELECT `F_TYPEID` FROM `t_tasktype` WHERE ( F_PARENTID=3 )  [ RunTime:0.0100s ]
SQL: SHOW COLUMNS FROM `t_task` [ RunTime:0.0100s ]
SQL: SELECT * FROM `t_task` LEFT JOIN t_tasktype ON t_tasktype.f_typeid = t_task.f_tasktypeid LEFT JOIN t_taskmtbaseinfo ON t_taskmtbaseinfo.f_taskid = t_task.f_tid  WHERE `f_tasktypeid` IN ('3') AND `f_companyid` = '63' AND `f_status` = 3 ORDER BY f_creatdate desc  [ RunTime:0.0110s ]
INFO: [ app_end ] --START--
INFO: Run Behavior\ShowPageTraceBehavior [ RunTime:0.000000s ]
INFO: [ app_end ] --END-- [ RunTime:0.000000s ]

[ 2015-08-11T09:50:49+08:00 ] ::1 /wisdom/index.php/Api/Web/InvTargetstatistics
INFO: [ app_init ] --START--
INFO: Run Behavior\BuildLiteBehavior [ RunTime:0.000000s ]
INFO: [ app_init ] --END-- [ RunTime:0.000000s ]
INFO: [ app_begin ] --START--
INFO: Run Behavior\ReadHtmlCacheBehavior [ RunTime:0.000000s ]
INFO: [ app_begin ] --END-- [ RunTime:0.000000s ]
SQL: SHOW COLUMNS FROM `t_taskmtareaqty` [ RunTime:0.0070s ]
SQL: SELECT SUM(f_qty) AS tp_sum FROM `t_taskmtareaqty` WHERE ( f_taskid =60 ) LIMIT 1   [ RunTime:0.0060s ]
SQL: SHOW COLUMNS FROM `t_taskmtbaseinfo` [ RunTime:0.0060s ]
SQL: SELECT * FROM `t_taskmtbaseinfo` WHERE ( f_taskid =60 ) LIMIT 1   [ RunTime:0.0070s ]
SQL: SHOW COLUMNS FROM `t_dealerbaseinfo` [ RunTime:0.0080s ]
SQL: SELECT COUNT(*) AS tp_count FROM `t_dealerbaseinfo` WHERE ( f_taskid =60 and  f_dealer_strats = 3 ) LIMIT 1   [ RunTime:0.0060s ]
SQL: SELECT COUNT(*) AS tp_count FROM `t_dealerbaseinfo` WHERE ( f_taskid =60 and f_dealer_strats = 1 ) LIMIT 1   [ RunTime:0.0070s ]
SQL: SELECT * FROM `t_taskmtareaqty` WHERE ( f_taskid =60 ) ORDER BY f_qty LIMIT 5   [ RunTime:0.0080s ]
INFO: [ app_end ] --START--
INFO: Run Behavior\ShowPageTraceBehavior [ RunTime:0.001000s ]
INFO: [ app_end ] --END-- [ RunTime:0.001000s ]

[ 2015-08-11T11:56:23+08:00 ] ::1 /wisdom/index.php/Api/Info/conf
INFO: [ app_init ] --START--
INFO: Run Behavior\BuildLiteBehavior [ RunTime:0.000000s ]
INFO: [ app_init ] --END-- [ RunTime:0.000000s ]
INFO: [ app_begin ] --START--
INFO: Run Behavior\ReadHtmlCacheBehavior [ RunTime:0.000000s ]
INFO: [ app_begin ] --END-- [ RunTime:0.000000s ]
INFO: [ app_end ] --START--
INFO: Run Behavior\ShowPageTraceBehavior [ RunTime:0.001000s ]
INFO: [ app_end ] --END-- [ RunTime:0.001000s ]

[ 2015-08-11T11:56:23+08:00 ] ::1 /wisdom/index.php/Api/Info/conf
INFO: [ app_init ] --START--
INFO: Run Behavior\BuildLiteBehavior [ RunTime:0.000000s ]
INFO: [ app_init ] --END-- [ RunTime:0.001000s ]
INFO: [ app_begin ] --START--
INFO: Run Behavior\ReadHtmlCacheBehavior [ RunTime:0.001000s ]
INFO: [ app_begin ] --END-- [ RunTime:0.001000s ]
INFO: [ app_end ] --START--
INFO: Run Behavior\ShowPageTraceBehavior [ RunTime:0.001000s ]
INFO: [ app_end ] --END-- [ RunTime:0.001000s ]

[ 2015-08-11T11:56:24+08:00 ] ::1 /wisdom/index.php/Api/Web/gettasktitle
INFO: [ app_init ] --START--
INFO: Run Behavior\BuildLiteBehavior [ RunTime:0.000000s ]
INFO: [ app_init ] --END-- [ RunTime:0.000000s ]
INFO: [ app_begin ] --START--
INFO: Run Behavior\ReadHtmlCacheBehavior [ RunTime:0.000000s ]
INFO: [ app_begin ] --END-- [ RunTime:0.000000s ]
SQL: SHOW COLUMNS FROM `t_tasktype` [ RunTime:0.0080s ]
SQL: SELECT `F_TYPEID` FROM `t_tasktype` WHERE ( F_PARENTID=3 )  [ RunTime:0.0080s ]
SQL: SHOW COLUMNS FROM `t_task` [ RunTime:0.0080s ]
SQL: SELECT * FROM `t_task` LEFT JOIN t_tasktype ON t_tasktype.f_typeid = t_task.f_tasktypeid LEFT JOIN t_taskmtbaseinfo ON t_taskmtbaseinfo.f_taskid = t_task.f_tid  WHERE `f_tasktypeid` IN ('3') AND `f_companyid` = '63' AND `f_status` = 3 ORDER BY f_creatdate desc  [ RunTime:0.0090s ]
INFO: [ app_end ] --START--
INFO: Run Behavior\ShowPageTraceBehavior [ RunTime:0.001000s ]
INFO: [ app_end ] --END-- [ RunTime:0.001000s ]

[ 2015-08-11T11:56:24+08:00 ] ::1 /wisdom/index.php/Api/Web/InvTargetstatistics
INFO: [ app_init ] --START--
INFO: Run Behavior\BuildLiteBehavior [ RunTime:0.000000s ]
INFO: [ app_init ] --END-- [ RunTime:0.001000s ]
INFO: [ app_begin ] --START--
INFO: Run Behavior\ReadHtmlCacheBehavior [ RunTime:0.000000s ]
INFO: [ app_begin ] --END-- [ RunTime:0.000000s ]
SQL: SHOW COLUMNS FROM `t_taskmtareaqty` [ RunTime:0.0040s ]
SQL: SELECT SUM(f_qty) AS tp_sum FROM `t_taskmtareaqty` WHERE ( f_taskid =60 ) LIMIT 1   [ RunTime:0.0040s ]
SQL: SHOW COLUMNS FROM `t_taskmtbaseinfo` [ RunTime:0.0030s ]
SQL: SELECT * FROM `t_taskmtbaseinfo` WHERE ( f_taskid =60 ) LIMIT 1   [ RunTime:0.0030s ]
SQL: SHOW COLUMNS FROM `t_dealerbaseinfo` [ RunTime:0.0040s ]
SQL: SELECT COUNT(*) AS tp_count FROM `t_dealerbaseinfo` WHERE ( f_taskid =60 and  f_dealer_strats = 3 ) LIMIT 1   [ RunTime:0.0030s ]
SQL: SELECT COUNT(*) AS tp_count FROM `t_dealerbaseinfo` WHERE ( f_taskid =60 and f_dealer_strats = 1 ) LIMIT 1   [ RunTime:0.0030s ]
SQL: SELECT * FROM `t_taskmtareaqty` WHERE ( f_taskid =60 ) ORDER BY f_qty LIMIT 5   [ RunTime:0.0030s ]
INFO: [ app_end ] --START--
INFO: Run Behavior\ShowPageTraceBehavior [ RunTime:0.002000s ]
INFO: [ app_end ] --END-- [ RunTime:0.002000s ]

[ 2015-08-11T11:56:26+08:00 ] ::1 /wisdom/index.php/Api/Web/gettasktitle
INFO: [ app_init ] --START--
INFO: Run Behavior\BuildLiteBehavior [ RunTime:0.000000s ]
INFO: [ app_init ] --END-- [ RunTime:0.000000s ]
INFO: [ app_begin ] --START--
INFO: Run Behavior\ReadHtmlCacheBehavior [ RunTime:0.001000s ]
INFO: [ app_begin ] --END-- [ RunTime:0.001000s ]
SQL: SHOW COLUMNS FROM `t_tasktype` [ RunTime:0.0060s ]
SQL: SELECT `F_TYPEID` FROM `t_tasktype` WHERE ( F_PARENTID=1 )  [ RunTime:0.0060s ]
SQL: SHOW COLUMNS FROM `t_task` [ RunTime:0.0070s ]
SQL: SELECT * FROM `t_task` LEFT JOIN t_tasktype ON t_tasktype.f_typeid = t_task.f_tasktypeid  WHERE `f_tasktypeid` IN ('1') AND `f_companyid` = '63' AND `f_status` = 3 ORDER BY f_creatdate desc  [ RunTime:0.0080s ]
INFO: [ app_end ] --START--
INFO: Run Behavior\ShowPageTraceBehavior [ RunTime:0.007001s ]
INFO: [ app_end ] --END-- [ RunTime:0.007001s ]

[ 2015-08-11T11:56:27+08:00 ] ::1 /wisdom/index.php/Api/Web/promReport
INFO: [ app_init ] --START--
INFO: Run Behavior\BuildLiteBehavior [ RunTime:0.000000s ]
INFO: [ app_init ] --END-- [ RunTime:0.001000s ]
INFO: [ app_begin ] --START--
INFO: Run Behavior\ReadHtmlCacheBehavior [ RunTime:0.001000s ]
INFO: [ app_begin ] --END-- [ RunTime:0.001000s ]
SQL: SHOW COLUMNS FROM `t_tasksmallinfo` [ RunTime:0.0110s ]
SQL: SELECT * FROM `t_tasksmallinfo` WHERE ( f_taskid=207 )  [ RunTime:0.0100s ]
NOTIC: [8] Use of undefined constant share - assumed 'share' D:\wamp\www\wisdom\App\Api\Controller\WebController.class.php 第 2180 行.
SQL: SHOW COLUMNS FROM `t_share` [ RunTime:0.0170s ]
SQL: SELECT COUNT(*) AS tp_count FROM `t_share` WHERE ( f_taskid =207 ) LIMIT 1   [ RunTime:0.0150s ]
INFO: [ app_end ] --START--
INFO: Run Behavior\ShowPageTraceBehavior [ RunTime:0.001000s ]
INFO: [ app_end ] --END-- [ RunTime:0.001000s ]

[ 2015-08-11T11:56:27+08:00 ] ::1 /wisdom/index.php/Api/Web/gettasktitle
INFO: [ app_init ] --START--
INFO: Run Behavior\BuildLiteBehavior [ RunTime:0.000000s ]
INFO: [ app_init ] --END-- [ RunTime:0.001000s ]
INFO: [ app_begin ] --START--
INFO: Run Behavior\ReadHtmlCacheBehavior [ RunTime:0.001000s ]
INFO: [ app_begin ] --END-- [ RunTime:0.001000s ]
SQL: SHOW COLUMNS FROM `t_tasktype` [ RunTime:0.0040s ]
SQL: SELECT `F_TYPEID` FROM `t_tasktype` WHERE ( F_PARENTID=2 )  [ RunTime:0.0030s ]
SQL: SHOW COLUMNS FROM `t_task` [ RunTime:0.0050s ]
SQL: SELECT * FROM `t_task` LEFT JOIN t_tasktype ON t_tasktype.f_typeid = t_task.f_tasktypeid  WHERE `f_tasktypeid` IN ('4','5','6') AND `f_companyid` = '63' AND `f_status` = 3 ORDER BY f_creatdate desc  [ RunTime:0.0060s ]
INFO: [ app_end ] --START--
INFO: Run Behavior\ShowPageTraceBehavior [ RunTime:0.000000s ]
INFO: [ app_end ] --END-- [ RunTime:0.001000s ]

[ 2015-08-11T11:56:27+08:00 ] ::1 /wisdom/index.php/Api/Web/promReport
INFO: [ app_init ] --START--
INFO: Run Behavior\BuildLiteBehavior [ RunTime:0.000000s ]
INFO: [ app_init ] --END-- [ RunTime:0.001000s ]
INFO: [ app_begin ] --START--
INFO: Run Behavior\ReadHtmlCacheBehavior [ RunTime:0.001001s ]
INFO: [ app_begin ] --END-- [ RunTime:0.001001s ]
SQL: SHOW COLUMNS FROM `t_tasksmallinfo` [ RunTime:0.0060s ]
SQL: SELECT * FROM `t_tasksmallinfo` WHERE ( f_taskid=151 )  [ RunTime:0.0070s ]
SQL: SHOW COLUMNS FROM `t_taskdraw` [ RunTime:0.0060s ]
SQL: SELECT COUNT(*) AS tp_count FROM `t_taskdraw` WHERE ( f_taskid =151 and  f_utask_status=2 ) LIMIT 1   [ RunTime:0.0050s ]
SQL: SELECT COUNT(*) AS tp_count FROM `t_taskdraw` WHERE ( f_taskid =151 and  f_utask_status=3 ) LIMIT 1   [ RunTime:0.0050s ]
INFO: [ app_end ] --START--
INFO: Run Behavior\ShowPageTraceBehavior [ RunTime:0.001000s ]
INFO: [ app_end ] --END-- [ RunTime:0.001000s ]

[ 2015-08-11T11:56:31+08:00 ] ::1 /wisdom/index.php/Api/Web/gettasktitle
INFO: [ app_init ] --START--
INFO: Run Behavior\BuildLiteBehavior [ RunTime:0.000000s ]
INFO: [ app_init ] --END-- [ RunTime:0.001000s ]
INFO: [ app_begin ] --START--
INFO: Run Behavior\ReadHtmlCacheBehavior [ RunTime:0.001000s ]
INFO: [ app_begin ] --END-- [ RunTime:0.001000s ]
SQL: SHOW COLUMNS FROM `t_tasktype` [ RunTime:0.0100s ]
SQL: SELECT `F_TYPEID` FROM `t_tasktype` WHERE ( F_PARENTID=1 )  [ RunTime:0.0090s ]
SQL: SHOW COLUMNS FROM `t_task` [ RunTime:0.0100s ]
SQL: SELECT * FROM `t_task` LEFT JOIN t_tasktype ON t_tasktype.f_typeid = t_task.f_tasktypeid  WHERE `f_tasktypeid` IN ('1') AND `f_companyid` = '63' AND `f_status` = 3 ORDER BY f_creatdate desc  [ RunTime:0.0110s ]
INFO: [ app_end ] --START--
INFO: Run Behavior\ShowPageTraceBehavior [ RunTime:0.003000s ]
INFO: [ app_end ] --END-- [ RunTime:0.003000s ]

[ 2015-08-11T11:56:31+08:00 ] ::1 /wisdom/index.php/Api/Web/promReport
INFO: [ app_init ] --START--
INFO: Run Behavior\BuildLiteBehavior [ RunTime:0.000000s ]
INFO: [ app_init ] --END-- [ RunTime:0.001000s ]
INFO: [ app_begin ] --START--
INFO: Run Behavior\ReadHtmlCacheBehavior [ RunTime:0.001000s ]
INFO: [ app_begin ] --END-- [ RunTime:0.001000s ]
SQL: SHOW COLUMNS FROM `t_tasksmallinfo` [ RunTime:0.0070s ]
SQL: SELECT * FROM `t_tasksmallinfo` WHERE ( f_taskid=207 )  [ RunTime:0.0070s ]
NOTIC: [8] Use of undefined constant share - assumed 'share' D:\wamp\www\wisdom\App\Api\Controller\WebController.class.php 第 2180 行.
SQL: SHOW COLUMNS FROM `t_share` [ RunTime:0.0070s ]
SQL: SELECT COUNT(*) AS tp_count FROM `t_share` WHERE ( f_taskid =207 ) LIMIT 1   [ RunTime:0.0110s ]
INFO: [ app_end ] --START--
INFO: Run Behavior\ShowPageTraceBehavior [ RunTime:0.003001s ]
INFO: [ app_end ] --END-- [ RunTime:0.004001s ]

[ 2015-08-11T11:56:31+08:00 ] ::1 /wisdom/index.php/Api/Web/gettasktitle
INFO: [ app_init ] --START--
INFO: Run Behavior\BuildLiteBehavior [ RunTime:0.000000s ]
INFO: [ app_init ] --END-- [ RunTime:0.001000s ]
INFO: [ app_begin ] --START--
INFO: Run Behavior\ReadHtmlCacheBehavior [ RunTime:0.002000s ]
INFO: [ app_begin ] --END-- [ RunTime:0.002000s ]
SQL: SHOW COLUMNS FROM `t_tasktype` [ RunTime:0.0060s ]
SQL: SELECT `F_TYPEID` FROM `t_tasktype` WHERE ( F_PARENTID=2 )  [ RunTime:0.0060s ]
SQL: SHOW COLUMNS FROM `t_task` [ RunTime:0.0070s ]
SQL: SELECT * FROM `t_task` LEFT JOIN t_tasktype ON t_tasktype.f_typeid = t_task.f_tasktypeid  WHERE `f_tasktypeid` IN ('4','5','6') AND `f_companyid` = '63' AND `f_status` = 3 ORDER BY f_creatdate desc  [ RunTime:0.0080s ]
INFO: [ app_end ] --START--
INFO: Run Behavior\ShowPageTraceBehavior [ RunTime:0.000000s ]
INFO: [ app_end ] --END-- [ RunTime:0.000000s ]

[ 2015-08-11T11:56:31+08:00 ] ::1 /wisdom/index.php/Api/Web/promReport
INFO: [ app_init ] --START--
INFO: Run Behavior\BuildLiteBehavior [ RunTime:0.000000s ]
INFO: [ app_init ] --END-- [ RunTime:0.001000s ]
INFO: [ app_begin ] --START--
INFO: Run Behavior\ReadHtmlCacheBehavior [ RunTime:0.001000s ]
INFO: [ app_begin ] --END-- [ RunTime:0.001000s ]
SQL: SHOW COLUMNS FROM `t_tasksmallinfo` [ RunTime:0.0040s ]
SQL: SELECT * FROM `t_tasksmallinfo` WHERE ( f_taskid=151 )  [ RunTime:0.0040s ]
SQL: SHOW COLUMNS FROM `t_taskdraw` [ RunTime:0.0040s ]
SQL: SELECT COUNT(*) AS tp_count FROM `t_taskdraw` WHERE ( f_taskid =151 and  f_utask_status=2 ) LIMIT 1   [ RunTime:0.0040s ]
SQL: SELECT COUNT(*) AS tp_count FROM `t_taskdraw` WHERE ( f_taskid =151 and  f_utask_status=3 ) LIMIT 1   [ RunTime:0.0040s ]
INFO: [ app_end ] --START--
INFO: Run Behavior\ShowPageTraceBehavior [ RunTime:0.001000s ]
INFO: [ app_end ] --END-- [ RunTime:0.001000s ]

[ 2015-08-11T11:56:32+08:00 ] ::1 /wisdom/index.php/Api/Web/gettasktitle
INFO: [ app_init ] --START--
INFO: Run Behavior\BuildLiteBehavior [ RunTime:0.000000s ]
INFO: [ app_init ] --END-- [ RunTime:0.001000s ]
INFO: [ app_begin ] --START--
INFO: Run Behavior\ReadHtmlCacheBehavior [ RunTime:0.003000s ]
INFO: [ app_begin ] --END-- [ RunTime:0.004000s ]
SQL: SHOW COLUMNS FROM `t_tasktype` [ RunTime:0.0050s ]
SQL: SELECT `F_TYPEID` FROM `t_tasktype` WHERE ( F_PARENTID=3 )  [ RunTime:0.0040s ]
SQL: SHOW COLUMNS FROM `t_task` [ RunTime:0.0050s ]
SQL: SELECT * FROM `t_task` LEFT JOIN t_tasktype ON t_tasktype.f_typeid = t_task.f_tasktypeid LEFT JOIN t_taskmtbaseinfo ON t_taskmtbaseinfo.f_taskid = t_task.f_tid  WHERE `f_tasktypeid` IN ('3') AND `f_companyid` = '63' AND `f_status` = 3 ORDER BY f_creatdate desc  [ RunTime:0.0050s ]
INFO: [ app_end ] --START--
INFO: Run Behavior\ShowPageTraceBehavior [ RunTime:0.000000s ]
INFO: [ app_end ] --END-- [ RunTime:0.000000s ]

[ 2015-08-11T11:56:32+08:00 ] ::1 /wisdom/index.php/Api/Web/InvTargetstatistics
INFO: [ app_init ] --START--
INFO: Run Behavior\BuildLiteBehavior [ RunTime:0.000000s ]
INFO: [ app_init ] --END-- [ RunTime:0.000000s ]
INFO: [ app_begin ] --START--
INFO: Run Behavior\ReadHtmlCacheBehavior [ RunTime:0.001000s ]
INFO: [ app_begin ] --END-- [ RunTime:0.001000s ]
SQL: SHOW COLUMNS FROM `t_taskmtareaqty` [ RunTime:0.0100s ]
SQL: SELECT SUM(f_qty) AS tp_sum FROM `t_taskmtareaqty` WHERE ( f_taskid =60 ) LIMIT 1   [ RunTime:0.0090s ]
SQL: SHOW COLUMNS FROM `t_taskmtbaseinfo` [ RunTime:0.0100s ]
SQL: SELECT * FROM `t_taskmtbaseinfo` WHERE ( f_taskid =60 ) LIMIT 1   [ RunTime:0.0100s ]
SQL: SHOW COLUMNS FROM `t_dealerbaseinfo` [ RunTime:0.0100s ]
SQL: SELECT COUNT(*) AS tp_count FROM `t_dealerbaseinfo` WHERE ( f_taskid =60 and  f_dealer_strats = 3 ) LIMIT 1   [ RunTime:0.0100s ]
SQL: SELECT COUNT(*) AS tp_count FROM `t_dealerbaseinfo` WHERE ( f_taskid =60 and f_dealer_strats = 1 ) LIMIT 1   [ RunTime:0.0100s ]
SQL: SELECT * FROM `t_taskmtareaqty` WHERE ( f_taskid =60 ) ORDER BY f_qty LIMIT 5   [ RunTime:0.0090s ]
INFO: [ app_end ] --START--
INFO: Run Behavior\ShowPageTraceBehavior [ RunTime:0.001000s ]
INFO: [ app_end ] --END-- [ RunTime:0.001000s ]

[ 2015-08-11T11:56:33+08:00 ] ::1 /wisdom/index.php/Api/Web/gettasktitle
INFO: [ app_init ] --START--
INFO: Run Behavior\BuildLiteBehavior [ RunTime:0.000000s ]
INFO: [ app_init ] --END-- [ RunTime:0.000000s ]
INFO: [ app_begin ] --START--
INFO: Run Behavior\ReadHtmlCacheBehavior [ RunTime:0.000000s ]
INFO: [ app_begin ] --END-- [ RunTime:0.000000s ]
SQL: SHOW COLUMNS FROM `t_tasktype` [ RunTime:0.0030s ]
SQL: SELECT `F_TYPEID` FROM `t_tasktype` WHERE ( F_PARENTID=1 )  [ RunTime:0.0030s ]
SQL: SHOW COLUMNS FROM `t_task` [ RunTime:0.0040s ]
SQL: SELECT * FROM `t_task` LEFT JOIN t_tasktype ON t_tasktype.f_typeid = t_task.f_tasktypeid  WHERE `f_tasktypeid` IN ('1') AND `f_companyid` = '63' AND `f_status` = 3 ORDER BY f_creatdate desc  [ RunTime:0.0050s ]
INFO: [ app_end ] --START--
INFO: Run Behavior\ShowPageTraceBehavior [ RunTime:0.001000s ]
INFO: [ app_end ] --END-- [ RunTime:0.002000s ]

[ 2015-08-11T11:56:33+08:00 ] ::1 /wisdom/index.php/Api/Web/promReport
INFO: [ app_init ] --START--
INFO: Run Behavior\BuildLiteBehavior [ RunTime:0.000000s ]
INFO: [ app_init ] --END-- [ RunTime:0.001000s ]
INFO: [ app_begin ] --START--
INFO: Run Behavior\ReadHtmlCacheBehavior [ RunTime:0.001000s ]
INFO: [ app_begin ] --END-- [ RunTime:0.001000s ]
SQL: SHOW COLUMNS FROM `t_tasksmallinfo` [ RunTime:0.0110s ]
SQL: SELECT * FROM `t_tasksmallinfo` WHERE ( f_taskid=207 )  [ RunTime:0.0110s ]
NOTIC: [8] Use of undefined constant share - assumed 'share' D:\wamp\www\wisdom\App\Api\Controller\WebController.class.php 第 2180 行.
SQL: SHOW COLUMNS FROM `t_share` [ RunTime:0.0110s ]
SQL: SELECT COUNT(*) AS tp_count FROM `t_share` WHERE ( f_taskid =207 ) LIMIT 1   [ RunTime:0.0140s ]
INFO: [ app_end ] --START--
INFO: Run Behavior\ShowPageTraceBehavior [ RunTime:0.002000s ]
INFO: [ app_end ] --END-- [ RunTime:0.002000s ]

[ 2015-08-11T11:56:33+08:00 ] ::1 /wisdom/index.php/Api/Web/gettasktitle
INFO: [ app_init ] --START--
INFO: Run Behavior\BuildLiteBehavior [ RunTime:0.000000s ]
INFO: [ app_init ] --END-- [ RunTime:0.001000s ]
INFO: [ app_begin ] --START--
INFO: Run Behavior\ReadHtmlCacheBehavior [ RunTime:0.001000s ]
INFO: [ app_begin ] --END-- [ RunTime:0.001000s ]
SQL: SHOW COLUMNS FROM `t_tasktype` [ RunTime:0.0040s ]
SQL: SELECT `F_TYPEID` FROM `t_tasktype` WHERE ( F_PARENTID=2 )  [ RunTime:0.0030s ]
SQL: SHOW COLUMNS FROM `t_task` [ RunTime:0.0040s ]
SQL: SELECT * FROM `t_task` LEFT JOIN t_tasktype ON t_tasktype.f_typeid = t_task.f_tasktypeid  WHERE `f_tasktypeid` IN ('4','5','6') AND `f_companyid` = '63' AND `f_status` = 3 ORDER BY f_creatdate desc  [ RunTime:0.0040s ]
INFO: [ app_end ] --START--
INFO: Run Behavior\ShowPageTraceBehavior [ RunTime:0.001000s ]
INFO: [ app_end ] --END-- [ RunTime:0.001000s ]

[ 2015-08-11T11:56:34+08:00 ] ::1 /wisdom/index.php/Api/Web/promReport
INFO: [ app_init ] --START--
INFO: Run Behavior\BuildLiteBehavior [ RunTime:0.000000s ]
INFO: [ app_init ] --END-- [ RunTime:0.001000s ]
INFO: [ app_begin ] --START--
INFO: Run Behavior\ReadHtmlCacheBehavior [ RunTime:0.001000s ]
INFO: [ app_begin ] --END-- [ RunTime:0.001000s ]
SQL: SHOW COLUMNS FROM `t_tasksmallinfo` [ RunTime:0.0100s ]
SQL: SELECT * FROM `t_tasksmallinfo` WHERE ( f_taskid=151 )  [ RunTime:0.0110s ]
SQL: SHOW COLUMNS FROM `t_taskdraw` [ RunTime:0.0110s ]
SQL: SELECT COUNT(*) AS tp_count FROM `t_taskdraw` WHERE ( f_taskid =151 and  f_utask_status=2 ) LIMIT 1   [ RunTime:0.0110s ]
SQL: SELECT COUNT(*) AS tp_count FROM `t_taskdraw` WHERE ( f_taskid =151 and  f_utask_status=3 ) LIMIT 1   [ RunTime:0.0110s ]
INFO: [ app_end ] --START--
INFO: Run Behavior\ShowPageTraceBehavior [ RunTime:0.002000s ]
INFO: [ app_end ] --END-- [ RunTime:0.002000s ]

[ 2015-08-11T11:56:35+08:00 ] ::1 /wisdom/index.php/Api/Web/gettasktitle
INFO: [ app_init ] --START--
INFO: Run Behavior\BuildLiteBehavior [ RunTime:0.000000s ]
INFO: [ app_init ] --END-- [ RunTime:0.003000s ]
INFO: [ app_begin ] --START--
INFO: Run Behavior\ReadHtmlCacheBehavior [ RunTime:0.001000s ]
INFO: [ app_begin ] --END-- [ RunTime:0.001000s ]
SQL: SHOW COLUMNS FROM `t_tasktype` [ RunTime:0.0100s ]
SQL: SELECT `F_TYPEID` FROM `t_tasktype` WHERE ( F_PARENTID=3 )  [ RunTime:0.0090s ]
SQL: SHOW COLUMNS FROM `t_task` [ RunTime:0.0100s ]
SQL: SELECT * FROM `t_task` LEFT JOIN t_tasktype ON t_tasktype.f_typeid = t_task.f_tasktypeid LEFT JOIN t_taskmtbaseinfo ON t_taskmtbaseinfo.f_taskid = t_task.f_tid  WHERE `f_tasktypeid` IN ('3') AND `f_companyid` = '63' AND `f_status` = 3 ORDER BY f_creatdate desc  [ RunTime:0.0120s ]
INFO: [ app_end ] --START--
INFO: Run Behavior\ShowPageTraceBehavior [ RunTime:0.003000s ]
INFO: [ app_end ] --END-- [ RunTime:0.003000s ]

[ 2015-08-11T11:56:35+08:00 ] ::1 /wisdom/index.php/Api/Web/InvTargetstatistics
INFO: [ app_init ] --START--
INFO: Run Behavior\BuildLiteBehavior [ RunTime:0.000000s ]
INFO: [ app_init ] --END-- [ RunTime:0.000000s ]
INFO: [ app_begin ] --START--
INFO: Run Behavior\ReadHtmlCacheBehavior [ RunTime:0.001000s ]
INFO: [ app_begin ] --END-- [ RunTime:0.001000s ]
SQL: SHOW COLUMNS FROM `t_taskmtareaqty` [ RunTime:0.0040s ]
SQL: SELECT SUM(f_qty) AS tp_sum FROM `t_taskmtareaqty` WHERE ( f_taskid =60 ) LIMIT 1   [ RunTime:0.0030s ]
SQL: SHOW COLUMNS FROM `t_taskmtbaseinfo` [ RunTime:0.0040s ]
SQL: SELECT * FROM `t_taskmtbaseinfo` WHERE ( f_taskid =60 ) LIMIT 1   [ RunTime:0.0030s ]
SQL: SHOW COLUMNS FROM `t_dealerbaseinfo` [ RunTime:0.0040s ]
SQL: SELECT COUNT(*) AS tp_count FROM `t_dealerbaseinfo` WHERE ( f_taskid =60 and  f_dealer_strats = 3 ) LIMIT 1   [ RunTime:0.0040s ]
SQL: SELECT COUNT(*) AS tp_count FROM `t_dealerbaseinfo` WHERE ( f_taskid =60 and f_dealer_strats = 1 ) LIMIT 1   [ RunTime:0.0030s ]
SQL: SELECT * FROM `t_taskmtareaqty` WHERE ( f_taskid =60 ) ORDER BY f_qty LIMIT 5   [ RunTime:0.0040s ]
INFO: [ app_end ] --START--
INFO: Run Behavior\ShowPageTraceBehavior [ RunTime:0.002000s ]
INFO: [ app_end ] --END-- [ RunTime:0.002000s ]

[ 2015-08-11T11:56:36+08:00 ] ::1 /wisdom/index.php/Api/Web/gettasktitle
INFO: [ app_init ] --START--
INFO: Run Behavior\BuildLiteBehavior [ RunTime:0.000000s ]
INFO: [ app_init ] --END-- [ RunTime:0.001000s ]
INFO: [ app_begin ] --START--
INFO: Run Behavior\ReadHtmlCacheBehavior [ RunTime:0.001000s ]
INFO: [ app_begin ] --END-- [ RunTime:0.001000s ]
SQL: SHOW COLUMNS FROM `t_tasktype` [ RunTime:0.0100s ]
SQL: SELECT `F_TYPEID` FROM `t_tasktype` WHERE ( F_PARENTID=1 )  [ RunTime:0.0090s ]
SQL: SHOW COLUMNS FROM `t_task` [ RunTime:0.0130s ]
SQL: SELECT * FROM `t_task` LEFT JOIN t_tasktype ON t_tasktype.f_typeid = t_task.f_tasktypeid  WHERE `f_tasktypeid` IN ('1') AND `f_companyid` = '63' AND `f_status` = 3 ORDER BY f_creatdate desc  [ RunTime:0.0130s ]
INFO: [ app_end ] --START--
INFO: Run Behavior\ShowPageTraceBehavior [ RunTime:0.001000s ]
INFO: [ app_end ] --END-- [ RunTime:0.001000s ]

[ 2015-08-11T11:56:36+08:00 ] ::1 /wisdom/index.php/Api/Web/promReport
INFO: [ app_init ] --START--
INFO: Run Behavior\BuildLiteBehavior [ RunTime:0.000000s ]
INFO: [ app_init ] --END-- [ RunTime:0.000000s ]
INFO: [ app_begin ] --START--
INFO: Run Behavior\ReadHtmlCacheBehavior [ RunTime:0.000000s ]
INFO: [ app_begin ] --END-- [ RunTime:0.000000s ]
SQL: SHOW COLUMNS FROM `t_tasksmallinfo` [ RunTime:0.0110s ]
SQL: SELECT * FROM `t_tasksmallinfo` WHERE ( f_taskid=207 )  [ RunTime:0.0110s ]
NOTIC: [8] Use of undefined constant share - assumed 'share' D:\wamp\www\wisdom\App\Api\Controller\WebController.class.php 第 2180 行.
SQL: SHOW COLUMNS FROM `t_share` [ RunTime:0.0110s ]
SQL: SELECT COUNT(*) AS tp_count FROM `t_share` WHERE ( f_taskid =207 ) LIMIT 1   [ RunTime:0.0150s ]
INFO: [ app_end ] --START--
INFO: Run Behavior\ShowPageTraceBehavior [ RunTime:0.001000s ]
INFO: [ app_end ] --END-- [ RunTime:0.002000s ]

[ 2015-08-11T11:56:37+08:00 ] ::1 /wisdom/index.php/Api/Web/gettasktitle
INFO: [ app_init ] --START--
INFO: Run Behavior\BuildLiteBehavior [ RunTime:0.000000s ]
INFO: [ app_init ] --END-- [ RunTime:0.000000s ]
INFO: [ app_begin ] --START--
INFO: Run Behavior\ReadHtmlCacheBehavior [ RunTime:0.001000s ]
INFO: [ app_begin ] --END-- [ RunTime:0.001000s ]
SQL: SHOW COLUMNS FROM `t_tasktype` [ RunTime:0.0100s ]
SQL: SELECT `F_TYPEID` FROM `t_tasktype` WHERE ( F_PARENTID=2 )  [ RunTime:0.0090s ]
SQL: SHOW COLUMNS FROM `t_task` [ RunTime:0.0100s ]
SQL: SELECT * FROM `t_task` LEFT JOIN t_tasktype ON t_tasktype.f_typeid = t_task.f_tasktypeid  WHERE `f_tasktypeid` IN ('4','5','6') AND `f_companyid` = '63' AND `f_status` = 3 ORDER BY f_creatdate desc  [ RunTime:0.0110s ]
INFO: [ app_end ] --START--
INFO: Run Behavior\ShowPageTraceBehavior [ RunTime:0.002001s ]
INFO: [ app_end ] --END-- [ RunTime:0.002001s ]

[ 2015-08-11T11:56:37+08:00 ] ::1 /wisdom/index.php/Api/Web/promReport
INFO: [ app_init ] --START--
INFO: Run Behavior\BuildLiteBehavior [ RunTime:0.000000s ]
INFO: [ app_init ] --END-- [ RunTime:0.001000s ]
INFO: [ app_begin ] --START--
INFO: Run Behavior\ReadHtmlCacheBehavior [ RunTime:0.001000s ]
INFO: [ app_begin ] --END-- [ RunTime:0.001000s ]
SQL: SHOW COLUMNS FROM `t_tasksmallinfo` [ RunTime:0.0100s ]
SQL: SELECT * FROM `t_tasksmallinfo` WHERE ( f_taskid=151 )  [ RunTime:0.0100s ]
SQL: SHOW COLUMNS FROM `t_taskdraw` [ RunTime:0.0100s ]
SQL: SELECT COUNT(*) AS tp_count FROM `t_taskdraw` WHERE ( f_taskid =151 and  f_utask_status=2 ) LIMIT 1   [ RunTime:0.0100s ]
SQL: SELECT COUNT(*) AS tp_count FROM `t_taskdraw` WHERE ( f_taskid =151 and  f_utask_status=3 ) LIMIT 1   [ RunTime:0.0100s ]
INFO: [ app_end ] --START--
INFO: Run Behavior\ShowPageTraceBehavior [ RunTime:0.001000s ]
INFO: [ app_end ] --END-- [ RunTime:0.001000s ]

[ 2015-08-11T11:56:40+08:00 ] ::1 /wisdom/index.php/Api/Web/gettasktitle
INFO: [ app_init ] --START--
INFO: Run Behavior\BuildLiteBehavior [ RunTime:0.000000s ]
INFO: [ app_init ] --END-- [ RunTime:0.000000s ]
INFO: [ app_begin ] --START--
INFO: Run Behavior\ReadHtmlCacheBehavior [ RunTime:0.001000s ]
INFO: [ app_begin ] --END-- [ RunTime:0.001000s ]
SQL: SHOW COLUMNS FROM `t_tasktype` [ RunTime:0.0030s ]
SQL: SELECT `F_TYPEID` FROM `t_tasktype` WHERE ( F_PARENTID=1 )  [ RunTime:0.0030s ]
SQL: SHOW COLUMNS FROM `t_task` [ RunTime:0.0050s ]
SQL: SELECT * FROM `t_task` LEFT JOIN t_tasktype ON t_tasktype.f_typeid = t_task.f_tasktypeid  WHERE `f_tasktypeid` IN ('1') AND `f_companyid` = '63' AND `f_status` = 3 ORDER BY f_creatdate desc  [ RunTime:0.0050s ]
INFO: [ app_end ] --START--
INFO: Run Behavior\ShowPageTraceBehavior [ RunTime:0.001000s ]
INFO: [ app_end ] --END-- [ RunTime:0.001000s ]

[ 2015-08-11T11:56:40+08:00 ] ::1 /wisdom/index.php/Api/Web/promReport
INFO: [ app_init ] --START--
INFO: Run Behavior\BuildLiteBehavior [ RunTime:0.000000s ]
INFO: [ app_init ] --END-- [ RunTime:0.001000s ]
INFO: [ app_begin ] --START--
INFO: Run Behavior\ReadHtmlCacheBehavior [ RunTime:0.001000s ]
INFO: [ app_begin ] --END-- [ RunTime:0.001000s ]
SQL: SHOW COLUMNS FROM `t_tasksmallinfo` [ RunTime:0.0110s ]
SQL: SELECT * FROM `t_tasksmallinfo` WHERE ( f_taskid=207 )  [ RunTime:0.0090s ]
NOTIC: [8] Use of undefined constant share - assumed 'share' D:\wamp\www\wisdom\App\Api\Controller\WebController.class.php 第 2180 行.
SQL: SHOW COLUMNS FROM `t_share` [ RunTime:0.0090s ]
SQL: SELECT COUNT(*) AS tp_count FROM `t_share` WHERE ( f_taskid =207 ) LIMIT 1   [ RunTime:0.0130s ]
INFO: [ app_end ] --START--
INFO: Run Behavior\ShowPageTraceBehavior [ RunTime:0.003000s ]
INFO: [ app_end ] --END-- [ RunTime:0.003000s ]

[ 2015-08-11T11:56:40+08:00 ] ::1 /wisdom/index.php/Api/Web/gettasktitle
INFO: [ app_init ] --START--
INFO: Run Behavior\BuildLiteBehavior [ RunTime:0.000000s ]
INFO: [ app_init ] --END-- [ RunTime:0.000000s ]
INFO: [ app_begin ] --START--
INFO: Run Behavior\ReadHtmlCacheBehavior [ RunTime:0.000000s ]
INFO: [ app_begin ] --END-- [ RunTime:0.001000s ]
SQL: SHOW COLUMNS FROM `t_tasktype` [ RunTime:0.0040s ]
SQL: SELECT `F_TYPEID` FROM `t_tasktype` WHERE ( F_PARENTID=2 )  [ RunTime:0.0030s ]
SQL: SHOW COLUMNS FROM `t_task` [ RunTime:0.0040s ]
SQL: SELECT * FROM `t_task` LEFT JOIN t_tasktype ON t_tasktype.f_typeid = t_task.f_tasktypeid  WHERE `f_tasktypeid` IN ('4','5','6') AND `f_companyid` = '63' AND `f_status` = 3 ORDER BY f_creatdate desc  [ RunTime:0.0050s ]
INFO: [ app_end ] --START--
INFO: Run Behavior\ShowPageTraceBehavior [ RunTime:0.001000s ]
INFO: [ app_end ] --END-- [ RunTime:0.001000s ]

[ 2015-08-11T11:56:41+08:00 ] ::1 /wisdom/index.php/Api/Web/promReport
INFO: [ app_init ] --START--
INFO: Run Behavior\BuildLiteBehavior [ RunTime:0.000000s ]
INFO: [ app_init ] --END-- [ RunTime:0.001000s ]
INFO: [ app_begin ] --START--
INFO: Run Behavior\ReadHtmlCacheBehavior [ RunTime:0.001000s ]
INFO: [ app_begin ] --END-- [ RunTime:0.001000s ]
SQL: SHOW COLUMNS FROM `t_tasksmallinfo` [ RunTime:0.0090s ]
SQL: SELECT * FROM `t_tasksmallinfo` WHERE ( f_taskid=151 )  [ RunTime:0.0090s ]
SQL: SHOW COLUMNS FROM `t_taskdraw` [ RunTime:0.0090s ]
SQL: SELECT COUNT(*) AS tp_count FROM `t_taskdraw` WHERE ( f_taskid =151 and  f_utask_status=2 ) LIMIT 1   [ RunTime:0.0090s ]
SQL: SELECT COUNT(*) AS tp_count FROM `t_taskdraw` WHERE ( f_taskid =151 and  f_utask_status=3 ) LIMIT 1   [ RunTime:0.0100s ]
INFO: [ app_end ] --START--
INFO: Run Behavior\ShowPageTraceBehavior [ RunTime:0.002000s ]
INFO: [ app_end ] --END-- [ RunTime:0.002000s ]

[ 2015-08-11T11:56:44+08:00 ] ::1 /wisdom/index.php/Api/Web/getproList
INFO: [ app_init ] --START--
INFO: Run Behavior\BuildLiteBehavior [ RunTime:0.000000s ]
INFO: [ app_init ] --END-- [ RunTime:0.003000s ]
INFO: [ app_begin ] --START--
INFO: Run Behavior\ReadHtmlCacheBehavior [ RunTime:0.000000s ]
INFO: [ app_begin ] --END-- [ RunTime:0.002000s ]
NOTIC: [8] Undefined index: page D:\wamp\www\wisdom\App\Api\Controller\WebController.class.php 第 70 行.
SQL: SHOW COLUMNS FROM `t_tasktype` [ RunTime:0.0110s ]
SQL: SELECT `F_TYPEID` FROM `t_tasktype` WHERE ( F_PARENTID=0 )  [ RunTime:0.0090s ]
SQL: SHOW COLUMNS FROM `t_task` [ RunTime:0.0110s ]
SQL: SELECT COUNT(*) AS tp_count FROM `t_task` LEFT JOIN t_tasksmallinfo ON t_tasksmallinfo.f_taskid = t_task.f_tid  WHERE `f_tasktypeid` IN ('1','2','4','5','6') AND `f_companyid` = '63' AND `f_status` <> 0 LIMIT 1   [ RunTime:0.0120s ]
SQL: SELECT `f_tid`,`f_surveno`,`f_title`,`f_enddate`,`f_status`,`f_creatdate`,`f_eachcoin`,`f_totalcopies`,`f_tasktypeid` FROM `t_task` LEFT JOIN t_tasksmallinfo ON t_tasksmallinfo.f_taskid = t_task.f_tid  WHERE `f_tasktypeid` IN ('1','2','4','5','6') AND `f_companyid` = '63' AND `f_status` <> 0 ORDER BY f_creatdate desc LIMIT 0,10   [ RunTime:0.0120s ]
SQL: SHOW COLUMNS FROM `t_shopsheet` [ RunTime:0.0100s ]
SQL: SELECT COUNT(*) AS tp_count FROM `t_shopsheet` WHERE `f_taskid` = 208 AND `f_shopingtype` = 1 AND `f_amount` <> 0 AND `f_label` = 'task' LIMIT 1   [ RunTime:0.0120s ]
SQL: SELECT COUNT(*) AS tp_count FROM `t_shopsheet` WHERE `f_taskid` = 207 AND `f_shopingtype` = 1 AND `f_amount` <> 0 AND `f_label` = 'task' LIMIT 1   [ RunTime:0.0120s ]
SQL: SELECT COUNT(*) AS tp_count FROM `t_shopsheet` WHERE `f_taskid` = 206 AND `f_shopingtype` = 1 AND `f_amount` <> 0 AND `f_label` = 'task' LIMIT 1   [ RunTime:0.0120s ]
SQL: SELECT COUNT(*) AS tp_count FROM `t_shopsheet` WHERE `f_taskid` = 194 AND `f_shopingtype` = 1 AND `f_amount` <> 0 AND `f_label` = 'task' LIMIT 1   [ RunTime:0.0120s ]
SQL: SELECT COUNT(*) AS tp_count FROM `t_shopsheet` WHERE `f_taskid` = 190 AND `f_shopingtype` = 1 AND `f_amount` <> 0 AND `f_label` = 'task' LIMIT 1   [ RunTime:0.0110s ]
SQL: SELECT COUNT(*) AS tp_count FROM `t_shopsheet` WHERE `f_taskid` = 188 AND `f_shopingtype` = 1 AND `f_amount` <> 0 AND `f_label` = 'task' LIMIT 1   [ RunTime:0.0120s ]
SQL: SELECT COUNT(*) AS tp_count FROM `t_shopsheet` WHERE `f_taskid` = 187 AND `f_shopingtype` = 1 AND `f_amount` <> 0 AND `f_label` = 'task' LIMIT 1   [ RunTime:0.0130s ]
SQL: SELECT COUNT(*) AS tp_count FROM `t_shopsheet` WHERE `f_taskid` = 185 AND `f_shopingtype` = 1 AND `f_amount` <> 0 AND `f_label` = 'task' LIMIT 1   [ RunTime:0.0130s ]
SQL: SELECT COUNT(*) AS tp_count FROM `t_shopsheet` WHERE `f_taskid` = 184 AND `f_shopingtype` = 1 AND `f_amount` <> 0 AND `f_label` = 'task' LIMIT 1   [ RunTime:0.0110s ]
SQL: SELECT COUNT(*) AS tp_count FROM `t_shopsheet` WHERE `f_taskid` = 183 AND `f_shopingtype` = 1 AND `f_amount` <> 0 AND `f_label` = 'task' LIMIT 1   [ RunTime:0.0130s ]
INFO: [ app_end ] --START--
INFO: Run Behavior\ShowPageTraceBehavior [ RunTime:0.002000s ]
INFO: [ app_end ] --END-- [ RunTime:0.002000s ]

[ 2015-08-11T11:56:45+08:00 ] ::1 /wisdom/index.php/Api/Web/gettasktitle?companyid=63&tasktypeid=1
INFO: [ app_init ] --START--
INFO: Run Behavior\BuildLiteBehavior [ RunTime:0.000000s ]
INFO: [ app_init ] --END-- [ RunTime:0.001000s ]
INFO: [ app_begin ] --START--
INFO: Run Behavior\ReadHtmlCacheBehavior [ RunTime:0.001000s ]
INFO: [ app_begin ] --END-- [ RunTime:0.001000s ]
SQL: SHOW COLUMNS FROM `t_tasktype` [ RunTime:0.0100s ]
SQL: SELECT `F_TYPEID` FROM `t_tasktype` WHERE ( F_PARENTID=1 )  [ RunTime:0.0100s ]
SQL: SHOW COLUMNS FROM `t_task` [ RunTime:0.0110s ]
SQL: SELECT * FROM `t_task` LEFT JOIN t_tasktype ON t_tasktype.f_typeid = t_task.f_tasktypeid  WHERE `f_tasktypeid` IN ('1') AND `f_companyid` = '63' AND `f_status` = 3 ORDER BY f_creatdate desc  [ RunTime:0.0120s ]
INFO: [ app_end ] --START--
INFO: Run Behavior\ShowPageTraceBehavior [ RunTime:0.001000s ]
INFO: [ app_end ] --END-- [ RunTime:0.001000s ]

[ 2015-08-11T11:56:45+08:00 ] ::1 /wisdom/index.php/Api/Web/gettasktitle
INFO: [ app_init ] --START--
INFO: Run Behavior\BuildLiteBehavior [ RunTime:0.000000s ]
INFO: [ app_init ] --END-- [ RunTime:0.001000s ]
INFO: [ app_begin ] --START--
INFO: Run Behavior\ReadHtmlCacheBehavior [ RunTime:0.001001s ]
INFO: [ app_begin ] --END-- [ RunTime:0.001001s ]
SQL: SHOW COLUMNS FROM `t_tasktype` [ RunTime:0.0050s ]
SQL: SELECT `F_TYPEID` FROM `t_tasktype` WHERE ( F_PARENTID=2 )  [ RunTime:0.0030s ]
SQL: SHOW COLUMNS FROM `t_task` [ RunTime:0.0040s ]
SQL: SELECT * FROM `t_task` LEFT JOIN t_tasktype ON t_tasktype.f_typeid = t_task.f_tasktypeid  WHERE `f_tasktypeid` IN ('4','5','6') AND `f_companyid` = '63' AND `f_status` = 3 ORDER BY f_creatdate desc  [ RunTime:0.0060s ]
INFO: [ app_end ] --START--
INFO: Run Behavior\ShowPageTraceBehavior [ RunTime:0.001000s ]
INFO: [ app_end ] --END-- [ RunTime:0.001000s ]

[ 2015-08-11T11:56:46+08:00 ] ::1 /wisdom/index.php/Api/Web/gettasktitle
INFO: [ app_init ] --START--
INFO: Run Behavior\BuildLiteBehavior [ RunTime:0.001000s ]
INFO: [ app_init ] --END-- [ RunTime:0.002000s ]
INFO: [ app_begin ] --START--
INFO: Run Behavior\ReadHtmlCacheBehavior [ RunTime:0.000000s ]
INFO: [ app_begin ] --END-- [ RunTime:0.000000s ]
SQL: SHOW COLUMNS FROM `t_tasktype` [ RunTime:0.0110s ]
SQL: SELECT `F_TYPEID` FROM `t_tasktype` WHERE ( F_PARENTID=1 )  [ RunTime:0.0110s ]
SQL: SHOW COLUMNS FROM `t_task` [ RunTime:0.0110s ]
SQL: SELECT * FROM `t_task` LEFT JOIN t_tasktype ON t_tasktype.f_typeid = t_task.f_tasktypeid  WHERE `f_tasktypeid` IN ('1') AND `f_companyid` = '63' AND `f_status` = 3 ORDER BY f_creatdate desc  [ RunTime:0.0120s ]
INFO: [ app_end ] --START--
INFO: Run Behavior\ShowPageTraceBehavior [ RunTime:0.001001s ]
INFO: [ app_end ] --END-- [ RunTime:0.001001s ]

[ 2015-08-11T11:56:46+08:00 ] ::1 /wisdom/index.php/Api/Web/promReport
INFO: [ app_init ] --START--
INFO: Run Behavior\BuildLiteBehavior [ RunTime:0.000000s ]
INFO: [ app_init ] --END-- [ RunTime:0.001000s ]
INFO: [ app_begin ] --START--
INFO: Run Behavior\ReadHtmlCacheBehavior [ RunTime:0.001000s ]
INFO: [ app_begin ] --END-- [ RunTime:0.001000s ]
SQL: SHOW COLUMNS FROM `t_tasksmallinfo` [ RunTime:0.0110s ]
SQL: SELECT * FROM `t_tasksmallinfo` WHERE ( f_taskid=207 )  [ RunTime:0.0120s ]
NOTIC: [8] Use of undefined constant share - assumed 'share' D:\wamp\www\wisdom\App\Api\Controller\WebController.class.php 第 2180 行.
SQL: SHOW COLUMNS FROM `t_share` [ RunTime:0.0110s ]
SQL: SELECT COUNT(*) AS tp_count FROM `t_share` WHERE ( f_taskid =207 ) LIMIT 1   [ RunTime:0.0140s ]
INFO: [ app_end ] --START--
INFO: Run Behavior\ShowPageTraceBehavior [ RunTime:0.003000s ]
INFO: [ app_end ] --END-- [ RunTime:0.003000s ]

[ 2015-08-11T11:56:47+08:00 ] ::1 /wisdom/index.php/Api/Web/gettasktitle
INFO: [ app_init ] --START--
INFO: Run Behavior\BuildLiteBehavior [ RunTime:0.000000s ]
INFO: [ app_init ] --END-- [ RunTime:0.001000s ]
INFO: [ app_begin ] --START--
INFO: Run Behavior\ReadHtmlCacheBehavior [ RunTime:0.001001s ]
INFO: [ app_begin ] --END-- [ RunTime:0.001001s ]
SQL: SHOW COLUMNS FROM `t_tasktype` [ RunTime:0.0070s ]
SQL: SELECT `F_TYPEID` FROM `t_tasktype` WHERE ( F_PARENTID=2 )  [ RunTime:0.0060s ]
SQL: SHOW COLUMNS FROM `t_task` [ RunTime:0.0080s ]
SQL: SELECT * FROM `t_task` LEFT JOIN t_tasktype ON t_tasktype.f_typeid = t_task.f_tasktypeid  WHERE `f_tasktypeid` IN ('4','5','6') AND `f_companyid` = '63' AND `f_status` = 3 ORDER BY f_creatdate desc  [ RunTime:0.0070s ]
INFO: [ app_end ] --START--
INFO: Run Behavior\ShowPageTraceBehavior [ RunTime:0.002000s ]
INFO: [ app_end ] --END-- [ RunTime:0.002000s ]

[ 2015-08-11T11:56:47+08:00 ] ::1 /wisdom/index.php/Api/Web/promReport
INFO: [ app_init ] --START--
INFO: Run Behavior\BuildLiteBehavior [ RunTime:0.000000s ]
INFO: [ app_init ] --END-- [ RunTime:0.001000s ]
INFO: [ app_begin ] --START--
INFO: Run Behavior\ReadHtmlCacheBehavior [ RunTime:0.001000s ]
INFO: [ app_begin ] --END-- [ RunTime:0.001000s ]
SQL: SHOW COLUMNS FROM `t_tasksmallinfo` [ RunTime:0.0040s ]
SQL: SELECT * FROM `t_tasksmallinfo` WHERE ( f_taskid=151 )  [ RunTime:0.0040s ]
SQL: SHOW COLUMNS FROM `t_taskdraw` [ RunTime:0.0040s ]
SQL: SELECT COUNT(*) AS tp_count FROM `t_taskdraw` WHERE ( f_taskid =151 and  f_utask_status=2 ) LIMIT 1   [ RunTime:0.0040s ]
SQL: SELECT COUNT(*) AS tp_count FROM `t_taskdraw` WHERE ( f_taskid =151 and  f_utask_status=3 ) LIMIT 1   [ RunTime:0.0030s ]
INFO: [ app_end ] --START--
INFO: Run Behavior\ShowPageTraceBehavior [ RunTime:0.000000s ]
INFO: [ app_end ] --END-- [ RunTime:0.000000s ]

[ 2015-08-11T11:56:48+08:00 ] ::1 /wisdom/index.php/Api/Web/gettasktitle?companyid=63&tasktypeid=1
INFO: [ app_init ] --START--
INFO: Run Behavior\BuildLiteBehavior [ RunTime:0.000000s ]
INFO: [ app_init ] --END-- [ RunTime:0.001000s ]
INFO: [ app_begin ] --START--
INFO: Run Behavior\ReadHtmlCacheBehavior [ RunTime:0.000000s ]
INFO: [ app_begin ] --END-- [ RunTime:0.001000s ]
SQL: SHOW COLUMNS FROM `t_tasktype` [ RunTime:0.0100s ]
SQL: SELECT `F_TYPEID` FROM `t_tasktype` WHERE ( F_PARENTID=1 )  [ RunTime:0.0100s ]
SQL: SHOW COLUMNS FROM `t_task` [ RunTime:0.0100s ]
SQL: SELECT * FROM `t_task` LEFT JOIN t_tasktype ON t_tasktype.f_typeid = t_task.f_tasktypeid  WHERE `f_tasktypeid` IN ('1') AND `f_companyid` = '63' AND `f_status` = 3 ORDER BY f_creatdate desc  [ RunTime:0.0110s ]
INFO: [ app_end ] --START--
INFO: Run Behavior\ShowPageTraceBehavior [ RunTime:0.001000s ]
INFO: [ app_end ] --END-- [ RunTime:0.001000s ]

[ 2015-08-11T11:56:48+08:00 ] ::1 /wisdom/index.php/Api/Web/gettasktitle
INFO: [ app_init ] --START--
INFO: Run Behavior\BuildLiteBehavior [ RunTime:0.000000s ]
INFO: [ app_init ] --END-- [ RunTime:0.001000s ]
INFO: [ app_begin ] --START--
INFO: Run Behavior\ReadHtmlCacheBehavior [ RunTime:0.002000s ]
INFO: [ app_begin ] --END-- [ RunTime:0.002000s ]
SQL: SHOW COLUMNS FROM `t_tasktype` [ RunTime:0.0080s ]
SQL: SELECT `F_TYPEID` FROM `t_tasktype` WHERE ( F_PARENTID=2 )  [ RunTime:0.0080s ]
SQL: SHOW COLUMNS FROM `t_task` [ RunTime:0.0080s ]
SQL: SELECT * FROM `t_task` LEFT JOIN t_tasktype ON t_tasktype.f_typeid = t_task.f_tasktypeid  WHERE `f_tasktypeid` IN ('4','5','6') AND `f_companyid` = '63' AND `f_status` = 3 ORDER BY f_creatdate desc  [ RunTime:0.0090s ]
INFO: [ app_end ] --START--
INFO: Run Behavior\ShowPageTraceBehavior [ RunTime:0.000000s ]
INFO: [ app_end ] --END-- [ RunTime:0.001000s ]

[ 2015-08-11T11:56:50+08:00 ] ::1 /wisdom/index.php/Api/Web/getproList
INFO: [ app_init ] --START--
INFO: Run Behavior\BuildLiteBehavior [ RunTime:0.000000s ]
INFO: [ app_init ] --END-- [ RunTime:0.001000s ]
INFO: [ app_begin ] --START--
INFO: Run Behavior\ReadHtmlCacheBehavior [ RunTime:0.001000s ]
INFO: [ app_begin ] --END-- [ RunTime:0.001000s ]
NOTIC: [8] Undefined index: page D:\wamp\www\wisdom\App\Api\Controller\WebController.class.php 第 70 行.
SQL: SHOW COLUMNS FROM `t_tasktype` [ RunTime:0.0100s ]
SQL: SELECT `F_TYPEID` FROM `t_tasktype` WHERE ( F_PARENTID=0 )  [ RunTime:0.0110s ]
SQL: SHOW COLUMNS FROM `t_task` [ RunTime:0.0100s ]
SQL: SELECT COUNT(*) AS tp_count FROM `t_task` LEFT JOIN t_tasksmallinfo ON t_tasksmallinfo.f_taskid = t_task.f_tid  WHERE `f_tasktypeid` IN ('1','2','4','5','6') AND `f_companyid` = '63' AND `f_status` <> 0 LIMIT 1   [ RunTime:0.0110s ]
SQL: SELECT `f_tid`,`f_surveno`,`f_title`,`f_enddate`,`f_status`,`f_creatdate`,`f_eachcoin`,`f_totalcopies`,`f_tasktypeid` FROM `t_task` LEFT JOIN t_tasksmallinfo ON t_tasksmallinfo.f_taskid = t_task.f_tid  WHERE `f_tasktypeid` IN ('1','2','4','5','6') AND `f_companyid` = '63' AND `f_status` <> 0 ORDER BY f_creatdate desc LIMIT 0,10   [ RunTime:0.0120s ]
SQL: SHOW COLUMNS FROM `t_shopsheet` [ RunTime:0.0110s ]
SQL: SELECT COUNT(*) AS tp_count FROM `t_shopsheet` WHERE `f_taskid` = 208 AND `f_shopingtype` = 1 AND `f_amount` <> 0 AND `f_label` = 'task' LIMIT 1   [ RunTime:0.0110s ]
SQL: SELECT COUNT(*) AS tp_count FROM `t_shopsheet` WHERE `f_taskid` = 207 AND `f_shopingtype` = 1 AND `f_amount` <> 0 AND `f_label` = 'task' LIMIT 1   [ RunTime:0.0110s ]
SQL: SELECT COUNT(*) AS tp_count FROM `t_shopsheet` WHERE `f_taskid` = 206 AND `f_shopingtype` = 1 AND `f_amount` <> 0 AND `f_label` = 'task' LIMIT 1   [ RunTime:0.0110s ]
SQL: SELECT COUNT(*) AS tp_count FROM `t_shopsheet` WHERE `f_taskid` = 194 AND `f_shopingtype` = 1 AND `f_amount` <> 0 AND `f_label` = 'task' LIMIT 1   [ RunTime:0.0120s ]
SQL: SELECT COUNT(*) AS tp_count FROM `t_shopsheet` WHERE `f_taskid` = 190 AND `f_shopingtype` = 1 AND `f_amount` <> 0 AND `f_label` = 'task' LIMIT 1   [ RunTime:0.0110s ]
SQL: SELECT COUNT(*) AS tp_count FROM `t_shopsheet` WHERE `f_taskid` = 188 AND `f_shopingtype` = 1 AND `f_amount` <> 0 AND `f_label` = 'task' LIMIT 1   [ RunTime:0.0120s ]
SQL: SELECT COUNT(*) AS tp_count FROM `t_shopsheet` WHERE `f_taskid` = 187 AND `f_shopingtype` = 1 AND `f_amount` <> 0 AND `f_label` = 'task' LIMIT 1   [ RunTime:0.3070s ]
SQL: SELECT COUNT(*) AS tp_count FROM `t_shopsheet` WHERE `f_taskid` = 185 AND `f_shopingtype` = 1 AND `f_amount` <> 0 AND `f_label` = 'task' LIMIT 1   [ RunTime:0.0110s ]
SQL: SELECT COUNT(*) AS tp_count FROM `t_shopsheet` WHERE `f_taskid` = 184 AND `f_shopingtype` = 1 AND `f_amount` <> 0 AND `f_label` = 'task' LIMIT 1   [ RunTime:0.0110s ]
SQL: SELECT COUNT(*) AS tp_count FROM `t_shopsheet` WHERE `f_taskid` = 183 AND `f_shopingtype` = 1 AND `f_amount` <> 0 AND `f_label` = 'task' LIMIT 1   [ RunTime:0.0120s ]
INFO: [ app_end ] --START--
INFO: Run Behavior\ShowPageTraceBehavior [ RunTime:0.001000s ]
INFO: [ app_end ] --END-- [ RunTime:0.001000s ]

[ 2015-08-11T11:56:51+08:00 ] ::1 /wisdom/index.php/Api/Web/gettasktitle?companyid=63&tasktypeid=1
INFO: [ app_init ] --START--
INFO: Run Behavior\BuildLiteBehavior [ RunTime:0.000000s ]
INFO: [ app_init ] --END-- [ RunTime:0.001000s ]
INFO: [ app_begin ] --START--
INFO: Run Behavior\ReadHtmlCacheBehavior [ RunTime:0.000000s ]
INFO: [ app_begin ] --END-- [ RunTime:0.001000s ]
SQL: SHOW COLUMNS FROM `t_tasktype` [ RunTime:0.0040s ]
SQL: SELECT `F_TYPEID` FROM `t_tasktype` WHERE ( F_PARENTID=1 )  [ RunTime:0.0040s ]
SQL: SHOW COLUMNS FROM `t_task` [ RunTime:0.0040s ]
SQL: SELECT * FROM `t_task` LEFT JOIN t_tasktype ON t_tasktype.f_typeid = t_task.f_tasktypeid  WHERE `f_tasktypeid` IN ('1') AND `f_companyid` = '63' AND `f_status` = 3 ORDER BY f_creatdate desc  [ RunTime:0.0050s ]
INFO: [ app_end ] --START--
INFO: Run Behavior\ShowPageTraceBehavior [ RunTime:0.001000s ]
INFO: [ app_end ] --END-- [ RunTime:0.001000s ]

[ 2015-08-11T11:56:51+08:00 ] ::1 /wisdom/index.php/Api/Web/gettasktitle
INFO: [ app_init ] --START--
INFO: Run Behavior\BuildLiteBehavior [ RunTime:0.000000s ]
INFO: [ app_init ] --END-- [ RunTime:0.002000s ]
INFO: [ app_begin ] --START--
INFO: Run Behavior\ReadHtmlCacheBehavior [ RunTime:0.002000s ]
INFO: [ app_begin ] --END-- [ RunTime:0.003000s ]
SQL: SHOW COLUMNS FROM `t_tasktype` [ RunTime:0.0120s ]
SQL: SELECT `F_TYPEID` FROM `t_tasktype` WHERE ( F_PARENTID=2 )  [ RunTime:0.0090s ]
SQL: SHOW COLUMNS FROM `t_task` [ RunTime:0.0140s ]
SQL: SELECT * FROM `t_task` LEFT JOIN t_tasktype ON t_tasktype.f_typeid = t_task.f_tasktypeid  WHERE `f_tasktypeid` IN ('4','5','6') AND `f_companyid` = '63' AND `f_status` = 3 ORDER BY f_creatdate desc  [ RunTime:0.0120s ]
INFO: [ app_end ] --START--
INFO: Run Behavior\ShowPageTraceBehavior [ RunTime:0.002000s ]
INFO: [ app_end ] --END-- [ RunTime:0.003000s ]

[ 2015-08-11T11:56:53+08:00 ] ::1 /wisdom/index.php/Api/Web/gettasktitle
INFO: [ app_init ] --START--
INFO: Run Behavior\BuildLiteBehavior [ RunTime:0.000000s ]
INFO: [ app_init ] --END-- [ RunTime:0.001000s ]
INFO: [ app_begin ] --START--
INFO: Run Behavior\ReadHtmlCacheBehavior [ RunTime:0.002000s ]
INFO: [ app_begin ] --END-- [ RunTime:0.002000s ]
SQL: SHOW COLUMNS FROM `t_tasktype` [ RunTime:0.0100s ]
SQL: SELECT `F_TYPEID` FROM `t_tasktype` WHERE ( F_PARENTID=3 )  [ RunTime:0.0090s ]
SQL: SHOW COLUMNS FROM `t_task` [ RunTime:0.0110s ]
SQL: SELECT * FROM `t_task` LEFT JOIN t_tasktype ON t_tasktype.f_typeid = t_task.f_tasktypeid LEFT JOIN t_taskmtbaseinfo ON t_taskmtbaseinfo.f_taskid = t_task.f_tid  WHERE `f_tasktypeid` IN ('3') AND `f_companyid` = '63' AND `f_status` = 3 ORDER BY f_creatdate desc  [ RunTime:0.0110s ]
INFO: [ app_end ] --START--
INFO: Run Behavior\ShowPageTraceBehavior [ RunTime:0.000000s ]
INFO: [ app_end ] --END-- [ RunTime:0.001001s ]

[ 2015-08-11T11:56:54+08:00 ] ::1 /wisdom/index.php/Api/Web/InvTargetstatistics
INFO: [ app_init ] --START--
INFO: Run Behavior\BuildLiteBehavior [ RunTime:0.000000s ]
INFO: [ app_init ] --END-- [ RunTime:0.000000s ]
INFO: [ app_begin ] --START--
INFO: Run Behavior\ReadHtmlCacheBehavior [ RunTime:0.002000s ]
INFO: [ app_begin ] --END-- [ RunTime:0.002000s ]
SQL: SHOW COLUMNS FROM `t_taskmtareaqty` [ RunTime:0.0040s ]
SQL: SELECT SUM(f_qty) AS tp_sum FROM `t_taskmtareaqty` WHERE ( f_taskid =60 ) LIMIT 1   [ RunTime:0.0040s ]
SQL: SHOW COLUMNS FROM `t_taskmtbaseinfo` [ RunTime:0.0040s ]
SQL: SELECT * FROM `t_taskmtbaseinfo` WHERE ( f_taskid =60 ) LIMIT 1   [ RunTime:0.0040s ]
SQL: SHOW COLUMNS FROM `t_dealerbaseinfo` [ RunTime:0.0040s ]
SQL: SELECT COUNT(*) AS tp_count FROM `t_dealerbaseinfo` WHERE ( f_taskid =60 and  f_dealer_strats = 3 ) LIMIT 1   [ RunTime:0.0040s ]
SQL: SELECT COUNT(*) AS tp_count FROM `t_dealerbaseinfo` WHERE ( f_taskid =60 and f_dealer_strats = 1 ) LIMIT 1   [ RunTime:0.0040s ]
SQL: SELECT * FROM `t_taskmtareaqty` WHERE ( f_taskid =60 ) ORDER BY f_qty LIMIT 5   [ RunTime:0.0030s ]
INFO: [ app_end ] --START--
INFO: Run Behavior\ShowPageTraceBehavior [ RunTime:0.001001s ]
INFO: [ app_end ] --END-- [ RunTime:0.001001s ]

[ 2015-08-11T11:56:55+08:00 ] ::1 /wisdom/index.php/Api/Web/gettasktitle
INFO: [ app_init ] --START--
INFO: Run Behavior\BuildLiteBehavior [ RunTime:0.001000s ]
INFO: [ app_init ] --END-- [ RunTime:0.001000s ]
INFO: [ app_begin ] --START--
INFO: Run Behavior\ReadHtmlCacheBehavior [ RunTime:0.000000s ]
INFO: [ app_begin ] --END-- [ RunTime:0.001000s ]
SQL: SHOW COLUMNS FROM `t_tasktype` [ RunTime:0.0130s ]
SQL: SELECT `F_TYPEID` FROM `t_tasktype` WHERE ( F_PARENTID=1 )  [ RunTime:0.0160s ]
SQL: SHOW COLUMNS FROM `t_task` [ RunTime:0.0110s ]
SQL: SELECT * FROM `t_task` LEFT JOIN t_tasktype ON t_tasktype.f_typeid = t_task.f_tasktypeid  WHERE `f_tasktypeid` IN ('1') AND `f_companyid` = '63' AND `f_status` = 3 ORDER BY f_creatdate desc  [ RunTime:0.0120s ]
INFO: [ app_end ] --START--
INFO: Run Behavior\ShowPageTraceBehavior [ RunTime:0.001000s ]
INFO: [ app_end ] --END-- [ RunTime:0.002000s ]

[ 2015-08-11T11:56:55+08:00 ] ::1 /wisdom/index.php/Api/Web/promReport
INFO: [ app_init ] --START--
INFO: Run Behavior\BuildLiteBehavior [ RunTime:0.000000s ]
INFO: [ app_init ] --END-- [ RunTime:0.000000s ]
INFO: [ app_begin ] --START--
INFO: Run Behavior\ReadHtmlCacheBehavior [ RunTime:0.000000s ]
INFO: [ app_begin ] --END-- [ RunTime:0.000000s ]
SQL: SHOW COLUMNS FROM `t_tasksmallinfo` [ RunTime:0.0110s ]
SQL: SELECT * FROM `t_tasksmallinfo` WHERE ( f_taskid=207 )  [ RunTime:0.0100s ]
NOTIC: [8] Use of undefined constant share - assumed 'share' D:\wamp\www\wisdom\App\Api\Controller\WebController.class.php 第 2180 行.
SQL: SHOW COLUMNS FROM `t_share` [ RunTime:0.0100s ]
SQL: SELECT COUNT(*) AS tp_count FROM `t_share` WHERE ( f_taskid =207 ) LIMIT 1   [ RunTime:0.0140s ]
INFO: [ app_end ] --START--
INFO: Run Behavior\ShowPageTraceBehavior [ RunTime:0.002000s ]
INFO: [ app_end ] --END-- [ RunTime:0.002000s ]

[ 2015-08-11T11:56:56+08:00 ] ::1 /wisdom/index.php/Api/Web/gettasktitle
INFO: [ app_init ] --START--
INFO: Run Behavior\BuildLiteBehavior [ RunTime:0.000000s ]
INFO: [ app_init ] --END-- [ RunTime:0.001000s ]
INFO: [ app_begin ] --START--
INFO: Run Behavior\ReadHtmlCacheBehavior [ RunTime:0.001000s ]
INFO: [ app_begin ] --END-- [ RunTime:0.001000s ]
SQL: SHOW COLUMNS FROM `t_tasktype` [ RunTime:0.0090s ]
SQL: SELECT `F_TYPEID` FROM `t_tasktype` WHERE ( F_PARENTID=2 )  [ RunTime:0.0090s ]
SQL: SHOW COLUMNS FROM `t_task` [ RunTime:0.0110s ]
SQL: SELECT * FROM `t_task` LEFT JOIN t_tasktype ON t_tasktype.f_typeid = t_task.f_tasktypeid  WHERE `f_tasktypeid` IN ('4','5','6') AND `f_companyid` = '63' AND `f_status` = 3 ORDER BY f_creatdate desc  [ RunTime:0.0120s ]
INFO: [ app_end ] --START--
INFO: Run Behavior\ShowPageTraceBehavior [ RunTime:0.002001s ]
INFO: [ app_end ] --END-- [ RunTime:0.002001s ]

[ 2015-08-11T11:56:56+08:00 ] ::1 /wisdom/index.php/Api/Web/promReport
INFO: [ app_init ] --START--
INFO: Run Behavior\BuildLiteBehavior [ RunTime:0.000000s ]
INFO: [ app_init ] --END-- [ RunTime:0.001000s ]
INFO: [ app_begin ] --START--
INFO: Run Behavior\ReadHtmlCacheBehavior [ RunTime:0.000000s ]
INFO: [ app_begin ] --END-- [ RunTime:0.000000s ]
SQL: SHOW COLUMNS FROM `t_tasksmallinfo` [ RunTime:0.0080s ]
SQL: SELECT * FROM `t_tasksmallinfo` WHERE ( f_taskid=151 )  [ RunTime:0.0070s ]
SQL: SHOW COLUMNS FROM `t_taskdraw` [ RunTime:0.0070s ]
SQL: SELECT COUNT(*) AS tp_count FROM `t_taskdraw` WHERE ( f_taskid =151 and  f_utask_status=2 ) LIMIT 1   [ RunTime:0.0060s ]
SQL: SELECT COUNT(*) AS tp_count FROM `t_taskdraw` WHERE ( f_taskid =151 and  f_utask_status=3 ) LIMIT 1   [ RunTime:0.0060s ]
INFO: [ app_end ] --START--
INFO: Run Behavior\ShowPageTraceBehavior [ RunTime:0.001000s ]
INFO: [ app_end ] --END-- [ RunTime:0.001000s ]

[ 2015-08-11T15:19:43+08:00 ] ::1 /wisdom/index.php/Api/Info/conf
INFO: [ app_init ] --START--
INFO: Run Behavior\BuildLiteBehavior [ RunTime:0.000000s ]
INFO: [ app_init ] --END-- [ RunTime:0.002000s ]
INFO: [ app_begin ] --START--
INFO: Run Behavior\ReadHtmlCacheBehavior [ RunTime:0.004001s ]
INFO: [ app_begin ] --END-- [ RunTime:0.004001s ]
INFO: [ app_end ] --START--
INFO: Run Behavior\ShowPageTraceBehavior [ RunTime:0.001000s ]
INFO: [ app_end ] --END-- [ RunTime:0.001000s ]

[ 2015-08-11T15:19:43+08:00 ] ::1 /wisdom/index.php/Api/Info/conf
INFO: [ app_init ] --START--
INFO: Run Behavior\BuildLiteBehavior [ RunTime:0.000000s ]
INFO: [ app_init ] --END-- [ RunTime:0.000000s ]
INFO: [ app_begin ] --START--
INFO: Run Behavior\ReadHtmlCacheBehavior [ RunTime:0.000000s ]
INFO: [ app_begin ] --END-- [ RunTime:0.000000s ]
INFO: [ app_end ] --START--
INFO: Run Behavior\ShowPageTraceBehavior [ RunTime:0.002000s ]
INFO: [ app_end ] --END-- [ RunTime:0.002000s ]

[ 2015-08-11T15:19:43+08:00 ] ::1 /wisdom/index.php/Api/Web/gettasktitle
INFO: [ app_init ] --START--
INFO: Run Behavior\BuildLiteBehavior [ RunTime:0.000000s ]
INFO: [ app_init ] --END-- [ RunTime:0.000000s ]
INFO: [ app_begin ] --START--
INFO: Run Behavior\ReadHtmlCacheBehavior [ RunTime:0.003000s ]
INFO: [ app_begin ] --END-- [ RunTime:0.003000s ]
SQL: SHOW COLUMNS FROM `t_tasktype` [ RunTime:0.0040s ]
SQL: SELECT `F_TYPEID` FROM `t_tasktype` WHERE ( F_PARENTID=3 )  [ RunTime:0.0030s ]
SQL: SHOW COLUMNS FROM `t_task` [ RunTime:0.0040s ]
SQL: SELECT * FROM `t_task` LEFT JOIN t_tasktype ON t_tasktype.f_typeid = t_task.f_tasktypeid LEFT JOIN t_taskmtbaseinfo ON t_taskmtbaseinfo.f_taskid = t_task.f_tid  WHERE `f_tasktypeid` IN ('3') AND `f_companyid` = '63' AND `f_status` = 3 ORDER BY f_creatdate desc  [ RunTime:0.0050s ]
INFO: [ app_end ] --START--
INFO: Run Behavior\ShowPageTraceBehavior [ RunTime:0.001001s ]
INFO: [ app_end ] --END-- [ RunTime:0.002001s ]

[ 2015-08-11T15:19:43+08:00 ] ::1 /wisdom/index.php/Api/Web/InvTargetstatistics
INFO: [ app_init ] --START--
INFO: Run Behavior\BuildLiteBehavior [ RunTime:0.000000s ]
INFO: [ app_init ] --END-- [ RunTime:0.001000s ]
INFO: [ app_begin ] --START--
INFO: Run Behavior\ReadHtmlCacheBehavior [ RunTime:0.001000s ]
INFO: [ app_begin ] --END-- [ RunTime:0.001000s ]
SQL: SHOW COLUMNS FROM `t_taskmtareaqty` [ RunTime:0.0030s ]
SQL: SELECT SUM(f_qty) AS tp_sum FROM `t_taskmtareaqty` WHERE ( f_taskid =60 ) LIMIT 1   [ RunTime:0.0040s ]
SQL: SHOW COLUMNS FROM `t_taskmtbaseinfo` [ RunTime:0.0070s ]
SQL: SELECT * FROM `t_taskmtbaseinfo` WHERE ( f_taskid =60 ) LIMIT 1   [ RunTime:0.0040s ]
SQL: SHOW COLUMNS FROM `t_dealerbaseinfo` [ RunTime:0.0050s ]
SQL: SELECT COUNT(*) AS tp_count FROM `t_dealerbaseinfo` WHERE ( f_taskid =60 and  f_dealer_strats = 3 ) LIMIT 1   [ RunTime:0.0040s ]
SQL: SELECT COUNT(*) AS tp_count FROM `t_dealerbaseinfo` WHERE ( f_taskid =60 and f_dealer_strats = 1 ) LIMIT 1   [ RunTime:0.0030s ]
SQL: SELECT * FROM `t_taskmtareaqty` WHERE ( f_taskid =60 ) ORDER BY f_qty LIMIT 5   [ RunTime:0.0040s ]
INFO: [ app_end ] --START--
INFO: Run Behavior\ShowPageTraceBehavior [ RunTime:0.001000s ]
INFO: [ app_end ] --END-- [ RunTime:0.001000s ]

[ 2015-08-11T15:21:11+08:00 ] ::1 /wisdom/index.php/Api/Info/conf
INFO: [ app_init ] --START--
INFO: Run Behavior\BuildLiteBehavior [ RunTime:0.000000s ]
INFO: [ app_init ] --END-- [ RunTime:0.000000s ]
INFO: [ app_begin ] --START--
INFO: Run Behavior\ReadHtmlCacheBehavior [ RunTime:0.001001s ]
INFO: [ app_begin ] --END-- [ RunTime:0.002001s ]
INFO: [ app_end ] --START--
INFO: Run Behavior\ShowPageTraceBehavior [ RunTime:0.001000s ]
INFO: [ app_end ] --END-- [ RunTime:0.002000s ]

[ 2015-08-11T15:21:11+08:00 ] ::1 /wisdom/index.php/Api/Info/conf
INFO: [ app_init ] --START--
INFO: Run Behavior\BuildLiteBehavior [ RunTime:0.000000s ]
INFO: [ app_init ] --END-- [ RunTime:0.001000s ]
INFO: [ app_begin ] --START--
INFO: Run Behavior\ReadHtmlCacheBehavior [ RunTime:0.001001s ]
INFO: [ app_begin ] --END-- [ RunTime:0.001001s ]
INFO: [ app_end ] --START--
INFO: Run Behavior\ShowPageTraceBehavior [ RunTime:0.001000s ]
INFO: [ app_end ] --END-- [ RunTime:0.001000s ]

[ 2015-08-11T15:21:12+08:00 ] ::1 /wisdom/index.php/Api/Web/gettasktitle
INFO: [ app_init ] --START--
INFO: Run Behavior\BuildLiteBehavior [ RunTime:0.000000s ]
INFO: [ app_init ] --END-- [ RunTime:0.001000s ]
INFO: [ app_begin ] --START--
INFO: Run Behavior\ReadHtmlCacheBehavior [ RunTime:0.001000s ]
INFO: [ app_begin ] --END-- [ RunTime:0.001000s ]
SQL: SHOW COLUMNS FROM `t_tasktype` [ RunTime:0.0070s ]
SQL: SELECT `F_TYPEID` FROM `t_tasktype` WHERE ( F_PARENTID=3 )  [ RunTime:0.0060s ]
SQL: SHOW COLUMNS FROM `t_task` [ RunTime:0.0070s ]
SQL: SELECT * FROM `t_task` LEFT JOIN t_tasktype ON t_tasktype.f_typeid = t_task.f_tasktypeid LEFT JOIN t_taskmtbaseinfo ON t_taskmtbaseinfo.f_taskid = t_task.f_tid  WHERE `f_tasktypeid` IN ('3') AND `f_companyid` = '63' AND `f_status` = 3 ORDER BY f_creatdate desc  [ RunTime:0.0090s ]
INFO: [ app_end ] --START--
INFO: Run Behavior\ShowPageTraceBehavior [ RunTime:0.001000s ]
INFO: [ app_end ] --END-- [ RunTime:0.001000s ]

[ 2015-08-11T15:21:13+08:00 ] ::1 /wisdom/index.php/Api/Web/InvTargetstatistics
INFO: [ app_init ] --START--
INFO: Run Behavior\BuildLiteBehavior [ RunTime:0.000000s ]
INFO: [ app_init ] --END-- [ RunTime:0.000000s ]
INFO: [ app_begin ] --START--
INFO: Run Behavior\ReadHtmlCacheBehavior [ RunTime:0.000000s ]
INFO: [ app_begin ] --END-- [ RunTime:0.000000s ]
SQL: SHOW COLUMNS FROM `t_taskmtareaqty` [ RunTime:0.0070s ]
SQL: SELECT SUM(f_qty) AS tp_sum FROM `t_taskmtareaqty` WHERE ( f_taskid =60 ) LIMIT 1   [ RunTime:0.0030s ]
SQL: SHOW COLUMNS FROM `t_taskmtbaseinfo` [ RunTime:0.0040s ]
SQL: SELECT * FROM `t_taskmtbaseinfo` WHERE ( f_taskid =60 ) LIMIT 1   [ RunTime:0.0040s ]
SQL: SHOW COLUMNS FROM `t_dealerbaseinfo` [ RunTime:0.0040s ]
SQL: SELECT COUNT(*) AS tp_count FROM `t_dealerbaseinfo` WHERE ( f_taskid =60 and  f_dealer_strats = 3 ) LIMIT 1   [ RunTime:0.0110s ]
SQL: SELECT COUNT(*) AS tp_count FROM `t_dealerbaseinfo` WHERE ( f_taskid =60 and f_dealer_strats = 1 ) LIMIT 1   [ RunTime:0.0030s ]
SQL: SELECT * FROM `t_taskmtareaqty` WHERE ( f_taskid =60 ) ORDER BY f_qty LIMIT 5   [ RunTime:0.0040s ]
INFO: [ app_end ] --START--
INFO: Run Behavior\ShowPageTraceBehavior [ RunTime:0.002000s ]
INFO: [ app_end ] --END-- [ RunTime:0.002000s ]

[ 2015-08-11T15:31:38+08:00 ] ::1 /wisdom/index.php/Api/Web/gettasktitle
INFO: [ app_init ] --START--
INFO: Run Behavior\BuildLiteBehavior [ RunTime:0.000000s ]
INFO: [ app_init ] --END-- [ RunTime:0.001000s ]
INFO: [ app_begin ] --START--
INFO: Run Behavior\ReadHtmlCacheBehavior [ RunTime:0.001000s ]
INFO: [ app_begin ] --END-- [ RunTime:0.001000s ]
SQL: SHOW COLUMNS FROM `t_tasktype` [ RunTime:0.0170s ]
SQL: SELECT `F_TYPEID` FROM `t_tasktype` WHERE ( F_PARENTID=3 )  [ RunTime:0.0110s ]
SQL: SHOW COLUMNS FROM `t_task` [ RunTime:0.0120s ]
SQL: SELECT * FROM `t_task` LEFT JOIN t_tasktype ON t_tasktype.f_typeid = t_task.f_tasktypeid LEFT JOIN t_taskmtbaseinfo ON t_taskmtbaseinfo.f_taskid = t_task.f_tid  WHERE `f_tasktypeid` IN ('3') AND `f_companyid` = '63' AND `f_status` = 3 ORDER BY f_creatdate desc  [ RunTime:0.0120s ]
INFO: [ app_end ] --START--
INFO: Run Behavior\ShowPageTraceBehavior [ RunTime:0.003001s ]
INFO: [ app_end ] --END-- [ RunTime:0.003001s ]

[ 2015-08-11T15:31:38+08:00 ] ::1 /wisdom/index.php/Api/Web/InvTargetstatistics
INFO: [ app_init ] --START--
INFO: Run Behavior\BuildLiteBehavior [ RunTime:0.000000s ]
INFO: [ app_init ] --END-- [ RunTime:0.001000s ]
INFO: [ app_begin ] --START--
INFO: Run Behavior\ReadHtmlCacheBehavior [ RunTime:0.001000s ]
INFO: [ app_begin ] --END-- [ RunTime:0.001000s ]
SQL: SHOW COLUMNS FROM `t_taskmtareaqty` [ RunTime:0.0100s ]
SQL: SELECT SUM(f_qty) AS tp_sum FROM `t_taskmtareaqty` WHERE ( f_taskid =60 ) LIMIT 1   [ RunTime:0.0090s ]
SQL: SHOW COLUMNS FROM `t_taskmtbaseinfo` [ RunTime:0.0100s ]
SQL: SELECT * FROM `t_taskmtbaseinfo` WHERE ( f_taskid =60 ) LIMIT 1   [ RunTime:0.0100s ]
SQL: SHOW COLUMNS FROM `t_dealerbaseinfo` [ RunTime:0.0110s ]
SQL: SELECT COUNT(*) AS tp_count FROM `t_dealerbaseinfo` WHERE ( f_taskid =60 and  f_dealer_strats = 3 ) LIMIT 1   [ RunTime:0.0100s ]
SQL: SELECT COUNT(*) AS tp_count FROM `t_dealerbaseinfo` WHERE ( f_taskid =60 and f_dealer_strats = 1 ) LIMIT 1   [ RunTime:0.0100s ]
SQL: SELECT * FROM `t_taskmtareaqty` WHERE ( f_taskid =60 ) ORDER BY f_qty LIMIT 5   [ RunTime:0.0110s ]
INFO: [ app_end ] --START--
INFO: Run Behavior\ShowPageTraceBehavior [ RunTime:0.002000s ]
INFO: [ app_end ] --END-- [ RunTime:0.002000s ]

[ 2015-08-11T15:32:35+08:00 ] ::1 /wisdom/index.php/Api/Info/conf
INFO: [ app_init ] --START--
INFO: Run Behavior\BuildLiteBehavior [ RunTime:0.000000s ]
INFO: [ app_init ] --END-- [ RunTime:0.001000s ]
INFO: [ app_begin ] --START--
INFO: Run Behavior\ReadHtmlCacheBehavior [ RunTime:0.001000s ]
INFO: [ app_begin ] --END-- [ RunTime:0.001000s ]
INFO: [ app_end ] --START--
INFO: Run Behavior\ShowPageTraceBehavior [ RunTime:0.001000s ]
INFO: [ app_end ] --END-- [ RunTime:0.001000s ]

[ 2015-08-11T15:32:35+08:00 ] ::1 /wisdom/index.php/Api/Info/conf
INFO: [ app_init ] --START--
INFO: Run Behavior\BuildLiteBehavior [ RunTime:0.000000s ]
INFO: [ app_init ] --END-- [ RunTime:0.001001s ]
INFO: [ app_begin ] --START--
INFO: Run Behavior\ReadHtmlCacheBehavior [ RunTime:0.001000s ]
INFO: [ app_begin ] --END-- [ RunTime:0.001000s ]
INFO: [ app_end ] --START--
INFO: Run Behavior\ShowPageTraceBehavior [ RunTime:0.001000s ]
INFO: [ app_end ] --END-- [ RunTime:0.001000s ]

[ 2015-08-11T15:32:36+08:00 ] ::1 /wisdom/index.php/Api/Web/gettasktitle
INFO: [ app_init ] --START--
INFO: Run Behavior\BuildLiteBehavior [ RunTime:0.000000s ]
INFO: [ app_init ] --END-- [ RunTime:0.001001s ]
INFO: [ app_begin ] --START--
INFO: Run Behavior\ReadHtmlCacheBehavior [ RunTime:0.001000s ]
INFO: [ app_begin ] --END-- [ RunTime:0.001000s ]
SQL: SHOW COLUMNS FROM `t_tasktype` [ RunTime:0.0120s ]
SQL: SELECT `F_TYPEID` FROM `t_tasktype` WHERE ( F_PARENTID=3 )  [ RunTime:0.0110s ]
SQL: SHOW COLUMNS FROM `t_task` [ RunTime:0.0120s ]
SQL: SELECT * FROM `t_task` LEFT JOIN t_tasktype ON t_tasktype.f_typeid = t_task.f_tasktypeid LEFT JOIN t_taskmtbaseinfo ON t_taskmtbaseinfo.f_taskid = t_task.f_tid  WHERE `f_tasktypeid` IN ('3') AND `f_companyid` = '63' AND `f_status` = 3 ORDER BY f_creatdate desc  [ RunTime:0.0120s ]
INFO: [ app_end ] --START--
INFO: Run Behavior\ShowPageTraceBehavior [ RunTime:0.001000s ]
INFO: [ app_end ] --END-- [ RunTime:0.001000s ]

[ 2015-08-11T15:32:36+08:00 ] ::1 /wisdom/index.php/Api/Web/InvTargetstatistics
INFO: [ app_init ] --START--
INFO: Run Behavior\BuildLiteBehavior [ RunTime:0.000000s ]
INFO: [ app_init ] --END-- [ RunTime:0.001000s ]
INFO: [ app_begin ] --START--
INFO: Run Behavior\ReadHtmlCacheBehavior [ RunTime:0.000000s ]
INFO: [ app_begin ] --END-- [ RunTime:0.000000s ]
SQL: SHOW COLUMNS FROM `t_taskmtareaqty` [ RunTime:0.0080s ]
SQL: SELECT SUM(f_qty) AS tp_sum FROM `t_taskmtareaqty` WHERE ( f_taskid =60 ) LIMIT 1   [ RunTime:0.0070s ]
SQL: SHOW COLUMNS FROM `t_taskmtbaseinfo` [ RunTime:0.0090s ]
SQL: SELECT * FROM `t_taskmtbaseinfo` WHERE ( f_taskid =60 ) LIMIT 1   [ RunTime:0.0070s ]
SQL: SHOW COLUMNS FROM `t_dealerbaseinfo` [ RunTime:0.0090s ]
SQL: SELECT COUNT(*) AS tp_count FROM `t_dealerbaseinfo` WHERE ( f_taskid =60 and  f_dealer_strats = 3 ) LIMIT 1   [ RunTime:0.0060s ]
SQL: SELECT COUNT(*) AS tp_count FROM `t_dealerbaseinfo` WHERE ( f_taskid =60 and f_dealer_strats = 1 ) LIMIT 1   [ RunTime:0.0070s ]
SQL: SELECT * FROM `t_taskmtareaqty` WHERE ( f_taskid =60 ) ORDER BY f_qty LIMIT 5   [ RunTime:0.0060s ]
INFO: [ app_end ] --START--
INFO: Run Behavior\ShowPageTraceBehavior [ RunTime:0.000000s ]
INFO: [ app_end ] --END-- [ RunTime:0.000000s ]

[ 2015-08-11T16:47:53+08:00 ] ::1 /wisdom/index.php/Api/Web/gettasktitle
INFO: [ app_init ] --START--
INFO: Run Behavior\BuildLiteBehavior [ RunTime:0.001000s ]
INFO: [ app_init ] --END-- [ RunTime:0.001000s ]
INFO: [ app_begin ] --START--
INFO: Run Behavior\ReadHtmlCacheBehavior [ RunTime:0.001000s ]
INFO: [ app_begin ] --END-- [ RunTime:0.001000s ]
SQL: SHOW COLUMNS FROM `t_tasktype` [ RunTime:0.2500s ]
SQL: SELECT `F_TYPEID` FROM `t_tasktype` WHERE ( F_PARENTID=3 )  [ RunTime:0.2490s ]
SQL: SHOW COLUMNS FROM `t_task` [ RunTime:0.2500s ]
SQL: SELECT * FROM `t_task` LEFT JOIN t_tasktype ON t_tasktype.f_typeid = t_task.f_tasktypeid LEFT JOIN t_taskmtbaseinfo ON t_taskmtbaseinfo.f_taskid = t_task.f_tid  WHERE `f_tasktypeid` IN ('3') AND `f_companyid` = '63' AND `f_status` = 3 ORDER BY f_creatdate desc  [ RunTime:0.2470s ]
INFO: [ app_end ] --START--
INFO: Run Behavior\ShowPageTraceBehavior [ RunTime:0.002000s ]
INFO: [ app_end ] --END-- [ RunTime:0.002000s ]

[ 2015-08-11T16:47:56+08:00 ] ::1 /wisdom/index.php/Api/Web/InvTargetstatistics
INFO: [ app_init ] --START--
INFO: Run Behavior\BuildLiteBehavior [ RunTime:0.001000s ]
INFO: [ app_init ] --END-- [ RunTime:0.001000s ]
INFO: [ app_begin ] --START--
INFO: Run Behavior\ReadHtmlCacheBehavior [ RunTime:0.001000s ]
INFO: [ app_begin ] --END-- [ RunTime:0.001000s ]
SQL: SHOW COLUMNS FROM `t_taskmtareaqty` [ RunTime:0.2500s ]
SQL: SELECT SUM(f_qty) AS tp_sum FROM `t_taskmtareaqty` WHERE ( f_taskid =60 ) LIMIT 1   [ RunTime:0.2580s ]
SQL: SHOW COLUMNS FROM `t_taskmtbaseinfo` [ RunTime:0.2410s ]
SQL: SELECT * FROM `t_taskmtbaseinfo` WHERE ( f_taskid =60 ) LIMIT 1   [ RunTime:0.2480s ]
SQL: SHOW COLUMNS FROM `t_dealerbaseinfo` [ RunTime:0.2500s ]
SQL: SELECT COUNT(*) AS tp_count FROM `t_dealerbaseinfo` WHERE ( f_taskid =60 and  f_dealer_strats = 3 ) LIMIT 1   [ RunTime:0.2480s ]
SQL: SELECT COUNT(*) AS tp_count FROM `t_dealerbaseinfo` WHERE ( f_taskid =60 and f_dealer_strats = 1 ) LIMIT 1   [ RunTime:0.2460s ]
SQL: SELECT * FROM `t_taskmtareaqty` WHERE ( f_taskid =60 ) ORDER BY f_qty LIMIT 5   [ RunTime:0.2510s ]
INFO: [ app_end ] --START--
INFO: Run Behavior\ShowPageTraceBehavior [ RunTime:0.000000s ]
INFO: [ app_end ] --END-- [ RunTime:0.000000s ]

