[ 2015-09-01T09:49:40+08:00 ] 127.0.0.1 /wisdom/index.php/Api/Info/conf?command=getArea&taskid=0
INFO: [ app_init ] --START--
INFO: Run Behavior\BuildLiteBehavior [ RunTime:0.000000s ]
INFO: [ app_init ] --END-- [ RunTime:0.000000s ]
INFO: [ app_begin ] --START--
INFO: Run Behavior\ReadHtmlCacheBehavior [ RunTime:0.001000s ]
INFO: [ app_begin ] --END-- [ RunTime:0.001000s ]
SQL: SHOW COLUMNS FROM `t_task` [ RunTime:0.0040s ]
SQL: SHOW COLUMNS FROM `t_taskmtareaqty` [ RunTime:0.0040s ]
SQL: SELECT * FROM `t_taskmtareaqty` WHERE ( f_taskid=0 )  [ RunTime:0.0040s ]
INFO: [ app_end ] --START--
INFO: Run Behavior\ShowPageTraceBehavior [ RunTime:0.000000s ]
INFO: [ app_end ] --END-- [ RunTime:0.001000s ]

[ 2015-09-01T09:49:40+08:00 ] 127.0.0.1 /wisdom/index.php/Api/Info/conf?command=getPro&taskid=0
INFO: [ app_init ] --START--
INFO: Run Behavior\BuildLiteBehavior [ RunTime:0.000000s ]
INFO: [ app_init ] --END-- [ RunTime:0.001000s ]
INFO: [ app_begin ] --START--
INFO: Run Behavior\ReadHtmlCacheBehavior [ RunTime:0.001000s ]
INFO: [ app_begin ] --END-- [ RunTime:0.002000s ]
SQL: SHOW COLUMNS FROM `t_task` [ RunTime:0.0050s ]
SQL: SHOW COLUMNS FROM `t_taskmtgoodsdetail` [ RunTime:0.0040s ]
SQL: SELECT * FROM `t_taskmtgoodsdetail` WHERE ( f_taskid=0 )  [ RunTime:0.0040s ]
INFO: [ app_end ] --START--
INFO: Run Behavior\ShowPageTraceBehavior [ RunTime:0.001000s ]
INFO: [ app_end ] --END-- [ RunTime:0.001000s ]

[ 2015-09-01T10:38:02+08:00 ] 127.0.0.1 /wisdom/index.php/Api/Info/conf?command=getArea&taskid=0
INFO: [ app_init ] --START--
INFO: Run Behavior\BuildLiteBehavior [ RunTime:0.000000s ]
INFO: [ app_init ] --END-- [ RunTime:0.001000s ]
INFO: [ app_begin ] --START--
INFO: Run Behavior\ReadHtmlCacheBehavior [ RunTime:0.001000s ]
INFO: [ app_begin ] --END-- [ RunTime:0.001000s ]
SQL: SHOW COLUMNS FROM `t_task` [ RunTime:0.0100s ]
SQL: SHOW COLUMNS FROM `t_taskmtareaqty` [ RunTime:0.0100s ]
SQL: SELECT * FROM `t_taskmtareaqty` WHERE ( f_taskid=0 )  [ RunTime:0.0100s ]
INFO: [ app_end ] --START--
INFO: Run Behavior\ShowPageTraceBehavior [ RunTime:0.001000s ]
INFO: [ app_end ] --END-- [ RunTime:0.001000s ]

[ 2015-09-01T10:38:02+08:00 ] 127.0.0.1 /wisdom/index.php/Api/Info/conf?command=getPro&taskid=0
INFO: [ app_init ] --START--
INFO: Run Behavior\BuildLiteBehavior [ RunTime:0.000000s ]
INFO: [ app_init ] --END-- [ RunTime:0.001000s ]
INFO: [ app_begin ] --START--
INFO: Run Behavior\ReadHtmlCacheBehavior [ RunTime:0.001000s ]
INFO: [ app_begin ] --END-- [ RunTime:0.001000s ]
SQL: SHOW COLUMNS FROM `t_task` [ RunTime:0.0080s ]
SQL: SHOW COLUMNS FROM `t_taskmtgoodsdetail` [ RunTime:0.0070s ]
SQL: SELECT * FROM `t_taskmtgoodsdetail` WHERE ( f_taskid=0 )  [ RunTime:0.0080s ]
INFO: [ app_end ] --START--
INFO: Run Behavior\ShowPageTraceBehavior [ RunTime:0.001000s ]
INFO: [ app_end ] --END-- [ RunTime:0.001000s ]

[ 2015-09-01T17:18:49+08:00 ] 127.0.0.1 /wisdom/index.php/Api/Info/conf
INFO: [ app_init ] --START--
INFO: Run Behavior\BuildLiteBehavior [ RunTime:0.000000s ]
INFO: [ app_init ] --END-- [ RunTime:0.000000s ]
INFO: [ app_begin ] --START--
INFO: Run Behavior\ReadHtmlCacheBehavior [ RunTime:0.001000s ]
INFO: [ app_begin ] --END-- [ RunTime:0.001000s ]
INFO: [ app_end ] --START--
INFO: Run Behavior\ShowPageTraceBehavior [ RunTime:0.001000s ]
INFO: [ app_end ] --END-- [ RunTime:0.001000s ]

[ 2015-09-01T17:18:52+08:00 ] 127.0.0.1 /wisdom/index.php/Api/Info/conf
INFO: [ app_init ] --START--
INFO: Run Behavior\BuildLiteBehavior [ RunTime:0.000000s ]
INFO: [ app_init ] --END-- [ RunTime:0.001001s ]
INFO: [ app_begin ] --START--
INFO: Run Behavior\ReadHtmlCacheBehavior [ RunTime:0.000000s ]
INFO: [ app_begin ] --END-- [ RunTime:0.001000s ]
NOTIC: [8] Undefined index: is_rem D:\wamp\www\wisdom\App\Api\Controller\InfoController.class.php 第 771 行.
NOTIC: [8] Undefined index: is_rem D:\wamp\www\wisdom\App\Api\Controller\InfoController.class.php 第 774 行.
INFO: [ app_end ] --START--
INFO: Run Behavior\ShowPageTraceBehavior [ RunTime:0.000000s ]
INFO: [ app_end ] --END-- [ RunTime:0.001000s ]

