[ 2015-12-02T09:44:54+08:00 ] ::1 /wisdom/Index.php/Api/Info/conf
INFO: [ app_init ] --START--
INFO: Run Behavior\BuildLiteBehavior [ RunTime:0.000000s ]
INFO: [ app_init ] --END-- [ RunTime:0.002000s ]
INFO: [ app_begin ] --START--
INFO: Run Behavior\ReadHtmlCacheBehavior [ RunTime:0.001000s ]
INFO: [ app_begin ] --END-- [ RunTime:0.001000s ]
INFO: [ app_end ] --START--
INFO: Run Behavior\ShowPageTraceBehavior [ RunTime:0.001000s ]
INFO: [ app_end ] --END-- [ RunTime:0.001000s ]

[ 2015-12-02T09:44:54+08:00 ] ::1 /wisdom/Index.php/Api/Info/conf
INFO: [ app_init ] --START--
INFO: Run Behavior\BuildLiteBehavior [ RunTime:0.000000s ]
INFO: [ app_init ] --END-- [ RunTime:0.001000s ]
INFO: [ app_begin ] --START--
INFO: Run Behavior\ReadHtmlCacheBehavior [ RunTime:0.001000s ]
INFO: [ app_begin ] --END-- [ RunTime:0.001000s ]
INFO: [ app_end ] --START--
INFO: Run Behavior\ShowPageTraceBehavior [ RunTime:0.001000s ]
INFO: [ app_end ] --END-- [ RunTime:0.001000s ]

[ 2015-12-02T10:10:42+08:00 ] ::1 /wisdom/Index.php/Api/Info/conf
INFO: [ app_init ] --START--
INFO: Run Behavior\BuildLiteBehavior [ RunTime:0.000000s ]
INFO: [ app_init ] --END-- [ RunTime:0.001000s ]
INFO: [ app_begin ] --START--
INFO: Run Behavior\ReadHtmlCacheBehavior [ RunTime:0.001000s ]
INFO: [ app_begin ] --END-- [ RunTime:0.001000s ]
INFO: [ app_end ] --START--
INFO: Run Behavior\ShowPageTraceBehavior [ RunTime:0.000000s ]
INFO: [ app_end ] --END-- [ RunTime:0.001000s ]

[ 2015-12-02T10:10:43+08:00 ] ::1 /wisdom/Index.php/Api/Info/conf
INFO: [ app_init ] --START--
INFO: Run Behavior\BuildLiteBehavior [ RunTime:0.000000s ]
INFO: [ app_init ] --END-- [ RunTime:0.001000s ]
INFO: [ app_begin ] --START--
INFO: Run Behavior\ReadHtmlCacheBehavior [ RunTime:0.000000s ]
INFO: [ app_begin ] --END-- [ RunTime:0.001000s ]
INFO: [ app_end ] --START--
INFO: Run Behavior\ShowPageTraceBehavior [ RunTime:0.001000s ]
INFO: [ app_end ] --END-- [ RunTime:0.001000s ]

[ 2015-12-02T11:09:33+08:00 ] ::1 /wisdom/Index.php/Api/Info/conf
INFO: [ app_init ] --START--
INFO: Run Behavior\BuildLiteBehavior [ RunTime:0.000000s ]
INFO: [ app_init ] --END-- [ RunTime:0.001000s ]
INFO: [ app_begin ] --START--
INFO: Run Behavior\ReadHtmlCacheBehavior [ RunTime:0.001000s ]
INFO: [ app_begin ] --END-- [ RunTime:0.001000s ]
INFO: [ app_end ] --START--
INFO: Run Behavior\ShowPageTraceBehavior [ RunTime:0.001001s ]
INFO: [ app_end ] --END-- [ RunTime:0.001001s ]

[ 2015-12-02T11:09:33+08:00 ] ::1 /wisdom/Index.php/Api/Info/conf
INFO: [ app_init ] --START--
INFO: Run Behavior\BuildLiteBehavior [ RunTime:0.000000s ]
INFO: [ app_init ] --END-- [ RunTime:0.001000s ]
INFO: [ app_begin ] --START--
INFO: Run Behavior\ReadHtmlCacheBehavior [ RunTime:0.001000s ]
INFO: [ app_begin ] --END-- [ RunTime:0.001000s ]
INFO: [ app_end ] --START--
INFO: Run Behavior\ShowPageTraceBehavior [ RunTime:0.001000s ]
INFO: [ app_end ] --END-- [ RunTime:0.001000s ]

[ 2015-12-02T11:10:17+08:00 ] 127.0.0.1 /wisdom/index.php/Api/Info/conf
INFO: [ app_init ] --START--
INFO: Run Behavior\BuildLiteBehavior [ RunTime:0.000000s ]
INFO: [ app_init ] --END-- [ RunTime:0.001000s ]
INFO: [ app_begin ] --START--
INFO: Run Behavior\ReadHtmlCacheBehavior [ RunTime:0.001000s ]
INFO: [ app_begin ] --END-- [ RunTime:0.001000s ]
INFO: [ app_end ] --START--
INFO: Run Behavior\ShowPageTraceBehavior [ RunTime:0.005000s ]
INFO: [ app_end ] --END-- [ RunTime:0.005000s ]

[ 2015-12-02T11:10:17+08:00 ] 127.0.0.1 /wisdom/index.php/Api/Info/conf
INFO: [ app_init ] --START--
INFO: Run Behavior\BuildLiteBehavior [ RunTime:0.000000s ]
INFO: [ app_init ] --END-- [ RunTime:0.000000s ]
INFO: [ app_begin ] --START--
INFO: Run Behavior\ReadHtmlCacheBehavior [ RunTime:0.001000s ]
INFO: [ app_begin ] --END-- [ RunTime:0.001000s ]
INFO: [ app_end ] --START--
INFO: Run Behavior\ShowPageTraceBehavior [ RunTime:0.000000s ]
INFO: [ app_end ] --END-- [ RunTime:0.001000s ]

[ 2015-12-02T11:11:44+08:00 ] ::1 /wisdom/Index.php/Api/Web/gettasktitle
INFO: [ app_init ] --START--
INFO: Run Behavior\BuildLiteBehavior [ RunTime:0.000000s ]
INFO: [ app_init ] --END-- [ RunTime:0.001000s ]
INFO: [ app_begin ] --START--
INFO: Run Behavior\ReadHtmlCacheBehavior [ RunTime:0.001000s ]
INFO: [ app_begin ] --END-- [ RunTime:0.001000s ]
SQL: SHOW COLUMNS FROM `t_tasktype` [ RunTime:0.0840s ]
SQL: SELECT `F_TYPEID` FROM `t_tasktype` WHERE ( F_PARENTID=3 )  [ RunTime:0.0040s ]
SQL: SHOW COLUMNS FROM `t_task` [ RunTime:0.0250s ]
SQL: SELECT t_task.f_tid,t_task.f_title,t_tasktype.f_typeid,t_tasktype.f_typename,t_task.f_status,t_task.f_begindate,t_task.f_enddate,t_taskmtbaseinfo.f_mtbrand,t_taskmtbaseinfo.f_mtgoods FROM `t_task` LEFT JOIN t_tasktype ON t_tasktype.f_typeid = t_task.f_tasktypeid LEFT JOIN t_taskmtbaseinfo ON t_taskmtbaseinfo.f_taskid = t_task.f_tid  WHERE `f_tasktypeid` IN ('3') AND `f_companyid` = '1002' AND `f_status` IN ('1','3') ORDER BY f_creatdate desc  [ RunTime:0.0340s ]
INFO: [ app_end ] --START--
INFO: Run Behavior\ShowPageTraceBehavior [ RunTime:0.003001s ]
INFO: [ app_end ] --END-- [ RunTime:0.003001s ]

[ 2015-12-02T11:11:45+08:00 ] ::1 /wisdom/Index.php/Api/web/getTaskList
INFO: [ app_init ] --START--
INFO: Run Behavior\BuildLiteBehavior [ RunTime:0.000000s ]
INFO: [ app_init ] --END-- [ RunTime:0.001000s ]
INFO: [ app_begin ] --START--
INFO: Run Behavior\ReadHtmlCacheBehavior [ RunTime:0.002000s ]
INFO: [ app_begin ] --END-- [ RunTime:0.002000s ]
NOTIC: [8] Undefined index: page D:\wamp\www\wisdom\App\Api\Controller\WebController.class.php 第 142 行.
SQL: SHOW COLUMNS FROM `t_tasktype` [ RunTime:0.0110s ]
SQL: SELECT `F_TYPEID` FROM `t_tasktype` WHERE ( F_PARENTID=3 )  [ RunTime:0.0130s ]
SQL: SHOW COLUMNS FROM `t_task` [ RunTime:0.0110s ]
SQL: SHOW COLUMNS FROM `t_task` [ RunTime:0.0120s ]
SQL: SELECT COUNT(*) AS tp_count FROM `t_task` WHERE `f_companyid` = '1002' AND `f_status` <> 0 AND `f_tasktypeid` IN ('3') LIMIT 1   [ RunTime:0.0100s ]
SQL: UPDATE `t_task` SET `f_status`='4' WHERE `f_enddate` < '2015-12-02' AND `f_companyid` = '1002' AND `f_tasktypeid` = 3 AND `f_status` <> 0 [ RunTime:0.0120s ]
SQL: SELECT `f_tasktypeid`,`f_tid`,`f_surveno`,`f_title`,`f_creatdate`,`f_companyid`,`f_creatuserid`,`f_description`,`f_begindate`,`f_enddate`,`f_status`,`f_typename`,`f_linkman`,`f_linkphone`,`f_mtbrand`,`f_mtgoods`,`f_unitfirstAmount`,`f_unitcashdeposit`,`f_unitfranchisefee`,`f_unitotheramount`,`f_unittotalamount`,`f_tradename` FROM `t_task` LEFT JOIN t_taskmtbaseinfo ON t_taskmtbaseinfo.f_taskid = t_task.f_tid LEFT JOIN t_taskmtdetailedinfo ON t_taskmtdetailedinfo.f_taskid = t_task.f_tid LEFT JOIN t_taskmtattach ON t_taskmtattach.f_taskid = t_task.f_tid LEFT JOIN t_tasktype ON t_tasktype.f_typeid = t_task.f_tasktypeid LEFT JOIN t_tradetype ON t_tradetype.f_tradeID = t_taskmtbaseinfo.f_tradeid  WHERE `f_tasktypeid` IN ('3') AND `f_companyid` = '1002' AND `f_status` <> 0 ORDER BY f_creatdate desc LIMIT 0,18   [ RunTime:0.0400s ]
INFO: [ app_end ] --START--
INFO: Run Behavior\ShowPageTraceBehavior [ RunTime:0.003001s ]
INFO: [ app_end ] --END-- [ RunTime:0.003001s ]

[ 2015-12-02T11:11:48+08:00 ] ::1 /wisdom/Index.php/Api/Info/conf?command=getArea&taskid=0
INFO: [ app_init ] --START--
INFO: Run Behavior\BuildLiteBehavior [ RunTime:0.000000s ]
INFO: [ app_init ] --END-- [ RunTime:0.002001s ]
INFO: [ app_begin ] --START--
INFO: Run Behavior\ReadHtmlCacheBehavior [ RunTime:0.005000s ]
INFO: [ app_begin ] --END-- [ RunTime:0.006000s ]
SQL: SHOW COLUMNS FROM `t_task` [ RunTime:0.0160s ]
SQL: SHOW COLUMNS FROM `t_taskmtareaqty` [ RunTime:0.0150s ]
SQL: SELECT * FROM `t_taskmtareaqty` WHERE ( f_taskid=0 )  [ RunTime:0.0100s ]
INFO: [ app_end ] --START--
INFO: Run Behavior\ShowPageTraceBehavior [ RunTime:0.003000s ]
INFO: [ app_end ] --END-- [ RunTime:0.003000s ]

[ 2015-12-02T11:11:48+08:00 ] ::1 /wisdom/Index.php/Api/Info/conf?command=getPro&taskid=0
INFO: [ app_init ] --START--
INFO: Run Behavior\BuildLiteBehavior [ RunTime:0.000000s ]
INFO: [ app_init ] --END-- [ RunTime:0.003000s ]
INFO: [ app_begin ] --START--
INFO: Run Behavior\ReadHtmlCacheBehavior [ RunTime:0.004000s ]
INFO: [ app_begin ] --END-- [ RunTime:0.004000s ]
SQL: SHOW COLUMNS FROM `t_task` [ RunTime:0.0090s ]
SQL: SHOW COLUMNS FROM `t_taskmtgoodsdetail` [ RunTime:0.0120s ]
SQL: SELECT * FROM `t_taskmtgoodsdetail` WHERE ( f_taskid=0 )  [ RunTime:0.0080s ]
INFO: [ app_end ] --START--
INFO: Run Behavior\ShowPageTraceBehavior [ RunTime:0.001000s ]
INFO: [ app_end ] --END-- [ RunTime:0.001000s ]

[ 2015-12-02T15:35:15+08:00 ] ::1 /wisdom/Index.php/Api/Info/conf
INFO: [ app_init ] --START--
INFO: Run Behavior\BuildLiteBehavior [ RunTime:0.000000s ]
INFO: [ app_init ] --END-- [ RunTime:0.001000s ]
INFO: [ app_begin ] --START--
INFO: Run Behavior\ReadHtmlCacheBehavior [ RunTime:0.001000s ]
INFO: [ app_begin ] --END-- [ RunTime:0.001000s ]
INFO: [ app_end ] --START--
INFO: Run Behavior\ShowPageTraceBehavior [ RunTime:0.001000s ]
INFO: [ app_end ] --END-- [ RunTime:0.001000s ]

[ 2015-12-02T15:35:18+08:00 ] ::1 /wisdom/Index.php/Api/Info/conf
INFO: [ app_init ] --START--
INFO: Run Behavior\BuildLiteBehavior [ RunTime:0.000000s ]
INFO: [ app_init ] --END-- [ RunTime:0.001000s ]
INFO: [ app_begin ] --START--
INFO: Run Behavior\ReadHtmlCacheBehavior [ RunTime:0.000000s ]
INFO: [ app_begin ] --END-- [ RunTime:0.001000s ]
INFO: [ app_end ] --START--
INFO: Run Behavior\ShowPageTraceBehavior [ RunTime:0.000000s ]
INFO: [ app_end ] --END-- [ RunTime:0.001000s ]

[ 2015-12-02T15:35:18+08:00 ] ::1 /wisdom/Index.php/Api/Info/conf
INFO: [ app_init ] --START--
INFO: Run Behavior\BuildLiteBehavior [ RunTime:0.000000s ]
INFO: [ app_init ] --END-- [ RunTime:0.000000s ]
INFO: [ app_begin ] --START--
INFO: Run Behavior\ReadHtmlCacheBehavior [ RunTime:0.001000s ]
INFO: [ app_begin ] --END-- [ RunTime:0.001000s ]
INFO: [ app_end ] --START--
INFO: Run Behavior\ShowPageTraceBehavior [ RunTime:0.002001s ]
INFO: [ app_end ] --END-- [ RunTime:0.002001s ]

[ 2015-12-02T15:36:17+08:00 ] ::1 /wisdom/Index.php/Api/Upfile/upF/type/2.html
INFO: [ app_init ] --START--
INFO: Run Behavior\BuildLiteBehavior [ RunTime:0.000000s ]
INFO: [ app_init ] --END-- [ RunTime:0.001000s ]
INFO: [ app_begin ] --START--
INFO: Run Behavior\ReadHtmlCacheBehavior [ RunTime:0.002000s ]
INFO: [ app_begin ] --END-- [ RunTime:0.002000s ]
NOTIC: [2] call_user_func() expects parameter 1 to be a valid callback, no array or string given D:\wamp\www\wisdom\ThinkPHP\Library\Think\Upload.class.php 第 171 行.
SQL: SHOW COLUMNS FROM `t_files` [ RunTime:0.0030s ]
SQL: SHOW COLUMNS FROM `t_files` [ RunTime:0.0030s ]
SQL: INSERT INTO `t_files` (`f_filename`,`f_filepath`,`f_uptime`) VALUES ('565e9f71cf777.png','20151202/','1449041777') [ RunTime:0.0030s ]
INFO: [ app_end ] --START--
INFO: Run Behavior\ShowPageTraceBehavior [ RunTime:0.005001s ]
INFO: [ app_end ] --END-- [ RunTime:0.005001s ]

[ 2015-12-02T15:36:22+08:00 ] ::1 /wisdom/Index.php/Api/Upfile/upF/type/2.html
INFO: [ app_init ] --START--
INFO: Run Behavior\BuildLiteBehavior [ RunTime:0.000000s ]
INFO: [ app_init ] --END-- [ RunTime:0.002000s ]
INFO: [ app_begin ] --START--
INFO: Run Behavior\ReadHtmlCacheBehavior [ RunTime:0.003000s ]
INFO: [ app_begin ] --END-- [ RunTime:0.003000s ]
NOTIC: [2] call_user_func() expects parameter 1 to be a valid callback, no array or string given D:\wamp\www\wisdom\ThinkPHP\Library\Think\Upload.class.php 第 171 行.
SQL: SHOW COLUMNS FROM `t_files` [ RunTime:0.0030s ]
SQL: SHOW COLUMNS FROM `t_files` [ RunTime:0.0040s ]
SQL: INSERT INTO `t_files` (`f_filename`,`f_filepath`,`f_uptime`) VALUES ('565e9f7682df3.png','20151202/','1449041782') [ RunTime:0.0020s ]
INFO: [ app_end ] --START--
INFO: Run Behavior\ShowPageTraceBehavior [ RunTime:0.004000s ]
INFO: [ app_end ] --END-- [ RunTime:0.004000s ]

[ 2015-12-02T15:36:28+08:00 ] ::1 /wisdom/Index.php/Api/Upfile/upF/type/2.html
INFO: [ app_init ] --START--
INFO: Run Behavior\BuildLiteBehavior [ RunTime:0.000000s ]
INFO: [ app_init ] --END-- [ RunTime:0.001000s ]
INFO: [ app_begin ] --START--
INFO: Run Behavior\ReadHtmlCacheBehavior [ RunTime:0.003000s ]
INFO: [ app_begin ] --END-- [ RunTime:0.003000s ]
NOTIC: [2] call_user_func() expects parameter 1 to be a valid callback, no array or string given D:\wamp\www\wisdom\ThinkPHP\Library\Think\Upload.class.php 第 171 行.
SQL: SHOW COLUMNS FROM `t_files` [ RunTime:0.0030s ]
SQL: SHOW COLUMNS FROM `t_files` [ RunTime:0.0030s ]
SQL: INSERT INTO `t_files` (`f_filename`,`f_filepath`,`f_uptime`) VALUES ('565e9f7c10340.gif','20151202/','1449041788') [ RunTime:0.0020s ]
INFO: [ app_end ] --START--
INFO: Run Behavior\ShowPageTraceBehavior [ RunTime:0.004000s ]
INFO: [ app_end ] --END-- [ RunTime:0.004000s ]

[ 2015-12-02T15:36:33+08:00 ] ::1 /wisdom/Index.php/Api/Upfile/upF/type/2.html
INFO: [ app_init ] --START--
INFO: Run Behavior\BuildLiteBehavior [ RunTime:0.000000s ]
INFO: [ app_init ] --END-- [ RunTime:0.002000s ]
INFO: [ app_begin ] --START--
INFO: Run Behavior\ReadHtmlCacheBehavior [ RunTime:0.003000s ]
INFO: [ app_begin ] --END-- [ RunTime:0.003000s ]
NOTIC: [2] call_user_func() expects parameter 1 to be a valid callback, no array or string given D:\wamp\www\wisdom\ThinkPHP\Library\Think\Upload.class.php 第 171 行.
SQL: SHOW COLUMNS FROM `t_files` [ RunTime:0.0030s ]
SQL: SHOW COLUMNS FROM `t_files` [ RunTime:0.0030s ]
SQL: INSERT INTO `t_files` (`f_filename`,`f_filepath`,`f_uptime`) VALUES ('565e9f812e0f5.png','20151202/','1449041793') [ RunTime:0.0020s ]
INFO: [ app_end ] --START--
INFO: Run Behavior\ShowPageTraceBehavior [ RunTime:0.003001s ]
INFO: [ app_end ] --END-- [ RunTime:0.003001s ]

[ 2015-12-02T15:36:38+08:00 ] ::1 /wisdom/Index.php/Api/Upfile/upF/type/2.html
INFO: [ app_init ] --START--
INFO: Run Behavior\BuildLiteBehavior [ RunTime:0.000000s ]
INFO: [ app_init ] --END-- [ RunTime:0.001000s ]
INFO: [ app_begin ] --START--
INFO: Run Behavior\ReadHtmlCacheBehavior [ RunTime:0.003000s ]
INFO: [ app_begin ] --END-- [ RunTime:0.003000s ]
NOTIC: [2] call_user_func() expects parameter 1 to be a valid callback, no array or string given D:\wamp\www\wisdom\ThinkPHP\Library\Think\Upload.class.php 第 171 行.
SQL: SHOW COLUMNS FROM `t_files` [ RunTime:0.0060s ]
SQL: SHOW COLUMNS FROM `t_files` [ RunTime:0.0030s ]
SQL: INSERT INTO `t_files` (`f_filename`,`f_filepath`,`f_uptime`) VALUES ('565e9f8639d95.png','20151202/','1449041798') [ RunTime:0.0030s ]
INFO: [ app_end ] --START--
INFO: Run Behavior\ShowPageTraceBehavior [ RunTime:0.003000s ]
INFO: [ app_end ] --END-- [ RunTime:0.003000s ]

[ 2015-12-02T15:36:48+08:00 ] ::1 /wisdom/Index.php/Api/Upfile/upF/type/2.html
INFO: [ app_init ] --START--
INFO: Run Behavior\BuildLiteBehavior [ RunTime:0.000000s ]
INFO: [ app_init ] --END-- [ RunTime:0.001000s ]
INFO: [ app_begin ] --START--
INFO: Run Behavior\ReadHtmlCacheBehavior [ RunTime:0.001000s ]
INFO: [ app_begin ] --END-- [ RunTime:0.002000s ]
NOTIC: [2] call_user_func() expects parameter 1 to be a valid callback, no array or string given D:\wamp\www\wisdom\ThinkPHP\Library\Think\Upload.class.php 第 171 行.
SQL: SHOW COLUMNS FROM `t_files` [ RunTime:0.0030s ]
SQL: SHOW COLUMNS FROM `t_files` [ RunTime:0.0040s ]
SQL: INSERT INTO `t_files` (`f_filename`,`f_filepath`,`f_uptime`) VALUES ('565e9f9096477.png','20151202/','1449041808') [ RunTime:0.0020s ]
INFO: [ app_end ] --START--
INFO: Run Behavior\ShowPageTraceBehavior [ RunTime:0.001000s ]
INFO: [ app_end ] --END-- [ RunTime:0.001000s ]

[ 2015-12-02T15:36:53+08:00 ] ::1 /wisdom/Index.php/Api/Upfile/upF/type/2.html
INFO: [ app_init ] --START--
INFO: Run Behavior\BuildLiteBehavior [ RunTime:0.000000s ]
INFO: [ app_init ] --END-- [ RunTime:0.001000s ]
INFO: [ app_begin ] --START--
INFO: Run Behavior\ReadHtmlCacheBehavior [ RunTime:0.002000s ]
INFO: [ app_begin ] --END-- [ RunTime:0.002000s ]
NOTIC: [2] call_user_func() expects parameter 1 to be a valid callback, no array or string given D:\wamp\www\wisdom\ThinkPHP\Library\Think\Upload.class.php 第 171 行.
SQL: SHOW COLUMNS FROM `t_files` [ RunTime:0.0030s ]
SQL: SHOW COLUMNS FROM `t_files` [ RunTime:0.0030s ]
SQL: INSERT INTO `t_files` (`f_filename`,`f_filepath`,`f_uptime`) VALUES ('565e9f94ee799.png','20151202/','1449041813') [ RunTime:0.0020s ]
INFO: [ app_end ] --START--
INFO: Run Behavior\ShowPageTraceBehavior [ RunTime:0.001000s ]
INFO: [ app_end ] --END-- [ RunTime:0.001000s ]

[ 2015-12-02T15:36:57+08:00 ] ::1 /wisdom/Index.php/Api/Upfile/upF/type/2.html
INFO: [ app_init ] --START--
INFO: Run Behavior\BuildLiteBehavior [ RunTime:0.000000s ]
INFO: [ app_init ] --END-- [ RunTime:0.001000s ]
INFO: [ app_begin ] --START--
INFO: Run Behavior\ReadHtmlCacheBehavior [ RunTime:0.003000s ]
INFO: [ app_begin ] --END-- [ RunTime:0.003000s ]
NOTIC: [2] call_user_func() expects parameter 1 to be a valid callback, no array or string given D:\wamp\www\wisdom\ThinkPHP\Library\Think\Upload.class.php 第 171 行.
SQL: SHOW COLUMNS FROM `t_files` [ RunTime:0.0040s ]
SQL: SHOW COLUMNS FROM `t_files` [ RunTime:0.0040s ]
SQL: INSERT INTO `t_files` (`f_filename`,`f_filepath`,`f_uptime`) VALUES ('565e9f994d671.png','20151202/','1449041817') [ RunTime:0.0030s ]
INFO: [ app_end ] --START--
INFO: Run Behavior\ShowPageTraceBehavior [ RunTime:0.001000s ]
INFO: [ app_end ] --END-- [ RunTime:0.001000s ]

[ 2015-12-02T15:37:02+08:00 ] ::1 /wisdom/Index.php/Api/Upfile/upF/type/2.html
INFO: [ app_init ] --START--
INFO: Run Behavior\BuildLiteBehavior [ RunTime:0.000000s ]
INFO: [ app_init ] --END-- [ RunTime:0.001000s ]
INFO: [ app_begin ] --START--
INFO: Run Behavior\ReadHtmlCacheBehavior [ RunTime:0.001000s ]
INFO: [ app_begin ] --END-- [ RunTime:0.001000s ]
NOTIC: [2] call_user_func() expects parameter 1 to be a valid callback, no array or string given D:\wamp\www\wisdom\ThinkPHP\Library\Think\Upload.class.php 第 171 行.
SQL: SHOW COLUMNS FROM `t_files` [ RunTime:0.0030s ]
SQL: SHOW COLUMNS FROM `t_files` [ RunTime:0.0020s ]
SQL: INSERT INTO `t_files` (`f_filename`,`f_filepath`,`f_uptime`) VALUES ('565e9f9eb154e.png','20151202/','1449041822') [ RunTime:0.0020s ]
INFO: [ app_end ] --START--
INFO: Run Behavior\ShowPageTraceBehavior [ RunTime:0.002000s ]
INFO: [ app_end ] --END-- [ RunTime:0.002000s ]

[ 2015-12-02T15:37:06+08:00 ] ::1 /wisdom/Index.php/Api/Upfile/upF/type/2.html
INFO: [ app_init ] --START--
INFO: Run Behavior\BuildLiteBehavior [ RunTime:0.000000s ]
INFO: [ app_init ] --END-- [ RunTime:0.001001s ]
INFO: [ app_begin ] --START--
INFO: Run Behavior\ReadHtmlCacheBehavior [ RunTime:0.001000s ]
INFO: [ app_begin ] --END-- [ RunTime:0.001000s ]
NOTIC: [2] call_user_func() expects parameter 1 to be a valid callback, no array or string given D:\wamp\www\wisdom\ThinkPHP\Library\Think\Upload.class.php 第 171 行.
SQL: SHOW COLUMNS FROM `t_files` [ RunTime:0.0030s ]
SQL: SHOW COLUMNS FROM `t_files` [ RunTime:0.0040s ]
SQL: INSERT INTO `t_files` (`f_filename`,`f_filepath`,`f_uptime`) VALUES ('565e9fa2afadb.gif','20151202/','1449041826') [ RunTime:0.0020s ]
INFO: [ app_end ] --START--
INFO: Run Behavior\ShowPageTraceBehavior [ RunTime:0.002000s ]
INFO: [ app_end ] --END-- [ RunTime:0.002000s ]

[ 2015-12-02T15:37:09+08:00 ] ::1 /wisdom/Index.php/Api/Web/companySet_upload
INFO: [ app_init ] --START--
INFO: Run Behavior\BuildLiteBehavior [ RunTime:0.000000s ]
INFO: [ app_init ] --END-- [ RunTime:0.001000s ]
INFO: [ app_begin ] --START--
INFO: Run Behavior\ReadHtmlCacheBehavior [ RunTime:0.002000s ]
INFO: [ app_begin ] --END-- [ RunTime:0.002000s ]
SQL: SHOW COLUMNS FROM `t_company_set` [ RunTime:0.0040s ]
SQL: SELECT * FROM `t_company_set` WHERE ( company_id=1002 ) LIMIT 1   [ RunTime:0.0020s ]
SQL: INSERT INTO `t_company_set` (`business_licence`,`upload_time`,`company_id`) VALUES ('9101','1449041829','1002') [ RunTime:0.0020s ]
INFO: [ app_end ] --START--
INFO: Run Behavior\ShowPageTraceBehavior [ RunTime:0.002000s ]
INFO: [ app_end ] --END-- [ RunTime:0.002000s ]

[ 2015-12-02T15:37:18+08:00 ] ::1 /wisdom/Index.php/Api/Web/gettasktitle
INFO: [ app_init ] --START--
INFO: Run Behavior\BuildLiteBehavior [ RunTime:0.000000s ]
INFO: [ app_init ] --END-- [ RunTime:0.003000s ]
INFO: [ app_begin ] --START--
INFO: Run Behavior\ReadHtmlCacheBehavior [ RunTime:0.001000s ]
INFO: [ app_begin ] --END-- [ RunTime:0.001000s ]
SQL: SHOW COLUMNS FROM `t_tasktype` [ RunTime:0.0040s ]
SQL: SELECT `F_TYPEID` FROM `t_tasktype` WHERE ( F_PARENTID=3 )  [ RunTime:0.0020s ]
SQL: SHOW COLUMNS FROM `t_task` [ RunTime:0.0050s ]
SQL: SELECT t_task.f_tid,t_task.f_title,t_tasktype.f_typeid,t_tasktype.f_typename,t_task.f_status,t_task.f_begindate,t_task.f_enddate,t_taskmtbaseinfo.f_mtbrand,t_taskmtbaseinfo.f_mtgoods FROM `t_task` LEFT JOIN t_tasktype ON t_tasktype.f_typeid = t_task.f_tasktypeid LEFT JOIN t_taskmtbaseinfo ON t_taskmtbaseinfo.f_taskid = t_task.f_tid  WHERE `f_tasktypeid` IN ('3') AND `f_companyid` = '1002' AND `f_status` IN ('1','3') ORDER BY f_creatdate desc  [ RunTime:0.0020s ]
INFO: [ app_end ] --START--
INFO: Run Behavior\ShowPageTraceBehavior [ RunTime:0.000000s ]
INFO: [ app_end ] --END-- [ RunTime:0.001000s ]

[ 2015-12-02T15:37:24+08:00 ] ::1 /wisdom/Index.php/Api/Web/gettasktitle
INFO: [ app_init ] --START--
INFO: Run Behavior\BuildLiteBehavior [ RunTime:0.000000s ]
INFO: [ app_init ] --END-- [ RunTime:0.001000s ]
INFO: [ app_begin ] --START--
INFO: Run Behavior\ReadHtmlCacheBehavior [ RunTime:0.001000s ]
INFO: [ app_begin ] --END-- [ RunTime:0.001000s ]
SQL: SHOW COLUMNS FROM `t_tasktype` [ RunTime:0.0040s ]
SQL: SELECT `F_TYPEID` FROM `t_tasktype` WHERE ( F_PARENTID=1 )  [ RunTime:0.0030s ]
SQL: SHOW COLUMNS FROM `t_task` [ RunTime:0.0040s ]
SQL: SELECT t_task.f_tid,t_task.f_title,t_tasktype.f_typeid,t_tasktype.f_typename,t_task.f_status,t_task.f_begindate,t_task.f_enddate FROM `t_task` LEFT JOIN t_tasktype ON t_tasktype.f_typeid = t_task.f_tasktypeid  WHERE `f_tasktypeid` IN ('1') AND `f_companyid` = '1002' AND `f_status` IN ('1','3') ORDER BY f_creatdate desc  [ RunTime:0.0030s ]
INFO: [ app_end ] --START--
INFO: Run Behavior\ShowPageTraceBehavior [ RunTime:0.003000s ]
INFO: [ app_end ] --END-- [ RunTime:0.003000s ]

[ 2015-12-02T15:37:24+08:00 ] ::1 /wisdom/Index.php/Api/Web/gettasktitle
INFO: [ app_init ] --START--
INFO: Run Behavior\BuildLiteBehavior [ RunTime:0.000000s ]
INFO: [ app_init ] --END-- [ RunTime:0.001000s ]
INFO: [ app_begin ] --START--
INFO: Run Behavior\ReadHtmlCacheBehavior [ RunTime:0.001000s ]
INFO: [ app_begin ] --END-- [ RunTime:0.001000s ]
SQL: SHOW COLUMNS FROM `t_tasktype` [ RunTime:0.0030s ]
SQL: SELECT `F_TYPEID` FROM `t_tasktype` WHERE ( F_PARENTID=2 )  [ RunTime:0.0020s ]
SQL: SHOW COLUMNS FROM `t_task` [ RunTime:0.0040s ]
SQL: SELECT t_task.f_tid,t_task.f_title,t_tasktype.f_typeid,t_tasktype.f_typename,t_task.f_status,t_task.f_begindate,t_task.f_enddate FROM `t_task` LEFT JOIN t_tasktype ON t_tasktype.f_typeid = t_task.f_tasktypeid  WHERE `f_tasktypeid` IN ('4','5','6') AND `f_companyid` = '1002' AND `f_status` IN ('1','3') ORDER BY f_creatdate desc  [ RunTime:0.0020s ]
INFO: [ app_end ] --START--
INFO: Run Behavior\ShowPageTraceBehavior [ RunTime:0.002000s ]
INFO: [ app_end ] --END-- [ RunTime:0.002000s ]

[ 2015-12-02T15:37:25+08:00 ] ::1 /wisdom/Index.php/Api/Web/gettasktitle
INFO: [ app_init ] --START--
INFO: Run Behavior\BuildLiteBehavior [ RunTime:0.000000s ]
INFO: [ app_init ] --END-- [ RunTime:0.001000s ]
INFO: [ app_begin ] --START--
INFO: Run Behavior\ReadHtmlCacheBehavior [ RunTime:0.002001s ]
INFO: [ app_begin ] --END-- [ RunTime:0.002001s ]
SQL: SHOW COLUMNS FROM `t_tasktype` [ RunTime:0.0030s ]
SQL: SELECT `F_TYPEID` FROM `t_tasktype` WHERE ( F_PARENTID=3 )  [ RunTime:0.0020s ]
SQL: SHOW COLUMNS FROM `t_task` [ RunTime:0.0030s ]
SQL: SELECT t_task.f_tid,t_task.f_title,t_tasktype.f_typeid,t_tasktype.f_typename,t_task.f_status,t_task.f_begindate,t_task.f_enddate,t_taskmtbaseinfo.f_mtbrand,t_taskmtbaseinfo.f_mtgoods FROM `t_task` LEFT JOIN t_tasktype ON t_tasktype.f_typeid = t_task.f_tasktypeid LEFT JOIN t_taskmtbaseinfo ON t_taskmtbaseinfo.f_taskid = t_task.f_tid  WHERE `f_tasktypeid` IN ('3') AND `f_companyid` = '1002' AND `f_status` IN ('1','3') ORDER BY f_creatdate desc  [ RunTime:0.0020s ]
INFO: [ app_end ] --START--
INFO: Run Behavior\ShowPageTraceBehavior [ RunTime:0.001000s ]
INFO: [ app_end ] --END-- [ RunTime:0.001000s ]

[ 2015-12-02T15:37:28+08:00 ] ::1 /wisdom/Index.php/Api/Web/gettasktitle
INFO: [ app_init ] --START--
INFO: Run Behavior\BuildLiteBehavior [ RunTime:0.000000s ]
INFO: [ app_init ] --END-- [ RunTime:0.003001s ]
INFO: [ app_begin ] --START--
INFO: Run Behavior\ReadHtmlCacheBehavior [ RunTime:0.002000s ]
INFO: [ app_begin ] --END-- [ RunTime:0.002000s ]
SQL: SHOW COLUMNS FROM `t_tasktype` [ RunTime:0.0030s ]
SQL: SELECT `F_TYPEID` FROM `t_tasktype` WHERE ( F_PARENTID=1 )  [ RunTime:0.0020s ]
SQL: SHOW COLUMNS FROM `t_task` [ RunTime:0.0040s ]
SQL: SELECT t_task.f_tid,t_task.f_title,t_tasktype.f_typeid,t_tasktype.f_typename,t_task.f_status,t_task.f_begindate,t_task.f_enddate FROM `t_task` LEFT JOIN t_tasktype ON t_tasktype.f_typeid = t_task.f_tasktypeid  WHERE `f_tasktypeid` IN ('1') AND `f_companyid` = '1002' AND `f_status` IN ('1','3') ORDER BY f_creatdate desc  [ RunTime:0.0040s ]
INFO: [ app_end ] --START--
INFO: Run Behavior\ShowPageTraceBehavior [ RunTime:0.003000s ]
INFO: [ app_end ] --END-- [ RunTime:0.003000s ]

[ 2015-12-02T15:37:28+08:00 ] ::1 /wisdom/Index.php/Api/Web/gettasktitle
INFO: [ app_init ] --START--
INFO: Run Behavior\BuildLiteBehavior [ RunTime:0.000000s ]
INFO: [ app_init ] --END-- [ RunTime:0.002000s ]
INFO: [ app_begin ] --START--
INFO: Run Behavior\ReadHtmlCacheBehavior [ RunTime:0.004001s ]
INFO: [ app_begin ] --END-- [ RunTime:0.004001s ]
SQL: SHOW COLUMNS FROM `t_tasktype` [ RunTime:0.0040s ]
SQL: SELECT `F_TYPEID` FROM `t_tasktype` WHERE ( F_PARENTID=2 )  [ RunTime:0.0030s ]
SQL: SHOW COLUMNS FROM `t_task` [ RunTime:0.0040s ]
SQL: SELECT t_task.f_tid,t_task.f_title,t_tasktype.f_typeid,t_tasktype.f_typename,t_task.f_status,t_task.f_begindate,t_task.f_enddate FROM `t_task` LEFT JOIN t_tasktype ON t_tasktype.f_typeid = t_task.f_tasktypeid  WHERE `f_tasktypeid` IN ('4','5','6') AND `f_companyid` = '1002' AND `f_status` IN ('1','3') ORDER BY f_creatdate desc  [ RunTime:0.0030s ]
INFO: [ app_end ] --START--
INFO: Run Behavior\ShowPageTraceBehavior [ RunTime:0.003000s ]
INFO: [ app_end ] --END-- [ RunTime:0.003000s ]

