[ 2016-03-04T11:16:44+08:00 ] ::1 /wisdom/index.php/Api/Upfile/upF/type/2/size/51200/exts/jpg,gif,png.html
INFO: [ app_init ] --START--
INFO: Run Behavior\BuildLiteBehavior [ RunTime:0.000000s ]
INFO: [ app_init ] --END-- [ RunTime:0.001000s ]
INFO: [ app_begin ] --START--
INFO: Run Behavior\ReadHtmlCacheBehavior [ RunTime:0.001000s ]
INFO: [ app_begin ] --END-- [ RunTime:0.001000s ]
NOTIC: [2] call_user_func() expects parameter 1 to be a valid callback, no array or string given D:\wamp\www\wisdom\ThinkPHP\Library\Think\Upload.class.php 第 171 行.
SQL: SHOW COLUMNS FROM `t_files` [ RunTime:0.0020s ]
SQL: SHOW COLUMNS FROM `t_files` [ RunTime:0.0030s ]
SQL: INSERT INTO `t_files` (`f_oldfilename`,`f_filetype`,`f_filesize`,`f_fileext`,`f_filename`,`f_filepath`,`f_uptime`) VALUES ('ppic.jpg','image/jpeg','18778','jpg','56d8fe1ccb8f4.jpg','20160304/','1457061404') [ RunTime:0.0250s ]
INFO: [ app_end ] --START--
INFO: Run Behavior\ShowPageTraceBehavior [ RunTime:0.003000s ]
INFO: [ app_end ] --END-- [ RunTime:0.003000s ]

[ 2016-03-04T11:17:07+08:00 ] ::1 /wisdom/index.php/Api/Api/inport
INFO: [ app_init ] --START--
INFO: Run Behavior\BuildLiteBehavior [ RunTime:0.000000s ]
INFO: [ app_init ] --END-- [ RunTime:0.001000s ]
INFO: [ app_begin ] --START--
INFO: Run Behavior\ReadHtmlCacheBehavior [ RunTime:0.002000s ]
INFO: [ app_begin ] --END-- [ RunTime:0.002000s ]
SQL: SHOW COLUMNS FROM `t_task` [ RunTime:0.0030s ]
SQL: SHOW COLUMNS FROM `t_task` [ RunTime:0.0030s ]
SQL: INSERT INTO `t_task` (`f_creatuserid`,`f_paletid`,`f_companyid`,`f_tasktypeid`,`f_creatdate`,`f_surveno`,`f_title`,`f_fileid`,`f_fileid_ban`,`f_begindate`,`f_enddate`,`f_linkman`,`f_linkphone`,`f_status`,`f_harder`,`f_description`) VALUES ('0',NULL,'1002','4','1457061427','145706142743917968','h','11109','0','2016-03-09','2016-03-15','h','17757128602','6','1','00') [ RunTime:0.0030s ]
SQL: SHOW COLUMNS FROM `t_action_log` [ RunTime:0.0020s ]
SQL: INSERT INTO `t_action_log` (`f_userid`,`f_taskid`,`f_datetime`,`f_action`) VALUES ('10862','803','1457061427','随手赚新增第一步') [ RunTime:0.0050s ]
NOTIC: [8] Undefined index: eachscore D:\wamp\www\wisdom\App\Api\Controller\ApiController.class.php 第 3104 行.
NOTIC: [8] Undefined index: total_commisson D:\wamp\www\wisdom\App\Api\Controller\ApiController.class.php 第 3107 行.
SQL: SHOW COLUMNS FROM `t_tasksmallinfo` [ RunTime:0.0020s ]
SQL: INSERT INTO `t_tasksmallinfo` (`f_taskid`,`f_totalcopies`,`f_eachcoin`,`f_eachscore`,`f_drawcopies`,`f_taskrequirements`,`f_total_commisson`) VALUES ('803','100','1','3','0','<p>0...</p>',NULL) [ RunTime:0.0090s ]
INFO: [ app_end ] --START--
INFO: Run Behavior\ShowPageTraceBehavior [ RunTime:0.003001s ]
INFO: [ app_end ] --END-- [ RunTime:0.003001s ]

[ 2016-03-04T11:26:24+08:00 ] ::1 /wisdom/index.php/Api/Web/getproList
INFO: [ app_init ] --START--
INFO: Run Behavior\BuildLiteBehavior [ RunTime:0.000000s ]
INFO: [ app_init ] --END-- [ RunTime:0.001000s ]
INFO: [ app_begin ] --START--
INFO: Run Behavior\ReadHtmlCacheBehavior [ RunTime:0.004001s ]
INFO: [ app_begin ] --END-- [ RunTime:0.004001s ]
NOTIC: [8] Undefined index: page D:\wamp\www\wisdom\App\Api\Controller\WebController.class.php 第 72 行.
SQL: SHOW COLUMNS FROM `t_tasktype` [ RunTime:0.0050s ]
SQL: SELECT `F_TYPEID` FROM `t_tasktype` WHERE ( F_PARENTID=0 )  [ RunTime:0.0030s ]
SQL: SHOW COLUMNS FROM `t_task` [ RunTime:0.0040s ]
SQL: SELECT COUNT(*) AS tp_count FROM `t_task` LEFT JOIN t_tasksmallinfo ON t_tasksmallinfo.f_taskid = t_task.f_tid  WHERE `f_tasktypeid` IN ('1','2','4','5','6','7') AND `f_companyid` = '1002' AND `f_status` <> 0 LIMIT 1   [ RunTime:0.0030s ]
SQL: SELECT `f_tid`,`f_surveno`,`f_title`,`f_enddate`,`f_status`,`f_creatdate`,`f_eachcoin`,`f_totalcopies`,`f_tasktypeid` FROM `t_task` LEFT JOIN t_tasksmallinfo ON t_tasksmallinfo.f_taskid = t_task.f_tid  WHERE `f_tasktypeid` IN ('1','2','4','5','6','7') AND `f_companyid` = '1002' AND `f_status` <> 0 ORDER BY f_creatdate desc LIMIT 0,10   [ RunTime:0.0040s ]
SQL: SHOW COLUMNS FROM `t_shopsheet` [ RunTime:0.0040s ]
SQL: SELECT COUNT(*) AS tp_count FROM `t_shopsheet` WHERE `f_taskid` = 803 AND `f_shopingtype` = 1 AND `f_amount` <> 0 AND `f_label` = 'task' LIMIT 1   [ RunTime:0.0040s ]
INFO: [ app_end ] --START--
INFO: Run Behavior\ShowPageTraceBehavior [ RunTime:0.004000s ]
INFO: [ app_end ] --END-- [ RunTime:0.006000s ]

[ 2016-03-04T11:33:30+08:00 ] ::1 /wisdom/index.php/Api/Api/inport
INFO: [ app_init ] --START--
INFO: Run Behavior\BuildLiteBehavior [ RunTime:0.000000s ]
INFO: [ app_init ] --END-- [ RunTime:0.001000s ]
INFO: [ app_begin ] --START--
INFO: Run Behavior\ReadHtmlCacheBehavior [ RunTime:0.001000s ]
INFO: [ app_begin ] --END-- [ RunTime:0.001000s ]
SQL: SHOW COLUMNS FROM `t_task` [ RunTime:0.0030s ]
SQL: SHOW COLUMNS FROM `t_task` [ RunTime:0.0030s ]
SQL: UPDATE `t_task` SET `f_creatuserid`='0',`f_paletid`=NULL,`f_companyid`='1002',`f_tasktypeid`='4',`f_title`='h',`f_fileid`='11109',`f_fileid_ban`='0',`f_begindate`='2016-03-09',`f_enddate`='2016-03-15',`f_linkman`='h',`f_linkphone`='17757128602',`f_harder`='0',`f_status`='6',`f_description`='00' WHERE ( f_tid=803 ) [ RunTime:0.0020s ]
SQL: SHOW COLUMNS FROM `t_action_log` [ RunTime:0.0030s ]
SQL: INSERT INTO `t_action_log` (`f_userid`,`f_taskid`,`f_datetime`,`f_action`) VALUES ('10862','803','1457062410','随手赚编辑第一步') [ RunTime:0.0010s ]
NOTIC: [8] Undefined index: mtbrand D:\wamp\www\wisdom\App\Api\Controller\ApiController.class.php 第 2228 行.
NOTIC: [8] Undefined index: mtgoods D:\wamp\www\wisdom\App\Api\Controller\ApiController.class.php 第 2229 行.
NOTIC: [8] Undefined index: tradeid D:\wamp\www\wisdom\App\Api\Controller\ApiController.class.php 第 2230 行.
NOTIC: [8] Undefined index: payment D:\wamp\www\wisdom\App\Api\Controller\ApiController.class.php 第 2231 行.
NOTIC: [8] Undefined index: bond D:\wamp\www\wisdom\App\Api\Controller\ApiController.class.php 第 2232 行.
NOTIC: [8] Undefined index: franchise D:\wamp\www\wisdom\App\Api\Controller\ApiController.class.php 第 2233 行.
NOTIC: [8] Undefined index: otherprice D:\wamp\www\wisdom\App\Api\Controller\ApiController.class.php 第 2234 行.
NOTIC: [8] Undefined index: pricesum D:\wamp\www\wisdom\App\Api\Controller\ApiController.class.php 第 2235 行.
NOTIC: [8] Undefined index: commission D:\wamp\www\wisdom\App\Api\Controller\ApiController.class.php 第 2236 行.
NOTIC: [8] Undefined index: agents_commission D:\wamp\www\wisdom\App\Api\Controller\ApiController.class.php 第 2237 行.
NOTIC: [8] Undefined index: shuiw_commission D:\wamp\www\wisdom\App\Api\Controller\ApiController.class.php 第 2238 行.
NOTIC: [8] Undefined index: shangw_commission D:\wamp\www\wisdom\App\Api\Controller\ApiController.class.php 第 2239 行.
NOTIC: [8] Undefined index: tuig_commission D:\wamp\www\wisdom\App\Api\Controller\ApiController.class.php 第 2240 行.
NOTIC: [8] Undefined index: piny_commission D:\wamp\www\wisdom\App\Api\Controller\ApiController.class.php 第 2241 行.
NOTIC: [8] Undefined index: whprovidetrial D:\wamp\www\wisdom\App\Api\Controller\ApiController.class.php 第 2242 行.
NOTIC: [8] Undefined index: trialnum D:\wamp\www\wisdom\App\Api\Controller\ApiController.class.php 第 2243 行.
NOTIC: [8] Undefined index: whpaid D:\wamp\www\wisdom\App\Api\Controller\ApiController.class.php 第 2244 行.
NOTIC: [8] Undefined index: trialprice D:\wamp\www\wisdom\App\Api\Controller\ApiController.class.php 第 2245 行.
SQL: SHOW COLUMNS FROM `t_taskmtbaseinfo` [ RunTime:0.0030s ]
SQL: INSERT INTO `t_action_log` (`f_userid`,`f_taskid`,`f_datetime`) VALUES ('10862','803','1457062410') [ RunTime:0.0010s ]
SQL: UPDATE `t_taskmtbaseinfo` SET `f_taskid`='803',`f_mtbrand`=NULL,`f_mtgoods`=NULL,`f_tradeid`=NULL,`f_unitfirstAmount`=NULL,`f_unitcashdeposit`=NULL,`f_unitfranchisefee`=NULL,`f_unitotheramount`=NULL,`f_unittotalamount`=NULL,`f_unitcommission`=NULL,`f_unitpreownedgold`=NULL,`f_shuiw_commission`=NULL,`f_shangw_commission`=NULL,`f_tuig_commission`=NULL,`f_piny_commission`=NULL,`f_tryout`=NULL,`f_tryoutnumber`=NULL,`f_payment`=NULL,`f_paymentmoney`=NULL WHERE ( f_indexid=500 ) [ RunTime:0.0010s ]
NOTIC: [8] Undefined index: eachscore D:\wamp\www\wisdom\App\Api\Controller\ApiController.class.php 第 3104 行.
NOTIC: [8] Undefined index: total_commisson D:\wamp\www\wisdom\App\Api\Controller\ApiController.class.php 第 3107 行.
SQL: SHOW COLUMNS FROM `t_tasksmallinfo` [ RunTime:0.0030s ]
SQL: UPDATE `t_tasksmallinfo` SET `f_taskid`='803',`f_totalcopies`='100',`f_eachcoin`='1',`f_eachscore`='3',`f_drawcopies`='0',`f_taskrequirements`='<p><br/></p><p>0...</p>',`f_total_commisson`=NULL WHERE ( f_indexid=500 ) [ RunTime:0.0010s ]
INFO: [ app_end ] --START--
INFO: Run Behavior\ShowPageTraceBehavior [ RunTime:0.003001s ]
INFO: [ app_end ] --END-- [ RunTime:0.003001s ]

[ 2016-03-04T11:33:39+08:00 ] ::1 /wisdom/index.php/Api/Api/inport
INFO: [ app_init ] --START--
INFO: Run Behavior\BuildLiteBehavior [ RunTime:0.000000s ]
INFO: [ app_init ] --END-- [ RunTime:0.001000s ]
INFO: [ app_begin ] --START--
INFO: Run Behavior\ReadHtmlCacheBehavior [ RunTime:0.001000s ]
INFO: [ app_begin ] --END-- [ RunTime:0.001000s ]
SQL: SHOW COLUMNS FROM `t_task` [ RunTime:0.0040s ]
SQL: SHOW COLUMNS FROM `t_task` [ RunTime:0.0040s ]
SQL: UPDATE `t_task` SET `f_creatuserid`='0',`f_paletid`=NULL,`f_companyid`='1002',`f_tasktypeid`='5',`f_title`='h',`f_fileid`='11109',`f_fileid_ban`='0',`f_begindate`='2016-03-09',`f_enddate`='2016-03-15',`f_linkman`='h',`f_linkphone`='17757128602',`f_harder`='0',`f_status`='6',`f_description`='00' WHERE ( f_tid=803 ) [ RunTime:0.0020s ]
SQL: SHOW COLUMNS FROM `t_action_log` [ RunTime:0.0040s ]
SQL: INSERT INTO `t_action_log` (`f_userid`,`f_taskid`,`f_datetime`,`f_action`) VALUES ('10862','803','1457062419','随手赚编辑第一步') [ RunTime:0.0020s ]
NOTIC: [8] Undefined index: mtbrand D:\wamp\www\wisdom\App\Api\Controller\ApiController.class.php 第 2228 行.
NOTIC: [8] Undefined index: mtgoods D:\wamp\www\wisdom\App\Api\Controller\ApiController.class.php 第 2229 行.
NOTIC: [8] Undefined index: tradeid D:\wamp\www\wisdom\App\Api\Controller\ApiController.class.php 第 2230 行.
NOTIC: [8] Undefined index: payment D:\wamp\www\wisdom\App\Api\Controller\ApiController.class.php 第 2231 行.
NOTIC: [8] Undefined index: bond D:\wamp\www\wisdom\App\Api\Controller\ApiController.class.php 第 2232 行.
NOTIC: [8] Undefined index: franchise D:\wamp\www\wisdom\App\Api\Controller\ApiController.class.php 第 2233 行.
NOTIC: [8] Undefined index: otherprice D:\wamp\www\wisdom\App\Api\Controller\ApiController.class.php 第 2234 行.
NOTIC: [8] Undefined index: pricesum D:\wamp\www\wisdom\App\Api\Controller\ApiController.class.php 第 2235 行.
NOTIC: [8] Undefined index: commission D:\wamp\www\wisdom\App\Api\Controller\ApiController.class.php 第 2236 行.
NOTIC: [8] Undefined index: agents_commission D:\wamp\www\wisdom\App\Api\Controller\ApiController.class.php 第 2237 行.
NOTIC: [8] Undefined index: shuiw_commission D:\wamp\www\wisdom\App\Api\Controller\ApiController.class.php 第 2238 行.
NOTIC: [8] Undefined index: shangw_commission D:\wamp\www\wisdom\App\Api\Controller\ApiController.class.php 第 2239 行.
NOTIC: [8] Undefined index: tuig_commission D:\wamp\www\wisdom\App\Api\Controller\ApiController.class.php 第 2240 行.
NOTIC: [8] Undefined index: piny_commission D:\wamp\www\wisdom\App\Api\Controller\ApiController.class.php 第 2241 行.
NOTIC: [8] Undefined index: whprovidetrial D:\wamp\www\wisdom\App\Api\Controller\ApiController.class.php 第 2242 行.
NOTIC: [8] Undefined index: trialnum D:\wamp\www\wisdom\App\Api\Controller\ApiController.class.php 第 2243 行.
NOTIC: [8] Undefined index: whpaid D:\wamp\www\wisdom\App\Api\Controller\ApiController.class.php 第 2244 行.
NOTIC: [8] Undefined index: trialprice D:\wamp\www\wisdom\App\Api\Controller\ApiController.class.php 第 2245 行.
SQL: SHOW COLUMNS FROM `t_taskmtbaseinfo` [ RunTime:0.0030s ]
SQL: INSERT INTO `t_action_log` (`f_userid`,`f_taskid`,`f_datetime`) VALUES ('10862','803','1457062419') [ RunTime:0.0010s ]
SQL: UPDATE `t_taskmtbaseinfo` SET `f_taskid`='803',`f_mtbrand`=NULL,`f_mtgoods`=NULL,`f_tradeid`=NULL,`f_unitfirstAmount`=NULL,`f_unitcashdeposit`=NULL,`f_unitfranchisefee`=NULL,`f_unitotheramount`=NULL,`f_unittotalamount`=NULL,`f_unitcommission`=NULL,`f_unitpreownedgold`=NULL,`f_shuiw_commission`=NULL,`f_shangw_commission`=NULL,`f_tuig_commission`=NULL,`f_piny_commission`=NULL,`f_tryout`=NULL,`f_tryoutnumber`=NULL,`f_payment`=NULL,`f_paymentmoney`=NULL WHERE ( f_indexid=500 ) [ RunTime:0.0010s ]
NOTIC: [8] Undefined index: eachscore D:\wamp\www\wisdom\App\Api\Controller\ApiController.class.php 第 3104 行.
NOTIC: [8] Undefined index: total_commisson D:\wamp\www\wisdom\App\Api\Controller\ApiController.class.php 第 3107 行.
SQL: SHOW COLUMNS FROM `t_tasksmallinfo` [ RunTime:0.0030s ]
SQL: UPDATE `t_tasksmallinfo` SET `f_taskid`='803',`f_totalcopies`='100',`f_eachcoin`='1',`f_eachscore`='3',`f_drawcopies`='0',`f_taskrequirements`='<p><br/></p><p>0...</p>',`f_total_commisson`=NULL WHERE ( f_indexid=500 ) [ RunTime:0.0030s ]
INFO: [ app_end ] --START--
INFO: Run Behavior\ShowPageTraceBehavior [ RunTime:0.001000s ]
INFO: [ app_end ] --END-- [ RunTime:0.001000s ]

[ 2016-03-04T11:33:48+08:00 ] ::1 /wisdom/index.php/Api/Api/inport
INFO: [ app_init ] --START--
INFO: Run Behavior\BuildLiteBehavior [ RunTime:0.000000s ]
INFO: [ app_init ] --END-- [ RunTime:0.001000s ]
INFO: [ app_begin ] --START--
INFO: Run Behavior\ReadHtmlCacheBehavior [ RunTime:0.001000s ]
INFO: [ app_begin ] --END-- [ RunTime:0.001000s ]
SQL: SHOW COLUMNS FROM `t_task` [ RunTime:0.0040s ]
SQL: SHOW COLUMNS FROM `t_task` [ RunTime:0.0030s ]
SQL: UPDATE `t_task` SET `f_creatuserid`='0',`f_paletid`=NULL,`f_companyid`='1002',`f_tasktypeid`='6',`f_title`='h',`f_fileid`='11109',`f_fileid_ban`='0',`f_begindate`='2016-03-09',`f_enddate`='2016-03-15',`f_linkman`='h',`f_linkphone`='17757128602',`f_harder`='0',`f_status`='6',`f_description`='00' WHERE ( f_tid=803 ) [ RunTime:0.0020s ]
SQL: SHOW COLUMNS FROM `t_action_log` [ RunTime:0.0030s ]
SQL: INSERT INTO `t_action_log` (`f_userid`,`f_taskid`,`f_datetime`,`f_action`) VALUES ('10862','803','1457062428','随手赚编辑第一步') [ RunTime:0.0020s ]
NOTIC: [8] Undefined index: mtbrand D:\wamp\www\wisdom\App\Api\Controller\ApiController.class.php 第 2228 行.
NOTIC: [8] Undefined index: mtgoods D:\wamp\www\wisdom\App\Api\Controller\ApiController.class.php 第 2229 行.
NOTIC: [8] Undefined index: tradeid D:\wamp\www\wisdom\App\Api\Controller\ApiController.class.php 第 2230 行.
NOTIC: [8] Undefined index: payment D:\wamp\www\wisdom\App\Api\Controller\ApiController.class.php 第 2231 行.
NOTIC: [8] Undefined index: bond D:\wamp\www\wisdom\App\Api\Controller\ApiController.class.php 第 2232 行.
NOTIC: [8] Undefined index: franchise D:\wamp\www\wisdom\App\Api\Controller\ApiController.class.php 第 2233 行.
NOTIC: [8] Undefined index: otherprice D:\wamp\www\wisdom\App\Api\Controller\ApiController.class.php 第 2234 行.
NOTIC: [8] Undefined index: pricesum D:\wamp\www\wisdom\App\Api\Controller\ApiController.class.php 第 2235 行.
NOTIC: [8] Undefined index: commission D:\wamp\www\wisdom\App\Api\Controller\ApiController.class.php 第 2236 行.
NOTIC: [8] Undefined index: agents_commission D:\wamp\www\wisdom\App\Api\Controller\ApiController.class.php 第 2237 行.
NOTIC: [8] Undefined index: shuiw_commission D:\wamp\www\wisdom\App\Api\Controller\ApiController.class.php 第 2238 行.
NOTIC: [8] Undefined index: shangw_commission D:\wamp\www\wisdom\App\Api\Controller\ApiController.class.php 第 2239 行.
NOTIC: [8] Undefined index: tuig_commission D:\wamp\www\wisdom\App\Api\Controller\ApiController.class.php 第 2240 行.
NOTIC: [8] Undefined index: piny_commission D:\wamp\www\wisdom\App\Api\Controller\ApiController.class.php 第 2241 行.
NOTIC: [8] Undefined index: whprovidetrial D:\wamp\www\wisdom\App\Api\Controller\ApiController.class.php 第 2242 行.
NOTIC: [8] Undefined index: trialnum D:\wamp\www\wisdom\App\Api\Controller\ApiController.class.php 第 2243 行.
NOTIC: [8] Undefined index: whpaid D:\wamp\www\wisdom\App\Api\Controller\ApiController.class.php 第 2244 行.
NOTIC: [8] Undefined index: trialprice D:\wamp\www\wisdom\App\Api\Controller\ApiController.class.php 第 2245 行.
SQL: SHOW COLUMNS FROM `t_taskmtbaseinfo` [ RunTime:0.0030s ]
SQL: INSERT INTO `t_action_log` (`f_userid`,`f_taskid`,`f_datetime`) VALUES ('10862','803','1457062428') [ RunTime:0.0020s ]
SQL: UPDATE `t_taskmtbaseinfo` SET `f_taskid`='803',`f_mtbrand`=NULL,`f_mtgoods`=NULL,`f_tradeid`=NULL,`f_unitfirstAmount`=NULL,`f_unitcashdeposit`=NULL,`f_unitfranchisefee`=NULL,`f_unitotheramount`=NULL,`f_unittotalamount`=NULL,`f_unitcommission`=NULL,`f_unitpreownedgold`=NULL,`f_shuiw_commission`=NULL,`f_shangw_commission`=NULL,`f_tuig_commission`=NULL,`f_piny_commission`=NULL,`f_tryout`=NULL,`f_tryoutnumber`=NULL,`f_payment`=NULL,`f_paymentmoney`=NULL WHERE ( f_indexid=500 ) [ RunTime:0.0020s ]
NOTIC: [8] Undefined index: eachscore D:\wamp\www\wisdom\App\Api\Controller\ApiController.class.php 第 3104 行.
NOTIC: [8] Undefined index: total_commisson D:\wamp\www\wisdom\App\Api\Controller\ApiController.class.php 第 3107 行.
SQL: SHOW COLUMNS FROM `t_tasksmallinfo` [ RunTime:0.0030s ]
SQL: UPDATE `t_tasksmallinfo` SET `f_taskid`='803',`f_totalcopies`='100',`f_eachcoin`='1',`f_eachscore`='3',`f_drawcopies`='0',`f_taskrequirements`='<p><br/></p><p>0...</p>',`f_total_commisson`=NULL WHERE ( f_indexid=500 ) [ RunTime:0.0020s ]
INFO: [ app_end ] --START--
INFO: Run Behavior\ShowPageTraceBehavior [ RunTime:0.001000s ]
INFO: [ app_end ] --END-- [ RunTime:0.001000s ]

[ 2016-03-04T11:40:04+08:00 ] ::1 /wisdom/index.php/Api/Api/inport
INFO: [ app_init ] --START--
INFO: Run Behavior\BuildLiteBehavior [ RunTime:0.000000s ]
INFO: [ app_init ] --END-- [ RunTime:0.001000s ]
INFO: [ app_begin ] --START--
INFO: Run Behavior\ReadHtmlCacheBehavior [ RunTime:0.001000s ]
INFO: [ app_begin ] --END-- [ RunTime:0.001000s ]
SQL: SHOW COLUMNS FROM `t_task` [ RunTime:0.0040s ]
SQL: SHOW COLUMNS FROM `t_task` [ RunTime:0.0030s ]
SQL: UPDATE `t_task` SET `f_creatuserid`='0',`f_paletid`=NULL,`f_companyid`='1002',`f_tasktypeid`='6',`f_title`='h',`f_fileid`='11109',`f_fileid_ban`='0',`f_begindate`='2016-03-09',`f_enddate`='2016-03-15',`f_linkman`='h',`f_linkphone`='17757128602',`f_harder`='0',`f_status`='6',`f_description`='00' WHERE ( f_tid=803 ) [ RunTime:0.0020s ]
SQL: SHOW COLUMNS FROM `t_action_log` [ RunTime:0.0020s ]
SQL: INSERT INTO `t_action_log` (`f_userid`,`f_taskid`,`f_datetime`,`f_action`) VALUES ('10862','803','1457062804','随手赚编辑第一步') [ RunTime:0.0020s ]
NOTIC: [8] Undefined index: mtbrand D:\wamp\www\wisdom\App\Api\Controller\ApiController.class.php 第 2228 行.
NOTIC: [8] Undefined index: mtgoods D:\wamp\www\wisdom\App\Api\Controller\ApiController.class.php 第 2229 行.
NOTIC: [8] Undefined index: tradeid D:\wamp\www\wisdom\App\Api\Controller\ApiController.class.php 第 2230 行.
NOTIC: [8] Undefined index: payment D:\wamp\www\wisdom\App\Api\Controller\ApiController.class.php 第 2231 行.
NOTIC: [8] Undefined index: bond D:\wamp\www\wisdom\App\Api\Controller\ApiController.class.php 第 2232 行.
NOTIC: [8] Undefined index: franchise D:\wamp\www\wisdom\App\Api\Controller\ApiController.class.php 第 2233 行.
NOTIC: [8] Undefined index: otherprice D:\wamp\www\wisdom\App\Api\Controller\ApiController.class.php 第 2234 行.
NOTIC: [8] Undefined index: pricesum D:\wamp\www\wisdom\App\Api\Controller\ApiController.class.php 第 2235 行.
NOTIC: [8] Undefined index: commission D:\wamp\www\wisdom\App\Api\Controller\ApiController.class.php 第 2236 行.
NOTIC: [8] Undefined index: agents_commission D:\wamp\www\wisdom\App\Api\Controller\ApiController.class.php 第 2237 行.
NOTIC: [8] Undefined index: shuiw_commission D:\wamp\www\wisdom\App\Api\Controller\ApiController.class.php 第 2238 行.
NOTIC: [8] Undefined index: shangw_commission D:\wamp\www\wisdom\App\Api\Controller\ApiController.class.php 第 2239 行.
NOTIC: [8] Undefined index: tuig_commission D:\wamp\www\wisdom\App\Api\Controller\ApiController.class.php 第 2240 行.
NOTIC: [8] Undefined index: piny_commission D:\wamp\www\wisdom\App\Api\Controller\ApiController.class.php 第 2241 行.
NOTIC: [8] Undefined index: whprovidetrial D:\wamp\www\wisdom\App\Api\Controller\ApiController.class.php 第 2242 行.
NOTIC: [8] Undefined index: trialnum D:\wamp\www\wisdom\App\Api\Controller\ApiController.class.php 第 2243 行.
NOTIC: [8] Undefined index: whpaid D:\wamp\www\wisdom\App\Api\Controller\ApiController.class.php 第 2244 行.
NOTIC: [8] Undefined index: trialprice D:\wamp\www\wisdom\App\Api\Controller\ApiController.class.php 第 2245 行.
SQL: SHOW COLUMNS FROM `t_taskmtbaseinfo` [ RunTime:0.0040s ]
SQL: INSERT INTO `t_action_log` (`f_userid`,`f_taskid`,`f_datetime`) VALUES ('10862','803','1457062804') [ RunTime:0.0020s ]
SQL: UPDATE `t_taskmtbaseinfo` SET `f_taskid`='803',`f_mtbrand`=NULL,`f_mtgoods`=NULL,`f_tradeid`=NULL,`f_unitfirstAmount`=NULL,`f_unitcashdeposit`=NULL,`f_unitfranchisefee`=NULL,`f_unitotheramount`=NULL,`f_unittotalamount`=NULL,`f_unitcommission`=NULL,`f_unitpreownedgold`=NULL,`f_shuiw_commission`=NULL,`f_shangw_commission`=NULL,`f_tuig_commission`=NULL,`f_piny_commission`=NULL,`f_tryout`=NULL,`f_tryoutnumber`=NULL,`f_payment`=NULL,`f_paymentmoney`=NULL WHERE ( f_indexid=500 ) [ RunTime:0.0020s ]
NOTIC: [8] Undefined index: eachscore D:\wamp\www\wisdom\App\Api\Controller\ApiController.class.php 第 3104 行.
NOTIC: [8] Undefined index: total_commisson D:\wamp\www\wisdom\App\Api\Controller\ApiController.class.php 第 3107 行.
SQL: SHOW COLUMNS FROM `t_tasksmallinfo` [ RunTime:0.0020s ]
SQL: UPDATE `t_tasksmallinfo` SET `f_taskid`='803',`f_totalcopies`='100',`f_eachcoin`='1',`f_eachscore`='3',`f_drawcopies`='0',`f_taskrequirements`='<p><br/></p><p>0...</p>',`f_total_commisson`=NULL WHERE ( f_indexid=500 ) [ RunTime:0.0020s ]
INFO: [ app_end ] --START--
INFO: Run Behavior\ShowPageTraceBehavior [ RunTime:0.001000s ]
INFO: [ app_end ] --END-- [ RunTime:0.001000s ]

[ 2016-03-04T11:40:15+08:00 ] ::1 /wisdom/index.php/Api/Api/inport
INFO: [ app_init ] --START--
INFO: Run Behavior\BuildLiteBehavior [ RunTime:0.000000s ]
INFO: [ app_init ] --END-- [ RunTime:0.000000s ]
INFO: [ app_begin ] --START--
INFO: Run Behavior\ReadHtmlCacheBehavior [ RunTime:0.002001s ]
INFO: [ app_begin ] --END-- [ RunTime:0.002001s ]
SQL: SHOW COLUMNS FROM `t_task` [ RunTime:0.0030s ]
SQL: SHOW COLUMNS FROM `t_task` [ RunTime:0.0040s ]
SQL: UPDATE `t_task` SET `f_creatuserid`='0',`f_paletid`=NULL,`f_companyid`='1002',`f_tasktypeid`='5',`f_title`='h',`f_fileid`='11109',`f_fileid_ban`='0',`f_begindate`='2016-03-09',`f_enddate`='2016-03-15',`f_linkman`='h',`f_linkphone`='17757128602',`f_harder`='0',`f_status`='6',`f_description`='00' WHERE ( f_tid=803 ) [ RunTime:0.0020s ]
SQL: SHOW COLUMNS FROM `t_action_log` [ RunTime:0.0030s ]
SQL: INSERT INTO `t_action_log` (`f_userid`,`f_taskid`,`f_datetime`,`f_action`) VALUES ('10862','803','1457062815','随手赚编辑第一步') [ RunTime:0.0010s ]
NOTIC: [8] Undefined index: mtbrand D:\wamp\www\wisdom\App\Api\Controller\ApiController.class.php 第 2228 行.
NOTIC: [8] Undefined index: mtgoods D:\wamp\www\wisdom\App\Api\Controller\ApiController.class.php 第 2229 行.
NOTIC: [8] Undefined index: tradeid D:\wamp\www\wisdom\App\Api\Controller\ApiController.class.php 第 2230 行.
NOTIC: [8] Undefined index: payment D:\wamp\www\wisdom\App\Api\Controller\ApiController.class.php 第 2231 行.
NOTIC: [8] Undefined index: bond D:\wamp\www\wisdom\App\Api\Controller\ApiController.class.php 第 2232 行.
NOTIC: [8] Undefined index: franchise D:\wamp\www\wisdom\App\Api\Controller\ApiController.class.php 第 2233 行.
NOTIC: [8] Undefined index: otherprice D:\wamp\www\wisdom\App\Api\Controller\ApiController.class.php 第 2234 行.
NOTIC: [8] Undefined index: pricesum D:\wamp\www\wisdom\App\Api\Controller\ApiController.class.php 第 2235 行.
NOTIC: [8] Undefined index: commission D:\wamp\www\wisdom\App\Api\Controller\ApiController.class.php 第 2236 行.
NOTIC: [8] Undefined index: agents_commission D:\wamp\www\wisdom\App\Api\Controller\ApiController.class.php 第 2237 行.
NOTIC: [8] Undefined index: shuiw_commission D:\wamp\www\wisdom\App\Api\Controller\ApiController.class.php 第 2238 行.
NOTIC: [8] Undefined index: shangw_commission D:\wamp\www\wisdom\App\Api\Controller\ApiController.class.php 第 2239 行.
NOTIC: [8] Undefined index: tuig_commission D:\wamp\www\wisdom\App\Api\Controller\ApiController.class.php 第 2240 行.
NOTIC: [8] Undefined index: piny_commission D:\wamp\www\wisdom\App\Api\Controller\ApiController.class.php 第 2241 行.
NOTIC: [8] Undefined index: whprovidetrial D:\wamp\www\wisdom\App\Api\Controller\ApiController.class.php 第 2242 行.
NOTIC: [8] Undefined index: trialnum D:\wamp\www\wisdom\App\Api\Controller\ApiController.class.php 第 2243 行.
NOTIC: [8] Undefined index: whpaid D:\wamp\www\wisdom\App\Api\Controller\ApiController.class.php 第 2244 行.
NOTIC: [8] Undefined index: trialprice D:\wamp\www\wisdom\App\Api\Controller\ApiController.class.php 第 2245 行.
SQL: SHOW COLUMNS FROM `t_taskmtbaseinfo` [ RunTime:0.0040s ]
SQL: INSERT INTO `t_action_log` (`f_userid`,`f_taskid`,`f_datetime`) VALUES ('10862','803','1457062815') [ RunTime:0.0010s ]
SQL: UPDATE `t_taskmtbaseinfo` SET `f_taskid`='803',`f_mtbrand`=NULL,`f_mtgoods`=NULL,`f_tradeid`=NULL,`f_unitfirstAmount`=NULL,`f_unitcashdeposit`=NULL,`f_unitfranchisefee`=NULL,`f_unitotheramount`=NULL,`f_unittotalamount`=NULL,`f_unitcommission`=NULL,`f_unitpreownedgold`=NULL,`f_shuiw_commission`=NULL,`f_shangw_commission`=NULL,`f_tuig_commission`=NULL,`f_piny_commission`=NULL,`f_tryout`=NULL,`f_tryoutnumber`=NULL,`f_payment`=NULL,`f_paymentmoney`=NULL WHERE ( f_indexid=500 ) [ RunTime:0.0020s ]
NOTIC: [8] Undefined index: eachscore D:\wamp\www\wisdom\App\Api\Controller\ApiController.class.php 第 3104 行.
NOTIC: [8] Undefined index: total_commisson D:\wamp\www\wisdom\App\Api\Controller\ApiController.class.php 第 3107 行.
SQL: SHOW COLUMNS FROM `t_tasksmallinfo` [ RunTime:0.0030s ]
SQL: UPDATE `t_tasksmallinfo` SET `f_taskid`='803',`f_totalcopies`='100',`f_eachcoin`='1',`f_eachscore`='3',`f_drawcopies`='0',`f_taskrequirements`='<p><br/></p><p>0...</p>',`f_total_commisson`=NULL WHERE ( f_indexid=500 ) [ RunTime:0.0020s ]
INFO: [ app_end ] --START--
INFO: Run Behavior\ShowPageTraceBehavior [ RunTime:0.001000s ]
INFO: [ app_end ] --END-- [ RunTime:0.001000s ]

[ 2016-03-04T11:40:55+08:00 ] ::1 /wisdom/index.php/Api/Web/getproList
INFO: [ app_init ] --START--
INFO: Run Behavior\BuildLiteBehavior [ RunTime:0.000000s ]
INFO: [ app_init ] --END-- [ RunTime:0.001000s ]
INFO: [ app_begin ] --START--
INFO: Run Behavior\ReadHtmlCacheBehavior [ RunTime:0.001000s ]
INFO: [ app_begin ] --END-- [ RunTime:0.001000s ]
NOTIC: [8] Undefined index: page D:\wamp\www\wisdom\App\Api\Controller\WebController.class.php 第 72 行.
SQL: SHOW COLUMNS FROM `t_tasktype` [ RunTime:0.0030s ]
SQL: SELECT `F_TYPEID` FROM `t_tasktype` WHERE ( F_PARENTID=0 )  [ RunTime:0.0020s ]
SQL: SHOW COLUMNS FROM `t_task` [ RunTime:0.0030s ]
SQL: SELECT COUNT(*) AS tp_count FROM `t_task` LEFT JOIN t_tasksmallinfo ON t_tasksmallinfo.f_taskid = t_task.f_tid  WHERE `f_tasktypeid` IN ('1','2','4','5','6','7') AND `f_companyid` = '1002' AND `f_status` <> 0 LIMIT 1   [ RunTime:0.0030s ]
SQL: SELECT `f_tid`,`f_surveno`,`f_title`,`f_enddate`,`f_status`,`f_creatdate`,`f_eachcoin`,`f_totalcopies`,`f_tasktypeid` FROM `t_task` LEFT JOIN t_tasksmallinfo ON t_tasksmallinfo.f_taskid = t_task.f_tid  WHERE `f_tasktypeid` IN ('1','2','4','5','6','7') AND `f_companyid` = '1002' AND `f_status` <> 0 ORDER BY f_creatdate desc LIMIT 0,10   [ RunTime:0.0040s ]
SQL: SHOW COLUMNS FROM `t_shopsheet` [ RunTime:0.0080s ]
SQL: SELECT COUNT(*) AS tp_count FROM `t_shopsheet` WHERE `f_taskid` = 803 AND `f_shopingtype` = 1 AND `f_amount` <> 0 AND `f_label` = 'task' LIMIT 1   [ RunTime:0.0030s ]
INFO: [ app_end ] --START--
INFO: Run Behavior\ShowPageTraceBehavior [ RunTime:0.005001s ]
INFO: [ app_end ] --END-- [ RunTime:0.006001s ]

[ 2016-03-04T11:40:57+08:00 ] ::1 /wisdom/index.php/Api/Web/getproList
INFO: [ app_init ] --START--
INFO: Run Behavior\BuildLiteBehavior [ RunTime:0.000000s ]
INFO: [ app_init ] --END-- [ RunTime:0.001000s ]
INFO: [ app_begin ] --START--
INFO: Run Behavior\ReadHtmlCacheBehavior [ RunTime:0.001000s ]
INFO: [ app_begin ] --END-- [ RunTime:0.001000s ]
NOTIC: [8] Undefined index: page D:\wamp\www\wisdom\App\Api\Controller\WebController.class.php 第 72 行.
SQL: SHOW COLUMNS FROM `t_tasktype` [ RunTime:0.0040s ]
SQL: SELECT `F_TYPEID` FROM `t_tasktype` WHERE ( F_PARENTID=2 )  [ RunTime:0.0030s ]
SQL: SHOW COLUMNS FROM `t_task` [ RunTime:0.0040s ]
SQL: SELECT COUNT(*) AS tp_count FROM `t_task` LEFT JOIN t_tasksmallinfo ON t_tasksmallinfo.f_taskid = t_task.f_tid  WHERE `f_tasktypeid` IN ('4','5','6') AND `f_companyid` = '1002' AND `f_status` <> 0 LIMIT 1   [ RunTime:0.0030s ]
SQL: SELECT `f_tid`,`f_surveno`,`f_title`,`f_enddate`,`f_status`,`f_creatdate`,`f_eachcoin`,`f_totalcopies`,`f_tasktypeid` FROM `t_task` LEFT JOIN t_tasksmallinfo ON t_tasksmallinfo.f_taskid = t_task.f_tid  WHERE `f_tasktypeid` IN ('4','5','6') AND `f_companyid` = '1002' AND `f_status` <> 0 ORDER BY f_creatdate desc LIMIT 0,10   [ RunTime:0.0030s ]
SQL: SHOW COLUMNS FROM `t_shopsheet` [ RunTime:0.0040s ]
SQL: SELECT COUNT(*) AS tp_count FROM `t_shopsheet` WHERE `f_taskid` = 803 AND `f_shopingtype` = 1 AND `f_amount` <> 0 AND `f_label` = 'task' LIMIT 1   [ RunTime:0.0030s ]
INFO: [ app_end ] --START--
INFO: Run Behavior\ShowPageTraceBehavior [ RunTime:0.004000s ]
INFO: [ app_end ] --END-- [ RunTime:0.004000s ]

[ 2016-03-04T11:40:58+08:00 ] ::1 /wisdom/index.php/Api/Web/getproList
INFO: [ app_init ] --START--
INFO: Run Behavior\BuildLiteBehavior [ RunTime:0.000000s ]
INFO: [ app_init ] --END-- [ RunTime:0.001000s ]
INFO: [ app_begin ] --START--
INFO: Run Behavior\ReadHtmlCacheBehavior [ RunTime:0.007001s ]
INFO: [ app_begin ] --END-- [ RunTime:0.007001s ]
NOTIC: [8] Undefined index: page D:\wamp\www\wisdom\App\Api\Controller\WebController.class.php 第 72 行.
SQL: SHOW COLUMNS FROM `t_tasktype` [ RunTime:0.0040s ]
SQL: SELECT `F_TYPEID` FROM `t_tasktype` WHERE ( F_PARENTID=0 )  [ RunTime:0.0030s ]
SQL: SHOW COLUMNS FROM `t_task` [ RunTime:0.0040s ]
SQL: SELECT COUNT(*) AS tp_count FROM `t_task` LEFT JOIN t_tasksmallinfo ON t_tasksmallinfo.f_taskid = t_task.f_tid  WHERE `f_tasktypeid` IN ('1','2','4','5','6','7') AND `f_companyid` = '1002' AND `f_status` <> 0 LIMIT 1   [ RunTime:0.0020s ]
SQL: SELECT `f_tid`,`f_surveno`,`f_title`,`f_enddate`,`f_status`,`f_creatdate`,`f_eachcoin`,`f_totalcopies`,`f_tasktypeid` FROM `t_task` LEFT JOIN t_tasksmallinfo ON t_tasksmallinfo.f_taskid = t_task.f_tid  WHERE `f_tasktypeid` IN ('1','2','4','5','6','7') AND `f_companyid` = '1002' AND `f_status` <> 0 ORDER BY f_creatdate desc LIMIT 0,10   [ RunTime:0.0020s ]
SQL: SHOW COLUMNS FROM `t_shopsheet` [ RunTime:0.0070s ]
SQL: SELECT COUNT(*) AS tp_count FROM `t_shopsheet` WHERE `f_taskid` = 803 AND `f_shopingtype` = 1 AND `f_amount` <> 0 AND `f_label` = 'task' LIMIT 1   [ RunTime:0.0030s ]
INFO: [ app_end ] --START--
INFO: Run Behavior\ShowPageTraceBehavior [ RunTime:0.001000s ]
INFO: [ app_end ] --END-- [ RunTime:0.001000s ]

[ 2016-03-04T11:43:33+08:00 ] ::1 /wisdom/index.php/Api/Web/getproList
INFO: [ app_init ] --START--
INFO: Run Behavior\BuildLiteBehavior [ RunTime:0.001000s ]
INFO: [ app_init ] --END-- [ RunTime:0.003001s ]
INFO: [ app_begin ] --START--
INFO: Run Behavior\ReadHtmlCacheBehavior [ RunTime:0.001000s ]
INFO: [ app_begin ] --END-- [ RunTime:0.001000s ]
NOTIC: [8] Undefined index: page D:\wamp\www\wisdom\App\Api\Controller\WebController.class.php 第 72 行.
SQL: SHOW COLUMNS FROM `t_tasktype` [ RunTime:0.0040s ]
SQL: SELECT `F_TYPEID` FROM `t_tasktype` WHERE ( F_PARENTID=0 )  [ RunTime:0.0030s ]
SQL: SHOW COLUMNS FROM `t_task` [ RunTime:0.0040s ]
SQL: SELECT COUNT(*) AS tp_count FROM `t_task` LEFT JOIN t_tasksmallinfo ON t_tasksmallinfo.f_taskid = t_task.f_tid  WHERE `f_tasktypeid` IN ('1','2','4','5','6','7') AND `f_companyid` = '1002' AND `f_status` <> 0 LIMIT 1   [ RunTime:0.0030s ]
SQL: SELECT `f_tid`,`f_surveno`,`f_title`,`f_enddate`,`f_status`,`f_creatdate`,`f_eachcoin`,`f_totalcopies`,`f_tasktypeid` FROM `t_task` LEFT JOIN t_tasksmallinfo ON t_tasksmallinfo.f_taskid = t_task.f_tid  WHERE `f_tasktypeid` IN ('1','2','4','5','6','7') AND `f_companyid` = '1002' AND `f_status` <> 0 ORDER BY f_creatdate desc LIMIT 0,10   [ RunTime:0.0040s ]
SQL: SHOW COLUMNS FROM `t_shopsheet` [ RunTime:0.0050s ]
SQL: SELECT COUNT(*) AS tp_count FROM `t_shopsheet` WHERE `f_taskid` = 803 AND `f_shopingtype` = 1 AND `f_amount` <> 0 AND `f_label` = 'task' LIMIT 1   [ RunTime:0.0040s ]
INFO: [ app_end ] --START--
INFO: Run Behavior\ShowPageTraceBehavior [ RunTime:0.005000s ]
INFO: [ app_end ] --END-- [ RunTime:0.006000s ]

[ 2016-03-04T14:08:55+08:00 ] ::1 /wisdom/index.php/Api/Web/getproList
INFO: [ app_init ] --START--
INFO: Run Behavior\BuildLiteBehavior [ RunTime:0.000000s ]
INFO: [ app_init ] --END-- [ RunTime:0.002001s ]
INFO: [ app_begin ] --START--
INFO: Run Behavior\ReadHtmlCacheBehavior [ RunTime:0.005001s ]
INFO: [ app_begin ] --END-- [ RunTime:0.005001s ]
NOTIC: [8] Undefined index: page D:\wamp\www\wisdom\App\Api\Controller\WebController.class.php 第 72 行.
SQL: SHOW COLUMNS FROM `t_tasktype` [ RunTime:0.0030s ]
SQL: SELECT `F_TYPEID` FROM `t_tasktype` WHERE ( F_PARENTID=0 )  [ RunTime:0.0030s ]
SQL: SHOW COLUMNS FROM `t_task` [ RunTime:0.0040s ]
SQL: SELECT COUNT(*) AS tp_count FROM `t_task` LEFT JOIN t_tasksmallinfo ON t_tasksmallinfo.f_taskid = t_task.f_tid  WHERE `f_tasktypeid` IN ('1','2','4','5','6','7') AND `f_companyid` = '1002' AND `f_status` <> 0 LIMIT 1   [ RunTime:0.0030s ]
SQL: SELECT `f_tid`,`f_surveno`,`f_title`,`f_enddate`,`f_status`,`f_creatdate`,`f_eachcoin`,`f_totalcopies`,`f_tasktypeid` FROM `t_task` LEFT JOIN t_tasksmallinfo ON t_tasksmallinfo.f_taskid = t_task.f_tid  WHERE `f_tasktypeid` IN ('1','2','4','5','6','7') AND `f_companyid` = '1002' AND `f_status` <> 0 ORDER BY f_creatdate desc LIMIT 0,10   [ RunTime:0.0030s ]
SQL: SHOW COLUMNS FROM `t_shopsheet` [ RunTime:0.0050s ]
SQL: SELECT COUNT(*) AS tp_count FROM `t_shopsheet` WHERE `f_taskid` = 803 AND `f_shopingtype` = 1 AND `f_amount` <> 0 AND `f_label` = 'task' LIMIT 1   [ RunTime:0.0030s ]
INFO: [ app_end ] --START--
INFO: Run Behavior\ShowPageTraceBehavior [ RunTime:0.004000s ]
INFO: [ app_end ] --END-- [ RunTime:0.005000s ]

[ 2016-03-04T14:09:02+08:00 ] ::1 /wisdom/index.php/Api/Api/inport
INFO: [ app_init ] --START--
INFO: Run Behavior\BuildLiteBehavior [ RunTime:0.000000s ]
INFO: [ app_init ] --END-- [ RunTime:0.000000s ]
INFO: [ app_begin ] --START--
INFO: Run Behavior\ReadHtmlCacheBehavior [ RunTime:0.001000s ]
INFO: [ app_begin ] --END-- [ RunTime:0.001000s ]
SQL: SHOW COLUMNS FROM `t_task` [ RunTime:0.0040s ]
SQL: SHOW COLUMNS FROM `t_task` [ RunTime:0.0030s ]
SQL: UPDATE `t_task` SET `f_creatuserid`='0',`f_paletid`=NULL,`f_companyid`='1002',`f_tasktypeid`='5',`f_title`='h',`f_fileid`='11109',`f_fileid_ban`='0',`f_begindate`='2016-03-09',`f_enddate`='2016-03-15',`f_linkman`='h',`f_linkphone`='17757128602',`f_harder`='0',`f_status`='6',`f_description`='00' WHERE ( f_tid=803 ) [ RunTime:0.0100s ]
SQL: SHOW COLUMNS FROM `t_action_log` [ RunTime:0.0020s ]
SQL: INSERT INTO `t_action_log` (`f_userid`,`f_taskid`,`f_datetime`,`f_action`) VALUES ('10862','803','1457071742','随手赚编辑第一步') [ RunTime:0.0020s ]
NOTIC: [8] Undefined index: mtbrand D:\wamp\www\wisdom\App\Api\Controller\ApiController.class.php 第 2228 行.
NOTIC: [8] Undefined index: mtgoods D:\wamp\www\wisdom\App\Api\Controller\ApiController.class.php 第 2229 行.
NOTIC: [8] Undefined index: tradeid D:\wamp\www\wisdom\App\Api\Controller\ApiController.class.php 第 2230 行.
NOTIC: [8] Undefined index: payment D:\wamp\www\wisdom\App\Api\Controller\ApiController.class.php 第 2231 行.
NOTIC: [8] Undefined index: bond D:\wamp\www\wisdom\App\Api\Controller\ApiController.class.php 第 2232 行.
NOTIC: [8] Undefined index: franchise D:\wamp\www\wisdom\App\Api\Controller\ApiController.class.php 第 2233 行.
NOTIC: [8] Undefined index: otherprice D:\wamp\www\wisdom\App\Api\Controller\ApiController.class.php 第 2234 行.
NOTIC: [8] Undefined index: pricesum D:\wamp\www\wisdom\App\Api\Controller\ApiController.class.php 第 2235 行.
NOTIC: [8] Undefined index: commission D:\wamp\www\wisdom\App\Api\Controller\ApiController.class.php 第 2236 行.
NOTIC: [8] Undefined index: agents_commission D:\wamp\www\wisdom\App\Api\Controller\ApiController.class.php 第 2237 行.
NOTIC: [8] Undefined index: shuiw_commission D:\wamp\www\wisdom\App\Api\Controller\ApiController.class.php 第 2238 行.
NOTIC: [8] Undefined index: shangw_commission D:\wamp\www\wisdom\App\Api\Controller\ApiController.class.php 第 2239 行.
NOTIC: [8] Undefined index: tuig_commission D:\wamp\www\wisdom\App\Api\Controller\ApiController.class.php 第 2240 行.
NOTIC: [8] Undefined index: piny_commission D:\wamp\www\wisdom\App\Api\Controller\ApiController.class.php 第 2241 行.
NOTIC: [8] Undefined index: whprovidetrial D:\wamp\www\wisdom\App\Api\Controller\ApiController.class.php 第 2242 行.
NOTIC: [8] Undefined index: trialnum D:\wamp\www\wisdom\App\Api\Controller\ApiController.class.php 第 2243 行.
NOTIC: [8] Undefined index: whpaid D:\wamp\www\wisdom\App\Api\Controller\ApiController.class.php 第 2244 行.
NOTIC: [8] Undefined index: trialprice D:\wamp\www\wisdom\App\Api\Controller\ApiController.class.php 第 2245 行.
SQL: SHOW COLUMNS FROM `t_taskmtbaseinfo` [ RunTime:0.0030s ]
SQL: INSERT INTO `t_action_log` (`f_userid`,`f_taskid`,`f_datetime`) VALUES ('10862','803','1457071742') [ RunTime:0.0020s ]
SQL: UPDATE `t_taskmtbaseinfo` SET `f_taskid`='803',`f_mtbrand`=NULL,`f_mtgoods`=NULL,`f_tradeid`=NULL,`f_unitfirstAmount`=NULL,`f_unitcashdeposit`=NULL,`f_unitfranchisefee`=NULL,`f_unitotheramount`=NULL,`f_unittotalamount`=NULL,`f_unitcommission`=NULL,`f_unitpreownedgold`=NULL,`f_shuiw_commission`=NULL,`f_shangw_commission`=NULL,`f_tuig_commission`=NULL,`f_piny_commission`=NULL,`f_tryout`=NULL,`f_tryoutnumber`=NULL,`f_payment`=NULL,`f_paymentmoney`=NULL WHERE ( f_indexid=500 ) [ RunTime:0.0030s ]
NOTIC: [8] Undefined index: eachscore D:\wamp\www\wisdom\App\Api\Controller\ApiController.class.php 第 3104 行.
NOTIC: [8] Undefined index: total_commisson D:\wamp\www\wisdom\App\Api\Controller\ApiController.class.php 第 3107 行.
SQL: SHOW COLUMNS FROM `t_tasksmallinfo` [ RunTime:0.0030s ]
SQL: UPDATE `t_tasksmallinfo` SET `f_taskid`='803',`f_totalcopies`='100',`f_eachcoin`='1',`f_eachscore`='3',`f_drawcopies`='0',`f_taskrequirements`='<p><br/></p><p><br/></p><p>0...</p>',`f_total_commisson`=NULL WHERE ( f_indexid=500 ) [ RunTime:0.0020s ]
INFO: [ app_end ] --START--
INFO: Run Behavior\ShowPageTraceBehavior [ RunTime:0.001000s ]
INFO: [ app_end ] --END-- [ RunTime:0.001000s ]

[ 2016-03-04T14:09:10+08:00 ] ::1 /wisdom/index.php/Api/Api/inport
INFO: [ app_init ] --START--
INFO: Run Behavior\BuildLiteBehavior [ RunTime:0.000000s ]
INFO: [ app_init ] --END-- [ RunTime:0.001000s ]
INFO: [ app_begin ] --START--
INFO: Run Behavior\ReadHtmlCacheBehavior [ RunTime:0.001000s ]
INFO: [ app_begin ] --END-- [ RunTime:0.002000s ]
SQL: SHOW COLUMNS FROM `t_task` [ RunTime:0.0040s ]
SQL: SHOW COLUMNS FROM `t_task` [ RunTime:0.0040s ]
SQL: UPDATE `t_task` SET `f_creatuserid`='0',`f_paletid`=NULL,`f_companyid`='1002',`f_tasktypeid`='4',`f_title`='h',`f_fileid`='11109',`f_fileid_ban`='0',`f_begindate`='2016-03-09',`f_enddate`='2016-03-15',`f_linkman`='h',`f_linkphone`='17757128602',`f_harder`='0',`f_status`='6',`f_description`='00' WHERE ( f_tid=803 ) [ RunTime:0.0020s ]
SQL: SHOW COLUMNS FROM `t_action_log` [ RunTime:0.0020s ]
SQL: INSERT INTO `t_action_log` (`f_userid`,`f_taskid`,`f_datetime`,`f_action`) VALUES ('10862','803','1457071750','随手赚编辑第一步') [ RunTime:0.0010s ]
NOTIC: [8] Undefined index: mtbrand D:\wamp\www\wisdom\App\Api\Controller\ApiController.class.php 第 2228 行.
NOTIC: [8] Undefined index: mtgoods D:\wamp\www\wisdom\App\Api\Controller\ApiController.class.php 第 2229 行.
NOTIC: [8] Undefined index: tradeid D:\wamp\www\wisdom\App\Api\Controller\ApiController.class.php 第 2230 行.
NOTIC: [8] Undefined index: payment D:\wamp\www\wisdom\App\Api\Controller\ApiController.class.php 第 2231 行.
NOTIC: [8] Undefined index: bond D:\wamp\www\wisdom\App\Api\Controller\ApiController.class.php 第 2232 行.
NOTIC: [8] Undefined index: franchise D:\wamp\www\wisdom\App\Api\Controller\ApiController.class.php 第 2233 行.
NOTIC: [8] Undefined index: otherprice D:\wamp\www\wisdom\App\Api\Controller\ApiController.class.php 第 2234 行.
NOTIC: [8] Undefined index: pricesum D:\wamp\www\wisdom\App\Api\Controller\ApiController.class.php 第 2235 行.
NOTIC: [8] Undefined index: commission D:\wamp\www\wisdom\App\Api\Controller\ApiController.class.php 第 2236 行.
NOTIC: [8] Undefined index: agents_commission D:\wamp\www\wisdom\App\Api\Controller\ApiController.class.php 第 2237 行.
NOTIC: [8] Undefined index: shuiw_commission D:\wamp\www\wisdom\App\Api\Controller\ApiController.class.php 第 2238 行.
NOTIC: [8] Undefined index: shangw_commission D:\wamp\www\wisdom\App\Api\Controller\ApiController.class.php 第 2239 行.
NOTIC: [8] Undefined index: tuig_commission D:\wamp\www\wisdom\App\Api\Controller\ApiController.class.php 第 2240 行.
NOTIC: [8] Undefined index: piny_commission D:\wamp\www\wisdom\App\Api\Controller\ApiController.class.php 第 2241 行.
NOTIC: [8] Undefined index: whprovidetrial D:\wamp\www\wisdom\App\Api\Controller\ApiController.class.php 第 2242 行.
NOTIC: [8] Undefined index: trialnum D:\wamp\www\wisdom\App\Api\Controller\ApiController.class.php 第 2243 行.
NOTIC: [8] Undefined index: whpaid D:\wamp\www\wisdom\App\Api\Controller\ApiController.class.php 第 2244 行.
NOTIC: [8] Undefined index: trialprice D:\wamp\www\wisdom\App\Api\Controller\ApiController.class.php 第 2245 行.
SQL: SHOW COLUMNS FROM `t_taskmtbaseinfo` [ RunTime:0.0030s ]
SQL: INSERT INTO `t_action_log` (`f_userid`,`f_taskid`,`f_datetime`) VALUES ('10862','803','1457071750') [ RunTime:0.0020s ]
SQL: UPDATE `t_taskmtbaseinfo` SET `f_taskid`='803',`f_mtbrand`=NULL,`f_mtgoods`=NULL,`f_tradeid`=NULL,`f_unitfirstAmount`=NULL,`f_unitcashdeposit`=NULL,`f_unitfranchisefee`=NULL,`f_unitotheramount`=NULL,`f_unittotalamount`=NULL,`f_unitcommission`=NULL,`f_unitpreownedgold`=NULL,`f_shuiw_commission`=NULL,`f_shangw_commission`=NULL,`f_tuig_commission`=NULL,`f_piny_commission`=NULL,`f_tryout`=NULL,`f_tryoutnumber`=NULL,`f_payment`=NULL,`f_paymentmoney`=NULL WHERE ( f_indexid=500 ) [ RunTime:0.0020s ]
NOTIC: [8] Undefined index: eachscore D:\wamp\www\wisdom\App\Api\Controller\ApiController.class.php 第 3104 行.
NOTIC: [8] Undefined index: total_commisson D:\wamp\www\wisdom\App\Api\Controller\ApiController.class.php 第 3107 行.
SQL: SHOW COLUMNS FROM `t_tasksmallinfo` [ RunTime:0.0030s ]
SQL: UPDATE `t_tasksmallinfo` SET `f_taskid`='803',`f_totalcopies`='100',`f_eachcoin`='1',`f_eachscore`='3',`f_drawcopies`='0',`f_taskrequirements`='<p><br/></p><p><br/></p><p>0...</p>',`f_total_commisson`=NULL WHERE ( f_indexid=500 ) [ RunTime:0.0020s ]
INFO: [ app_end ] --START--
INFO: Run Behavior\ShowPageTraceBehavior [ RunTime:0.001000s ]
INFO: [ app_end ] --END-- [ RunTime:0.002000s ]

[ 2016-03-04T14:47:57+08:00 ] ::1 /wisdom/index.php/Api/Api/inport
INFO: [ app_init ] --START--
INFO: Run Behavior\BuildLiteBehavior [ RunTime:0.000000s ]
INFO: [ app_init ] --END-- [ RunTime:0.001000s ]
INFO: [ app_begin ] --START--
INFO: Run Behavior\ReadHtmlCacheBehavior [ RunTime:0.001000s ]
INFO: [ app_begin ] --END-- [ RunTime:0.001000s ]
INFO: [ app_end ] --START--
INFO: Run Behavior\ShowPageTraceBehavior [ RunTime:0.001000s ]
INFO: [ app_end ] --END-- [ RunTime:0.001000s ]

[ 2016-03-04T14:47:57+08:00 ] ::1 /wisdom/index.php/Api/Api/inport
INFO: [ app_init ] --START--
INFO: Run Behavior\BuildLiteBehavior [ RunTime:0.000000s ]
INFO: [ app_init ] --END-- [ RunTime:0.001000s ]
INFO: [ app_begin ] --START--
INFO: Run Behavior\ReadHtmlCacheBehavior [ RunTime:0.001000s ]
INFO: [ app_begin ] --END-- [ RunTime:0.001000s ]
INFO: [ app_end ] --START--
INFO: Run Behavior\ShowPageTraceBehavior [ RunTime:0.001000s ]
INFO: [ app_end ] --END-- [ RunTime:0.001000s ]

[ 2016-03-04T14:47:57+08:00 ] ::1 /wisdom/index.php/Api/web/getTaskList
INFO: [ app_init ] --START--
INFO: Run Behavior\BuildLiteBehavior [ RunTime:0.000000s ]
INFO: [ app_init ] --END-- [ RunTime:0.003000s ]
INFO: [ app_begin ] --START--
INFO: Run Behavior\ReadHtmlCacheBehavior [ RunTime:0.002000s ]
INFO: [ app_begin ] --END-- [ RunTime:0.004000s ]
NOTIC: [8] Undefined index: page D:\wamp\www\wisdom\App\Api\Controller\WebController.class.php 第 142 行.
SQL: SHOW COLUMNS FROM `t_tasktype` [ RunTime:0.0030s ]
SQL: SELECT `F_TYPEID` FROM `t_tasktype` WHERE ( F_PARENTID=3 )  [ RunTime:0.0030s ]
SQL: SHOW COLUMNS FROM `t_task` [ RunTime:0.0030s ]
SQL: SHOW COLUMNS FROM `t_task` [ RunTime:0.0040s ]
SQL: SELECT COUNT(*) AS tp_count FROM `t_task` WHERE `f_companyid` = '1002' AND `f_status` <> 0 AND `f_tasktypeid` IN ('3') LIMIT 1   [ RunTime:0.0030s ]
SQL: UPDATE `t_task` SET `f_status`='4' WHERE `f_enddate` < '2016-03-04' AND `f_companyid` = '1002' AND `f_tasktypeid` = 3 AND `f_status` <> 0 [ RunTime:0.0020s ]
SQL: SELECT `f_tasktypeid`,`f_tid`,`f_surveno`,`f_title`,`f_creatdate`,`f_companyid`,`f_creatuserid`,`f_description`,`f_begindate`,`f_enddate`,`f_status`,`f_typename`,`f_linkman`,`f_linkphone`,`f_mtbrand`,`f_mtgoods`,`f_unitfirstAmount`,`f_unitcashdeposit`,`f_unitfranchisefee`,`f_unitotheramount`,`f_unittotalamount`,`f_tradename`,`f_hometask` FROM `t_task` LEFT JOIN t_taskmtbaseinfo ON t_taskmtbaseinfo.f_taskid = t_task.f_tid LEFT JOIN t_taskmtdetailedinfo ON t_taskmtdetailedinfo.f_taskid = t_task.f_tid LEFT JOIN t_taskmtattach ON t_taskmtattach.f_taskid = t_task.f_tid LEFT JOIN t_tasktype ON t_tasktype.f_typeid = t_task.f_tasktypeid LEFT JOIN t_tradetype ON t_tradetype.f_tradeID = t_taskmtbaseinfo.f_tradeid  WHERE `f_tasktypeid` IN ('3') AND `f_companyid` = '1002' AND `f_status` <> 0 ORDER BY f_hometask desc,f_creatdate desc LIMIT 0,18   [ RunTime:0.0040s ]
INFO: [ app_end ] --START--
INFO: Run Behavior\ShowPageTraceBehavior [ RunTime:0.003000s ]
INFO: [ app_end ] --END-- [ RunTime:0.003000s ]

[ 2016-03-04T15:33:38+08:00 ] ::1 /wisdom/index.php/Api/web/getTaskList
INFO: [ app_init ] --START--
INFO: Run Behavior\BuildLiteBehavior [ RunTime:0.000000s ]
INFO: [ app_init ] --END-- [ RunTime:0.002000s ]
INFO: [ app_begin ] --START--
INFO: Run Behavior\ReadHtmlCacheBehavior [ RunTime:0.009000s ]
INFO: [ app_begin ] --END-- [ RunTime:0.010000s ]
NOTIC: [8] Undefined index: page D:\wamp\www\wisdom\App\Api\Controller\WebController.class.php 第 142 行.
SQL: SHOW COLUMNS FROM `t_tasktype` [ RunTime:0.0040s ]
SQL: SELECT `F_TYPEID` FROM `t_tasktype` WHERE ( F_PARENTID=3 )  [ RunTime:0.0030s ]
SQL: SHOW COLUMNS FROM `t_task` [ RunTime:0.0040s ]
SQL: SHOW COLUMNS FROM `t_task` [ RunTime:0.0030s ]
SQL: SELECT COUNT(*) AS tp_count FROM `t_task` WHERE `f_companyid` = '1002' AND `f_status` <> 0 AND `f_tasktypeid` IN ('3') LIMIT 1   [ RunTime:0.0030s ]
SQL: UPDATE `t_task` SET `f_status`='4' WHERE `f_enddate` < '2016-03-04' AND `f_companyid` = '1002' AND `f_tasktypeid` = 3 AND `f_status` <> 0 [ RunTime:0.0030s ]
SQL: SELECT `f_tasktypeid`,`f_tid`,`f_surveno`,`f_title`,`f_creatdate`,`f_companyid`,`f_creatuserid`,`f_description`,`f_begindate`,`f_enddate`,`f_status`,`f_typename`,`f_linkman`,`f_linkphone`,`f_mtbrand`,`f_mtgoods`,`f_unitfirstAmount`,`f_unitcashdeposit`,`f_unitfranchisefee`,`f_unitotheramount`,`f_unittotalamount`,`f_tradename`,`f_hometask` FROM `t_task` LEFT JOIN t_taskmtbaseinfo ON t_taskmtbaseinfo.f_taskid = t_task.f_tid LEFT JOIN t_taskmtdetailedinfo ON t_taskmtdetailedinfo.f_taskid = t_task.f_tid LEFT JOIN t_taskmtattach ON t_taskmtattach.f_taskid = t_task.f_tid LEFT JOIN t_tasktype ON t_tasktype.f_typeid = t_task.f_tasktypeid LEFT JOIN t_tradetype ON t_tradetype.f_tradeID = t_taskmtbaseinfo.f_tradeid  WHERE `f_tasktypeid` IN ('3') AND `f_companyid` = '1002' AND `f_status` <> 0 ORDER BY f_hometask desc,f_creatdate desc LIMIT 0,18   [ RunTime:0.0040s ]
INFO: [ app_end ] --START--
INFO: Run Behavior\ShowPageTraceBehavior [ RunTime:0.005000s ]
INFO: [ app_end ] --END-- [ RunTime:0.005000s ]

[ 2016-03-04T15:33:43+08:00 ] ::1 /wisdom/index.php/Api/Api/inport?command=getArea&taskid=0
INFO: [ app_init ] --START--
INFO: Run Behavior\BuildLiteBehavior [ RunTime:0.000000s ]
INFO: [ app_init ] --END-- [ RunTime:0.002000s ]
INFO: [ app_begin ] --START--
INFO: Run Behavior\ReadHtmlCacheBehavior [ RunTime:0.003000s ]
INFO: [ app_begin ] --END-- [ RunTime:0.003000s ]
SQL: SHOW COLUMNS FROM `t_task` [ RunTime:0.0030s ]
SQL: SHOW COLUMNS FROM `t_taskmtareaqty` [ RunTime:0.0040s ]
SQL: SELECT * FROM `t_taskmtareaqty` WHERE ( f_taskid=0 )  [ RunTime:0.0020s ]
INFO: [ app_end ] --START--
INFO: Run Behavior\ShowPageTraceBehavior [ RunTime:0.002000s ]
INFO: [ app_end ] --END-- [ RunTime:0.003000s ]

[ 2016-03-04T15:33:43+08:00 ] ::1 /wisdom/index.php/Api/Api/inport?command=getPro&taskid=0
INFO: [ app_init ] --START--
INFO: Run Behavior\BuildLiteBehavior [ RunTime:0.000000s ]
INFO: [ app_init ] --END-- [ RunTime:0.002000s ]
INFO: [ app_begin ] --START--
INFO: Run Behavior\ReadHtmlCacheBehavior [ RunTime:0.003000s ]
INFO: [ app_begin ] --END-- [ RunTime:0.003000s ]
SQL: SHOW COLUMNS FROM `t_task` [ RunTime:0.0030s ]
SQL: SHOW COLUMNS FROM `t_taskmtgoodsdetail` [ RunTime:0.0030s ]
SQL: SELECT * FROM `t_taskmtgoodsdetail` WHERE ( f_taskid=0 )  [ RunTime:0.0020s ]
INFO: [ app_end ] --START--
INFO: Run Behavior\ShowPageTraceBehavior [ RunTime:0.005000s ]
INFO: [ app_end ] --END-- [ RunTime:0.006000s ]

[ 2016-03-04T15:33:52+08:00 ] ::1 /wisdom/index.php/Api/Web/getproList
INFO: [ app_init ] --START--
INFO: Run Behavior\BuildLiteBehavior [ RunTime:0.000000s ]
INFO: [ app_init ] --END-- [ RunTime:0.002000s ]
INFO: [ app_begin ] --START--
INFO: Run Behavior\ReadHtmlCacheBehavior [ RunTime:0.005000s ]
INFO: [ app_begin ] --END-- [ RunTime:0.005000s ]
NOTIC: [8] Undefined index: page D:\wamp\www\wisdom\App\Api\Controller\WebController.class.php 第 72 行.
SQL: SHOW COLUMNS FROM `t_tasktype` [ RunTime:0.0040s ]
SQL: SELECT `F_TYPEID` FROM `t_tasktype` WHERE ( F_PARENTID=0 )  [ RunTime:0.0020s ]
SQL: SHOW COLUMNS FROM `t_task` [ RunTime:0.0050s ]
SQL: SELECT COUNT(*) AS tp_count FROM `t_task` LEFT JOIN t_tasksmallinfo ON t_tasksmallinfo.f_taskid = t_task.f_tid  WHERE `f_tasktypeid` IN ('1','2','4','5','6','7') AND `f_companyid` = '1002' AND `f_status` <> 0 LIMIT 1   [ RunTime:0.0140s ]
SQL: SELECT `f_tid`,`f_surveno`,`f_title`,`f_enddate`,`f_status`,`f_creatdate`,`f_eachcoin`,`f_totalcopies`,`f_tasktypeid` FROM `t_task` LEFT JOIN t_tasksmallinfo ON t_tasksmallinfo.f_taskid = t_task.f_tid  WHERE `f_tasktypeid` IN ('1','2','4','5','6','7') AND `f_companyid` = '1002' AND `f_status` <> 0 ORDER BY f_creatdate desc LIMIT 0,10   [ RunTime:0.0040s ]
SQL: SHOW COLUMNS FROM `t_shopsheet` [ RunTime:0.0040s ]
SQL: SELECT COUNT(*) AS tp_count FROM `t_shopsheet` WHERE `f_taskid` = 803 AND `f_shopingtype` = 1 AND `f_amount` <> 0 AND `f_label` = 'task' LIMIT 1   [ RunTime:0.0030s ]
INFO: [ app_end ] --START--
INFO: Run Behavior\ShowPageTraceBehavior [ RunTime:0.008000s ]
INFO: [ app_end ] --END-- [ RunTime:0.009000s ]

[ 2016-03-04T16:17:06+08:00 ] ::1 /wisdom/index.php/Api/Web/getproList
INFO: [ app_init ] --START--
INFO: Run Behavior\BuildLiteBehavior [ RunTime:0.000000s ]
INFO: [ app_init ] --END-- [ RunTime:0.007000s ]
INFO: [ app_begin ] --START--
INFO: Run Behavior\ReadHtmlCacheBehavior [ RunTime:0.004000s ]
INFO: [ app_begin ] --END-- [ RunTime:0.005000s ]
NOTIC: [8] Undefined index: page D:\wamp\www\wisdom\App\Api\Controller\WebController.class.php 第 72 行.
SQL: SHOW COLUMNS FROM `t_tasktype` [ RunTime:0.0040s ]
SQL: SELECT `F_TYPEID` FROM `t_tasktype` WHERE ( F_PARENTID=0 )  [ RunTime:0.0030s ]
SQL: SHOW COLUMNS FROM `t_task` [ RunTime:0.0040s ]
SQL: SELECT COUNT(*) AS tp_count FROM `t_task` LEFT JOIN t_tasksmallinfo ON t_tasksmallinfo.f_taskid = t_task.f_tid  WHERE `f_tasktypeid` IN ('1','2','4','5','6','7') AND `f_companyid` = '1002' AND `f_status` <> 0 LIMIT 1   [ RunTime:0.0030s ]
SQL: SELECT `f_tid`,`f_surveno`,`f_title`,`f_enddate`,`f_status`,`f_creatdate`,`f_eachcoin`,`f_totalcopies`,`f_tasktypeid` FROM `t_task` LEFT JOIN t_tasksmallinfo ON t_tasksmallinfo.f_taskid = t_task.f_tid  WHERE `f_tasktypeid` IN ('1','2','4','5','6','7') AND `f_companyid` = '1002' AND `f_status` <> 0 ORDER BY f_creatdate desc LIMIT 0,10   [ RunTime:0.0040s ]
SQL: SHOW COLUMNS FROM `t_shopsheet` [ RunTime:0.0040s ]
SQL: SELECT COUNT(*) AS tp_count FROM `t_shopsheet` WHERE `f_taskid` = 803 AND `f_shopingtype` = 1 AND `f_amount` <> 0 AND `f_label` = 'task' LIMIT 1   [ RunTime:0.0020s ]
INFO: [ app_end ] --START--
INFO: Run Behavior\ShowPageTraceBehavior [ RunTime:0.006001s ]
INFO: [ app_end ] --END-- [ RunTime:0.007001s ]

[ 2016-03-04T16:17:12+08:00 ] ::1 /wisdom/index.php/Api/Api/inport
INFO: [ app_init ] --START--
INFO: Run Behavior\BuildLiteBehavior [ RunTime:0.000000s ]
INFO: [ app_init ] --END-- [ RunTime:0.001000s ]
INFO: [ app_begin ] --START--
INFO: Run Behavior\ReadHtmlCacheBehavior [ RunTime:0.001000s ]
INFO: [ app_begin ] --END-- [ RunTime:0.001000s ]
SQL: SHOW COLUMNS FROM `t_task` [ RunTime:0.0030s ]
SQL: SHOW COLUMNS FROM `t_task` [ RunTime:0.0040s ]
SQL: UPDATE `t_task` SET `f_creatuserid`='0',`f_paletid`=NULL,`f_companyid`='1002',`f_tasktypeid`='4',`f_title`='h',`f_fileid`='11109',`f_fileid_ban`='0',`f_begindate`='2016-03-09',`f_enddate`='2016-03-15',`f_linkman`='h',`f_linkphone`='17757128602',`f_harder`='0',`f_status`='6',`f_description`='00' WHERE ( f_tid=803 ) [ RunTime:0.0020s ]
SQL: SHOW COLUMNS FROM `t_action_log` [ RunTime:0.0030s ]
SQL: INSERT INTO `t_action_log` (`f_userid`,`f_taskid`,`f_datetime`,`f_action`) VALUES ('10862','803','1457079432','随手赚编辑第一步') [ RunTime:0.0020s ]
NOTIC: [8] Undefined index: mtbrand D:\wamp\www\wisdom\App\Api\Controller\ApiController.class.php 第 2228 行.
NOTIC: [8] Undefined index: mtgoods D:\wamp\www\wisdom\App\Api\Controller\ApiController.class.php 第 2229 行.
NOTIC: [8] Undefined index: tradeid D:\wamp\www\wisdom\App\Api\Controller\ApiController.class.php 第 2230 行.
NOTIC: [8] Undefined index: payment D:\wamp\www\wisdom\App\Api\Controller\ApiController.class.php 第 2231 行.
NOTIC: [8] Undefined index: bond D:\wamp\www\wisdom\App\Api\Controller\ApiController.class.php 第 2232 行.
NOTIC: [8] Undefined index: franchise D:\wamp\www\wisdom\App\Api\Controller\ApiController.class.php 第 2233 行.
NOTIC: [8] Undefined index: otherprice D:\wamp\www\wisdom\App\Api\Controller\ApiController.class.php 第 2234 行.
NOTIC: [8] Undefined index: pricesum D:\wamp\www\wisdom\App\Api\Controller\ApiController.class.php 第 2235 行.
NOTIC: [8] Undefined index: commission D:\wamp\www\wisdom\App\Api\Controller\ApiController.class.php 第 2236 行.
NOTIC: [8] Undefined index: agents_commission D:\wamp\www\wisdom\App\Api\Controller\ApiController.class.php 第 2237 行.
NOTIC: [8] Undefined index: shuiw_commission D:\wamp\www\wisdom\App\Api\Controller\ApiController.class.php 第 2238 行.
NOTIC: [8] Undefined index: shangw_commission D:\wamp\www\wisdom\App\Api\Controller\ApiController.class.php 第 2239 行.
NOTIC: [8] Undefined index: tuig_commission D:\wamp\www\wisdom\App\Api\Controller\ApiController.class.php 第 2240 行.
NOTIC: [8] Undefined index: piny_commission D:\wamp\www\wisdom\App\Api\Controller\ApiController.class.php 第 2241 行.
NOTIC: [8] Undefined index: whprovidetrial D:\wamp\www\wisdom\App\Api\Controller\ApiController.class.php 第 2242 行.
NOTIC: [8] Undefined index: trialnum D:\wamp\www\wisdom\App\Api\Controller\ApiController.class.php 第 2243 行.
NOTIC: [8] Undefined index: whpaid D:\wamp\www\wisdom\App\Api\Controller\ApiController.class.php 第 2244 行.
NOTIC: [8] Undefined index: trialprice D:\wamp\www\wisdom\App\Api\Controller\ApiController.class.php 第 2245 行.
SQL: SHOW COLUMNS FROM `t_taskmtbaseinfo` [ RunTime:0.0030s ]
SQL: INSERT INTO `t_action_log` (`f_userid`,`f_taskid`,`f_datetime`) VALUES ('10862','803','1457079432') [ RunTime:0.0020s ]
SQL: UPDATE `t_taskmtbaseinfo` SET `f_taskid`='803',`f_mtbrand`=NULL,`f_mtgoods`=NULL,`f_tradeid`=NULL,`f_unitfirstAmount`=NULL,`f_unitcashdeposit`=NULL,`f_unitfranchisefee`=NULL,`f_unitotheramount`=NULL,`f_unittotalamount`=NULL,`f_unitcommission`=NULL,`f_unitpreownedgold`=NULL,`f_shuiw_commission`=NULL,`f_shangw_commission`=NULL,`f_tuig_commission`=NULL,`f_piny_commission`=NULL,`f_tryout`=NULL,`f_tryoutnumber`=NULL,`f_payment`=NULL,`f_paymentmoney`=NULL WHERE ( f_indexid=500 ) [ RunTime:0.0020s ]
NOTIC: [8] Undefined index: eachscore D:\wamp\www\wisdom\App\Api\Controller\ApiController.class.php 第 3104 行.
NOTIC: [8] Undefined index: total_commisson D:\wamp\www\wisdom\App\Api\Controller\ApiController.class.php 第 3107 行.
SQL: SHOW COLUMNS FROM `t_tasksmallinfo` [ RunTime:0.0030s ]
SQL: UPDATE `t_tasksmallinfo` SET `f_taskid`='803',`f_totalcopies`='100',`f_eachcoin`='1',`f_eachscore`='3',`f_drawcopies`='0',`f_taskrequirements`='<p><br/></p><p><br/></p><p><br/></p><p>0...</p>',`f_total_commisson`=NULL WHERE ( f_indexid=500 ) [ RunTime:0.0030s ]
INFO: [ app_end ] --START--
INFO: Run Behavior\ShowPageTraceBehavior [ RunTime:0.003000s ]
INFO: [ app_end ] --END-- [ RunTime:0.003000s ]

